[2023-11-25T10:23:17.402+0000] {processor.py:157} INFO - Started process (PID=36) to work on /home/airflow/.local/lib/python3.8/site-packages/airflow/example_dags/example_task_group_decorator.py
[2023-11-25T10:23:17.403+0000] {processor.py:829} INFO - Processing file /home/airflow/.local/lib/python3.8/site-packages/airflow/example_dags/example_task_group_decorator.py for tasks to queue
[2023-11-25T10:23:17.406+0000] {logging_mixin.py:154} INFO - [2023-11-25T10:23:17.406+0000] {dagbag.py:536} INFO - Filling up the DagBag from /home/airflow/.local/lib/python3.8/site-packages/airflow/example_dags/example_task_group_decorator.py
[2023-11-25T10:23:17.430+0000] {processor.py:839} INFO - DAG(s) dict_keys(['example_task_group_decorator']) retrieved from /home/airflow/.local/lib/python3.8/site-packages/airflow/example_dags/example_task_group_decorator.py
[2023-11-25T10:23:17.500+0000] {logging_mixin.py:154} INFO - [2023-11-25T10:23:17.499+0000] {dag.py:2941} INFO - Sync 1 DAGs
[2023-11-25T10:23:17.539+0000] {logging_mixin.py:154} INFO - [2023-11-25T10:23:17.539+0000] {dag.py:3722} INFO - Setting next_dagrun for example_task_group_decorator to 2023-11-24T10:23:17.538688+00:00, run_after=2023-11-25T10:23:17.538688+00:00
[2023-11-25T10:23:17.570+0000] {processor.py:179} INFO - Processing /home/airflow/.local/lib/python3.8/site-packages/airflow/example_dags/example_task_group_decorator.py took 0.171 seconds
[2023-11-25T10:23:47.881+0000] {processor.py:157} INFO - Started process (PID=90) to work on /home/airflow/.local/lib/python3.8/site-packages/airflow/example_dags/example_task_group_decorator.py
[2023-11-25T10:23:47.882+0000] {processor.py:829} INFO - Processing file /home/airflow/.local/lib/python3.8/site-packages/airflow/example_dags/example_task_group_decorator.py for tasks to queue
[2023-11-25T10:23:47.885+0000] {logging_mixin.py:154} INFO - [2023-11-25T10:23:47.884+0000] {dagbag.py:536} INFO - Filling up the DagBag from /home/airflow/.local/lib/python3.8/site-packages/airflow/example_dags/example_task_group_decorator.py
[2023-11-25T10:23:47.904+0000] {processor.py:839} INFO - DAG(s) dict_keys(['example_task_group_decorator']) retrieved from /home/airflow/.local/lib/python3.8/site-packages/airflow/example_dags/example_task_group_decorator.py
[2023-11-25T10:23:47.932+0000] {logging_mixin.py:154} INFO - [2023-11-25T10:23:47.932+0000] {dag.py:2941} INFO - Sync 1 DAGs
[2023-11-25T10:23:47.954+0000] {logging_mixin.py:154} INFO - [2023-11-25T10:23:47.953+0000] {dag.py:3722} INFO - Setting next_dagrun for example_task_group_decorator to 2023-11-24T10:23:47.953660+00:00, run_after=2023-11-25T10:23:47.953660+00:00
[2023-11-25T10:23:47.975+0000] {processor.py:179} INFO - Processing /home/airflow/.local/lib/python3.8/site-packages/airflow/example_dags/example_task_group_decorator.py took 0.097 seconds
[2023-11-25T10:24:18.765+0000] {processor.py:157} INFO - Started process (PID=144) to work on /home/airflow/.local/lib/python3.8/site-packages/airflow/example_dags/example_task_group_decorator.py
[2023-11-25T10:24:18.766+0000] {processor.py:829} INFO - Processing file /home/airflow/.local/lib/python3.8/site-packages/airflow/example_dags/example_task_group_decorator.py for tasks to queue
[2023-11-25T10:24:18.768+0000] {logging_mixin.py:154} INFO - [2023-11-25T10:24:18.768+0000] {dagbag.py:536} INFO - Filling up the DagBag from /home/airflow/.local/lib/python3.8/site-packages/airflow/example_dags/example_task_group_decorator.py
[2023-11-25T10:24:18.785+0000] {processor.py:839} INFO - DAG(s) dict_keys(['example_task_group_decorator']) retrieved from /home/airflow/.local/lib/python3.8/site-packages/airflow/example_dags/example_task_group_decorator.py
[2023-11-25T10:24:18.815+0000] {logging_mixin.py:154} INFO - [2023-11-25T10:24:18.815+0000] {dag.py:2941} INFO - Sync 1 DAGs
[2023-11-25T10:24:18.840+0000] {logging_mixin.py:154} INFO - [2023-11-25T10:24:18.839+0000] {dag.py:3722} INFO - Setting next_dagrun for example_task_group_decorator to 2023-11-24T10:24:18.839689+00:00, run_after=2023-11-25T10:24:18.839689+00:00
[2023-11-25T10:24:18.881+0000] {processor.py:179} INFO - Processing /home/airflow/.local/lib/python3.8/site-packages/airflow/example_dags/example_task_group_decorator.py took 0.120 seconds
[2023-11-25T10:24:48.964+0000] {processor.py:157} INFO - Started process (PID=198) to work on /home/airflow/.local/lib/python3.8/site-packages/airflow/example_dags/example_task_group_decorator.py
[2023-11-25T10:24:48.965+0000] {processor.py:829} INFO - Processing file /home/airflow/.local/lib/python3.8/site-packages/airflow/example_dags/example_task_group_decorator.py for tasks to queue
[2023-11-25T10:24:48.967+0000] {logging_mixin.py:154} INFO - [2023-11-25T10:24:48.967+0000] {dagbag.py:536} INFO - Filling up the DagBag from /home/airflow/.local/lib/python3.8/site-packages/airflow/example_dags/example_task_group_decorator.py
[2023-11-25T10:24:48.979+0000] {processor.py:839} INFO - DAG(s) dict_keys(['example_task_group_decorator']) retrieved from /home/airflow/.local/lib/python3.8/site-packages/airflow/example_dags/example_task_group_decorator.py
[2023-11-25T10:24:49.002+0000] {logging_mixin.py:154} INFO - [2023-11-25T10:24:49.002+0000] {dag.py:2941} INFO - Sync 1 DAGs
[2023-11-25T10:24:49.021+0000] {logging_mixin.py:154} INFO - [2023-11-25T10:24:49.021+0000] {dag.py:3722} INFO - Setting next_dagrun for example_task_group_decorator to 2023-11-24T10:24:49.021500+00:00, run_after=2023-11-25T10:24:49.021500+00:00
[2023-11-25T10:24:49.050+0000] {processor.py:179} INFO - Processing /home/airflow/.local/lib/python3.8/site-packages/airflow/example_dags/example_task_group_decorator.py took 0.089 seconds
[2023-11-25T10:25:19.401+0000] {processor.py:157} INFO - Started process (PID=252) to work on /home/airflow/.local/lib/python3.8/site-packages/airflow/example_dags/example_task_group_decorator.py
[2023-11-25T10:25:19.403+0000] {processor.py:829} INFO - Processing file /home/airflow/.local/lib/python3.8/site-packages/airflow/example_dags/example_task_group_decorator.py for tasks to queue
[2023-11-25T10:25:19.405+0000] {logging_mixin.py:154} INFO - [2023-11-25T10:25:19.405+0000] {dagbag.py:536} INFO - Filling up the DagBag from /home/airflow/.local/lib/python3.8/site-packages/airflow/example_dags/example_task_group_decorator.py
[2023-11-25T10:25:19.429+0000] {processor.py:839} INFO - DAG(s) dict_keys(['example_task_group_decorator']) retrieved from /home/airflow/.local/lib/python3.8/site-packages/airflow/example_dags/example_task_group_decorator.py
[2023-11-25T10:25:19.460+0000] {logging_mixin.py:154} INFO - [2023-11-25T10:25:19.460+0000] {dag.py:2941} INFO - Sync 1 DAGs
[2023-11-25T10:25:19.490+0000] {logging_mixin.py:154} INFO - [2023-11-25T10:25:19.489+0000] {dag.py:3722} INFO - Setting next_dagrun for example_task_group_decorator to 2023-11-24T10:25:19.489548+00:00, run_after=2023-11-25T10:25:19.489548+00:00
[2023-11-25T10:25:19.517+0000] {processor.py:179} INFO - Processing /home/airflow/.local/lib/python3.8/site-packages/airflow/example_dags/example_task_group_decorator.py took 0.121 seconds
[2023-11-25T10:25:50.227+0000] {processor.py:157} INFO - Started process (PID=306) to work on /home/airflow/.local/lib/python3.8/site-packages/airflow/example_dags/example_task_group_decorator.py
[2023-11-25T10:25:50.228+0000] {processor.py:829} INFO - Processing file /home/airflow/.local/lib/python3.8/site-packages/airflow/example_dags/example_task_group_decorator.py for tasks to queue
[2023-11-25T10:25:50.231+0000] {logging_mixin.py:154} INFO - [2023-11-25T10:25:50.230+0000] {dagbag.py:536} INFO - Filling up the DagBag from /home/airflow/.local/lib/python3.8/site-packages/airflow/example_dags/example_task_group_decorator.py
[2023-11-25T10:25:50.251+0000] {processor.py:839} INFO - DAG(s) dict_keys(['example_task_group_decorator']) retrieved from /home/airflow/.local/lib/python3.8/site-packages/airflow/example_dags/example_task_group_decorator.py
[2023-11-25T10:25:50.281+0000] {logging_mixin.py:154} INFO - [2023-11-25T10:25:50.281+0000] {dag.py:2941} INFO - Sync 1 DAGs
[2023-11-25T10:25:50.311+0000] {logging_mixin.py:154} INFO - [2023-11-25T10:25:50.311+0000] {dag.py:3722} INFO - Setting next_dagrun for example_task_group_decorator to 2023-11-24T10:25:50.310714+00:00, run_after=2023-11-25T10:25:50.310714+00:00
[2023-11-25T10:25:50.334+0000] {processor.py:179} INFO - Processing /home/airflow/.local/lib/python3.8/site-packages/airflow/example_dags/example_task_group_decorator.py took 0.110 seconds
[2023-11-25T10:26:20.571+0000] {processor.py:157} INFO - Started process (PID=360) to work on /home/airflow/.local/lib/python3.8/site-packages/airflow/example_dags/example_task_group_decorator.py
[2023-11-25T10:26:20.572+0000] {processor.py:829} INFO - Processing file /home/airflow/.local/lib/python3.8/site-packages/airflow/example_dags/example_task_group_decorator.py for tasks to queue
[2023-11-25T10:26:20.574+0000] {logging_mixin.py:154} INFO - [2023-11-25T10:26:20.574+0000] {dagbag.py:536} INFO - Filling up the DagBag from /home/airflow/.local/lib/python3.8/site-packages/airflow/example_dags/example_task_group_decorator.py
[2023-11-25T10:26:20.602+0000] {processor.py:839} INFO - DAG(s) dict_keys(['example_task_group_decorator']) retrieved from /home/airflow/.local/lib/python3.8/site-packages/airflow/example_dags/example_task_group_decorator.py
[2023-11-25T10:26:20.633+0000] {logging_mixin.py:154} INFO - [2023-11-25T10:26:20.633+0000] {dag.py:2941} INFO - Sync 1 DAGs
[2023-11-25T10:26:20.663+0000] {logging_mixin.py:154} INFO - [2023-11-25T10:26:20.663+0000] {dag.py:3722} INFO - Setting next_dagrun for example_task_group_decorator to 2023-11-24T10:26:20.662757+00:00, run_after=2023-11-25T10:26:20.662757+00:00
[2023-11-25T10:26:20.685+0000] {processor.py:179} INFO - Processing /home/airflow/.local/lib/python3.8/site-packages/airflow/example_dags/example_task_group_decorator.py took 0.119 seconds
[2023-11-25T10:26:51.201+0000] {processor.py:157} INFO - Started process (PID=414) to work on /home/airflow/.local/lib/python3.8/site-packages/airflow/example_dags/example_task_group_decorator.py
[2023-11-25T10:26:51.204+0000] {processor.py:829} INFO - Processing file /home/airflow/.local/lib/python3.8/site-packages/airflow/example_dags/example_task_group_decorator.py for tasks to queue
[2023-11-25T10:26:51.206+0000] {logging_mixin.py:154} INFO - [2023-11-25T10:26:51.206+0000] {dagbag.py:536} INFO - Filling up the DagBag from /home/airflow/.local/lib/python3.8/site-packages/airflow/example_dags/example_task_group_decorator.py
[2023-11-25T10:26:51.226+0000] {processor.py:839} INFO - DAG(s) dict_keys(['example_task_group_decorator']) retrieved from /home/airflow/.local/lib/python3.8/site-packages/airflow/example_dags/example_task_group_decorator.py
[2023-11-25T10:26:51.260+0000] {logging_mixin.py:154} INFO - [2023-11-25T10:26:51.260+0000] {dag.py:2941} INFO - Sync 1 DAGs
[2023-11-25T10:26:51.290+0000] {logging_mixin.py:154} INFO - [2023-11-25T10:26:51.289+0000] {dag.py:3722} INFO - Setting next_dagrun for example_task_group_decorator to 2023-11-24T10:26:51.289647+00:00, run_after=2023-11-25T10:26:51.289647+00:00
[2023-11-25T10:26:51.311+0000] {processor.py:179} INFO - Processing /home/airflow/.local/lib/python3.8/site-packages/airflow/example_dags/example_task_group_decorator.py took 0.114 seconds
[2023-11-25T10:27:22.026+0000] {processor.py:157} INFO - Started process (PID=468) to work on /home/airflow/.local/lib/python3.8/site-packages/airflow/example_dags/example_task_group_decorator.py
[2023-11-25T10:27:22.027+0000] {processor.py:829} INFO - Processing file /home/airflow/.local/lib/python3.8/site-packages/airflow/example_dags/example_task_group_decorator.py for tasks to queue
[2023-11-25T10:27:22.029+0000] {logging_mixin.py:154} INFO - [2023-11-25T10:27:22.029+0000] {dagbag.py:536} INFO - Filling up the DagBag from /home/airflow/.local/lib/python3.8/site-packages/airflow/example_dags/example_task_group_decorator.py
[2023-11-25T10:27:22.042+0000] {processor.py:839} INFO - DAG(s) dict_keys(['example_task_group_decorator']) retrieved from /home/airflow/.local/lib/python3.8/site-packages/airflow/example_dags/example_task_group_decorator.py
[2023-11-25T10:27:22.073+0000] {logging_mixin.py:154} INFO - [2023-11-25T10:27:22.073+0000] {dag.py:2941} INFO - Sync 1 DAGs
[2023-11-25T10:27:22.106+0000] {logging_mixin.py:154} INFO - [2023-11-25T10:27:22.106+0000] {dag.py:3722} INFO - Setting next_dagrun for example_task_group_decorator to 2023-11-24T10:27:22.106369+00:00, run_after=2023-11-25T10:27:22.106369+00:00
[2023-11-25T10:27:22.124+0000] {processor.py:179} INFO - Processing /home/airflow/.local/lib/python3.8/site-packages/airflow/example_dags/example_task_group_decorator.py took 0.102 seconds
[2023-11-25T10:27:52.336+0000] {processor.py:157} INFO - Started process (PID=521) to work on /home/airflow/.local/lib/python3.8/site-packages/airflow/example_dags/example_task_group_decorator.py
[2023-11-25T10:27:52.336+0000] {processor.py:829} INFO - Processing file /home/airflow/.local/lib/python3.8/site-packages/airflow/example_dags/example_task_group_decorator.py for tasks to queue
[2023-11-25T10:27:52.339+0000] {logging_mixin.py:154} INFO - [2023-11-25T10:27:52.339+0000] {dagbag.py:536} INFO - Filling up the DagBag from /home/airflow/.local/lib/python3.8/site-packages/airflow/example_dags/example_task_group_decorator.py
[2023-11-25T10:27:52.361+0000] {processor.py:839} INFO - DAG(s) dict_keys(['example_task_group_decorator']) retrieved from /home/airflow/.local/lib/python3.8/site-packages/airflow/example_dags/example_task_group_decorator.py
[2023-11-25T10:27:52.394+0000] {logging_mixin.py:154} INFO - [2023-11-25T10:27:52.394+0000] {dag.py:2941} INFO - Sync 1 DAGs
[2023-11-25T10:27:52.429+0000] {logging_mixin.py:154} INFO - [2023-11-25T10:27:52.429+0000] {dag.py:3722} INFO - Setting next_dagrun for example_task_group_decorator to 2023-11-24T10:27:52.429330+00:00, run_after=2023-11-25T10:27:52.429330+00:00
[2023-11-25T10:27:52.456+0000] {processor.py:179} INFO - Processing /home/airflow/.local/lib/python3.8/site-packages/airflow/example_dags/example_task_group_decorator.py took 0.124 seconds
[2023-11-25T10:28:22.810+0000] {processor.py:157} INFO - Started process (PID=575) to work on /home/airflow/.local/lib/python3.8/site-packages/airflow/example_dags/example_task_group_decorator.py
[2023-11-25T10:28:22.811+0000] {processor.py:829} INFO - Processing file /home/airflow/.local/lib/python3.8/site-packages/airflow/example_dags/example_task_group_decorator.py for tasks to queue
[2023-11-25T10:28:22.813+0000] {logging_mixin.py:154} INFO - [2023-11-25T10:28:22.813+0000] {dagbag.py:536} INFO - Filling up the DagBag from /home/airflow/.local/lib/python3.8/site-packages/airflow/example_dags/example_task_group_decorator.py
[2023-11-25T10:28:22.830+0000] {processor.py:839} INFO - DAG(s) dict_keys(['example_task_group_decorator']) retrieved from /home/airflow/.local/lib/python3.8/site-packages/airflow/example_dags/example_task_group_decorator.py
[2023-11-25T10:28:22.866+0000] {logging_mixin.py:154} INFO - [2023-11-25T10:28:22.865+0000] {dag.py:2941} INFO - Sync 1 DAGs
[2023-11-25T10:28:22.907+0000] {logging_mixin.py:154} INFO - [2023-11-25T10:28:22.907+0000] {dag.py:3722} INFO - Setting next_dagrun for example_task_group_decorator to 2023-11-24T10:28:22.907253+00:00, run_after=2023-11-25T10:28:22.907253+00:00
[2023-11-25T10:28:22.933+0000] {processor.py:179} INFO - Processing /home/airflow/.local/lib/python3.8/site-packages/airflow/example_dags/example_task_group_decorator.py took 0.126 seconds
[2023-11-25T10:28:53.167+0000] {processor.py:157} INFO - Started process (PID=628) to work on /home/airflow/.local/lib/python3.8/site-packages/airflow/example_dags/example_task_group_decorator.py
[2023-11-25T10:28:53.169+0000] {processor.py:829} INFO - Processing file /home/airflow/.local/lib/python3.8/site-packages/airflow/example_dags/example_task_group_decorator.py for tasks to queue
[2023-11-25T10:28:53.172+0000] {logging_mixin.py:154} INFO - [2023-11-25T10:28:53.171+0000] {dagbag.py:536} INFO - Filling up the DagBag from /home/airflow/.local/lib/python3.8/site-packages/airflow/example_dags/example_task_group_decorator.py
[2023-11-25T10:28:53.190+0000] {processor.py:839} INFO - DAG(s) dict_keys(['example_task_group_decorator']) retrieved from /home/airflow/.local/lib/python3.8/site-packages/airflow/example_dags/example_task_group_decorator.py
[2023-11-25T10:28:53.224+0000] {logging_mixin.py:154} INFO - [2023-11-25T10:28:53.224+0000] {dag.py:2941} INFO - Sync 1 DAGs
[2023-11-25T10:28:53.257+0000] {logging_mixin.py:154} INFO - [2023-11-25T10:28:53.257+0000] {dag.py:3722} INFO - Setting next_dagrun for example_task_group_decorator to 2023-11-24T10:28:53.257361+00:00, run_after=2023-11-25T10:28:53.257361+00:00
[2023-11-25T10:28:53.278+0000] {processor.py:179} INFO - Processing /home/airflow/.local/lib/python3.8/site-packages/airflow/example_dags/example_task_group_decorator.py took 0.114 seconds
[2023-11-25T10:29:23.604+0000] {processor.py:157} INFO - Started process (PID=682) to work on /home/airflow/.local/lib/python3.8/site-packages/airflow/example_dags/example_task_group_decorator.py
[2023-11-25T10:29:23.605+0000] {processor.py:829} INFO - Processing file /home/airflow/.local/lib/python3.8/site-packages/airflow/example_dags/example_task_group_decorator.py for tasks to queue
[2023-11-25T10:29:23.607+0000] {logging_mixin.py:154} INFO - [2023-11-25T10:29:23.606+0000] {dagbag.py:536} INFO - Filling up the DagBag from /home/airflow/.local/lib/python3.8/site-packages/airflow/example_dags/example_task_group_decorator.py
[2023-11-25T10:29:23.620+0000] {processor.py:839} INFO - DAG(s) dict_keys(['example_task_group_decorator']) retrieved from /home/airflow/.local/lib/python3.8/site-packages/airflow/example_dags/example_task_group_decorator.py
[2023-11-25T10:29:23.648+0000] {logging_mixin.py:154} INFO - [2023-11-25T10:29:23.648+0000] {dag.py:2941} INFO - Sync 1 DAGs
[2023-11-25T10:29:23.671+0000] {logging_mixin.py:154} INFO - [2023-11-25T10:29:23.671+0000] {dag.py:3722} INFO - Setting next_dagrun for example_task_group_decorator to 2023-11-24T10:29:23.671226+00:00, run_after=2023-11-25T10:29:23.671226+00:00
[2023-11-25T10:29:23.722+0000] {processor.py:179} INFO - Processing /home/airflow/.local/lib/python3.8/site-packages/airflow/example_dags/example_task_group_decorator.py took 0.122 seconds
[2023-11-25T10:29:53.835+0000] {processor.py:157} INFO - Started process (PID=737) to work on /home/airflow/.local/lib/python3.8/site-packages/airflow/example_dags/example_task_group_decorator.py
[2023-11-25T10:29:53.836+0000] {processor.py:829} INFO - Processing file /home/airflow/.local/lib/python3.8/site-packages/airflow/example_dags/example_task_group_decorator.py for tasks to queue
[2023-11-25T10:29:53.839+0000] {logging_mixin.py:154} INFO - [2023-11-25T10:29:53.838+0000] {dagbag.py:536} INFO - Filling up the DagBag from /home/airflow/.local/lib/python3.8/site-packages/airflow/example_dags/example_task_group_decorator.py
[2023-11-25T10:29:53.860+0000] {processor.py:839} INFO - DAG(s) dict_keys(['example_task_group_decorator']) retrieved from /home/airflow/.local/lib/python3.8/site-packages/airflow/example_dags/example_task_group_decorator.py
[2023-11-25T10:29:53.891+0000] {logging_mixin.py:154} INFO - [2023-11-25T10:29:53.891+0000] {dag.py:2941} INFO - Sync 1 DAGs
[2023-11-25T10:29:53.914+0000] {logging_mixin.py:154} INFO - [2023-11-25T10:29:53.913+0000] {dag.py:3722} INFO - Setting next_dagrun for example_task_group_decorator to 2023-11-24T10:29:53.913754+00:00, run_after=2023-11-25T10:29:53.913754+00:00
[2023-11-25T10:29:53.978+0000] {processor.py:179} INFO - Processing /home/airflow/.local/lib/python3.8/site-packages/airflow/example_dags/example_task_group_decorator.py took 0.147 seconds
[2023-11-25T10:30:24.804+0000] {processor.py:157} INFO - Started process (PID=790) to work on /home/airflow/.local/lib/python3.8/site-packages/airflow/example_dags/example_task_group_decorator.py
[2023-11-25T10:30:24.808+0000] {processor.py:829} INFO - Processing file /home/airflow/.local/lib/python3.8/site-packages/airflow/example_dags/example_task_group_decorator.py for tasks to queue
[2023-11-25T10:30:24.811+0000] {logging_mixin.py:154} INFO - [2023-11-25T10:30:24.810+0000] {dagbag.py:536} INFO - Filling up the DagBag from /home/airflow/.local/lib/python3.8/site-packages/airflow/example_dags/example_task_group_decorator.py
[2023-11-25T10:30:24.829+0000] {processor.py:839} INFO - DAG(s) dict_keys(['example_task_group_decorator']) retrieved from /home/airflow/.local/lib/python3.8/site-packages/airflow/example_dags/example_task_group_decorator.py
[2023-11-25T10:30:24.865+0000] {logging_mixin.py:154} INFO - [2023-11-25T10:30:24.865+0000] {dag.py:2941} INFO - Sync 1 DAGs
[2023-11-25T10:30:24.885+0000] {logging_mixin.py:154} INFO - [2023-11-25T10:30:24.885+0000] {dag.py:3722} INFO - Setting next_dagrun for example_task_group_decorator to 2023-11-24T10:30:24.884945+00:00, run_after=2023-11-25T10:30:24.884945+00:00
[2023-11-25T10:30:24.903+0000] {processor.py:179} INFO - Processing /home/airflow/.local/lib/python3.8/site-packages/airflow/example_dags/example_task_group_decorator.py took 0.107 seconds
[2023-11-25T10:30:55.394+0000] {processor.py:157} INFO - Started process (PID=844) to work on /home/airflow/.local/lib/python3.8/site-packages/airflow/example_dags/example_task_group_decorator.py
[2023-11-25T10:30:55.395+0000] {processor.py:829} INFO - Processing file /home/airflow/.local/lib/python3.8/site-packages/airflow/example_dags/example_task_group_decorator.py for tasks to queue
[2023-11-25T10:30:55.396+0000] {logging_mixin.py:154} INFO - [2023-11-25T10:30:55.396+0000] {dagbag.py:536} INFO - Filling up the DagBag from /home/airflow/.local/lib/python3.8/site-packages/airflow/example_dags/example_task_group_decorator.py
[2023-11-25T10:30:55.410+0000] {processor.py:839} INFO - DAG(s) dict_keys(['example_task_group_decorator']) retrieved from /home/airflow/.local/lib/python3.8/site-packages/airflow/example_dags/example_task_group_decorator.py
[2023-11-25T10:30:55.440+0000] {logging_mixin.py:154} INFO - [2023-11-25T10:30:55.440+0000] {dag.py:2941} INFO - Sync 1 DAGs
[2023-11-25T10:30:55.466+0000] {logging_mixin.py:154} INFO - [2023-11-25T10:30:55.466+0000] {dag.py:3722} INFO - Setting next_dagrun for example_task_group_decorator to 2023-11-24T10:30:55.466238+00:00, run_after=2023-11-25T10:30:55.466238+00:00
[2023-11-25T10:30:55.489+0000] {processor.py:179} INFO - Processing /home/airflow/.local/lib/python3.8/site-packages/airflow/example_dags/example_task_group_decorator.py took 0.098 seconds
[2023-11-25T10:31:25.999+0000] {processor.py:157} INFO - Started process (PID=898) to work on /home/airflow/.local/lib/python3.8/site-packages/airflow/example_dags/example_task_group_decorator.py
[2023-11-25T10:31:26.001+0000] {processor.py:829} INFO - Processing file /home/airflow/.local/lib/python3.8/site-packages/airflow/example_dags/example_task_group_decorator.py for tasks to queue
[2023-11-25T10:31:26.004+0000] {logging_mixin.py:154} INFO - [2023-11-25T10:31:26.004+0000] {dagbag.py:536} INFO - Filling up the DagBag from /home/airflow/.local/lib/python3.8/site-packages/airflow/example_dags/example_task_group_decorator.py
[2023-11-25T10:31:26.023+0000] {processor.py:839} INFO - DAG(s) dict_keys(['example_task_group_decorator']) retrieved from /home/airflow/.local/lib/python3.8/site-packages/airflow/example_dags/example_task_group_decorator.py
[2023-11-25T10:31:26.058+0000] {logging_mixin.py:154} INFO - [2023-11-25T10:31:26.057+0000] {dag.py:2941} INFO - Sync 1 DAGs
[2023-11-25T10:31:26.086+0000] {logging_mixin.py:154} INFO - [2023-11-25T10:31:26.085+0000] {dag.py:3722} INFO - Setting next_dagrun for example_task_group_decorator to 2023-11-24T10:31:26.085636+00:00, run_after=2023-11-25T10:31:26.085636+00:00
[2023-11-25T10:31:26.287+0000] {processor.py:179} INFO - Processing /home/airflow/.local/lib/python3.8/site-packages/airflow/example_dags/example_task_group_decorator.py took 0.292 seconds
[2023-11-25T10:31:56.877+0000] {processor.py:157} INFO - Started process (PID=951) to work on /home/airflow/.local/lib/python3.8/site-packages/airflow/example_dags/example_task_group_decorator.py
[2023-11-25T10:31:56.878+0000] {processor.py:829} INFO - Processing file /home/airflow/.local/lib/python3.8/site-packages/airflow/example_dags/example_task_group_decorator.py for tasks to queue
[2023-11-25T10:31:56.880+0000] {logging_mixin.py:154} INFO - [2023-11-25T10:31:56.880+0000] {dagbag.py:536} INFO - Filling up the DagBag from /home/airflow/.local/lib/python3.8/site-packages/airflow/example_dags/example_task_group_decorator.py
[2023-11-25T10:31:56.901+0000] {processor.py:839} INFO - DAG(s) dict_keys(['example_task_group_decorator']) retrieved from /home/airflow/.local/lib/python3.8/site-packages/airflow/example_dags/example_task_group_decorator.py
[2023-11-25T10:31:56.933+0000] {logging_mixin.py:154} INFO - [2023-11-25T10:31:56.932+0000] {dag.py:2941} INFO - Sync 1 DAGs
[2023-11-25T10:31:56.960+0000] {logging_mixin.py:154} INFO - [2023-11-25T10:31:56.960+0000] {dag.py:3722} INFO - Setting next_dagrun for example_task_group_decorator to 2023-11-24T10:31:56.960375+00:00, run_after=2023-11-25T10:31:56.960375+00:00
[2023-11-25T10:31:56.982+0000] {processor.py:179} INFO - Processing /home/airflow/.local/lib/python3.8/site-packages/airflow/example_dags/example_task_group_decorator.py took 0.110 seconds
[2023-11-25T10:32:27.053+0000] {processor.py:157} INFO - Started process (PID=1005) to work on /home/airflow/.local/lib/python3.8/site-packages/airflow/example_dags/example_task_group_decorator.py
[2023-11-25T10:32:27.055+0000] {processor.py:829} INFO - Processing file /home/airflow/.local/lib/python3.8/site-packages/airflow/example_dags/example_task_group_decorator.py for tasks to queue
[2023-11-25T10:32:27.058+0000] {logging_mixin.py:154} INFO - [2023-11-25T10:32:27.057+0000] {dagbag.py:536} INFO - Filling up the DagBag from /home/airflow/.local/lib/python3.8/site-packages/airflow/example_dags/example_task_group_decorator.py
[2023-11-25T10:32:27.074+0000] {processor.py:839} INFO - DAG(s) dict_keys(['example_task_group_decorator']) retrieved from /home/airflow/.local/lib/python3.8/site-packages/airflow/example_dags/example_task_group_decorator.py
[2023-11-25T10:32:27.099+0000] {logging_mixin.py:154} INFO - [2023-11-25T10:32:27.099+0000] {dag.py:2941} INFO - Sync 1 DAGs
[2023-11-25T10:32:27.127+0000] {logging_mixin.py:154} INFO - [2023-11-25T10:32:27.127+0000] {dag.py:3722} INFO - Setting next_dagrun for example_task_group_decorator to 2023-11-24T10:32:27.126834+00:00, run_after=2023-11-25T10:32:27.126834+00:00
[2023-11-25T10:32:27.157+0000] {processor.py:179} INFO - Processing /home/airflow/.local/lib/python3.8/site-packages/airflow/example_dags/example_task_group_decorator.py took 0.107 seconds
[2023-11-25T10:32:57.578+0000] {processor.py:157} INFO - Started process (PID=1059) to work on /home/airflow/.local/lib/python3.8/site-packages/airflow/example_dags/example_task_group_decorator.py
[2023-11-25T10:32:57.578+0000] {processor.py:829} INFO - Processing file /home/airflow/.local/lib/python3.8/site-packages/airflow/example_dags/example_task_group_decorator.py for tasks to queue
[2023-11-25T10:32:57.581+0000] {logging_mixin.py:154} INFO - [2023-11-25T10:32:57.580+0000] {dagbag.py:536} INFO - Filling up the DagBag from /home/airflow/.local/lib/python3.8/site-packages/airflow/example_dags/example_task_group_decorator.py
[2023-11-25T10:32:57.603+0000] {processor.py:839} INFO - DAG(s) dict_keys(['example_task_group_decorator']) retrieved from /home/airflow/.local/lib/python3.8/site-packages/airflow/example_dags/example_task_group_decorator.py
[2023-11-25T10:32:57.644+0000] {logging_mixin.py:154} INFO - [2023-11-25T10:32:57.644+0000] {dag.py:2941} INFO - Sync 1 DAGs
[2023-11-25T10:32:57.711+0000] {logging_mixin.py:154} INFO - [2023-11-25T10:32:57.711+0000] {dag.py:3722} INFO - Setting next_dagrun for example_task_group_decorator to 2023-11-24T10:32:57.711264+00:00, run_after=2023-11-25T10:32:57.711264+00:00
[2023-11-25T10:32:57.925+0000] {processor.py:179} INFO - Processing /home/airflow/.local/lib/python3.8/site-packages/airflow/example_dags/example_task_group_decorator.py took 0.351 seconds
[2023-11-25T10:33:28.066+0000] {processor.py:157} INFO - Started process (PID=1113) to work on /home/airflow/.local/lib/python3.8/site-packages/airflow/example_dags/example_task_group_decorator.py
[2023-11-25T10:33:28.067+0000] {processor.py:829} INFO - Processing file /home/airflow/.local/lib/python3.8/site-packages/airflow/example_dags/example_task_group_decorator.py for tasks to queue
[2023-11-25T10:33:28.069+0000] {logging_mixin.py:154} INFO - [2023-11-25T10:33:28.068+0000] {dagbag.py:536} INFO - Filling up the DagBag from /home/airflow/.local/lib/python3.8/site-packages/airflow/example_dags/example_task_group_decorator.py
[2023-11-25T10:33:28.096+0000] {processor.py:839} INFO - DAG(s) dict_keys(['example_task_group_decorator']) retrieved from /home/airflow/.local/lib/python3.8/site-packages/airflow/example_dags/example_task_group_decorator.py
[2023-11-25T10:33:28.158+0000] {logging_mixin.py:154} INFO - [2023-11-25T10:33:28.157+0000] {dag.py:2941} INFO - Sync 1 DAGs
[2023-11-25T10:33:28.218+0000] {logging_mixin.py:154} INFO - [2023-11-25T10:33:28.218+0000] {dag.py:3722} INFO - Setting next_dagrun for example_task_group_decorator to 2023-11-24T10:33:28.217991+00:00, run_after=2023-11-25T10:33:28.217991+00:00
[2023-11-25T10:33:28.294+0000] {processor.py:179} INFO - Processing /home/airflow/.local/lib/python3.8/site-packages/airflow/example_dags/example_task_group_decorator.py took 0.232 seconds
[2023-11-25T10:33:58.710+0000] {processor.py:157} INFO - Started process (PID=1173) to work on /home/airflow/.local/lib/python3.8/site-packages/airflow/example_dags/example_task_group_decorator.py
[2023-11-25T10:33:58.711+0000] {processor.py:829} INFO - Processing file /home/airflow/.local/lib/python3.8/site-packages/airflow/example_dags/example_task_group_decorator.py for tasks to queue
[2023-11-25T10:33:58.713+0000] {logging_mixin.py:154} INFO - [2023-11-25T10:33:58.713+0000] {dagbag.py:536} INFO - Filling up the DagBag from /home/airflow/.local/lib/python3.8/site-packages/airflow/example_dags/example_task_group_decorator.py
[2023-11-25T10:33:58.732+0000] {processor.py:839} INFO - DAG(s) dict_keys(['example_task_group_decorator']) retrieved from /home/airflow/.local/lib/python3.8/site-packages/airflow/example_dags/example_task_group_decorator.py
[2023-11-25T10:33:58.758+0000] {logging_mixin.py:154} INFO - [2023-11-25T10:33:58.758+0000] {dag.py:2941} INFO - Sync 1 DAGs
[2023-11-25T10:33:58.782+0000] {logging_mixin.py:154} INFO - [2023-11-25T10:33:58.782+0000] {dag.py:3722} INFO - Setting next_dagrun for example_task_group_decorator to 2023-11-24T10:33:58.781741+00:00, run_after=2023-11-25T10:33:58.781741+00:00
[2023-11-25T10:33:58.802+0000] {processor.py:179} INFO - Processing /home/airflow/.local/lib/python3.8/site-packages/airflow/example_dags/example_task_group_decorator.py took 0.095 seconds
[2023-11-25T10:34:29.267+0000] {processor.py:157} INFO - Started process (PID=1227) to work on /home/airflow/.local/lib/python3.8/site-packages/airflow/example_dags/example_task_group_decorator.py
[2023-11-25T10:34:29.268+0000] {processor.py:829} INFO - Processing file /home/airflow/.local/lib/python3.8/site-packages/airflow/example_dags/example_task_group_decorator.py for tasks to queue
[2023-11-25T10:34:29.270+0000] {logging_mixin.py:154} INFO - [2023-11-25T10:34:29.270+0000] {dagbag.py:536} INFO - Filling up the DagBag from /home/airflow/.local/lib/python3.8/site-packages/airflow/example_dags/example_task_group_decorator.py
[2023-11-25T10:34:29.286+0000] {processor.py:839} INFO - DAG(s) dict_keys(['example_task_group_decorator']) retrieved from /home/airflow/.local/lib/python3.8/site-packages/airflow/example_dags/example_task_group_decorator.py
[2023-11-25T10:34:29.314+0000] {logging_mixin.py:154} INFO - [2023-11-25T10:34:29.314+0000] {dag.py:2941} INFO - Sync 1 DAGs
[2023-11-25T10:34:29.341+0000] {logging_mixin.py:154} INFO - [2023-11-25T10:34:29.341+0000] {dag.py:3722} INFO - Setting next_dagrun for example_task_group_decorator to 2023-11-24T10:34:29.341135+00:00, run_after=2023-11-25T10:34:29.341135+00:00
[2023-11-25T10:34:29.496+0000] {processor.py:179} INFO - Processing /home/airflow/.local/lib/python3.8/site-packages/airflow/example_dags/example_task_group_decorator.py took 0.232 seconds
[2023-11-25T10:35:00.144+0000] {processor.py:157} INFO - Started process (PID=1281) to work on /home/airflow/.local/lib/python3.8/site-packages/airflow/example_dags/example_task_group_decorator.py
[2023-11-25T10:35:00.145+0000] {processor.py:829} INFO - Processing file /home/airflow/.local/lib/python3.8/site-packages/airflow/example_dags/example_task_group_decorator.py for tasks to queue
[2023-11-25T10:35:00.147+0000] {logging_mixin.py:154} INFO - [2023-11-25T10:35:00.147+0000] {dagbag.py:536} INFO - Filling up the DagBag from /home/airflow/.local/lib/python3.8/site-packages/airflow/example_dags/example_task_group_decorator.py
[2023-11-25T10:35:00.159+0000] {processor.py:839} INFO - DAG(s) dict_keys(['example_task_group_decorator']) retrieved from /home/airflow/.local/lib/python3.8/site-packages/airflow/example_dags/example_task_group_decorator.py
[2023-11-25T10:35:00.181+0000] {logging_mixin.py:154} INFO - [2023-11-25T10:35:00.181+0000] {dag.py:2941} INFO - Sync 1 DAGs
[2023-11-25T10:35:00.202+0000] {logging_mixin.py:154} INFO - [2023-11-25T10:35:00.201+0000] {dag.py:3722} INFO - Setting next_dagrun for example_task_group_decorator to 2023-11-24T10:35:00.201772+00:00, run_after=2023-11-25T10:35:00.201772+00:00
[2023-11-25T10:35:00.225+0000] {processor.py:179} INFO - Processing /home/airflow/.local/lib/python3.8/site-packages/airflow/example_dags/example_task_group_decorator.py took 0.083 seconds
[2023-11-25T10:35:31.089+0000] {processor.py:157} INFO - Started process (PID=1335) to work on /home/airflow/.local/lib/python3.8/site-packages/airflow/example_dags/example_task_group_decorator.py
[2023-11-25T10:35:31.090+0000] {processor.py:829} INFO - Processing file /home/airflow/.local/lib/python3.8/site-packages/airflow/example_dags/example_task_group_decorator.py for tasks to queue
[2023-11-25T10:35:31.094+0000] {logging_mixin.py:154} INFO - [2023-11-25T10:35:31.093+0000] {dagbag.py:536} INFO - Filling up the DagBag from /home/airflow/.local/lib/python3.8/site-packages/airflow/example_dags/example_task_group_decorator.py
[2023-11-25T10:35:31.120+0000] {processor.py:839} INFO - DAG(s) dict_keys(['example_task_group_decorator']) retrieved from /home/airflow/.local/lib/python3.8/site-packages/airflow/example_dags/example_task_group_decorator.py
[2023-11-25T10:35:31.157+0000] {logging_mixin.py:154} INFO - [2023-11-25T10:35:31.157+0000] {dag.py:2941} INFO - Sync 1 DAGs
[2023-11-25T10:35:31.334+0000] {logging_mixin.py:154} INFO - [2023-11-25T10:35:31.333+0000] {dag.py:3722} INFO - Setting next_dagrun for example_task_group_decorator to 2023-11-24T10:35:31.333603+00:00, run_after=2023-11-25T10:35:31.333603+00:00
[2023-11-25T10:35:31.353+0000] {processor.py:179} INFO - Processing /home/airflow/.local/lib/python3.8/site-packages/airflow/example_dags/example_task_group_decorator.py took 0.270 seconds
[2023-11-25T10:36:02.088+0000] {processor.py:157} INFO - Started process (PID=1389) to work on /home/airflow/.local/lib/python3.8/site-packages/airflow/example_dags/example_task_group_decorator.py
[2023-11-25T10:36:02.091+0000] {processor.py:829} INFO - Processing file /home/airflow/.local/lib/python3.8/site-packages/airflow/example_dags/example_task_group_decorator.py for tasks to queue
[2023-11-25T10:36:02.093+0000] {logging_mixin.py:154} INFO - [2023-11-25T10:36:02.092+0000] {dagbag.py:536} INFO - Filling up the DagBag from /home/airflow/.local/lib/python3.8/site-packages/airflow/example_dags/example_task_group_decorator.py
[2023-11-25T10:36:02.109+0000] {processor.py:839} INFO - DAG(s) dict_keys(['example_task_group_decorator']) retrieved from /home/airflow/.local/lib/python3.8/site-packages/airflow/example_dags/example_task_group_decorator.py
[2023-11-25T10:36:02.144+0000] {logging_mixin.py:154} INFO - [2023-11-25T10:36:02.143+0000] {dag.py:2941} INFO - Sync 1 DAGs
[2023-11-25T10:36:02.169+0000] {logging_mixin.py:154} INFO - [2023-11-25T10:36:02.168+0000] {dag.py:3722} INFO - Setting next_dagrun for example_task_group_decorator to 2023-11-24T10:36:02.168608+00:00, run_after=2023-11-25T10:36:02.168608+00:00
[2023-11-25T10:36:02.191+0000] {processor.py:179} INFO - Processing /home/airflow/.local/lib/python3.8/site-packages/airflow/example_dags/example_task_group_decorator.py took 0.106 seconds
[2023-11-25T10:36:32.497+0000] {processor.py:157} INFO - Started process (PID=1443) to work on /home/airflow/.local/lib/python3.8/site-packages/airflow/example_dags/example_task_group_decorator.py
[2023-11-25T10:36:32.498+0000] {processor.py:829} INFO - Processing file /home/airflow/.local/lib/python3.8/site-packages/airflow/example_dags/example_task_group_decorator.py for tasks to queue
[2023-11-25T10:36:32.501+0000] {logging_mixin.py:154} INFO - [2023-11-25T10:36:32.500+0000] {dagbag.py:536} INFO - Filling up the DagBag from /home/airflow/.local/lib/python3.8/site-packages/airflow/example_dags/example_task_group_decorator.py
[2023-11-25T10:36:32.516+0000] {processor.py:839} INFO - DAG(s) dict_keys(['example_task_group_decorator']) retrieved from /home/airflow/.local/lib/python3.8/site-packages/airflow/example_dags/example_task_group_decorator.py
[2023-11-25T10:36:32.544+0000] {logging_mixin.py:154} INFO - [2023-11-25T10:36:32.544+0000] {dag.py:2941} INFO - Sync 1 DAGs
[2023-11-25T10:36:32.569+0000] {logging_mixin.py:154} INFO - [2023-11-25T10:36:32.569+0000] {dag.py:3722} INFO - Setting next_dagrun for example_task_group_decorator to 2023-11-24T10:36:32.569027+00:00, run_after=2023-11-25T10:36:32.569027+00:00
[2023-11-25T10:36:32.594+0000] {processor.py:179} INFO - Processing /home/airflow/.local/lib/python3.8/site-packages/airflow/example_dags/example_task_group_decorator.py took 0.100 seconds
[2023-11-25T10:37:03.285+0000] {processor.py:157} INFO - Started process (PID=1496) to work on /home/airflow/.local/lib/python3.8/site-packages/airflow/example_dags/example_task_group_decorator.py
[2023-11-25T10:37:03.285+0000] {processor.py:829} INFO - Processing file /home/airflow/.local/lib/python3.8/site-packages/airflow/example_dags/example_task_group_decorator.py for tasks to queue
[2023-11-25T10:37:03.287+0000] {logging_mixin.py:154} INFO - [2023-11-25T10:37:03.287+0000] {dagbag.py:536} INFO - Filling up the DagBag from /home/airflow/.local/lib/python3.8/site-packages/airflow/example_dags/example_task_group_decorator.py
[2023-11-25T10:37:03.309+0000] {processor.py:839} INFO - DAG(s) dict_keys(['example_task_group_decorator']) retrieved from /home/airflow/.local/lib/python3.8/site-packages/airflow/example_dags/example_task_group_decorator.py
[2023-11-25T10:37:03.341+0000] {logging_mixin.py:154} INFO - [2023-11-25T10:37:03.341+0000] {dag.py:2941} INFO - Sync 1 DAGs
[2023-11-25T10:37:03.517+0000] {logging_mixin.py:154} INFO - [2023-11-25T10:37:03.516+0000] {dag.py:3722} INFO - Setting next_dagrun for example_task_group_decorator to 2023-11-24T10:37:03.516528+00:00, run_after=2023-11-25T10:37:03.516528+00:00
[2023-11-25T10:37:03.539+0000] {processor.py:179} INFO - Processing /home/airflow/.local/lib/python3.8/site-packages/airflow/example_dags/example_task_group_decorator.py took 0.257 seconds
[2023-11-25T10:37:34.441+0000] {processor.py:157} INFO - Started process (PID=1550) to work on /home/airflow/.local/lib/python3.8/site-packages/airflow/example_dags/example_task_group_decorator.py
[2023-11-25T10:37:34.442+0000] {processor.py:829} INFO - Processing file /home/airflow/.local/lib/python3.8/site-packages/airflow/example_dags/example_task_group_decorator.py for tasks to queue
[2023-11-25T10:37:34.444+0000] {logging_mixin.py:154} INFO - [2023-11-25T10:37:34.444+0000] {dagbag.py:536} INFO - Filling up the DagBag from /home/airflow/.local/lib/python3.8/site-packages/airflow/example_dags/example_task_group_decorator.py
[2023-11-25T10:37:34.456+0000] {processor.py:839} INFO - DAG(s) dict_keys(['example_task_group_decorator']) retrieved from /home/airflow/.local/lib/python3.8/site-packages/airflow/example_dags/example_task_group_decorator.py
[2023-11-25T10:37:34.477+0000] {logging_mixin.py:154} INFO - [2023-11-25T10:37:34.477+0000] {dag.py:2941} INFO - Sync 1 DAGs
[2023-11-25T10:37:34.496+0000] {logging_mixin.py:154} INFO - [2023-11-25T10:37:34.495+0000] {dag.py:3722} INFO - Setting next_dagrun for example_task_group_decorator to 2023-11-24T10:37:34.495702+00:00, run_after=2023-11-25T10:37:34.495702+00:00
[2023-11-25T10:37:34.548+0000] {processor.py:179} INFO - Processing /home/airflow/.local/lib/python3.8/site-packages/airflow/example_dags/example_task_group_decorator.py took 0.110 seconds
[2023-11-25T10:38:05.015+0000] {processor.py:157} INFO - Started process (PID=1604) to work on /home/airflow/.local/lib/python3.8/site-packages/airflow/example_dags/example_task_group_decorator.py
[2023-11-25T10:38:05.020+0000] {processor.py:829} INFO - Processing file /home/airflow/.local/lib/python3.8/site-packages/airflow/example_dags/example_task_group_decorator.py for tasks to queue
[2023-11-25T10:38:05.023+0000] {logging_mixin.py:154} INFO - [2023-11-25T10:38:05.023+0000] {dagbag.py:536} INFO - Filling up the DagBag from /home/airflow/.local/lib/python3.8/site-packages/airflow/example_dags/example_task_group_decorator.py
[2023-11-25T10:38:05.040+0000] {processor.py:839} INFO - DAG(s) dict_keys(['example_task_group_decorator']) retrieved from /home/airflow/.local/lib/python3.8/site-packages/airflow/example_dags/example_task_group_decorator.py
[2023-11-25T10:38:05.068+0000] {logging_mixin.py:154} INFO - [2023-11-25T10:38:05.068+0000] {dag.py:2941} INFO - Sync 1 DAGs
[2023-11-25T10:38:05.096+0000] {logging_mixin.py:154} INFO - [2023-11-25T10:38:05.096+0000] {dag.py:3722} INFO - Setting next_dagrun for example_task_group_decorator to 2023-11-24T10:38:05.096343+00:00, run_after=2023-11-25T10:38:05.096343+00:00
[2023-11-25T10:38:05.117+0000] {processor.py:179} INFO - Processing /home/airflow/.local/lib/python3.8/site-packages/airflow/example_dags/example_task_group_decorator.py took 0.105 seconds
[2023-11-25T10:38:35.201+0000] {processor.py:157} INFO - Started process (PID=1658) to work on /home/airflow/.local/lib/python3.8/site-packages/airflow/example_dags/example_task_group_decorator.py
[2023-11-25T10:38:35.202+0000] {processor.py:829} INFO - Processing file /home/airflow/.local/lib/python3.8/site-packages/airflow/example_dags/example_task_group_decorator.py for tasks to queue
[2023-11-25T10:38:35.204+0000] {logging_mixin.py:154} INFO - [2023-11-25T10:38:35.204+0000] {dagbag.py:536} INFO - Filling up the DagBag from /home/airflow/.local/lib/python3.8/site-packages/airflow/example_dags/example_task_group_decorator.py
[2023-11-25T10:38:35.218+0000] {processor.py:839} INFO - DAG(s) dict_keys(['example_task_group_decorator']) retrieved from /home/airflow/.local/lib/python3.8/site-packages/airflow/example_dags/example_task_group_decorator.py
[2023-11-25T10:38:35.240+0000] {logging_mixin.py:154} INFO - [2023-11-25T10:38:35.240+0000] {dag.py:2941} INFO - Sync 1 DAGs
[2023-11-25T10:38:35.260+0000] {logging_mixin.py:154} INFO - [2023-11-25T10:38:35.260+0000] {dag.py:3722} INFO - Setting next_dagrun for example_task_group_decorator to 2023-11-24T10:38:35.260268+00:00, run_after=2023-11-25T10:38:35.260268+00:00
[2023-11-25T10:38:35.279+0000] {processor.py:179} INFO - Processing /home/airflow/.local/lib/python3.8/site-packages/airflow/example_dags/example_task_group_decorator.py took 0.081 seconds
[2023-11-25T10:39:05.482+0000] {processor.py:157} INFO - Started process (PID=1712) to work on /home/airflow/.local/lib/python3.8/site-packages/airflow/example_dags/example_task_group_decorator.py
[2023-11-25T10:39:05.484+0000] {processor.py:829} INFO - Processing file /home/airflow/.local/lib/python3.8/site-packages/airflow/example_dags/example_task_group_decorator.py for tasks to queue
[2023-11-25T10:39:05.487+0000] {logging_mixin.py:154} INFO - [2023-11-25T10:39:05.486+0000] {dagbag.py:536} INFO - Filling up the DagBag from /home/airflow/.local/lib/python3.8/site-packages/airflow/example_dags/example_task_group_decorator.py
[2023-11-25T10:39:05.507+0000] {processor.py:839} INFO - DAG(s) dict_keys(['example_task_group_decorator']) retrieved from /home/airflow/.local/lib/python3.8/site-packages/airflow/example_dags/example_task_group_decorator.py
[2023-11-25T10:39:05.535+0000] {logging_mixin.py:154} INFO - [2023-11-25T10:39:05.535+0000] {dag.py:2941} INFO - Sync 1 DAGs
[2023-11-25T10:39:05.562+0000] {logging_mixin.py:154} INFO - [2023-11-25T10:39:05.562+0000] {dag.py:3722} INFO - Setting next_dagrun for example_task_group_decorator to 2023-11-24T10:39:05.562229+00:00, run_after=2023-11-25T10:39:05.562229+00:00
[2023-11-25T10:39:05.584+0000] {processor.py:179} INFO - Processing /home/airflow/.local/lib/python3.8/site-packages/airflow/example_dags/example_task_group_decorator.py took 0.106 seconds
[2023-11-25T10:39:35.830+0000] {processor.py:157} INFO - Started process (PID=1766) to work on /home/airflow/.local/lib/python3.8/site-packages/airflow/example_dags/example_task_group_decorator.py
[2023-11-25T10:39:35.834+0000] {processor.py:829} INFO - Processing file /home/airflow/.local/lib/python3.8/site-packages/airflow/example_dags/example_task_group_decorator.py for tasks to queue
[2023-11-25T10:39:35.836+0000] {logging_mixin.py:154} INFO - [2023-11-25T10:39:35.836+0000] {dagbag.py:536} INFO - Filling up the DagBag from /home/airflow/.local/lib/python3.8/site-packages/airflow/example_dags/example_task_group_decorator.py
[2023-11-25T10:39:35.850+0000] {processor.py:839} INFO - DAG(s) dict_keys(['example_task_group_decorator']) retrieved from /home/airflow/.local/lib/python3.8/site-packages/airflow/example_dags/example_task_group_decorator.py
[2023-11-25T10:39:35.871+0000] {logging_mixin.py:154} INFO - [2023-11-25T10:39:35.871+0000] {dag.py:2941} INFO - Sync 1 DAGs
[2023-11-25T10:39:35.891+0000] {logging_mixin.py:154} INFO - [2023-11-25T10:39:35.890+0000] {dag.py:3722} INFO - Setting next_dagrun for example_task_group_decorator to 2023-11-24T10:39:35.890686+00:00, run_after=2023-11-25T10:39:35.890686+00:00
[2023-11-25T10:39:35.906+0000] {processor.py:179} INFO - Processing /home/airflow/.local/lib/python3.8/site-packages/airflow/example_dags/example_task_group_decorator.py took 0.079 seconds
[2023-11-25T10:40:06.290+0000] {processor.py:157} INFO - Started process (PID=1820) to work on /home/airflow/.local/lib/python3.8/site-packages/airflow/example_dags/example_task_group_decorator.py
[2023-11-25T10:40:06.290+0000] {processor.py:829} INFO - Processing file /home/airflow/.local/lib/python3.8/site-packages/airflow/example_dags/example_task_group_decorator.py for tasks to queue
[2023-11-25T10:40:06.293+0000] {logging_mixin.py:154} INFO - [2023-11-25T10:40:06.292+0000] {dagbag.py:536} INFO - Filling up the DagBag from /home/airflow/.local/lib/python3.8/site-packages/airflow/example_dags/example_task_group_decorator.py
[2023-11-25T10:40:06.309+0000] {processor.py:839} INFO - DAG(s) dict_keys(['example_task_group_decorator']) retrieved from /home/airflow/.local/lib/python3.8/site-packages/airflow/example_dags/example_task_group_decorator.py
[2023-11-25T10:40:06.338+0000] {logging_mixin.py:154} INFO - [2023-11-25T10:40:06.338+0000] {dag.py:2941} INFO - Sync 1 DAGs
[2023-11-25T10:40:06.365+0000] {logging_mixin.py:154} INFO - [2023-11-25T10:40:06.364+0000] {dag.py:3722} INFO - Setting next_dagrun for example_task_group_decorator to 2023-11-24T10:40:06.364716+00:00, run_after=2023-11-25T10:40:06.364716+00:00
[2023-11-25T10:40:06.387+0000] {processor.py:179} INFO - Processing /home/airflow/.local/lib/python3.8/site-packages/airflow/example_dags/example_task_group_decorator.py took 0.101 seconds
[2023-11-25T11:05:04.524+0000] {processor.py:157} INFO - Started process (PID=35) to work on /home/airflow/.local/lib/python3.8/site-packages/airflow/example_dags/example_task_group_decorator.py
[2023-11-25T11:05:04.525+0000] {processor.py:829} INFO - Processing file /home/airflow/.local/lib/python3.8/site-packages/airflow/example_dags/example_task_group_decorator.py for tasks to queue
[2023-11-25T11:05:04.528+0000] {logging_mixin.py:154} INFO - [2023-11-25T11:05:04.528+0000] {dagbag.py:536} INFO - Filling up the DagBag from /home/airflow/.local/lib/python3.8/site-packages/airflow/example_dags/example_task_group_decorator.py
[2023-11-25T11:05:04.555+0000] {processor.py:839} INFO - DAG(s) dict_keys(['example_task_group_decorator']) retrieved from /home/airflow/.local/lib/python3.8/site-packages/airflow/example_dags/example_task_group_decorator.py
[2023-11-25T11:05:04.568+0000] {logging_mixin.py:154} INFO - [2023-11-25T11:05:04.568+0000] {dag.py:2941} INFO - Sync 1 DAGs
[2023-11-25T11:05:04.614+0000] {logging_mixin.py:154} INFO - [2023-11-25T11:05:04.614+0000] {dag.py:3722} INFO - Setting next_dagrun for example_task_group_decorator to 2023-11-24T11:05:04.613806+00:00, run_after=2023-11-25T11:05:04.613806+00:00
[2023-11-25T11:05:04.651+0000] {processor.py:179} INFO - Processing /home/airflow/.local/lib/python3.8/site-packages/airflow/example_dags/example_task_group_decorator.py took 0.131 seconds
[2023-11-25T11:05:35.459+0000] {processor.py:157} INFO - Started process (PID=89) to work on /home/airflow/.local/lib/python3.8/site-packages/airflow/example_dags/example_task_group_decorator.py
[2023-11-25T11:05:35.461+0000] {processor.py:829} INFO - Processing file /home/airflow/.local/lib/python3.8/site-packages/airflow/example_dags/example_task_group_decorator.py for tasks to queue
[2023-11-25T11:05:35.464+0000] {logging_mixin.py:154} INFO - [2023-11-25T11:05:35.463+0000] {dagbag.py:536} INFO - Filling up the DagBag from /home/airflow/.local/lib/python3.8/site-packages/airflow/example_dags/example_task_group_decorator.py
[2023-11-25T11:05:35.477+0000] {processor.py:839} INFO - DAG(s) dict_keys(['example_task_group_decorator']) retrieved from /home/airflow/.local/lib/python3.8/site-packages/airflow/example_dags/example_task_group_decorator.py
[2023-11-25T11:05:35.508+0000] {logging_mixin.py:154} INFO - [2023-11-25T11:05:35.507+0000] {dag.py:2941} INFO - Sync 1 DAGs
[2023-11-25T11:05:35.542+0000] {logging_mixin.py:154} INFO - [2023-11-25T11:05:35.542+0000] {dag.py:3722} INFO - Setting next_dagrun for example_task_group_decorator to 2023-11-24T11:05:35.542174+00:00, run_after=2023-11-25T11:05:35.542174+00:00
[2023-11-25T11:05:35.592+0000] {processor.py:179} INFO - Processing /home/airflow/.local/lib/python3.8/site-packages/airflow/example_dags/example_task_group_decorator.py took 0.136 seconds
[2023-11-25T11:06:05.751+0000] {processor.py:157} INFO - Started process (PID=143) to work on /home/airflow/.local/lib/python3.8/site-packages/airflow/example_dags/example_task_group_decorator.py
[2023-11-25T11:06:05.757+0000] {processor.py:829} INFO - Processing file /home/airflow/.local/lib/python3.8/site-packages/airflow/example_dags/example_task_group_decorator.py for tasks to queue
[2023-11-25T11:06:05.759+0000] {logging_mixin.py:154} INFO - [2023-11-25T11:06:05.759+0000] {dagbag.py:536} INFO - Filling up the DagBag from /home/airflow/.local/lib/python3.8/site-packages/airflow/example_dags/example_task_group_decorator.py
[2023-11-25T11:06:05.777+0000] {processor.py:839} INFO - DAG(s) dict_keys(['example_task_group_decorator']) retrieved from /home/airflow/.local/lib/python3.8/site-packages/airflow/example_dags/example_task_group_decorator.py
[2023-11-25T11:06:05.800+0000] {logging_mixin.py:154} INFO - [2023-11-25T11:06:05.800+0000] {dag.py:2941} INFO - Sync 1 DAGs
[2023-11-25T11:06:05.821+0000] {logging_mixin.py:154} INFO - [2023-11-25T11:06:05.821+0000] {dag.py:3722} INFO - Setting next_dagrun for example_task_group_decorator to 2023-11-24T11:06:05.821154+00:00, run_after=2023-11-25T11:06:05.821154+00:00
[2023-11-25T11:06:05.841+0000] {processor.py:179} INFO - Processing /home/airflow/.local/lib/python3.8/site-packages/airflow/example_dags/example_task_group_decorator.py took 0.095 seconds
[2023-11-25T11:07:39.960+0000] {processor.py:157} INFO - Started process (PID=35) to work on /home/airflow/.local/lib/python3.8/site-packages/airflow/example_dags/example_task_group_decorator.py
[2023-11-25T11:07:39.961+0000] {processor.py:829} INFO - Processing file /home/airflow/.local/lib/python3.8/site-packages/airflow/example_dags/example_task_group_decorator.py for tasks to queue
[2023-11-25T11:07:39.964+0000] {logging_mixin.py:154} INFO - [2023-11-25T11:07:39.964+0000] {dagbag.py:536} INFO - Filling up the DagBag from /home/airflow/.local/lib/python3.8/site-packages/airflow/example_dags/example_task_group_decorator.py
[2023-11-25T11:07:39.988+0000] {processor.py:839} INFO - DAG(s) dict_keys(['example_task_group_decorator']) retrieved from /home/airflow/.local/lib/python3.8/site-packages/airflow/example_dags/example_task_group_decorator.py
[2023-11-25T11:07:40.050+0000] {logging_mixin.py:154} INFO - [2023-11-25T11:07:40.049+0000] {dag.py:2941} INFO - Sync 1 DAGs
[2023-11-25T11:07:40.105+0000] {logging_mixin.py:154} INFO - [2023-11-25T11:07:40.105+0000] {dag.py:3722} INFO - Setting next_dagrun for example_task_group_decorator to 2023-11-24T11:07:40.105209+00:00, run_after=2023-11-25T11:07:40.105209+00:00
[2023-11-25T11:07:40.150+0000] {processor.py:179} INFO - Processing /home/airflow/.local/lib/python3.8/site-packages/airflow/example_dags/example_task_group_decorator.py took 0.196 seconds
[2023-11-25T11:08:11.066+0000] {processor.py:157} INFO - Started process (PID=89) to work on /home/airflow/.local/lib/python3.8/site-packages/airflow/example_dags/example_task_group_decorator.py
[2023-11-25T11:08:11.069+0000] {processor.py:829} INFO - Processing file /home/airflow/.local/lib/python3.8/site-packages/airflow/example_dags/example_task_group_decorator.py for tasks to queue
[2023-11-25T11:08:11.072+0000] {logging_mixin.py:154} INFO - [2023-11-25T11:08:11.072+0000] {dagbag.py:536} INFO - Filling up the DagBag from /home/airflow/.local/lib/python3.8/site-packages/airflow/example_dags/example_task_group_decorator.py
[2023-11-25T11:08:11.105+0000] {processor.py:839} INFO - DAG(s) dict_keys(['example_task_group_decorator']) retrieved from /home/airflow/.local/lib/python3.8/site-packages/airflow/example_dags/example_task_group_decorator.py
[2023-11-25T11:08:11.155+0000] {logging_mixin.py:154} INFO - [2023-11-25T11:08:11.155+0000] {dag.py:2941} INFO - Sync 1 DAGs
[2023-11-25T11:08:11.184+0000] {logging_mixin.py:154} INFO - [2023-11-25T11:08:11.184+0000] {dag.py:3722} INFO - Setting next_dagrun for example_task_group_decorator to 2023-11-24T11:08:11.184228+00:00, run_after=2023-11-25T11:08:11.184228+00:00
[2023-11-25T11:08:11.213+0000] {processor.py:179} INFO - Processing /home/airflow/.local/lib/python3.8/site-packages/airflow/example_dags/example_task_group_decorator.py took 0.152 seconds
[2023-11-25T11:08:41.581+0000] {processor.py:157} INFO - Started process (PID=143) to work on /home/airflow/.local/lib/python3.8/site-packages/airflow/example_dags/example_task_group_decorator.py
[2023-11-25T11:08:41.582+0000] {processor.py:829} INFO - Processing file /home/airflow/.local/lib/python3.8/site-packages/airflow/example_dags/example_task_group_decorator.py for tasks to queue
[2023-11-25T11:08:41.585+0000] {logging_mixin.py:154} INFO - [2023-11-25T11:08:41.585+0000] {dagbag.py:536} INFO - Filling up the DagBag from /home/airflow/.local/lib/python3.8/site-packages/airflow/example_dags/example_task_group_decorator.py
[2023-11-25T11:08:41.608+0000] {processor.py:839} INFO - DAG(s) dict_keys(['example_task_group_decorator']) retrieved from /home/airflow/.local/lib/python3.8/site-packages/airflow/example_dags/example_task_group_decorator.py
[2023-11-25T11:08:41.660+0000] {logging_mixin.py:154} INFO - [2023-11-25T11:08:41.660+0000] {dag.py:2941} INFO - Sync 1 DAGs
[2023-11-25T11:08:41.695+0000] {logging_mixin.py:154} INFO - [2023-11-25T11:08:41.695+0000] {dag.py:3722} INFO - Setting next_dagrun for example_task_group_decorator to 2023-11-24T11:08:41.694928+00:00, run_after=2023-11-25T11:08:41.694928+00:00
[2023-11-25T11:08:41.725+0000] {processor.py:179} INFO - Processing /home/airflow/.local/lib/python3.8/site-packages/airflow/example_dags/example_task_group_decorator.py took 0.150 seconds
[2023-11-25T11:09:12.630+0000] {processor.py:157} INFO - Started process (PID=196) to work on /home/airflow/.local/lib/python3.8/site-packages/airflow/example_dags/example_task_group_decorator.py
[2023-11-25T11:09:12.632+0000] {processor.py:829} INFO - Processing file /home/airflow/.local/lib/python3.8/site-packages/airflow/example_dags/example_task_group_decorator.py for tasks to queue
[2023-11-25T11:09:12.637+0000] {logging_mixin.py:154} INFO - [2023-11-25T11:09:12.636+0000] {dagbag.py:536} INFO - Filling up the DagBag from /home/airflow/.local/lib/python3.8/site-packages/airflow/example_dags/example_task_group_decorator.py
[2023-11-25T11:09:12.668+0000] {processor.py:839} INFO - DAG(s) dict_keys(['example_task_group_decorator']) retrieved from /home/airflow/.local/lib/python3.8/site-packages/airflow/example_dags/example_task_group_decorator.py
[2023-11-25T11:09:12.705+0000] {logging_mixin.py:154} INFO - [2023-11-25T11:09:12.705+0000] {dag.py:2941} INFO - Sync 1 DAGs
[2023-11-25T11:09:12.727+0000] {logging_mixin.py:154} INFO - [2023-11-25T11:09:12.727+0000] {dag.py:3722} INFO - Setting next_dagrun for example_task_group_decorator to 2023-11-24T11:09:12.726974+00:00, run_after=2023-11-25T11:09:12.726974+00:00
[2023-11-25T11:09:12.747+0000] {processor.py:179} INFO - Processing /home/airflow/.local/lib/python3.8/site-packages/airflow/example_dags/example_task_group_decorator.py took 0.127 seconds
[2023-11-25T11:09:43.110+0000] {processor.py:157} INFO - Started process (PID=250) to work on /home/airflow/.local/lib/python3.8/site-packages/airflow/example_dags/example_task_group_decorator.py
[2023-11-25T11:09:43.119+0000] {processor.py:829} INFO - Processing file /home/airflow/.local/lib/python3.8/site-packages/airflow/example_dags/example_task_group_decorator.py for tasks to queue
[2023-11-25T11:09:43.123+0000] {logging_mixin.py:154} INFO - [2023-11-25T11:09:43.122+0000] {dagbag.py:536} INFO - Filling up the DagBag from /home/airflow/.local/lib/python3.8/site-packages/airflow/example_dags/example_task_group_decorator.py
[2023-11-25T11:09:43.152+0000] {processor.py:839} INFO - DAG(s) dict_keys(['example_task_group_decorator']) retrieved from /home/airflow/.local/lib/python3.8/site-packages/airflow/example_dags/example_task_group_decorator.py
[2023-11-25T11:09:43.198+0000] {logging_mixin.py:154} INFO - [2023-11-25T11:09:43.198+0000] {dag.py:2941} INFO - Sync 1 DAGs
[2023-11-25T11:09:43.230+0000] {logging_mixin.py:154} INFO - [2023-11-25T11:09:43.230+0000] {dag.py:3722} INFO - Setting next_dagrun for example_task_group_decorator to 2023-11-24T11:09:43.230166+00:00, run_after=2023-11-25T11:09:43.230166+00:00
[2023-11-25T11:09:43.256+0000] {processor.py:179} INFO - Processing /home/airflow/.local/lib/python3.8/site-packages/airflow/example_dags/example_task_group_decorator.py took 0.152 seconds
[2023-11-25T11:10:13.512+0000] {processor.py:157} INFO - Started process (PID=304) to work on /home/airflow/.local/lib/python3.8/site-packages/airflow/example_dags/example_task_group_decorator.py
[2023-11-25T11:10:13.513+0000] {processor.py:829} INFO - Processing file /home/airflow/.local/lib/python3.8/site-packages/airflow/example_dags/example_task_group_decorator.py for tasks to queue
[2023-11-25T11:10:13.515+0000] {logging_mixin.py:154} INFO - [2023-11-25T11:10:13.515+0000] {dagbag.py:536} INFO - Filling up the DagBag from /home/airflow/.local/lib/python3.8/site-packages/airflow/example_dags/example_task_group_decorator.py
[2023-11-25T11:10:13.534+0000] {processor.py:839} INFO - DAG(s) dict_keys(['example_task_group_decorator']) retrieved from /home/airflow/.local/lib/python3.8/site-packages/airflow/example_dags/example_task_group_decorator.py
[2023-11-25T11:10:13.560+0000] {logging_mixin.py:154} INFO - [2023-11-25T11:10:13.560+0000] {dag.py:2941} INFO - Sync 1 DAGs
[2023-11-25T11:10:13.585+0000] {logging_mixin.py:154} INFO - [2023-11-25T11:10:13.584+0000] {dag.py:3722} INFO - Setting next_dagrun for example_task_group_decorator to 2023-11-24T11:10:13.584588+00:00, run_after=2023-11-25T11:10:13.584588+00:00
[2023-11-25T11:10:13.602+0000] {processor.py:179} INFO - Processing /home/airflow/.local/lib/python3.8/site-packages/airflow/example_dags/example_task_group_decorator.py took 0.094 seconds
[2023-11-25T11:10:43.846+0000] {processor.py:157} INFO - Started process (PID=359) to work on /home/airflow/.local/lib/python3.8/site-packages/airflow/example_dags/example_task_group_decorator.py
[2023-11-25T11:10:43.847+0000] {processor.py:829} INFO - Processing file /home/airflow/.local/lib/python3.8/site-packages/airflow/example_dags/example_task_group_decorator.py for tasks to queue
[2023-11-25T11:10:43.850+0000] {logging_mixin.py:154} INFO - [2023-11-25T11:10:43.850+0000] {dagbag.py:536} INFO - Filling up the DagBag from /home/airflow/.local/lib/python3.8/site-packages/airflow/example_dags/example_task_group_decorator.py
[2023-11-25T11:10:43.875+0000] {processor.py:839} INFO - DAG(s) dict_keys(['example_task_group_decorator']) retrieved from /home/airflow/.local/lib/python3.8/site-packages/airflow/example_dags/example_task_group_decorator.py
[2023-11-25T11:10:43.919+0000] {logging_mixin.py:154} INFO - [2023-11-25T11:10:43.918+0000] {dag.py:2941} INFO - Sync 1 DAGs
[2023-11-25T11:10:43.950+0000] {logging_mixin.py:154} INFO - [2023-11-25T11:10:43.950+0000] {dag.py:3722} INFO - Setting next_dagrun for example_task_group_decorator to 2023-11-24T11:10:43.950344+00:00, run_after=2023-11-25T11:10:43.950344+00:00
[2023-11-25T11:10:43.972+0000] {processor.py:179} INFO - Processing /home/airflow/.local/lib/python3.8/site-packages/airflow/example_dags/example_task_group_decorator.py took 0.139 seconds
[2023-11-25T11:11:14.999+0000] {processor.py:157} INFO - Started process (PID=413) to work on /home/airflow/.local/lib/python3.8/site-packages/airflow/example_dags/example_task_group_decorator.py
[2023-11-25T11:11:15.000+0000] {processor.py:829} INFO - Processing file /home/airflow/.local/lib/python3.8/site-packages/airflow/example_dags/example_task_group_decorator.py for tasks to queue
[2023-11-25T11:11:15.003+0000] {logging_mixin.py:154} INFO - [2023-11-25T11:11:15.002+0000] {dagbag.py:536} INFO - Filling up the DagBag from /home/airflow/.local/lib/python3.8/site-packages/airflow/example_dags/example_task_group_decorator.py
[2023-11-25T11:11:15.021+0000] {processor.py:839} INFO - DAG(s) dict_keys(['example_task_group_decorator']) retrieved from /home/airflow/.local/lib/python3.8/site-packages/airflow/example_dags/example_task_group_decorator.py
[2023-11-25T11:11:15.042+0000] {logging_mixin.py:154} INFO - [2023-11-25T11:11:15.042+0000] {dag.py:2941} INFO - Sync 1 DAGs
[2023-11-25T11:11:15.067+0000] {logging_mixin.py:154} INFO - [2023-11-25T11:11:15.066+0000] {dag.py:3722} INFO - Setting next_dagrun for example_task_group_decorator to 2023-11-24T11:11:15.066529+00:00, run_after=2023-11-25T11:11:15.066529+00:00
[2023-11-25T11:11:15.089+0000] {processor.py:179} INFO - Processing /home/airflow/.local/lib/python3.8/site-packages/airflow/example_dags/example_task_group_decorator.py took 0.095 seconds
[2023-11-25T11:11:45.202+0000] {processor.py:157} INFO - Started process (PID=467) to work on /home/airflow/.local/lib/python3.8/site-packages/airflow/example_dags/example_task_group_decorator.py
[2023-11-25T11:11:45.203+0000] {processor.py:829} INFO - Processing file /home/airflow/.local/lib/python3.8/site-packages/airflow/example_dags/example_task_group_decorator.py for tasks to queue
[2023-11-25T11:11:45.205+0000] {logging_mixin.py:154} INFO - [2023-11-25T11:11:45.205+0000] {dagbag.py:536} INFO - Filling up the DagBag from /home/airflow/.local/lib/python3.8/site-packages/airflow/example_dags/example_task_group_decorator.py
[2023-11-25T11:11:45.219+0000] {processor.py:839} INFO - DAG(s) dict_keys(['example_task_group_decorator']) retrieved from /home/airflow/.local/lib/python3.8/site-packages/airflow/example_dags/example_task_group_decorator.py
[2023-11-25T11:11:45.249+0000] {logging_mixin.py:154} INFO - [2023-11-25T11:11:45.249+0000] {dag.py:2941} INFO - Sync 1 DAGs
[2023-11-25T11:11:45.276+0000] {logging_mixin.py:154} INFO - [2023-11-25T11:11:45.276+0000] {dag.py:3722} INFO - Setting next_dagrun for example_task_group_decorator to 2023-11-24T11:11:45.276555+00:00, run_after=2023-11-25T11:11:45.276555+00:00
[2023-11-25T11:11:45.297+0000] {processor.py:179} INFO - Processing /home/airflow/.local/lib/python3.8/site-packages/airflow/example_dags/example_task_group_decorator.py took 0.099 seconds
[2023-11-25T11:12:15.682+0000] {processor.py:157} INFO - Started process (PID=522) to work on /home/airflow/.local/lib/python3.8/site-packages/airflow/example_dags/example_task_group_decorator.py
[2023-11-25T11:12:15.687+0000] {processor.py:829} INFO - Processing file /home/airflow/.local/lib/python3.8/site-packages/airflow/example_dags/example_task_group_decorator.py for tasks to queue
[2023-11-25T11:12:15.689+0000] {logging_mixin.py:154} INFO - [2023-11-25T11:12:15.689+0000] {dagbag.py:536} INFO - Filling up the DagBag from /home/airflow/.local/lib/python3.8/site-packages/airflow/example_dags/example_task_group_decorator.py
[2023-11-25T11:12:15.722+0000] {processor.py:839} INFO - DAG(s) dict_keys(['example_task_group_decorator']) retrieved from /home/airflow/.local/lib/python3.8/site-packages/airflow/example_dags/example_task_group_decorator.py
[2023-11-25T11:12:15.762+0000] {logging_mixin.py:154} INFO - [2023-11-25T11:12:15.762+0000] {dag.py:2941} INFO - Sync 1 DAGs
[2023-11-25T11:12:15.793+0000] {logging_mixin.py:154} INFO - [2023-11-25T11:12:15.793+0000] {dag.py:3722} INFO - Setting next_dagrun for example_task_group_decorator to 2023-11-24T11:12:15.793159+00:00, run_after=2023-11-25T11:12:15.793159+00:00
[2023-11-25T11:12:15.837+0000] {processor.py:179} INFO - Processing /home/airflow/.local/lib/python3.8/site-packages/airflow/example_dags/example_task_group_decorator.py took 0.159 seconds
[2023-11-25T11:12:46.631+0000] {processor.py:157} INFO - Started process (PID=575) to work on /home/airflow/.local/lib/python3.8/site-packages/airflow/example_dags/example_task_group_decorator.py
[2023-11-25T11:12:46.632+0000] {processor.py:829} INFO - Processing file /home/airflow/.local/lib/python3.8/site-packages/airflow/example_dags/example_task_group_decorator.py for tasks to queue
[2023-11-25T11:12:46.634+0000] {logging_mixin.py:154} INFO - [2023-11-25T11:12:46.634+0000] {dagbag.py:536} INFO - Filling up the DagBag from /home/airflow/.local/lib/python3.8/site-packages/airflow/example_dags/example_task_group_decorator.py
[2023-11-25T11:12:46.651+0000] {processor.py:839} INFO - DAG(s) dict_keys(['example_task_group_decorator']) retrieved from /home/airflow/.local/lib/python3.8/site-packages/airflow/example_dags/example_task_group_decorator.py
[2023-11-25T11:12:46.684+0000] {logging_mixin.py:154} INFO - [2023-11-25T11:12:46.684+0000] {dag.py:2941} INFO - Sync 1 DAGs
[2023-11-25T11:12:46.705+0000] {logging_mixin.py:154} INFO - [2023-11-25T11:12:46.704+0000] {dag.py:3722} INFO - Setting next_dagrun for example_task_group_decorator to 2023-11-24T11:12:46.704748+00:00, run_after=2023-11-25T11:12:46.704748+00:00
[2023-11-25T11:12:46.744+0000] {processor.py:179} INFO - Processing /home/airflow/.local/lib/python3.8/site-packages/airflow/example_dags/example_task_group_decorator.py took 0.117 seconds
[2023-11-25T11:13:16.873+0000] {processor.py:157} INFO - Started process (PID=629) to work on /home/airflow/.local/lib/python3.8/site-packages/airflow/example_dags/example_task_group_decorator.py
[2023-11-25T11:13:16.874+0000] {processor.py:829} INFO - Processing file /home/airflow/.local/lib/python3.8/site-packages/airflow/example_dags/example_task_group_decorator.py for tasks to queue
[2023-11-25T11:13:16.877+0000] {logging_mixin.py:154} INFO - [2023-11-25T11:13:16.876+0000] {dagbag.py:536} INFO - Filling up the DagBag from /home/airflow/.local/lib/python3.8/site-packages/airflow/example_dags/example_task_group_decorator.py
[2023-11-25T11:13:16.897+0000] {processor.py:839} INFO - DAG(s) dict_keys(['example_task_group_decorator']) retrieved from /home/airflow/.local/lib/python3.8/site-packages/airflow/example_dags/example_task_group_decorator.py
[2023-11-25T11:13:16.929+0000] {logging_mixin.py:154} INFO - [2023-11-25T11:13:16.928+0000] {dag.py:2941} INFO - Sync 1 DAGs
[2023-11-25T11:13:16.956+0000] {logging_mixin.py:154} INFO - [2023-11-25T11:13:16.956+0000] {dag.py:3722} INFO - Setting next_dagrun for example_task_group_decorator to 2023-11-24T11:13:16.956061+00:00, run_after=2023-11-25T11:13:16.956061+00:00
[2023-11-25T11:13:16.980+0000] {processor.py:179} INFO - Processing /home/airflow/.local/lib/python3.8/site-packages/airflow/example_dags/example_task_group_decorator.py took 0.111 seconds
[2023-11-25T11:13:47.158+0000] {processor.py:157} INFO - Started process (PID=684) to work on /home/airflow/.local/lib/python3.8/site-packages/airflow/example_dags/example_task_group_decorator.py
[2023-11-25T11:13:47.159+0000] {processor.py:829} INFO - Processing file /home/airflow/.local/lib/python3.8/site-packages/airflow/example_dags/example_task_group_decorator.py for tasks to queue
[2023-11-25T11:13:47.165+0000] {logging_mixin.py:154} INFO - [2023-11-25T11:13:47.165+0000] {dagbag.py:536} INFO - Filling up the DagBag from /home/airflow/.local/lib/python3.8/site-packages/airflow/example_dags/example_task_group_decorator.py
[2023-11-25T11:13:47.185+0000] {processor.py:839} INFO - DAG(s) dict_keys(['example_task_group_decorator']) retrieved from /home/airflow/.local/lib/python3.8/site-packages/airflow/example_dags/example_task_group_decorator.py
[2023-11-25T11:13:47.209+0000] {logging_mixin.py:154} INFO - [2023-11-25T11:13:47.208+0000] {dag.py:2941} INFO - Sync 1 DAGs
[2023-11-25T11:13:47.243+0000] {logging_mixin.py:154} INFO - [2023-11-25T11:13:47.242+0000] {dag.py:3722} INFO - Setting next_dagrun for example_task_group_decorator to 2023-11-24T11:13:47.242778+00:00, run_after=2023-11-25T11:13:47.242778+00:00
[2023-11-25T11:13:47.276+0000] {processor.py:179} INFO - Processing /home/airflow/.local/lib/python3.8/site-packages/airflow/example_dags/example_task_group_decorator.py took 0.122 seconds
