[2023-11-25T10:23:21.922+0000] {processor.py:157} INFO - Started process (PID=68) to work on /home/airflow/.local/lib/python3.8/site-packages/airflow/example_dags/example_python_operator.py
[2023-11-25T10:23:21.923+0000] {processor.py:829} INFO - Processing file /home/airflow/.local/lib/python3.8/site-packages/airflow/example_dags/example_python_operator.py for tasks to queue
[2023-11-25T10:23:21.926+0000] {logging_mixin.py:154} INFO - [2023-11-25T10:23:21.925+0000] {dagbag.py:536} INFO - Filling up the DagBag from /home/airflow/.local/lib/python3.8/site-packages/airflow/example_dags/example_python_operator.py
[2023-11-25T10:23:21.944+0000] {processor.py:839} INFO - DAG(s) dict_keys(['example_python_operator']) retrieved from /home/airflow/.local/lib/python3.8/site-packages/airflow/example_dags/example_python_operator.py
[2023-11-25T10:23:22.196+0000] {logging_mixin.py:154} INFO - [2023-11-25T10:23:22.196+0000] {dag.py:2941} INFO - Sync 1 DAGs
[2023-11-25T10:23:22.208+0000] {logging_mixin.py:154} INFO - [2023-11-25T10:23:22.208+0000] {dag.py:3722} INFO - Setting next_dagrun for example_python_operator to None, run_after=None
[2023-11-25T10:23:22.256+0000] {processor.py:179} INFO - Processing /home/airflow/.local/lib/python3.8/site-packages/airflow/example_dags/example_python_operator.py took 0.338 seconds
[2023-11-25T10:23:52.511+0000] {processor.py:157} INFO - Started process (PID=123) to work on /home/airflow/.local/lib/python3.8/site-packages/airflow/example_dags/example_python_operator.py
[2023-11-25T10:23:52.513+0000] {processor.py:829} INFO - Processing file /home/airflow/.local/lib/python3.8/site-packages/airflow/example_dags/example_python_operator.py for tasks to queue
[2023-11-25T10:23:52.516+0000] {logging_mixin.py:154} INFO - [2023-11-25T10:23:52.515+0000] {dagbag.py:536} INFO - Filling up the DagBag from /home/airflow/.local/lib/python3.8/site-packages/airflow/example_dags/example_python_operator.py
[2023-11-25T10:23:52.530+0000] {processor.py:839} INFO - DAG(s) dict_keys(['example_python_operator']) retrieved from /home/airflow/.local/lib/python3.8/site-packages/airflow/example_dags/example_python_operator.py
[2023-11-25T10:23:52.556+0000] {logging_mixin.py:154} INFO - [2023-11-25T10:23:52.555+0000] {dag.py:2941} INFO - Sync 1 DAGs
[2023-11-25T10:23:52.568+0000] {logging_mixin.py:154} INFO - [2023-11-25T10:23:52.568+0000] {dag.py:3722} INFO - Setting next_dagrun for example_python_operator to None, run_after=None
[2023-11-25T10:23:52.588+0000] {processor.py:179} INFO - Processing /home/airflow/.local/lib/python3.8/site-packages/airflow/example_dags/example_python_operator.py took 0.081 seconds
[2023-11-25T10:24:22.914+0000] {processor.py:157} INFO - Started process (PID=176) to work on /home/airflow/.local/lib/python3.8/site-packages/airflow/example_dags/example_python_operator.py
[2023-11-25T10:24:22.918+0000] {processor.py:829} INFO - Processing file /home/airflow/.local/lib/python3.8/site-packages/airflow/example_dags/example_python_operator.py for tasks to queue
[2023-11-25T10:24:22.920+0000] {logging_mixin.py:154} INFO - [2023-11-25T10:24:22.920+0000] {dagbag.py:536} INFO - Filling up the DagBag from /home/airflow/.local/lib/python3.8/site-packages/airflow/example_dags/example_python_operator.py
[2023-11-25T10:24:22.952+0000] {processor.py:839} INFO - DAG(s) dict_keys(['example_python_operator']) retrieved from /home/airflow/.local/lib/python3.8/site-packages/airflow/example_dags/example_python_operator.py
[2023-11-25T10:24:22.991+0000] {logging_mixin.py:154} INFO - [2023-11-25T10:24:22.991+0000] {dag.py:2941} INFO - Sync 1 DAGs
[2023-11-25T10:24:23.010+0000] {logging_mixin.py:154} INFO - [2023-11-25T10:24:23.010+0000] {dag.py:3722} INFO - Setting next_dagrun for example_python_operator to None, run_after=None
[2023-11-25T10:24:23.040+0000] {processor.py:179} INFO - Processing /home/airflow/.local/lib/python3.8/site-packages/airflow/example_dags/example_python_operator.py took 0.135 seconds
[2023-11-25T10:24:53.167+0000] {processor.py:157} INFO - Started process (PID=230) to work on /home/airflow/.local/lib/python3.8/site-packages/airflow/example_dags/example_python_operator.py
[2023-11-25T10:24:53.172+0000] {processor.py:829} INFO - Processing file /home/airflow/.local/lib/python3.8/site-packages/airflow/example_dags/example_python_operator.py for tasks to queue
[2023-11-25T10:24:53.176+0000] {logging_mixin.py:154} INFO - [2023-11-25T10:24:53.175+0000] {dagbag.py:536} INFO - Filling up the DagBag from /home/airflow/.local/lib/python3.8/site-packages/airflow/example_dags/example_python_operator.py
[2023-11-25T10:24:53.195+0000] {processor.py:839} INFO - DAG(s) dict_keys(['example_python_operator']) retrieved from /home/airflow/.local/lib/python3.8/site-packages/airflow/example_dags/example_python_operator.py
[2023-11-25T10:24:53.228+0000] {logging_mixin.py:154} INFO - [2023-11-25T10:24:53.228+0000] {dag.py:2941} INFO - Sync 1 DAGs
[2023-11-25T10:24:53.242+0000] {logging_mixin.py:154} INFO - [2023-11-25T10:24:53.242+0000] {dag.py:3722} INFO - Setting next_dagrun for example_python_operator to None, run_after=None
[2023-11-25T10:24:53.260+0000] {processor.py:179} INFO - Processing /home/airflow/.local/lib/python3.8/site-packages/airflow/example_dags/example_python_operator.py took 0.099 seconds
[2023-11-25T10:25:23.715+0000] {processor.py:157} INFO - Started process (PID=284) to work on /home/airflow/.local/lib/python3.8/site-packages/airflow/example_dags/example_python_operator.py
[2023-11-25T10:25:23.716+0000] {processor.py:829} INFO - Processing file /home/airflow/.local/lib/python3.8/site-packages/airflow/example_dags/example_python_operator.py for tasks to queue
[2023-11-25T10:25:23.719+0000] {logging_mixin.py:154} INFO - [2023-11-25T10:25:23.719+0000] {dagbag.py:536} INFO - Filling up the DagBag from /home/airflow/.local/lib/python3.8/site-packages/airflow/example_dags/example_python_operator.py
[2023-11-25T10:25:23.732+0000] {processor.py:839} INFO - DAG(s) dict_keys(['example_python_operator']) retrieved from /home/airflow/.local/lib/python3.8/site-packages/airflow/example_dags/example_python_operator.py
[2023-11-25T10:25:23.761+0000] {logging_mixin.py:154} INFO - [2023-11-25T10:25:23.761+0000] {dag.py:2941} INFO - Sync 1 DAGs
[2023-11-25T10:25:23.776+0000] {logging_mixin.py:154} INFO - [2023-11-25T10:25:23.776+0000] {dag.py:3722} INFO - Setting next_dagrun for example_python_operator to None, run_after=None
[2023-11-25T10:25:23.823+0000] {processor.py:179} INFO - Processing /home/airflow/.local/lib/python3.8/site-packages/airflow/example_dags/example_python_operator.py took 0.111 seconds
[2023-11-25T10:25:54.196+0000] {processor.py:157} INFO - Started process (PID=338) to work on /home/airflow/.local/lib/python3.8/site-packages/airflow/example_dags/example_python_operator.py
[2023-11-25T10:25:54.197+0000] {processor.py:829} INFO - Processing file /home/airflow/.local/lib/python3.8/site-packages/airflow/example_dags/example_python_operator.py for tasks to queue
[2023-11-25T10:25:54.199+0000] {logging_mixin.py:154} INFO - [2023-11-25T10:25:54.198+0000] {dagbag.py:536} INFO - Filling up the DagBag from /home/airflow/.local/lib/python3.8/site-packages/airflow/example_dags/example_python_operator.py
[2023-11-25T10:25:54.208+0000] {processor.py:839} INFO - DAG(s) dict_keys(['example_python_operator']) retrieved from /home/airflow/.local/lib/python3.8/site-packages/airflow/example_dags/example_python_operator.py
[2023-11-25T10:25:54.230+0000] {logging_mixin.py:154} INFO - [2023-11-25T10:25:54.229+0000] {dag.py:2941} INFO - Sync 1 DAGs
[2023-11-25T10:25:54.242+0000] {logging_mixin.py:154} INFO - [2023-11-25T10:25:54.241+0000] {dag.py:3722} INFO - Setting next_dagrun for example_python_operator to None, run_after=None
[2023-11-25T10:25:54.266+0000] {processor.py:179} INFO - Processing /home/airflow/.local/lib/python3.8/site-packages/airflow/example_dags/example_python_operator.py took 0.073 seconds
[2023-11-25T10:26:24.841+0000] {processor.py:157} INFO - Started process (PID=392) to work on /home/airflow/.local/lib/python3.8/site-packages/airflow/example_dags/example_python_operator.py
[2023-11-25T10:26:24.841+0000] {processor.py:829} INFO - Processing file /home/airflow/.local/lib/python3.8/site-packages/airflow/example_dags/example_python_operator.py for tasks to queue
[2023-11-25T10:26:24.843+0000] {logging_mixin.py:154} INFO - [2023-11-25T10:26:24.843+0000] {dagbag.py:536} INFO - Filling up the DagBag from /home/airflow/.local/lib/python3.8/site-packages/airflow/example_dags/example_python_operator.py
[2023-11-25T10:26:24.853+0000] {processor.py:839} INFO - DAG(s) dict_keys(['example_python_operator']) retrieved from /home/airflow/.local/lib/python3.8/site-packages/airflow/example_dags/example_python_operator.py
[2023-11-25T10:26:24.878+0000] {logging_mixin.py:154} INFO - [2023-11-25T10:26:24.878+0000] {dag.py:2941} INFO - Sync 1 DAGs
[2023-11-25T10:26:24.894+0000] {logging_mixin.py:154} INFO - [2023-11-25T10:26:24.894+0000] {dag.py:3722} INFO - Setting next_dagrun for example_python_operator to None, run_after=None
[2023-11-25T10:26:24.916+0000] {processor.py:179} INFO - Processing /home/airflow/.local/lib/python3.8/site-packages/airflow/example_dags/example_python_operator.py took 0.078 seconds
[2023-11-25T10:26:55.391+0000] {processor.py:157} INFO - Started process (PID=446) to work on /home/airflow/.local/lib/python3.8/site-packages/airflow/example_dags/example_python_operator.py
[2023-11-25T10:26:55.392+0000] {processor.py:829} INFO - Processing file /home/airflow/.local/lib/python3.8/site-packages/airflow/example_dags/example_python_operator.py for tasks to queue
[2023-11-25T10:26:55.394+0000] {logging_mixin.py:154} INFO - [2023-11-25T10:26:55.394+0000] {dagbag.py:536} INFO - Filling up the DagBag from /home/airflow/.local/lib/python3.8/site-packages/airflow/example_dags/example_python_operator.py
[2023-11-25T10:26:55.405+0000] {processor.py:839} INFO - DAG(s) dict_keys(['example_python_operator']) retrieved from /home/airflow/.local/lib/python3.8/site-packages/airflow/example_dags/example_python_operator.py
[2023-11-25T10:26:55.430+0000] {logging_mixin.py:154} INFO - [2023-11-25T10:26:55.430+0000] {dag.py:2941} INFO - Sync 1 DAGs
[2023-11-25T10:26:55.445+0000] {logging_mixin.py:154} INFO - [2023-11-25T10:26:55.444+0000] {dag.py:3722} INFO - Setting next_dagrun for example_python_operator to None, run_after=None
[2023-11-25T10:26:55.479+0000] {processor.py:179} INFO - Processing /home/airflow/.local/lib/python3.8/site-packages/airflow/example_dags/example_python_operator.py took 0.092 seconds
[2023-11-25T10:27:25.908+0000] {processor.py:157} INFO - Started process (PID=500) to work on /home/airflow/.local/lib/python3.8/site-packages/airflow/example_dags/example_python_operator.py
[2023-11-25T10:27:25.909+0000] {processor.py:829} INFO - Processing file /home/airflow/.local/lib/python3.8/site-packages/airflow/example_dags/example_python_operator.py for tasks to queue
[2023-11-25T10:27:25.911+0000] {logging_mixin.py:154} INFO - [2023-11-25T10:27:25.910+0000] {dagbag.py:536} INFO - Filling up the DagBag from /home/airflow/.local/lib/python3.8/site-packages/airflow/example_dags/example_python_operator.py
[2023-11-25T10:27:25.920+0000] {processor.py:839} INFO - DAG(s) dict_keys(['example_python_operator']) retrieved from /home/airflow/.local/lib/python3.8/site-packages/airflow/example_dags/example_python_operator.py
[2023-11-25T10:27:25.943+0000] {logging_mixin.py:154} INFO - [2023-11-25T10:27:25.942+0000] {dag.py:2941} INFO - Sync 1 DAGs
[2023-11-25T10:27:25.965+0000] {logging_mixin.py:154} INFO - [2023-11-25T10:27:25.963+0000] {dag.py:3722} INFO - Setting next_dagrun for example_python_operator to None, run_after=None
[2023-11-25T10:27:25.994+0000] {processor.py:179} INFO - Processing /home/airflow/.local/lib/python3.8/site-packages/airflow/example_dags/example_python_operator.py took 0.089 seconds
[2023-11-25T10:27:57.070+0000] {processor.py:157} INFO - Started process (PID=560) to work on /home/airflow/.local/lib/python3.8/site-packages/airflow/example_dags/example_python_operator.py
[2023-11-25T10:27:57.071+0000] {processor.py:829} INFO - Processing file /home/airflow/.local/lib/python3.8/site-packages/airflow/example_dags/example_python_operator.py for tasks to queue
[2023-11-25T10:27:57.074+0000] {logging_mixin.py:154} INFO - [2023-11-25T10:27:57.074+0000] {dagbag.py:536} INFO - Filling up the DagBag from /home/airflow/.local/lib/python3.8/site-packages/airflow/example_dags/example_python_operator.py
[2023-11-25T10:27:57.090+0000] {processor.py:839} INFO - DAG(s) dict_keys(['example_python_operator']) retrieved from /home/airflow/.local/lib/python3.8/site-packages/airflow/example_dags/example_python_operator.py
[2023-11-25T10:27:57.123+0000] {logging_mixin.py:154} INFO - [2023-11-25T10:27:57.123+0000] {dag.py:2941} INFO - Sync 1 DAGs
[2023-11-25T10:27:57.145+0000] {logging_mixin.py:154} INFO - [2023-11-25T10:27:57.145+0000] {dag.py:3722} INFO - Setting next_dagrun for example_python_operator to None, run_after=None
[2023-11-25T10:27:57.175+0000] {processor.py:179} INFO - Processing /home/airflow/.local/lib/python3.8/site-packages/airflow/example_dags/example_python_operator.py took 0.109 seconds
[2023-11-25T10:28:27.845+0000] {processor.py:157} INFO - Started process (PID=613) to work on /home/airflow/.local/lib/python3.8/site-packages/airflow/example_dags/example_python_operator.py
[2023-11-25T10:28:27.846+0000] {processor.py:829} INFO - Processing file /home/airflow/.local/lib/python3.8/site-packages/airflow/example_dags/example_python_operator.py for tasks to queue
[2023-11-25T10:28:27.848+0000] {logging_mixin.py:154} INFO - [2023-11-25T10:28:27.848+0000] {dagbag.py:536} INFO - Filling up the DagBag from /home/airflow/.local/lib/python3.8/site-packages/airflow/example_dags/example_python_operator.py
[2023-11-25T10:28:27.861+0000] {processor.py:839} INFO - DAG(s) dict_keys(['example_python_operator']) retrieved from /home/airflow/.local/lib/python3.8/site-packages/airflow/example_dags/example_python_operator.py
[2023-11-25T10:28:27.890+0000] {logging_mixin.py:154} INFO - [2023-11-25T10:28:27.890+0000] {dag.py:2941} INFO - Sync 1 DAGs
[2023-11-25T10:28:27.905+0000] {logging_mixin.py:154} INFO - [2023-11-25T10:28:27.905+0000] {dag.py:3722} INFO - Setting next_dagrun for example_python_operator to None, run_after=None
[2023-11-25T10:28:27.929+0000] {processor.py:179} INFO - Processing /home/airflow/.local/lib/python3.8/site-packages/airflow/example_dags/example_python_operator.py took 0.087 seconds
[2023-11-25T10:28:58.045+0000] {processor.py:157} INFO - Started process (PID=667) to work on /home/airflow/.local/lib/python3.8/site-packages/airflow/example_dags/example_python_operator.py
[2023-11-25T10:28:58.046+0000] {processor.py:829} INFO - Processing file /home/airflow/.local/lib/python3.8/site-packages/airflow/example_dags/example_python_operator.py for tasks to queue
[2023-11-25T10:28:58.049+0000] {logging_mixin.py:154} INFO - [2023-11-25T10:28:58.048+0000] {dagbag.py:536} INFO - Filling up the DagBag from /home/airflow/.local/lib/python3.8/site-packages/airflow/example_dags/example_python_operator.py
[2023-11-25T10:28:58.064+0000] {processor.py:839} INFO - DAG(s) dict_keys(['example_python_operator']) retrieved from /home/airflow/.local/lib/python3.8/site-packages/airflow/example_dags/example_python_operator.py
[2023-11-25T10:28:58.102+0000] {logging_mixin.py:154} INFO - [2023-11-25T10:28:58.102+0000] {dag.py:2941} INFO - Sync 1 DAGs
[2023-11-25T10:28:58.120+0000] {logging_mixin.py:154} INFO - [2023-11-25T10:28:58.120+0000] {dag.py:3722} INFO - Setting next_dagrun for example_python_operator to None, run_after=None
[2023-11-25T10:28:58.153+0000] {processor.py:179} INFO - Processing /home/airflow/.local/lib/python3.8/site-packages/airflow/example_dags/example_python_operator.py took 0.113 seconds
[2023-11-25T10:29:29.016+0000] {processor.py:157} INFO - Started process (PID=721) to work on /home/airflow/.local/lib/python3.8/site-packages/airflow/example_dags/example_python_operator.py
[2023-11-25T10:29:29.018+0000] {processor.py:829} INFO - Processing file /home/airflow/.local/lib/python3.8/site-packages/airflow/example_dags/example_python_operator.py for tasks to queue
[2023-11-25T10:29:29.020+0000] {logging_mixin.py:154} INFO - [2023-11-25T10:29:29.020+0000] {dagbag.py:536} INFO - Filling up the DagBag from /home/airflow/.local/lib/python3.8/site-packages/airflow/example_dags/example_python_operator.py
[2023-11-25T10:29:29.036+0000] {processor.py:839} INFO - DAG(s) dict_keys(['example_python_operator']) retrieved from /home/airflow/.local/lib/python3.8/site-packages/airflow/example_dags/example_python_operator.py
[2023-11-25T10:29:29.069+0000] {logging_mixin.py:154} INFO - [2023-11-25T10:29:29.069+0000] {dag.py:2941} INFO - Sync 1 DAGs
[2023-11-25T10:29:29.088+0000] {logging_mixin.py:154} INFO - [2023-11-25T10:29:29.087+0000] {dag.py:3722} INFO - Setting next_dagrun for example_python_operator to None, run_after=None
[2023-11-25T10:29:29.118+0000] {processor.py:179} INFO - Processing /home/airflow/.local/lib/python3.8/site-packages/airflow/example_dags/example_python_operator.py took 0.106 seconds
[2023-11-25T10:29:59.197+0000] {processor.py:157} INFO - Started process (PID=775) to work on /home/airflow/.local/lib/python3.8/site-packages/airflow/example_dags/example_python_operator.py
[2023-11-25T10:29:59.197+0000] {processor.py:829} INFO - Processing file /home/airflow/.local/lib/python3.8/site-packages/airflow/example_dags/example_python_operator.py for tasks to queue
[2023-11-25T10:29:59.199+0000] {logging_mixin.py:154} INFO - [2023-11-25T10:29:59.199+0000] {dagbag.py:536} INFO - Filling up the DagBag from /home/airflow/.local/lib/python3.8/site-packages/airflow/example_dags/example_python_operator.py
[2023-11-25T10:29:59.212+0000] {processor.py:839} INFO - DAG(s) dict_keys(['example_python_operator']) retrieved from /home/airflow/.local/lib/python3.8/site-packages/airflow/example_dags/example_python_operator.py
[2023-11-25T10:29:59.239+0000] {logging_mixin.py:154} INFO - [2023-11-25T10:29:59.239+0000] {dag.py:2941} INFO - Sync 1 DAGs
[2023-11-25T10:29:59.256+0000] {logging_mixin.py:154} INFO - [2023-11-25T10:29:59.256+0000] {dag.py:3722} INFO - Setting next_dagrun for example_python_operator to None, run_after=None
[2023-11-25T10:29:59.300+0000] {processor.py:179} INFO - Processing /home/airflow/.local/lib/python3.8/site-packages/airflow/example_dags/example_python_operator.py took 0.106 seconds
[2023-11-25T10:30:29.699+0000] {processor.py:157} INFO - Started process (PID=829) to work on /home/airflow/.local/lib/python3.8/site-packages/airflow/example_dags/example_python_operator.py
[2023-11-25T10:30:29.709+0000] {processor.py:829} INFO - Processing file /home/airflow/.local/lib/python3.8/site-packages/airflow/example_dags/example_python_operator.py for tasks to queue
[2023-11-25T10:30:29.710+0000] {logging_mixin.py:154} INFO - [2023-11-25T10:30:29.710+0000] {dagbag.py:536} INFO - Filling up the DagBag from /home/airflow/.local/lib/python3.8/site-packages/airflow/example_dags/example_python_operator.py
[2023-11-25T10:30:29.724+0000] {processor.py:839} INFO - DAG(s) dict_keys(['example_python_operator']) retrieved from /home/airflow/.local/lib/python3.8/site-packages/airflow/example_dags/example_python_operator.py
[2023-11-25T10:30:29.751+0000] {logging_mixin.py:154} INFO - [2023-11-25T10:30:29.751+0000] {dag.py:2941} INFO - Sync 1 DAGs
[2023-11-25T10:30:29.769+0000] {logging_mixin.py:154} INFO - [2023-11-25T10:30:29.769+0000] {dag.py:3722} INFO - Setting next_dagrun for example_python_operator to None, run_after=None
[2023-11-25T10:30:29.816+0000] {processor.py:179} INFO - Processing /home/airflow/.local/lib/python3.8/site-packages/airflow/example_dags/example_python_operator.py took 0.120 seconds
[2023-11-25T10:31:00.331+0000] {processor.py:157} INFO - Started process (PID=882) to work on /home/airflow/.local/lib/python3.8/site-packages/airflow/example_dags/example_python_operator.py
[2023-11-25T10:31:00.332+0000] {processor.py:829} INFO - Processing file /home/airflow/.local/lib/python3.8/site-packages/airflow/example_dags/example_python_operator.py for tasks to queue
[2023-11-25T10:31:00.333+0000] {logging_mixin.py:154} INFO - [2023-11-25T10:31:00.333+0000] {dagbag.py:536} INFO - Filling up the DagBag from /home/airflow/.local/lib/python3.8/site-packages/airflow/example_dags/example_python_operator.py
[2023-11-25T10:31:00.342+0000] {processor.py:839} INFO - DAG(s) dict_keys(['example_python_operator']) retrieved from /home/airflow/.local/lib/python3.8/site-packages/airflow/example_dags/example_python_operator.py
[2023-11-25T10:31:00.363+0000] {logging_mixin.py:154} INFO - [2023-11-25T10:31:00.363+0000] {dag.py:2941} INFO - Sync 1 DAGs
[2023-11-25T10:31:00.374+0000] {logging_mixin.py:154} INFO - [2023-11-25T10:31:00.374+0000] {dag.py:3722} INFO - Setting next_dagrun for example_python_operator to None, run_after=None
[2023-11-25T10:31:00.388+0000] {processor.py:179} INFO - Processing /home/airflow/.local/lib/python3.8/site-packages/airflow/example_dags/example_python_operator.py took 0.060 seconds
[2023-11-25T10:31:30.599+0000] {processor.py:157} INFO - Started process (PID=935) to work on /home/airflow/.local/lib/python3.8/site-packages/airflow/example_dags/example_python_operator.py
[2023-11-25T10:31:30.599+0000] {processor.py:829} INFO - Processing file /home/airflow/.local/lib/python3.8/site-packages/airflow/example_dags/example_python_operator.py for tasks to queue
[2023-11-25T10:31:30.602+0000] {logging_mixin.py:154} INFO - [2023-11-25T10:31:30.602+0000] {dagbag.py:536} INFO - Filling up the DagBag from /home/airflow/.local/lib/python3.8/site-packages/airflow/example_dags/example_python_operator.py
[2023-11-25T10:31:30.618+0000] {processor.py:839} INFO - DAG(s) dict_keys(['example_python_operator']) retrieved from /home/airflow/.local/lib/python3.8/site-packages/airflow/example_dags/example_python_operator.py
[2023-11-25T10:31:30.655+0000] {logging_mixin.py:154} INFO - [2023-11-25T10:31:30.655+0000] {dag.py:2941} INFO - Sync 1 DAGs
[2023-11-25T10:31:30.677+0000] {logging_mixin.py:154} INFO - [2023-11-25T10:31:30.676+0000] {dag.py:3722} INFO - Setting next_dagrun for example_python_operator to None, run_after=None
[2023-11-25T10:31:30.704+0000] {processor.py:179} INFO - Processing /home/airflow/.local/lib/python3.8/site-packages/airflow/example_dags/example_python_operator.py took 0.113 seconds
[2023-11-25T10:32:01.524+0000] {processor.py:157} INFO - Started process (PID=990) to work on /home/airflow/.local/lib/python3.8/site-packages/airflow/example_dags/example_python_operator.py
[2023-11-25T10:32:01.527+0000] {processor.py:829} INFO - Processing file /home/airflow/.local/lib/python3.8/site-packages/airflow/example_dags/example_python_operator.py for tasks to queue
[2023-11-25T10:32:01.530+0000] {logging_mixin.py:154} INFO - [2023-11-25T10:32:01.529+0000] {dagbag.py:536} INFO - Filling up the DagBag from /home/airflow/.local/lib/python3.8/site-packages/airflow/example_dags/example_python_operator.py
[2023-11-25T10:32:01.546+0000] {processor.py:839} INFO - DAG(s) dict_keys(['example_python_operator']) retrieved from /home/airflow/.local/lib/python3.8/site-packages/airflow/example_dags/example_python_operator.py
[2023-11-25T10:32:01.572+0000] {logging_mixin.py:154} INFO - [2023-11-25T10:32:01.572+0000] {dag.py:2941} INFO - Sync 1 DAGs
[2023-11-25T10:32:01.592+0000] {logging_mixin.py:154} INFO - [2023-11-25T10:32:01.592+0000] {dag.py:3722} INFO - Setting next_dagrun for example_python_operator to None, run_after=None
[2023-11-25T10:32:01.652+0000] {processor.py:179} INFO - Processing /home/airflow/.local/lib/python3.8/site-packages/airflow/example_dags/example_python_operator.py took 0.132 seconds
[2023-11-25T10:32:32.472+0000] {processor.py:157} INFO - Started process (PID=1044) to work on /home/airflow/.local/lib/python3.8/site-packages/airflow/example_dags/example_python_operator.py
[2023-11-25T10:32:32.474+0000] {processor.py:829} INFO - Processing file /home/airflow/.local/lib/python3.8/site-packages/airflow/example_dags/example_python_operator.py for tasks to queue
[2023-11-25T10:32:32.480+0000] {logging_mixin.py:154} INFO - [2023-11-25T10:32:32.479+0000] {dagbag.py:536} INFO - Filling up the DagBag from /home/airflow/.local/lib/python3.8/site-packages/airflow/example_dags/example_python_operator.py
[2023-11-25T10:32:32.503+0000] {processor.py:839} INFO - DAG(s) dict_keys(['example_python_operator']) retrieved from /home/airflow/.local/lib/python3.8/site-packages/airflow/example_dags/example_python_operator.py
[2023-11-25T10:32:32.535+0000] {logging_mixin.py:154} INFO - [2023-11-25T10:32:32.535+0000] {dag.py:2941} INFO - Sync 1 DAGs
[2023-11-25T10:32:32.554+0000] {logging_mixin.py:154} INFO - [2023-11-25T10:32:32.554+0000] {dag.py:3722} INFO - Setting next_dagrun for example_python_operator to None, run_after=None
[2023-11-25T10:32:32.579+0000] {processor.py:179} INFO - Processing /home/airflow/.local/lib/python3.8/site-packages/airflow/example_dags/example_python_operator.py took 0.116 seconds
[2023-11-25T10:33:03.405+0000] {processor.py:157} INFO - Started process (PID=1098) to work on /home/airflow/.local/lib/python3.8/site-packages/airflow/example_dags/example_python_operator.py
[2023-11-25T10:33:03.407+0000] {processor.py:829} INFO - Processing file /home/airflow/.local/lib/python3.8/site-packages/airflow/example_dags/example_python_operator.py for tasks to queue
[2023-11-25T10:33:03.410+0000] {logging_mixin.py:154} INFO - [2023-11-25T10:33:03.410+0000] {dagbag.py:536} INFO - Filling up the DagBag from /home/airflow/.local/lib/python3.8/site-packages/airflow/example_dags/example_python_operator.py
[2023-11-25T10:33:03.426+0000] {processor.py:839} INFO - DAG(s) dict_keys(['example_python_operator']) retrieved from /home/airflow/.local/lib/python3.8/site-packages/airflow/example_dags/example_python_operator.py
[2023-11-25T10:33:03.460+0000] {logging_mixin.py:154} INFO - [2023-11-25T10:33:03.460+0000] {dag.py:2941} INFO - Sync 1 DAGs
[2023-11-25T10:33:03.478+0000] {logging_mixin.py:154} INFO - [2023-11-25T10:33:03.477+0000] {dag.py:3722} INFO - Setting next_dagrun for example_python_operator to None, run_after=None
[2023-11-25T10:33:03.535+0000] {processor.py:179} INFO - Processing /home/airflow/.local/lib/python3.8/site-packages/airflow/example_dags/example_python_operator.py took 0.135 seconds
[2023-11-25T10:33:33.679+0000] {processor.py:157} INFO - Started process (PID=1152) to work on /home/airflow/.local/lib/python3.8/site-packages/airflow/example_dags/example_python_operator.py
[2023-11-25T10:33:33.680+0000] {processor.py:829} INFO - Processing file /home/airflow/.local/lib/python3.8/site-packages/airflow/example_dags/example_python_operator.py for tasks to queue
[2023-11-25T10:33:33.682+0000] {logging_mixin.py:154} INFO - [2023-11-25T10:33:33.681+0000] {dagbag.py:536} INFO - Filling up the DagBag from /home/airflow/.local/lib/python3.8/site-packages/airflow/example_dags/example_python_operator.py
[2023-11-25T10:33:33.697+0000] {processor.py:839} INFO - DAG(s) dict_keys(['example_python_operator']) retrieved from /home/airflow/.local/lib/python3.8/site-packages/airflow/example_dags/example_python_operator.py
[2023-11-25T10:33:33.727+0000] {logging_mixin.py:154} INFO - [2023-11-25T10:33:33.727+0000] {dag.py:2941} INFO - Sync 1 DAGs
[2023-11-25T10:33:33.746+0000] {logging_mixin.py:154} INFO - [2023-11-25T10:33:33.746+0000] {dag.py:3722} INFO - Setting next_dagrun for example_python_operator to None, run_after=None
[2023-11-25T10:33:33.776+0000] {processor.py:179} INFO - Processing /home/airflow/.local/lib/python3.8/site-packages/airflow/example_dags/example_python_operator.py took 0.102 seconds
[2023-11-25T10:34:04.460+0000] {processor.py:157} INFO - Started process (PID=1204) to work on /home/airflow/.local/lib/python3.8/site-packages/airflow/example_dags/example_python_operator.py
[2023-11-25T10:34:04.461+0000] {processor.py:829} INFO - Processing file /home/airflow/.local/lib/python3.8/site-packages/airflow/example_dags/example_python_operator.py for tasks to queue
[2023-11-25T10:34:04.463+0000] {logging_mixin.py:154} INFO - [2023-11-25T10:34:04.463+0000] {dagbag.py:536} INFO - Filling up the DagBag from /home/airflow/.local/lib/python3.8/site-packages/airflow/example_dags/example_python_operator.py
[2023-11-25T10:34:04.472+0000] {processor.py:839} INFO - DAG(s) dict_keys(['example_python_operator']) retrieved from /home/airflow/.local/lib/python3.8/site-packages/airflow/example_dags/example_python_operator.py
[2023-11-25T10:34:04.499+0000] {logging_mixin.py:154} INFO - [2023-11-25T10:34:04.499+0000] {dag.py:2941} INFO - Sync 1 DAGs
[2023-11-25T10:34:04.514+0000] {logging_mixin.py:154} INFO - [2023-11-25T10:34:04.514+0000] {dag.py:3722} INFO - Setting next_dagrun for example_python_operator to None, run_after=None
[2023-11-25T10:34:04.541+0000] {processor.py:179} INFO - Processing /home/airflow/.local/lib/python3.8/site-packages/airflow/example_dags/example_python_operator.py took 0.084 seconds
[2023-11-25T10:34:36.367+0000] {processor.py:157} INFO - Started process (PID=1259) to work on /home/airflow/.local/lib/python3.8/site-packages/airflow/example_dags/example_python_operator.py
[2023-11-25T10:34:36.368+0000] {processor.py:829} INFO - Processing file /home/airflow/.local/lib/python3.8/site-packages/airflow/example_dags/example_python_operator.py for tasks to queue
[2023-11-25T10:34:36.371+0000] {logging_mixin.py:154} INFO - [2023-11-25T10:34:36.371+0000] {dagbag.py:536} INFO - Filling up the DagBag from /home/airflow/.local/lib/python3.8/site-packages/airflow/example_dags/example_python_operator.py
[2023-11-25T10:34:36.384+0000] {processor.py:839} INFO - DAG(s) dict_keys(['example_python_operator']) retrieved from /home/airflow/.local/lib/python3.8/site-packages/airflow/example_dags/example_python_operator.py
[2023-11-25T10:34:36.413+0000] {logging_mixin.py:154} INFO - [2023-11-25T10:34:36.412+0000] {dag.py:2941} INFO - Sync 1 DAGs
[2023-11-25T10:34:36.602+0000] {logging_mixin.py:154} INFO - [2023-11-25T10:34:36.601+0000] {dag.py:3722} INFO - Setting next_dagrun for example_python_operator to None, run_after=None
[2023-11-25T10:34:36.626+0000] {processor.py:179} INFO - Processing /home/airflow/.local/lib/python3.8/site-packages/airflow/example_dags/example_python_operator.py took 0.263 seconds
[2023-11-25T10:35:07.294+0000] {processor.py:157} INFO - Started process (PID=1313) to work on /home/airflow/.local/lib/python3.8/site-packages/airflow/example_dags/example_python_operator.py
[2023-11-25T10:35:07.295+0000] {processor.py:829} INFO - Processing file /home/airflow/.local/lib/python3.8/site-packages/airflow/example_dags/example_python_operator.py for tasks to queue
[2023-11-25T10:35:07.297+0000] {logging_mixin.py:154} INFO - [2023-11-25T10:35:07.297+0000] {dagbag.py:536} INFO - Filling up the DagBag from /home/airflow/.local/lib/python3.8/site-packages/airflow/example_dags/example_python_operator.py
[2023-11-25T10:35:07.306+0000] {processor.py:839} INFO - DAG(s) dict_keys(['example_python_operator']) retrieved from /home/airflow/.local/lib/python3.8/site-packages/airflow/example_dags/example_python_operator.py
[2023-11-25T10:35:07.336+0000] {logging_mixin.py:154} INFO - [2023-11-25T10:35:07.336+0000] {dag.py:2941} INFO - Sync 1 DAGs
[2023-11-25T10:35:07.353+0000] {logging_mixin.py:154} INFO - [2023-11-25T10:35:07.353+0000] {dag.py:3722} INFO - Setting next_dagrun for example_python_operator to None, run_after=None
[2023-11-25T10:35:07.373+0000] {processor.py:179} INFO - Processing /home/airflow/.local/lib/python3.8/site-packages/airflow/example_dags/example_python_operator.py took 0.082 seconds
[2023-11-25T10:35:37.908+0000] {processor.py:157} INFO - Started process (PID=1367) to work on /home/airflow/.local/lib/python3.8/site-packages/airflow/example_dags/example_python_operator.py
[2023-11-25T10:35:37.909+0000] {processor.py:829} INFO - Processing file /home/airflow/.local/lib/python3.8/site-packages/airflow/example_dags/example_python_operator.py for tasks to queue
[2023-11-25T10:35:37.911+0000] {logging_mixin.py:154} INFO - [2023-11-25T10:35:37.911+0000] {dagbag.py:536} INFO - Filling up the DagBag from /home/airflow/.local/lib/python3.8/site-packages/airflow/example_dags/example_python_operator.py
[2023-11-25T10:35:37.923+0000] {processor.py:839} INFO - DAG(s) dict_keys(['example_python_operator']) retrieved from /home/airflow/.local/lib/python3.8/site-packages/airflow/example_dags/example_python_operator.py
[2023-11-25T10:35:37.956+0000] {logging_mixin.py:154} INFO - [2023-11-25T10:35:37.956+0000] {dag.py:2941} INFO - Sync 1 DAGs
[2023-11-25T10:35:37.975+0000] {logging_mixin.py:154} INFO - [2023-11-25T10:35:37.975+0000] {dag.py:3722} INFO - Setting next_dagrun for example_python_operator to None, run_after=None
[2023-11-25T10:35:38.016+0000] {processor.py:179} INFO - Processing /home/airflow/.local/lib/python3.8/site-packages/airflow/example_dags/example_python_operator.py took 0.116 seconds
[2023-11-25T10:36:08.058+0000] {processor.py:157} INFO - Started process (PID=1420) to work on /home/airflow/.local/lib/python3.8/site-packages/airflow/example_dags/example_python_operator.py
[2023-11-25T10:36:08.059+0000] {processor.py:829} INFO - Processing file /home/airflow/.local/lib/python3.8/site-packages/airflow/example_dags/example_python_operator.py for tasks to queue
[2023-11-25T10:36:08.061+0000] {logging_mixin.py:154} INFO - [2023-11-25T10:36:08.060+0000] {dagbag.py:536} INFO - Filling up the DagBag from /home/airflow/.local/lib/python3.8/site-packages/airflow/example_dags/example_python_operator.py
[2023-11-25T10:36:08.074+0000] {processor.py:839} INFO - DAG(s) dict_keys(['example_python_operator']) retrieved from /home/airflow/.local/lib/python3.8/site-packages/airflow/example_dags/example_python_operator.py
[2023-11-25T10:36:08.102+0000] {logging_mixin.py:154} INFO - [2023-11-25T10:36:08.101+0000] {dag.py:2941} INFO - Sync 1 DAGs
[2023-11-25T10:36:08.120+0000] {logging_mixin.py:154} INFO - [2023-11-25T10:36:08.120+0000] {dag.py:3722} INFO - Setting next_dagrun for example_python_operator to None, run_after=None
[2023-11-25T10:36:08.303+0000] {processor.py:179} INFO - Processing /home/airflow/.local/lib/python3.8/site-packages/airflow/example_dags/example_python_operator.py took 0.248 seconds
[2023-11-25T10:36:38.522+0000] {processor.py:157} INFO - Started process (PID=1474) to work on /home/airflow/.local/lib/python3.8/site-packages/airflow/example_dags/example_python_operator.py
[2023-11-25T10:36:38.523+0000] {processor.py:829} INFO - Processing file /home/airflow/.local/lib/python3.8/site-packages/airflow/example_dags/example_python_operator.py for tasks to queue
[2023-11-25T10:36:38.526+0000] {logging_mixin.py:154} INFO - [2023-11-25T10:36:38.525+0000] {dagbag.py:536} INFO - Filling up the DagBag from /home/airflow/.local/lib/python3.8/site-packages/airflow/example_dags/example_python_operator.py
[2023-11-25T10:36:38.538+0000] {processor.py:839} INFO - DAG(s) dict_keys(['example_python_operator']) retrieved from /home/airflow/.local/lib/python3.8/site-packages/airflow/example_dags/example_python_operator.py
[2023-11-25T10:36:38.562+0000] {logging_mixin.py:154} INFO - [2023-11-25T10:36:38.562+0000] {dag.py:2941} INFO - Sync 1 DAGs
[2023-11-25T10:36:38.573+0000] {logging_mixin.py:154} INFO - [2023-11-25T10:36:38.573+0000] {dag.py:3722} INFO - Setting next_dagrun for example_python_operator to None, run_after=None
[2023-11-25T10:36:38.590+0000] {processor.py:179} INFO - Processing /home/airflow/.local/lib/python3.8/site-packages/airflow/example_dags/example_python_operator.py took 0.072 seconds
[2023-11-25T10:37:09.103+0000] {processor.py:157} INFO - Started process (PID=1527) to work on /home/airflow/.local/lib/python3.8/site-packages/airflow/example_dags/example_python_operator.py
[2023-11-25T10:37:09.104+0000] {processor.py:829} INFO - Processing file /home/airflow/.local/lib/python3.8/site-packages/airflow/example_dags/example_python_operator.py for tasks to queue
[2023-11-25T10:37:09.107+0000] {logging_mixin.py:154} INFO - [2023-11-25T10:37:09.107+0000] {dagbag.py:536} INFO - Filling up the DagBag from /home/airflow/.local/lib/python3.8/site-packages/airflow/example_dags/example_python_operator.py
[2023-11-25T10:37:09.118+0000] {processor.py:839} INFO - DAG(s) dict_keys(['example_python_operator']) retrieved from /home/airflow/.local/lib/python3.8/site-packages/airflow/example_dags/example_python_operator.py
[2023-11-25T10:37:09.336+0000] {logging_mixin.py:154} INFO - [2023-11-25T10:37:09.336+0000] {dag.py:2941} INFO - Sync 1 DAGs
[2023-11-25T10:37:09.353+0000] {logging_mixin.py:154} INFO - [2023-11-25T10:37:09.353+0000] {dag.py:3722} INFO - Setting next_dagrun for example_python_operator to None, run_after=None
[2023-11-25T10:37:09.378+0000] {processor.py:179} INFO - Processing /home/airflow/.local/lib/python3.8/site-packages/airflow/example_dags/example_python_operator.py took 0.279 seconds
[2023-11-25T10:37:39.613+0000] {processor.py:157} INFO - Started process (PID=1581) to work on /home/airflow/.local/lib/python3.8/site-packages/airflow/example_dags/example_python_operator.py
[2023-11-25T10:37:39.614+0000] {processor.py:829} INFO - Processing file /home/airflow/.local/lib/python3.8/site-packages/airflow/example_dags/example_python_operator.py for tasks to queue
[2023-11-25T10:37:39.616+0000] {logging_mixin.py:154} INFO - [2023-11-25T10:37:39.616+0000] {dagbag.py:536} INFO - Filling up the DagBag from /home/airflow/.local/lib/python3.8/site-packages/airflow/example_dags/example_python_operator.py
[2023-11-25T10:37:39.630+0000] {processor.py:839} INFO - DAG(s) dict_keys(['example_python_operator']) retrieved from /home/airflow/.local/lib/python3.8/site-packages/airflow/example_dags/example_python_operator.py
[2023-11-25T10:37:39.664+0000] {logging_mixin.py:154} INFO - [2023-11-25T10:37:39.663+0000] {dag.py:2941} INFO - Sync 1 DAGs
[2023-11-25T10:37:39.681+0000] {logging_mixin.py:154} INFO - [2023-11-25T10:37:39.681+0000] {dag.py:3722} INFO - Setting next_dagrun for example_python_operator to None, run_after=None
[2023-11-25T10:37:39.709+0000] {processor.py:179} INFO - Processing /home/airflow/.local/lib/python3.8/site-packages/airflow/example_dags/example_python_operator.py took 0.099 seconds
[2023-11-25T10:38:10.013+0000] {processor.py:157} INFO - Started process (PID=1635) to work on /home/airflow/.local/lib/python3.8/site-packages/airflow/example_dags/example_python_operator.py
[2023-11-25T10:38:10.014+0000] {processor.py:829} INFO - Processing file /home/airflow/.local/lib/python3.8/site-packages/airflow/example_dags/example_python_operator.py for tasks to queue
[2023-11-25T10:38:10.016+0000] {logging_mixin.py:154} INFO - [2023-11-25T10:38:10.016+0000] {dagbag.py:536} INFO - Filling up the DagBag from /home/airflow/.local/lib/python3.8/site-packages/airflow/example_dags/example_python_operator.py
[2023-11-25T10:38:10.026+0000] {processor.py:839} INFO - DAG(s) dict_keys(['example_python_operator']) retrieved from /home/airflow/.local/lib/python3.8/site-packages/airflow/example_dags/example_python_operator.py
[2023-11-25T10:38:10.053+0000] {logging_mixin.py:154} INFO - [2023-11-25T10:38:10.052+0000] {dag.py:2941} INFO - Sync 1 DAGs
[2023-11-25T10:38:10.067+0000] {logging_mixin.py:154} INFO - [2023-11-25T10:38:10.067+0000] {dag.py:3722} INFO - Setting next_dagrun for example_python_operator to None, run_after=None
[2023-11-25T10:38:10.095+0000] {processor.py:179} INFO - Processing /home/airflow/.local/lib/python3.8/site-packages/airflow/example_dags/example_python_operator.py took 0.086 seconds
[2023-11-25T10:38:40.277+0000] {processor.py:157} INFO - Started process (PID=1689) to work on /home/airflow/.local/lib/python3.8/site-packages/airflow/example_dags/example_python_operator.py
[2023-11-25T10:38:40.277+0000] {processor.py:829} INFO - Processing file /home/airflow/.local/lib/python3.8/site-packages/airflow/example_dags/example_python_operator.py for tasks to queue
[2023-11-25T10:38:40.279+0000] {logging_mixin.py:154} INFO - [2023-11-25T10:38:40.279+0000] {dagbag.py:536} INFO - Filling up the DagBag from /home/airflow/.local/lib/python3.8/site-packages/airflow/example_dags/example_python_operator.py
[2023-11-25T10:38:40.294+0000] {processor.py:839} INFO - DAG(s) dict_keys(['example_python_operator']) retrieved from /home/airflow/.local/lib/python3.8/site-packages/airflow/example_dags/example_python_operator.py
[2023-11-25T10:38:40.320+0000] {logging_mixin.py:154} INFO - [2023-11-25T10:38:40.320+0000] {dag.py:2941} INFO - Sync 1 DAGs
[2023-11-25T10:38:40.333+0000] {logging_mixin.py:154} INFO - [2023-11-25T10:38:40.332+0000] {dag.py:3722} INFO - Setting next_dagrun for example_python_operator to None, run_after=None
[2023-11-25T10:38:40.349+0000] {processor.py:179} INFO - Processing /home/airflow/.local/lib/python3.8/site-packages/airflow/example_dags/example_python_operator.py took 0.077 seconds
[2023-11-25T10:39:10.642+0000] {processor.py:157} INFO - Started process (PID=1743) to work on /home/airflow/.local/lib/python3.8/site-packages/airflow/example_dags/example_python_operator.py
[2023-11-25T10:39:10.643+0000] {processor.py:829} INFO - Processing file /home/airflow/.local/lib/python3.8/site-packages/airflow/example_dags/example_python_operator.py for tasks to queue
[2023-11-25T10:39:10.646+0000] {logging_mixin.py:154} INFO - [2023-11-25T10:39:10.646+0000] {dagbag.py:536} INFO - Filling up the DagBag from /home/airflow/.local/lib/python3.8/site-packages/airflow/example_dags/example_python_operator.py
[2023-11-25T10:39:10.661+0000] {processor.py:839} INFO - DAG(s) dict_keys(['example_python_operator']) retrieved from /home/airflow/.local/lib/python3.8/site-packages/airflow/example_dags/example_python_operator.py
[2023-11-25T10:39:10.693+0000] {logging_mixin.py:154} INFO - [2023-11-25T10:39:10.693+0000] {dag.py:2941} INFO - Sync 1 DAGs
[2023-11-25T10:39:10.710+0000] {logging_mixin.py:154} INFO - [2023-11-25T10:39:10.710+0000] {dag.py:3722} INFO - Setting next_dagrun for example_python_operator to None, run_after=None
[2023-11-25T10:39:10.730+0000] {processor.py:179} INFO - Processing /home/airflow/.local/lib/python3.8/site-packages/airflow/example_dags/example_python_operator.py took 0.094 seconds
[2023-11-25T10:39:40.947+0000] {processor.py:157} INFO - Started process (PID=1797) to work on /home/airflow/.local/lib/python3.8/site-packages/airflow/example_dags/example_python_operator.py
[2023-11-25T10:39:40.949+0000] {processor.py:829} INFO - Processing file /home/airflow/.local/lib/python3.8/site-packages/airflow/example_dags/example_python_operator.py for tasks to queue
[2023-11-25T10:39:40.951+0000] {logging_mixin.py:154} INFO - [2023-11-25T10:39:40.951+0000] {dagbag.py:536} INFO - Filling up the DagBag from /home/airflow/.local/lib/python3.8/site-packages/airflow/example_dags/example_python_operator.py
[2023-11-25T10:39:40.960+0000] {processor.py:839} INFO - DAG(s) dict_keys(['example_python_operator']) retrieved from /home/airflow/.local/lib/python3.8/site-packages/airflow/example_dags/example_python_operator.py
[2023-11-25T10:39:40.980+0000] {logging_mixin.py:154} INFO - [2023-11-25T10:39:40.980+0000] {dag.py:2941} INFO - Sync 1 DAGs
[2023-11-25T10:39:40.991+0000] {logging_mixin.py:154} INFO - [2023-11-25T10:39:40.991+0000] {dag.py:3722} INFO - Setting next_dagrun for example_python_operator to None, run_after=None
[2023-11-25T10:39:41.008+0000] {processor.py:179} INFO - Processing /home/airflow/.local/lib/python3.8/site-packages/airflow/example_dags/example_python_operator.py took 0.064 seconds
[2023-11-25T11:05:07.401+0000] {processor.py:157} INFO - Started process (PID=67) to work on /home/airflow/.local/lib/python3.8/site-packages/airflow/example_dags/example_python_operator.py
[2023-11-25T11:05:07.402+0000] {processor.py:829} INFO - Processing file /home/airflow/.local/lib/python3.8/site-packages/airflow/example_dags/example_python_operator.py for tasks to queue
[2023-11-25T11:05:07.405+0000] {logging_mixin.py:154} INFO - [2023-11-25T11:05:07.404+0000] {dagbag.py:536} INFO - Filling up the DagBag from /home/airflow/.local/lib/python3.8/site-packages/airflow/example_dags/example_python_operator.py
[2023-11-25T11:05:07.416+0000] {processor.py:839} INFO - DAG(s) dict_keys(['example_python_operator']) retrieved from /home/airflow/.local/lib/python3.8/site-packages/airflow/example_dags/example_python_operator.py
[2023-11-25T11:05:07.428+0000] {logging_mixin.py:154} INFO - [2023-11-25T11:05:07.428+0000] {dag.py:2941} INFO - Sync 1 DAGs
[2023-11-25T11:05:07.450+0000] {logging_mixin.py:154} INFO - [2023-11-25T11:05:07.450+0000] {dag.py:3722} INFO - Setting next_dagrun for example_python_operator to None, run_after=None
[2023-11-25T11:05:07.476+0000] {processor.py:179} INFO - Processing /home/airflow/.local/lib/python3.8/site-packages/airflow/example_dags/example_python_operator.py took 0.080 seconds
[2023-11-25T11:05:37.903+0000] {processor.py:157} INFO - Started process (PID=121) to work on /home/airflow/.local/lib/python3.8/site-packages/airflow/example_dags/example_python_operator.py
[2023-11-25T11:05:37.904+0000] {processor.py:829} INFO - Processing file /home/airflow/.local/lib/python3.8/site-packages/airflow/example_dags/example_python_operator.py for tasks to queue
[2023-11-25T11:05:37.905+0000] {logging_mixin.py:154} INFO - [2023-11-25T11:05:37.905+0000] {dagbag.py:536} INFO - Filling up the DagBag from /home/airflow/.local/lib/python3.8/site-packages/airflow/example_dags/example_python_operator.py
[2023-11-25T11:05:37.920+0000] {processor.py:839} INFO - DAG(s) dict_keys(['example_python_operator']) retrieved from /home/airflow/.local/lib/python3.8/site-packages/airflow/example_dags/example_python_operator.py
[2023-11-25T11:05:38.080+0000] {logging_mixin.py:154} INFO - [2023-11-25T11:05:38.080+0000] {dag.py:2941} INFO - Sync 1 DAGs
[2023-11-25T11:05:38.089+0000] {logging_mixin.py:154} INFO - [2023-11-25T11:05:38.089+0000] {dag.py:3722} INFO - Setting next_dagrun for example_python_operator to None, run_after=None
[2023-11-25T11:05:38.105+0000] {processor.py:179} INFO - Processing /home/airflow/.local/lib/python3.8/site-packages/airflow/example_dags/example_python_operator.py took 0.206 seconds
[2023-11-25T11:06:08.926+0000] {processor.py:157} INFO - Started process (PID=175) to work on /home/airflow/.local/lib/python3.8/site-packages/airflow/example_dags/example_python_operator.py
[2023-11-25T11:06:08.927+0000] {processor.py:829} INFO - Processing file /home/airflow/.local/lib/python3.8/site-packages/airflow/example_dags/example_python_operator.py for tasks to queue
[2023-11-25T11:06:08.929+0000] {logging_mixin.py:154} INFO - [2023-11-25T11:06:08.929+0000] {dagbag.py:536} INFO - Filling up the DagBag from /home/airflow/.local/lib/python3.8/site-packages/airflow/example_dags/example_python_operator.py
[2023-11-25T11:06:08.940+0000] {processor.py:839} INFO - DAG(s) dict_keys(['example_python_operator']) retrieved from /home/airflow/.local/lib/python3.8/site-packages/airflow/example_dags/example_python_operator.py
[2023-11-25T11:06:08.961+0000] {logging_mixin.py:154} INFO - [2023-11-25T11:06:08.960+0000] {dag.py:2941} INFO - Sync 1 DAGs
[2023-11-25T11:06:08.975+0000] {logging_mixin.py:154} INFO - [2023-11-25T11:06:08.975+0000] {dag.py:3722} INFO - Setting next_dagrun for example_python_operator to None, run_after=None
[2023-11-25T11:06:08.991+0000] {processor.py:179} INFO - Processing /home/airflow/.local/lib/python3.8/site-packages/airflow/example_dags/example_python_operator.py took 0.067 seconds
[2023-11-25T11:07:43.488+0000] {processor.py:157} INFO - Started process (PID=67) to work on /home/airflow/.local/lib/python3.8/site-packages/airflow/example_dags/example_python_operator.py
[2023-11-25T11:07:43.491+0000] {processor.py:829} INFO - Processing file /home/airflow/.local/lib/python3.8/site-packages/airflow/example_dags/example_python_operator.py for tasks to queue
[2023-11-25T11:07:43.495+0000] {logging_mixin.py:154} INFO - [2023-11-25T11:07:43.494+0000] {dagbag.py:536} INFO - Filling up the DagBag from /home/airflow/.local/lib/python3.8/site-packages/airflow/example_dags/example_python_operator.py
[2023-11-25T11:07:43.515+0000] {processor.py:839} INFO - DAG(s) dict_keys(['example_python_operator']) retrieved from /home/airflow/.local/lib/python3.8/site-packages/airflow/example_dags/example_python_operator.py
[2023-11-25T11:07:43.796+0000] {logging_mixin.py:154} INFO - [2023-11-25T11:07:43.795+0000] {dag.py:2941} INFO - Sync 1 DAGs
[2023-11-25T11:07:43.817+0000] {logging_mixin.py:154} INFO - [2023-11-25T11:07:43.816+0000] {dag.py:3722} INFO - Setting next_dagrun for example_python_operator to None, run_after=None
[2023-11-25T11:07:43.870+0000] {processor.py:179} INFO - Processing /home/airflow/.local/lib/python3.8/site-packages/airflow/example_dags/example_python_operator.py took 0.386 seconds
[2023-11-25T11:08:14.076+0000] {processor.py:157} INFO - Started process (PID=121) to work on /home/airflow/.local/lib/python3.8/site-packages/airflow/example_dags/example_python_operator.py
[2023-11-25T11:08:14.077+0000] {processor.py:829} INFO - Processing file /home/airflow/.local/lib/python3.8/site-packages/airflow/example_dags/example_python_operator.py for tasks to queue
[2023-11-25T11:08:14.079+0000] {logging_mixin.py:154} INFO - [2023-11-25T11:08:14.079+0000] {dagbag.py:536} INFO - Filling up the DagBag from /home/airflow/.local/lib/python3.8/site-packages/airflow/example_dags/example_python_operator.py
[2023-11-25T11:08:14.090+0000] {processor.py:839} INFO - DAG(s) dict_keys(['example_python_operator']) retrieved from /home/airflow/.local/lib/python3.8/site-packages/airflow/example_dags/example_python_operator.py
[2023-11-25T11:08:14.113+0000] {logging_mixin.py:154} INFO - [2023-11-25T11:08:14.113+0000] {dag.py:2941} INFO - Sync 1 DAGs
[2023-11-25T11:08:14.125+0000] {logging_mixin.py:154} INFO - [2023-11-25T11:08:14.125+0000] {dag.py:3722} INFO - Setting next_dagrun for example_python_operator to None, run_after=None
[2023-11-25T11:08:14.151+0000] {processor.py:179} INFO - Processing /home/airflow/.local/lib/python3.8/site-packages/airflow/example_dags/example_python_operator.py took 0.078 seconds
[2023-11-25T11:08:45.004+0000] {processor.py:157} INFO - Started process (PID=175) to work on /home/airflow/.local/lib/python3.8/site-packages/airflow/example_dags/example_python_operator.py
[2023-11-25T11:08:45.005+0000] {processor.py:829} INFO - Processing file /home/airflow/.local/lib/python3.8/site-packages/airflow/example_dags/example_python_operator.py for tasks to queue
[2023-11-25T11:08:45.007+0000] {logging_mixin.py:154} INFO - [2023-11-25T11:08:45.007+0000] {dagbag.py:536} INFO - Filling up the DagBag from /home/airflow/.local/lib/python3.8/site-packages/airflow/example_dags/example_python_operator.py
[2023-11-25T11:08:45.016+0000] {processor.py:839} INFO - DAG(s) dict_keys(['example_python_operator']) retrieved from /home/airflow/.local/lib/python3.8/site-packages/airflow/example_dags/example_python_operator.py
[2023-11-25T11:08:45.039+0000] {logging_mixin.py:154} INFO - [2023-11-25T11:08:45.039+0000] {dag.py:2941} INFO - Sync 1 DAGs
[2023-11-25T11:08:45.053+0000] {logging_mixin.py:154} INFO - [2023-11-25T11:08:45.053+0000] {dag.py:3722} INFO - Setting next_dagrun for example_python_operator to None, run_after=None
[2023-11-25T11:08:45.082+0000] {processor.py:179} INFO - Processing /home/airflow/.local/lib/python3.8/site-packages/airflow/example_dags/example_python_operator.py took 0.080 seconds
[2023-11-25T11:09:15.550+0000] {processor.py:157} INFO - Started process (PID=228) to work on /home/airflow/.local/lib/python3.8/site-packages/airflow/example_dags/example_python_operator.py
[2023-11-25T11:09:15.554+0000] {processor.py:829} INFO - Processing file /home/airflow/.local/lib/python3.8/site-packages/airflow/example_dags/example_python_operator.py for tasks to queue
[2023-11-25T11:09:15.556+0000] {logging_mixin.py:154} INFO - [2023-11-25T11:09:15.556+0000] {dagbag.py:536} INFO - Filling up the DagBag from /home/airflow/.local/lib/python3.8/site-packages/airflow/example_dags/example_python_operator.py
[2023-11-25T11:09:15.567+0000] {processor.py:839} INFO - DAG(s) dict_keys(['example_python_operator']) retrieved from /home/airflow/.local/lib/python3.8/site-packages/airflow/example_dags/example_python_operator.py
[2023-11-25T11:09:15.590+0000] {logging_mixin.py:154} INFO - [2023-11-25T11:09:15.590+0000] {dag.py:2941} INFO - Sync 1 DAGs
[2023-11-25T11:09:15.603+0000] {logging_mixin.py:154} INFO - [2023-11-25T11:09:15.603+0000] {dag.py:3722} INFO - Setting next_dagrun for example_python_operator to None, run_after=None
[2023-11-25T11:09:15.630+0000] {processor.py:179} INFO - Processing /home/airflow/.local/lib/python3.8/site-packages/airflow/example_dags/example_python_operator.py took 0.083 seconds
[2023-11-25T11:09:46.388+0000] {processor.py:157} INFO - Started process (PID=281) to work on /home/airflow/.local/lib/python3.8/site-packages/airflow/example_dags/example_python_operator.py
[2023-11-25T11:09:46.389+0000] {processor.py:829} INFO - Processing file /home/airflow/.local/lib/python3.8/site-packages/airflow/example_dags/example_python_operator.py for tasks to queue
[2023-11-25T11:09:46.391+0000] {logging_mixin.py:154} INFO - [2023-11-25T11:09:46.391+0000] {dagbag.py:536} INFO - Filling up the DagBag from /home/airflow/.local/lib/python3.8/site-packages/airflow/example_dags/example_python_operator.py
[2023-11-25T11:09:46.404+0000] {processor.py:839} INFO - DAG(s) dict_keys(['example_python_operator']) retrieved from /home/airflow/.local/lib/python3.8/site-packages/airflow/example_dags/example_python_operator.py
[2023-11-25T11:09:46.433+0000] {logging_mixin.py:154} INFO - [2023-11-25T11:09:46.433+0000] {dag.py:2941} INFO - Sync 1 DAGs
[2023-11-25T11:09:46.445+0000] {logging_mixin.py:154} INFO - [2023-11-25T11:09:46.445+0000] {dag.py:3722} INFO - Setting next_dagrun for example_python_operator to None, run_after=None
[2023-11-25T11:09:46.463+0000] {processor.py:179} INFO - Processing /home/airflow/.local/lib/python3.8/site-packages/airflow/example_dags/example_python_operator.py took 0.080 seconds
[2023-11-25T11:10:17.375+0000] {processor.py:157} INFO - Started process (PID=336) to work on /home/airflow/.local/lib/python3.8/site-packages/airflow/example_dags/example_python_operator.py
[2023-11-25T11:10:17.376+0000] {processor.py:829} INFO - Processing file /home/airflow/.local/lib/python3.8/site-packages/airflow/example_dags/example_python_operator.py for tasks to queue
[2023-11-25T11:10:17.378+0000] {logging_mixin.py:154} INFO - [2023-11-25T11:10:17.378+0000] {dagbag.py:536} INFO - Filling up the DagBag from /home/airflow/.local/lib/python3.8/site-packages/airflow/example_dags/example_python_operator.py
[2023-11-25T11:10:17.387+0000] {processor.py:839} INFO - DAG(s) dict_keys(['example_python_operator']) retrieved from /home/airflow/.local/lib/python3.8/site-packages/airflow/example_dags/example_python_operator.py
[2023-11-25T11:10:17.413+0000] {logging_mixin.py:154} INFO - [2023-11-25T11:10:17.413+0000] {dag.py:2941} INFO - Sync 1 DAGs
[2023-11-25T11:10:17.428+0000] {logging_mixin.py:154} INFO - [2023-11-25T11:10:17.428+0000] {dag.py:3722} INFO - Setting next_dagrun for example_python_operator to None, run_after=None
[2023-11-25T11:10:17.453+0000] {processor.py:179} INFO - Processing /home/airflow/.local/lib/python3.8/site-packages/airflow/example_dags/example_python_operator.py took 0.080 seconds
[2023-11-25T11:10:47.862+0000] {processor.py:157} INFO - Started process (PID=398) to work on /home/airflow/.local/lib/python3.8/site-packages/airflow/example_dags/example_python_operator.py
[2023-11-25T11:10:47.862+0000] {processor.py:829} INFO - Processing file /home/airflow/.local/lib/python3.8/site-packages/airflow/example_dags/example_python_operator.py for tasks to queue
[2023-11-25T11:10:47.865+0000] {logging_mixin.py:154} INFO - [2023-11-25T11:10:47.864+0000] {dagbag.py:536} INFO - Filling up the DagBag from /home/airflow/.local/lib/python3.8/site-packages/airflow/example_dags/example_python_operator.py
[2023-11-25T11:10:47.877+0000] {processor.py:839} INFO - DAG(s) dict_keys(['example_python_operator']) retrieved from /home/airflow/.local/lib/python3.8/site-packages/airflow/example_dags/example_python_operator.py
[2023-11-25T11:10:47.899+0000] {logging_mixin.py:154} INFO - [2023-11-25T11:10:47.899+0000] {dag.py:2941} INFO - Sync 1 DAGs
[2023-11-25T11:10:47.913+0000] {logging_mixin.py:154} INFO - [2023-11-25T11:10:47.912+0000] {dag.py:3722} INFO - Setting next_dagrun for example_python_operator to None, run_after=None
[2023-11-25T11:10:47.933+0000] {processor.py:179} INFO - Processing /home/airflow/.local/lib/python3.8/site-packages/airflow/example_dags/example_python_operator.py took 0.075 seconds
[2023-11-25T11:11:18.070+0000] {processor.py:157} INFO - Started process (PID=452) to work on /home/airflow/.local/lib/python3.8/site-packages/airflow/example_dags/example_python_operator.py
[2023-11-25T11:11:18.071+0000] {processor.py:829} INFO - Processing file /home/airflow/.local/lib/python3.8/site-packages/airflow/example_dags/example_python_operator.py for tasks to queue
[2023-11-25T11:11:18.073+0000] {logging_mixin.py:154} INFO - [2023-11-25T11:11:18.072+0000] {dagbag.py:536} INFO - Filling up the DagBag from /home/airflow/.local/lib/python3.8/site-packages/airflow/example_dags/example_python_operator.py
[2023-11-25T11:11:18.087+0000] {processor.py:839} INFO - DAG(s) dict_keys(['example_python_operator']) retrieved from /home/airflow/.local/lib/python3.8/site-packages/airflow/example_dags/example_python_operator.py
[2023-11-25T11:11:18.116+0000] {logging_mixin.py:154} INFO - [2023-11-25T11:11:18.115+0000] {dag.py:2941} INFO - Sync 1 DAGs
[2023-11-25T11:11:18.131+0000] {logging_mixin.py:154} INFO - [2023-11-25T11:11:18.131+0000] {dag.py:3722} INFO - Setting next_dagrun for example_python_operator to None, run_after=None
[2023-11-25T11:11:18.172+0000] {processor.py:179} INFO - Processing /home/airflow/.local/lib/python3.8/site-packages/airflow/example_dags/example_python_operator.py took 0.105 seconds
[2023-11-25T11:11:48.282+0000] {processor.py:157} INFO - Started process (PID=507) to work on /home/airflow/.local/lib/python3.8/site-packages/airflow/example_dags/example_python_operator.py
[2023-11-25T11:11:48.283+0000] {processor.py:829} INFO - Processing file /home/airflow/.local/lib/python3.8/site-packages/airflow/example_dags/example_python_operator.py for tasks to queue
[2023-11-25T11:11:48.285+0000] {logging_mixin.py:154} INFO - [2023-11-25T11:11:48.284+0000] {dagbag.py:536} INFO - Filling up the DagBag from /home/airflow/.local/lib/python3.8/site-packages/airflow/example_dags/example_python_operator.py
[2023-11-25T11:11:48.294+0000] {processor.py:839} INFO - DAG(s) dict_keys(['example_python_operator']) retrieved from /home/airflow/.local/lib/python3.8/site-packages/airflow/example_dags/example_python_operator.py
[2023-11-25T11:11:48.316+0000] {logging_mixin.py:154} INFO - [2023-11-25T11:11:48.315+0000] {dag.py:2941} INFO - Sync 1 DAGs
[2023-11-25T11:11:48.330+0000] {logging_mixin.py:154} INFO - [2023-11-25T11:11:48.330+0000] {dag.py:3722} INFO - Setting next_dagrun for example_python_operator to None, run_after=None
[2023-11-25T11:11:48.361+0000] {processor.py:179} INFO - Processing /home/airflow/.local/lib/python3.8/site-packages/airflow/example_dags/example_python_operator.py took 0.082 seconds
[2023-11-25T11:12:19.561+0000] {processor.py:157} INFO - Started process (PID=560) to work on /home/airflow/.local/lib/python3.8/site-packages/airflow/example_dags/example_python_operator.py
[2023-11-25T11:12:19.562+0000] {processor.py:829} INFO - Processing file /home/airflow/.local/lib/python3.8/site-packages/airflow/example_dags/example_python_operator.py for tasks to queue
[2023-11-25T11:12:19.564+0000] {logging_mixin.py:154} INFO - [2023-11-25T11:12:19.564+0000] {dagbag.py:536} INFO - Filling up the DagBag from /home/airflow/.local/lib/python3.8/site-packages/airflow/example_dags/example_python_operator.py
[2023-11-25T11:12:19.576+0000] {processor.py:839} INFO - DAG(s) dict_keys(['example_python_operator']) retrieved from /home/airflow/.local/lib/python3.8/site-packages/airflow/example_dags/example_python_operator.py
[2023-11-25T11:12:19.617+0000] {logging_mixin.py:154} INFO - [2023-11-25T11:12:19.617+0000] {dag.py:2941} INFO - Sync 1 DAGs
[2023-11-25T11:12:19.637+0000] {logging_mixin.py:154} INFO - [2023-11-25T11:12:19.637+0000] {dag.py:3722} INFO - Setting next_dagrun for example_python_operator to None, run_after=None
[2023-11-25T11:12:19.658+0000] {processor.py:179} INFO - Processing /home/airflow/.local/lib/python3.8/site-packages/airflow/example_dags/example_python_operator.py took 0.100 seconds
[2023-11-25T11:12:50.015+0000] {processor.py:157} INFO - Started process (PID=614) to work on /home/airflow/.local/lib/python3.8/site-packages/airflow/example_dags/example_python_operator.py
[2023-11-25T11:12:50.015+0000] {processor.py:829} INFO - Processing file /home/airflow/.local/lib/python3.8/site-packages/airflow/example_dags/example_python_operator.py for tasks to queue
[2023-11-25T11:12:50.017+0000] {logging_mixin.py:154} INFO - [2023-11-25T11:12:50.017+0000] {dagbag.py:536} INFO - Filling up the DagBag from /home/airflow/.local/lib/python3.8/site-packages/airflow/example_dags/example_python_operator.py
[2023-11-25T11:12:50.026+0000] {processor.py:839} INFO - DAG(s) dict_keys(['example_python_operator']) retrieved from /home/airflow/.local/lib/python3.8/site-packages/airflow/example_dags/example_python_operator.py
[2023-11-25T11:12:50.055+0000] {logging_mixin.py:154} INFO - [2023-11-25T11:12:50.054+0000] {dag.py:2941} INFO - Sync 1 DAGs
[2023-11-25T11:12:50.068+0000] {logging_mixin.py:154} INFO - [2023-11-25T11:12:50.067+0000] {dag.py:3722} INFO - Setting next_dagrun for example_python_operator to None, run_after=None
[2023-11-25T11:12:50.093+0000] {processor.py:179} INFO - Processing /home/airflow/.local/lib/python3.8/site-packages/airflow/example_dags/example_python_operator.py took 0.081 seconds
