[2023-11-25T10:23:21.794+0000] {processor.py:157} INFO - Started process (PID=66) to work on /home/airflow/.local/lib/python3.8/site-packages/airflow/example_dags/example_setup_teardown.py
[2023-11-25T10:23:21.795+0000] {processor.py:829} INFO - Processing file /home/airflow/.local/lib/python3.8/site-packages/airflow/example_dags/example_setup_teardown.py for tasks to queue
[2023-11-25T10:23:21.797+0000] {logging_mixin.py:154} INFO - [2023-11-25T10:23:21.797+0000] {dagbag.py:536} INFO - Filling up the DagBag from /home/airflow/.local/lib/python3.8/site-packages/airflow/example_dags/example_setup_teardown.py
[2023-11-25T10:23:21.805+0000] {processor.py:839} INFO - DAG(s) dict_keys(['example_setup_teardown']) retrieved from /home/airflow/.local/lib/python3.8/site-packages/airflow/example_dags/example_setup_teardown.py
[2023-11-25T10:23:21.832+0000] {logging_mixin.py:154} INFO - [2023-11-25T10:23:21.832+0000] {dag.py:2941} INFO - Sync 1 DAGs
[2023-11-25T10:23:21.865+0000] {logging_mixin.py:154} INFO - [2023-11-25T10:23:21.865+0000] {dag.py:3722} INFO - Setting next_dagrun for example_setup_teardown to 2023-11-24T10:23:21.864701+00:00, run_after=2023-11-25T10:23:21.864701+00:00
[2023-11-25T10:23:21.891+0000] {processor.py:179} INFO - Processing /home/airflow/.local/lib/python3.8/site-packages/airflow/example_dags/example_setup_teardown.py took 0.100 seconds
[2023-11-25T10:23:52.275+0000] {processor.py:157} INFO - Started process (PID=120) to work on /home/airflow/.local/lib/python3.8/site-packages/airflow/example_dags/example_setup_teardown.py
[2023-11-25T10:23:52.276+0000] {processor.py:829} INFO - Processing file /home/airflow/.local/lib/python3.8/site-packages/airflow/example_dags/example_setup_teardown.py for tasks to queue
[2023-11-25T10:23:52.278+0000] {logging_mixin.py:154} INFO - [2023-11-25T10:23:52.278+0000] {dagbag.py:536} INFO - Filling up the DagBag from /home/airflow/.local/lib/python3.8/site-packages/airflow/example_dags/example_setup_teardown.py
[2023-11-25T10:23:52.284+0000] {processor.py:839} INFO - DAG(s) dict_keys(['example_setup_teardown']) retrieved from /home/airflow/.local/lib/python3.8/site-packages/airflow/example_dags/example_setup_teardown.py
[2023-11-25T10:23:52.305+0000] {logging_mixin.py:154} INFO - [2023-11-25T10:23:52.305+0000] {dag.py:2941} INFO - Sync 1 DAGs
[2023-11-25T10:23:52.327+0000] {logging_mixin.py:154} INFO - [2023-11-25T10:23:52.326+0000] {dag.py:3722} INFO - Setting next_dagrun for example_setup_teardown to 2023-11-24T10:23:52.326642+00:00, run_after=2023-11-25T10:23:52.326642+00:00
[2023-11-25T10:23:52.363+0000] {processor.py:179} INFO - Processing /home/airflow/.local/lib/python3.8/site-packages/airflow/example_dags/example_setup_teardown.py took 0.090 seconds
[2023-11-25T10:24:22.797+0000] {processor.py:157} INFO - Started process (PID=174) to work on /home/airflow/.local/lib/python3.8/site-packages/airflow/example_dags/example_setup_teardown.py
[2023-11-25T10:24:22.797+0000] {processor.py:829} INFO - Processing file /home/airflow/.local/lib/python3.8/site-packages/airflow/example_dags/example_setup_teardown.py for tasks to queue
[2023-11-25T10:24:22.800+0000] {logging_mixin.py:154} INFO - [2023-11-25T10:24:22.800+0000] {dagbag.py:536} INFO - Filling up the DagBag from /home/airflow/.local/lib/python3.8/site-packages/airflow/example_dags/example_setup_teardown.py
[2023-11-25T10:24:22.806+0000] {processor.py:839} INFO - DAG(s) dict_keys(['example_setup_teardown']) retrieved from /home/airflow/.local/lib/python3.8/site-packages/airflow/example_dags/example_setup_teardown.py
[2023-11-25T10:24:22.830+0000] {logging_mixin.py:154} INFO - [2023-11-25T10:24:22.830+0000] {dag.py:2941} INFO - Sync 1 DAGs
[2023-11-25T10:24:22.856+0000] {logging_mixin.py:154} INFO - [2023-11-25T10:24:22.855+0000] {dag.py:3722} INFO - Setting next_dagrun for example_setup_teardown to 2023-11-24T10:24:22.855610+00:00, run_after=2023-11-25T10:24:22.855610+00:00
[2023-11-25T10:24:22.873+0000] {processor.py:179} INFO - Processing /home/airflow/.local/lib/python3.8/site-packages/airflow/example_dags/example_setup_teardown.py took 0.080 seconds
[2023-11-25T10:24:52.999+0000] {processor.py:157} INFO - Started process (PID=228) to work on /home/airflow/.local/lib/python3.8/site-packages/airflow/example_dags/example_setup_teardown.py
[2023-11-25T10:24:53.001+0000] {processor.py:829} INFO - Processing file /home/airflow/.local/lib/python3.8/site-packages/airflow/example_dags/example_setup_teardown.py for tasks to queue
[2023-11-25T10:24:53.003+0000] {logging_mixin.py:154} INFO - [2023-11-25T10:24:53.003+0000] {dagbag.py:536} INFO - Filling up the DagBag from /home/airflow/.local/lib/python3.8/site-packages/airflow/example_dags/example_setup_teardown.py
[2023-11-25T10:24:53.013+0000] {processor.py:839} INFO - DAG(s) dict_keys(['example_setup_teardown']) retrieved from /home/airflow/.local/lib/python3.8/site-packages/airflow/example_dags/example_setup_teardown.py
[2023-11-25T10:24:53.038+0000] {logging_mixin.py:154} INFO - [2023-11-25T10:24:53.038+0000] {dag.py:2941} INFO - Sync 1 DAGs
[2023-11-25T10:24:53.065+0000] {logging_mixin.py:154} INFO - [2023-11-25T10:24:53.065+0000] {dag.py:3722} INFO - Setting next_dagrun for example_setup_teardown to 2023-11-24T10:24:53.065016+00:00, run_after=2023-11-25T10:24:53.065016+00:00
[2023-11-25T10:24:53.114+0000] {processor.py:179} INFO - Processing /home/airflow/.local/lib/python3.8/site-packages/airflow/example_dags/example_setup_teardown.py took 0.118 seconds
[2023-11-25T10:25:23.610+0000] {processor.py:157} INFO - Started process (PID=282) to work on /home/airflow/.local/lib/python3.8/site-packages/airflow/example_dags/example_setup_teardown.py
[2023-11-25T10:25:23.611+0000] {processor.py:829} INFO - Processing file /home/airflow/.local/lib/python3.8/site-packages/airflow/example_dags/example_setup_teardown.py for tasks to queue
[2023-11-25T10:25:23.613+0000] {logging_mixin.py:154} INFO - [2023-11-25T10:25:23.613+0000] {dagbag.py:536} INFO - Filling up the DagBag from /home/airflow/.local/lib/python3.8/site-packages/airflow/example_dags/example_setup_teardown.py
[2023-11-25T10:25:23.619+0000] {processor.py:839} INFO - DAG(s) dict_keys(['example_setup_teardown']) retrieved from /home/airflow/.local/lib/python3.8/site-packages/airflow/example_dags/example_setup_teardown.py
[2023-11-25T10:25:23.641+0000] {logging_mixin.py:154} INFO - [2023-11-25T10:25:23.641+0000] {dag.py:2941} INFO - Sync 1 DAGs
[2023-11-25T10:25:23.662+0000] {logging_mixin.py:154} INFO - [2023-11-25T10:25:23.662+0000] {dag.py:3722} INFO - Setting next_dagrun for example_setup_teardown to 2023-11-24T10:25:23.662621+00:00, run_after=2023-11-25T10:25:23.662621+00:00
[2023-11-25T10:25:23.681+0000] {processor.py:179} INFO - Processing /home/airflow/.local/lib/python3.8/site-packages/airflow/example_dags/example_setup_teardown.py took 0.074 seconds
[2023-11-25T10:25:54.098+0000] {processor.py:157} INFO - Started process (PID=336) to work on /home/airflow/.local/lib/python3.8/site-packages/airflow/example_dags/example_setup_teardown.py
[2023-11-25T10:25:54.098+0000] {processor.py:829} INFO - Processing file /home/airflow/.local/lib/python3.8/site-packages/airflow/example_dags/example_setup_teardown.py for tasks to queue
[2023-11-25T10:25:54.101+0000] {logging_mixin.py:154} INFO - [2023-11-25T10:25:54.100+0000] {dagbag.py:536} INFO - Filling up the DagBag from /home/airflow/.local/lib/python3.8/site-packages/airflow/example_dags/example_setup_teardown.py
[2023-11-25T10:25:54.106+0000] {processor.py:839} INFO - DAG(s) dict_keys(['example_setup_teardown']) retrieved from /home/airflow/.local/lib/python3.8/site-packages/airflow/example_dags/example_setup_teardown.py
[2023-11-25T10:25:54.126+0000] {logging_mixin.py:154} INFO - [2023-11-25T10:25:54.126+0000] {dag.py:2941} INFO - Sync 1 DAGs
[2023-11-25T10:25:54.147+0000] {logging_mixin.py:154} INFO - [2023-11-25T10:25:54.147+0000] {dag.py:3722} INFO - Setting next_dagrun for example_setup_teardown to 2023-11-24T10:25:54.147375+00:00, run_after=2023-11-25T10:25:54.147375+00:00
[2023-11-25T10:25:54.170+0000] {processor.py:179} INFO - Processing /home/airflow/.local/lib/python3.8/site-packages/airflow/example_dags/example_setup_teardown.py took 0.076 seconds
[2023-11-25T10:26:24.606+0000] {processor.py:157} INFO - Started process (PID=390) to work on /home/airflow/.local/lib/python3.8/site-packages/airflow/example_dags/example_setup_teardown.py
[2023-11-25T10:26:24.606+0000] {processor.py:829} INFO - Processing file /home/airflow/.local/lib/python3.8/site-packages/airflow/example_dags/example_setup_teardown.py for tasks to queue
[2023-11-25T10:26:24.609+0000] {logging_mixin.py:154} INFO - [2023-11-25T10:26:24.609+0000] {dagbag.py:536} INFO - Filling up the DagBag from /home/airflow/.local/lib/python3.8/site-packages/airflow/example_dags/example_setup_teardown.py
[2023-11-25T10:26:24.614+0000] {processor.py:839} INFO - DAG(s) dict_keys(['example_setup_teardown']) retrieved from /home/airflow/.local/lib/python3.8/site-packages/airflow/example_dags/example_setup_teardown.py
[2023-11-25T10:26:24.639+0000] {logging_mixin.py:154} INFO - [2023-11-25T10:26:24.639+0000] {dag.py:2941} INFO - Sync 1 DAGs
[2023-11-25T10:26:24.668+0000] {logging_mixin.py:154} INFO - [2023-11-25T10:26:24.668+0000] {dag.py:3722} INFO - Setting next_dagrun for example_setup_teardown to 2023-11-24T10:26:24.668366+00:00, run_after=2023-11-25T10:26:24.668366+00:00
[2023-11-25T10:26:24.690+0000] {processor.py:179} INFO - Processing /home/airflow/.local/lib/python3.8/site-packages/airflow/example_dags/example_setup_teardown.py took 0.088 seconds
[2023-11-25T10:26:55.270+0000] {processor.py:157} INFO - Started process (PID=444) to work on /home/airflow/.local/lib/python3.8/site-packages/airflow/example_dags/example_setup_teardown.py
[2023-11-25T10:26:55.271+0000] {processor.py:829} INFO - Processing file /home/airflow/.local/lib/python3.8/site-packages/airflow/example_dags/example_setup_teardown.py for tasks to queue
[2023-11-25T10:26:55.275+0000] {logging_mixin.py:154} INFO - [2023-11-25T10:26:55.274+0000] {dagbag.py:536} INFO - Filling up the DagBag from /home/airflow/.local/lib/python3.8/site-packages/airflow/example_dags/example_setup_teardown.py
[2023-11-25T10:26:55.282+0000] {processor.py:839} INFO - DAG(s) dict_keys(['example_setup_teardown']) retrieved from /home/airflow/.local/lib/python3.8/site-packages/airflow/example_dags/example_setup_teardown.py
[2023-11-25T10:26:55.312+0000] {logging_mixin.py:154} INFO - [2023-11-25T10:26:55.311+0000] {dag.py:2941} INFO - Sync 1 DAGs
[2023-11-25T10:26:55.343+0000] {logging_mixin.py:154} INFO - [2023-11-25T10:26:55.343+0000] {dag.py:3722} INFO - Setting next_dagrun for example_setup_teardown to 2023-11-24T10:26:55.343296+00:00, run_after=2023-11-25T10:26:55.343296+00:00
[2023-11-25T10:26:55.364+0000] {processor.py:179} INFO - Processing /home/airflow/.local/lib/python3.8/site-packages/airflow/example_dags/example_setup_teardown.py took 0.100 seconds
[2023-11-25T10:27:25.804+0000] {processor.py:157} INFO - Started process (PID=498) to work on /home/airflow/.local/lib/python3.8/site-packages/airflow/example_dags/example_setup_teardown.py
[2023-11-25T10:27:25.805+0000] {processor.py:829} INFO - Processing file /home/airflow/.local/lib/python3.8/site-packages/airflow/example_dags/example_setup_teardown.py for tasks to queue
[2023-11-25T10:27:25.808+0000] {logging_mixin.py:154} INFO - [2023-11-25T10:27:25.807+0000] {dagbag.py:536} INFO - Filling up the DagBag from /home/airflow/.local/lib/python3.8/site-packages/airflow/example_dags/example_setup_teardown.py
[2023-11-25T10:27:25.816+0000] {processor.py:839} INFO - DAG(s) dict_keys(['example_setup_teardown']) retrieved from /home/airflow/.local/lib/python3.8/site-packages/airflow/example_dags/example_setup_teardown.py
[2023-11-25T10:27:25.837+0000] {logging_mixin.py:154} INFO - [2023-11-25T10:27:25.837+0000] {dag.py:2941} INFO - Sync 1 DAGs
[2023-11-25T10:27:25.857+0000] {logging_mixin.py:154} INFO - [2023-11-25T10:27:25.857+0000] {dag.py:3722} INFO - Setting next_dagrun for example_setup_teardown to 2023-11-24T10:27:25.857589+00:00, run_after=2023-11-25T10:27:25.857589+00:00
[2023-11-25T10:27:25.884+0000] {processor.py:179} INFO - Processing /home/airflow/.local/lib/python3.8/site-packages/airflow/example_dags/example_setup_teardown.py took 0.083 seconds
[2023-11-25T10:27:56.931+0000] {processor.py:157} INFO - Started process (PID=558) to work on /home/airflow/.local/lib/python3.8/site-packages/airflow/example_dags/example_setup_teardown.py
[2023-11-25T10:27:56.932+0000] {processor.py:829} INFO - Processing file /home/airflow/.local/lib/python3.8/site-packages/airflow/example_dags/example_setup_teardown.py for tasks to queue
[2023-11-25T10:27:56.935+0000] {logging_mixin.py:154} INFO - [2023-11-25T10:27:56.934+0000] {dagbag.py:536} INFO - Filling up the DagBag from /home/airflow/.local/lib/python3.8/site-packages/airflow/example_dags/example_setup_teardown.py
[2023-11-25T10:27:56.943+0000] {processor.py:839} INFO - DAG(s) dict_keys(['example_setup_teardown']) retrieved from /home/airflow/.local/lib/python3.8/site-packages/airflow/example_dags/example_setup_teardown.py
[2023-11-25T10:27:56.969+0000] {logging_mixin.py:154} INFO - [2023-11-25T10:27:56.969+0000] {dag.py:2941} INFO - Sync 1 DAGs
[2023-11-25T10:27:57.003+0000] {logging_mixin.py:154} INFO - [2023-11-25T10:27:57.003+0000] {dag.py:3722} INFO - Setting next_dagrun for example_setup_teardown to 2023-11-24T10:27:57.003156+00:00, run_after=2023-11-25T10:27:57.003156+00:00
[2023-11-25T10:27:57.032+0000] {processor.py:179} INFO - Processing /home/airflow/.local/lib/python3.8/site-packages/airflow/example_dags/example_setup_teardown.py took 0.104 seconds
[2023-11-25T10:28:27.576+0000] {processor.py:157} INFO - Started process (PID=611) to work on /home/airflow/.local/lib/python3.8/site-packages/airflow/example_dags/example_setup_teardown.py
[2023-11-25T10:28:27.577+0000] {processor.py:829} INFO - Processing file /home/airflow/.local/lib/python3.8/site-packages/airflow/example_dags/example_setup_teardown.py for tasks to queue
[2023-11-25T10:28:27.580+0000] {logging_mixin.py:154} INFO - [2023-11-25T10:28:27.580+0000] {dagbag.py:536} INFO - Filling up the DagBag from /home/airflow/.local/lib/python3.8/site-packages/airflow/example_dags/example_setup_teardown.py
[2023-11-25T10:28:27.590+0000] {processor.py:839} INFO - DAG(s) dict_keys(['example_setup_teardown']) retrieved from /home/airflow/.local/lib/python3.8/site-packages/airflow/example_dags/example_setup_teardown.py
[2023-11-25T10:28:27.623+0000] {logging_mixin.py:154} INFO - [2023-11-25T10:28:27.623+0000] {dag.py:2941} INFO - Sync 1 DAGs
[2023-11-25T10:28:27.654+0000] {logging_mixin.py:154} INFO - [2023-11-25T10:28:27.654+0000] {dag.py:3722} INFO - Setting next_dagrun for example_setup_teardown to 2023-11-24T10:28:27.654007+00:00, run_after=2023-11-25T10:28:27.654007+00:00
[2023-11-25T10:28:27.680+0000] {processor.py:179} INFO - Processing /home/airflow/.local/lib/python3.8/site-packages/airflow/example_dags/example_setup_teardown.py took 0.109 seconds
[2023-11-25T10:28:57.898+0000] {processor.py:157} INFO - Started process (PID=665) to work on /home/airflow/.local/lib/python3.8/site-packages/airflow/example_dags/example_setup_teardown.py
[2023-11-25T10:28:57.900+0000] {processor.py:829} INFO - Processing file /home/airflow/.local/lib/python3.8/site-packages/airflow/example_dags/example_setup_teardown.py for tasks to queue
[2023-11-25T10:28:57.903+0000] {logging_mixin.py:154} INFO - [2023-11-25T10:28:57.902+0000] {dagbag.py:536} INFO - Filling up the DagBag from /home/airflow/.local/lib/python3.8/site-packages/airflow/example_dags/example_setup_teardown.py
[2023-11-25T10:28:57.912+0000] {processor.py:839} INFO - DAG(s) dict_keys(['example_setup_teardown']) retrieved from /home/airflow/.local/lib/python3.8/site-packages/airflow/example_dags/example_setup_teardown.py
[2023-11-25T10:28:57.941+0000] {logging_mixin.py:154} INFO - [2023-11-25T10:28:57.941+0000] {dag.py:2941} INFO - Sync 1 DAGs
[2023-11-25T10:28:57.976+0000] {logging_mixin.py:154} INFO - [2023-11-25T10:28:57.975+0000] {dag.py:3722} INFO - Setting next_dagrun for example_setup_teardown to 2023-11-24T10:28:57.975470+00:00, run_after=2023-11-25T10:28:57.975470+00:00
[2023-11-25T10:28:58.001+0000] {processor.py:179} INFO - Processing /home/airflow/.local/lib/python3.8/site-packages/airflow/example_dags/example_setup_teardown.py took 0.106 seconds
[2023-11-25T10:29:28.912+0000] {processor.py:157} INFO - Started process (PID=719) to work on /home/airflow/.local/lib/python3.8/site-packages/airflow/example_dags/example_setup_teardown.py
[2023-11-25T10:29:28.913+0000] {processor.py:829} INFO - Processing file /home/airflow/.local/lib/python3.8/site-packages/airflow/example_dags/example_setup_teardown.py for tasks to queue
[2023-11-25T10:29:28.915+0000] {logging_mixin.py:154} INFO - [2023-11-25T10:29:28.915+0000] {dagbag.py:536} INFO - Filling up the DagBag from /home/airflow/.local/lib/python3.8/site-packages/airflow/example_dags/example_setup_teardown.py
[2023-11-25T10:29:28.920+0000] {processor.py:839} INFO - DAG(s) dict_keys(['example_setup_teardown']) retrieved from /home/airflow/.local/lib/python3.8/site-packages/airflow/example_dags/example_setup_teardown.py
[2023-11-25T10:29:28.940+0000] {logging_mixin.py:154} INFO - [2023-11-25T10:29:28.940+0000] {dag.py:2941} INFO - Sync 1 DAGs
[2023-11-25T10:29:28.961+0000] {logging_mixin.py:154} INFO - [2023-11-25T10:29:28.960+0000] {dag.py:3722} INFO - Setting next_dagrun for example_setup_teardown to 2023-11-24T10:29:28.960652+00:00, run_after=2023-11-25T10:29:28.960652+00:00
[2023-11-25T10:29:28.981+0000] {processor.py:179} INFO - Processing /home/airflow/.local/lib/python3.8/site-packages/airflow/example_dags/example_setup_teardown.py took 0.072 seconds
[2023-11-25T10:29:59.103+0000] {processor.py:157} INFO - Started process (PID=773) to work on /home/airflow/.local/lib/python3.8/site-packages/airflow/example_dags/example_setup_teardown.py
[2023-11-25T10:29:59.104+0000] {processor.py:829} INFO - Processing file /home/airflow/.local/lib/python3.8/site-packages/airflow/example_dags/example_setup_teardown.py for tasks to queue
[2023-11-25T10:29:59.106+0000] {logging_mixin.py:154} INFO - [2023-11-25T10:29:59.106+0000] {dagbag.py:536} INFO - Filling up the DagBag from /home/airflow/.local/lib/python3.8/site-packages/airflow/example_dags/example_setup_teardown.py
[2023-11-25T10:29:59.111+0000] {processor.py:839} INFO - DAG(s) dict_keys(['example_setup_teardown']) retrieved from /home/airflow/.local/lib/python3.8/site-packages/airflow/example_dags/example_setup_teardown.py
[2023-11-25T10:29:59.133+0000] {logging_mixin.py:154} INFO - [2023-11-25T10:29:59.132+0000] {dag.py:2941} INFO - Sync 1 DAGs
[2023-11-25T10:29:59.153+0000] {logging_mixin.py:154} INFO - [2023-11-25T10:29:59.153+0000] {dag.py:3722} INFO - Setting next_dagrun for example_setup_teardown to 2023-11-24T10:29:59.153206+00:00, run_after=2023-11-25T10:29:59.153206+00:00
[2023-11-25T10:29:59.168+0000] {processor.py:179} INFO - Processing /home/airflow/.local/lib/python3.8/site-packages/airflow/example_dags/example_setup_teardown.py took 0.067 seconds
[2023-11-25T10:30:29.580+0000] {processor.py:157} INFO - Started process (PID=827) to work on /home/airflow/.local/lib/python3.8/site-packages/airflow/example_dags/example_setup_teardown.py
[2023-11-25T10:30:29.581+0000] {processor.py:829} INFO - Processing file /home/airflow/.local/lib/python3.8/site-packages/airflow/example_dags/example_setup_teardown.py for tasks to queue
[2023-11-25T10:30:29.585+0000] {logging_mixin.py:154} INFO - [2023-11-25T10:30:29.584+0000] {dagbag.py:536} INFO - Filling up the DagBag from /home/airflow/.local/lib/python3.8/site-packages/airflow/example_dags/example_setup_teardown.py
[2023-11-25T10:30:29.594+0000] {processor.py:839} INFO - DAG(s) dict_keys(['example_setup_teardown']) retrieved from /home/airflow/.local/lib/python3.8/site-packages/airflow/example_dags/example_setup_teardown.py
[2023-11-25T10:30:29.614+0000] {logging_mixin.py:154} INFO - [2023-11-25T10:30:29.614+0000] {dag.py:2941} INFO - Sync 1 DAGs
[2023-11-25T10:30:29.633+0000] {logging_mixin.py:154} INFO - [2023-11-25T10:30:29.633+0000] {dag.py:3722} INFO - Setting next_dagrun for example_setup_teardown to 2023-11-24T10:30:29.633331+00:00, run_after=2023-11-25T10:30:29.633331+00:00
[2023-11-25T10:30:29.673+0000] {processor.py:179} INFO - Processing /home/airflow/.local/lib/python3.8/site-packages/airflow/example_dags/example_setup_teardown.py took 0.097 seconds
[2023-11-25T10:31:00.246+0000] {processor.py:157} INFO - Started process (PID=881) to work on /home/airflow/.local/lib/python3.8/site-packages/airflow/example_dags/example_setup_teardown.py
[2023-11-25T10:31:00.247+0000] {processor.py:829} INFO - Processing file /home/airflow/.local/lib/python3.8/site-packages/airflow/example_dags/example_setup_teardown.py for tasks to queue
[2023-11-25T10:31:00.249+0000] {logging_mixin.py:154} INFO - [2023-11-25T10:31:00.249+0000] {dagbag.py:536} INFO - Filling up the DagBag from /home/airflow/.local/lib/python3.8/site-packages/airflow/example_dags/example_setup_teardown.py
[2023-11-25T10:31:00.254+0000] {processor.py:839} INFO - DAG(s) dict_keys(['example_setup_teardown']) retrieved from /home/airflow/.local/lib/python3.8/site-packages/airflow/example_dags/example_setup_teardown.py
[2023-11-25T10:31:00.272+0000] {logging_mixin.py:154} INFO - [2023-11-25T10:31:00.272+0000] {dag.py:2941} INFO - Sync 1 DAGs
[2023-11-25T10:31:00.292+0000] {logging_mixin.py:154} INFO - [2023-11-25T10:31:00.292+0000] {dag.py:3722} INFO - Setting next_dagrun for example_setup_teardown to 2023-11-24T10:31:00.292172+00:00, run_after=2023-11-25T10:31:00.292172+00:00
[2023-11-25T10:31:00.309+0000] {processor.py:179} INFO - Processing /home/airflow/.local/lib/python3.8/site-packages/airflow/example_dags/example_setup_teardown.py took 0.066 seconds
[2023-11-25T10:31:30.488+0000] {processor.py:157} INFO - Started process (PID=934) to work on /home/airflow/.local/lib/python3.8/site-packages/airflow/example_dags/example_setup_teardown.py
[2023-11-25T10:31:30.489+0000] {processor.py:829} INFO - Processing file /home/airflow/.local/lib/python3.8/site-packages/airflow/example_dags/example_setup_teardown.py for tasks to queue
[2023-11-25T10:31:30.493+0000] {logging_mixin.py:154} INFO - [2023-11-25T10:31:30.493+0000] {dagbag.py:536} INFO - Filling up the DagBag from /home/airflow/.local/lib/python3.8/site-packages/airflow/example_dags/example_setup_teardown.py
[2023-11-25T10:31:30.502+0000] {processor.py:839} INFO - DAG(s) dict_keys(['example_setup_teardown']) retrieved from /home/airflow/.local/lib/python3.8/site-packages/airflow/example_dags/example_setup_teardown.py
[2023-11-25T10:31:30.538+0000] {logging_mixin.py:154} INFO - [2023-11-25T10:31:30.538+0000] {dag.py:2941} INFO - Sync 1 DAGs
[2023-11-25T10:31:30.576+0000] {logging_mixin.py:154} INFO - [2023-11-25T10:31:30.575+0000] {dag.py:3722} INFO - Setting next_dagrun for example_setup_teardown to 2023-11-24T10:31:30.575624+00:00, run_after=2023-11-25T10:31:30.575624+00:00
[2023-11-25T10:31:30.604+0000] {processor.py:179} INFO - Processing /home/airflow/.local/lib/python3.8/site-packages/airflow/example_dags/example_setup_teardown.py took 0.121 seconds
[2023-11-25T10:32:01.066+0000] {processor.py:157} INFO - Started process (PID=988) to work on /home/airflow/.local/lib/python3.8/site-packages/airflow/example_dags/example_setup_teardown.py
[2023-11-25T10:32:01.067+0000] {processor.py:829} INFO - Processing file /home/airflow/.local/lib/python3.8/site-packages/airflow/example_dags/example_setup_teardown.py for tasks to queue
[2023-11-25T10:32:01.070+0000] {logging_mixin.py:154} INFO - [2023-11-25T10:32:01.070+0000] {dagbag.py:536} INFO - Filling up the DagBag from /home/airflow/.local/lib/python3.8/site-packages/airflow/example_dags/example_setup_teardown.py
[2023-11-25T10:32:01.078+0000] {processor.py:839} INFO - DAG(s) dict_keys(['example_setup_teardown']) retrieved from /home/airflow/.local/lib/python3.8/site-packages/airflow/example_dags/example_setup_teardown.py
[2023-11-25T10:32:01.105+0000] {logging_mixin.py:154} INFO - [2023-11-25T10:32:01.105+0000] {dag.py:2941} INFO - Sync 1 DAGs
[2023-11-25T10:32:01.135+0000] {logging_mixin.py:154} INFO - [2023-11-25T10:32:01.134+0000] {dag.py:3722} INFO - Setting next_dagrun for example_setup_teardown to 2023-11-24T10:32:01.134742+00:00, run_after=2023-11-25T10:32:01.134742+00:00
[2023-11-25T10:32:01.159+0000] {processor.py:179} INFO - Processing /home/airflow/.local/lib/python3.8/site-packages/airflow/example_dags/example_setup_teardown.py took 0.097 seconds
[2023-11-25T10:32:31.350+0000] {processor.py:157} INFO - Started process (PID=1042) to work on /home/airflow/.local/lib/python3.8/site-packages/airflow/example_dags/example_setup_teardown.py
[2023-11-25T10:32:31.351+0000] {processor.py:829} INFO - Processing file /home/airflow/.local/lib/python3.8/site-packages/airflow/example_dags/example_setup_teardown.py for tasks to queue
[2023-11-25T10:32:31.353+0000] {logging_mixin.py:154} INFO - [2023-11-25T10:32:31.352+0000] {dagbag.py:536} INFO - Filling up the DagBag from /home/airflow/.local/lib/python3.8/site-packages/airflow/example_dags/example_setup_teardown.py
[2023-11-25T10:32:31.360+0000] {processor.py:839} INFO - DAG(s) dict_keys(['example_setup_teardown']) retrieved from /home/airflow/.local/lib/python3.8/site-packages/airflow/example_dags/example_setup_teardown.py
[2023-11-25T10:32:31.387+0000] {logging_mixin.py:154} INFO - [2023-11-25T10:32:31.386+0000] {dag.py:2941} INFO - Sync 1 DAGs
[2023-11-25T10:32:31.417+0000] {logging_mixin.py:154} INFO - [2023-11-25T10:32:31.417+0000] {dag.py:3722} INFO - Setting next_dagrun for example_setup_teardown to 2023-11-24T10:32:31.417451+00:00, run_after=2023-11-25T10:32:31.417451+00:00
[2023-11-25T10:32:31.435+0000] {processor.py:179} INFO - Processing /home/airflow/.local/lib/python3.8/site-packages/airflow/example_dags/example_setup_teardown.py took 0.089 seconds
[2023-11-25T10:33:03.100+0000] {processor.py:157} INFO - Started process (PID=1096) to work on /home/airflow/.local/lib/python3.8/site-packages/airflow/example_dags/example_setup_teardown.py
[2023-11-25T10:33:03.101+0000] {processor.py:829} INFO - Processing file /home/airflow/.local/lib/python3.8/site-packages/airflow/example_dags/example_setup_teardown.py for tasks to queue
[2023-11-25T10:33:03.104+0000] {logging_mixin.py:154} INFO - [2023-11-25T10:33:03.104+0000] {dagbag.py:536} INFO - Filling up the DagBag from /home/airflow/.local/lib/python3.8/site-packages/airflow/example_dags/example_setup_teardown.py
[2023-11-25T10:33:03.112+0000] {processor.py:839} INFO - DAG(s) dict_keys(['example_setup_teardown']) retrieved from /home/airflow/.local/lib/python3.8/site-packages/airflow/example_dags/example_setup_teardown.py
[2023-11-25T10:33:03.141+0000] {logging_mixin.py:154} INFO - [2023-11-25T10:33:03.140+0000] {dag.py:2941} INFO - Sync 1 DAGs
[2023-11-25T10:33:03.334+0000] {logging_mixin.py:154} INFO - [2023-11-25T10:33:03.333+0000] {dag.py:3722} INFO - Setting next_dagrun for example_setup_teardown to 2023-11-24T10:33:03.333603+00:00, run_after=2023-11-25T10:33:03.333603+00:00
[2023-11-25T10:33:03.366+0000] {processor.py:179} INFO - Processing /home/airflow/.local/lib/python3.8/site-packages/airflow/example_dags/example_setup_teardown.py took 0.269 seconds
[2023-11-25T10:33:33.504+0000] {processor.py:157} INFO - Started process (PID=1150) to work on /home/airflow/.local/lib/python3.8/site-packages/airflow/example_dags/example_setup_teardown.py
[2023-11-25T10:33:33.505+0000] {processor.py:829} INFO - Processing file /home/airflow/.local/lib/python3.8/site-packages/airflow/example_dags/example_setup_teardown.py for tasks to queue
[2023-11-25T10:33:33.507+0000] {logging_mixin.py:154} INFO - [2023-11-25T10:33:33.507+0000] {dagbag.py:536} INFO - Filling up the DagBag from /home/airflow/.local/lib/python3.8/site-packages/airflow/example_dags/example_setup_teardown.py
[2023-11-25T10:33:33.513+0000] {processor.py:839} INFO - DAG(s) dict_keys(['example_setup_teardown']) retrieved from /home/airflow/.local/lib/python3.8/site-packages/airflow/example_dags/example_setup_teardown.py
[2023-11-25T10:33:33.533+0000] {logging_mixin.py:154} INFO - [2023-11-25T10:33:33.533+0000] {dag.py:2941} INFO - Sync 1 DAGs
[2023-11-25T10:33:33.559+0000] {logging_mixin.py:154} INFO - [2023-11-25T10:33:33.559+0000] {dag.py:3722} INFO - Setting next_dagrun for example_setup_teardown to 2023-11-24T10:33:33.558833+00:00, run_after=2023-11-25T10:33:33.558833+00:00
[2023-11-25T10:33:33.626+0000] {processor.py:179} INFO - Processing /home/airflow/.local/lib/python3.8/site-packages/airflow/example_dags/example_setup_teardown.py took 0.126 seconds
[2023-11-25T10:34:04.443+0000] {processor.py:157} INFO - Started process (PID=1203) to work on /home/airflow/.local/lib/python3.8/site-packages/airflow/example_dags/example_setup_teardown.py
[2023-11-25T10:34:04.444+0000] {processor.py:829} INFO - Processing file /home/airflow/.local/lib/python3.8/site-packages/airflow/example_dags/example_setup_teardown.py for tasks to queue
[2023-11-25T10:34:04.446+0000] {logging_mixin.py:154} INFO - [2023-11-25T10:34:04.446+0000] {dagbag.py:536} INFO - Filling up the DagBag from /home/airflow/.local/lib/python3.8/site-packages/airflow/example_dags/example_setup_teardown.py
[2023-11-25T10:34:04.452+0000] {processor.py:839} INFO - DAG(s) dict_keys(['example_setup_teardown']) retrieved from /home/airflow/.local/lib/python3.8/site-packages/airflow/example_dags/example_setup_teardown.py
[2023-11-25T10:34:04.471+0000] {logging_mixin.py:154} INFO - [2023-11-25T10:34:04.471+0000] {dag.py:2941} INFO - Sync 1 DAGs
[2023-11-25T10:34:04.499+0000] {logging_mixin.py:154} INFO - [2023-11-25T10:34:04.499+0000] {dag.py:3722} INFO - Setting next_dagrun for example_setup_teardown to 2023-11-24T10:34:04.499397+00:00, run_after=2023-11-25T10:34:04.499397+00:00
[2023-11-25T10:34:04.527+0000] {processor.py:179} INFO - Processing /home/airflow/.local/lib/python3.8/site-packages/airflow/example_dags/example_setup_teardown.py took 0.087 seconds
[2023-11-25T10:34:36.089+0000] {processor.py:157} INFO - Started process (PID=1257) to work on /home/airflow/.local/lib/python3.8/site-packages/airflow/example_dags/example_setup_teardown.py
[2023-11-25T10:34:36.089+0000] {processor.py:829} INFO - Processing file /home/airflow/.local/lib/python3.8/site-packages/airflow/example_dags/example_setup_teardown.py for tasks to queue
[2023-11-25T10:34:36.092+0000] {logging_mixin.py:154} INFO - [2023-11-25T10:34:36.092+0000] {dagbag.py:536} INFO - Filling up the DagBag from /home/airflow/.local/lib/python3.8/site-packages/airflow/example_dags/example_setup_teardown.py
[2023-11-25T10:34:36.101+0000] {processor.py:839} INFO - DAG(s) dict_keys(['example_setup_teardown']) retrieved from /home/airflow/.local/lib/python3.8/site-packages/airflow/example_dags/example_setup_teardown.py
[2023-11-25T10:34:36.123+0000] {logging_mixin.py:154} INFO - [2023-11-25T10:34:36.123+0000] {dag.py:2941} INFO - Sync 1 DAGs
[2023-11-25T10:34:36.301+0000] {logging_mixin.py:154} INFO - [2023-11-25T10:34:36.301+0000] {dag.py:3722} INFO - Setting next_dagrun for example_setup_teardown to 2023-11-24T10:34:36.301407+00:00, run_after=2023-11-25T10:34:36.301407+00:00
[2023-11-25T10:34:36.331+0000] {processor.py:179} INFO - Processing /home/airflow/.local/lib/python3.8/site-packages/airflow/example_dags/example_setup_teardown.py took 0.245 seconds
[2023-11-25T10:35:06.841+0000] {processor.py:157} INFO - Started process (PID=1311) to work on /home/airflow/.local/lib/python3.8/site-packages/airflow/example_dags/example_setup_teardown.py
[2023-11-25T10:35:06.842+0000] {processor.py:829} INFO - Processing file /home/airflow/.local/lib/python3.8/site-packages/airflow/example_dags/example_setup_teardown.py for tasks to queue
[2023-11-25T10:35:06.845+0000] {logging_mixin.py:154} INFO - [2023-11-25T10:35:06.845+0000] {dagbag.py:536} INFO - Filling up the DagBag from /home/airflow/.local/lib/python3.8/site-packages/airflow/example_dags/example_setup_teardown.py
[2023-11-25T10:35:06.852+0000] {processor.py:839} INFO - DAG(s) dict_keys(['example_setup_teardown']) retrieved from /home/airflow/.local/lib/python3.8/site-packages/airflow/example_dags/example_setup_teardown.py
[2023-11-25T10:35:06.880+0000] {logging_mixin.py:154} INFO - [2023-11-25T10:35:06.880+0000] {dag.py:2941} INFO - Sync 1 DAGs
[2023-11-25T10:35:06.908+0000] {logging_mixin.py:154} INFO - [2023-11-25T10:35:06.908+0000] {dag.py:3722} INFO - Setting next_dagrun for example_setup_teardown to 2023-11-24T10:35:06.908334+00:00, run_after=2023-11-25T10:35:06.908334+00:00
[2023-11-25T10:35:06.971+0000] {processor.py:179} INFO - Processing /home/airflow/.local/lib/python3.8/site-packages/airflow/example_dags/example_setup_teardown.py took 0.134 seconds
[2023-11-25T10:35:37.582+0000] {processor.py:157} INFO - Started process (PID=1365) to work on /home/airflow/.local/lib/python3.8/site-packages/airflow/example_dags/example_setup_teardown.py
[2023-11-25T10:35:37.583+0000] {processor.py:829} INFO - Processing file /home/airflow/.local/lib/python3.8/site-packages/airflow/example_dags/example_setup_teardown.py for tasks to queue
[2023-11-25T10:35:37.587+0000] {logging_mixin.py:154} INFO - [2023-11-25T10:35:37.587+0000] {dagbag.py:536} INFO - Filling up the DagBag from /home/airflow/.local/lib/python3.8/site-packages/airflow/example_dags/example_setup_teardown.py
[2023-11-25T10:35:37.597+0000] {processor.py:839} INFO - DAG(s) dict_keys(['example_setup_teardown']) retrieved from /home/airflow/.local/lib/python3.8/site-packages/airflow/example_dags/example_setup_teardown.py
[2023-11-25T10:35:37.803+0000] {logging_mixin.py:154} INFO - [2023-11-25T10:35:37.803+0000] {dag.py:2941} INFO - Sync 1 DAGs
[2023-11-25T10:35:37.826+0000] {logging_mixin.py:154} INFO - [2023-11-25T10:35:37.826+0000] {dag.py:3722} INFO - Setting next_dagrun for example_setup_teardown to 2023-11-24T10:35:37.826215+00:00, run_after=2023-11-25T10:35:37.826215+00:00
[2023-11-25T10:35:37.866+0000] {processor.py:179} INFO - Processing /home/airflow/.local/lib/python3.8/site-packages/airflow/example_dags/example_setup_teardown.py took 0.287 seconds
[2023-11-25T10:36:08.051+0000] {processor.py:157} INFO - Started process (PID=1419) to work on /home/airflow/.local/lib/python3.8/site-packages/airflow/example_dags/example_setup_teardown.py
[2023-11-25T10:36:08.052+0000] {processor.py:829} INFO - Processing file /home/airflow/.local/lib/python3.8/site-packages/airflow/example_dags/example_setup_teardown.py for tasks to queue
[2023-11-25T10:36:08.054+0000] {logging_mixin.py:154} INFO - [2023-11-25T10:36:08.054+0000] {dagbag.py:536} INFO - Filling up the DagBag from /home/airflow/.local/lib/python3.8/site-packages/airflow/example_dags/example_setup_teardown.py
[2023-11-25T10:36:08.059+0000] {processor.py:839} INFO - DAG(s) dict_keys(['example_setup_teardown']) retrieved from /home/airflow/.local/lib/python3.8/site-packages/airflow/example_dags/example_setup_teardown.py
[2023-11-25T10:36:08.083+0000] {logging_mixin.py:154} INFO - [2023-11-25T10:36:08.082+0000] {dag.py:2941} INFO - Sync 1 DAGs
[2023-11-25T10:36:08.277+0000] {logging_mixin.py:154} INFO - [2023-11-25T10:36:08.277+0000] {dag.py:3722} INFO - Setting next_dagrun for example_setup_teardown to 2023-11-24T10:36:08.276887+00:00, run_after=2023-11-25T10:36:08.276887+00:00
[2023-11-25T10:36:08.304+0000] {processor.py:179} INFO - Processing /home/airflow/.local/lib/python3.8/site-packages/airflow/example_dags/example_setup_teardown.py took 0.256 seconds
[2023-11-25T10:36:38.438+0000] {processor.py:157} INFO - Started process (PID=1473) to work on /home/airflow/.local/lib/python3.8/site-packages/airflow/example_dags/example_setup_teardown.py
[2023-11-25T10:36:38.438+0000] {processor.py:829} INFO - Processing file /home/airflow/.local/lib/python3.8/site-packages/airflow/example_dags/example_setup_teardown.py for tasks to queue
[2023-11-25T10:36:38.441+0000] {logging_mixin.py:154} INFO - [2023-11-25T10:36:38.440+0000] {dagbag.py:536} INFO - Filling up the DagBag from /home/airflow/.local/lib/python3.8/site-packages/airflow/example_dags/example_setup_teardown.py
[2023-11-25T10:36:38.446+0000] {processor.py:839} INFO - DAG(s) dict_keys(['example_setup_teardown']) retrieved from /home/airflow/.local/lib/python3.8/site-packages/airflow/example_dags/example_setup_teardown.py
[2023-11-25T10:36:38.471+0000] {logging_mixin.py:154} INFO - [2023-11-25T10:36:38.471+0000] {dag.py:2941} INFO - Sync 1 DAGs
[2023-11-25T10:36:38.503+0000] {logging_mixin.py:154} INFO - [2023-11-25T10:36:38.502+0000] {dag.py:3722} INFO - Setting next_dagrun for example_setup_teardown to 2023-11-24T10:36:38.502167+00:00, run_after=2023-11-25T10:36:38.502167+00:00
[2023-11-25T10:36:38.535+0000] {processor.py:179} INFO - Processing /home/airflow/.local/lib/python3.8/site-packages/airflow/example_dags/example_setup_teardown.py took 0.100 seconds
[2023-11-25T10:37:09.083+0000] {processor.py:157} INFO - Started process (PID=1526) to work on /home/airflow/.local/lib/python3.8/site-packages/airflow/example_dags/example_setup_teardown.py
[2023-11-25T10:37:09.084+0000] {processor.py:829} INFO - Processing file /home/airflow/.local/lib/python3.8/site-packages/airflow/example_dags/example_setup_teardown.py for tasks to queue
[2023-11-25T10:37:09.087+0000] {logging_mixin.py:154} INFO - [2023-11-25T10:37:09.087+0000] {dagbag.py:536} INFO - Filling up the DagBag from /home/airflow/.local/lib/python3.8/site-packages/airflow/example_dags/example_setup_teardown.py
[2023-11-25T10:37:09.097+0000] {processor.py:839} INFO - DAG(s) dict_keys(['example_setup_teardown']) retrieved from /home/airflow/.local/lib/python3.8/site-packages/airflow/example_dags/example_setup_teardown.py
[2023-11-25T10:37:09.315+0000] {logging_mixin.py:154} INFO - [2023-11-25T10:37:09.315+0000] {dag.py:2941} INFO - Sync 1 DAGs
[2023-11-25T10:37:09.353+0000] {logging_mixin.py:154} INFO - [2023-11-25T10:37:09.352+0000] {dag.py:3722} INFO - Setting next_dagrun for example_setup_teardown to 2023-11-24T10:37:09.352724+00:00, run_after=2023-11-25T10:37:09.352724+00:00
[2023-11-25T10:37:09.378+0000] {processor.py:179} INFO - Processing /home/airflow/.local/lib/python3.8/site-packages/airflow/example_dags/example_setup_teardown.py took 0.299 seconds
[2023-11-25T10:37:39.586+0000] {processor.py:157} INFO - Started process (PID=1580) to work on /home/airflow/.local/lib/python3.8/site-packages/airflow/example_dags/example_setup_teardown.py
[2023-11-25T10:37:39.587+0000] {processor.py:829} INFO - Processing file /home/airflow/.local/lib/python3.8/site-packages/airflow/example_dags/example_setup_teardown.py for tasks to queue
[2023-11-25T10:37:39.590+0000] {logging_mixin.py:154} INFO - [2023-11-25T10:37:39.590+0000] {dagbag.py:536} INFO - Filling up the DagBag from /home/airflow/.local/lib/python3.8/site-packages/airflow/example_dags/example_setup_teardown.py
[2023-11-25T10:37:39.597+0000] {processor.py:839} INFO - DAG(s) dict_keys(['example_setup_teardown']) retrieved from /home/airflow/.local/lib/python3.8/site-packages/airflow/example_dags/example_setup_teardown.py
[2023-11-25T10:37:39.620+0000] {logging_mixin.py:154} INFO - [2023-11-25T10:37:39.620+0000] {dag.py:2941} INFO - Sync 1 DAGs
[2023-11-25T10:37:39.646+0000] {logging_mixin.py:154} INFO - [2023-11-25T10:37:39.645+0000] {dag.py:3722} INFO - Setting next_dagrun for example_setup_teardown to 2023-11-24T10:37:39.645460+00:00, run_after=2023-11-25T10:37:39.645460+00:00
[2023-11-25T10:37:39.671+0000] {processor.py:179} INFO - Processing /home/airflow/.local/lib/python3.8/site-packages/airflow/example_dags/example_setup_teardown.py took 0.088 seconds
[2023-11-25T10:38:09.948+0000] {processor.py:157} INFO - Started process (PID=1634) to work on /home/airflow/.local/lib/python3.8/site-packages/airflow/example_dags/example_setup_teardown.py
[2023-11-25T10:38:09.949+0000] {processor.py:829} INFO - Processing file /home/airflow/.local/lib/python3.8/site-packages/airflow/example_dags/example_setup_teardown.py for tasks to queue
[2023-11-25T10:38:09.951+0000] {logging_mixin.py:154} INFO - [2023-11-25T10:38:09.951+0000] {dagbag.py:536} INFO - Filling up the DagBag from /home/airflow/.local/lib/python3.8/site-packages/airflow/example_dags/example_setup_teardown.py
[2023-11-25T10:38:09.957+0000] {processor.py:839} INFO - DAG(s) dict_keys(['example_setup_teardown']) retrieved from /home/airflow/.local/lib/python3.8/site-packages/airflow/example_dags/example_setup_teardown.py
[2023-11-25T10:38:09.982+0000] {logging_mixin.py:154} INFO - [2023-11-25T10:38:09.982+0000] {dag.py:2941} INFO - Sync 1 DAGs
[2023-11-25T10:38:10.016+0000] {logging_mixin.py:154} INFO - [2023-11-25T10:38:10.016+0000] {dag.py:3722} INFO - Setting next_dagrun for example_setup_teardown to 2023-11-24T10:38:10.016416+00:00, run_after=2023-11-25T10:38:10.016416+00:00
[2023-11-25T10:38:10.047+0000] {processor.py:179} INFO - Processing /home/airflow/.local/lib/python3.8/site-packages/airflow/example_dags/example_setup_teardown.py took 0.104 seconds
[2023-11-25T10:38:40.267+0000] {processor.py:157} INFO - Started process (PID=1688) to work on /home/airflow/.local/lib/python3.8/site-packages/airflow/example_dags/example_setup_teardown.py
[2023-11-25T10:38:40.267+0000] {processor.py:829} INFO - Processing file /home/airflow/.local/lib/python3.8/site-packages/airflow/example_dags/example_setup_teardown.py for tasks to queue
[2023-11-25T10:38:40.270+0000] {logging_mixin.py:154} INFO - [2023-11-25T10:38:40.269+0000] {dagbag.py:536} INFO - Filling up the DagBag from /home/airflow/.local/lib/python3.8/site-packages/airflow/example_dags/example_setup_teardown.py
[2023-11-25T10:38:40.277+0000] {processor.py:839} INFO - DAG(s) dict_keys(['example_setup_teardown']) retrieved from /home/airflow/.local/lib/python3.8/site-packages/airflow/example_dags/example_setup_teardown.py
[2023-11-25T10:38:40.302+0000] {logging_mixin.py:154} INFO - [2023-11-25T10:38:40.302+0000] {dag.py:2941} INFO - Sync 1 DAGs
[2023-11-25T10:38:40.332+0000] {logging_mixin.py:154} INFO - [2023-11-25T10:38:40.332+0000] {dag.py:3722} INFO - Setting next_dagrun for example_setup_teardown to 2023-11-24T10:38:40.332321+00:00, run_after=2023-11-25T10:38:40.332321+00:00
[2023-11-25T10:38:40.352+0000] {processor.py:179} INFO - Processing /home/airflow/.local/lib/python3.8/site-packages/airflow/example_dags/example_setup_teardown.py took 0.088 seconds
[2023-11-25T10:39:10.622+0000] {processor.py:157} INFO - Started process (PID=1742) to work on /home/airflow/.local/lib/python3.8/site-packages/airflow/example_dags/example_setup_teardown.py
[2023-11-25T10:39:10.628+0000] {processor.py:829} INFO - Processing file /home/airflow/.local/lib/python3.8/site-packages/airflow/example_dags/example_setup_teardown.py for tasks to queue
[2023-11-25T10:39:10.631+0000] {logging_mixin.py:154} INFO - [2023-11-25T10:39:10.630+0000] {dagbag.py:536} INFO - Filling up the DagBag from /home/airflow/.local/lib/python3.8/site-packages/airflow/example_dags/example_setup_teardown.py
[2023-11-25T10:39:10.640+0000] {processor.py:839} INFO - DAG(s) dict_keys(['example_setup_teardown']) retrieved from /home/airflow/.local/lib/python3.8/site-packages/airflow/example_dags/example_setup_teardown.py
[2023-11-25T10:39:10.664+0000] {logging_mixin.py:154} INFO - [2023-11-25T10:39:10.664+0000] {dag.py:2941} INFO - Sync 1 DAGs
[2023-11-25T10:39:10.693+0000] {logging_mixin.py:154} INFO - [2023-11-25T10:39:10.693+0000] {dag.py:3722} INFO - Setting next_dagrun for example_setup_teardown to 2023-11-24T10:39:10.693241+00:00, run_after=2023-11-25T10:39:10.693241+00:00
[2023-11-25T10:39:10.728+0000] {processor.py:179} INFO - Processing /home/airflow/.local/lib/python3.8/site-packages/airflow/example_dags/example_setup_teardown.py took 0.111 seconds
[2023-11-25T10:39:40.863+0000] {processor.py:157} INFO - Started process (PID=1796) to work on /home/airflow/.local/lib/python3.8/site-packages/airflow/example_dags/example_setup_teardown.py
[2023-11-25T10:39:40.863+0000] {processor.py:829} INFO - Processing file /home/airflow/.local/lib/python3.8/site-packages/airflow/example_dags/example_setup_teardown.py for tasks to queue
[2023-11-25T10:39:40.866+0000] {logging_mixin.py:154} INFO - [2023-11-25T10:39:40.866+0000] {dagbag.py:536} INFO - Filling up the DagBag from /home/airflow/.local/lib/python3.8/site-packages/airflow/example_dags/example_setup_teardown.py
[2023-11-25T10:39:40.871+0000] {processor.py:839} INFO - DAG(s) dict_keys(['example_setup_teardown']) retrieved from /home/airflow/.local/lib/python3.8/site-packages/airflow/example_dags/example_setup_teardown.py
[2023-11-25T10:39:40.889+0000] {logging_mixin.py:154} INFO - [2023-11-25T10:39:40.889+0000] {dag.py:2941} INFO - Sync 1 DAGs
[2023-11-25T10:39:40.909+0000] {logging_mixin.py:154} INFO - [2023-11-25T10:39:40.909+0000] {dag.py:3722} INFO - Setting next_dagrun for example_setup_teardown to 2023-11-24T10:39:40.909437+00:00, run_after=2023-11-25T10:39:40.909437+00:00
[2023-11-25T10:39:40.925+0000] {processor.py:179} INFO - Processing /home/airflow/.local/lib/python3.8/site-packages/airflow/example_dags/example_setup_teardown.py took 0.065 seconds
[2023-11-25T11:05:07.286+0000] {processor.py:157} INFO - Started process (PID=65) to work on /home/airflow/.local/lib/python3.8/site-packages/airflow/example_dags/example_setup_teardown.py
[2023-11-25T11:05:07.287+0000] {processor.py:829} INFO - Processing file /home/airflow/.local/lib/python3.8/site-packages/airflow/example_dags/example_setup_teardown.py for tasks to queue
[2023-11-25T11:05:07.292+0000] {logging_mixin.py:154} INFO - [2023-11-25T11:05:07.292+0000] {dagbag.py:536} INFO - Filling up the DagBag from /home/airflow/.local/lib/python3.8/site-packages/airflow/example_dags/example_setup_teardown.py
[2023-11-25T11:05:07.300+0000] {processor.py:839} INFO - DAG(s) dict_keys(['example_setup_teardown']) retrieved from /home/airflow/.local/lib/python3.8/site-packages/airflow/example_dags/example_setup_teardown.py
[2023-11-25T11:05:07.312+0000] {logging_mixin.py:154} INFO - [2023-11-25T11:05:07.312+0000] {dag.py:2941} INFO - Sync 1 DAGs
[2023-11-25T11:05:07.346+0000] {logging_mixin.py:154} INFO - [2023-11-25T11:05:07.346+0000] {dag.py:3722} INFO - Setting next_dagrun for example_setup_teardown to 2023-11-24T11:05:07.345956+00:00, run_after=2023-11-25T11:05:07.345956+00:00
[2023-11-25T11:05:07.370+0000] {processor.py:179} INFO - Processing /home/airflow/.local/lib/python3.8/site-packages/airflow/example_dags/example_setup_teardown.py took 0.089 seconds
[2023-11-25T11:05:37.608+0000] {processor.py:157} INFO - Started process (PID=119) to work on /home/airflow/.local/lib/python3.8/site-packages/airflow/example_dags/example_setup_teardown.py
[2023-11-25T11:05:37.609+0000] {processor.py:829} INFO - Processing file /home/airflow/.local/lib/python3.8/site-packages/airflow/example_dags/example_setup_teardown.py for tasks to queue
[2023-11-25T11:05:37.612+0000] {logging_mixin.py:154} INFO - [2023-11-25T11:05:37.611+0000] {dagbag.py:536} INFO - Filling up the DagBag from /home/airflow/.local/lib/python3.8/site-packages/airflow/example_dags/example_setup_teardown.py
[2023-11-25T11:05:37.621+0000] {processor.py:839} INFO - DAG(s) dict_keys(['example_setup_teardown']) retrieved from /home/airflow/.local/lib/python3.8/site-packages/airflow/example_dags/example_setup_teardown.py
[2023-11-25T11:05:37.645+0000] {logging_mixin.py:154} INFO - [2023-11-25T11:05:37.645+0000] {dag.py:2941} INFO - Sync 1 DAGs
[2023-11-25T11:05:37.675+0000] {logging_mixin.py:154} INFO - [2023-11-25T11:05:37.675+0000] {dag.py:3722} INFO - Setting next_dagrun for example_setup_teardown to 2023-11-24T11:05:37.674942+00:00, run_after=2023-11-25T11:05:37.674942+00:00
[2023-11-25T11:05:37.703+0000] {processor.py:179} INFO - Processing /home/airflow/.local/lib/python3.8/site-packages/airflow/example_dags/example_setup_teardown.py took 0.101 seconds
[2023-11-25T11:06:08.649+0000] {processor.py:157} INFO - Started process (PID=173) to work on /home/airflow/.local/lib/python3.8/site-packages/airflow/example_dags/example_setup_teardown.py
[2023-11-25T11:06:08.650+0000] {processor.py:829} INFO - Processing file /home/airflow/.local/lib/python3.8/site-packages/airflow/example_dags/example_setup_teardown.py for tasks to queue
[2023-11-25T11:06:08.652+0000] {logging_mixin.py:154} INFO - [2023-11-25T11:06:08.652+0000] {dagbag.py:536} INFO - Filling up the DagBag from /home/airflow/.local/lib/python3.8/site-packages/airflow/example_dags/example_setup_teardown.py
[2023-11-25T11:06:08.659+0000] {processor.py:839} INFO - DAG(s) dict_keys(['example_setup_teardown']) retrieved from /home/airflow/.local/lib/python3.8/site-packages/airflow/example_dags/example_setup_teardown.py
[2023-11-25T11:06:08.683+0000] {logging_mixin.py:154} INFO - [2023-11-25T11:06:08.683+0000] {dag.py:2941} INFO - Sync 1 DAGs
[2023-11-25T11:06:08.711+0000] {logging_mixin.py:154} INFO - [2023-11-25T11:06:08.711+0000] {dag.py:3722} INFO - Setting next_dagrun for example_setup_teardown to 2023-11-24T11:06:08.711185+00:00, run_after=2023-11-25T11:06:08.711185+00:00
[2023-11-25T11:06:08.745+0000] {processor.py:179} INFO - Processing /home/airflow/.local/lib/python3.8/site-packages/airflow/example_dags/example_setup_teardown.py took 0.099 seconds
[2023-11-25T11:07:43.350+0000] {processor.py:157} INFO - Started process (PID=65) to work on /home/airflow/.local/lib/python3.8/site-packages/airflow/example_dags/example_setup_teardown.py
[2023-11-25T11:07:43.351+0000] {processor.py:829} INFO - Processing file /home/airflow/.local/lib/python3.8/site-packages/airflow/example_dags/example_setup_teardown.py for tasks to queue
[2023-11-25T11:07:43.357+0000] {logging_mixin.py:154} INFO - [2023-11-25T11:07:43.357+0000] {dagbag.py:536} INFO - Filling up the DagBag from /home/airflow/.local/lib/python3.8/site-packages/airflow/example_dags/example_setup_teardown.py
[2023-11-25T11:07:43.366+0000] {processor.py:839} INFO - DAG(s) dict_keys(['example_setup_teardown']) retrieved from /home/airflow/.local/lib/python3.8/site-packages/airflow/example_dags/example_setup_teardown.py
[2023-11-25T11:07:43.400+0000] {logging_mixin.py:154} INFO - [2023-11-25T11:07:43.399+0000] {dag.py:2941} INFO - Sync 1 DAGs
[2023-11-25T11:07:43.428+0000] {logging_mixin.py:154} INFO - [2023-11-25T11:07:43.428+0000] {dag.py:3722} INFO - Setting next_dagrun for example_setup_teardown to 2023-11-24T11:07:43.428392+00:00, run_after=2023-11-25T11:07:43.428392+00:00
[2023-11-25T11:07:43.451+0000] {processor.py:179} INFO - Processing /home/airflow/.local/lib/python3.8/site-packages/airflow/example_dags/example_setup_teardown.py took 0.106 seconds
[2023-11-25T11:08:13.970+0000] {processor.py:157} INFO - Started process (PID=119) to work on /home/airflow/.local/lib/python3.8/site-packages/airflow/example_dags/example_setup_teardown.py
[2023-11-25T11:08:13.971+0000] {processor.py:829} INFO - Processing file /home/airflow/.local/lib/python3.8/site-packages/airflow/example_dags/example_setup_teardown.py for tasks to queue
[2023-11-25T11:08:13.973+0000] {logging_mixin.py:154} INFO - [2023-11-25T11:08:13.973+0000] {dagbag.py:536} INFO - Filling up the DagBag from /home/airflow/.local/lib/python3.8/site-packages/airflow/example_dags/example_setup_teardown.py
[2023-11-25T11:08:13.979+0000] {processor.py:839} INFO - DAG(s) dict_keys(['example_setup_teardown']) retrieved from /home/airflow/.local/lib/python3.8/site-packages/airflow/example_dags/example_setup_teardown.py
[2023-11-25T11:08:14.000+0000] {logging_mixin.py:154} INFO - [2023-11-25T11:08:13.999+0000] {dag.py:2941} INFO - Sync 1 DAGs
[2023-11-25T11:08:14.022+0000] {logging_mixin.py:154} INFO - [2023-11-25T11:08:14.022+0000] {dag.py:3722} INFO - Setting next_dagrun for example_setup_teardown to 2023-11-24T11:08:14.022489+00:00, run_after=2023-11-25T11:08:14.022489+00:00
[2023-11-25T11:08:14.050+0000] {processor.py:179} INFO - Processing /home/airflow/.local/lib/python3.8/site-packages/airflow/example_dags/example_setup_teardown.py took 0.084 seconds
[2023-11-25T11:08:44.906+0000] {processor.py:157} INFO - Started process (PID=173) to work on /home/airflow/.local/lib/python3.8/site-packages/airflow/example_dags/example_setup_teardown.py
[2023-11-25T11:08:44.907+0000] {processor.py:829} INFO - Processing file /home/airflow/.local/lib/python3.8/site-packages/airflow/example_dags/example_setup_teardown.py for tasks to queue
[2023-11-25T11:08:44.909+0000] {logging_mixin.py:154} INFO - [2023-11-25T11:08:44.909+0000] {dagbag.py:536} INFO - Filling up the DagBag from /home/airflow/.local/lib/python3.8/site-packages/airflow/example_dags/example_setup_teardown.py
[2023-11-25T11:08:44.914+0000] {processor.py:839} INFO - DAG(s) dict_keys(['example_setup_teardown']) retrieved from /home/airflow/.local/lib/python3.8/site-packages/airflow/example_dags/example_setup_teardown.py
[2023-11-25T11:08:44.936+0000] {logging_mixin.py:154} INFO - [2023-11-25T11:08:44.935+0000] {dag.py:2941} INFO - Sync 1 DAGs
[2023-11-25T11:08:44.964+0000] {logging_mixin.py:154} INFO - [2023-11-25T11:08:44.963+0000] {dag.py:3722} INFO - Setting next_dagrun for example_setup_teardown to 2023-11-24T11:08:44.963506+00:00, run_after=2023-11-25T11:08:44.963506+00:00
[2023-11-25T11:08:44.980+0000] {processor.py:179} INFO - Processing /home/airflow/.local/lib/python3.8/site-packages/airflow/example_dags/example_setup_teardown.py took 0.076 seconds
[2023-11-25T11:09:15.438+0000] {processor.py:157} INFO - Started process (PID=226) to work on /home/airflow/.local/lib/python3.8/site-packages/airflow/example_dags/example_setup_teardown.py
[2023-11-25T11:09:15.441+0000] {processor.py:829} INFO - Processing file /home/airflow/.local/lib/python3.8/site-packages/airflow/example_dags/example_setup_teardown.py for tasks to queue
[2023-11-25T11:09:15.444+0000] {logging_mixin.py:154} INFO - [2023-11-25T11:09:15.443+0000] {dagbag.py:536} INFO - Filling up the DagBag from /home/airflow/.local/lib/python3.8/site-packages/airflow/example_dags/example_setup_teardown.py
[2023-11-25T11:09:15.452+0000] {processor.py:839} INFO - DAG(s) dict_keys(['example_setup_teardown']) retrieved from /home/airflow/.local/lib/python3.8/site-packages/airflow/example_dags/example_setup_teardown.py
[2023-11-25T11:09:15.472+0000] {logging_mixin.py:154} INFO - [2023-11-25T11:09:15.472+0000] {dag.py:2941} INFO - Sync 1 DAGs
[2023-11-25T11:09:15.494+0000] {logging_mixin.py:154} INFO - [2023-11-25T11:09:15.494+0000] {dag.py:3722} INFO - Setting next_dagrun for example_setup_teardown to 2023-11-24T11:09:15.494365+00:00, run_after=2023-11-25T11:09:15.494365+00:00
[2023-11-25T11:09:15.522+0000] {processor.py:179} INFO - Processing /home/airflow/.local/lib/python3.8/site-packages/airflow/example_dags/example_setup_teardown.py took 0.088 seconds
[2023-11-25T11:09:46.294+0000] {processor.py:157} INFO - Started process (PID=280) to work on /home/airflow/.local/lib/python3.8/site-packages/airflow/example_dags/example_setup_teardown.py
[2023-11-25T11:09:46.295+0000] {processor.py:829} INFO - Processing file /home/airflow/.local/lib/python3.8/site-packages/airflow/example_dags/example_setup_teardown.py for tasks to queue
[2023-11-25T11:09:46.297+0000] {logging_mixin.py:154} INFO - [2023-11-25T11:09:46.297+0000] {dagbag.py:536} INFO - Filling up the DagBag from /home/airflow/.local/lib/python3.8/site-packages/airflow/example_dags/example_setup_teardown.py
[2023-11-25T11:09:46.303+0000] {processor.py:839} INFO - DAG(s) dict_keys(['example_setup_teardown']) retrieved from /home/airflow/.local/lib/python3.8/site-packages/airflow/example_dags/example_setup_teardown.py
[2023-11-25T11:09:46.329+0000] {logging_mixin.py:154} INFO - [2023-11-25T11:09:46.329+0000] {dag.py:2941} INFO - Sync 1 DAGs
[2023-11-25T11:09:46.354+0000] {logging_mixin.py:154} INFO - [2023-11-25T11:09:46.353+0000] {dag.py:3722} INFO - Setting next_dagrun for example_setup_teardown to 2023-11-24T11:09:46.353700+00:00, run_after=2023-11-25T11:09:46.353700+00:00
[2023-11-25T11:09:46.373+0000] {processor.py:179} INFO - Processing /home/airflow/.local/lib/python3.8/site-packages/airflow/example_dags/example_setup_teardown.py took 0.082 seconds
[2023-11-25T11:10:17.274+0000] {processor.py:157} INFO - Started process (PID=334) to work on /home/airflow/.local/lib/python3.8/site-packages/airflow/example_dags/example_setup_teardown.py
[2023-11-25T11:10:17.275+0000] {processor.py:829} INFO - Processing file /home/airflow/.local/lib/python3.8/site-packages/airflow/example_dags/example_setup_teardown.py for tasks to queue
[2023-11-25T11:10:17.277+0000] {logging_mixin.py:154} INFO - [2023-11-25T11:10:17.276+0000] {dagbag.py:536} INFO - Filling up the DagBag from /home/airflow/.local/lib/python3.8/site-packages/airflow/example_dags/example_setup_teardown.py
[2023-11-25T11:10:17.282+0000] {processor.py:839} INFO - DAG(s) dict_keys(['example_setup_teardown']) retrieved from /home/airflow/.local/lib/python3.8/site-packages/airflow/example_dags/example_setup_teardown.py
[2023-11-25T11:10:17.305+0000] {logging_mixin.py:154} INFO - [2023-11-25T11:10:17.305+0000] {dag.py:2941} INFO - Sync 1 DAGs
[2023-11-25T11:10:17.333+0000] {logging_mixin.py:154} INFO - [2023-11-25T11:10:17.333+0000] {dag.py:3722} INFO - Setting next_dagrun for example_setup_teardown to 2023-11-24T11:10:17.332866+00:00, run_after=2023-11-25T11:10:17.332866+00:00
[2023-11-25T11:10:17.352+0000] {processor.py:179} INFO - Processing /home/airflow/.local/lib/python3.8/site-packages/airflow/example_dags/example_setup_teardown.py took 0.081 seconds
[2023-11-25T11:10:47.733+0000] {processor.py:157} INFO - Started process (PID=395) to work on /home/airflow/.local/lib/python3.8/site-packages/airflow/example_dags/example_setup_teardown.py
[2023-11-25T11:10:47.733+0000] {processor.py:829} INFO - Processing file /home/airflow/.local/lib/python3.8/site-packages/airflow/example_dags/example_setup_teardown.py for tasks to queue
[2023-11-25T11:10:47.736+0000] {logging_mixin.py:154} INFO - [2023-11-25T11:10:47.736+0000] {dagbag.py:536} INFO - Filling up the DagBag from /home/airflow/.local/lib/python3.8/site-packages/airflow/example_dags/example_setup_teardown.py
[2023-11-25T11:10:47.744+0000] {processor.py:839} INFO - DAG(s) dict_keys(['example_setup_teardown']) retrieved from /home/airflow/.local/lib/python3.8/site-packages/airflow/example_dags/example_setup_teardown.py
[2023-11-25T11:10:47.772+0000] {logging_mixin.py:154} INFO - [2023-11-25T11:10:47.772+0000] {dag.py:2941} INFO - Sync 1 DAGs
[2023-11-25T11:10:47.805+0000] {logging_mixin.py:154} INFO - [2023-11-25T11:10:47.805+0000] {dag.py:3722} INFO - Setting next_dagrun for example_setup_teardown to 2023-11-24T11:10:47.805144+00:00, run_after=2023-11-25T11:10:47.805144+00:00
[2023-11-25T11:10:47.833+0000] {processor.py:179} INFO - Processing /home/airflow/.local/lib/python3.8/site-packages/airflow/example_dags/example_setup_teardown.py took 0.105 seconds
[2023-11-25T11:11:17.956+0000] {processor.py:157} INFO - Started process (PID=450) to work on /home/airflow/.local/lib/python3.8/site-packages/airflow/example_dags/example_setup_teardown.py
[2023-11-25T11:11:17.957+0000] {processor.py:829} INFO - Processing file /home/airflow/.local/lib/python3.8/site-packages/airflow/example_dags/example_setup_teardown.py for tasks to queue
[2023-11-25T11:11:17.959+0000] {logging_mixin.py:154} INFO - [2023-11-25T11:11:17.958+0000] {dagbag.py:536} INFO - Filling up the DagBag from /home/airflow/.local/lib/python3.8/site-packages/airflow/example_dags/example_setup_teardown.py
[2023-11-25T11:11:17.964+0000] {processor.py:839} INFO - DAG(s) dict_keys(['example_setup_teardown']) retrieved from /home/airflow/.local/lib/python3.8/site-packages/airflow/example_dags/example_setup_teardown.py
[2023-11-25T11:11:17.981+0000] {logging_mixin.py:154} INFO - [2023-11-25T11:11:17.981+0000] {dag.py:2941} INFO - Sync 1 DAGs
[2023-11-25T11:11:18.002+0000] {logging_mixin.py:154} INFO - [2023-11-25T11:11:18.001+0000] {dag.py:3722} INFO - Setting next_dagrun for example_setup_teardown to 2023-11-24T11:11:18.001541+00:00, run_after=2023-11-25T11:11:18.001541+00:00
[2023-11-25T11:11:18.043+0000] {processor.py:179} INFO - Processing /home/airflow/.local/lib/python3.8/site-packages/airflow/example_dags/example_setup_teardown.py took 0.090 seconds
[2023-11-25T11:11:48.187+0000] {processor.py:157} INFO - Started process (PID=505) to work on /home/airflow/.local/lib/python3.8/site-packages/airflow/example_dags/example_setup_teardown.py
[2023-11-25T11:11:48.188+0000] {processor.py:829} INFO - Processing file /home/airflow/.local/lib/python3.8/site-packages/airflow/example_dags/example_setup_teardown.py for tasks to queue
[2023-11-25T11:11:48.190+0000] {logging_mixin.py:154} INFO - [2023-11-25T11:11:48.190+0000] {dagbag.py:536} INFO - Filling up the DagBag from /home/airflow/.local/lib/python3.8/site-packages/airflow/example_dags/example_setup_teardown.py
[2023-11-25T11:11:48.195+0000] {processor.py:839} INFO - DAG(s) dict_keys(['example_setup_teardown']) retrieved from /home/airflow/.local/lib/python3.8/site-packages/airflow/example_dags/example_setup_teardown.py
[2023-11-25T11:11:48.213+0000] {logging_mixin.py:154} INFO - [2023-11-25T11:11:48.213+0000] {dag.py:2941} INFO - Sync 1 DAGs
[2023-11-25T11:11:48.234+0000] {logging_mixin.py:154} INFO - [2023-11-25T11:11:48.233+0000] {dag.py:3722} INFO - Setting next_dagrun for example_setup_teardown to 2023-11-24T11:11:48.233672+00:00, run_after=2023-11-25T11:11:48.233672+00:00
[2023-11-25T11:11:48.255+0000] {processor.py:179} INFO - Processing /home/airflow/.local/lib/python3.8/site-packages/airflow/example_dags/example_setup_teardown.py took 0.071 seconds
[2023-11-25T11:12:19.443+0000] {processor.py:157} INFO - Started process (PID=558) to work on /home/airflow/.local/lib/python3.8/site-packages/airflow/example_dags/example_setup_teardown.py
[2023-11-25T11:12:19.444+0000] {processor.py:829} INFO - Processing file /home/airflow/.local/lib/python3.8/site-packages/airflow/example_dags/example_setup_teardown.py for tasks to queue
[2023-11-25T11:12:19.447+0000] {logging_mixin.py:154} INFO - [2023-11-25T11:12:19.447+0000] {dagbag.py:536} INFO - Filling up the DagBag from /home/airflow/.local/lib/python3.8/site-packages/airflow/example_dags/example_setup_teardown.py
[2023-11-25T11:12:19.453+0000] {processor.py:839} INFO - DAG(s) dict_keys(['example_setup_teardown']) retrieved from /home/airflow/.local/lib/python3.8/site-packages/airflow/example_dags/example_setup_teardown.py
[2023-11-25T11:12:19.479+0000] {logging_mixin.py:154} INFO - [2023-11-25T11:12:19.479+0000] {dag.py:2941} INFO - Sync 1 DAGs
[2023-11-25T11:12:19.508+0000] {logging_mixin.py:154} INFO - [2023-11-25T11:12:19.507+0000] {dag.py:3722} INFO - Setting next_dagrun for example_setup_teardown to 2023-11-24T11:12:19.507541+00:00, run_after=2023-11-25T11:12:19.507541+00:00
[2023-11-25T11:12:19.532+0000] {processor.py:179} INFO - Processing /home/airflow/.local/lib/python3.8/site-packages/airflow/example_dags/example_setup_teardown.py took 0.093 seconds
[2023-11-25T11:12:49.909+0000] {processor.py:157} INFO - Started process (PID=612) to work on /home/airflow/.local/lib/python3.8/site-packages/airflow/example_dags/example_setup_teardown.py
[2023-11-25T11:12:49.910+0000] {processor.py:829} INFO - Processing file /home/airflow/.local/lib/python3.8/site-packages/airflow/example_dags/example_setup_teardown.py for tasks to queue
[2023-11-25T11:12:49.912+0000] {logging_mixin.py:154} INFO - [2023-11-25T11:12:49.912+0000] {dagbag.py:536} INFO - Filling up the DagBag from /home/airflow/.local/lib/python3.8/site-packages/airflow/example_dags/example_setup_teardown.py
[2023-11-25T11:12:49.918+0000] {processor.py:839} INFO - DAG(s) dict_keys(['example_setup_teardown']) retrieved from /home/airflow/.local/lib/python3.8/site-packages/airflow/example_dags/example_setup_teardown.py
[2023-11-25T11:12:49.944+0000] {logging_mixin.py:154} INFO - [2023-11-25T11:12:49.944+0000] {dag.py:2941} INFO - Sync 1 DAGs
[2023-11-25T11:12:49.974+0000] {logging_mixin.py:154} INFO - [2023-11-25T11:12:49.974+0000] {dag.py:3722} INFO - Setting next_dagrun for example_setup_teardown to 2023-11-24T11:12:49.974444+00:00, run_after=2023-11-25T11:12:49.974444+00:00
[2023-11-25T11:12:49.992+0000] {processor.py:179} INFO - Processing /home/airflow/.local/lib/python3.8/site-packages/airflow/example_dags/example_setup_teardown.py took 0.087 seconds
[2023-11-25T11:13:20.899+0000] {processor.py:157} INFO - Started process (PID=667) to work on /home/airflow/.local/lib/python3.8/site-packages/airflow/example_dags/example_setup_teardown.py
[2023-11-25T11:13:20.900+0000] {processor.py:829} INFO - Processing file /home/airflow/.local/lib/python3.8/site-packages/airflow/example_dags/example_setup_teardown.py for tasks to queue
[2023-11-25T11:13:20.903+0000] {logging_mixin.py:154} INFO - [2023-11-25T11:13:20.903+0000] {dagbag.py:536} INFO - Filling up the DagBag from /home/airflow/.local/lib/python3.8/site-packages/airflow/example_dags/example_setup_teardown.py
[2023-11-25T11:13:20.912+0000] {processor.py:839} INFO - DAG(s) dict_keys(['example_setup_teardown']) retrieved from /home/airflow/.local/lib/python3.8/site-packages/airflow/example_dags/example_setup_teardown.py
[2023-11-25T11:13:20.934+0000] {logging_mixin.py:154} INFO - [2023-11-25T11:13:20.933+0000] {dag.py:2941} INFO - Sync 1 DAGs
[2023-11-25T11:13:20.956+0000] {logging_mixin.py:154} INFO - [2023-11-25T11:13:20.956+0000] {dag.py:3722} INFO - Setting next_dagrun for example_setup_teardown to 2023-11-24T11:13:20.955839+00:00, run_after=2023-11-25T11:13:20.955839+00:00
[2023-11-25T11:13:20.979+0000] {processor.py:179} INFO - Processing /home/airflow/.local/lib/python3.8/site-packages/airflow/example_dags/example_setup_teardown.py took 0.084 seconds
[2023-11-25T11:13:51.374+0000] {processor.py:157} INFO - Started process (PID=722) to work on /home/airflow/.local/lib/python3.8/site-packages/airflow/example_dags/example_setup_teardown.py
[2023-11-25T11:13:51.376+0000] {processor.py:829} INFO - Processing file /home/airflow/.local/lib/python3.8/site-packages/airflow/example_dags/example_setup_teardown.py for tasks to queue
[2023-11-25T11:13:51.380+0000] {logging_mixin.py:154} INFO - [2023-11-25T11:13:51.379+0000] {dagbag.py:536} INFO - Filling up the DagBag from /home/airflow/.local/lib/python3.8/site-packages/airflow/example_dags/example_setup_teardown.py
[2023-11-25T11:13:51.388+0000] {processor.py:839} INFO - DAG(s) dict_keys(['example_setup_teardown']) retrieved from /home/airflow/.local/lib/python3.8/site-packages/airflow/example_dags/example_setup_teardown.py
[2023-11-25T11:13:51.411+0000] {logging_mixin.py:154} INFO - [2023-11-25T11:13:51.411+0000] {dag.py:2941} INFO - Sync 1 DAGs
[2023-11-25T11:13:51.438+0000] {logging_mixin.py:154} INFO - [2023-11-25T11:13:51.438+0000] {dag.py:3722} INFO - Setting next_dagrun for example_setup_teardown to 2023-11-24T11:13:51.438031+00:00, run_after=2023-11-25T11:13:51.438031+00:00
[2023-11-25T11:13:51.474+0000] {processor.py:179} INFO - Processing /home/airflow/.local/lib/python3.8/site-packages/airflow/example_dags/example_setup_teardown.py took 0.104 seconds
