[2023-11-25T10:23:20.147+0000] {processor.py:157} INFO - Started process (PID=55) to work on /home/airflow/.local/lib/python3.8/site-packages/airflow/example_dags/example_branch_python_dop_operator_3.py
[2023-11-25T10:23:20.148+0000] {processor.py:829} INFO - Processing file /home/airflow/.local/lib/python3.8/site-packages/airflow/example_dags/example_branch_python_dop_operator_3.py for tasks to queue
[2023-11-25T10:23:20.151+0000] {logging_mixin.py:154} INFO - [2023-11-25T10:23:20.151+0000] {dagbag.py:536} INFO - Filling up the DagBag from /home/airflow/.local/lib/python3.8/site-packages/airflow/example_dags/example_branch_python_dop_operator_3.py
[2023-11-25T10:23:20.177+0000] {processor.py:839} INFO - DAG(s) dict_keys(['example_branch_dop_operator_v3']) retrieved from /home/airflow/.local/lib/python3.8/site-packages/airflow/example_dags/example_branch_python_dop_operator_3.py
[2023-11-25T10:23:20.240+0000] {logging_mixin.py:154} INFO - [2023-11-25T10:23:20.240+0000] {dag.py:2941} INFO - Sync 1 DAGs
[2023-11-25T10:23:20.311+0000] {logging_mixin.py:154} INFO - [2023-11-25T10:23:20.311+0000] {dag.py:3722} INFO - Setting next_dagrun for example_branch_dop_operator_v3 to 2023-11-25T10:22:00+00:00, run_after=2023-11-25T10:23:00+00:00
[2023-11-25T10:23:20.355+0000] {processor.py:179} INFO - Processing /home/airflow/.local/lib/python3.8/site-packages/airflow/example_dags/example_branch_python_dop_operator_3.py took 0.213 seconds
[2023-11-25T10:23:51.366+0000] {processor.py:157} INFO - Started process (PID=109) to work on /home/airflow/.local/lib/python3.8/site-packages/airflow/example_dags/example_branch_python_dop_operator_3.py
[2023-11-25T10:23:51.368+0000] {processor.py:829} INFO - Processing file /home/airflow/.local/lib/python3.8/site-packages/airflow/example_dags/example_branch_python_dop_operator_3.py for tasks to queue
[2023-11-25T10:23:51.371+0000] {logging_mixin.py:154} INFO - [2023-11-25T10:23:51.371+0000] {dagbag.py:536} INFO - Filling up the DagBag from /home/airflow/.local/lib/python3.8/site-packages/airflow/example_dags/example_branch_python_dop_operator_3.py
[2023-11-25T10:23:51.386+0000] {processor.py:839} INFO - DAG(s) dict_keys(['example_branch_dop_operator_v3']) retrieved from /home/airflow/.local/lib/python3.8/site-packages/airflow/example_dags/example_branch_python_dop_operator_3.py
[2023-11-25T10:23:51.407+0000] {logging_mixin.py:154} INFO - [2023-11-25T10:23:51.406+0000] {dag.py:2941} INFO - Sync 1 DAGs
[2023-11-25T10:23:51.435+0000] {logging_mixin.py:154} INFO - [2023-11-25T10:23:51.435+0000] {dag.py:3722} INFO - Setting next_dagrun for example_branch_dop_operator_v3 to 2023-11-25T10:22:00+00:00, run_after=2023-11-25T10:23:00+00:00
[2023-11-25T10:23:51.453+0000] {processor.py:179} INFO - Processing /home/airflow/.local/lib/python3.8/site-packages/airflow/example_dags/example_branch_python_dop_operator_3.py took 0.091 seconds
[2023-11-25T10:24:22.142+0000] {processor.py:157} INFO - Started process (PID=163) to work on /home/airflow/.local/lib/python3.8/site-packages/airflow/example_dags/example_branch_python_dop_operator_3.py
[2023-11-25T10:24:22.143+0000] {processor.py:829} INFO - Processing file /home/airflow/.local/lib/python3.8/site-packages/airflow/example_dags/example_branch_python_dop_operator_3.py for tasks to queue
[2023-11-25T10:24:22.146+0000] {logging_mixin.py:154} INFO - [2023-11-25T10:24:22.146+0000] {dagbag.py:536} INFO - Filling up the DagBag from /home/airflow/.local/lib/python3.8/site-packages/airflow/example_dags/example_branch_python_dop_operator_3.py
[2023-11-25T10:24:22.158+0000] {processor.py:839} INFO - DAG(s) dict_keys(['example_branch_dop_operator_v3']) retrieved from /home/airflow/.local/lib/python3.8/site-packages/airflow/example_dags/example_branch_python_dop_operator_3.py
[2023-11-25T10:24:22.181+0000] {logging_mixin.py:154} INFO - [2023-11-25T10:24:22.181+0000] {dag.py:2941} INFO - Sync 1 DAGs
[2023-11-25T10:24:22.221+0000] {logging_mixin.py:154} INFO - [2023-11-25T10:24:22.221+0000] {dag.py:3722} INFO - Setting next_dagrun for example_branch_dop_operator_v3 to 2023-11-25T10:23:00+00:00, run_after=2023-11-25T10:24:00+00:00
[2023-11-25T10:24:22.245+0000] {processor.py:179} INFO - Processing /home/airflow/.local/lib/python3.8/site-packages/airflow/example_dags/example_branch_python_dop_operator_3.py took 0.109 seconds
[2023-11-25T10:24:52.311+0000] {processor.py:157} INFO - Started process (PID=217) to work on /home/airflow/.local/lib/python3.8/site-packages/airflow/example_dags/example_branch_python_dop_operator_3.py
[2023-11-25T10:24:52.314+0000] {processor.py:829} INFO - Processing file /home/airflow/.local/lib/python3.8/site-packages/airflow/example_dags/example_branch_python_dop_operator_3.py for tasks to queue
[2023-11-25T10:24:52.317+0000] {logging_mixin.py:154} INFO - [2023-11-25T10:24:52.316+0000] {dagbag.py:536} INFO - Filling up the DagBag from /home/airflow/.local/lib/python3.8/site-packages/airflow/example_dags/example_branch_python_dop_operator_3.py
[2023-11-25T10:24:52.326+0000] {processor.py:839} INFO - DAG(s) dict_keys(['example_branch_dop_operator_v3']) retrieved from /home/airflow/.local/lib/python3.8/site-packages/airflow/example_dags/example_branch_python_dop_operator_3.py
[2023-11-25T10:24:52.347+0000] {logging_mixin.py:154} INFO - [2023-11-25T10:24:52.347+0000] {dag.py:2941} INFO - Sync 1 DAGs
[2023-11-25T10:24:52.384+0000] {logging_mixin.py:154} INFO - [2023-11-25T10:24:52.384+0000] {dag.py:3722} INFO - Setting next_dagrun for example_branch_dop_operator_v3 to 2023-11-25T10:23:00+00:00, run_after=2023-11-25T10:24:00+00:00
[2023-11-25T10:24:52.403+0000] {processor.py:179} INFO - Processing /home/airflow/.local/lib/python3.8/site-packages/airflow/example_dags/example_branch_python_dop_operator_3.py took 0.099 seconds
[2023-11-25T10:25:22.872+0000] {processor.py:157} INFO - Started process (PID=271) to work on /home/airflow/.local/lib/python3.8/site-packages/airflow/example_dags/example_branch_python_dop_operator_3.py
[2023-11-25T10:25:22.877+0000] {processor.py:829} INFO - Processing file /home/airflow/.local/lib/python3.8/site-packages/airflow/example_dags/example_branch_python_dop_operator_3.py for tasks to queue
[2023-11-25T10:25:22.886+0000] {logging_mixin.py:154} INFO - [2023-11-25T10:25:22.883+0000] {dagbag.py:536} INFO - Filling up the DagBag from /home/airflow/.local/lib/python3.8/site-packages/airflow/example_dags/example_branch_python_dop_operator_3.py
[2023-11-25T10:25:22.905+0000] {processor.py:839} INFO - DAG(s) dict_keys(['example_branch_dop_operator_v3']) retrieved from /home/airflow/.local/lib/python3.8/site-packages/airflow/example_dags/example_branch_python_dop_operator_3.py
[2023-11-25T10:25:22.931+0000] {logging_mixin.py:154} INFO - [2023-11-25T10:25:22.931+0000] {dag.py:2941} INFO - Sync 1 DAGs
[2023-11-25T10:25:22.975+0000] {logging_mixin.py:154} INFO - [2023-11-25T10:25:22.974+0000] {dag.py:3722} INFO - Setting next_dagrun for example_branch_dop_operator_v3 to 2023-11-25T10:24:00+00:00, run_after=2023-11-25T10:25:00+00:00
[2023-11-25T10:25:22.997+0000] {processor.py:179} INFO - Processing /home/airflow/.local/lib/python3.8/site-packages/airflow/example_dags/example_branch_python_dop_operator_3.py took 0.142 seconds
[2023-11-25T10:25:53.466+0000] {processor.py:157} INFO - Started process (PID=325) to work on /home/airflow/.local/lib/python3.8/site-packages/airflow/example_dags/example_branch_python_dop_operator_3.py
[2023-11-25T10:25:53.468+0000] {processor.py:829} INFO - Processing file /home/airflow/.local/lib/python3.8/site-packages/airflow/example_dags/example_branch_python_dop_operator_3.py for tasks to queue
[2023-11-25T10:25:53.471+0000] {logging_mixin.py:154} INFO - [2023-11-25T10:25:53.470+0000] {dagbag.py:536} INFO - Filling up the DagBag from /home/airflow/.local/lib/python3.8/site-packages/airflow/example_dags/example_branch_python_dop_operator_3.py
[2023-11-25T10:25:53.482+0000] {processor.py:839} INFO - DAG(s) dict_keys(['example_branch_dop_operator_v3']) retrieved from /home/airflow/.local/lib/python3.8/site-packages/airflow/example_dags/example_branch_python_dop_operator_3.py
[2023-11-25T10:25:53.506+0000] {logging_mixin.py:154} INFO - [2023-11-25T10:25:53.505+0000] {dag.py:2941} INFO - Sync 1 DAGs
[2023-11-25T10:25:53.540+0000] {logging_mixin.py:154} INFO - [2023-11-25T10:25:53.540+0000] {dag.py:3722} INFO - Setting next_dagrun for example_branch_dop_operator_v3 to 2023-11-25T10:24:00+00:00, run_after=2023-11-25T10:25:00+00:00
[2023-11-25T10:25:53.566+0000] {processor.py:179} INFO - Processing /home/airflow/.local/lib/python3.8/site-packages/airflow/example_dags/example_branch_python_dop_operator_3.py took 0.106 seconds
[2023-11-25T10:26:23.823+0000] {processor.py:157} INFO - Started process (PID=379) to work on /home/airflow/.local/lib/python3.8/site-packages/airflow/example_dags/example_branch_python_dop_operator_3.py
[2023-11-25T10:26:23.834+0000] {processor.py:829} INFO - Processing file /home/airflow/.local/lib/python3.8/site-packages/airflow/example_dags/example_branch_python_dop_operator_3.py for tasks to queue
[2023-11-25T10:26:23.836+0000] {logging_mixin.py:154} INFO - [2023-11-25T10:26:23.836+0000] {dagbag.py:536} INFO - Filling up the DagBag from /home/airflow/.local/lib/python3.8/site-packages/airflow/example_dags/example_branch_python_dop_operator_3.py
[2023-11-25T10:26:23.844+0000] {processor.py:839} INFO - DAG(s) dict_keys(['example_branch_dop_operator_v3']) retrieved from /home/airflow/.local/lib/python3.8/site-packages/airflow/example_dags/example_branch_python_dop_operator_3.py
[2023-11-25T10:26:23.867+0000] {logging_mixin.py:154} INFO - [2023-11-25T10:26:23.867+0000] {dag.py:2941} INFO - Sync 1 DAGs
[2023-11-25T10:26:23.903+0000] {logging_mixin.py:154} INFO - [2023-11-25T10:26:23.903+0000] {dag.py:3722} INFO - Setting next_dagrun for example_branch_dop_operator_v3 to 2023-11-25T10:25:00+00:00, run_after=2023-11-25T10:26:00+00:00
[2023-11-25T10:26:23.925+0000] {processor.py:179} INFO - Processing /home/airflow/.local/lib/python3.8/site-packages/airflow/example_dags/example_branch_python_dop_operator_3.py took 0.108 seconds
[2023-11-25T10:26:54.630+0000] {processor.py:157} INFO - Started process (PID=433) to work on /home/airflow/.local/lib/python3.8/site-packages/airflow/example_dags/example_branch_python_dop_operator_3.py
[2023-11-25T10:26:54.633+0000] {processor.py:829} INFO - Processing file /home/airflow/.local/lib/python3.8/site-packages/airflow/example_dags/example_branch_python_dop_operator_3.py for tasks to queue
[2023-11-25T10:26:54.636+0000] {logging_mixin.py:154} INFO - [2023-11-25T10:26:54.636+0000] {dagbag.py:536} INFO - Filling up the DagBag from /home/airflow/.local/lib/python3.8/site-packages/airflow/example_dags/example_branch_python_dop_operator_3.py
[2023-11-25T10:26:54.645+0000] {processor.py:839} INFO - DAG(s) dict_keys(['example_branch_dop_operator_v3']) retrieved from /home/airflow/.local/lib/python3.8/site-packages/airflow/example_dags/example_branch_python_dop_operator_3.py
[2023-11-25T10:26:54.665+0000] {logging_mixin.py:154} INFO - [2023-11-25T10:26:54.665+0000] {dag.py:2941} INFO - Sync 1 DAGs
[2023-11-25T10:26:54.696+0000] {logging_mixin.py:154} INFO - [2023-11-25T10:26:54.695+0000] {dag.py:3722} INFO - Setting next_dagrun for example_branch_dop_operator_v3 to 2023-11-25T10:25:00+00:00, run_after=2023-11-25T10:26:00+00:00
[2023-11-25T10:26:54.717+0000] {processor.py:179} INFO - Processing /home/airflow/.local/lib/python3.8/site-packages/airflow/example_dags/example_branch_python_dop_operator_3.py took 0.094 seconds
[2023-11-25T10:27:25.207+0000] {processor.py:157} INFO - Started process (PID=487) to work on /home/airflow/.local/lib/python3.8/site-packages/airflow/example_dags/example_branch_python_dop_operator_3.py
[2023-11-25T10:27:25.211+0000] {processor.py:829} INFO - Processing file /home/airflow/.local/lib/python3.8/site-packages/airflow/example_dags/example_branch_python_dop_operator_3.py for tasks to queue
[2023-11-25T10:27:25.214+0000] {logging_mixin.py:154} INFO - [2023-11-25T10:27:25.214+0000] {dagbag.py:536} INFO - Filling up the DagBag from /home/airflow/.local/lib/python3.8/site-packages/airflow/example_dags/example_branch_python_dop_operator_3.py
[2023-11-25T10:27:25.224+0000] {processor.py:839} INFO - DAG(s) dict_keys(['example_branch_dop_operator_v3']) retrieved from /home/airflow/.local/lib/python3.8/site-packages/airflow/example_dags/example_branch_python_dop_operator_3.py
[2023-11-25T10:27:25.248+0000] {logging_mixin.py:154} INFO - [2023-11-25T10:27:25.247+0000] {dag.py:2941} INFO - Sync 1 DAGs
[2023-11-25T10:27:25.285+0000] {logging_mixin.py:154} INFO - [2023-11-25T10:27:25.285+0000] {dag.py:3722} INFO - Setting next_dagrun for example_branch_dop_operator_v3 to 2023-11-25T10:26:00+00:00, run_after=2023-11-25T10:27:00+00:00
[2023-11-25T10:27:25.305+0000] {processor.py:179} INFO - Processing /home/airflow/.local/lib/python3.8/site-packages/airflow/example_dags/example_branch_python_dop_operator_3.py took 0.106 seconds
[2023-11-25T10:27:55.950+0000] {processor.py:157} INFO - Started process (PID=540) to work on /home/airflow/.local/lib/python3.8/site-packages/airflow/example_dags/example_branch_python_dop_operator_3.py
[2023-11-25T10:27:55.951+0000] {processor.py:829} INFO - Processing file /home/airflow/.local/lib/python3.8/site-packages/airflow/example_dags/example_branch_python_dop_operator_3.py for tasks to queue
[2023-11-25T10:27:55.954+0000] {logging_mixin.py:154} INFO - [2023-11-25T10:27:55.953+0000] {dagbag.py:536} INFO - Filling up the DagBag from /home/airflow/.local/lib/python3.8/site-packages/airflow/example_dags/example_branch_python_dop_operator_3.py
[2023-11-25T10:27:55.967+0000] {processor.py:839} INFO - DAG(s) dict_keys(['example_branch_dop_operator_v3']) retrieved from /home/airflow/.local/lib/python3.8/site-packages/airflow/example_dags/example_branch_python_dop_operator_3.py
[2023-11-25T10:27:55.995+0000] {logging_mixin.py:154} INFO - [2023-11-25T10:27:55.995+0000] {dag.py:2941} INFO - Sync 1 DAGs
[2023-11-25T10:27:56.027+0000] {logging_mixin.py:154} INFO - [2023-11-25T10:27:56.027+0000] {dag.py:3722} INFO - Setting next_dagrun for example_branch_dop_operator_v3 to 2023-11-25T10:26:00+00:00, run_after=2023-11-25T10:27:00+00:00
[2023-11-25T10:27:56.048+0000] {processor.py:179} INFO - Processing /home/airflow/.local/lib/python3.8/site-packages/airflow/example_dags/example_branch_python_dop_operator_3.py took 0.103 seconds
[2023-11-25T10:28:26.650+0000] {processor.py:157} INFO - Started process (PID=600) to work on /home/airflow/.local/lib/python3.8/site-packages/airflow/example_dags/example_branch_python_dop_operator_3.py
[2023-11-25T10:28:26.660+0000] {processor.py:829} INFO - Processing file /home/airflow/.local/lib/python3.8/site-packages/airflow/example_dags/example_branch_python_dop_operator_3.py for tasks to queue
[2023-11-25T10:28:26.663+0000] {logging_mixin.py:154} INFO - [2023-11-25T10:28:26.663+0000] {dagbag.py:536} INFO - Filling up the DagBag from /home/airflow/.local/lib/python3.8/site-packages/airflow/example_dags/example_branch_python_dop_operator_3.py
[2023-11-25T10:28:26.674+0000] {processor.py:839} INFO - DAG(s) dict_keys(['example_branch_dop_operator_v3']) retrieved from /home/airflow/.local/lib/python3.8/site-packages/airflow/example_dags/example_branch_python_dop_operator_3.py
[2023-11-25T10:28:26.704+0000] {logging_mixin.py:154} INFO - [2023-11-25T10:28:26.704+0000] {dag.py:2941} INFO - Sync 1 DAGs
[2023-11-25T10:28:26.758+0000] {logging_mixin.py:154} INFO - [2023-11-25T10:28:26.757+0000] {dag.py:3722} INFO - Setting next_dagrun for example_branch_dop_operator_v3 to 2023-11-25T10:27:00+00:00, run_after=2023-11-25T10:28:00+00:00
[2023-11-25T10:28:26.792+0000] {processor.py:179} INFO - Processing /home/airflow/.local/lib/python3.8/site-packages/airflow/example_dags/example_branch_python_dop_operator_3.py took 0.149 seconds
[2023-11-25T10:28:56.942+0000] {processor.py:157} INFO - Started process (PID=655) to work on /home/airflow/.local/lib/python3.8/site-packages/airflow/example_dags/example_branch_python_dop_operator_3.py
[2023-11-25T10:28:56.943+0000] {processor.py:829} INFO - Processing file /home/airflow/.local/lib/python3.8/site-packages/airflow/example_dags/example_branch_python_dop_operator_3.py for tasks to queue
[2023-11-25T10:28:56.945+0000] {logging_mixin.py:154} INFO - [2023-11-25T10:28:56.945+0000] {dagbag.py:536} INFO - Filling up the DagBag from /home/airflow/.local/lib/python3.8/site-packages/airflow/example_dags/example_branch_python_dop_operator_3.py
[2023-11-25T10:28:56.953+0000] {processor.py:839} INFO - DAG(s) dict_keys(['example_branch_dop_operator_v3']) retrieved from /home/airflow/.local/lib/python3.8/site-packages/airflow/example_dags/example_branch_python_dop_operator_3.py
[2023-11-25T10:28:56.980+0000] {logging_mixin.py:154} INFO - [2023-11-25T10:28:56.980+0000] {dag.py:2941} INFO - Sync 1 DAGs
[2023-11-25T10:28:57.015+0000] {logging_mixin.py:154} INFO - [2023-11-25T10:28:57.015+0000] {dag.py:3722} INFO - Setting next_dagrun for example_branch_dop_operator_v3 to 2023-11-25T10:27:00+00:00, run_after=2023-11-25T10:28:00+00:00
[2023-11-25T10:28:57.051+0000] {processor.py:179} INFO - Processing /home/airflow/.local/lib/python3.8/site-packages/airflow/example_dags/example_branch_python_dop_operator_3.py took 0.113 seconds
[2023-11-25T10:29:27.158+0000] {processor.py:157} INFO - Started process (PID=709) to work on /home/airflow/.local/lib/python3.8/site-packages/airflow/example_dags/example_branch_python_dop_operator_3.py
[2023-11-25T10:29:27.159+0000] {processor.py:829} INFO - Processing file /home/airflow/.local/lib/python3.8/site-packages/airflow/example_dags/example_branch_python_dop_operator_3.py for tasks to queue
[2023-11-25T10:29:27.162+0000] {logging_mixin.py:154} INFO - [2023-11-25T10:29:27.161+0000] {dagbag.py:536} INFO - Filling up the DagBag from /home/airflow/.local/lib/python3.8/site-packages/airflow/example_dags/example_branch_python_dop_operator_3.py
[2023-11-25T10:29:27.174+0000] {processor.py:839} INFO - DAG(s) dict_keys(['example_branch_dop_operator_v3']) retrieved from /home/airflow/.local/lib/python3.8/site-packages/airflow/example_dags/example_branch_python_dop_operator_3.py
[2023-11-25T10:29:27.191+0000] {logging_mixin.py:154} INFO - [2023-11-25T10:29:27.191+0000] {dag.py:2941} INFO - Sync 1 DAGs
[2023-11-25T10:29:27.216+0000] {logging_mixin.py:154} INFO - [2023-11-25T10:29:27.216+0000] {dag.py:3722} INFO - Setting next_dagrun for example_branch_dop_operator_v3 to 2023-11-25T10:28:00+00:00, run_after=2023-11-25T10:29:00+00:00
[2023-11-25T10:29:27.265+0000] {processor.py:179} INFO - Processing /home/airflow/.local/lib/python3.8/site-packages/airflow/example_dags/example_branch_python_dop_operator_3.py took 0.111 seconds
[2023-11-25T10:29:57.341+0000] {processor.py:157} INFO - Started process (PID=762) to work on /home/airflow/.local/lib/python3.8/site-packages/airflow/example_dags/example_branch_python_dop_operator_3.py
[2023-11-25T10:29:57.342+0000] {processor.py:829} INFO - Processing file /home/airflow/.local/lib/python3.8/site-packages/airflow/example_dags/example_branch_python_dop_operator_3.py for tasks to queue
[2023-11-25T10:29:57.343+0000] {logging_mixin.py:154} INFO - [2023-11-25T10:29:57.343+0000] {dagbag.py:536} INFO - Filling up the DagBag from /home/airflow/.local/lib/python3.8/site-packages/airflow/example_dags/example_branch_python_dop_operator_3.py
[2023-11-25T10:29:57.351+0000] {processor.py:839} INFO - DAG(s) dict_keys(['example_branch_dop_operator_v3']) retrieved from /home/airflow/.local/lib/python3.8/site-packages/airflow/example_dags/example_branch_python_dop_operator_3.py
[2023-11-25T10:29:57.369+0000] {logging_mixin.py:154} INFO - [2023-11-25T10:29:57.368+0000] {dag.py:2941} INFO - Sync 1 DAGs
[2023-11-25T10:29:57.394+0000] {logging_mixin.py:154} INFO - [2023-11-25T10:29:57.394+0000] {dag.py:3722} INFO - Setting next_dagrun for example_branch_dop_operator_v3 to 2023-11-25T10:28:00+00:00, run_after=2023-11-25T10:29:00+00:00
[2023-11-25T10:29:57.411+0000] {processor.py:179} INFO - Processing /home/airflow/.local/lib/python3.8/site-packages/airflow/example_dags/example_branch_python_dop_operator_3.py took 0.074 seconds
[2023-11-25T10:30:27.969+0000] {processor.py:157} INFO - Started process (PID=816) to work on /home/airflow/.local/lib/python3.8/site-packages/airflow/example_dags/example_branch_python_dop_operator_3.py
[2023-11-25T10:30:27.970+0000] {processor.py:829} INFO - Processing file /home/airflow/.local/lib/python3.8/site-packages/airflow/example_dags/example_branch_python_dop_operator_3.py for tasks to queue
[2023-11-25T10:30:27.972+0000] {logging_mixin.py:154} INFO - [2023-11-25T10:30:27.972+0000] {dagbag.py:536} INFO - Filling up the DagBag from /home/airflow/.local/lib/python3.8/site-packages/airflow/example_dags/example_branch_python_dop_operator_3.py
[2023-11-25T10:30:27.981+0000] {processor.py:839} INFO - DAG(s) dict_keys(['example_branch_dop_operator_v3']) retrieved from /home/airflow/.local/lib/python3.8/site-packages/airflow/example_dags/example_branch_python_dop_operator_3.py
[2023-11-25T10:30:28.001+0000] {logging_mixin.py:154} INFO - [2023-11-25T10:30:28.001+0000] {dag.py:2941} INFO - Sync 1 DAGs
[2023-11-25T10:30:28.031+0000] {logging_mixin.py:154} INFO - [2023-11-25T10:30:28.031+0000] {dag.py:3722} INFO - Setting next_dagrun for example_branch_dop_operator_v3 to 2023-11-25T10:29:00+00:00, run_after=2023-11-25T10:30:00+00:00
[2023-11-25T10:30:28.055+0000] {processor.py:179} INFO - Processing /home/airflow/.local/lib/python3.8/site-packages/airflow/example_dags/example_branch_python_dop_operator_3.py took 0.089 seconds
[2023-11-25T10:30:58.620+0000] {processor.py:157} INFO - Started process (PID=870) to work on /home/airflow/.local/lib/python3.8/site-packages/airflow/example_dags/example_branch_python_dop_operator_3.py
[2023-11-25T10:30:58.621+0000] {processor.py:829} INFO - Processing file /home/airflow/.local/lib/python3.8/site-packages/airflow/example_dags/example_branch_python_dop_operator_3.py for tasks to queue
[2023-11-25T10:30:58.623+0000] {logging_mixin.py:154} INFO - [2023-11-25T10:30:58.623+0000] {dagbag.py:536} INFO - Filling up the DagBag from /home/airflow/.local/lib/python3.8/site-packages/airflow/example_dags/example_branch_python_dop_operator_3.py
[2023-11-25T10:30:58.632+0000] {processor.py:839} INFO - DAG(s) dict_keys(['example_branch_dop_operator_v3']) retrieved from /home/airflow/.local/lib/python3.8/site-packages/airflow/example_dags/example_branch_python_dop_operator_3.py
[2023-11-25T10:30:58.654+0000] {logging_mixin.py:154} INFO - [2023-11-25T10:30:58.654+0000] {dag.py:2941} INFO - Sync 1 DAGs
[2023-11-25T10:30:58.681+0000] {logging_mixin.py:154} INFO - [2023-11-25T10:30:58.681+0000] {dag.py:3722} INFO - Setting next_dagrun for example_branch_dop_operator_v3 to 2023-11-25T10:29:00+00:00, run_after=2023-11-25T10:30:00+00:00
[2023-11-25T10:30:58.715+0000] {processor.py:179} INFO - Processing /home/airflow/.local/lib/python3.8/site-packages/airflow/example_dags/example_branch_python_dop_operator_3.py took 0.097 seconds
[2023-11-25T10:31:29.754+0000] {processor.py:157} INFO - Started process (PID=923) to work on /home/airflow/.local/lib/python3.8/site-packages/airflow/example_dags/example_branch_python_dop_operator_3.py
[2023-11-25T10:31:29.754+0000] {processor.py:829} INFO - Processing file /home/airflow/.local/lib/python3.8/site-packages/airflow/example_dags/example_branch_python_dop_operator_3.py for tasks to queue
[2023-11-25T10:31:29.758+0000] {logging_mixin.py:154} INFO - [2023-11-25T10:31:29.757+0000] {dagbag.py:536} INFO - Filling up the DagBag from /home/airflow/.local/lib/python3.8/site-packages/airflow/example_dags/example_branch_python_dop_operator_3.py
[2023-11-25T10:31:29.767+0000] {processor.py:839} INFO - DAG(s) dict_keys(['example_branch_dop_operator_v3']) retrieved from /home/airflow/.local/lib/python3.8/site-packages/airflow/example_dags/example_branch_python_dop_operator_3.py
[2023-11-25T10:31:29.791+0000] {logging_mixin.py:154} INFO - [2023-11-25T10:31:29.790+0000] {dag.py:2941} INFO - Sync 1 DAGs
[2023-11-25T10:31:29.830+0000] {logging_mixin.py:154} INFO - [2023-11-25T10:31:29.829+0000] {dag.py:3722} INFO - Setting next_dagrun for example_branch_dop_operator_v3 to 2023-11-25T10:30:00+00:00, run_after=2023-11-25T10:31:00+00:00
[2023-11-25T10:31:29.850+0000] {processor.py:179} INFO - Processing /home/airflow/.local/lib/python3.8/site-packages/airflow/example_dags/example_branch_python_dop_operator_3.py took 0.100 seconds
[2023-11-25T10:32:00.333+0000] {processor.py:157} INFO - Started process (PID=977) to work on /home/airflow/.local/lib/python3.8/site-packages/airflow/example_dags/example_branch_python_dop_operator_3.py
[2023-11-25T10:32:00.334+0000] {processor.py:829} INFO - Processing file /home/airflow/.local/lib/python3.8/site-packages/airflow/example_dags/example_branch_python_dop_operator_3.py for tasks to queue
[2023-11-25T10:32:00.336+0000] {logging_mixin.py:154} INFO - [2023-11-25T10:32:00.336+0000] {dagbag.py:536} INFO - Filling up the DagBag from /home/airflow/.local/lib/python3.8/site-packages/airflow/example_dags/example_branch_python_dop_operator_3.py
[2023-11-25T10:32:00.351+0000] {processor.py:839} INFO - DAG(s) dict_keys(['example_branch_dop_operator_v3']) retrieved from /home/airflow/.local/lib/python3.8/site-packages/airflow/example_dags/example_branch_python_dop_operator_3.py
[2023-11-25T10:32:00.374+0000] {logging_mixin.py:154} INFO - [2023-11-25T10:32:00.374+0000] {dag.py:2941} INFO - Sync 1 DAGs
[2023-11-25T10:32:00.412+0000] {logging_mixin.py:154} INFO - [2023-11-25T10:32:00.412+0000] {dag.py:3722} INFO - Setting next_dagrun for example_branch_dop_operator_v3 to 2023-11-25T10:31:00+00:00, run_after=2023-11-25T10:32:00+00:00
[2023-11-25T10:32:00.441+0000] {processor.py:179} INFO - Processing /home/airflow/.local/lib/python3.8/site-packages/airflow/example_dags/example_branch_python_dop_operator_3.py took 0.112 seconds
[2023-11-25T10:32:30.610+0000] {processor.py:157} INFO - Started process (PID=1031) to work on /home/airflow/.local/lib/python3.8/site-packages/airflow/example_dags/example_branch_python_dop_operator_3.py
[2023-11-25T10:32:30.615+0000] {processor.py:829} INFO - Processing file /home/airflow/.local/lib/python3.8/site-packages/airflow/example_dags/example_branch_python_dop_operator_3.py for tasks to queue
[2023-11-25T10:32:30.618+0000] {logging_mixin.py:154} INFO - [2023-11-25T10:32:30.618+0000] {dagbag.py:536} INFO - Filling up the DagBag from /home/airflow/.local/lib/python3.8/site-packages/airflow/example_dags/example_branch_python_dop_operator_3.py
[2023-11-25T10:32:30.630+0000] {processor.py:839} INFO - DAG(s) dict_keys(['example_branch_dop_operator_v3']) retrieved from /home/airflow/.local/lib/python3.8/site-packages/airflow/example_dags/example_branch_python_dop_operator_3.py
[2023-11-25T10:32:30.654+0000] {logging_mixin.py:154} INFO - [2023-11-25T10:32:30.653+0000] {dag.py:2941} INFO - Sync 1 DAGs
[2023-11-25T10:32:30.690+0000] {logging_mixin.py:154} INFO - [2023-11-25T10:32:30.690+0000] {dag.py:3722} INFO - Setting next_dagrun for example_branch_dop_operator_v3 to 2023-11-25T10:31:00+00:00, run_after=2023-11-25T10:32:00+00:00
[2023-11-25T10:32:30.710+0000] {processor.py:179} INFO - Processing /home/airflow/.local/lib/python3.8/site-packages/airflow/example_dags/example_branch_python_dop_operator_3.py took 0.105 seconds
[2023-11-25T10:33:01.456+0000] {processor.py:157} INFO - Started process (PID=1085) to work on /home/airflow/.local/lib/python3.8/site-packages/airflow/example_dags/example_branch_python_dop_operator_3.py
[2023-11-25T10:33:01.457+0000] {processor.py:829} INFO - Processing file /home/airflow/.local/lib/python3.8/site-packages/airflow/example_dags/example_branch_python_dop_operator_3.py for tasks to queue
[2023-11-25T10:33:01.460+0000] {logging_mixin.py:154} INFO - [2023-11-25T10:33:01.460+0000] {dagbag.py:536} INFO - Filling up the DagBag from /home/airflow/.local/lib/python3.8/site-packages/airflow/example_dags/example_branch_python_dop_operator_3.py
[2023-11-25T10:33:01.475+0000] {processor.py:839} INFO - DAG(s) dict_keys(['example_branch_dop_operator_v3']) retrieved from /home/airflow/.local/lib/python3.8/site-packages/airflow/example_dags/example_branch_python_dop_operator_3.py
[2023-11-25T10:33:01.502+0000] {logging_mixin.py:154} INFO - [2023-11-25T10:33:01.502+0000] {dag.py:2941} INFO - Sync 1 DAGs
[2023-11-25T10:33:01.740+0000] {logging_mixin.py:154} INFO - [2023-11-25T10:33:01.739+0000] {dag.py:3722} INFO - Setting next_dagrun for example_branch_dop_operator_v3 to 2023-11-25T10:32:00+00:00, run_after=2023-11-25T10:33:00+00:00
[2023-11-25T10:33:01.770+0000] {processor.py:179} INFO - Processing /home/airflow/.local/lib/python3.8/site-packages/airflow/example_dags/example_branch_python_dop_operator_3.py took 0.318 seconds
[2023-11-25T10:33:32.745+0000] {processor.py:157} INFO - Started process (PID=1139) to work on /home/airflow/.local/lib/python3.8/site-packages/airflow/example_dags/example_branch_python_dop_operator_3.py
[2023-11-25T10:33:32.748+0000] {processor.py:829} INFO - Processing file /home/airflow/.local/lib/python3.8/site-packages/airflow/example_dags/example_branch_python_dop_operator_3.py for tasks to queue
[2023-11-25T10:33:32.752+0000] {logging_mixin.py:154} INFO - [2023-11-25T10:33:32.751+0000] {dagbag.py:536} INFO - Filling up the DagBag from /home/airflow/.local/lib/python3.8/site-packages/airflow/example_dags/example_branch_python_dop_operator_3.py
[2023-11-25T10:33:32.773+0000] {processor.py:839} INFO - DAG(s) dict_keys(['example_branch_dop_operator_v3']) retrieved from /home/airflow/.local/lib/python3.8/site-packages/airflow/example_dags/example_branch_python_dop_operator_3.py
[2023-11-25T10:33:32.806+0000] {logging_mixin.py:154} INFO - [2023-11-25T10:33:32.806+0000] {dag.py:2941} INFO - Sync 1 DAGs
[2023-11-25T10:33:32.855+0000] {logging_mixin.py:154} INFO - [2023-11-25T10:33:32.855+0000] {dag.py:3722} INFO - Setting next_dagrun for example_branch_dop_operator_v3 to 2023-11-25T10:32:00+00:00, run_after=2023-11-25T10:33:00+00:00
[2023-11-25T10:33:32.880+0000] {processor.py:179} INFO - Processing /home/airflow/.local/lib/python3.8/site-packages/airflow/example_dags/example_branch_python_dop_operator_3.py took 0.141 seconds
[2023-11-25T10:34:03.828+0000] {processor.py:157} INFO - Started process (PID=1192) to work on /home/airflow/.local/lib/python3.8/site-packages/airflow/example_dags/example_branch_python_dop_operator_3.py
[2023-11-25T10:34:03.831+0000] {processor.py:829} INFO - Processing file /home/airflow/.local/lib/python3.8/site-packages/airflow/example_dags/example_branch_python_dop_operator_3.py for tasks to queue
[2023-11-25T10:34:03.834+0000] {logging_mixin.py:154} INFO - [2023-11-25T10:34:03.834+0000] {dagbag.py:536} INFO - Filling up the DagBag from /home/airflow/.local/lib/python3.8/site-packages/airflow/example_dags/example_branch_python_dop_operator_3.py
[2023-11-25T10:34:03.844+0000] {processor.py:839} INFO - DAG(s) dict_keys(['example_branch_dop_operator_v3']) retrieved from /home/airflow/.local/lib/python3.8/site-packages/airflow/example_dags/example_branch_python_dop_operator_3.py
[2023-11-25T10:34:03.864+0000] {logging_mixin.py:154} INFO - [2023-11-25T10:34:03.864+0000] {dag.py:2941} INFO - Sync 1 DAGs
[2023-11-25T10:34:03.889+0000] {logging_mixin.py:154} INFO - [2023-11-25T10:34:03.889+0000] {dag.py:3722} INFO - Setting next_dagrun for example_branch_dop_operator_v3 to 2023-11-25T10:33:00+00:00, run_after=2023-11-25T10:34:00+00:00
[2023-11-25T10:34:03.910+0000] {processor.py:179} INFO - Processing /home/airflow/.local/lib/python3.8/site-packages/airflow/example_dags/example_branch_python_dop_operator_3.py took 0.088 seconds
[2023-11-25T10:34:34.372+0000] {processor.py:157} INFO - Started process (PID=1246) to work on /home/airflow/.local/lib/python3.8/site-packages/airflow/example_dags/example_branch_python_dop_operator_3.py
[2023-11-25T10:34:34.373+0000] {processor.py:829} INFO - Processing file /home/airflow/.local/lib/python3.8/site-packages/airflow/example_dags/example_branch_python_dop_operator_3.py for tasks to queue
[2023-11-25T10:34:34.375+0000] {logging_mixin.py:154} INFO - [2023-11-25T10:34:34.375+0000] {dagbag.py:536} INFO - Filling up the DagBag from /home/airflow/.local/lib/python3.8/site-packages/airflow/example_dags/example_branch_python_dop_operator_3.py
[2023-11-25T10:34:34.386+0000] {processor.py:839} INFO - DAG(s) dict_keys(['example_branch_dop_operator_v3']) retrieved from /home/airflow/.local/lib/python3.8/site-packages/airflow/example_dags/example_branch_python_dop_operator_3.py
[2023-11-25T10:34:34.413+0000] {logging_mixin.py:154} INFO - [2023-11-25T10:34:34.412+0000] {dag.py:2941} INFO - Sync 1 DAGs
[2023-11-25T10:34:34.630+0000] {logging_mixin.py:154} INFO - [2023-11-25T10:34:34.630+0000] {dag.py:3722} INFO - Setting next_dagrun for example_branch_dop_operator_v3 to 2023-11-25T10:33:00+00:00, run_after=2023-11-25T10:34:00+00:00
[2023-11-25T10:34:34.658+0000] {processor.py:179} INFO - Processing /home/airflow/.local/lib/python3.8/site-packages/airflow/example_dags/example_branch_python_dop_operator_3.py took 0.291 seconds
[2023-11-25T10:35:05.224+0000] {processor.py:157} INFO - Started process (PID=1300) to work on /home/airflow/.local/lib/python3.8/site-packages/airflow/example_dags/example_branch_python_dop_operator_3.py
[2023-11-25T10:35:05.227+0000] {processor.py:829} INFO - Processing file /home/airflow/.local/lib/python3.8/site-packages/airflow/example_dags/example_branch_python_dop_operator_3.py for tasks to queue
[2023-11-25T10:35:05.232+0000] {logging_mixin.py:154} INFO - [2023-11-25T10:35:05.231+0000] {dagbag.py:536} INFO - Filling up the DagBag from /home/airflow/.local/lib/python3.8/site-packages/airflow/example_dags/example_branch_python_dop_operator_3.py
[2023-11-25T10:35:05.249+0000] {processor.py:839} INFO - DAG(s) dict_keys(['example_branch_dop_operator_v3']) retrieved from /home/airflow/.local/lib/python3.8/site-packages/airflow/example_dags/example_branch_python_dop_operator_3.py
[2023-11-25T10:35:05.274+0000] {logging_mixin.py:154} INFO - [2023-11-25T10:35:05.274+0000] {dag.py:2941} INFO - Sync 1 DAGs
[2023-11-25T10:35:05.311+0000] {logging_mixin.py:154} INFO - [2023-11-25T10:35:05.311+0000] {dag.py:3722} INFO - Setting next_dagrun for example_branch_dop_operator_v3 to 2023-11-25T10:34:00+00:00, run_after=2023-11-25T10:35:00+00:00
[2023-11-25T10:35:05.335+0000] {processor.py:179} INFO - Processing /home/airflow/.local/lib/python3.8/site-packages/airflow/example_dags/example_branch_python_dop_operator_3.py took 0.118 seconds
[2023-11-25T10:35:35.570+0000] {processor.py:157} INFO - Started process (PID=1354) to work on /home/airflow/.local/lib/python3.8/site-packages/airflow/example_dags/example_branch_python_dop_operator_3.py
[2023-11-25T10:35:35.571+0000] {processor.py:829} INFO - Processing file /home/airflow/.local/lib/python3.8/site-packages/airflow/example_dags/example_branch_python_dop_operator_3.py for tasks to queue
[2023-11-25T10:35:35.574+0000] {logging_mixin.py:154} INFO - [2023-11-25T10:35:35.573+0000] {dagbag.py:536} INFO - Filling up the DagBag from /home/airflow/.local/lib/python3.8/site-packages/airflow/example_dags/example_branch_python_dop_operator_3.py
[2023-11-25T10:35:35.590+0000] {processor.py:839} INFO - DAG(s) dict_keys(['example_branch_dop_operator_v3']) retrieved from /home/airflow/.local/lib/python3.8/site-packages/airflow/example_dags/example_branch_python_dop_operator_3.py
[2023-11-25T10:35:35.623+0000] {logging_mixin.py:154} INFO - [2023-11-25T10:35:35.623+0000] {dag.py:2941} INFO - Sync 1 DAGs
[2023-11-25T10:35:35.865+0000] {logging_mixin.py:154} INFO - [2023-11-25T10:35:35.865+0000] {dag.py:3722} INFO - Setting next_dagrun for example_branch_dop_operator_v3 to 2023-11-25T10:34:00+00:00, run_after=2023-11-25T10:35:00+00:00
[2023-11-25T10:35:35.907+0000] {processor.py:179} INFO - Processing /home/airflow/.local/lib/python3.8/site-packages/airflow/example_dags/example_branch_python_dop_operator_3.py took 0.341 seconds
[2023-11-25T10:36:06.156+0000] {processor.py:157} INFO - Started process (PID=1408) to work on /home/airflow/.local/lib/python3.8/site-packages/airflow/example_dags/example_branch_python_dop_operator_3.py
[2023-11-25T10:36:06.161+0000] {processor.py:829} INFO - Processing file /home/airflow/.local/lib/python3.8/site-packages/airflow/example_dags/example_branch_python_dop_operator_3.py for tasks to queue
[2023-11-25T10:36:06.163+0000] {logging_mixin.py:154} INFO - [2023-11-25T10:36:06.163+0000] {dagbag.py:536} INFO - Filling up the DagBag from /home/airflow/.local/lib/python3.8/site-packages/airflow/example_dags/example_branch_python_dop_operator_3.py
[2023-11-25T10:36:06.174+0000] {processor.py:839} INFO - DAG(s) dict_keys(['example_branch_dop_operator_v3']) retrieved from /home/airflow/.local/lib/python3.8/site-packages/airflow/example_dags/example_branch_python_dop_operator_3.py
[2023-11-25T10:36:06.191+0000] {logging_mixin.py:154} INFO - [2023-11-25T10:36:06.191+0000] {dag.py:2941} INFO - Sync 1 DAGs
[2023-11-25T10:36:06.216+0000] {logging_mixin.py:154} INFO - [2023-11-25T10:36:06.216+0000] {dag.py:3722} INFO - Setting next_dagrun for example_branch_dop_operator_v3 to 2023-11-25T10:35:00+00:00, run_after=2023-11-25T10:36:00+00:00
[2023-11-25T10:36:06.364+0000] {processor.py:179} INFO - Processing /home/airflow/.local/lib/python3.8/site-packages/airflow/example_dags/example_branch_python_dop_operator_3.py took 0.211 seconds
[2023-11-25T10:36:36.793+0000] {processor.py:157} INFO - Started process (PID=1462) to work on /home/airflow/.local/lib/python3.8/site-packages/airflow/example_dags/example_branch_python_dop_operator_3.py
[2023-11-25T10:36:36.794+0000] {processor.py:829} INFO - Processing file /home/airflow/.local/lib/python3.8/site-packages/airflow/example_dags/example_branch_python_dop_operator_3.py for tasks to queue
[2023-11-25T10:36:36.796+0000] {logging_mixin.py:154} INFO - [2023-11-25T10:36:36.796+0000] {dagbag.py:536} INFO - Filling up the DagBag from /home/airflow/.local/lib/python3.8/site-packages/airflow/example_dags/example_branch_python_dop_operator_3.py
[2023-11-25T10:36:36.808+0000] {processor.py:839} INFO - DAG(s) dict_keys(['example_branch_dop_operator_v3']) retrieved from /home/airflow/.local/lib/python3.8/site-packages/airflow/example_dags/example_branch_python_dop_operator_3.py
[2023-11-25T10:36:36.828+0000] {logging_mixin.py:154} INFO - [2023-11-25T10:36:36.828+0000] {dag.py:2941} INFO - Sync 1 DAGs
[2023-11-25T10:36:36.861+0000] {logging_mixin.py:154} INFO - [2023-11-25T10:36:36.861+0000] {dag.py:3722} INFO - Setting next_dagrun for example_branch_dop_operator_v3 to 2023-11-25T10:35:00+00:00, run_after=2023-11-25T10:36:00+00:00
[2023-11-25T10:36:36.896+0000] {processor.py:179} INFO - Processing /home/airflow/.local/lib/python3.8/site-packages/airflow/example_dags/example_branch_python_dop_operator_3.py took 0.107 seconds
[2023-11-25T10:37:07.560+0000] {processor.py:157} INFO - Started process (PID=1515) to work on /home/airflow/.local/lib/python3.8/site-packages/airflow/example_dags/example_branch_python_dop_operator_3.py
[2023-11-25T10:37:07.561+0000] {processor.py:829} INFO - Processing file /home/airflow/.local/lib/python3.8/site-packages/airflow/example_dags/example_branch_python_dop_operator_3.py for tasks to queue
[2023-11-25T10:37:07.563+0000] {logging_mixin.py:154} INFO - [2023-11-25T10:37:07.562+0000] {dagbag.py:536} INFO - Filling up the DagBag from /home/airflow/.local/lib/python3.8/site-packages/airflow/example_dags/example_branch_python_dop_operator_3.py
[2023-11-25T10:37:07.571+0000] {processor.py:839} INFO - DAG(s) dict_keys(['example_branch_dop_operator_v3']) retrieved from /home/airflow/.local/lib/python3.8/site-packages/airflow/example_dags/example_branch_python_dop_operator_3.py
[2023-11-25T10:37:07.595+0000] {logging_mixin.py:154} INFO - [2023-11-25T10:37:07.595+0000] {dag.py:2941} INFO - Sync 1 DAGs
[2023-11-25T10:37:07.804+0000] {logging_mixin.py:154} INFO - [2023-11-25T10:37:07.804+0000] {dag.py:3722} INFO - Setting next_dagrun for example_branch_dop_operator_v3 to 2023-11-25T10:36:00+00:00, run_after=2023-11-25T10:37:00+00:00
[2023-11-25T10:37:07.825+0000] {processor.py:179} INFO - Processing /home/airflow/.local/lib/python3.8/site-packages/airflow/example_dags/example_branch_python_dop_operator_3.py took 0.268 seconds
[2023-11-25T10:37:38.830+0000] {processor.py:157} INFO - Started process (PID=1569) to work on /home/airflow/.local/lib/python3.8/site-packages/airflow/example_dags/example_branch_python_dop_operator_3.py
[2023-11-25T10:37:38.833+0000] {processor.py:829} INFO - Processing file /home/airflow/.local/lib/python3.8/site-packages/airflow/example_dags/example_branch_python_dop_operator_3.py for tasks to queue
[2023-11-25T10:37:38.843+0000] {logging_mixin.py:154} INFO - [2023-11-25T10:37:38.842+0000] {dagbag.py:536} INFO - Filling up the DagBag from /home/airflow/.local/lib/python3.8/site-packages/airflow/example_dags/example_branch_python_dop_operator_3.py
[2023-11-25T10:37:38.867+0000] {processor.py:839} INFO - DAG(s) dict_keys(['example_branch_dop_operator_v3']) retrieved from /home/airflow/.local/lib/python3.8/site-packages/airflow/example_dags/example_branch_python_dop_operator_3.py
[2023-11-25T10:37:38.900+0000] {logging_mixin.py:154} INFO - [2023-11-25T10:37:38.899+0000] {dag.py:2941} INFO - Sync 1 DAGs
[2023-11-25T10:37:38.936+0000] {logging_mixin.py:154} INFO - [2023-11-25T10:37:38.935+0000] {dag.py:3722} INFO - Setting next_dagrun for example_branch_dop_operator_v3 to 2023-11-25T10:36:00+00:00, run_after=2023-11-25T10:37:00+00:00
[2023-11-25T10:37:38.955+0000] {processor.py:179} INFO - Processing /home/airflow/.local/lib/python3.8/site-packages/airflow/example_dags/example_branch_python_dop_operator_3.py took 0.141 seconds
[2023-11-25T10:38:09.144+0000] {processor.py:157} INFO - Started process (PID=1623) to work on /home/airflow/.local/lib/python3.8/site-packages/airflow/example_dags/example_branch_python_dop_operator_3.py
[2023-11-25T10:38:09.146+0000] {processor.py:829} INFO - Processing file /home/airflow/.local/lib/python3.8/site-packages/airflow/example_dags/example_branch_python_dop_operator_3.py for tasks to queue
[2023-11-25T10:38:09.150+0000] {logging_mixin.py:154} INFO - [2023-11-25T10:38:09.150+0000] {dagbag.py:536} INFO - Filling up the DagBag from /home/airflow/.local/lib/python3.8/site-packages/airflow/example_dags/example_branch_python_dop_operator_3.py
[2023-11-25T10:38:09.166+0000] {processor.py:839} INFO - DAG(s) dict_keys(['example_branch_dop_operator_v3']) retrieved from /home/airflow/.local/lib/python3.8/site-packages/airflow/example_dags/example_branch_python_dop_operator_3.py
[2023-11-25T10:38:09.213+0000] {logging_mixin.py:154} INFO - [2023-11-25T10:38:09.212+0000] {dag.py:2941} INFO - Sync 1 DAGs
[2023-11-25T10:38:09.259+0000] {logging_mixin.py:154} INFO - [2023-11-25T10:38:09.259+0000] {dag.py:3722} INFO - Setting next_dagrun for example_branch_dop_operator_v3 to 2023-11-25T10:37:00+00:00, run_after=2023-11-25T10:38:00+00:00
[2023-11-25T10:38:09.286+0000] {processor.py:179} INFO - Processing /home/airflow/.local/lib/python3.8/site-packages/airflow/example_dags/example_branch_python_dop_operator_3.py took 0.147 seconds
[2023-11-25T10:38:39.417+0000] {processor.py:157} INFO - Started process (PID=1677) to work on /home/airflow/.local/lib/python3.8/site-packages/airflow/example_dags/example_branch_python_dop_operator_3.py
[2023-11-25T10:38:39.418+0000] {processor.py:829} INFO - Processing file /home/airflow/.local/lib/python3.8/site-packages/airflow/example_dags/example_branch_python_dop_operator_3.py for tasks to queue
[2023-11-25T10:38:39.421+0000] {logging_mixin.py:154} INFO - [2023-11-25T10:38:39.421+0000] {dagbag.py:536} INFO - Filling up the DagBag from /home/airflow/.local/lib/python3.8/site-packages/airflow/example_dags/example_branch_python_dop_operator_3.py
[2023-11-25T10:38:39.434+0000] {processor.py:839} INFO - DAG(s) dict_keys(['example_branch_dop_operator_v3']) retrieved from /home/airflow/.local/lib/python3.8/site-packages/airflow/example_dags/example_branch_python_dop_operator_3.py
[2023-11-25T10:38:39.459+0000] {logging_mixin.py:154} INFO - [2023-11-25T10:38:39.459+0000] {dag.py:2941} INFO - Sync 1 DAGs
[2023-11-25T10:38:39.491+0000] {logging_mixin.py:154} INFO - [2023-11-25T10:38:39.491+0000] {dag.py:3722} INFO - Setting next_dagrun for example_branch_dop_operator_v3 to 2023-11-25T10:37:00+00:00, run_after=2023-11-25T10:38:00+00:00
[2023-11-25T10:38:39.509+0000] {processor.py:179} INFO - Processing /home/airflow/.local/lib/python3.8/site-packages/airflow/example_dags/example_branch_python_dop_operator_3.py took 0.101 seconds
[2023-11-25T10:39:09.766+0000] {processor.py:157} INFO - Started process (PID=1731) to work on /home/airflow/.local/lib/python3.8/site-packages/airflow/example_dags/example_branch_python_dop_operator_3.py
[2023-11-25T10:39:09.783+0000] {processor.py:829} INFO - Processing file /home/airflow/.local/lib/python3.8/site-packages/airflow/example_dags/example_branch_python_dop_operator_3.py for tasks to queue
[2023-11-25T10:39:09.785+0000] {logging_mixin.py:154} INFO - [2023-11-25T10:39:09.785+0000] {dagbag.py:536} INFO - Filling up the DagBag from /home/airflow/.local/lib/python3.8/site-packages/airflow/example_dags/example_branch_python_dop_operator_3.py
[2023-11-25T10:39:09.793+0000] {processor.py:839} INFO - DAG(s) dict_keys(['example_branch_dop_operator_v3']) retrieved from /home/airflow/.local/lib/python3.8/site-packages/airflow/example_dags/example_branch_python_dop_operator_3.py
[2023-11-25T10:39:09.817+0000] {logging_mixin.py:154} INFO - [2023-11-25T10:39:09.817+0000] {dag.py:2941} INFO - Sync 1 DAGs
[2023-11-25T10:39:09.867+0000] {logging_mixin.py:154} INFO - [2023-11-25T10:39:09.866+0000] {dag.py:3722} INFO - Setting next_dagrun for example_branch_dop_operator_v3 to 2023-11-25T10:38:00+00:00, run_after=2023-11-25T10:39:00+00:00
[2023-11-25T10:39:09.888+0000] {processor.py:179} INFO - Processing /home/airflow/.local/lib/python3.8/site-packages/airflow/example_dags/example_branch_python_dop_operator_3.py took 0.127 seconds
[2023-11-25T10:39:40.169+0000] {processor.py:157} INFO - Started process (PID=1785) to work on /home/airflow/.local/lib/python3.8/site-packages/airflow/example_dags/example_branch_python_dop_operator_3.py
[2023-11-25T10:39:40.170+0000] {processor.py:829} INFO - Processing file /home/airflow/.local/lib/python3.8/site-packages/airflow/example_dags/example_branch_python_dop_operator_3.py for tasks to queue
[2023-11-25T10:39:40.175+0000] {logging_mixin.py:154} INFO - [2023-11-25T10:39:40.174+0000] {dagbag.py:536} INFO - Filling up the DagBag from /home/airflow/.local/lib/python3.8/site-packages/airflow/example_dags/example_branch_python_dop_operator_3.py
[2023-11-25T10:39:40.189+0000] {processor.py:839} INFO - DAG(s) dict_keys(['example_branch_dop_operator_v3']) retrieved from /home/airflow/.local/lib/python3.8/site-packages/airflow/example_dags/example_branch_python_dop_operator_3.py
[2023-11-25T10:39:40.214+0000] {logging_mixin.py:154} INFO - [2023-11-25T10:39:40.214+0000] {dag.py:2941} INFO - Sync 1 DAGs
[2023-11-25T10:39:40.253+0000] {logging_mixin.py:154} INFO - [2023-11-25T10:39:40.252+0000] {dag.py:3722} INFO - Setting next_dagrun for example_branch_dop_operator_v3 to 2023-11-25T10:38:00+00:00, run_after=2023-11-25T10:39:00+00:00
[2023-11-25T10:39:40.275+0000] {processor.py:179} INFO - Processing /home/airflow/.local/lib/python3.8/site-packages/airflow/example_dags/example_branch_python_dop_operator_3.py took 0.115 seconds
[2023-11-25T11:05:06.446+0000] {processor.py:157} INFO - Started process (PID=54) to work on /home/airflow/.local/lib/python3.8/site-packages/airflow/example_dags/example_branch_python_dop_operator_3.py
[2023-11-25T11:05:06.448+0000] {processor.py:829} INFO - Processing file /home/airflow/.local/lib/python3.8/site-packages/airflow/example_dags/example_branch_python_dop_operator_3.py for tasks to queue
[2023-11-25T11:05:06.450+0000] {logging_mixin.py:154} INFO - [2023-11-25T11:05:06.450+0000] {dagbag.py:536} INFO - Filling up the DagBag from /home/airflow/.local/lib/python3.8/site-packages/airflow/example_dags/example_branch_python_dop_operator_3.py
[2023-11-25T11:05:06.465+0000] {processor.py:839} INFO - DAG(s) dict_keys(['example_branch_dop_operator_v3']) retrieved from /home/airflow/.local/lib/python3.8/site-packages/airflow/example_dags/example_branch_python_dop_operator_3.py
[2023-11-25T11:05:06.479+0000] {logging_mixin.py:154} INFO - [2023-11-25T11:05:06.479+0000] {dag.py:2941} INFO - Sync 1 DAGs
[2023-11-25T11:05:06.514+0000] {logging_mixin.py:154} INFO - [2023-11-25T11:05:06.514+0000] {dag.py:3722} INFO - Setting next_dagrun for example_branch_dop_operator_v3 to 2023-11-25T11:04:00+00:00, run_after=2023-11-25T11:05:00+00:00
[2023-11-25T11:05:06.538+0000] {processor.py:179} INFO - Processing /home/airflow/.local/lib/python3.8/site-packages/airflow/example_dags/example_branch_python_dop_operator_3.py took 0.096 seconds
[2023-11-25T11:05:36.765+0000] {processor.py:157} INFO - Started process (PID=108) to work on /home/airflow/.local/lib/python3.8/site-packages/airflow/example_dags/example_branch_python_dop_operator_3.py
[2023-11-25T11:05:36.767+0000] {processor.py:829} INFO - Processing file /home/airflow/.local/lib/python3.8/site-packages/airflow/example_dags/example_branch_python_dop_operator_3.py for tasks to queue
[2023-11-25T11:05:36.769+0000] {logging_mixin.py:154} INFO - [2023-11-25T11:05:36.769+0000] {dagbag.py:536} INFO - Filling up the DagBag from /home/airflow/.local/lib/python3.8/site-packages/airflow/example_dags/example_branch_python_dop_operator_3.py
[2023-11-25T11:05:36.783+0000] {processor.py:839} INFO - DAG(s) dict_keys(['example_branch_dop_operator_v3']) retrieved from /home/airflow/.local/lib/python3.8/site-packages/airflow/example_dags/example_branch_python_dop_operator_3.py
[2023-11-25T11:05:36.807+0000] {logging_mixin.py:154} INFO - [2023-11-25T11:05:36.807+0000] {dag.py:2941} INFO - Sync 1 DAGs
[2023-11-25T11:05:36.844+0000] {logging_mixin.py:154} INFO - [2023-11-25T11:05:36.843+0000] {dag.py:3722} INFO - Setting next_dagrun for example_branch_dop_operator_v3 to 2023-11-25T11:04:00+00:00, run_after=2023-11-25T11:05:00+00:00
[2023-11-25T11:05:36.870+0000] {processor.py:179} INFO - Processing /home/airflow/.local/lib/python3.8/site-packages/airflow/example_dags/example_branch_python_dop_operator_3.py took 0.109 seconds
[2023-11-25T11:06:06.927+0000] {processor.py:157} INFO - Started process (PID=162) to work on /home/airflow/.local/lib/python3.8/site-packages/airflow/example_dags/example_branch_python_dop_operator_3.py
[2023-11-25T11:06:06.929+0000] {processor.py:829} INFO - Processing file /home/airflow/.local/lib/python3.8/site-packages/airflow/example_dags/example_branch_python_dop_operator_3.py for tasks to queue
[2023-11-25T11:06:06.931+0000] {logging_mixin.py:154} INFO - [2023-11-25T11:06:06.931+0000] {dagbag.py:536} INFO - Filling up the DagBag from /home/airflow/.local/lib/python3.8/site-packages/airflow/example_dags/example_branch_python_dop_operator_3.py
[2023-11-25T11:06:06.943+0000] {processor.py:839} INFO - DAG(s) dict_keys(['example_branch_dop_operator_v3']) retrieved from /home/airflow/.local/lib/python3.8/site-packages/airflow/example_dags/example_branch_python_dop_operator_3.py
[2023-11-25T11:06:06.962+0000] {logging_mixin.py:154} INFO - [2023-11-25T11:06:06.961+0000] {dag.py:2941} INFO - Sync 1 DAGs
[2023-11-25T11:06:06.992+0000] {logging_mixin.py:154} INFO - [2023-11-25T11:06:06.992+0000] {dag.py:3722} INFO - Setting next_dagrun for example_branch_dop_operator_v3 to 2023-11-25T11:05:00+00:00, run_after=2023-11-25T11:06:00+00:00
[2023-11-25T11:06:07.024+0000] {processor.py:179} INFO - Processing /home/airflow/.local/lib/python3.8/site-packages/airflow/example_dags/example_branch_python_dop_operator_3.py took 0.100 seconds
[2023-11-25T11:07:42.410+0000] {processor.py:157} INFO - Started process (PID=54) to work on /home/airflow/.local/lib/python3.8/site-packages/airflow/example_dags/example_branch_python_dop_operator_3.py
[2023-11-25T11:07:42.412+0000] {processor.py:829} INFO - Processing file /home/airflow/.local/lib/python3.8/site-packages/airflow/example_dags/example_branch_python_dop_operator_3.py for tasks to queue
[2023-11-25T11:07:42.414+0000] {logging_mixin.py:154} INFO - [2023-11-25T11:07:42.414+0000] {dagbag.py:536} INFO - Filling up the DagBag from /home/airflow/.local/lib/python3.8/site-packages/airflow/example_dags/example_branch_python_dop_operator_3.py
[2023-11-25T11:07:42.425+0000] {processor.py:839} INFO - DAG(s) dict_keys(['example_branch_dop_operator_v3']) retrieved from /home/airflow/.local/lib/python3.8/site-packages/airflow/example_dags/example_branch_python_dop_operator_3.py
[2023-11-25T11:07:42.451+0000] {logging_mixin.py:154} INFO - [2023-11-25T11:07:42.450+0000] {dag.py:2941} INFO - Sync 1 DAGs
[2023-11-25T11:07:42.483+0000] {logging_mixin.py:154} INFO - [2023-11-25T11:07:42.482+0000] {dag.py:3722} INFO - Setting next_dagrun for example_branch_dop_operator_v3 to 2023-11-25T11:06:00+00:00, run_after=2023-11-25T11:07:00+00:00
[2023-11-25T11:07:42.503+0000] {processor.py:179} INFO - Processing /home/airflow/.local/lib/python3.8/site-packages/airflow/example_dags/example_branch_python_dop_operator_3.py took 0.097 seconds
[2023-11-25T11:08:13.221+0000] {processor.py:157} INFO - Started process (PID=108) to work on /home/airflow/.local/lib/python3.8/site-packages/airflow/example_dags/example_branch_python_dop_operator_3.py
[2023-11-25T11:08:13.226+0000] {processor.py:829} INFO - Processing file /home/airflow/.local/lib/python3.8/site-packages/airflow/example_dags/example_branch_python_dop_operator_3.py for tasks to queue
[2023-11-25T11:08:13.228+0000] {logging_mixin.py:154} INFO - [2023-11-25T11:08:13.228+0000] {dagbag.py:536} INFO - Filling up the DagBag from /home/airflow/.local/lib/python3.8/site-packages/airflow/example_dags/example_branch_python_dop_operator_3.py
[2023-11-25T11:08:13.239+0000] {processor.py:839} INFO - DAG(s) dict_keys(['example_branch_dop_operator_v3']) retrieved from /home/airflow/.local/lib/python3.8/site-packages/airflow/example_dags/example_branch_python_dop_operator_3.py
[2023-11-25T11:08:13.262+0000] {logging_mixin.py:154} INFO - [2023-11-25T11:08:13.262+0000] {dag.py:2941} INFO - Sync 1 DAGs
[2023-11-25T11:08:13.295+0000] {logging_mixin.py:154} INFO - [2023-11-25T11:08:13.294+0000] {dag.py:3722} INFO - Setting next_dagrun for example_branch_dop_operator_v3 to 2023-11-25T11:07:00+00:00, run_after=2023-11-25T11:08:00+00:00
[2023-11-25T11:08:13.316+0000] {processor.py:179} INFO - Processing /home/airflow/.local/lib/python3.8/site-packages/airflow/example_dags/example_branch_python_dop_operator_3.py took 0.098 seconds
[2023-11-25T11:08:43.998+0000] {processor.py:157} INFO - Started process (PID=162) to work on /home/airflow/.local/lib/python3.8/site-packages/airflow/example_dags/example_branch_python_dop_operator_3.py
[2023-11-25T11:08:43.999+0000] {processor.py:829} INFO - Processing file /home/airflow/.local/lib/python3.8/site-packages/airflow/example_dags/example_branch_python_dop_operator_3.py for tasks to queue
[2023-11-25T11:08:44.002+0000] {logging_mixin.py:154} INFO - [2023-11-25T11:08:44.001+0000] {dagbag.py:536} INFO - Filling up the DagBag from /home/airflow/.local/lib/python3.8/site-packages/airflow/example_dags/example_branch_python_dop_operator_3.py
[2023-11-25T11:08:44.013+0000] {processor.py:839} INFO - DAG(s) dict_keys(['example_branch_dop_operator_v3']) retrieved from /home/airflow/.local/lib/python3.8/site-packages/airflow/example_dags/example_branch_python_dop_operator_3.py
[2023-11-25T11:08:44.037+0000] {logging_mixin.py:154} INFO - [2023-11-25T11:08:44.037+0000] {dag.py:2941} INFO - Sync 1 DAGs
[2023-11-25T11:08:44.074+0000] {logging_mixin.py:154} INFO - [2023-11-25T11:08:44.074+0000] {dag.py:3722} INFO - Setting next_dagrun for example_branch_dop_operator_v3 to 2023-11-25T11:07:00+00:00, run_after=2023-11-25T11:08:00+00:00
[2023-11-25T11:08:44.135+0000] {processor.py:179} INFO - Processing /home/airflow/.local/lib/python3.8/site-packages/airflow/example_dags/example_branch_python_dop_operator_3.py took 0.140 seconds
[2023-11-25T11:09:14.812+0000] {processor.py:157} INFO - Started process (PID=215) to work on /home/airflow/.local/lib/python3.8/site-packages/airflow/example_dags/example_branch_python_dop_operator_3.py
[2023-11-25T11:09:14.813+0000] {processor.py:829} INFO - Processing file /home/airflow/.local/lib/python3.8/site-packages/airflow/example_dags/example_branch_python_dop_operator_3.py for tasks to queue
[2023-11-25T11:09:14.815+0000] {logging_mixin.py:154} INFO - [2023-11-25T11:09:14.814+0000] {dagbag.py:536} INFO - Filling up the DagBag from /home/airflow/.local/lib/python3.8/site-packages/airflow/example_dags/example_branch_python_dop_operator_3.py
[2023-11-25T11:09:14.823+0000] {processor.py:839} INFO - DAG(s) dict_keys(['example_branch_dop_operator_v3']) retrieved from /home/airflow/.local/lib/python3.8/site-packages/airflow/example_dags/example_branch_python_dop_operator_3.py
[2023-11-25T11:09:14.842+0000] {logging_mixin.py:154} INFO - [2023-11-25T11:09:14.842+0000] {dag.py:2941} INFO - Sync 1 DAGs
[2023-11-25T11:09:14.868+0000] {logging_mixin.py:154} INFO - [2023-11-25T11:09:14.868+0000] {dag.py:3722} INFO - Setting next_dagrun for example_branch_dop_operator_v3 to 2023-11-25T11:08:00+00:00, run_after=2023-11-25T11:09:00+00:00
[2023-11-25T11:09:14.897+0000] {processor.py:179} INFO - Processing /home/airflow/.local/lib/python3.8/site-packages/airflow/example_dags/example_branch_python_dop_operator_3.py took 0.087 seconds
[2023-11-25T11:09:45.565+0000] {processor.py:157} INFO - Started process (PID=269) to work on /home/airflow/.local/lib/python3.8/site-packages/airflow/example_dags/example_branch_python_dop_operator_3.py
[2023-11-25T11:09:45.566+0000] {processor.py:829} INFO - Processing file /home/airflow/.local/lib/python3.8/site-packages/airflow/example_dags/example_branch_python_dop_operator_3.py for tasks to queue
[2023-11-25T11:09:45.568+0000] {logging_mixin.py:154} INFO - [2023-11-25T11:09:45.568+0000] {dagbag.py:536} INFO - Filling up the DagBag from /home/airflow/.local/lib/python3.8/site-packages/airflow/example_dags/example_branch_python_dop_operator_3.py
[2023-11-25T11:09:45.577+0000] {processor.py:839} INFO - DAG(s) dict_keys(['example_branch_dop_operator_v3']) retrieved from /home/airflow/.local/lib/python3.8/site-packages/airflow/example_dags/example_branch_python_dop_operator_3.py
[2023-11-25T11:09:45.599+0000] {logging_mixin.py:154} INFO - [2023-11-25T11:09:45.599+0000] {dag.py:2941} INFO - Sync 1 DAGs
[2023-11-25T11:09:45.626+0000] {logging_mixin.py:154} INFO - [2023-11-25T11:09:45.626+0000] {dag.py:3722} INFO - Setting next_dagrun for example_branch_dop_operator_v3 to 2023-11-25T11:08:00+00:00, run_after=2023-11-25T11:09:00+00:00
[2023-11-25T11:09:45.652+0000] {processor.py:179} INFO - Processing /home/airflow/.local/lib/python3.8/site-packages/airflow/example_dags/example_branch_python_dop_operator_3.py took 0.090 seconds
[2023-11-25T11:10:15.724+0000] {processor.py:157} INFO - Started process (PID=323) to work on /home/airflow/.local/lib/python3.8/site-packages/airflow/example_dags/example_branch_python_dop_operator_3.py
[2023-11-25T11:10:15.726+0000] {processor.py:829} INFO - Processing file /home/airflow/.local/lib/python3.8/site-packages/airflow/example_dags/example_branch_python_dop_operator_3.py for tasks to queue
[2023-11-25T11:10:15.728+0000] {logging_mixin.py:154} INFO - [2023-11-25T11:10:15.728+0000] {dagbag.py:536} INFO - Filling up the DagBag from /home/airflow/.local/lib/python3.8/site-packages/airflow/example_dags/example_branch_python_dop_operator_3.py
[2023-11-25T11:10:15.738+0000] {processor.py:839} INFO - DAG(s) dict_keys(['example_branch_dop_operator_v3']) retrieved from /home/airflow/.local/lib/python3.8/site-packages/airflow/example_dags/example_branch_python_dop_operator_3.py
[2023-11-25T11:10:15.756+0000] {logging_mixin.py:154} INFO - [2023-11-25T11:10:15.755+0000] {dag.py:2941} INFO - Sync 1 DAGs
[2023-11-25T11:10:15.782+0000] {logging_mixin.py:154} INFO - [2023-11-25T11:10:15.781+0000] {dag.py:3722} INFO - Setting next_dagrun for example_branch_dop_operator_v3 to 2023-11-25T11:09:00+00:00, run_after=2023-11-25T11:10:00+00:00
[2023-11-25T11:10:15.809+0000] {processor.py:179} INFO - Processing /home/airflow/.local/lib/python3.8/site-packages/airflow/example_dags/example_branch_python_dop_operator_3.py took 0.087 seconds
[2023-11-25T11:10:46.061+0000] {processor.py:157} INFO - Started process (PID=378) to work on /home/airflow/.local/lib/python3.8/site-packages/airflow/example_dags/example_branch_python_dop_operator_3.py
[2023-11-25T11:10:46.061+0000] {processor.py:829} INFO - Processing file /home/airflow/.local/lib/python3.8/site-packages/airflow/example_dags/example_branch_python_dop_operator_3.py for tasks to queue
[2023-11-25T11:10:46.063+0000] {logging_mixin.py:154} INFO - [2023-11-25T11:10:46.063+0000] {dagbag.py:536} INFO - Filling up the DagBag from /home/airflow/.local/lib/python3.8/site-packages/airflow/example_dags/example_branch_python_dop_operator_3.py
[2023-11-25T11:10:46.071+0000] {processor.py:839} INFO - DAG(s) dict_keys(['example_branch_dop_operator_v3']) retrieved from /home/airflow/.local/lib/python3.8/site-packages/airflow/example_dags/example_branch_python_dop_operator_3.py
[2023-11-25T11:10:46.090+0000] {logging_mixin.py:154} INFO - [2023-11-25T11:10:46.089+0000] {dag.py:2941} INFO - Sync 1 DAGs
[2023-11-25T11:10:46.116+0000] {logging_mixin.py:154} INFO - [2023-11-25T11:10:46.115+0000] {dag.py:3722} INFO - Setting next_dagrun for example_branch_dop_operator_v3 to 2023-11-25T11:09:00+00:00, run_after=2023-11-25T11:10:00+00:00
[2023-11-25T11:10:46.147+0000] {processor.py:179} INFO - Processing /home/airflow/.local/lib/python3.8/site-packages/airflow/example_dags/example_branch_python_dop_operator_3.py took 0.090 seconds
[2023-11-25T11:11:17.094+0000] {processor.py:157} INFO - Started process (PID=432) to work on /home/airflow/.local/lib/python3.8/site-packages/airflow/example_dags/example_branch_python_dop_operator_3.py
[2023-11-25T11:11:17.094+0000] {processor.py:829} INFO - Processing file /home/airflow/.local/lib/python3.8/site-packages/airflow/example_dags/example_branch_python_dop_operator_3.py for tasks to queue
[2023-11-25T11:11:17.096+0000] {logging_mixin.py:154} INFO - [2023-11-25T11:11:17.096+0000] {dagbag.py:536} INFO - Filling up the DagBag from /home/airflow/.local/lib/python3.8/site-packages/airflow/example_dags/example_branch_python_dop_operator_3.py
[2023-11-25T11:11:17.107+0000] {processor.py:839} INFO - DAG(s) dict_keys(['example_branch_dop_operator_v3']) retrieved from /home/airflow/.local/lib/python3.8/site-packages/airflow/example_dags/example_branch_python_dop_operator_3.py
[2023-11-25T11:11:17.133+0000] {logging_mixin.py:154} INFO - [2023-11-25T11:11:17.133+0000] {dag.py:2941} INFO - Sync 1 DAGs
[2023-11-25T11:11:17.163+0000] {logging_mixin.py:154} INFO - [2023-11-25T11:11:17.163+0000] {dag.py:3722} INFO - Setting next_dagrun for example_branch_dop_operator_v3 to 2023-11-25T11:10:00+00:00, run_after=2023-11-25T11:11:00+00:00
[2023-11-25T11:11:17.191+0000] {processor.py:179} INFO - Processing /home/airflow/.local/lib/python3.8/site-packages/airflow/example_dags/example_branch_python_dop_operator_3.py took 0.101 seconds
[2023-11-25T11:11:47.349+0000] {processor.py:157} INFO - Started process (PID=486) to work on /home/airflow/.local/lib/python3.8/site-packages/airflow/example_dags/example_branch_python_dop_operator_3.py
[2023-11-25T11:11:47.350+0000] {processor.py:829} INFO - Processing file /home/airflow/.local/lib/python3.8/site-packages/airflow/example_dags/example_branch_python_dop_operator_3.py for tasks to queue
[2023-11-25T11:11:47.352+0000] {logging_mixin.py:154} INFO - [2023-11-25T11:11:47.352+0000] {dagbag.py:536} INFO - Filling up the DagBag from /home/airflow/.local/lib/python3.8/site-packages/airflow/example_dags/example_branch_python_dop_operator_3.py
[2023-11-25T11:11:47.363+0000] {processor.py:839} INFO - DAG(s) dict_keys(['example_branch_dop_operator_v3']) retrieved from /home/airflow/.local/lib/python3.8/site-packages/airflow/example_dags/example_branch_python_dop_operator_3.py
[2023-11-25T11:11:47.382+0000] {logging_mixin.py:154} INFO - [2023-11-25T11:11:47.382+0000] {dag.py:2941} INFO - Sync 1 DAGs
[2023-11-25T11:11:47.413+0000] {logging_mixin.py:154} INFO - [2023-11-25T11:11:47.413+0000] {dag.py:3722} INFO - Setting next_dagrun for example_branch_dop_operator_v3 to 2023-11-25T11:10:00+00:00, run_after=2023-11-25T11:11:00+00:00
[2023-11-25T11:11:47.430+0000] {processor.py:179} INFO - Processing /home/airflow/.local/lib/python3.8/site-packages/airflow/example_dags/example_branch_python_dop_operator_3.py took 0.085 seconds
[2023-11-25T11:12:18.680+0000] {processor.py:157} INFO - Started process (PID=547) to work on /home/airflow/.local/lib/python3.8/site-packages/airflow/example_dags/example_branch_python_dop_operator_3.py
[2023-11-25T11:12:18.681+0000] {processor.py:829} INFO - Processing file /home/airflow/.local/lib/python3.8/site-packages/airflow/example_dags/example_branch_python_dop_operator_3.py for tasks to queue
[2023-11-25T11:12:18.683+0000] {logging_mixin.py:154} INFO - [2023-11-25T11:12:18.683+0000] {dagbag.py:536} INFO - Filling up the DagBag from /home/airflow/.local/lib/python3.8/site-packages/airflow/example_dags/example_branch_python_dop_operator_3.py
[2023-11-25T11:12:18.697+0000] {processor.py:839} INFO - DAG(s) dict_keys(['example_branch_dop_operator_v3']) retrieved from /home/airflow/.local/lib/python3.8/site-packages/airflow/example_dags/example_branch_python_dop_operator_3.py
[2023-11-25T11:12:18.726+0000] {logging_mixin.py:154} INFO - [2023-11-25T11:12:18.726+0000] {dag.py:2941} INFO - Sync 1 DAGs
[2023-11-25T11:12:18.763+0000] {logging_mixin.py:154} INFO - [2023-11-25T11:12:18.762+0000] {dag.py:3722} INFO - Setting next_dagrun for example_branch_dop_operator_v3 to 2023-11-25T11:11:00+00:00, run_after=2023-11-25T11:12:00+00:00
[2023-11-25T11:12:18.791+0000] {processor.py:179} INFO - Processing /home/airflow/.local/lib/python3.8/site-packages/airflow/example_dags/example_branch_python_dop_operator_3.py took 0.115 seconds
[2023-11-25T11:12:49.275+0000] {processor.py:157} INFO - Started process (PID=601) to work on /home/airflow/.local/lib/python3.8/site-packages/airflow/example_dags/example_branch_python_dop_operator_3.py
[2023-11-25T11:12:49.276+0000] {processor.py:829} INFO - Processing file /home/airflow/.local/lib/python3.8/site-packages/airflow/example_dags/example_branch_python_dop_operator_3.py for tasks to queue
[2023-11-25T11:12:49.278+0000] {logging_mixin.py:154} INFO - [2023-11-25T11:12:49.278+0000] {dagbag.py:536} INFO - Filling up the DagBag from /home/airflow/.local/lib/python3.8/site-packages/airflow/example_dags/example_branch_python_dop_operator_3.py
[2023-11-25T11:12:49.285+0000] {processor.py:839} INFO - DAG(s) dict_keys(['example_branch_dop_operator_v3']) retrieved from /home/airflow/.local/lib/python3.8/site-packages/airflow/example_dags/example_branch_python_dop_operator_3.py
[2023-11-25T11:12:49.308+0000] {logging_mixin.py:154} INFO - [2023-11-25T11:12:49.307+0000] {dag.py:2941} INFO - Sync 1 DAGs
[2023-11-25T11:12:49.333+0000] {logging_mixin.py:154} INFO - [2023-11-25T11:12:49.332+0000] {dag.py:3722} INFO - Setting next_dagrun for example_branch_dop_operator_v3 to 2023-11-25T11:11:00+00:00, run_after=2023-11-25T11:12:00+00:00
[2023-11-25T11:12:49.349+0000] {processor.py:179} INFO - Processing /home/airflow/.local/lib/python3.8/site-packages/airflow/example_dags/example_branch_python_dop_operator_3.py took 0.077 seconds
