[2023-11-25T10:23:17.230+0000] {processor.py:157} INFO - Started process (PID=35) to work on /home/airflow/.local/lib/python3.8/site-packages/airflow/example_dags/example_bash_operator.py
[2023-11-25T10:23:17.231+0000] {processor.py:829} INFO - Processing file /home/airflow/.local/lib/python3.8/site-packages/airflow/example_dags/example_bash_operator.py for tasks to queue
[2023-11-25T10:23:17.233+0000] {logging_mixin.py:154} INFO - [2023-11-25T10:23:17.233+0000] {dagbag.py:536} INFO - Filling up the DagBag from /home/airflow/.local/lib/python3.8/site-packages/airflow/example_dags/example_bash_operator.py
[2023-11-25T10:23:17.251+0000] {processor.py:839} INFO - DAG(s) dict_keys(['example_bash_operator']) retrieved from /home/airflow/.local/lib/python3.8/site-packages/airflow/example_dags/example_bash_operator.py
[2023-11-25T10:23:17.303+0000] {logging_mixin.py:154} INFO - [2023-11-25T10:23:17.303+0000] {dag.py:2941} INFO - Sync 1 DAGs
[2023-11-25T10:23:17.341+0000] {logging_mixin.py:154} INFO - [2023-11-25T10:23:17.341+0000] {dag.py:3722} INFO - Setting next_dagrun for example_bash_operator to 2023-11-24T00:00:00+00:00, run_after=2023-11-25T00:00:00+00:00
[2023-11-25T10:23:17.364+0000] {processor.py:179} INFO - Processing /home/airflow/.local/lib/python3.8/site-packages/airflow/example_dags/example_bash_operator.py took 0.138 seconds
[2023-11-25T10:23:47.738+0000] {processor.py:157} INFO - Started process (PID=89) to work on /home/airflow/.local/lib/python3.8/site-packages/airflow/example_dags/example_bash_operator.py
[2023-11-25T10:23:47.739+0000] {processor.py:829} INFO - Processing file /home/airflow/.local/lib/python3.8/site-packages/airflow/example_dags/example_bash_operator.py for tasks to queue
[2023-11-25T10:23:47.741+0000] {logging_mixin.py:154} INFO - [2023-11-25T10:23:47.741+0000] {dagbag.py:536} INFO - Filling up the DagBag from /home/airflow/.local/lib/python3.8/site-packages/airflow/example_dags/example_bash_operator.py
[2023-11-25T10:23:47.755+0000] {processor.py:839} INFO - DAG(s) dict_keys(['example_bash_operator']) retrieved from /home/airflow/.local/lib/python3.8/site-packages/airflow/example_dags/example_bash_operator.py
[2023-11-25T10:23:47.791+0000] {logging_mixin.py:154} INFO - [2023-11-25T10:23:47.791+0000] {dag.py:2941} INFO - Sync 1 DAGs
[2023-11-25T10:23:47.833+0000] {logging_mixin.py:154} INFO - [2023-11-25T10:23:47.832+0000] {dag.py:3722} INFO - Setting next_dagrun for example_bash_operator to 2023-11-24T00:00:00+00:00, run_after=2023-11-25T00:00:00+00:00
[2023-11-25T10:23:47.855+0000] {processor.py:179} INFO - Processing /home/airflow/.local/lib/python3.8/site-packages/airflow/example_dags/example_bash_operator.py took 0.121 seconds
[2023-11-25T10:24:18.618+0000] {processor.py:157} INFO - Started process (PID=143) to work on /home/airflow/.local/lib/python3.8/site-packages/airflow/example_dags/example_bash_operator.py
[2023-11-25T10:24:18.619+0000] {processor.py:829} INFO - Processing file /home/airflow/.local/lib/python3.8/site-packages/airflow/example_dags/example_bash_operator.py for tasks to queue
[2023-11-25T10:24:18.621+0000] {logging_mixin.py:154} INFO - [2023-11-25T10:24:18.621+0000] {dagbag.py:536} INFO - Filling up the DagBag from /home/airflow/.local/lib/python3.8/site-packages/airflow/example_dags/example_bash_operator.py
[2023-11-25T10:24:18.636+0000] {processor.py:839} INFO - DAG(s) dict_keys(['example_bash_operator']) retrieved from /home/airflow/.local/lib/python3.8/site-packages/airflow/example_dags/example_bash_operator.py
[2023-11-25T10:24:18.682+0000] {logging_mixin.py:154} INFO - [2023-11-25T10:24:18.682+0000] {dag.py:2941} INFO - Sync 1 DAGs
[2023-11-25T10:24:18.713+0000] {logging_mixin.py:154} INFO - [2023-11-25T10:24:18.712+0000] {dag.py:3722} INFO - Setting next_dagrun for example_bash_operator to 2023-11-24T00:00:00+00:00, run_after=2023-11-25T00:00:00+00:00
[2023-11-25T10:24:18.737+0000] {processor.py:179} INFO - Processing /home/airflow/.local/lib/python3.8/site-packages/airflow/example_dags/example_bash_operator.py took 0.123 seconds
[2023-11-25T10:24:48.832+0000] {processor.py:157} INFO - Started process (PID=197) to work on /home/airflow/.local/lib/python3.8/site-packages/airflow/example_dags/example_bash_operator.py
[2023-11-25T10:24:48.837+0000] {processor.py:829} INFO - Processing file /home/airflow/.local/lib/python3.8/site-packages/airflow/example_dags/example_bash_operator.py for tasks to queue
[2023-11-25T10:24:48.839+0000] {logging_mixin.py:154} INFO - [2023-11-25T10:24:48.839+0000] {dagbag.py:536} INFO - Filling up the DagBag from /home/airflow/.local/lib/python3.8/site-packages/airflow/example_dags/example_bash_operator.py
[2023-11-25T10:24:48.854+0000] {processor.py:839} INFO - DAG(s) dict_keys(['example_bash_operator']) retrieved from /home/airflow/.local/lib/python3.8/site-packages/airflow/example_dags/example_bash_operator.py
[2023-11-25T10:24:48.896+0000] {logging_mixin.py:154} INFO - [2023-11-25T10:24:48.896+0000] {dag.py:2941} INFO - Sync 1 DAGs
[2023-11-25T10:24:48.929+0000] {logging_mixin.py:154} INFO - [2023-11-25T10:24:48.929+0000] {dag.py:3722} INFO - Setting next_dagrun for example_bash_operator to 2023-11-24T00:00:00+00:00, run_after=2023-11-25T00:00:00+00:00
[2023-11-25T10:24:48.946+0000] {processor.py:179} INFO - Processing /home/airflow/.local/lib/python3.8/site-packages/airflow/example_dags/example_bash_operator.py took 0.117 seconds
[2023-11-25T10:25:19.363+0000] {processor.py:157} INFO - Started process (PID=251) to work on /home/airflow/.local/lib/python3.8/site-packages/airflow/example_dags/example_bash_operator.py
[2023-11-25T10:25:19.365+0000] {processor.py:829} INFO - Processing file /home/airflow/.local/lib/python3.8/site-packages/airflow/example_dags/example_bash_operator.py for tasks to queue
[2023-11-25T10:25:19.367+0000] {logging_mixin.py:154} INFO - [2023-11-25T10:25:19.367+0000] {dagbag.py:536} INFO - Filling up the DagBag from /home/airflow/.local/lib/python3.8/site-packages/airflow/example_dags/example_bash_operator.py
[2023-11-25T10:25:19.384+0000] {processor.py:839} INFO - DAG(s) dict_keys(['example_bash_operator']) retrieved from /home/airflow/.local/lib/python3.8/site-packages/airflow/example_dags/example_bash_operator.py
[2023-11-25T10:25:19.436+0000] {logging_mixin.py:154} INFO - [2023-11-25T10:25:19.436+0000] {dag.py:2941} INFO - Sync 1 DAGs
[2023-11-25T10:25:19.482+0000] {logging_mixin.py:154} INFO - [2023-11-25T10:25:19.482+0000] {dag.py:3722} INFO - Setting next_dagrun for example_bash_operator to 2023-11-24T00:00:00+00:00, run_after=2023-11-25T00:00:00+00:00
[2023-11-25T10:25:19.509+0000] {processor.py:179} INFO - Processing /home/airflow/.local/lib/python3.8/site-packages/airflow/example_dags/example_bash_operator.py took 0.151 seconds
[2023-11-25T10:25:50.204+0000] {processor.py:157} INFO - Started process (PID=305) to work on /home/airflow/.local/lib/python3.8/site-packages/airflow/example_dags/example_bash_operator.py
[2023-11-25T10:25:50.205+0000] {processor.py:829} INFO - Processing file /home/airflow/.local/lib/python3.8/site-packages/airflow/example_dags/example_bash_operator.py for tasks to queue
[2023-11-25T10:25:50.207+0000] {logging_mixin.py:154} INFO - [2023-11-25T10:25:50.206+0000] {dagbag.py:536} INFO - Filling up the DagBag from /home/airflow/.local/lib/python3.8/site-packages/airflow/example_dags/example_bash_operator.py
[2023-11-25T10:25:50.219+0000] {processor.py:839} INFO - DAG(s) dict_keys(['example_bash_operator']) retrieved from /home/airflow/.local/lib/python3.8/site-packages/airflow/example_dags/example_bash_operator.py
[2023-11-25T10:25:50.259+0000] {logging_mixin.py:154} INFO - [2023-11-25T10:25:50.259+0000] {dag.py:2941} INFO - Sync 1 DAGs
[2023-11-25T10:25:50.292+0000] {logging_mixin.py:154} INFO - [2023-11-25T10:25:50.292+0000] {dag.py:3722} INFO - Setting next_dagrun for example_bash_operator to 2023-11-24T00:00:00+00:00, run_after=2023-11-25T00:00:00+00:00
[2023-11-25T10:25:50.311+0000] {processor.py:179} INFO - Processing /home/airflow/.local/lib/python3.8/site-packages/airflow/example_dags/example_bash_operator.py took 0.110 seconds
[2023-11-25T10:26:20.542+0000] {processor.py:157} INFO - Started process (PID=359) to work on /home/airflow/.local/lib/python3.8/site-packages/airflow/example_dags/example_bash_operator.py
[2023-11-25T10:26:20.543+0000] {processor.py:829} INFO - Processing file /home/airflow/.local/lib/python3.8/site-packages/airflow/example_dags/example_bash_operator.py for tasks to queue
[2023-11-25T10:26:20.546+0000] {logging_mixin.py:154} INFO - [2023-11-25T10:26:20.546+0000] {dagbag.py:536} INFO - Filling up the DagBag from /home/airflow/.local/lib/python3.8/site-packages/airflow/example_dags/example_bash_operator.py
[2023-11-25T10:26:20.560+0000] {processor.py:839} INFO - DAG(s) dict_keys(['example_bash_operator']) retrieved from /home/airflow/.local/lib/python3.8/site-packages/airflow/example_dags/example_bash_operator.py
[2023-11-25T10:26:20.604+0000] {logging_mixin.py:154} INFO - [2023-11-25T10:26:20.603+0000] {dag.py:2941} INFO - Sync 1 DAGs
[2023-11-25T10:26:20.641+0000] {logging_mixin.py:154} INFO - [2023-11-25T10:26:20.641+0000] {dag.py:3722} INFO - Setting next_dagrun for example_bash_operator to 2023-11-24T00:00:00+00:00, run_after=2023-11-25T00:00:00+00:00
[2023-11-25T10:26:20.662+0000] {processor.py:179} INFO - Processing /home/airflow/.local/lib/python3.8/site-packages/airflow/example_dags/example_bash_operator.py took 0.124 seconds
[2023-11-25T10:26:51.178+0000] {processor.py:157} INFO - Started process (PID=413) to work on /home/airflow/.local/lib/python3.8/site-packages/airflow/example_dags/example_bash_operator.py
[2023-11-25T10:26:51.179+0000] {processor.py:829} INFO - Processing file /home/airflow/.local/lib/python3.8/site-packages/airflow/example_dags/example_bash_operator.py for tasks to queue
[2023-11-25T10:26:51.181+0000] {logging_mixin.py:154} INFO - [2023-11-25T10:26:51.181+0000] {dagbag.py:536} INFO - Filling up the DagBag from /home/airflow/.local/lib/python3.8/site-packages/airflow/example_dags/example_bash_operator.py
[2023-11-25T10:26:51.202+0000] {processor.py:839} INFO - DAG(s) dict_keys(['example_bash_operator']) retrieved from /home/airflow/.local/lib/python3.8/site-packages/airflow/example_dags/example_bash_operator.py
[2023-11-25T10:26:51.244+0000] {logging_mixin.py:154} INFO - [2023-11-25T10:26:51.243+0000] {dag.py:2941} INFO - Sync 1 DAGs
[2023-11-25T10:26:51.282+0000] {logging_mixin.py:154} INFO - [2023-11-25T10:26:51.281+0000] {dag.py:3722} INFO - Setting next_dagrun for example_bash_operator to 2023-11-24T00:00:00+00:00, run_after=2023-11-25T00:00:00+00:00
[2023-11-25T10:26:51.303+0000] {processor.py:179} INFO - Processing /home/airflow/.local/lib/python3.8/site-packages/airflow/example_dags/example_bash_operator.py took 0.129 seconds
[2023-11-25T10:27:21.972+0000] {processor.py:157} INFO - Started process (PID=467) to work on /home/airflow/.local/lib/python3.8/site-packages/airflow/example_dags/example_bash_operator.py
[2023-11-25T10:27:21.975+0000] {processor.py:829} INFO - Processing file /home/airflow/.local/lib/python3.8/site-packages/airflow/example_dags/example_bash_operator.py for tasks to queue
[2023-11-25T10:27:21.977+0000] {logging_mixin.py:154} INFO - [2023-11-25T10:27:21.977+0000] {dagbag.py:536} INFO - Filling up the DagBag from /home/airflow/.local/lib/python3.8/site-packages/airflow/example_dags/example_bash_operator.py
[2023-11-25T10:27:21.991+0000] {processor.py:839} INFO - DAG(s) dict_keys(['example_bash_operator']) retrieved from /home/airflow/.local/lib/python3.8/site-packages/airflow/example_dags/example_bash_operator.py
[2023-11-25T10:27:22.035+0000] {logging_mixin.py:154} INFO - [2023-11-25T10:27:22.035+0000] {dag.py:2941} INFO - Sync 1 DAGs
[2023-11-25T10:27:22.068+0000] {logging_mixin.py:154} INFO - [2023-11-25T10:27:22.068+0000] {dag.py:3722} INFO - Setting next_dagrun for example_bash_operator to 2023-11-24T00:00:00+00:00, run_after=2023-11-25T00:00:00+00:00
[2023-11-25T10:27:22.090+0000] {processor.py:179} INFO - Processing /home/airflow/.local/lib/python3.8/site-packages/airflow/example_dags/example_bash_operator.py took 0.121 seconds
[2023-11-25T10:27:52.276+0000] {processor.py:157} INFO - Started process (PID=520) to work on /home/airflow/.local/lib/python3.8/site-packages/airflow/example_dags/example_bash_operator.py
[2023-11-25T10:27:52.277+0000] {processor.py:829} INFO - Processing file /home/airflow/.local/lib/python3.8/site-packages/airflow/example_dags/example_bash_operator.py for tasks to queue
[2023-11-25T10:27:52.279+0000] {logging_mixin.py:154} INFO - [2023-11-25T10:27:52.279+0000] {dagbag.py:536} INFO - Filling up the DagBag from /home/airflow/.local/lib/python3.8/site-packages/airflow/example_dags/example_bash_operator.py
[2023-11-25T10:27:52.297+0000] {processor.py:839} INFO - DAG(s) dict_keys(['example_bash_operator']) retrieved from /home/airflow/.local/lib/python3.8/site-packages/airflow/example_dags/example_bash_operator.py
[2023-11-25T10:27:52.347+0000] {logging_mixin.py:154} INFO - [2023-11-25T10:27:52.347+0000] {dag.py:2941} INFO - Sync 1 DAGs
[2023-11-25T10:27:52.385+0000] {logging_mixin.py:154} INFO - [2023-11-25T10:27:52.385+0000] {dag.py:3722} INFO - Setting next_dagrun for example_bash_operator to 2023-11-24T00:00:00+00:00, run_after=2023-11-25T00:00:00+00:00
[2023-11-25T10:27:52.423+0000] {processor.py:179} INFO - Processing /home/airflow/.local/lib/python3.8/site-packages/airflow/example_dags/example_bash_operator.py took 0.152 seconds
[2023-11-25T10:28:22.734+0000] {processor.py:157} INFO - Started process (PID=574) to work on /home/airflow/.local/lib/python3.8/site-packages/airflow/example_dags/example_bash_operator.py
[2023-11-25T10:28:22.762+0000] {processor.py:829} INFO - Processing file /home/airflow/.local/lib/python3.8/site-packages/airflow/example_dags/example_bash_operator.py for tasks to queue
[2023-11-25T10:28:22.765+0000] {logging_mixin.py:154} INFO - [2023-11-25T10:28:22.765+0000] {dagbag.py:536} INFO - Filling up the DagBag from /home/airflow/.local/lib/python3.8/site-packages/airflow/example_dags/example_bash_operator.py
[2023-11-25T10:28:22.789+0000] {processor.py:839} INFO - DAG(s) dict_keys(['example_bash_operator']) retrieved from /home/airflow/.local/lib/python3.8/site-packages/airflow/example_dags/example_bash_operator.py
[2023-11-25T10:28:22.848+0000] {logging_mixin.py:154} INFO - [2023-11-25T10:28:22.848+0000] {dag.py:2941} INFO - Sync 1 DAGs
[2023-11-25T10:28:22.894+0000] {logging_mixin.py:154} INFO - [2023-11-25T10:28:22.894+0000] {dag.py:3722} INFO - Setting next_dagrun for example_bash_operator to 2023-11-24T00:00:00+00:00, run_after=2023-11-25T00:00:00+00:00
[2023-11-25T10:28:22.927+0000] {processor.py:179} INFO - Processing /home/airflow/.local/lib/python3.8/site-packages/airflow/example_dags/example_bash_operator.py took 0.198 seconds
[2023-11-25T10:28:53.125+0000] {processor.py:157} INFO - Started process (PID=627) to work on /home/airflow/.local/lib/python3.8/site-packages/airflow/example_dags/example_bash_operator.py
[2023-11-25T10:28:53.126+0000] {processor.py:829} INFO - Processing file /home/airflow/.local/lib/python3.8/site-packages/airflow/example_dags/example_bash_operator.py for tasks to queue
[2023-11-25T10:28:53.128+0000] {logging_mixin.py:154} INFO - [2023-11-25T10:28:53.128+0000] {dagbag.py:536} INFO - Filling up the DagBag from /home/airflow/.local/lib/python3.8/site-packages/airflow/example_dags/example_bash_operator.py
[2023-11-25T10:28:53.144+0000] {processor.py:839} INFO - DAG(s) dict_keys(['example_bash_operator']) retrieved from /home/airflow/.local/lib/python3.8/site-packages/airflow/example_dags/example_bash_operator.py
[2023-11-25T10:28:53.180+0000] {logging_mixin.py:154} INFO - [2023-11-25T10:28:53.180+0000] {dag.py:2941} INFO - Sync 1 DAGs
[2023-11-25T10:28:53.215+0000] {logging_mixin.py:154} INFO - [2023-11-25T10:28:53.215+0000] {dag.py:3722} INFO - Setting next_dagrun for example_bash_operator to 2023-11-24T00:00:00+00:00, run_after=2023-11-25T00:00:00+00:00
[2023-11-25T10:28:53.239+0000] {processor.py:179} INFO - Processing /home/airflow/.local/lib/python3.8/site-packages/airflow/example_dags/example_bash_operator.py took 0.118 seconds
[2023-11-25T10:29:23.497+0000] {processor.py:157} INFO - Started process (PID=681) to work on /home/airflow/.local/lib/python3.8/site-packages/airflow/example_dags/example_bash_operator.py
[2023-11-25T10:29:23.497+0000] {processor.py:829} INFO - Processing file /home/airflow/.local/lib/python3.8/site-packages/airflow/example_dags/example_bash_operator.py for tasks to queue
[2023-11-25T10:29:23.499+0000] {logging_mixin.py:154} INFO - [2023-11-25T10:29:23.499+0000] {dagbag.py:536} INFO - Filling up the DagBag from /home/airflow/.local/lib/python3.8/site-packages/airflow/example_dags/example_bash_operator.py
[2023-11-25T10:29:23.509+0000] {processor.py:839} INFO - DAG(s) dict_keys(['example_bash_operator']) retrieved from /home/airflow/.local/lib/python3.8/site-packages/airflow/example_dags/example_bash_operator.py
[2023-11-25T10:29:23.536+0000] {logging_mixin.py:154} INFO - [2023-11-25T10:29:23.535+0000] {dag.py:2941} INFO - Sync 1 DAGs
[2023-11-25T10:29:23.557+0000] {logging_mixin.py:154} INFO - [2023-11-25T10:29:23.556+0000] {dag.py:3722} INFO - Setting next_dagrun for example_bash_operator to 2023-11-24T00:00:00+00:00, run_after=2023-11-25T00:00:00+00:00
[2023-11-25T10:29:23.581+0000] {processor.py:179} INFO - Processing /home/airflow/.local/lib/python3.8/site-packages/airflow/example_dags/example_bash_operator.py took 0.087 seconds
[2023-11-25T10:29:53.712+0000] {processor.py:157} INFO - Started process (PID=735) to work on /home/airflow/.local/lib/python3.8/site-packages/airflow/example_dags/example_bash_operator.py
[2023-11-25T10:29:53.715+0000] {processor.py:829} INFO - Processing file /home/airflow/.local/lib/python3.8/site-packages/airflow/example_dags/example_bash_operator.py for tasks to queue
[2023-11-25T10:29:53.717+0000] {logging_mixin.py:154} INFO - [2023-11-25T10:29:53.716+0000] {dagbag.py:536} INFO - Filling up the DagBag from /home/airflow/.local/lib/python3.8/site-packages/airflow/example_dags/example_bash_operator.py
[2023-11-25T10:29:53.731+0000] {processor.py:839} INFO - DAG(s) dict_keys(['example_bash_operator']) retrieved from /home/airflow/.local/lib/python3.8/site-packages/airflow/example_dags/example_bash_operator.py
[2023-11-25T10:29:53.762+0000] {logging_mixin.py:154} INFO - [2023-11-25T10:29:53.761+0000] {dag.py:2941} INFO - Sync 1 DAGs
[2023-11-25T10:29:53.790+0000] {logging_mixin.py:154} INFO - [2023-11-25T10:29:53.790+0000] {dag.py:3722} INFO - Setting next_dagrun for example_bash_operator to 2023-11-24T00:00:00+00:00, run_after=2023-11-25T00:00:00+00:00
[2023-11-25T10:29:53.810+0000] {processor.py:179} INFO - Processing /home/airflow/.local/lib/python3.8/site-packages/airflow/example_dags/example_bash_operator.py took 0.101 seconds
[2023-11-25T10:30:24.652+0000] {processor.py:157} INFO - Started process (PID=789) to work on /home/airflow/.local/lib/python3.8/site-packages/airflow/example_dags/example_bash_operator.py
[2023-11-25T10:30:24.653+0000] {processor.py:829} INFO - Processing file /home/airflow/.local/lib/python3.8/site-packages/airflow/example_dags/example_bash_operator.py for tasks to queue
[2023-11-25T10:30:24.656+0000] {logging_mixin.py:154} INFO - [2023-11-25T10:30:24.655+0000] {dagbag.py:536} INFO - Filling up the DagBag from /home/airflow/.local/lib/python3.8/site-packages/airflow/example_dags/example_bash_operator.py
[2023-11-25T10:30:24.668+0000] {processor.py:839} INFO - DAG(s) dict_keys(['example_bash_operator']) retrieved from /home/airflow/.local/lib/python3.8/site-packages/airflow/example_dags/example_bash_operator.py
[2023-11-25T10:30:24.698+0000] {logging_mixin.py:154} INFO - [2023-11-25T10:30:24.698+0000] {dag.py:2941} INFO - Sync 1 DAGs
[2023-11-25T10:30:24.729+0000] {logging_mixin.py:154} INFO - [2023-11-25T10:30:24.729+0000] {dag.py:3722} INFO - Setting next_dagrun for example_bash_operator to 2023-11-24T00:00:00+00:00, run_after=2023-11-25T00:00:00+00:00
[2023-11-25T10:30:24.758+0000] {processor.py:179} INFO - Processing /home/airflow/.local/lib/python3.8/site-packages/airflow/example_dags/example_bash_operator.py took 0.109 seconds
[2023-11-25T10:30:55.298+0000] {processor.py:157} INFO - Started process (PID=843) to work on /home/airflow/.local/lib/python3.8/site-packages/airflow/example_dags/example_bash_operator.py
[2023-11-25T10:30:55.299+0000] {processor.py:829} INFO - Processing file /home/airflow/.local/lib/python3.8/site-packages/airflow/example_dags/example_bash_operator.py for tasks to queue
[2023-11-25T10:30:55.300+0000] {logging_mixin.py:154} INFO - [2023-11-25T10:30:55.300+0000] {dagbag.py:536} INFO - Filling up the DagBag from /home/airflow/.local/lib/python3.8/site-packages/airflow/example_dags/example_bash_operator.py
[2023-11-25T10:30:55.310+0000] {processor.py:839} INFO - DAG(s) dict_keys(['example_bash_operator']) retrieved from /home/airflow/.local/lib/python3.8/site-packages/airflow/example_dags/example_bash_operator.py
[2023-11-25T10:30:55.337+0000] {logging_mixin.py:154} INFO - [2023-11-25T10:30:55.337+0000] {dag.py:2941} INFO - Sync 1 DAGs
[2023-11-25T10:30:55.359+0000] {logging_mixin.py:154} INFO - [2023-11-25T10:30:55.359+0000] {dag.py:3722} INFO - Setting next_dagrun for example_bash_operator to 2023-11-24T00:00:00+00:00, run_after=2023-11-25T00:00:00+00:00
[2023-11-25T10:30:55.375+0000] {processor.py:179} INFO - Processing /home/airflow/.local/lib/python3.8/site-packages/airflow/example_dags/example_bash_operator.py took 0.079 seconds
[2023-11-25T10:31:25.699+0000] {processor.py:157} INFO - Started process (PID=897) to work on /home/airflow/.local/lib/python3.8/site-packages/airflow/example_dags/example_bash_operator.py
[2023-11-25T10:31:25.702+0000] {processor.py:829} INFO - Processing file /home/airflow/.local/lib/python3.8/site-packages/airflow/example_dags/example_bash_operator.py for tasks to queue
[2023-11-25T10:31:25.705+0000] {logging_mixin.py:154} INFO - [2023-11-25T10:31:25.704+0000] {dagbag.py:536} INFO - Filling up the DagBag from /home/airflow/.local/lib/python3.8/site-packages/airflow/example_dags/example_bash_operator.py
[2023-11-25T10:31:25.723+0000] {processor.py:839} INFO - DAG(s) dict_keys(['example_bash_operator']) retrieved from /home/airflow/.local/lib/python3.8/site-packages/airflow/example_dags/example_bash_operator.py
[2023-11-25T10:31:25.767+0000] {logging_mixin.py:154} INFO - [2023-11-25T10:31:25.766+0000] {dag.py:2941} INFO - Sync 1 DAGs
[2023-11-25T10:31:25.797+0000] {logging_mixin.py:154} INFO - [2023-11-25T10:31:25.797+0000] {dag.py:3722} INFO - Setting next_dagrun for example_bash_operator to 2023-11-24T00:00:00+00:00, run_after=2023-11-25T00:00:00+00:00
[2023-11-25T10:31:25.979+0000] {processor.py:179} INFO - Processing /home/airflow/.local/lib/python3.8/site-packages/airflow/example_dags/example_bash_operator.py took 0.283 seconds
[2023-11-25T10:31:56.705+0000] {processor.py:157} INFO - Started process (PID=950) to work on /home/airflow/.local/lib/python3.8/site-packages/airflow/example_dags/example_bash_operator.py
[2023-11-25T10:31:56.706+0000] {processor.py:829} INFO - Processing file /home/airflow/.local/lib/python3.8/site-packages/airflow/example_dags/example_bash_operator.py for tasks to queue
[2023-11-25T10:31:56.708+0000] {logging_mixin.py:154} INFO - [2023-11-25T10:31:56.708+0000] {dagbag.py:536} INFO - Filling up the DagBag from /home/airflow/.local/lib/python3.8/site-packages/airflow/example_dags/example_bash_operator.py
[2023-11-25T10:31:56.720+0000] {processor.py:839} INFO - DAG(s) dict_keys(['example_bash_operator']) retrieved from /home/airflow/.local/lib/python3.8/site-packages/airflow/example_dags/example_bash_operator.py
[2023-11-25T10:31:56.793+0000] {logging_mixin.py:154} INFO - [2023-11-25T10:31:56.793+0000] {dag.py:2941} INFO - Sync 1 DAGs
[2023-11-25T10:31:56.830+0000] {logging_mixin.py:154} INFO - [2023-11-25T10:31:56.830+0000] {dag.py:3722} INFO - Setting next_dagrun for example_bash_operator to 2023-11-24T00:00:00+00:00, run_after=2023-11-25T00:00:00+00:00
[2023-11-25T10:31:56.862+0000] {processor.py:179} INFO - Processing /home/airflow/.local/lib/python3.8/site-packages/airflow/example_dags/example_bash_operator.py took 0.161 seconds
[2023-11-25T10:32:26.924+0000] {processor.py:157} INFO - Started process (PID=1004) to work on /home/airflow/.local/lib/python3.8/site-packages/airflow/example_dags/example_bash_operator.py
[2023-11-25T10:32:26.925+0000] {processor.py:829} INFO - Processing file /home/airflow/.local/lib/python3.8/site-packages/airflow/example_dags/example_bash_operator.py for tasks to queue
[2023-11-25T10:32:26.927+0000] {logging_mixin.py:154} INFO - [2023-11-25T10:32:26.927+0000] {dagbag.py:536} INFO - Filling up the DagBag from /home/airflow/.local/lib/python3.8/site-packages/airflow/example_dags/example_bash_operator.py
[2023-11-25T10:32:26.941+0000] {processor.py:839} INFO - DAG(s) dict_keys(['example_bash_operator']) retrieved from /home/airflow/.local/lib/python3.8/site-packages/airflow/example_dags/example_bash_operator.py
[2023-11-25T10:32:26.976+0000] {logging_mixin.py:154} INFO - [2023-11-25T10:32:26.976+0000] {dag.py:2941} INFO - Sync 1 DAGs
[2023-11-25T10:32:27.007+0000] {logging_mixin.py:154} INFO - [2023-11-25T10:32:27.007+0000] {dag.py:3722} INFO - Setting next_dagrun for example_bash_operator to 2023-11-24T00:00:00+00:00, run_after=2023-11-25T00:00:00+00:00
[2023-11-25T10:32:27.033+0000] {processor.py:179} INFO - Processing /home/airflow/.local/lib/python3.8/site-packages/airflow/example_dags/example_bash_operator.py took 0.113 seconds
[2023-11-25T10:32:57.405+0000] {processor.py:157} INFO - Started process (PID=1058) to work on /home/airflow/.local/lib/python3.8/site-packages/airflow/example_dags/example_bash_operator.py
[2023-11-25T10:32:57.406+0000] {processor.py:829} INFO - Processing file /home/airflow/.local/lib/python3.8/site-packages/airflow/example_dags/example_bash_operator.py for tasks to queue
[2023-11-25T10:32:57.409+0000] {logging_mixin.py:154} INFO - [2023-11-25T10:32:57.408+0000] {dagbag.py:536} INFO - Filling up the DagBag from /home/airflow/.local/lib/python3.8/site-packages/airflow/example_dags/example_bash_operator.py
[2023-11-25T10:32:57.421+0000] {processor.py:839} INFO - DAG(s) dict_keys(['example_bash_operator']) retrieved from /home/airflow/.local/lib/python3.8/site-packages/airflow/example_dags/example_bash_operator.py
[2023-11-25T10:32:57.458+0000] {logging_mixin.py:154} INFO - [2023-11-25T10:32:57.458+0000] {dag.py:2941} INFO - Sync 1 DAGs
[2023-11-25T10:32:57.497+0000] {logging_mixin.py:154} INFO - [2023-11-25T10:32:57.497+0000] {dag.py:3722} INFO - Setting next_dagrun for example_bash_operator to 2023-11-24T00:00:00+00:00, run_after=2023-11-25T00:00:00+00:00
[2023-11-25T10:32:57.718+0000] {processor.py:179} INFO - Processing /home/airflow/.local/lib/python3.8/site-packages/airflow/example_dags/example_bash_operator.py took 0.317 seconds
[2023-11-25T10:33:27.932+0000] {processor.py:157} INFO - Started process (PID=1112) to work on /home/airflow/.local/lib/python3.8/site-packages/airflow/example_dags/example_bash_operator.py
[2023-11-25T10:33:27.932+0000] {processor.py:829} INFO - Processing file /home/airflow/.local/lib/python3.8/site-packages/airflow/example_dags/example_bash_operator.py for tasks to queue
[2023-11-25T10:33:27.934+0000] {logging_mixin.py:154} INFO - [2023-11-25T10:33:27.934+0000] {dagbag.py:536} INFO - Filling up the DagBag from /home/airflow/.local/lib/python3.8/site-packages/airflow/example_dags/example_bash_operator.py
[2023-11-25T10:33:27.950+0000] {processor.py:839} INFO - DAG(s) dict_keys(['example_bash_operator']) retrieved from /home/airflow/.local/lib/python3.8/site-packages/airflow/example_dags/example_bash_operator.py
[2023-11-25T10:33:27.997+0000] {logging_mixin.py:154} INFO - [2023-11-25T10:33:27.996+0000] {dag.py:2941} INFO - Sync 1 DAGs
[2023-11-25T10:33:28.034+0000] {logging_mixin.py:154} INFO - [2023-11-25T10:33:28.034+0000] {dag.py:3722} INFO - Setting next_dagrun for example_bash_operator to 2023-11-24T00:00:00+00:00, run_after=2023-11-25T00:00:00+00:00
[2023-11-25T10:33:28.062+0000] {processor.py:179} INFO - Processing /home/airflow/.local/lib/python3.8/site-packages/airflow/example_dags/example_bash_operator.py took 0.134 seconds
[2023-11-25T10:33:58.641+0000] {processor.py:157} INFO - Started process (PID=1172) to work on /home/airflow/.local/lib/python3.8/site-packages/airflow/example_dags/example_bash_operator.py
[2023-11-25T10:33:58.642+0000] {processor.py:829} INFO - Processing file /home/airflow/.local/lib/python3.8/site-packages/airflow/example_dags/example_bash_operator.py for tasks to queue
[2023-11-25T10:33:58.644+0000] {logging_mixin.py:154} INFO - [2023-11-25T10:33:58.643+0000] {dagbag.py:536} INFO - Filling up the DagBag from /home/airflow/.local/lib/python3.8/site-packages/airflow/example_dags/example_bash_operator.py
[2023-11-25T10:33:58.656+0000] {processor.py:839} INFO - DAG(s) dict_keys(['example_bash_operator']) retrieved from /home/airflow/.local/lib/python3.8/site-packages/airflow/example_dags/example_bash_operator.py
[2023-11-25T10:33:58.687+0000] {logging_mixin.py:154} INFO - [2023-11-25T10:33:58.687+0000] {dag.py:2941} INFO - Sync 1 DAGs
[2023-11-25T10:33:58.717+0000] {logging_mixin.py:154} INFO - [2023-11-25T10:33:58.717+0000] {dag.py:3722} INFO - Setting next_dagrun for example_bash_operator to 2023-11-24T00:00:00+00:00, run_after=2023-11-25T00:00:00+00:00
[2023-11-25T10:33:58.743+0000] {processor.py:179} INFO - Processing /home/airflow/.local/lib/python3.8/site-packages/airflow/example_dags/example_bash_operator.py took 0.106 seconds
[2023-11-25T10:34:28.996+0000] {processor.py:157} INFO - Started process (PID=1226) to work on /home/airflow/.local/lib/python3.8/site-packages/airflow/example_dags/example_bash_operator.py
[2023-11-25T10:34:28.996+0000] {processor.py:829} INFO - Processing file /home/airflow/.local/lib/python3.8/site-packages/airflow/example_dags/example_bash_operator.py for tasks to queue
[2023-11-25T10:34:28.999+0000] {logging_mixin.py:154} INFO - [2023-11-25T10:34:28.998+0000] {dagbag.py:536} INFO - Filling up the DagBag from /home/airflow/.local/lib/python3.8/site-packages/airflow/example_dags/example_bash_operator.py
[2023-11-25T10:34:29.012+0000] {processor.py:839} INFO - DAG(s) dict_keys(['example_bash_operator']) retrieved from /home/airflow/.local/lib/python3.8/site-packages/airflow/example_dags/example_bash_operator.py
[2023-11-25T10:34:29.043+0000] {logging_mixin.py:154} INFO - [2023-11-25T10:34:29.043+0000] {dag.py:2941} INFO - Sync 1 DAGs
[2023-11-25T10:34:29.086+0000] {logging_mixin.py:154} INFO - [2023-11-25T10:34:29.085+0000] {dag.py:3722} INFO - Setting next_dagrun for example_bash_operator to 2023-11-24T00:00:00+00:00, run_after=2023-11-25T00:00:00+00:00
[2023-11-25T10:34:29.269+0000] {processor.py:179} INFO - Processing /home/airflow/.local/lib/python3.8/site-packages/airflow/example_dags/example_bash_operator.py took 0.277 seconds
[2023-11-25T10:35:00.017+0000] {processor.py:157} INFO - Started process (PID=1280) to work on /home/airflow/.local/lib/python3.8/site-packages/airflow/example_dags/example_bash_operator.py
[2023-11-25T10:35:00.018+0000] {processor.py:829} INFO - Processing file /home/airflow/.local/lib/python3.8/site-packages/airflow/example_dags/example_bash_operator.py for tasks to queue
[2023-11-25T10:35:00.021+0000] {logging_mixin.py:154} INFO - [2023-11-25T10:35:00.020+0000] {dagbag.py:536} INFO - Filling up the DagBag from /home/airflow/.local/lib/python3.8/site-packages/airflow/example_dags/example_bash_operator.py
[2023-11-25T10:35:00.037+0000] {processor.py:839} INFO - DAG(s) dict_keys(['example_bash_operator']) retrieved from /home/airflow/.local/lib/python3.8/site-packages/airflow/example_dags/example_bash_operator.py
[2023-11-25T10:35:00.063+0000] {logging_mixin.py:154} INFO - [2023-11-25T10:35:00.063+0000] {dag.py:2941} INFO - Sync 1 DAGs
[2023-11-25T10:35:00.091+0000] {logging_mixin.py:154} INFO - [2023-11-25T10:35:00.091+0000] {dag.py:3722} INFO - Setting next_dagrun for example_bash_operator to 2023-11-24T00:00:00+00:00, run_after=2023-11-25T00:00:00+00:00
[2023-11-25T10:35:00.121+0000] {processor.py:179} INFO - Processing /home/airflow/.local/lib/python3.8/site-packages/airflow/example_dags/example_bash_operator.py took 0.108 seconds
[2023-11-25T10:35:30.645+0000] {processor.py:157} INFO - Started process (PID=1334) to work on /home/airflow/.local/lib/python3.8/site-packages/airflow/example_dags/example_bash_operator.py
[2023-11-25T10:35:30.647+0000] {processor.py:829} INFO - Processing file /home/airflow/.local/lib/python3.8/site-packages/airflow/example_dags/example_bash_operator.py for tasks to queue
[2023-11-25T10:35:30.653+0000] {logging_mixin.py:154} INFO - [2023-11-25T10:35:30.653+0000] {dagbag.py:536} INFO - Filling up the DagBag from /home/airflow/.local/lib/python3.8/site-packages/airflow/example_dags/example_bash_operator.py
[2023-11-25T10:35:30.687+0000] {processor.py:839} INFO - DAG(s) dict_keys(['example_bash_operator']) retrieved from /home/airflow/.local/lib/python3.8/site-packages/airflow/example_dags/example_bash_operator.py
[2023-11-25T10:35:30.738+0000] {logging_mixin.py:154} INFO - [2023-11-25T10:35:30.738+0000] {dag.py:2941} INFO - Sync 1 DAGs
[2023-11-25T10:35:31.013+0000] {logging_mixin.py:154} INFO - [2023-11-25T10:35:31.013+0000] {dag.py:3722} INFO - Setting next_dagrun for example_bash_operator to 2023-11-24T00:00:00+00:00, run_after=2023-11-25T00:00:00+00:00
[2023-11-25T10:35:31.042+0000] {processor.py:179} INFO - Processing /home/airflow/.local/lib/python3.8/site-packages/airflow/example_dags/example_bash_operator.py took 0.404 seconds
[2023-11-25T10:36:01.973+0000] {processor.py:157} INFO - Started process (PID=1388) to work on /home/airflow/.local/lib/python3.8/site-packages/airflow/example_dags/example_bash_operator.py
[2023-11-25T10:36:01.974+0000] {processor.py:829} INFO - Processing file /home/airflow/.local/lib/python3.8/site-packages/airflow/example_dags/example_bash_operator.py for tasks to queue
[2023-11-25T10:36:01.977+0000] {logging_mixin.py:154} INFO - [2023-11-25T10:36:01.976+0000] {dagbag.py:536} INFO - Filling up the DagBag from /home/airflow/.local/lib/python3.8/site-packages/airflow/example_dags/example_bash_operator.py
[2023-11-25T10:36:01.990+0000] {processor.py:839} INFO - DAG(s) dict_keys(['example_bash_operator']) retrieved from /home/airflow/.local/lib/python3.8/site-packages/airflow/example_dags/example_bash_operator.py
[2023-11-25T10:36:02.018+0000] {logging_mixin.py:154} INFO - [2023-11-25T10:36:02.018+0000] {dag.py:2941} INFO - Sync 1 DAGs
[2023-11-25T10:36:02.044+0000] {logging_mixin.py:154} INFO - [2023-11-25T10:36:02.044+0000] {dag.py:3722} INFO - Setting next_dagrun for example_bash_operator to 2023-11-24T00:00:00+00:00, run_after=2023-11-25T00:00:00+00:00
[2023-11-25T10:36:02.067+0000] {processor.py:179} INFO - Processing /home/airflow/.local/lib/python3.8/site-packages/airflow/example_dags/example_bash_operator.py took 0.098 seconds
[2023-11-25T10:36:32.374+0000] {processor.py:157} INFO - Started process (PID=1442) to work on /home/airflow/.local/lib/python3.8/site-packages/airflow/example_dags/example_bash_operator.py
[2023-11-25T10:36:32.375+0000] {processor.py:829} INFO - Processing file /home/airflow/.local/lib/python3.8/site-packages/airflow/example_dags/example_bash_operator.py for tasks to queue
[2023-11-25T10:36:32.378+0000] {logging_mixin.py:154} INFO - [2023-11-25T10:36:32.377+0000] {dagbag.py:536} INFO - Filling up the DagBag from /home/airflow/.local/lib/python3.8/site-packages/airflow/example_dags/example_bash_operator.py
[2023-11-25T10:36:32.394+0000] {processor.py:839} INFO - DAG(s) dict_keys(['example_bash_operator']) retrieved from /home/airflow/.local/lib/python3.8/site-packages/airflow/example_dags/example_bash_operator.py
[2023-11-25T10:36:32.432+0000] {logging_mixin.py:154} INFO - [2023-11-25T10:36:32.432+0000] {dag.py:2941} INFO - Sync 1 DAGs
[2023-11-25T10:36:32.456+0000] {logging_mixin.py:154} INFO - [2023-11-25T10:36:32.455+0000] {dag.py:3722} INFO - Setting next_dagrun for example_bash_operator to 2023-11-24T00:00:00+00:00, run_after=2023-11-25T00:00:00+00:00
[2023-11-25T10:36:32.474+0000] {processor.py:179} INFO - Processing /home/airflow/.local/lib/python3.8/site-packages/airflow/example_dags/example_bash_operator.py took 0.103 seconds
[2023-11-25T10:37:02.989+0000] {processor.py:157} INFO - Started process (PID=1495) to work on /home/airflow/.local/lib/python3.8/site-packages/airflow/example_dags/example_bash_operator.py
[2023-11-25T10:37:02.990+0000] {processor.py:829} INFO - Processing file /home/airflow/.local/lib/python3.8/site-packages/airflow/example_dags/example_bash_operator.py for tasks to queue
[2023-11-25T10:37:02.993+0000] {logging_mixin.py:154} INFO - [2023-11-25T10:37:02.992+0000] {dagbag.py:536} INFO - Filling up the DagBag from /home/airflow/.local/lib/python3.8/site-packages/airflow/example_dags/example_bash_operator.py
[2023-11-25T10:37:03.008+0000] {processor.py:839} INFO - DAG(s) dict_keys(['example_bash_operator']) retrieved from /home/airflow/.local/lib/python3.8/site-packages/airflow/example_dags/example_bash_operator.py
[2023-11-25T10:37:03.051+0000] {logging_mixin.py:154} INFO - [2023-11-25T10:37:03.051+0000] {dag.py:2941} INFO - Sync 1 DAGs
[2023-11-25T10:37:03.240+0000] {logging_mixin.py:154} INFO - [2023-11-25T10:37:03.240+0000] {dag.py:3722} INFO - Setting next_dagrun for example_bash_operator to 2023-11-24T00:00:00+00:00, run_after=2023-11-25T00:00:00+00:00
[2023-11-25T10:37:03.260+0000] {processor.py:179} INFO - Processing /home/airflow/.local/lib/python3.8/site-packages/airflow/example_dags/example_bash_operator.py took 0.275 seconds
[2023-11-25T10:37:34.316+0000] {processor.py:157} INFO - Started process (PID=1549) to work on /home/airflow/.local/lib/python3.8/site-packages/airflow/example_dags/example_bash_operator.py
[2023-11-25T10:37:34.317+0000] {processor.py:829} INFO - Processing file /home/airflow/.local/lib/python3.8/site-packages/airflow/example_dags/example_bash_operator.py for tasks to queue
[2023-11-25T10:37:34.319+0000] {logging_mixin.py:154} INFO - [2023-11-25T10:37:34.319+0000] {dagbag.py:536} INFO - Filling up the DagBag from /home/airflow/.local/lib/python3.8/site-packages/airflow/example_dags/example_bash_operator.py
[2023-11-25T10:37:34.335+0000] {processor.py:839} INFO - DAG(s) dict_keys(['example_bash_operator']) retrieved from /home/airflow/.local/lib/python3.8/site-packages/airflow/example_dags/example_bash_operator.py
[2023-11-25T10:37:34.374+0000] {logging_mixin.py:154} INFO - [2023-11-25T10:37:34.374+0000] {dag.py:2941} INFO - Sync 1 DAGs
[2023-11-25T10:37:34.404+0000] {logging_mixin.py:154} INFO - [2023-11-25T10:37:34.404+0000] {dag.py:3722} INFO - Setting next_dagrun for example_bash_operator to 2023-11-24T00:00:00+00:00, run_after=2023-11-25T00:00:00+00:00
[2023-11-25T10:37:34.423+0000] {processor.py:179} INFO - Processing /home/airflow/.local/lib/python3.8/site-packages/airflow/example_dags/example_bash_operator.py took 0.112 seconds
[2023-11-25T10:38:04.900+0000] {processor.py:157} INFO - Started process (PID=1603) to work on /home/airflow/.local/lib/python3.8/site-packages/airflow/example_dags/example_bash_operator.py
[2023-11-25T10:38:04.901+0000] {processor.py:829} INFO - Processing file /home/airflow/.local/lib/python3.8/site-packages/airflow/example_dags/example_bash_operator.py for tasks to queue
[2023-11-25T10:38:04.904+0000] {logging_mixin.py:154} INFO - [2023-11-25T10:38:04.904+0000] {dagbag.py:536} INFO - Filling up the DagBag from /home/airflow/.local/lib/python3.8/site-packages/airflow/example_dags/example_bash_operator.py
[2023-11-25T10:38:04.918+0000] {processor.py:839} INFO - DAG(s) dict_keys(['example_bash_operator']) retrieved from /home/airflow/.local/lib/python3.8/site-packages/airflow/example_dags/example_bash_operator.py
[2023-11-25T10:38:04.946+0000] {logging_mixin.py:154} INFO - [2023-11-25T10:38:04.946+0000] {dag.py:2941} INFO - Sync 1 DAGs
[2023-11-25T10:38:04.967+0000] {logging_mixin.py:154} INFO - [2023-11-25T10:38:04.966+0000] {dag.py:3722} INFO - Setting next_dagrun for example_bash_operator to 2023-11-24T00:00:00+00:00, run_after=2023-11-25T00:00:00+00:00
[2023-11-25T10:38:04.993+0000] {processor.py:179} INFO - Processing /home/airflow/.local/lib/python3.8/site-packages/airflow/example_dags/example_bash_operator.py took 0.097 seconds
[2023-11-25T10:38:35.095+0000] {processor.py:157} INFO - Started process (PID=1657) to work on /home/airflow/.local/lib/python3.8/site-packages/airflow/example_dags/example_bash_operator.py
[2023-11-25T10:38:35.095+0000] {processor.py:829} INFO - Processing file /home/airflow/.local/lib/python3.8/site-packages/airflow/example_dags/example_bash_operator.py for tasks to queue
[2023-11-25T10:38:35.098+0000] {logging_mixin.py:154} INFO - [2023-11-25T10:38:35.098+0000] {dagbag.py:536} INFO - Filling up the DagBag from /home/airflow/.local/lib/python3.8/site-packages/airflow/example_dags/example_bash_operator.py
[2023-11-25T10:38:35.112+0000] {processor.py:839} INFO - DAG(s) dict_keys(['example_bash_operator']) retrieved from /home/airflow/.local/lib/python3.8/site-packages/airflow/example_dags/example_bash_operator.py
[2023-11-25T10:38:35.138+0000] {logging_mixin.py:154} INFO - [2023-11-25T10:38:35.138+0000] {dag.py:2941} INFO - Sync 1 DAGs
[2023-11-25T10:38:35.160+0000] {logging_mixin.py:154} INFO - [2023-11-25T10:38:35.160+0000] {dag.py:3722} INFO - Setting next_dagrun for example_bash_operator to 2023-11-24T00:00:00+00:00, run_after=2023-11-25T00:00:00+00:00
[2023-11-25T10:38:35.180+0000] {processor.py:179} INFO - Processing /home/airflow/.local/lib/python3.8/site-packages/airflow/example_dags/example_bash_operator.py took 0.089 seconds
[2023-11-25T10:39:05.334+0000] {processor.py:157} INFO - Started process (PID=1711) to work on /home/airflow/.local/lib/python3.8/site-packages/airflow/example_dags/example_bash_operator.py
[2023-11-25T10:39:05.335+0000] {processor.py:829} INFO - Processing file /home/airflow/.local/lib/python3.8/site-packages/airflow/example_dags/example_bash_operator.py for tasks to queue
[2023-11-25T10:39:05.338+0000] {logging_mixin.py:154} INFO - [2023-11-25T10:39:05.337+0000] {dagbag.py:536} INFO - Filling up the DagBag from /home/airflow/.local/lib/python3.8/site-packages/airflow/example_dags/example_bash_operator.py
[2023-11-25T10:39:05.355+0000] {processor.py:839} INFO - DAG(s) dict_keys(['example_bash_operator']) retrieved from /home/airflow/.local/lib/python3.8/site-packages/airflow/example_dags/example_bash_operator.py
[2023-11-25T10:39:05.399+0000] {logging_mixin.py:154} INFO - [2023-11-25T10:39:05.399+0000] {dag.py:2941} INFO - Sync 1 DAGs
[2023-11-25T10:39:05.428+0000] {logging_mixin.py:154} INFO - [2023-11-25T10:39:05.428+0000] {dag.py:3722} INFO - Setting next_dagrun for example_bash_operator to 2023-11-24T00:00:00+00:00, run_after=2023-11-25T00:00:00+00:00
[2023-11-25T10:39:05.454+0000] {processor.py:179} INFO - Processing /home/airflow/.local/lib/python3.8/site-packages/airflow/example_dags/example_bash_operator.py took 0.124 seconds
[2023-11-25T10:39:35.721+0000] {processor.py:157} INFO - Started process (PID=1765) to work on /home/airflow/.local/lib/python3.8/site-packages/airflow/example_dags/example_bash_operator.py
[2023-11-25T10:39:35.722+0000] {processor.py:829} INFO - Processing file /home/airflow/.local/lib/python3.8/site-packages/airflow/example_dags/example_bash_operator.py for tasks to queue
[2023-11-25T10:39:35.723+0000] {logging_mixin.py:154} INFO - [2023-11-25T10:39:35.723+0000] {dagbag.py:536} INFO - Filling up the DagBag from /home/airflow/.local/lib/python3.8/site-packages/airflow/example_dags/example_bash_operator.py
[2023-11-25T10:39:35.737+0000] {processor.py:839} INFO - DAG(s) dict_keys(['example_bash_operator']) retrieved from /home/airflow/.local/lib/python3.8/site-packages/airflow/example_dags/example_bash_operator.py
[2023-11-25T10:39:35.766+0000] {logging_mixin.py:154} INFO - [2023-11-25T10:39:35.765+0000] {dag.py:2941} INFO - Sync 1 DAGs
[2023-11-25T10:39:35.790+0000] {logging_mixin.py:154} INFO - [2023-11-25T10:39:35.790+0000] {dag.py:3722} INFO - Setting next_dagrun for example_bash_operator to 2023-11-24T00:00:00+00:00, run_after=2023-11-25T00:00:00+00:00
[2023-11-25T10:39:35.810+0000] {processor.py:179} INFO - Processing /home/airflow/.local/lib/python3.8/site-packages/airflow/example_dags/example_bash_operator.py took 0.094 seconds
[2023-11-25T10:40:06.169+0000] {processor.py:157} INFO - Started process (PID=1819) to work on /home/airflow/.local/lib/python3.8/site-packages/airflow/example_dags/example_bash_operator.py
[2023-11-25T10:40:06.170+0000] {processor.py:829} INFO - Processing file /home/airflow/.local/lib/python3.8/site-packages/airflow/example_dags/example_bash_operator.py for tasks to queue
[2023-11-25T10:40:06.173+0000] {logging_mixin.py:154} INFO - [2023-11-25T10:40:06.173+0000] {dagbag.py:536} INFO - Filling up the DagBag from /home/airflow/.local/lib/python3.8/site-packages/airflow/example_dags/example_bash_operator.py
[2023-11-25T10:40:06.190+0000] {processor.py:839} INFO - DAG(s) dict_keys(['example_bash_operator']) retrieved from /home/airflow/.local/lib/python3.8/site-packages/airflow/example_dags/example_bash_operator.py
[2023-11-25T10:40:06.229+0000] {logging_mixin.py:154} INFO - [2023-11-25T10:40:06.228+0000] {dag.py:2941} INFO - Sync 1 DAGs
[2023-11-25T10:40:06.256+0000] {logging_mixin.py:154} INFO - [2023-11-25T10:40:06.256+0000] {dag.py:3722} INFO - Setting next_dagrun for example_bash_operator to 2023-11-24T00:00:00+00:00, run_after=2023-11-25T00:00:00+00:00
[2023-11-25T10:40:06.279+0000] {processor.py:179} INFO - Processing /home/airflow/.local/lib/python3.8/site-packages/airflow/example_dags/example_bash_operator.py took 0.116 seconds
[2023-11-25T11:05:04.059+0000] {processor.py:157} INFO - Started process (PID=34) to work on /home/airflow/.local/lib/python3.8/site-packages/airflow/example_dags/example_bash_operator.py
[2023-11-25T11:05:04.061+0000] {processor.py:829} INFO - Processing file /home/airflow/.local/lib/python3.8/site-packages/airflow/example_dags/example_bash_operator.py for tasks to queue
[2023-11-25T11:05:04.063+0000] {logging_mixin.py:154} INFO - [2023-11-25T11:05:04.063+0000] {dagbag.py:536} INFO - Filling up the DagBag from /home/airflow/.local/lib/python3.8/site-packages/airflow/example_dags/example_bash_operator.py
[2023-11-25T11:05:04.080+0000] {processor.py:839} INFO - DAG(s) dict_keys(['example_bash_operator']) retrieved from /home/airflow/.local/lib/python3.8/site-packages/airflow/example_dags/example_bash_operator.py
[2023-11-25T11:05:04.095+0000] {logging_mixin.py:154} INFO - [2023-11-25T11:05:04.095+0000] {dag.py:2941} INFO - Sync 1 DAGs
[2023-11-25T11:05:04.430+0000] {logging_mixin.py:154} INFO - [2023-11-25T11:05:04.429+0000] {dag.py:3722} INFO - Setting next_dagrun for example_bash_operator to 2023-11-24T00:00:00+00:00, run_after=2023-11-25T00:00:00+00:00
[2023-11-25T11:05:04.493+0000] {processor.py:179} INFO - Processing /home/airflow/.local/lib/python3.8/site-packages/airflow/example_dags/example_bash_operator.py took 0.438 seconds
[2023-11-25T11:05:35.341+0000] {processor.py:157} INFO - Started process (PID=88) to work on /home/airflow/.local/lib/python3.8/site-packages/airflow/example_dags/example_bash_operator.py
[2023-11-25T11:05:35.343+0000] {processor.py:829} INFO - Processing file /home/airflow/.local/lib/python3.8/site-packages/airflow/example_dags/example_bash_operator.py for tasks to queue
[2023-11-25T11:05:35.346+0000] {logging_mixin.py:154} INFO - [2023-11-25T11:05:35.345+0000] {dagbag.py:536} INFO - Filling up the DagBag from /home/airflow/.local/lib/python3.8/site-packages/airflow/example_dags/example_bash_operator.py
[2023-11-25T11:05:35.361+0000] {processor.py:839} INFO - DAG(s) dict_keys(['example_bash_operator']) retrieved from /home/airflow/.local/lib/python3.8/site-packages/airflow/example_dags/example_bash_operator.py
[2023-11-25T11:05:35.401+0000] {logging_mixin.py:154} INFO - [2023-11-25T11:05:35.401+0000] {dag.py:2941} INFO - Sync 1 DAGs
[2023-11-25T11:05:35.433+0000] {logging_mixin.py:154} INFO - [2023-11-25T11:05:35.432+0000] {dag.py:3722} INFO - Setting next_dagrun for example_bash_operator to 2023-11-24T00:00:00+00:00, run_after=2023-11-25T00:00:00+00:00
[2023-11-25T11:05:35.457+0000] {processor.py:179} INFO - Processing /home/airflow/.local/lib/python3.8/site-packages/airflow/example_dags/example_bash_operator.py took 0.121 seconds
[2023-11-25T11:06:05.634+0000] {processor.py:157} INFO - Started process (PID=142) to work on /home/airflow/.local/lib/python3.8/site-packages/airflow/example_dags/example_bash_operator.py
[2023-11-25T11:06:05.634+0000] {processor.py:829} INFO - Processing file /home/airflow/.local/lib/python3.8/site-packages/airflow/example_dags/example_bash_operator.py for tasks to queue
[2023-11-25T11:06:05.636+0000] {logging_mixin.py:154} INFO - [2023-11-25T11:06:05.636+0000] {dagbag.py:536} INFO - Filling up the DagBag from /home/airflow/.local/lib/python3.8/site-packages/airflow/example_dags/example_bash_operator.py
[2023-11-25T11:06:05.652+0000] {processor.py:839} INFO - DAG(s) dict_keys(['example_bash_operator']) retrieved from /home/airflow/.local/lib/python3.8/site-packages/airflow/example_dags/example_bash_operator.py
[2023-11-25T11:06:05.679+0000] {logging_mixin.py:154} INFO - [2023-11-25T11:06:05.678+0000] {dag.py:2941} INFO - Sync 1 DAGs
[2023-11-25T11:06:05.708+0000] {logging_mixin.py:154} INFO - [2023-11-25T11:06:05.707+0000] {dag.py:3722} INFO - Setting next_dagrun for example_bash_operator to 2023-11-24T00:00:00+00:00, run_after=2023-11-25T00:00:00+00:00
[2023-11-25T11:06:05.728+0000] {processor.py:179} INFO - Processing /home/airflow/.local/lib/python3.8/site-packages/airflow/example_dags/example_bash_operator.py took 0.097 seconds
[2023-11-25T11:07:39.885+0000] {processor.py:157} INFO - Started process (PID=34) to work on /home/airflow/.local/lib/python3.8/site-packages/airflow/example_dags/example_bash_operator.py
[2023-11-25T11:07:39.888+0000] {processor.py:829} INFO - Processing file /home/airflow/.local/lib/python3.8/site-packages/airflow/example_dags/example_bash_operator.py for tasks to queue
[2023-11-25T11:07:39.891+0000] {logging_mixin.py:154} INFO - [2023-11-25T11:07:39.890+0000] {dagbag.py:536} INFO - Filling up the DagBag from /home/airflow/.local/lib/python3.8/site-packages/airflow/example_dags/example_bash_operator.py
[2023-11-25T11:07:39.926+0000] {processor.py:839} INFO - DAG(s) dict_keys(['example_bash_operator']) retrieved from /home/airflow/.local/lib/python3.8/site-packages/airflow/example_dags/example_bash_operator.py
[2023-11-25T11:07:39.997+0000] {logging_mixin.py:154} INFO - [2023-11-25T11:07:39.997+0000] {dag.py:2941} INFO - Sync 1 DAGs
[2023-11-25T11:07:40.047+0000] {logging_mixin.py:154} INFO - [2023-11-25T11:07:40.046+0000] {dag.py:3722} INFO - Setting next_dagrun for example_bash_operator to 2023-11-24T00:00:00+00:00, run_after=2023-11-25T00:00:00+00:00
[2023-11-25T11:07:40.114+0000] {processor.py:179} INFO - Processing /home/airflow/.local/lib/python3.8/site-packages/airflow/example_dags/example_bash_operator.py took 0.234 seconds
[2023-11-25T11:08:11.056+0000] {processor.py:157} INFO - Started process (PID=88) to work on /home/airflow/.local/lib/python3.8/site-packages/airflow/example_dags/example_bash_operator.py
[2023-11-25T11:08:11.060+0000] {processor.py:829} INFO - Processing file /home/airflow/.local/lib/python3.8/site-packages/airflow/example_dags/example_bash_operator.py for tasks to queue
[2023-11-25T11:08:11.063+0000] {logging_mixin.py:154} INFO - [2023-11-25T11:08:11.062+0000] {dagbag.py:536} INFO - Filling up the DagBag from /home/airflow/.local/lib/python3.8/site-packages/airflow/example_dags/example_bash_operator.py
[2023-11-25T11:08:11.090+0000] {processor.py:839} INFO - DAG(s) dict_keys(['example_bash_operator']) retrieved from /home/airflow/.local/lib/python3.8/site-packages/airflow/example_dags/example_bash_operator.py
[2023-11-25T11:08:11.127+0000] {logging_mixin.py:154} INFO - [2023-11-25T11:08:11.127+0000] {dag.py:2941} INFO - Sync 1 DAGs
[2023-11-25T11:08:11.161+0000] {logging_mixin.py:154} INFO - [2023-11-25T11:08:11.160+0000] {dag.py:3722} INFO - Setting next_dagrun for example_bash_operator to 2023-11-24T00:00:00+00:00, run_after=2023-11-25T00:00:00+00:00
[2023-11-25T11:08:11.189+0000] {processor.py:179} INFO - Processing /home/airflow/.local/lib/python3.8/site-packages/airflow/example_dags/example_bash_operator.py took 0.140 seconds
[2023-11-25T11:08:41.571+0000] {processor.py:157} INFO - Started process (PID=142) to work on /home/airflow/.local/lib/python3.8/site-packages/airflow/example_dags/example_bash_operator.py
[2023-11-25T11:08:41.572+0000] {processor.py:829} INFO - Processing file /home/airflow/.local/lib/python3.8/site-packages/airflow/example_dags/example_bash_operator.py for tasks to queue
[2023-11-25T11:08:41.575+0000] {logging_mixin.py:154} INFO - [2023-11-25T11:08:41.575+0000] {dagbag.py:536} INFO - Filling up the DagBag from /home/airflow/.local/lib/python3.8/site-packages/airflow/example_dags/example_bash_operator.py
[2023-11-25T11:08:41.600+0000] {processor.py:839} INFO - DAG(s) dict_keys(['example_bash_operator']) retrieved from /home/airflow/.local/lib/python3.8/site-packages/airflow/example_dags/example_bash_operator.py
[2023-11-25T11:08:41.676+0000] {logging_mixin.py:154} INFO - [2023-11-25T11:08:41.675+0000] {dag.py:2941} INFO - Sync 1 DAGs
[2023-11-25T11:08:41.719+0000] {logging_mixin.py:154} INFO - [2023-11-25T11:08:41.719+0000] {dag.py:3722} INFO - Setting next_dagrun for example_bash_operator to 2023-11-24T00:00:00+00:00, run_after=2023-11-25T00:00:00+00:00
[2023-11-25T11:08:41.743+0000] {processor.py:179} INFO - Processing /home/airflow/.local/lib/python3.8/site-packages/airflow/example_dags/example_bash_operator.py took 0.175 seconds
[2023-11-25T11:09:12.613+0000] {processor.py:157} INFO - Started process (PID=195) to work on /home/airflow/.local/lib/python3.8/site-packages/airflow/example_dags/example_bash_operator.py
[2023-11-25T11:09:12.615+0000] {processor.py:829} INFO - Processing file /home/airflow/.local/lib/python3.8/site-packages/airflow/example_dags/example_bash_operator.py for tasks to queue
[2023-11-25T11:09:12.620+0000] {logging_mixin.py:154} INFO - [2023-11-25T11:09:12.619+0000] {dagbag.py:536} INFO - Filling up the DagBag from /home/airflow/.local/lib/python3.8/site-packages/airflow/example_dags/example_bash_operator.py
[2023-11-25T11:09:12.654+0000] {processor.py:839} INFO - DAG(s) dict_keys(['example_bash_operator']) retrieved from /home/airflow/.local/lib/python3.8/site-packages/airflow/example_dags/example_bash_operator.py
[2023-11-25T11:09:12.707+0000] {logging_mixin.py:154} INFO - [2023-11-25T11:09:12.707+0000] {dag.py:2941} INFO - Sync 1 DAGs
[2023-11-25T11:09:12.736+0000] {logging_mixin.py:154} INFO - [2023-11-25T11:09:12.735+0000] {dag.py:3722} INFO - Setting next_dagrun for example_bash_operator to 2023-11-24T00:00:00+00:00, run_after=2023-11-25T00:00:00+00:00
[2023-11-25T11:09:12.755+0000] {processor.py:179} INFO - Processing /home/airflow/.local/lib/python3.8/site-packages/airflow/example_dags/example_bash_operator.py took 0.148 seconds
[2023-11-25T11:09:43.099+0000] {processor.py:157} INFO - Started process (PID=249) to work on /home/airflow/.local/lib/python3.8/site-packages/airflow/example_dags/example_bash_operator.py
[2023-11-25T11:09:43.119+0000] {processor.py:829} INFO - Processing file /home/airflow/.local/lib/python3.8/site-packages/airflow/example_dags/example_bash_operator.py for tasks to queue
[2023-11-25T11:09:43.122+0000] {logging_mixin.py:154} INFO - [2023-11-25T11:09:43.122+0000] {dagbag.py:536} INFO - Filling up the DagBag from /home/airflow/.local/lib/python3.8/site-packages/airflow/example_dags/example_bash_operator.py
[2023-11-25T11:09:43.149+0000] {processor.py:839} INFO - DAG(s) dict_keys(['example_bash_operator']) retrieved from /home/airflow/.local/lib/python3.8/site-packages/airflow/example_dags/example_bash_operator.py
[2023-11-25T11:09:43.205+0000] {logging_mixin.py:154} INFO - [2023-11-25T11:09:43.205+0000] {dag.py:2941} INFO - Sync 1 DAGs
[2023-11-25T11:09:43.239+0000] {logging_mixin.py:154} INFO - [2023-11-25T11:09:43.239+0000] {dag.py:3722} INFO - Setting next_dagrun for example_bash_operator to 2023-11-24T00:00:00+00:00, run_after=2023-11-25T00:00:00+00:00
[2023-11-25T11:09:43.260+0000] {processor.py:179} INFO - Processing /home/airflow/.local/lib/python3.8/site-packages/airflow/example_dags/example_bash_operator.py took 0.168 seconds
[2023-11-25T11:10:13.504+0000] {processor.py:157} INFO - Started process (PID=303) to work on /home/airflow/.local/lib/python3.8/site-packages/airflow/example_dags/example_bash_operator.py
[2023-11-25T11:10:13.507+0000] {processor.py:829} INFO - Processing file /home/airflow/.local/lib/python3.8/site-packages/airflow/example_dags/example_bash_operator.py for tasks to queue
[2023-11-25T11:10:13.511+0000] {logging_mixin.py:154} INFO - [2023-11-25T11:10:13.510+0000] {dagbag.py:536} INFO - Filling up the DagBag from /home/airflow/.local/lib/python3.8/site-packages/airflow/example_dags/example_bash_operator.py
[2023-11-25T11:10:13.524+0000] {processor.py:839} INFO - DAG(s) dict_keys(['example_bash_operator']) retrieved from /home/airflow/.local/lib/python3.8/site-packages/airflow/example_dags/example_bash_operator.py
[2023-11-25T11:10:13.553+0000] {logging_mixin.py:154} INFO - [2023-11-25T11:10:13.553+0000] {dag.py:2941} INFO - Sync 1 DAGs
[2023-11-25T11:10:13.577+0000] {logging_mixin.py:154} INFO - [2023-11-25T11:10:13.577+0000] {dag.py:3722} INFO - Setting next_dagrun for example_bash_operator to 2023-11-24T00:00:00+00:00, run_after=2023-11-25T00:00:00+00:00
[2023-11-25T11:10:13.597+0000] {processor.py:179} INFO - Processing /home/airflow/.local/lib/python3.8/site-packages/airflow/example_dags/example_bash_operator.py took 0.102 seconds
[2023-11-25T11:10:43.806+0000] {processor.py:157} INFO - Started process (PID=358) to work on /home/airflow/.local/lib/python3.8/site-packages/airflow/example_dags/example_bash_operator.py
[2023-11-25T11:10:43.833+0000] {processor.py:829} INFO - Processing file /home/airflow/.local/lib/python3.8/site-packages/airflow/example_dags/example_bash_operator.py for tasks to queue
[2023-11-25T11:10:43.839+0000] {logging_mixin.py:154} INFO - [2023-11-25T11:10:43.839+0000] {dagbag.py:536} INFO - Filling up the DagBag from /home/airflow/.local/lib/python3.8/site-packages/airflow/example_dags/example_bash_operator.py
[2023-11-25T11:10:43.864+0000] {processor.py:839} INFO - DAG(s) dict_keys(['example_bash_operator']) retrieved from /home/airflow/.local/lib/python3.8/site-packages/airflow/example_dags/example_bash_operator.py
[2023-11-25T11:10:43.915+0000] {logging_mixin.py:154} INFO - [2023-11-25T11:10:43.915+0000] {dag.py:2941} INFO - Sync 1 DAGs
[2023-11-25T11:10:43.953+0000] {logging_mixin.py:154} INFO - [2023-11-25T11:10:43.953+0000] {dag.py:3722} INFO - Setting next_dagrun for example_bash_operator to 2023-11-24T00:00:00+00:00, run_after=2023-11-25T00:00:00+00:00
[2023-11-25T11:10:43.985+0000] {processor.py:179} INFO - Processing /home/airflow/.local/lib/python3.8/site-packages/airflow/example_dags/example_bash_operator.py took 0.185 seconds
[2023-11-25T11:11:14.987+0000] {processor.py:157} INFO - Started process (PID=412) to work on /home/airflow/.local/lib/python3.8/site-packages/airflow/example_dags/example_bash_operator.py
[2023-11-25T11:11:14.989+0000] {processor.py:829} INFO - Processing file /home/airflow/.local/lib/python3.8/site-packages/airflow/example_dags/example_bash_operator.py for tasks to queue
[2023-11-25T11:11:14.991+0000] {logging_mixin.py:154} INFO - [2023-11-25T11:11:14.991+0000] {dagbag.py:536} INFO - Filling up the DagBag from /home/airflow/.local/lib/python3.8/site-packages/airflow/example_dags/example_bash_operator.py
[2023-11-25T11:11:15.005+0000] {processor.py:839} INFO - DAG(s) dict_keys(['example_bash_operator']) retrieved from /home/airflow/.local/lib/python3.8/site-packages/airflow/example_dags/example_bash_operator.py
[2023-11-25T11:11:15.036+0000] {logging_mixin.py:154} INFO - [2023-11-25T11:11:15.036+0000] {dag.py:2941} INFO - Sync 1 DAGs
[2023-11-25T11:11:15.060+0000] {logging_mixin.py:154} INFO - [2023-11-25T11:11:15.060+0000] {dag.py:3722} INFO - Setting next_dagrun for example_bash_operator to 2023-11-24T00:00:00+00:00, run_after=2023-11-25T00:00:00+00:00
[2023-11-25T11:11:15.089+0000] {processor.py:179} INFO - Processing /home/airflow/.local/lib/python3.8/site-packages/airflow/example_dags/example_bash_operator.py took 0.108 seconds
[2023-11-25T11:11:45.194+0000] {processor.py:157} INFO - Started process (PID=466) to work on /home/airflow/.local/lib/python3.8/site-packages/airflow/example_dags/example_bash_operator.py
[2023-11-25T11:11:45.195+0000] {processor.py:829} INFO - Processing file /home/airflow/.local/lib/python3.8/site-packages/airflow/example_dags/example_bash_operator.py for tasks to queue
[2023-11-25T11:11:45.199+0000] {logging_mixin.py:154} INFO - [2023-11-25T11:11:45.199+0000] {dagbag.py:536} INFO - Filling up the DagBag from /home/airflow/.local/lib/python3.8/site-packages/airflow/example_dags/example_bash_operator.py
[2023-11-25T11:11:45.214+0000] {processor.py:839} INFO - DAG(s) dict_keys(['example_bash_operator']) retrieved from /home/airflow/.local/lib/python3.8/site-packages/airflow/example_dags/example_bash_operator.py
[2023-11-25T11:11:45.251+0000] {logging_mixin.py:154} INFO - [2023-11-25T11:11:45.250+0000] {dag.py:2941} INFO - Sync 1 DAGs
[2023-11-25T11:11:45.273+0000] {logging_mixin.py:154} INFO - [2023-11-25T11:11:45.272+0000] {dag.py:3722} INFO - Setting next_dagrun for example_bash_operator to 2023-11-24T00:00:00+00:00, run_after=2023-11-25T00:00:00+00:00
[2023-11-25T11:11:45.292+0000] {processor.py:179} INFO - Processing /home/airflow/.local/lib/python3.8/site-packages/airflow/example_dags/example_bash_operator.py took 0.107 seconds
[2023-11-25T11:12:15.671+0000] {processor.py:157} INFO - Started process (PID=521) to work on /home/airflow/.local/lib/python3.8/site-packages/airflow/example_dags/example_bash_operator.py
[2023-11-25T11:12:15.674+0000] {processor.py:829} INFO - Processing file /home/airflow/.local/lib/python3.8/site-packages/airflow/example_dags/example_bash_operator.py for tasks to queue
[2023-11-25T11:12:15.676+0000] {logging_mixin.py:154} INFO - [2023-11-25T11:12:15.676+0000] {dagbag.py:536} INFO - Filling up the DagBag from /home/airflow/.local/lib/python3.8/site-packages/airflow/example_dags/example_bash_operator.py
[2023-11-25T11:12:15.699+0000] {processor.py:839} INFO - DAG(s) dict_keys(['example_bash_operator']) retrieved from /home/airflow/.local/lib/python3.8/site-packages/airflow/example_dags/example_bash_operator.py
[2023-11-25T11:12:15.763+0000] {logging_mixin.py:154} INFO - [2023-11-25T11:12:15.763+0000] {dag.py:2941} INFO - Sync 1 DAGs
[2023-11-25T11:12:15.822+0000] {logging_mixin.py:154} INFO - [2023-11-25T11:12:15.822+0000] {dag.py:3722} INFO - Setting next_dagrun for example_bash_operator to 2023-11-24T00:00:00+00:00, run_after=2023-11-25T00:00:00+00:00
[2023-11-25T11:12:15.854+0000] {processor.py:179} INFO - Processing /home/airflow/.local/lib/python3.8/site-packages/airflow/example_dags/example_bash_operator.py took 0.187 seconds
[2023-11-25T11:12:46.623+0000] {processor.py:157} INFO - Started process (PID=574) to work on /home/airflow/.local/lib/python3.8/site-packages/airflow/example_dags/example_bash_operator.py
[2023-11-25T11:12:46.626+0000] {processor.py:829} INFO - Processing file /home/airflow/.local/lib/python3.8/site-packages/airflow/example_dags/example_bash_operator.py for tasks to queue
[2023-11-25T11:12:46.629+0000] {logging_mixin.py:154} INFO - [2023-11-25T11:12:46.628+0000] {dagbag.py:536} INFO - Filling up the DagBag from /home/airflow/.local/lib/python3.8/site-packages/airflow/example_dags/example_bash_operator.py
[2023-11-25T11:12:46.641+0000] {processor.py:839} INFO - DAG(s) dict_keys(['example_bash_operator']) retrieved from /home/airflow/.local/lib/python3.8/site-packages/airflow/example_dags/example_bash_operator.py
[2023-11-25T11:12:46.678+0000] {logging_mixin.py:154} INFO - [2023-11-25T11:12:46.678+0000] {dag.py:2941} INFO - Sync 1 DAGs
[2023-11-25T11:12:46.707+0000] {logging_mixin.py:154} INFO - [2023-11-25T11:12:46.707+0000] {dag.py:3722} INFO - Setting next_dagrun for example_bash_operator to 2023-11-24T00:00:00+00:00, run_after=2023-11-25T00:00:00+00:00
[2023-11-25T11:12:46.745+0000] {processor.py:179} INFO - Processing /home/airflow/.local/lib/python3.8/site-packages/airflow/example_dags/example_bash_operator.py took 0.129 seconds
