[2023-11-25T10:23:17.769+0000] {processor.py:157} INFO - Started process (PID=40) to work on /home/airflow/.local/lib/python3.8/site-packages/airflow/example_dags/example_latest_only_with_trigger.py
[2023-11-25T10:23:17.771+0000] {processor.py:829} INFO - Processing file /home/airflow/.local/lib/python3.8/site-packages/airflow/example_dags/example_latest_only_with_trigger.py for tasks to queue
[2023-11-25T10:23:17.777+0000] {logging_mixin.py:154} INFO - [2023-11-25T10:23:17.776+0000] {dagbag.py:536} INFO - Filling up the DagBag from /home/airflow/.local/lib/python3.8/site-packages/airflow/example_dags/example_latest_only_with_trigger.py
[2023-11-25T10:23:17.787+0000] {processor.py:839} INFO - DAG(s) dict_keys(['latest_only_with_trigger']) retrieved from /home/airflow/.local/lib/python3.8/site-packages/airflow/example_dags/example_latest_only_with_trigger.py
[2023-11-25T10:23:17.822+0000] {logging_mixin.py:154} INFO - [2023-11-25T10:23:17.821+0000] {dag.py:2941} INFO - Sync 1 DAGs
[2023-11-25T10:23:17.881+0000] {logging_mixin.py:154} INFO - [2023-11-25T10:23:17.881+0000] {dag.py:3722} INFO - Setting next_dagrun for latest_only_with_trigger to 2023-11-25T06:23:17.881178+00:00, run_after=2023-11-25T10:23:17.881178+00:00
[2023-11-25T10:23:17.934+0000] {processor.py:179} INFO - Processing /home/airflow/.local/lib/python3.8/site-packages/airflow/example_dags/example_latest_only_with_trigger.py took 0.169 seconds
[2023-11-25T10:23:48.208+0000] {processor.py:157} INFO - Started process (PID=94) to work on /home/airflow/.local/lib/python3.8/site-packages/airflow/example_dags/example_latest_only_with_trigger.py
[2023-11-25T10:23:48.213+0000] {processor.py:829} INFO - Processing file /home/airflow/.local/lib/python3.8/site-packages/airflow/example_dags/example_latest_only_with_trigger.py for tasks to queue
[2023-11-25T10:23:48.215+0000] {logging_mixin.py:154} INFO - [2023-11-25T10:23:48.215+0000] {dagbag.py:536} INFO - Filling up the DagBag from /home/airflow/.local/lib/python3.8/site-packages/airflow/example_dags/example_latest_only_with_trigger.py
[2023-11-25T10:23:48.223+0000] {processor.py:839} INFO - DAG(s) dict_keys(['latest_only_with_trigger']) retrieved from /home/airflow/.local/lib/python3.8/site-packages/airflow/example_dags/example_latest_only_with_trigger.py
[2023-11-25T10:23:48.243+0000] {logging_mixin.py:154} INFO - [2023-11-25T10:23:48.242+0000] {dag.py:2941} INFO - Sync 1 DAGs
[2023-11-25T10:23:48.263+0000] {logging_mixin.py:154} INFO - [2023-11-25T10:23:48.262+0000] {dag.py:3722} INFO - Setting next_dagrun for latest_only_with_trigger to 2023-11-25T06:23:48.262649+00:00, run_after=2023-11-25T10:23:48.262649+00:00
[2023-11-25T10:23:48.279+0000] {processor.py:179} INFO - Processing /home/airflow/.local/lib/python3.8/site-packages/airflow/example_dags/example_latest_only_with_trigger.py took 0.074 seconds
[2023-11-25T10:24:19.033+0000] {processor.py:157} INFO - Started process (PID=148) to work on /home/airflow/.local/lib/python3.8/site-packages/airflow/example_dags/example_latest_only_with_trigger.py
[2023-11-25T10:24:19.034+0000] {processor.py:829} INFO - Processing file /home/airflow/.local/lib/python3.8/site-packages/airflow/example_dags/example_latest_only_with_trigger.py for tasks to queue
[2023-11-25T10:24:19.037+0000] {logging_mixin.py:154} INFO - [2023-11-25T10:24:19.037+0000] {dagbag.py:536} INFO - Filling up the DagBag from /home/airflow/.local/lib/python3.8/site-packages/airflow/example_dags/example_latest_only_with_trigger.py
[2023-11-25T10:24:19.044+0000] {processor.py:839} INFO - DAG(s) dict_keys(['latest_only_with_trigger']) retrieved from /home/airflow/.local/lib/python3.8/site-packages/airflow/example_dags/example_latest_only_with_trigger.py
[2023-11-25T10:24:19.069+0000] {logging_mixin.py:154} INFO - [2023-11-25T10:24:19.069+0000] {dag.py:2941} INFO - Sync 1 DAGs
[2023-11-25T10:24:19.104+0000] {logging_mixin.py:154} INFO - [2023-11-25T10:24:19.104+0000] {dag.py:3722} INFO - Setting next_dagrun for latest_only_with_trigger to 2023-11-25T06:24:19.103741+00:00, run_after=2023-11-25T10:24:19.103741+00:00
[2023-11-25T10:24:19.125+0000] {processor.py:179} INFO - Processing /home/airflow/.local/lib/python3.8/site-packages/airflow/example_dags/example_latest_only_with_trigger.py took 0.095 seconds
[2023-11-25T10:24:49.193+0000] {processor.py:157} INFO - Started process (PID=202) to work on /home/airflow/.local/lib/python3.8/site-packages/airflow/example_dags/example_latest_only_with_trigger.py
[2023-11-25T10:24:49.195+0000] {processor.py:829} INFO - Processing file /home/airflow/.local/lib/python3.8/site-packages/airflow/example_dags/example_latest_only_with_trigger.py for tasks to queue
[2023-11-25T10:24:49.198+0000] {logging_mixin.py:154} INFO - [2023-11-25T10:24:49.197+0000] {dagbag.py:536} INFO - Filling up the DagBag from /home/airflow/.local/lib/python3.8/site-packages/airflow/example_dags/example_latest_only_with_trigger.py
[2023-11-25T10:24:49.205+0000] {processor.py:839} INFO - DAG(s) dict_keys(['latest_only_with_trigger']) retrieved from /home/airflow/.local/lib/python3.8/site-packages/airflow/example_dags/example_latest_only_with_trigger.py
[2023-11-25T10:24:49.227+0000] {logging_mixin.py:154} INFO - [2023-11-25T10:24:49.227+0000] {dag.py:2941} INFO - Sync 1 DAGs
[2023-11-25T10:24:49.251+0000] {logging_mixin.py:154} INFO - [2023-11-25T10:24:49.251+0000] {dag.py:3722} INFO - Setting next_dagrun for latest_only_with_trigger to 2023-11-25T06:24:49.250759+00:00, run_after=2023-11-25T10:24:49.250759+00:00
[2023-11-25T10:24:49.273+0000] {processor.py:179} INFO - Processing /home/airflow/.local/lib/python3.8/site-packages/airflow/example_dags/example_latest_only_with_trigger.py took 0.083 seconds
[2023-11-25T10:25:19.784+0000] {processor.py:157} INFO - Started process (PID=256) to work on /home/airflow/.local/lib/python3.8/site-packages/airflow/example_dags/example_latest_only_with_trigger.py
[2023-11-25T10:25:19.791+0000] {processor.py:829} INFO - Processing file /home/airflow/.local/lib/python3.8/site-packages/airflow/example_dags/example_latest_only_with_trigger.py for tasks to queue
[2023-11-25T10:25:19.794+0000] {logging_mixin.py:154} INFO - [2023-11-25T10:25:19.793+0000] {dagbag.py:536} INFO - Filling up the DagBag from /home/airflow/.local/lib/python3.8/site-packages/airflow/example_dags/example_latest_only_with_trigger.py
[2023-11-25T10:25:19.802+0000] {processor.py:839} INFO - DAG(s) dict_keys(['latest_only_with_trigger']) retrieved from /home/airflow/.local/lib/python3.8/site-packages/airflow/example_dags/example_latest_only_with_trigger.py
[2023-11-25T10:25:19.829+0000] {logging_mixin.py:154} INFO - [2023-11-25T10:25:19.829+0000] {dag.py:2941} INFO - Sync 1 DAGs
[2023-11-25T10:25:19.854+0000] {logging_mixin.py:154} INFO - [2023-11-25T10:25:19.853+0000] {dag.py:3722} INFO - Setting next_dagrun for latest_only_with_trigger to 2023-11-25T06:25:19.853653+00:00, run_after=2023-11-25T10:25:19.853653+00:00
[2023-11-25T10:25:19.877+0000] {processor.py:179} INFO - Processing /home/airflow/.local/lib/python3.8/site-packages/airflow/example_dags/example_latest_only_with_trigger.py took 0.096 seconds
[2023-11-25T10:25:50.465+0000] {processor.py:157} INFO - Started process (PID=310) to work on /home/airflow/.local/lib/python3.8/site-packages/airflow/example_dags/example_latest_only_with_trigger.py
[2023-11-25T10:25:50.466+0000] {processor.py:829} INFO - Processing file /home/airflow/.local/lib/python3.8/site-packages/airflow/example_dags/example_latest_only_with_trigger.py for tasks to queue
[2023-11-25T10:25:50.468+0000] {logging_mixin.py:154} INFO - [2023-11-25T10:25:50.467+0000] {dagbag.py:536} INFO - Filling up the DagBag from /home/airflow/.local/lib/python3.8/site-packages/airflow/example_dags/example_latest_only_with_trigger.py
[2023-11-25T10:25:50.472+0000] {processor.py:839} INFO - DAG(s) dict_keys(['latest_only_with_trigger']) retrieved from /home/airflow/.local/lib/python3.8/site-packages/airflow/example_dags/example_latest_only_with_trigger.py
[2023-11-25T10:25:50.492+0000] {logging_mixin.py:154} INFO - [2023-11-25T10:25:50.492+0000] {dag.py:2941} INFO - Sync 1 DAGs
[2023-11-25T10:25:50.517+0000] {logging_mixin.py:154} INFO - [2023-11-25T10:25:50.517+0000] {dag.py:3722} INFO - Setting next_dagrun for latest_only_with_trigger to 2023-11-25T06:25:50.516593+00:00, run_after=2023-11-25T10:25:50.516593+00:00
[2023-11-25T10:25:50.543+0000] {processor.py:179} INFO - Processing /home/airflow/.local/lib/python3.8/site-packages/airflow/example_dags/example_latest_only_with_trigger.py took 0.080 seconds
[2023-11-25T10:26:20.841+0000] {processor.py:157} INFO - Started process (PID=364) to work on /home/airflow/.local/lib/python3.8/site-packages/airflow/example_dags/example_latest_only_with_trigger.py
[2023-11-25T10:26:20.842+0000] {processor.py:829} INFO - Processing file /home/airflow/.local/lib/python3.8/site-packages/airflow/example_dags/example_latest_only_with_trigger.py for tasks to queue
[2023-11-25T10:26:20.845+0000] {logging_mixin.py:154} INFO - [2023-11-25T10:26:20.845+0000] {dagbag.py:536} INFO - Filling up the DagBag from /home/airflow/.local/lib/python3.8/site-packages/airflow/example_dags/example_latest_only_with_trigger.py
[2023-11-25T10:26:20.852+0000] {processor.py:839} INFO - DAG(s) dict_keys(['latest_only_with_trigger']) retrieved from /home/airflow/.local/lib/python3.8/site-packages/airflow/example_dags/example_latest_only_with_trigger.py
[2023-11-25T10:26:20.879+0000] {logging_mixin.py:154} INFO - [2023-11-25T10:26:20.879+0000] {dag.py:2941} INFO - Sync 1 DAGs
[2023-11-25T10:26:20.912+0000] {logging_mixin.py:154} INFO - [2023-11-25T10:26:20.912+0000] {dag.py:3722} INFO - Setting next_dagrun for latest_only_with_trigger to 2023-11-25T06:26:20.912304+00:00, run_after=2023-11-25T10:26:20.912304+00:00
[2023-11-25T10:26:20.937+0000] {processor.py:179} INFO - Processing /home/airflow/.local/lib/python3.8/site-packages/airflow/example_dags/example_latest_only_with_trigger.py took 0.098 seconds
[2023-11-25T10:26:51.541+0000] {processor.py:157} INFO - Started process (PID=418) to work on /home/airflow/.local/lib/python3.8/site-packages/airflow/example_dags/example_latest_only_with_trigger.py
[2023-11-25T10:26:51.546+0000] {processor.py:829} INFO - Processing file /home/airflow/.local/lib/python3.8/site-packages/airflow/example_dags/example_latest_only_with_trigger.py for tasks to queue
[2023-11-25T10:26:51.548+0000] {logging_mixin.py:154} INFO - [2023-11-25T10:26:51.548+0000] {dagbag.py:536} INFO - Filling up the DagBag from /home/airflow/.local/lib/python3.8/site-packages/airflow/example_dags/example_latest_only_with_trigger.py
[2023-11-25T10:26:51.555+0000] {processor.py:839} INFO - DAG(s) dict_keys(['latest_only_with_trigger']) retrieved from /home/airflow/.local/lib/python3.8/site-packages/airflow/example_dags/example_latest_only_with_trigger.py
[2023-11-25T10:26:51.580+0000] {logging_mixin.py:154} INFO - [2023-11-25T10:26:51.580+0000] {dag.py:2941} INFO - Sync 1 DAGs
[2023-11-25T10:26:51.611+0000] {logging_mixin.py:154} INFO - [2023-11-25T10:26:51.610+0000] {dag.py:3722} INFO - Setting next_dagrun for latest_only_with_trigger to 2023-11-25T06:26:51.610425+00:00, run_after=2023-11-25T10:26:51.610425+00:00
[2023-11-25T10:26:51.636+0000] {processor.py:179} INFO - Processing /home/airflow/.local/lib/python3.8/site-packages/airflow/example_dags/example_latest_only_with_trigger.py took 0.099 seconds
[2023-11-25T10:27:22.255+0000] {processor.py:157} INFO - Started process (PID=472) to work on /home/airflow/.local/lib/python3.8/site-packages/airflow/example_dags/example_latest_only_with_trigger.py
[2023-11-25T10:27:22.259+0000] {processor.py:829} INFO - Processing file /home/airflow/.local/lib/python3.8/site-packages/airflow/example_dags/example_latest_only_with_trigger.py for tasks to queue
[2023-11-25T10:27:22.261+0000] {logging_mixin.py:154} INFO - [2023-11-25T10:27:22.260+0000] {dagbag.py:536} INFO - Filling up the DagBag from /home/airflow/.local/lib/python3.8/site-packages/airflow/example_dags/example_latest_only_with_trigger.py
[2023-11-25T10:27:22.265+0000] {processor.py:839} INFO - DAG(s) dict_keys(['latest_only_with_trigger']) retrieved from /home/airflow/.local/lib/python3.8/site-packages/airflow/example_dags/example_latest_only_with_trigger.py
[2023-11-25T10:27:22.287+0000] {logging_mixin.py:154} INFO - [2023-11-25T10:27:22.286+0000] {dag.py:2941} INFO - Sync 1 DAGs
[2023-11-25T10:27:22.310+0000] {logging_mixin.py:154} INFO - [2023-11-25T10:27:22.310+0000] {dag.py:3722} INFO - Setting next_dagrun for latest_only_with_trigger to 2023-11-25T06:27:22.310402+00:00, run_after=2023-11-25T10:27:22.310402+00:00
[2023-11-25T10:27:22.335+0000] {processor.py:179} INFO - Processing /home/airflow/.local/lib/python3.8/site-packages/airflow/example_dags/example_latest_only_with_trigger.py took 0.082 seconds
[2023-11-25T10:27:52.669+0000] {processor.py:157} INFO - Started process (PID=525) to work on /home/airflow/.local/lib/python3.8/site-packages/airflow/example_dags/example_latest_only_with_trigger.py
[2023-11-25T10:27:52.670+0000] {processor.py:829} INFO - Processing file /home/airflow/.local/lib/python3.8/site-packages/airflow/example_dags/example_latest_only_with_trigger.py for tasks to queue
[2023-11-25T10:27:52.673+0000] {logging_mixin.py:154} INFO - [2023-11-25T10:27:52.672+0000] {dagbag.py:536} INFO - Filling up the DagBag from /home/airflow/.local/lib/python3.8/site-packages/airflow/example_dags/example_latest_only_with_trigger.py
[2023-11-25T10:27:52.687+0000] {processor.py:839} INFO - DAG(s) dict_keys(['latest_only_with_trigger']) retrieved from /home/airflow/.local/lib/python3.8/site-packages/airflow/example_dags/example_latest_only_with_trigger.py
[2023-11-25T10:27:52.728+0000] {logging_mixin.py:154} INFO - [2023-11-25T10:27:52.728+0000] {dag.py:2941} INFO - Sync 1 DAGs
[2023-11-25T10:27:52.762+0000] {logging_mixin.py:154} INFO - [2023-11-25T10:27:52.761+0000] {dag.py:3722} INFO - Setting next_dagrun for latest_only_with_trigger to 2023-11-25T06:27:52.761341+00:00, run_after=2023-11-25T10:27:52.761341+00:00
[2023-11-25T10:27:52.832+0000] {processor.py:179} INFO - Processing /home/airflow/.local/lib/python3.8/site-packages/airflow/example_dags/example_latest_only_with_trigger.py took 0.172 seconds
[2023-11-25T10:28:23.204+0000] {processor.py:157} INFO - Started process (PID=579) to work on /home/airflow/.local/lib/python3.8/site-packages/airflow/example_dags/example_latest_only_with_trigger.py
[2023-11-25T10:28:23.213+0000] {processor.py:829} INFO - Processing file /home/airflow/.local/lib/python3.8/site-packages/airflow/example_dags/example_latest_only_with_trigger.py for tasks to queue
[2023-11-25T10:28:23.215+0000] {logging_mixin.py:154} INFO - [2023-11-25T10:28:23.215+0000] {dagbag.py:536} INFO - Filling up the DagBag from /home/airflow/.local/lib/python3.8/site-packages/airflow/example_dags/example_latest_only_with_trigger.py
[2023-11-25T10:28:23.232+0000] {processor.py:839} INFO - DAG(s) dict_keys(['latest_only_with_trigger']) retrieved from /home/airflow/.local/lib/python3.8/site-packages/airflow/example_dags/example_latest_only_with_trigger.py
[2023-11-25T10:28:23.295+0000] {logging_mixin.py:154} INFO - [2023-11-25T10:28:23.295+0000] {dag.py:2941} INFO - Sync 1 DAGs
[2023-11-25T10:28:23.333+0000] {logging_mixin.py:154} INFO - [2023-11-25T10:28:23.333+0000] {dag.py:3722} INFO - Setting next_dagrun for latest_only_with_trigger to 2023-11-25T06:28:23.333002+00:00, run_after=2023-11-25T10:28:23.333002+00:00
[2023-11-25T10:28:23.412+0000] {processor.py:179} INFO - Processing /home/airflow/.local/lib/python3.8/site-packages/airflow/example_dags/example_latest_only_with_trigger.py took 0.216 seconds
[2023-11-25T10:28:53.485+0000] {processor.py:157} INFO - Started process (PID=632) to work on /home/airflow/.local/lib/python3.8/site-packages/airflow/example_dags/example_latest_only_with_trigger.py
[2023-11-25T10:28:53.487+0000] {processor.py:829} INFO - Processing file /home/airflow/.local/lib/python3.8/site-packages/airflow/example_dags/example_latest_only_with_trigger.py for tasks to queue
[2023-11-25T10:28:53.490+0000] {logging_mixin.py:154} INFO - [2023-11-25T10:28:53.490+0000] {dagbag.py:536} INFO - Filling up the DagBag from /home/airflow/.local/lib/python3.8/site-packages/airflow/example_dags/example_latest_only_with_trigger.py
[2023-11-25T10:28:53.497+0000] {processor.py:839} INFO - DAG(s) dict_keys(['latest_only_with_trigger']) retrieved from /home/airflow/.local/lib/python3.8/site-packages/airflow/example_dags/example_latest_only_with_trigger.py
[2023-11-25T10:28:53.527+0000] {logging_mixin.py:154} INFO - [2023-11-25T10:28:53.527+0000] {dag.py:2941} INFO - Sync 1 DAGs
[2023-11-25T10:28:53.555+0000] {logging_mixin.py:154} INFO - [2023-11-25T10:28:53.555+0000] {dag.py:3722} INFO - Setting next_dagrun for latest_only_with_trigger to 2023-11-25T06:28:53.554928+00:00, run_after=2023-11-25T10:28:53.554928+00:00
[2023-11-25T10:28:53.597+0000] {processor.py:179} INFO - Processing /home/airflow/.local/lib/python3.8/site-packages/airflow/example_dags/example_latest_only_with_trigger.py took 0.115 seconds
[2023-11-25T10:29:23.835+0000] {processor.py:157} INFO - Started process (PID=686) to work on /home/airflow/.local/lib/python3.8/site-packages/airflow/example_dags/example_latest_only_with_trigger.py
[2023-11-25T10:29:23.836+0000] {processor.py:829} INFO - Processing file /home/airflow/.local/lib/python3.8/site-packages/airflow/example_dags/example_latest_only_with_trigger.py for tasks to queue
[2023-11-25T10:29:23.838+0000] {logging_mixin.py:154} INFO - [2023-11-25T10:29:23.837+0000] {dagbag.py:536} INFO - Filling up the DagBag from /home/airflow/.local/lib/python3.8/site-packages/airflow/example_dags/example_latest_only_with_trigger.py
[2023-11-25T10:29:23.842+0000] {processor.py:839} INFO - DAG(s) dict_keys(['latest_only_with_trigger']) retrieved from /home/airflow/.local/lib/python3.8/site-packages/airflow/example_dags/example_latest_only_with_trigger.py
[2023-11-25T10:29:23.862+0000] {logging_mixin.py:154} INFO - [2023-11-25T10:29:23.862+0000] {dag.py:2941} INFO - Sync 1 DAGs
[2023-11-25T10:29:23.882+0000] {logging_mixin.py:154} INFO - [2023-11-25T10:29:23.882+0000] {dag.py:3722} INFO - Setting next_dagrun for latest_only_with_trigger to 2023-11-25T06:29:23.882476+00:00, run_after=2023-11-25T10:29:23.882476+00:00
[2023-11-25T10:29:23.988+0000] {processor.py:179} INFO - Processing /home/airflow/.local/lib/python3.8/site-packages/airflow/example_dags/example_latest_only_with_trigger.py took 0.156 seconds
[2023-11-25T10:29:54.153+0000] {processor.py:157} INFO - Started process (PID=740) to work on /home/airflow/.local/lib/python3.8/site-packages/airflow/example_dags/example_latest_only_with_trigger.py
[2023-11-25T10:29:54.154+0000] {processor.py:829} INFO - Processing file /home/airflow/.local/lib/python3.8/site-packages/airflow/example_dags/example_latest_only_with_trigger.py for tasks to queue
[2023-11-25T10:29:54.156+0000] {logging_mixin.py:154} INFO - [2023-11-25T10:29:54.155+0000] {dagbag.py:536} INFO - Filling up the DagBag from /home/airflow/.local/lib/python3.8/site-packages/airflow/example_dags/example_latest_only_with_trigger.py
[2023-11-25T10:29:54.160+0000] {processor.py:839} INFO - DAG(s) dict_keys(['latest_only_with_trigger']) retrieved from /home/airflow/.local/lib/python3.8/site-packages/airflow/example_dags/example_latest_only_with_trigger.py
[2023-11-25T10:29:54.178+0000] {logging_mixin.py:154} INFO - [2023-11-25T10:29:54.178+0000] {dag.py:2941} INFO - Sync 1 DAGs
[2023-11-25T10:29:54.198+0000] {logging_mixin.py:154} INFO - [2023-11-25T10:29:54.197+0000] {dag.py:3722} INFO - Setting next_dagrun for latest_only_with_trigger to 2023-11-25T06:29:54.197740+00:00, run_after=2023-11-25T10:29:54.197740+00:00
[2023-11-25T10:29:54.214+0000] {processor.py:179} INFO - Processing /home/airflow/.local/lib/python3.8/site-packages/airflow/example_dags/example_latest_only_with_trigger.py took 0.064 seconds
[2023-11-25T10:30:25.022+0000] {processor.py:157} INFO - Started process (PID=794) to work on /home/airflow/.local/lib/python3.8/site-packages/airflow/example_dags/example_latest_only_with_trigger.py
[2023-11-25T10:30:25.023+0000] {processor.py:829} INFO - Processing file /home/airflow/.local/lib/python3.8/site-packages/airflow/example_dags/example_latest_only_with_trigger.py for tasks to queue
[2023-11-25T10:30:25.026+0000] {logging_mixin.py:154} INFO - [2023-11-25T10:30:25.025+0000] {dagbag.py:536} INFO - Filling up the DagBag from /home/airflow/.local/lib/python3.8/site-packages/airflow/example_dags/example_latest_only_with_trigger.py
[2023-11-25T10:30:25.031+0000] {processor.py:839} INFO - DAG(s) dict_keys(['latest_only_with_trigger']) retrieved from /home/airflow/.local/lib/python3.8/site-packages/airflow/example_dags/example_latest_only_with_trigger.py
[2023-11-25T10:30:25.051+0000] {logging_mixin.py:154} INFO - [2023-11-25T10:30:25.051+0000] {dag.py:2941} INFO - Sync 1 DAGs
[2023-11-25T10:30:25.073+0000] {logging_mixin.py:154} INFO - [2023-11-25T10:30:25.072+0000] {dag.py:3722} INFO - Setting next_dagrun for latest_only_with_trigger to 2023-11-25T06:30:25.072750+00:00, run_after=2023-11-25T10:30:25.072750+00:00
[2023-11-25T10:30:25.098+0000] {processor.py:179} INFO - Processing /home/airflow/.local/lib/python3.8/site-packages/airflow/example_dags/example_latest_only_with_trigger.py took 0.078 seconds
[2023-11-25T10:30:55.620+0000] {processor.py:157} INFO - Started process (PID=848) to work on /home/airflow/.local/lib/python3.8/site-packages/airflow/example_dags/example_latest_only_with_trigger.py
[2023-11-25T10:30:55.621+0000] {processor.py:829} INFO - Processing file /home/airflow/.local/lib/python3.8/site-packages/airflow/example_dags/example_latest_only_with_trigger.py for tasks to queue
[2023-11-25T10:30:55.623+0000] {logging_mixin.py:154} INFO - [2023-11-25T10:30:55.623+0000] {dagbag.py:536} INFO - Filling up the DagBag from /home/airflow/.local/lib/python3.8/site-packages/airflow/example_dags/example_latest_only_with_trigger.py
[2023-11-25T10:30:55.630+0000] {processor.py:839} INFO - DAG(s) dict_keys(['latest_only_with_trigger']) retrieved from /home/airflow/.local/lib/python3.8/site-packages/airflow/example_dags/example_latest_only_with_trigger.py
[2023-11-25T10:30:55.650+0000] {logging_mixin.py:154} INFO - [2023-11-25T10:30:55.649+0000] {dag.py:2941} INFO - Sync 1 DAGs
[2023-11-25T10:30:55.673+0000] {logging_mixin.py:154} INFO - [2023-11-25T10:30:55.673+0000] {dag.py:3722} INFO - Setting next_dagrun for latest_only_with_trigger to 2023-11-25T06:30:55.673201+00:00, run_after=2023-11-25T10:30:55.673201+00:00
[2023-11-25T10:30:55.694+0000] {processor.py:179} INFO - Processing /home/airflow/.local/lib/python3.8/site-packages/airflow/example_dags/example_latest_only_with_trigger.py took 0.077 seconds
[2023-11-25T10:31:26.463+0000] {processor.py:157} INFO - Started process (PID=902) to work on /home/airflow/.local/lib/python3.8/site-packages/airflow/example_dags/example_latest_only_with_trigger.py
[2023-11-25T10:31:26.468+0000] {processor.py:829} INFO - Processing file /home/airflow/.local/lib/python3.8/site-packages/airflow/example_dags/example_latest_only_with_trigger.py for tasks to queue
[2023-11-25T10:31:26.471+0000] {logging_mixin.py:154} INFO - [2023-11-25T10:31:26.470+0000] {dagbag.py:536} INFO - Filling up the DagBag from /home/airflow/.local/lib/python3.8/site-packages/airflow/example_dags/example_latest_only_with_trigger.py
[2023-11-25T10:31:26.480+0000] {processor.py:839} INFO - DAG(s) dict_keys(['latest_only_with_trigger']) retrieved from /home/airflow/.local/lib/python3.8/site-packages/airflow/example_dags/example_latest_only_with_trigger.py
[2023-11-25T10:31:26.510+0000] {logging_mixin.py:154} INFO - [2023-11-25T10:31:26.510+0000] {dag.py:2941} INFO - Sync 1 DAGs
[2023-11-25T10:31:26.545+0000] {logging_mixin.py:154} INFO - [2023-11-25T10:31:26.543+0000] {dag.py:3722} INFO - Setting next_dagrun for latest_only_with_trigger to 2023-11-25T06:31:26.543667+00:00, run_after=2023-11-25T10:31:26.543667+00:00
[2023-11-25T10:31:26.723+0000] {processor.py:179} INFO - Processing /home/airflow/.local/lib/python3.8/site-packages/airflow/example_dags/example_latest_only_with_trigger.py took 0.266 seconds
[2023-11-25T10:31:57.198+0000] {processor.py:157} INFO - Started process (PID=955) to work on /home/airflow/.local/lib/python3.8/site-packages/airflow/example_dags/example_latest_only_with_trigger.py
[2023-11-25T10:31:57.199+0000] {processor.py:829} INFO - Processing file /home/airflow/.local/lib/python3.8/site-packages/airflow/example_dags/example_latest_only_with_trigger.py for tasks to queue
[2023-11-25T10:31:57.201+0000] {logging_mixin.py:154} INFO - [2023-11-25T10:31:57.201+0000] {dagbag.py:536} INFO - Filling up the DagBag from /home/airflow/.local/lib/python3.8/site-packages/airflow/example_dags/example_latest_only_with_trigger.py
[2023-11-25T10:31:57.208+0000] {processor.py:839} INFO - DAG(s) dict_keys(['latest_only_with_trigger']) retrieved from /home/airflow/.local/lib/python3.8/site-packages/airflow/example_dags/example_latest_only_with_trigger.py
[2023-11-25T10:31:57.238+0000] {logging_mixin.py:154} INFO - [2023-11-25T10:31:57.238+0000] {dag.py:2941} INFO - Sync 1 DAGs
[2023-11-25T10:31:57.268+0000] {logging_mixin.py:154} INFO - [2023-11-25T10:31:57.268+0000] {dag.py:3722} INFO - Setting next_dagrun for latest_only_with_trigger to 2023-11-25T06:31:57.268245+00:00, run_after=2023-11-25T10:31:57.268245+00:00
[2023-11-25T10:31:57.290+0000] {processor.py:179} INFO - Processing /home/airflow/.local/lib/python3.8/site-packages/airflow/example_dags/example_latest_only_with_trigger.py took 0.095 seconds
[2023-11-25T10:32:27.418+0000] {processor.py:157} INFO - Started process (PID=1009) to work on /home/airflow/.local/lib/python3.8/site-packages/airflow/example_dags/example_latest_only_with_trigger.py
[2023-11-25T10:32:27.419+0000] {processor.py:829} INFO - Processing file /home/airflow/.local/lib/python3.8/site-packages/airflow/example_dags/example_latest_only_with_trigger.py for tasks to queue
[2023-11-25T10:32:27.421+0000] {logging_mixin.py:154} INFO - [2023-11-25T10:32:27.421+0000] {dagbag.py:536} INFO - Filling up the DagBag from /home/airflow/.local/lib/python3.8/site-packages/airflow/example_dags/example_latest_only_with_trigger.py
[2023-11-25T10:32:27.427+0000] {processor.py:839} INFO - DAG(s) dict_keys(['latest_only_with_trigger']) retrieved from /home/airflow/.local/lib/python3.8/site-packages/airflow/example_dags/example_latest_only_with_trigger.py
[2023-11-25T10:32:27.449+0000] {logging_mixin.py:154} INFO - [2023-11-25T10:32:27.449+0000] {dag.py:2941} INFO - Sync 1 DAGs
[2023-11-25T10:32:27.479+0000] {logging_mixin.py:154} INFO - [2023-11-25T10:32:27.479+0000] {dag.py:3722} INFO - Setting next_dagrun for latest_only_with_trigger to 2023-11-25T06:32:27.479290+00:00, run_after=2023-11-25T10:32:27.479290+00:00
[2023-11-25T10:32:27.506+0000] {processor.py:179} INFO - Processing /home/airflow/.local/lib/python3.8/site-packages/airflow/example_dags/example_latest_only_with_trigger.py took 0.091 seconds
[2023-11-25T10:32:58.223+0000] {processor.py:157} INFO - Started process (PID=1070) to work on /home/airflow/.local/lib/python3.8/site-packages/airflow/example_dags/example_latest_only_with_trigger.py
[2023-11-25T10:32:58.225+0000] {processor.py:829} INFO - Processing file /home/airflow/.local/lib/python3.8/site-packages/airflow/example_dags/example_latest_only_with_trigger.py for tasks to queue
[2023-11-25T10:32:58.228+0000] {logging_mixin.py:154} INFO - [2023-11-25T10:32:58.228+0000] {dagbag.py:536} INFO - Filling up the DagBag from /home/airflow/.local/lib/python3.8/site-packages/airflow/example_dags/example_latest_only_with_trigger.py
[2023-11-25T10:32:58.237+0000] {processor.py:839} INFO - DAG(s) dict_keys(['latest_only_with_trigger']) retrieved from /home/airflow/.local/lib/python3.8/site-packages/airflow/example_dags/example_latest_only_with_trigger.py
[2023-11-25T10:32:58.266+0000] {logging_mixin.py:154} INFO - [2023-11-25T10:32:58.265+0000] {dag.py:2941} INFO - Sync 1 DAGs
[2023-11-25T10:32:58.302+0000] {logging_mixin.py:154} INFO - [2023-11-25T10:32:58.302+0000] {dag.py:3722} INFO - Setting next_dagrun for latest_only_with_trigger to 2023-11-25T06:32:58.301882+00:00, run_after=2023-11-25T10:32:58.301882+00:00
[2023-11-25T10:32:58.496+0000] {processor.py:179} INFO - Processing /home/airflow/.local/lib/python3.8/site-packages/airflow/example_dags/example_latest_only_with_trigger.py took 0.276 seconds
[2023-11-25T10:33:28.579+0000] {processor.py:157} INFO - Started process (PID=1124) to work on /home/airflow/.local/lib/python3.8/site-packages/airflow/example_dags/example_latest_only_with_trigger.py
[2023-11-25T10:33:28.580+0000] {processor.py:829} INFO - Processing file /home/airflow/.local/lib/python3.8/site-packages/airflow/example_dags/example_latest_only_with_trigger.py for tasks to queue
[2023-11-25T10:33:28.582+0000] {logging_mixin.py:154} INFO - [2023-11-25T10:33:28.582+0000] {dagbag.py:536} INFO - Filling up the DagBag from /home/airflow/.local/lib/python3.8/site-packages/airflow/example_dags/example_latest_only_with_trigger.py
[2023-11-25T10:33:28.587+0000] {processor.py:839} INFO - DAG(s) dict_keys(['latest_only_with_trigger']) retrieved from /home/airflow/.local/lib/python3.8/site-packages/airflow/example_dags/example_latest_only_with_trigger.py
[2023-11-25T10:33:28.614+0000] {logging_mixin.py:154} INFO - [2023-11-25T10:33:28.614+0000] {dag.py:2941} INFO - Sync 1 DAGs
[2023-11-25T10:33:28.645+0000] {logging_mixin.py:154} INFO - [2023-11-25T10:33:28.645+0000] {dag.py:3722} INFO - Setting next_dagrun for latest_only_with_trigger to 2023-11-25T06:33:28.645160+00:00, run_after=2023-11-25T10:33:28.645160+00:00
[2023-11-25T10:33:28.668+0000] {processor.py:179} INFO - Processing /home/airflow/.local/lib/python3.8/site-packages/airflow/example_dags/example_latest_only_with_trigger.py took 0.093 seconds
[2023-11-25T10:33:58.942+0000] {processor.py:157} INFO - Started process (PID=1177) to work on /home/airflow/.local/lib/python3.8/site-packages/airflow/example_dags/example_latest_only_with_trigger.py
[2023-11-25T10:33:58.943+0000] {processor.py:829} INFO - Processing file /home/airflow/.local/lib/python3.8/site-packages/airflow/example_dags/example_latest_only_with_trigger.py for tasks to queue
[2023-11-25T10:33:58.946+0000] {logging_mixin.py:154} INFO - [2023-11-25T10:33:58.946+0000] {dagbag.py:536} INFO - Filling up the DagBag from /home/airflow/.local/lib/python3.8/site-packages/airflow/example_dags/example_latest_only_with_trigger.py
[2023-11-25T10:33:58.954+0000] {processor.py:839} INFO - DAG(s) dict_keys(['latest_only_with_trigger']) retrieved from /home/airflow/.local/lib/python3.8/site-packages/airflow/example_dags/example_latest_only_with_trigger.py
[2023-11-25T10:33:58.976+0000] {logging_mixin.py:154} INFO - [2023-11-25T10:33:58.976+0000] {dag.py:2941} INFO - Sync 1 DAGs
[2023-11-25T10:33:58.999+0000] {logging_mixin.py:154} INFO - [2023-11-25T10:33:58.999+0000] {dag.py:3722} INFO - Setting next_dagrun for latest_only_with_trigger to 2023-11-25T06:33:58.999270+00:00, run_after=2023-11-25T10:33:58.999270+00:00
[2023-11-25T10:33:59.015+0000] {processor.py:179} INFO - Processing /home/airflow/.local/lib/python3.8/site-packages/airflow/example_dags/example_latest_only_with_trigger.py took 0.077 seconds
[2023-11-25T10:34:29.627+0000] {processor.py:157} INFO - Started process (PID=1231) to work on /home/airflow/.local/lib/python3.8/site-packages/airflow/example_dags/example_latest_only_with_trigger.py
[2023-11-25T10:34:29.628+0000] {processor.py:829} INFO - Processing file /home/airflow/.local/lib/python3.8/site-packages/airflow/example_dags/example_latest_only_with_trigger.py for tasks to queue
[2023-11-25T10:34:29.631+0000] {logging_mixin.py:154} INFO - [2023-11-25T10:34:29.631+0000] {dagbag.py:536} INFO - Filling up the DagBag from /home/airflow/.local/lib/python3.8/site-packages/airflow/example_dags/example_latest_only_with_trigger.py
[2023-11-25T10:34:29.638+0000] {processor.py:839} INFO - DAG(s) dict_keys(['latest_only_with_trigger']) retrieved from /home/airflow/.local/lib/python3.8/site-packages/airflow/example_dags/example_latest_only_with_trigger.py
[2023-11-25T10:34:29.663+0000] {logging_mixin.py:154} INFO - [2023-11-25T10:34:29.663+0000] {dag.py:2941} INFO - Sync 1 DAGs
[2023-11-25T10:34:29.697+0000] {logging_mixin.py:154} INFO - [2023-11-25T10:34:29.697+0000] {dag.py:3722} INFO - Setting next_dagrun for latest_only_with_trigger to 2023-11-25T06:34:29.696279+00:00, run_after=2023-11-25T10:34:29.696279+00:00
[2023-11-25T10:34:29.844+0000] {processor.py:179} INFO - Processing /home/airflow/.local/lib/python3.8/site-packages/airflow/example_dags/example_latest_only_with_trigger.py took 0.221 seconds
[2023-11-25T10:35:00.360+0000] {processor.py:157} INFO - Started process (PID=1285) to work on /home/airflow/.local/lib/python3.8/site-packages/airflow/example_dags/example_latest_only_with_trigger.py
[2023-11-25T10:35:00.360+0000] {processor.py:829} INFO - Processing file /home/airflow/.local/lib/python3.8/site-packages/airflow/example_dags/example_latest_only_with_trigger.py for tasks to queue
[2023-11-25T10:35:00.362+0000] {logging_mixin.py:154} INFO - [2023-11-25T10:35:00.362+0000] {dagbag.py:536} INFO - Filling up the DagBag from /home/airflow/.local/lib/python3.8/site-packages/airflow/example_dags/example_latest_only_with_trigger.py
[2023-11-25T10:35:00.368+0000] {processor.py:839} INFO - DAG(s) dict_keys(['latest_only_with_trigger']) retrieved from /home/airflow/.local/lib/python3.8/site-packages/airflow/example_dags/example_latest_only_with_trigger.py
[2023-11-25T10:35:00.389+0000] {logging_mixin.py:154} INFO - [2023-11-25T10:35:00.389+0000] {dag.py:2941} INFO - Sync 1 DAGs
[2023-11-25T10:35:00.411+0000] {logging_mixin.py:154} INFO - [2023-11-25T10:35:00.411+0000] {dag.py:3722} INFO - Setting next_dagrun for latest_only_with_trigger to 2023-11-25T06:35:00.411203+00:00, run_after=2023-11-25T10:35:00.411203+00:00
[2023-11-25T10:35:00.428+0000] {processor.py:179} INFO - Processing /home/airflow/.local/lib/python3.8/site-packages/airflow/example_dags/example_latest_only_with_trigger.py took 0.072 seconds
[2023-11-25T10:35:31.877+0000] {processor.py:157} INFO - Started process (PID=1339) to work on /home/airflow/.local/lib/python3.8/site-packages/airflow/example_dags/example_latest_only_with_trigger.py
[2023-11-25T10:35:31.878+0000] {processor.py:829} INFO - Processing file /home/airflow/.local/lib/python3.8/site-packages/airflow/example_dags/example_latest_only_with_trigger.py for tasks to queue
[2023-11-25T10:35:31.881+0000] {logging_mixin.py:154} INFO - [2023-11-25T10:35:31.880+0000] {dagbag.py:536} INFO - Filling up the DagBag from /home/airflow/.local/lib/python3.8/site-packages/airflow/example_dags/example_latest_only_with_trigger.py
[2023-11-25T10:35:31.888+0000] {processor.py:839} INFO - DAG(s) dict_keys(['latest_only_with_trigger']) retrieved from /home/airflow/.local/lib/python3.8/site-packages/airflow/example_dags/example_latest_only_with_trigger.py
[2023-11-25T10:35:31.920+0000] {logging_mixin.py:154} INFO - [2023-11-25T10:35:31.920+0000] {dag.py:2941} INFO - Sync 1 DAGs
[2023-11-25T10:35:32.150+0000] {logging_mixin.py:154} INFO - [2023-11-25T10:35:32.150+0000] {dag.py:3722} INFO - Setting next_dagrun for latest_only_with_trigger to 2023-11-25T06:35:32.150002+00:00, run_after=2023-11-25T10:35:32.150002+00:00
[2023-11-25T10:35:32.173+0000] {processor.py:179} INFO - Processing /home/airflow/.local/lib/python3.8/site-packages/airflow/example_dags/example_latest_only_with_trigger.py took 0.300 seconds
[2023-11-25T10:36:02.390+0000] {processor.py:157} INFO - Started process (PID=1393) to work on /home/airflow/.local/lib/python3.8/site-packages/airflow/example_dags/example_latest_only_with_trigger.py
[2023-11-25T10:36:02.391+0000] {processor.py:829} INFO - Processing file /home/airflow/.local/lib/python3.8/site-packages/airflow/example_dags/example_latest_only_with_trigger.py for tasks to queue
[2023-11-25T10:36:02.393+0000] {logging_mixin.py:154} INFO - [2023-11-25T10:36:02.393+0000] {dagbag.py:536} INFO - Filling up the DagBag from /home/airflow/.local/lib/python3.8/site-packages/airflow/example_dags/example_latest_only_with_trigger.py
[2023-11-25T10:36:02.398+0000] {processor.py:839} INFO - DAG(s) dict_keys(['latest_only_with_trigger']) retrieved from /home/airflow/.local/lib/python3.8/site-packages/airflow/example_dags/example_latest_only_with_trigger.py
[2023-11-25T10:36:02.420+0000] {logging_mixin.py:154} INFO - [2023-11-25T10:36:02.420+0000] {dag.py:2941} INFO - Sync 1 DAGs
[2023-11-25T10:36:02.443+0000] {logging_mixin.py:154} INFO - [2023-11-25T10:36:02.442+0000] {dag.py:3722} INFO - Setting next_dagrun for latest_only_with_trigger to 2023-11-25T06:36:02.442627+00:00, run_after=2023-11-25T10:36:02.442627+00:00
[2023-11-25T10:36:02.460+0000] {processor.py:179} INFO - Processing /home/airflow/.local/lib/python3.8/site-packages/airflow/example_dags/example_latest_only_with_trigger.py took 0.072 seconds
[2023-11-25T10:36:32.819+0000] {processor.py:157} INFO - Started process (PID=1447) to work on /home/airflow/.local/lib/python3.8/site-packages/airflow/example_dags/example_latest_only_with_trigger.py
[2023-11-25T10:36:32.820+0000] {processor.py:829} INFO - Processing file /home/airflow/.local/lib/python3.8/site-packages/airflow/example_dags/example_latest_only_with_trigger.py for tasks to queue
[2023-11-25T10:36:32.822+0000] {logging_mixin.py:154} INFO - [2023-11-25T10:36:32.821+0000] {dagbag.py:536} INFO - Filling up the DagBag from /home/airflow/.local/lib/python3.8/site-packages/airflow/example_dags/example_latest_only_with_trigger.py
[2023-11-25T10:36:32.828+0000] {processor.py:839} INFO - DAG(s) dict_keys(['latest_only_with_trigger']) retrieved from /home/airflow/.local/lib/python3.8/site-packages/airflow/example_dags/example_latest_only_with_trigger.py
[2023-11-25T10:36:32.847+0000] {logging_mixin.py:154} INFO - [2023-11-25T10:36:32.846+0000] {dag.py:2941} INFO - Sync 1 DAGs
[2023-11-25T10:36:32.866+0000] {logging_mixin.py:154} INFO - [2023-11-25T10:36:32.866+0000] {dag.py:3722} INFO - Setting next_dagrun for latest_only_with_trigger to 2023-11-25T06:36:32.866387+00:00, run_after=2023-11-25T10:36:32.866387+00:00
[2023-11-25T10:36:32.881+0000] {processor.py:179} INFO - Processing /home/airflow/.local/lib/python3.8/site-packages/airflow/example_dags/example_latest_only_with_trigger.py took 0.066 seconds
[2023-11-25T10:37:04.068+0000] {processor.py:157} INFO - Started process (PID=1500) to work on /home/airflow/.local/lib/python3.8/site-packages/airflow/example_dags/example_latest_only_with_trigger.py
[2023-11-25T10:37:04.068+0000] {processor.py:829} INFO - Processing file /home/airflow/.local/lib/python3.8/site-packages/airflow/example_dags/example_latest_only_with_trigger.py for tasks to queue
[2023-11-25T10:37:04.070+0000] {logging_mixin.py:154} INFO - [2023-11-25T10:37:04.070+0000] {dagbag.py:536} INFO - Filling up the DagBag from /home/airflow/.local/lib/python3.8/site-packages/airflow/example_dags/example_latest_only_with_trigger.py
[2023-11-25T10:37:04.076+0000] {processor.py:839} INFO - DAG(s) dict_keys(['latest_only_with_trigger']) retrieved from /home/airflow/.local/lib/python3.8/site-packages/airflow/example_dags/example_latest_only_with_trigger.py
[2023-11-25T10:37:04.100+0000] {logging_mixin.py:154} INFO - [2023-11-25T10:37:04.100+0000] {dag.py:2941} INFO - Sync 1 DAGs
[2023-11-25T10:37:04.273+0000] {logging_mixin.py:154} INFO - [2023-11-25T10:37:04.273+0000] {dag.py:3722} INFO - Setting next_dagrun for latest_only_with_trigger to 2023-11-25T06:37:04.273369+00:00, run_after=2023-11-25T10:37:04.273369+00:00
[2023-11-25T10:37:04.296+0000] {processor.py:179} INFO - Processing /home/airflow/.local/lib/python3.8/site-packages/airflow/example_dags/example_latest_only_with_trigger.py took 0.231 seconds
[2023-11-25T10:37:34.770+0000] {processor.py:157} INFO - Started process (PID=1554) to work on /home/airflow/.local/lib/python3.8/site-packages/airflow/example_dags/example_latest_only_with_trigger.py
[2023-11-25T10:37:34.771+0000] {processor.py:829} INFO - Processing file /home/airflow/.local/lib/python3.8/site-packages/airflow/example_dags/example_latest_only_with_trigger.py for tasks to queue
[2023-11-25T10:37:34.773+0000] {logging_mixin.py:154} INFO - [2023-11-25T10:37:34.773+0000] {dagbag.py:536} INFO - Filling up the DagBag from /home/airflow/.local/lib/python3.8/site-packages/airflow/example_dags/example_latest_only_with_trigger.py
[2023-11-25T10:37:34.778+0000] {processor.py:839} INFO - DAG(s) dict_keys(['latest_only_with_trigger']) retrieved from /home/airflow/.local/lib/python3.8/site-packages/airflow/example_dags/example_latest_only_with_trigger.py
[2023-11-25T10:37:34.800+0000] {logging_mixin.py:154} INFO - [2023-11-25T10:37:34.800+0000] {dag.py:2941} INFO - Sync 1 DAGs
[2023-11-25T10:37:34.824+0000] {logging_mixin.py:154} INFO - [2023-11-25T10:37:34.824+0000] {dag.py:3722} INFO - Setting next_dagrun for latest_only_with_trigger to 2023-11-25T06:37:34.823907+00:00, run_after=2023-11-25T10:37:34.823907+00:00
[2023-11-25T10:37:34.841+0000] {processor.py:179} INFO - Processing /home/airflow/.local/lib/python3.8/site-packages/airflow/example_dags/example_latest_only_with_trigger.py took 0.074 seconds
[2023-11-25T10:38:05.240+0000] {processor.py:157} INFO - Started process (PID=1608) to work on /home/airflow/.local/lib/python3.8/site-packages/airflow/example_dags/example_latest_only_with_trigger.py
[2023-11-25T10:38:05.245+0000] {processor.py:829} INFO - Processing file /home/airflow/.local/lib/python3.8/site-packages/airflow/example_dags/example_latest_only_with_trigger.py for tasks to queue
[2023-11-25T10:38:05.248+0000] {logging_mixin.py:154} INFO - [2023-11-25T10:38:05.248+0000] {dagbag.py:536} INFO - Filling up the DagBag from /home/airflow/.local/lib/python3.8/site-packages/airflow/example_dags/example_latest_only_with_trigger.py
[2023-11-25T10:38:05.255+0000] {processor.py:839} INFO - DAG(s) dict_keys(['latest_only_with_trigger']) retrieved from /home/airflow/.local/lib/python3.8/site-packages/airflow/example_dags/example_latest_only_with_trigger.py
[2023-11-25T10:38:05.276+0000] {logging_mixin.py:154} INFO - [2023-11-25T10:38:05.276+0000] {dag.py:2941} INFO - Sync 1 DAGs
[2023-11-25T10:38:05.295+0000] {logging_mixin.py:154} INFO - [2023-11-25T10:38:05.295+0000] {dag.py:3722} INFO - Setting next_dagrun for latest_only_with_trigger to 2023-11-25T06:38:05.295157+00:00, run_after=2023-11-25T10:38:05.295157+00:00
[2023-11-25T10:38:05.314+0000] {processor.py:179} INFO - Processing /home/airflow/.local/lib/python3.8/site-packages/airflow/example_dags/example_latest_only_with_trigger.py took 0.077 seconds
[2023-11-25T10:38:35.395+0000] {processor.py:157} INFO - Started process (PID=1662) to work on /home/airflow/.local/lib/python3.8/site-packages/airflow/example_dags/example_latest_only_with_trigger.py
[2023-11-25T10:38:35.395+0000] {processor.py:829} INFO - Processing file /home/airflow/.local/lib/python3.8/site-packages/airflow/example_dags/example_latest_only_with_trigger.py for tasks to queue
[2023-11-25T10:38:35.397+0000] {logging_mixin.py:154} INFO - [2023-11-25T10:38:35.397+0000] {dagbag.py:536} INFO - Filling up the DagBag from /home/airflow/.local/lib/python3.8/site-packages/airflow/example_dags/example_latest_only_with_trigger.py
[2023-11-25T10:38:35.403+0000] {processor.py:839} INFO - DAG(s) dict_keys(['latest_only_with_trigger']) retrieved from /home/airflow/.local/lib/python3.8/site-packages/airflow/example_dags/example_latest_only_with_trigger.py
[2023-11-25T10:38:35.428+0000] {logging_mixin.py:154} INFO - [2023-11-25T10:38:35.427+0000] {dag.py:2941} INFO - Sync 1 DAGs
[2023-11-25T10:38:35.459+0000] {logging_mixin.py:154} INFO - [2023-11-25T10:38:35.459+0000] {dag.py:3722} INFO - Setting next_dagrun for latest_only_with_trigger to 2023-11-25T06:38:35.458910+00:00, run_after=2023-11-25T10:38:35.458910+00:00
[2023-11-25T10:38:35.485+0000] {processor.py:179} INFO - Processing /home/airflow/.local/lib/python3.8/site-packages/airflow/example_dags/example_latest_only_with_trigger.py took 0.094 seconds
[2023-11-25T10:39:05.844+0000] {processor.py:157} INFO - Started process (PID=1716) to work on /home/airflow/.local/lib/python3.8/site-packages/airflow/example_dags/example_latest_only_with_trigger.py
[2023-11-25T10:39:05.845+0000] {processor.py:829} INFO - Processing file /home/airflow/.local/lib/python3.8/site-packages/airflow/example_dags/example_latest_only_with_trigger.py for tasks to queue
[2023-11-25T10:39:05.848+0000] {logging_mixin.py:154} INFO - [2023-11-25T10:39:05.847+0000] {dagbag.py:536} INFO - Filling up the DagBag from /home/airflow/.local/lib/python3.8/site-packages/airflow/example_dags/example_latest_only_with_trigger.py
[2023-11-25T10:39:05.856+0000] {processor.py:839} INFO - DAG(s) dict_keys(['latest_only_with_trigger']) retrieved from /home/airflow/.local/lib/python3.8/site-packages/airflow/example_dags/example_latest_only_with_trigger.py
[2023-11-25T10:39:05.880+0000] {logging_mixin.py:154} INFO - [2023-11-25T10:39:05.880+0000] {dag.py:2941} INFO - Sync 1 DAGs
[2023-11-25T10:39:05.911+0000] {logging_mixin.py:154} INFO - [2023-11-25T10:39:05.911+0000] {dag.py:3722} INFO - Setting next_dagrun for latest_only_with_trigger to 2023-11-25T06:39:05.911078+00:00, run_after=2023-11-25T10:39:05.911078+00:00
[2023-11-25T10:39:05.932+0000] {processor.py:179} INFO - Processing /home/airflow/.local/lib/python3.8/site-packages/airflow/example_dags/example_latest_only_with_trigger.py took 0.093 seconds
[2023-11-25T10:39:36.043+0000] {processor.py:157} INFO - Started process (PID=1770) to work on /home/airflow/.local/lib/python3.8/site-packages/airflow/example_dags/example_latest_only_with_trigger.py
[2023-11-25T10:39:36.044+0000] {processor.py:829} INFO - Processing file /home/airflow/.local/lib/python3.8/site-packages/airflow/example_dags/example_latest_only_with_trigger.py for tasks to queue
[2023-11-25T10:39:36.047+0000] {logging_mixin.py:154} INFO - [2023-11-25T10:39:36.046+0000] {dagbag.py:536} INFO - Filling up the DagBag from /home/airflow/.local/lib/python3.8/site-packages/airflow/example_dags/example_latest_only_with_trigger.py
[2023-11-25T10:39:36.054+0000] {processor.py:839} INFO - DAG(s) dict_keys(['latest_only_with_trigger']) retrieved from /home/airflow/.local/lib/python3.8/site-packages/airflow/example_dags/example_latest_only_with_trigger.py
[2023-11-25T10:39:36.076+0000] {logging_mixin.py:154} INFO - [2023-11-25T10:39:36.076+0000] {dag.py:2941} INFO - Sync 1 DAGs
[2023-11-25T10:39:36.100+0000] {logging_mixin.py:154} INFO - [2023-11-25T10:39:36.100+0000] {dag.py:3722} INFO - Setting next_dagrun for latest_only_with_trigger to 2023-11-25T06:39:36.100224+00:00, run_after=2023-11-25T10:39:36.100224+00:00
[2023-11-25T10:39:36.122+0000] {processor.py:179} INFO - Processing /home/airflow/.local/lib/python3.8/site-packages/airflow/example_dags/example_latest_only_with_trigger.py took 0.083 seconds
[2023-11-25T10:40:06.514+0000] {processor.py:157} INFO - Started process (PID=1824) to work on /home/airflow/.local/lib/python3.8/site-packages/airflow/example_dags/example_latest_only_with_trigger.py
[2023-11-25T10:40:06.515+0000] {processor.py:829} INFO - Processing file /home/airflow/.local/lib/python3.8/site-packages/airflow/example_dags/example_latest_only_with_trigger.py for tasks to queue
[2023-11-25T10:40:06.517+0000] {logging_mixin.py:154} INFO - [2023-11-25T10:40:06.517+0000] {dagbag.py:536} INFO - Filling up the DagBag from /home/airflow/.local/lib/python3.8/site-packages/airflow/example_dags/example_latest_only_with_trigger.py
[2023-11-25T10:40:06.523+0000] {processor.py:839} INFO - DAG(s) dict_keys(['latest_only_with_trigger']) retrieved from /home/airflow/.local/lib/python3.8/site-packages/airflow/example_dags/example_latest_only_with_trigger.py
[2023-11-25T10:40:06.548+0000] {logging_mixin.py:154} INFO - [2023-11-25T10:40:06.548+0000] {dag.py:2941} INFO - Sync 1 DAGs
[2023-11-25T10:40:06.573+0000] {logging_mixin.py:154} INFO - [2023-11-25T10:40:06.573+0000] {dag.py:3722} INFO - Setting next_dagrun for latest_only_with_trigger to 2023-11-25T06:40:06.573423+00:00, run_after=2023-11-25T10:40:06.573423+00:00
[2023-11-25T10:40:06.594+0000] {processor.py:179} INFO - Processing /home/airflow/.local/lib/python3.8/site-packages/airflow/example_dags/example_latest_only_with_trigger.py took 0.084 seconds
[2023-11-25T11:05:04.933+0000] {processor.py:157} INFO - Started process (PID=39) to work on /home/airflow/.local/lib/python3.8/site-packages/airflow/example_dags/example_latest_only_with_trigger.py
[2023-11-25T11:05:04.941+0000] {processor.py:829} INFO - Processing file /home/airflow/.local/lib/python3.8/site-packages/airflow/example_dags/example_latest_only_with_trigger.py for tasks to queue
[2023-11-25T11:05:04.945+0000] {logging_mixin.py:154} INFO - [2023-11-25T11:05:04.944+0000] {dagbag.py:536} INFO - Filling up the DagBag from /home/airflow/.local/lib/python3.8/site-packages/airflow/example_dags/example_latest_only_with_trigger.py
[2023-11-25T11:05:04.964+0000] {processor.py:839} INFO - DAG(s) dict_keys(['latest_only_with_trigger']) retrieved from /home/airflow/.local/lib/python3.8/site-packages/airflow/example_dags/example_latest_only_with_trigger.py
[2023-11-25T11:05:05.004+0000] {logging_mixin.py:154} INFO - [2023-11-25T11:05:05.004+0000] {dag.py:2941} INFO - Sync 1 DAGs
[2023-11-25T11:05:05.041+0000] {logging_mixin.py:154} INFO - [2023-11-25T11:05:05.041+0000] {dag.py:3722} INFO - Setting next_dagrun for latest_only_with_trigger to 2023-11-25T07:05:05.041392+00:00, run_after=2023-11-25T11:05:05.041392+00:00
[2023-11-25T11:05:05.130+0000] {processor.py:179} INFO - Processing /home/airflow/.local/lib/python3.8/site-packages/airflow/example_dags/example_latest_only_with_trigger.py took 0.203 seconds
[2023-11-25T11:05:35.761+0000] {processor.py:157} INFO - Started process (PID=93) to work on /home/airflow/.local/lib/python3.8/site-packages/airflow/example_dags/example_latest_only_with_trigger.py
[2023-11-25T11:05:35.762+0000] {processor.py:829} INFO - Processing file /home/airflow/.local/lib/python3.8/site-packages/airflow/example_dags/example_latest_only_with_trigger.py for tasks to queue
[2023-11-25T11:05:35.766+0000] {logging_mixin.py:154} INFO - [2023-11-25T11:05:35.765+0000] {dagbag.py:536} INFO - Filling up the DagBag from /home/airflow/.local/lib/python3.8/site-packages/airflow/example_dags/example_latest_only_with_trigger.py
[2023-11-25T11:05:35.774+0000] {processor.py:839} INFO - DAG(s) dict_keys(['latest_only_with_trigger']) retrieved from /home/airflow/.local/lib/python3.8/site-packages/airflow/example_dags/example_latest_only_with_trigger.py
[2023-11-25T11:05:35.804+0000] {logging_mixin.py:154} INFO - [2023-11-25T11:05:35.803+0000] {dag.py:2941} INFO - Sync 1 DAGs
[2023-11-25T11:05:35.840+0000] {logging_mixin.py:154} INFO - [2023-11-25T11:05:35.840+0000] {dag.py:3722} INFO - Setting next_dagrun for latest_only_with_trigger to 2023-11-25T07:05:35.839898+00:00, run_after=2023-11-25T11:05:35.839898+00:00
[2023-11-25T11:05:35.866+0000] {processor.py:179} INFO - Processing /home/airflow/.local/lib/python3.8/site-packages/airflow/example_dags/example_latest_only_with_trigger.py took 0.110 seconds
[2023-11-25T11:06:05.950+0000] {processor.py:157} INFO - Started process (PID=147) to work on /home/airflow/.local/lib/python3.8/site-packages/airflow/example_dags/example_latest_only_with_trigger.py
[2023-11-25T11:06:05.950+0000] {processor.py:829} INFO - Processing file /home/airflow/.local/lib/python3.8/site-packages/airflow/example_dags/example_latest_only_with_trigger.py for tasks to queue
[2023-11-25T11:06:05.952+0000] {logging_mixin.py:154} INFO - [2023-11-25T11:06:05.952+0000] {dagbag.py:536} INFO - Filling up the DagBag from /home/airflow/.local/lib/python3.8/site-packages/airflow/example_dags/example_latest_only_with_trigger.py
[2023-11-25T11:06:05.958+0000] {processor.py:839} INFO - DAG(s) dict_keys(['latest_only_with_trigger']) retrieved from /home/airflow/.local/lib/python3.8/site-packages/airflow/example_dags/example_latest_only_with_trigger.py
[2023-11-25T11:06:05.981+0000] {logging_mixin.py:154} INFO - [2023-11-25T11:06:05.981+0000] {dag.py:2941} INFO - Sync 1 DAGs
[2023-11-25T11:06:06.011+0000] {logging_mixin.py:154} INFO - [2023-11-25T11:06:06.010+0000] {dag.py:3722} INFO - Setting next_dagrun for latest_only_with_trigger to 2023-11-25T07:06:06.010645+00:00, run_after=2023-11-25T11:06:06.010645+00:00
[2023-11-25T11:06:06.037+0000] {processor.py:179} INFO - Processing /home/airflow/.local/lib/python3.8/site-packages/airflow/example_dags/example_latest_only_with_trigger.py took 0.091 seconds
[2023-11-25T11:07:40.690+0000] {processor.py:157} INFO - Started process (PID=39) to work on /home/airflow/.local/lib/python3.8/site-packages/airflow/example_dags/example_latest_only_with_trigger.py
[2023-11-25T11:07:40.695+0000] {processor.py:829} INFO - Processing file /home/airflow/.local/lib/python3.8/site-packages/airflow/example_dags/example_latest_only_with_trigger.py for tasks to queue
[2023-11-25T11:07:40.699+0000] {logging_mixin.py:154} INFO - [2023-11-25T11:07:40.699+0000] {dagbag.py:536} INFO - Filling up the DagBag from /home/airflow/.local/lib/python3.8/site-packages/airflow/example_dags/example_latest_only_with_trigger.py
[2023-11-25T11:07:40.713+0000] {processor.py:839} INFO - DAG(s) dict_keys(['latest_only_with_trigger']) retrieved from /home/airflow/.local/lib/python3.8/site-packages/airflow/example_dags/example_latest_only_with_trigger.py
[2023-11-25T11:07:40.748+0000] {logging_mixin.py:154} INFO - [2023-11-25T11:07:40.748+0000] {dag.py:2941} INFO - Sync 1 DAGs
[2023-11-25T11:07:40.823+0000] {logging_mixin.py:154} INFO - [2023-11-25T11:07:40.823+0000] {dag.py:3722} INFO - Setting next_dagrun for latest_only_with_trigger to 2023-11-25T07:07:40.823017+00:00, run_after=2023-11-25T11:07:40.823017+00:00
[2023-11-25T11:07:40.855+0000] {processor.py:179} INFO - Processing /home/airflow/.local/lib/python3.8/site-packages/airflow/example_dags/example_latest_only_with_trigger.py took 0.185 seconds
[2023-11-25T11:08:11.374+0000] {processor.py:157} INFO - Started process (PID=93) to work on /home/airflow/.local/lib/python3.8/site-packages/airflow/example_dags/example_latest_only_with_trigger.py
[2023-11-25T11:08:11.375+0000] {processor.py:829} INFO - Processing file /home/airflow/.local/lib/python3.8/site-packages/airflow/example_dags/example_latest_only_with_trigger.py for tasks to queue
[2023-11-25T11:08:11.377+0000] {logging_mixin.py:154} INFO - [2023-11-25T11:08:11.376+0000] {dagbag.py:536} INFO - Filling up the DagBag from /home/airflow/.local/lib/python3.8/site-packages/airflow/example_dags/example_latest_only_with_trigger.py
[2023-11-25T11:08:11.382+0000] {processor.py:839} INFO - DAG(s) dict_keys(['latest_only_with_trigger']) retrieved from /home/airflow/.local/lib/python3.8/site-packages/airflow/example_dags/example_latest_only_with_trigger.py
[2023-11-25T11:08:11.402+0000] {logging_mixin.py:154} INFO - [2023-11-25T11:08:11.402+0000] {dag.py:2941} INFO - Sync 1 DAGs
[2023-11-25T11:08:11.430+0000] {logging_mixin.py:154} INFO - [2023-11-25T11:08:11.430+0000] {dag.py:3722} INFO - Setting next_dagrun for latest_only_with_trigger to 2023-11-25T07:08:11.430270+00:00, run_after=2023-11-25T11:08:11.430270+00:00
[2023-11-25T11:08:11.458+0000] {processor.py:179} INFO - Processing /home/airflow/.local/lib/python3.8/site-packages/airflow/example_dags/example_latest_only_with_trigger.py took 0.087 seconds
[2023-11-25T11:08:41.927+0000] {processor.py:157} INFO - Started process (PID=147) to work on /home/airflow/.local/lib/python3.8/site-packages/airflow/example_dags/example_latest_only_with_trigger.py
[2023-11-25T11:08:41.928+0000] {processor.py:829} INFO - Processing file /home/airflow/.local/lib/python3.8/site-packages/airflow/example_dags/example_latest_only_with_trigger.py for tasks to queue
[2023-11-25T11:08:41.929+0000] {logging_mixin.py:154} INFO - [2023-11-25T11:08:41.929+0000] {dagbag.py:536} INFO - Filling up the DagBag from /home/airflow/.local/lib/python3.8/site-packages/airflow/example_dags/example_latest_only_with_trigger.py
[2023-11-25T11:08:41.937+0000] {processor.py:839} INFO - DAG(s) dict_keys(['latest_only_with_trigger']) retrieved from /home/airflow/.local/lib/python3.8/site-packages/airflow/example_dags/example_latest_only_with_trigger.py
[2023-11-25T11:08:41.966+0000] {logging_mixin.py:154} INFO - [2023-11-25T11:08:41.965+0000] {dag.py:2941} INFO - Sync 1 DAGs
[2023-11-25T11:08:42.000+0000] {logging_mixin.py:154} INFO - [2023-11-25T11:08:42.000+0000] {dag.py:3722} INFO - Setting next_dagrun for latest_only_with_trigger to 2023-11-25T07:08:41.999968+00:00, run_after=2023-11-25T11:08:41.999968+00:00
[2023-11-25T11:08:42.035+0000] {processor.py:179} INFO - Processing /home/airflow/.local/lib/python3.8/site-packages/airflow/example_dags/example_latest_only_with_trigger.py took 0.113 seconds
[2023-11-25T11:09:12.899+0000] {processor.py:157} INFO - Started process (PID=200) to work on /home/airflow/.local/lib/python3.8/site-packages/airflow/example_dags/example_latest_only_with_trigger.py
[2023-11-25T11:09:12.901+0000] {processor.py:829} INFO - Processing file /home/airflow/.local/lib/python3.8/site-packages/airflow/example_dags/example_latest_only_with_trigger.py for tasks to queue
[2023-11-25T11:09:12.904+0000] {logging_mixin.py:154} INFO - [2023-11-25T11:09:12.904+0000] {dagbag.py:536} INFO - Filling up the DagBag from /home/airflow/.local/lib/python3.8/site-packages/airflow/example_dags/example_latest_only_with_trigger.py
[2023-11-25T11:09:12.911+0000] {processor.py:839} INFO - DAG(s) dict_keys(['latest_only_with_trigger']) retrieved from /home/airflow/.local/lib/python3.8/site-packages/airflow/example_dags/example_latest_only_with_trigger.py
[2023-11-25T11:09:12.938+0000] {logging_mixin.py:154} INFO - [2023-11-25T11:09:12.938+0000] {dag.py:2941} INFO - Sync 1 DAGs
[2023-11-25T11:09:12.967+0000] {logging_mixin.py:154} INFO - [2023-11-25T11:09:12.967+0000] {dag.py:3722} INFO - Setting next_dagrun for latest_only_with_trigger to 2023-11-25T07:09:12.967004+00:00, run_after=2023-11-25T11:09:12.967004+00:00
[2023-11-25T11:09:12.987+0000] {processor.py:179} INFO - Processing /home/airflow/.local/lib/python3.8/site-packages/airflow/example_dags/example_latest_only_with_trigger.py took 0.092 seconds
[2023-11-25T11:09:43.455+0000] {processor.py:157} INFO - Started process (PID=254) to work on /home/airflow/.local/lib/python3.8/site-packages/airflow/example_dags/example_latest_only_with_trigger.py
[2023-11-25T11:09:43.456+0000] {processor.py:829} INFO - Processing file /home/airflow/.local/lib/python3.8/site-packages/airflow/example_dags/example_latest_only_with_trigger.py for tasks to queue
[2023-11-25T11:09:43.458+0000] {logging_mixin.py:154} INFO - [2023-11-25T11:09:43.458+0000] {dagbag.py:536} INFO - Filling up the DagBag from /home/airflow/.local/lib/python3.8/site-packages/airflow/example_dags/example_latest_only_with_trigger.py
[2023-11-25T11:09:43.465+0000] {processor.py:839} INFO - DAG(s) dict_keys(['latest_only_with_trigger']) retrieved from /home/airflow/.local/lib/python3.8/site-packages/airflow/example_dags/example_latest_only_with_trigger.py
[2023-11-25T11:09:43.493+0000] {logging_mixin.py:154} INFO - [2023-11-25T11:09:43.493+0000] {dag.py:2941} INFO - Sync 1 DAGs
[2023-11-25T11:09:43.519+0000] {logging_mixin.py:154} INFO - [2023-11-25T11:09:43.519+0000] {dag.py:3722} INFO - Setting next_dagrun for latest_only_with_trigger to 2023-11-25T07:09:43.519382+00:00, run_after=2023-11-25T11:09:43.519382+00:00
[2023-11-25T11:09:43.543+0000] {processor.py:179} INFO - Processing /home/airflow/.local/lib/python3.8/site-packages/airflow/example_dags/example_latest_only_with_trigger.py took 0.092 seconds
[2023-11-25T11:10:13.793+0000] {processor.py:157} INFO - Started process (PID=308) to work on /home/airflow/.local/lib/python3.8/site-packages/airflow/example_dags/example_latest_only_with_trigger.py
[2023-11-25T11:10:13.794+0000] {processor.py:829} INFO - Processing file /home/airflow/.local/lib/python3.8/site-packages/airflow/example_dags/example_latest_only_with_trigger.py for tasks to queue
[2023-11-25T11:10:13.796+0000] {logging_mixin.py:154} INFO - [2023-11-25T11:10:13.795+0000] {dagbag.py:536} INFO - Filling up the DagBag from /home/airflow/.local/lib/python3.8/site-packages/airflow/example_dags/example_latest_only_with_trigger.py
[2023-11-25T11:10:13.800+0000] {processor.py:839} INFO - DAG(s) dict_keys(['latest_only_with_trigger']) retrieved from /home/airflow/.local/lib/python3.8/site-packages/airflow/example_dags/example_latest_only_with_trigger.py
[2023-11-25T11:10:13.820+0000] {logging_mixin.py:154} INFO - [2023-11-25T11:10:13.820+0000] {dag.py:2941} INFO - Sync 1 DAGs
[2023-11-25T11:10:13.845+0000] {logging_mixin.py:154} INFO - [2023-11-25T11:10:13.845+0000] {dag.py:3722} INFO - Setting next_dagrun for latest_only_with_trigger to 2023-11-25T07:10:13.845026+00:00, run_after=2023-11-25T11:10:13.845026+00:00
[2023-11-25T11:10:13.870+0000] {processor.py:179} INFO - Processing /home/airflow/.local/lib/python3.8/site-packages/airflow/example_dags/example_latest_only_with_trigger.py took 0.079 seconds
[2023-11-25T11:10:44.129+0000] {processor.py:157} INFO - Started process (PID=363) to work on /home/airflow/.local/lib/python3.8/site-packages/airflow/example_dags/example_latest_only_with_trigger.py
[2023-11-25T11:10:44.130+0000] {processor.py:829} INFO - Processing file /home/airflow/.local/lib/python3.8/site-packages/airflow/example_dags/example_latest_only_with_trigger.py for tasks to queue
[2023-11-25T11:10:44.132+0000] {logging_mixin.py:154} INFO - [2023-11-25T11:10:44.132+0000] {dagbag.py:536} INFO - Filling up the DagBag from /home/airflow/.local/lib/python3.8/site-packages/airflow/example_dags/example_latest_only_with_trigger.py
[2023-11-25T11:10:44.139+0000] {processor.py:839} INFO - DAG(s) dict_keys(['latest_only_with_trigger']) retrieved from /home/airflow/.local/lib/python3.8/site-packages/airflow/example_dags/example_latest_only_with_trigger.py
[2023-11-25T11:10:44.163+0000] {logging_mixin.py:154} INFO - [2023-11-25T11:10:44.163+0000] {dag.py:2941} INFO - Sync 1 DAGs
[2023-11-25T11:10:44.183+0000] {logging_mixin.py:154} INFO - [2023-11-25T11:10:44.183+0000] {dag.py:3722} INFO - Setting next_dagrun for latest_only_with_trigger to 2023-11-25T07:10:44.183462+00:00, run_after=2023-11-25T11:10:44.183462+00:00
[2023-11-25T11:10:44.208+0000] {processor.py:179} INFO - Processing /home/airflow/.local/lib/python3.8/site-packages/airflow/example_dags/example_latest_only_with_trigger.py took 0.082 seconds
[2023-11-25T11:11:15.278+0000] {processor.py:157} INFO - Started process (PID=417) to work on /home/airflow/.local/lib/python3.8/site-packages/airflow/example_dags/example_latest_only_with_trigger.py
[2023-11-25T11:11:15.279+0000] {processor.py:829} INFO - Processing file /home/airflow/.local/lib/python3.8/site-packages/airflow/example_dags/example_latest_only_with_trigger.py for tasks to queue
[2023-11-25T11:11:15.281+0000] {logging_mixin.py:154} INFO - [2023-11-25T11:11:15.281+0000] {dagbag.py:536} INFO - Filling up the DagBag from /home/airflow/.local/lib/python3.8/site-packages/airflow/example_dags/example_latest_only_with_trigger.py
[2023-11-25T11:11:15.286+0000] {processor.py:839} INFO - DAG(s) dict_keys(['latest_only_with_trigger']) retrieved from /home/airflow/.local/lib/python3.8/site-packages/airflow/example_dags/example_latest_only_with_trigger.py
[2023-11-25T11:11:15.304+0000] {logging_mixin.py:154} INFO - [2023-11-25T11:11:15.304+0000] {dag.py:2941} INFO - Sync 1 DAGs
[2023-11-25T11:11:15.331+0000] {logging_mixin.py:154} INFO - [2023-11-25T11:11:15.330+0000] {dag.py:3722} INFO - Setting next_dagrun for latest_only_with_trigger to 2023-11-25T07:11:15.330596+00:00, run_after=2023-11-25T11:11:15.330596+00:00
[2023-11-25T11:11:15.351+0000] {processor.py:179} INFO - Processing /home/airflow/.local/lib/python3.8/site-packages/airflow/example_dags/example_latest_only_with_trigger.py took 0.077 seconds
[2023-11-25T11:11:45.499+0000] {processor.py:157} INFO - Started process (PID=471) to work on /home/airflow/.local/lib/python3.8/site-packages/airflow/example_dags/example_latest_only_with_trigger.py
[2023-11-25T11:11:45.500+0000] {processor.py:829} INFO - Processing file /home/airflow/.local/lib/python3.8/site-packages/airflow/example_dags/example_latest_only_with_trigger.py for tasks to queue
[2023-11-25T11:11:45.502+0000] {logging_mixin.py:154} INFO - [2023-11-25T11:11:45.501+0000] {dagbag.py:536} INFO - Filling up the DagBag from /home/airflow/.local/lib/python3.8/site-packages/airflow/example_dags/example_latest_only_with_trigger.py
[2023-11-25T11:11:45.506+0000] {processor.py:839} INFO - DAG(s) dict_keys(['latest_only_with_trigger']) retrieved from /home/airflow/.local/lib/python3.8/site-packages/airflow/example_dags/example_latest_only_with_trigger.py
[2023-11-25T11:11:45.532+0000] {logging_mixin.py:154} INFO - [2023-11-25T11:11:45.532+0000] {dag.py:2941} INFO - Sync 1 DAGs
[2023-11-25T11:11:45.561+0000] {logging_mixin.py:154} INFO - [2023-11-25T11:11:45.561+0000] {dag.py:3722} INFO - Setting next_dagrun for latest_only_with_trigger to 2023-11-25T07:11:45.561368+00:00, run_after=2023-11-25T11:11:45.561368+00:00
[2023-11-25T11:11:45.583+0000] {processor.py:179} INFO - Processing /home/airflow/.local/lib/python3.8/site-packages/airflow/example_dags/example_latest_only_with_trigger.py took 0.087 seconds
[2023-11-25T11:12:16.178+0000] {processor.py:157} INFO - Started process (PID=526) to work on /home/airflow/.local/lib/python3.8/site-packages/airflow/example_dags/example_latest_only_with_trigger.py
[2023-11-25T11:12:16.179+0000] {processor.py:829} INFO - Processing file /home/airflow/.local/lib/python3.8/site-packages/airflow/example_dags/example_latest_only_with_trigger.py for tasks to queue
[2023-11-25T11:12:16.182+0000] {logging_mixin.py:154} INFO - [2023-11-25T11:12:16.181+0000] {dagbag.py:536} INFO - Filling up the DagBag from /home/airflow/.local/lib/python3.8/site-packages/airflow/example_dags/example_latest_only_with_trigger.py
[2023-11-25T11:12:16.189+0000] {processor.py:839} INFO - DAG(s) dict_keys(['latest_only_with_trigger']) retrieved from /home/airflow/.local/lib/python3.8/site-packages/airflow/example_dags/example_latest_only_with_trigger.py
[2023-11-25T11:12:16.219+0000] {logging_mixin.py:154} INFO - [2023-11-25T11:12:16.219+0000] {dag.py:2941} INFO - Sync 1 DAGs
[2023-11-25T11:12:16.255+0000] {logging_mixin.py:154} INFO - [2023-11-25T11:12:16.255+0000] {dag.py:3722} INFO - Setting next_dagrun for latest_only_with_trigger to 2023-11-25T07:12:16.254747+00:00, run_after=2023-11-25T11:12:16.254747+00:00
[2023-11-25T11:12:16.287+0000] {processor.py:179} INFO - Processing /home/airflow/.local/lib/python3.8/site-packages/airflow/example_dags/example_latest_only_with_trigger.py took 0.114 seconds
[2023-11-25T11:12:46.963+0000] {processor.py:157} INFO - Started process (PID=579) to work on /home/airflow/.local/lib/python3.8/site-packages/airflow/example_dags/example_latest_only_with_trigger.py
[2023-11-25T11:12:46.964+0000] {processor.py:829} INFO - Processing file /home/airflow/.local/lib/python3.8/site-packages/airflow/example_dags/example_latest_only_with_trigger.py for tasks to queue
[2023-11-25T11:12:46.967+0000] {logging_mixin.py:154} INFO - [2023-11-25T11:12:46.967+0000] {dagbag.py:536} INFO - Filling up the DagBag from /home/airflow/.local/lib/python3.8/site-packages/airflow/example_dags/example_latest_only_with_trigger.py
[2023-11-25T11:12:46.972+0000] {processor.py:839} INFO - DAG(s) dict_keys(['latest_only_with_trigger']) retrieved from /home/airflow/.local/lib/python3.8/site-packages/airflow/example_dags/example_latest_only_with_trigger.py
[2023-11-25T11:12:46.991+0000] {logging_mixin.py:154} INFO - [2023-11-25T11:12:46.990+0000] {dag.py:2941} INFO - Sync 1 DAGs
[2023-11-25T11:12:47.010+0000] {logging_mixin.py:154} INFO - [2023-11-25T11:12:47.010+0000] {dag.py:3722} INFO - Setting next_dagrun for latest_only_with_trigger to 2023-11-25T07:12:47.010198+00:00, run_after=2023-11-25T11:12:47.010198+00:00
[2023-11-25T11:12:47.033+0000] {processor.py:179} INFO - Processing /home/airflow/.local/lib/python3.8/site-packages/airflow/example_dags/example_latest_only_with_trigger.py took 0.072 seconds
[2023-11-25T11:13:17.114+0000] {processor.py:157} INFO - Started process (PID=633) to work on /home/airflow/.local/lib/python3.8/site-packages/airflow/example_dags/example_latest_only_with_trigger.py
[2023-11-25T11:13:17.116+0000] {processor.py:829} INFO - Processing file /home/airflow/.local/lib/python3.8/site-packages/airflow/example_dags/example_latest_only_with_trigger.py for tasks to queue
[2023-11-25T11:13:17.119+0000] {logging_mixin.py:154} INFO - [2023-11-25T11:13:17.118+0000] {dagbag.py:536} INFO - Filling up the DagBag from /home/airflow/.local/lib/python3.8/site-packages/airflow/example_dags/example_latest_only_with_trigger.py
[2023-11-25T11:13:17.124+0000] {processor.py:839} INFO - DAG(s) dict_keys(['latest_only_with_trigger']) retrieved from /home/airflow/.local/lib/python3.8/site-packages/airflow/example_dags/example_latest_only_with_trigger.py
[2023-11-25T11:13:17.143+0000] {logging_mixin.py:154} INFO - [2023-11-25T11:13:17.143+0000] {dag.py:2941} INFO - Sync 1 DAGs
[2023-11-25T11:13:17.166+0000] {logging_mixin.py:154} INFO - [2023-11-25T11:13:17.165+0000] {dag.py:3722} INFO - Setting next_dagrun for latest_only_with_trigger to 2023-11-25T07:13:17.165520+00:00, run_after=2023-11-25T11:13:17.165520+00:00
[2023-11-25T11:13:17.200+0000] {processor.py:179} INFO - Processing /home/airflow/.local/lib/python3.8/site-packages/airflow/example_dags/example_latest_only_with_trigger.py took 0.089 seconds
[2023-11-25T11:13:47.577+0000] {processor.py:157} INFO - Started process (PID=688) to work on /home/airflow/.local/lib/python3.8/site-packages/airflow/example_dags/example_latest_only_with_trigger.py
[2023-11-25T11:13:47.578+0000] {processor.py:829} INFO - Processing file /home/airflow/.local/lib/python3.8/site-packages/airflow/example_dags/example_latest_only_with_trigger.py for tasks to queue
[2023-11-25T11:13:47.581+0000] {logging_mixin.py:154} INFO - [2023-11-25T11:13:47.581+0000] {dagbag.py:536} INFO - Filling up the DagBag from /home/airflow/.local/lib/python3.8/site-packages/airflow/example_dags/example_latest_only_with_trigger.py
[2023-11-25T11:13:47.589+0000] {processor.py:839} INFO - DAG(s) dict_keys(['latest_only_with_trigger']) retrieved from /home/airflow/.local/lib/python3.8/site-packages/airflow/example_dags/example_latest_only_with_trigger.py
[2023-11-25T11:13:47.632+0000] {logging_mixin.py:154} INFO - [2023-11-25T11:13:47.632+0000] {dag.py:2941} INFO - Sync 1 DAGs
[2023-11-25T11:13:47.665+0000] {logging_mixin.py:154} INFO - [2023-11-25T11:13:47.665+0000] {dag.py:3722} INFO - Setting next_dagrun for latest_only_with_trigger to 2023-11-25T07:13:47.665127+00:00, run_after=2023-11-25T11:13:47.665127+00:00
[2023-11-25T11:13:47.694+0000] {processor.py:179} INFO - Processing /home/airflow/.local/lib/python3.8/site-packages/airflow/example_dags/example_latest_only_with_trigger.py took 0.123 seconds
