[2023-11-25T10:23:17.599+0000] {processor.py:157} INFO - Started process (PID=38) to work on /home/airflow/.local/lib/python3.8/site-packages/airflow/example_dags/example_branch_operator.py
[2023-11-25T10:23:17.600+0000] {processor.py:829} INFO - Processing file /home/airflow/.local/lib/python3.8/site-packages/airflow/example_dags/example_branch_operator.py for tasks to queue
[2023-11-25T10:23:17.603+0000] {logging_mixin.py:154} INFO - [2023-11-25T10:23:17.603+0000] {dagbag.py:536} INFO - Filling up the DagBag from /home/airflow/.local/lib/python3.8/site-packages/airflow/example_dags/example_branch_operator.py
[2023-11-25T10:23:17.617+0000] {processor.py:839} INFO - DAG(s) dict_keys(['example_branch_operator']) retrieved from /home/airflow/.local/lib/python3.8/site-packages/airflow/example_dags/example_branch_operator.py
[2023-11-25T10:23:17.648+0000] {logging_mixin.py:154} INFO - [2023-11-25T10:23:17.648+0000] {dag.py:2941} INFO - Sync 1 DAGs
[2023-11-25T10:23:17.682+0000] {logging_mixin.py:154} INFO - [2023-11-25T10:23:17.682+0000] {dag.py:3722} INFO - Setting next_dagrun for example_branch_operator to 2023-11-24T00:00:00+00:00, run_after=2023-11-25T00:00:00+00:00
[2023-11-25T10:23:17.719+0000] {processor.py:179} INFO - Processing /home/airflow/.local/lib/python3.8/site-packages/airflow/example_dags/example_branch_operator.py took 0.125 seconds
[2023-11-25T10:23:48.006+0000] {processor.py:157} INFO - Started process (PID=92) to work on /home/airflow/.local/lib/python3.8/site-packages/airflow/example_dags/example_branch_operator.py
[2023-11-25T10:23:48.006+0000] {processor.py:829} INFO - Processing file /home/airflow/.local/lib/python3.8/site-packages/airflow/example_dags/example_branch_operator.py for tasks to queue
[2023-11-25T10:23:48.008+0000] {logging_mixin.py:154} INFO - [2023-11-25T10:23:48.008+0000] {dagbag.py:536} INFO - Filling up the DagBag from /home/airflow/.local/lib/python3.8/site-packages/airflow/example_dags/example_branch_operator.py
[2023-11-25T10:23:48.019+0000] {processor.py:839} INFO - DAG(s) dict_keys(['example_branch_operator']) retrieved from /home/airflow/.local/lib/python3.8/site-packages/airflow/example_dags/example_branch_operator.py
[2023-11-25T10:23:48.039+0000] {logging_mixin.py:154} INFO - [2023-11-25T10:23:48.039+0000] {dag.py:2941} INFO - Sync 1 DAGs
[2023-11-25T10:23:48.068+0000] {logging_mixin.py:154} INFO - [2023-11-25T10:23:48.068+0000] {dag.py:3722} INFO - Setting next_dagrun for example_branch_operator to 2023-11-24T00:00:00+00:00, run_after=2023-11-25T00:00:00+00:00
[2023-11-25T10:23:48.094+0000] {processor.py:179} INFO - Processing /home/airflow/.local/lib/python3.8/site-packages/airflow/example_dags/example_branch_operator.py took 0.092 seconds
[2023-11-25T10:24:18.912+0000] {processor.py:157} INFO - Started process (PID=146) to work on /home/airflow/.local/lib/python3.8/site-packages/airflow/example_dags/example_branch_operator.py
[2023-11-25T10:24:18.913+0000] {processor.py:829} INFO - Processing file /home/airflow/.local/lib/python3.8/site-packages/airflow/example_dags/example_branch_operator.py for tasks to queue
[2023-11-25T10:24:18.916+0000] {logging_mixin.py:154} INFO - [2023-11-25T10:24:18.915+0000] {dagbag.py:536} INFO - Filling up the DagBag from /home/airflow/.local/lib/python3.8/site-packages/airflow/example_dags/example_branch_operator.py
[2023-11-25T10:24:18.927+0000] {processor.py:839} INFO - DAG(s) dict_keys(['example_branch_operator']) retrieved from /home/airflow/.local/lib/python3.8/site-packages/airflow/example_dags/example_branch_operator.py
[2023-11-25T10:24:18.953+0000] {logging_mixin.py:154} INFO - [2023-11-25T10:24:18.953+0000] {dag.py:2941} INFO - Sync 1 DAGs
[2023-11-25T10:24:18.982+0000] {logging_mixin.py:154} INFO - [2023-11-25T10:24:18.982+0000] {dag.py:3722} INFO - Setting next_dagrun for example_branch_operator to 2023-11-24T00:00:00+00:00, run_after=2023-11-25T00:00:00+00:00
[2023-11-25T10:24:19.005+0000] {processor.py:179} INFO - Processing /home/airflow/.local/lib/python3.8/site-packages/airflow/example_dags/example_branch_operator.py took 0.096 seconds
[2023-11-25T10:24:49.078+0000] {processor.py:157} INFO - Started process (PID=200) to work on /home/airflow/.local/lib/python3.8/site-packages/airflow/example_dags/example_branch_operator.py
[2023-11-25T10:24:49.082+0000] {processor.py:829} INFO - Processing file /home/airflow/.local/lib/python3.8/site-packages/airflow/example_dags/example_branch_operator.py for tasks to queue
[2023-11-25T10:24:49.084+0000] {logging_mixin.py:154} INFO - [2023-11-25T10:24:49.084+0000] {dagbag.py:536} INFO - Filling up the DagBag from /home/airflow/.local/lib/python3.8/site-packages/airflow/example_dags/example_branch_operator.py
[2023-11-25T10:24:49.097+0000] {processor.py:839} INFO - DAG(s) dict_keys(['example_branch_operator']) retrieved from /home/airflow/.local/lib/python3.8/site-packages/airflow/example_dags/example_branch_operator.py
[2023-11-25T10:24:49.123+0000] {logging_mixin.py:154} INFO - [2023-11-25T10:24:49.123+0000] {dag.py:2941} INFO - Sync 1 DAGs
[2023-11-25T10:24:49.148+0000] {logging_mixin.py:154} INFO - [2023-11-25T10:24:49.148+0000] {dag.py:3722} INFO - Setting next_dagrun for example_branch_operator to 2023-11-24T00:00:00+00:00, run_after=2023-11-25T00:00:00+00:00
[2023-11-25T10:24:49.169+0000] {processor.py:179} INFO - Processing /home/airflow/.local/lib/python3.8/site-packages/airflow/example_dags/example_branch_operator.py took 0.094 seconds
[2023-11-25T10:25:19.650+0000] {processor.py:157} INFO - Started process (PID=254) to work on /home/airflow/.local/lib/python3.8/site-packages/airflow/example_dags/example_branch_operator.py
[2023-11-25T10:25:19.655+0000] {processor.py:829} INFO - Processing file /home/airflow/.local/lib/python3.8/site-packages/airflow/example_dags/example_branch_operator.py for tasks to queue
[2023-11-25T10:25:19.657+0000] {logging_mixin.py:154} INFO - [2023-11-25T10:25:19.657+0000] {dagbag.py:536} INFO - Filling up the DagBag from /home/airflow/.local/lib/python3.8/site-packages/airflow/example_dags/example_branch_operator.py
[2023-11-25T10:25:19.672+0000] {processor.py:839} INFO - DAG(s) dict_keys(['example_branch_operator']) retrieved from /home/airflow/.local/lib/python3.8/site-packages/airflow/example_dags/example_branch_operator.py
[2023-11-25T10:25:19.701+0000] {logging_mixin.py:154} INFO - [2023-11-25T10:25:19.701+0000] {dag.py:2941} INFO - Sync 1 DAGs
[2023-11-25T10:25:19.728+0000] {logging_mixin.py:154} INFO - [2023-11-25T10:25:19.728+0000] {dag.py:3722} INFO - Setting next_dagrun for example_branch_operator to 2023-11-24T00:00:00+00:00, run_after=2023-11-25T00:00:00+00:00
[2023-11-25T10:25:19.756+0000] {processor.py:179} INFO - Processing /home/airflow/.local/lib/python3.8/site-packages/airflow/example_dags/example_branch_operator.py took 0.111 seconds
[2023-11-25T10:25:50.361+0000] {processor.py:157} INFO - Started process (PID=308) to work on /home/airflow/.local/lib/python3.8/site-packages/airflow/example_dags/example_branch_operator.py
[2023-11-25T10:25:50.361+0000] {processor.py:829} INFO - Processing file /home/airflow/.local/lib/python3.8/site-packages/airflow/example_dags/example_branch_operator.py for tasks to queue
[2023-11-25T10:25:50.364+0000] {logging_mixin.py:154} INFO - [2023-11-25T10:25:50.363+0000] {dagbag.py:536} INFO - Filling up the DagBag from /home/airflow/.local/lib/python3.8/site-packages/airflow/example_dags/example_branch_operator.py
[2023-11-25T10:25:50.374+0000] {processor.py:839} INFO - DAG(s) dict_keys(['example_branch_operator']) retrieved from /home/airflow/.local/lib/python3.8/site-packages/airflow/example_dags/example_branch_operator.py
[2023-11-25T10:25:50.395+0000] {logging_mixin.py:154} INFO - [2023-11-25T10:25:50.395+0000] {dag.py:2941} INFO - Sync 1 DAGs
[2023-11-25T10:25:50.422+0000] {logging_mixin.py:154} INFO - [2023-11-25T10:25:50.422+0000] {dag.py:3722} INFO - Setting next_dagrun for example_branch_operator to 2023-11-24T00:00:00+00:00, run_after=2023-11-25T00:00:00+00:00
[2023-11-25T10:25:50.442+0000] {processor.py:179} INFO - Processing /home/airflow/.local/lib/python3.8/site-packages/airflow/example_dags/example_branch_operator.py took 0.084 seconds
[2023-11-25T10:26:20.715+0000] {processor.py:157} INFO - Started process (PID=362) to work on /home/airflow/.local/lib/python3.8/site-packages/airflow/example_dags/example_branch_operator.py
[2023-11-25T10:26:20.722+0000] {processor.py:829} INFO - Processing file /home/airflow/.local/lib/python3.8/site-packages/airflow/example_dags/example_branch_operator.py for tasks to queue
[2023-11-25T10:26:20.724+0000] {logging_mixin.py:154} INFO - [2023-11-25T10:26:20.724+0000] {dagbag.py:536} INFO - Filling up the DagBag from /home/airflow/.local/lib/python3.8/site-packages/airflow/example_dags/example_branch_operator.py
[2023-11-25T10:26:20.737+0000] {processor.py:839} INFO - DAG(s) dict_keys(['example_branch_operator']) retrieved from /home/airflow/.local/lib/python3.8/site-packages/airflow/example_dags/example_branch_operator.py
[2023-11-25T10:26:20.767+0000] {logging_mixin.py:154} INFO - [2023-11-25T10:26:20.767+0000] {dag.py:2941} INFO - Sync 1 DAGs
[2023-11-25T10:26:20.794+0000] {logging_mixin.py:154} INFO - [2023-11-25T10:26:20.794+0000] {dag.py:3722} INFO - Setting next_dagrun for example_branch_operator to 2023-11-24T00:00:00+00:00, run_after=2023-11-25T00:00:00+00:00
[2023-11-25T10:26:20.817+0000] {processor.py:179} INFO - Processing /home/airflow/.local/lib/python3.8/site-packages/airflow/example_dags/example_branch_operator.py took 0.105 seconds
[2023-11-25T10:26:51.430+0000] {processor.py:157} INFO - Started process (PID=416) to work on /home/airflow/.local/lib/python3.8/site-packages/airflow/example_dags/example_branch_operator.py
[2023-11-25T10:26:51.433+0000] {processor.py:829} INFO - Processing file /home/airflow/.local/lib/python3.8/site-packages/airflow/example_dags/example_branch_operator.py for tasks to queue
[2023-11-25T10:26:51.436+0000] {logging_mixin.py:154} INFO - [2023-11-25T10:26:51.435+0000] {dagbag.py:536} INFO - Filling up the DagBag from /home/airflow/.local/lib/python3.8/site-packages/airflow/example_dags/example_branch_operator.py
[2023-11-25T10:26:51.449+0000] {processor.py:839} INFO - DAG(s) dict_keys(['example_branch_operator']) retrieved from /home/airflow/.local/lib/python3.8/site-packages/airflow/example_dags/example_branch_operator.py
[2023-11-25T10:26:51.479+0000] {logging_mixin.py:154} INFO - [2023-11-25T10:26:51.479+0000] {dag.py:2941} INFO - Sync 1 DAGs
[2023-11-25T10:26:51.506+0000] {logging_mixin.py:154} INFO - [2023-11-25T10:26:51.506+0000] {dag.py:3722} INFO - Setting next_dagrun for example_branch_operator to 2023-11-24T00:00:00+00:00, run_after=2023-11-25T00:00:00+00:00
[2023-11-25T10:26:51.530+0000] {processor.py:179} INFO - Processing /home/airflow/.local/lib/python3.8/site-packages/airflow/example_dags/example_branch_operator.py took 0.103 seconds
[2023-11-25T10:27:22.146+0000] {processor.py:157} INFO - Started process (PID=470) to work on /home/airflow/.local/lib/python3.8/site-packages/airflow/example_dags/example_branch_operator.py
[2023-11-25T10:27:22.147+0000] {processor.py:829} INFO - Processing file /home/airflow/.local/lib/python3.8/site-packages/airflow/example_dags/example_branch_operator.py for tasks to queue
[2023-11-25T10:27:22.148+0000] {logging_mixin.py:154} INFO - [2023-11-25T10:27:22.148+0000] {dagbag.py:536} INFO - Filling up the DagBag from /home/airflow/.local/lib/python3.8/site-packages/airflow/example_dags/example_branch_operator.py
[2023-11-25T10:27:22.156+0000] {processor.py:839} INFO - DAG(s) dict_keys(['example_branch_operator']) retrieved from /home/airflow/.local/lib/python3.8/site-packages/airflow/example_dags/example_branch_operator.py
[2023-11-25T10:27:22.182+0000] {logging_mixin.py:154} INFO - [2023-11-25T10:27:22.182+0000] {dag.py:2941} INFO - Sync 1 DAGs
[2023-11-25T10:27:22.211+0000] {logging_mixin.py:154} INFO - [2023-11-25T10:27:22.211+0000] {dag.py:3722} INFO - Setting next_dagrun for example_branch_operator to 2023-11-24T00:00:00+00:00, run_after=2023-11-25T00:00:00+00:00
[2023-11-25T10:27:22.233+0000] {processor.py:179} INFO - Processing /home/airflow/.local/lib/python3.8/site-packages/airflow/example_dags/example_branch_operator.py took 0.090 seconds
[2023-11-25T10:27:52.487+0000] {processor.py:157} INFO - Started process (PID=523) to work on /home/airflow/.local/lib/python3.8/site-packages/airflow/example_dags/example_branch_operator.py
[2023-11-25T10:27:52.488+0000] {processor.py:829} INFO - Processing file /home/airflow/.local/lib/python3.8/site-packages/airflow/example_dags/example_branch_operator.py for tasks to queue
[2023-11-25T10:27:52.490+0000] {logging_mixin.py:154} INFO - [2023-11-25T10:27:52.490+0000] {dagbag.py:536} INFO - Filling up the DagBag from /home/airflow/.local/lib/python3.8/site-packages/airflow/example_dags/example_branch_operator.py
[2023-11-25T10:27:52.503+0000] {processor.py:839} INFO - DAG(s) dict_keys(['example_branch_operator']) retrieved from /home/airflow/.local/lib/python3.8/site-packages/airflow/example_dags/example_branch_operator.py
[2023-11-25T10:27:52.540+0000] {logging_mixin.py:154} INFO - [2023-11-25T10:27:52.540+0000] {dag.py:2941} INFO - Sync 1 DAGs
[2023-11-25T10:27:52.589+0000] {logging_mixin.py:154} INFO - [2023-11-25T10:27:52.589+0000] {dag.py:3722} INFO - Setting next_dagrun for example_branch_operator to 2023-11-24T00:00:00+00:00, run_after=2023-11-25T00:00:00+00:00
[2023-11-25T10:27:52.622+0000] {processor.py:179} INFO - Processing /home/airflow/.local/lib/python3.8/site-packages/airflow/example_dags/example_branch_operator.py took 0.139 seconds
[2023-11-25T10:28:23.065+0000] {processor.py:157} INFO - Started process (PID=577) to work on /home/airflow/.local/lib/python3.8/site-packages/airflow/example_dags/example_branch_operator.py
[2023-11-25T10:28:23.066+0000] {processor.py:829} INFO - Processing file /home/airflow/.local/lib/python3.8/site-packages/airflow/example_dags/example_branch_operator.py for tasks to queue
[2023-11-25T10:28:23.069+0000] {logging_mixin.py:154} INFO - [2023-11-25T10:28:23.069+0000] {dagbag.py:536} INFO - Filling up the DagBag from /home/airflow/.local/lib/python3.8/site-packages/airflow/example_dags/example_branch_operator.py
[2023-11-25T10:28:23.083+0000] {processor.py:839} INFO - DAG(s) dict_keys(['example_branch_operator']) retrieved from /home/airflow/.local/lib/python3.8/site-packages/airflow/example_dags/example_branch_operator.py
[2023-11-25T10:28:23.120+0000] {logging_mixin.py:154} INFO - [2023-11-25T10:28:23.118+0000] {dag.py:2941} INFO - Sync 1 DAGs
[2023-11-25T10:28:23.161+0000] {logging_mixin.py:154} INFO - [2023-11-25T10:28:23.160+0000] {dag.py:3722} INFO - Setting next_dagrun for example_branch_operator to 2023-11-24T00:00:00+00:00, run_after=2023-11-25T00:00:00+00:00
[2023-11-25T10:28:23.212+0000] {processor.py:179} INFO - Processing /home/airflow/.local/lib/python3.8/site-packages/airflow/example_dags/example_branch_operator.py took 0.152 seconds
[2023-11-25T10:28:53.308+0000] {processor.py:157} INFO - Started process (PID=630) to work on /home/airflow/.local/lib/python3.8/site-packages/airflow/example_dags/example_branch_operator.py
[2023-11-25T10:28:53.309+0000] {processor.py:829} INFO - Processing file /home/airflow/.local/lib/python3.8/site-packages/airflow/example_dags/example_branch_operator.py for tasks to queue
[2023-11-25T10:28:53.311+0000] {logging_mixin.py:154} INFO - [2023-11-25T10:28:53.311+0000] {dagbag.py:536} INFO - Filling up the DagBag from /home/airflow/.local/lib/python3.8/site-packages/airflow/example_dags/example_branch_operator.py
[2023-11-25T10:28:53.324+0000] {processor.py:839} INFO - DAG(s) dict_keys(['example_branch_operator']) retrieved from /home/airflow/.local/lib/python3.8/site-packages/airflow/example_dags/example_branch_operator.py
[2023-11-25T10:28:53.352+0000] {logging_mixin.py:154} INFO - [2023-11-25T10:28:53.352+0000] {dag.py:2941} INFO - Sync 1 DAGs
[2023-11-25T10:28:53.388+0000] {logging_mixin.py:154} INFO - [2023-11-25T10:28:53.388+0000] {dag.py:3722} INFO - Setting next_dagrun for example_branch_operator to 2023-11-24T00:00:00+00:00, run_after=2023-11-25T00:00:00+00:00
[2023-11-25T10:28:53.414+0000] {processor.py:179} INFO - Processing /home/airflow/.local/lib/python3.8/site-packages/airflow/example_dags/example_branch_operator.py took 0.111 seconds
[2023-11-25T10:29:23.706+0000] {processor.py:157} INFO - Started process (PID=684) to work on /home/airflow/.local/lib/python3.8/site-packages/airflow/example_dags/example_branch_operator.py
[2023-11-25T10:29:23.706+0000] {processor.py:829} INFO - Processing file /home/airflow/.local/lib/python3.8/site-packages/airflow/example_dags/example_branch_operator.py for tasks to queue
[2023-11-25T10:29:23.708+0000] {logging_mixin.py:154} INFO - [2023-11-25T10:29:23.708+0000] {dagbag.py:536} INFO - Filling up the DagBag from /home/airflow/.local/lib/python3.8/site-packages/airflow/example_dags/example_branch_operator.py
[2023-11-25T10:29:23.719+0000] {processor.py:839} INFO - DAG(s) dict_keys(['example_branch_operator']) retrieved from /home/airflow/.local/lib/python3.8/site-packages/airflow/example_dags/example_branch_operator.py
[2023-11-25T10:29:23.741+0000] {logging_mixin.py:154} INFO - [2023-11-25T10:29:23.741+0000] {dag.py:2941} INFO - Sync 1 DAGs
[2023-11-25T10:29:23.772+0000] {logging_mixin.py:154} INFO - [2023-11-25T10:29:23.772+0000] {dag.py:3722} INFO - Setting next_dagrun for example_branch_operator to 2023-11-24T00:00:00+00:00, run_after=2023-11-25T00:00:00+00:00
[2023-11-25T10:29:23.810+0000] {processor.py:179} INFO - Processing /home/airflow/.local/lib/python3.8/site-packages/airflow/example_dags/example_branch_operator.py took 0.107 seconds
[2023-11-25T10:29:53.868+0000] {processor.py:157} INFO - Started process (PID=738) to work on /home/airflow/.local/lib/python3.8/site-packages/airflow/example_dags/example_branch_operator.py
[2023-11-25T10:29:53.869+0000] {processor.py:829} INFO - Processing file /home/airflow/.local/lib/python3.8/site-packages/airflow/example_dags/example_branch_operator.py for tasks to queue
[2023-11-25T10:29:53.871+0000] {logging_mixin.py:154} INFO - [2023-11-25T10:29:53.871+0000] {dagbag.py:536} INFO - Filling up the DagBag from /home/airflow/.local/lib/python3.8/site-packages/airflow/example_dags/example_branch_operator.py
[2023-11-25T10:29:53.884+0000] {processor.py:839} INFO - DAG(s) dict_keys(['example_branch_operator']) retrieved from /home/airflow/.local/lib/python3.8/site-packages/airflow/example_dags/example_branch_operator.py
[2023-11-25T10:29:53.906+0000] {logging_mixin.py:154} INFO - [2023-11-25T10:29:53.906+0000] {dag.py:2941} INFO - Sync 1 DAGs
[2023-11-25T10:29:53.930+0000] {logging_mixin.py:154} INFO - [2023-11-25T10:29:53.930+0000] {dag.py:3722} INFO - Setting next_dagrun for example_branch_operator to 2023-11-24T00:00:00+00:00, run_after=2023-11-25T00:00:00+00:00
[2023-11-25T10:29:53.978+0000] {processor.py:179} INFO - Processing /home/airflow/.local/lib/python3.8/site-packages/airflow/example_dags/example_branch_operator.py took 0.114 seconds
[2023-11-25T10:30:24.924+0000] {processor.py:157} INFO - Started process (PID=792) to work on /home/airflow/.local/lib/python3.8/site-packages/airflow/example_dags/example_branch_operator.py
[2023-11-25T10:30:24.925+0000] {processor.py:829} INFO - Processing file /home/airflow/.local/lib/python3.8/site-packages/airflow/example_dags/example_branch_operator.py for tasks to queue
[2023-11-25T10:30:24.926+0000] {logging_mixin.py:154} INFO - [2023-11-25T10:30:24.926+0000] {dagbag.py:536} INFO - Filling up the DagBag from /home/airflow/.local/lib/python3.8/site-packages/airflow/example_dags/example_branch_operator.py
[2023-11-25T10:30:24.934+0000] {processor.py:839} INFO - DAG(s) dict_keys(['example_branch_operator']) retrieved from /home/airflow/.local/lib/python3.8/site-packages/airflow/example_dags/example_branch_operator.py
[2023-11-25T10:30:24.954+0000] {logging_mixin.py:154} INFO - [2023-11-25T10:30:24.954+0000] {dag.py:2941} INFO - Sync 1 DAGs
[2023-11-25T10:30:24.975+0000] {logging_mixin.py:154} INFO - [2023-11-25T10:30:24.975+0000] {dag.py:3722} INFO - Setting next_dagrun for example_branch_operator to 2023-11-24T00:00:00+00:00, run_after=2023-11-25T00:00:00+00:00
[2023-11-25T10:30:24.995+0000] {processor.py:179} INFO - Processing /home/airflow/.local/lib/python3.8/site-packages/airflow/example_dags/example_branch_operator.py took 0.074 seconds
[2023-11-25T10:30:55.511+0000] {processor.py:157} INFO - Started process (PID=846) to work on /home/airflow/.local/lib/python3.8/site-packages/airflow/example_dags/example_branch_operator.py
[2023-11-25T10:30:55.512+0000] {processor.py:829} INFO - Processing file /home/airflow/.local/lib/python3.8/site-packages/airflow/example_dags/example_branch_operator.py for tasks to queue
[2023-11-25T10:30:55.514+0000] {logging_mixin.py:154} INFO - [2023-11-25T10:30:55.513+0000] {dagbag.py:536} INFO - Filling up the DagBag from /home/airflow/.local/lib/python3.8/site-packages/airflow/example_dags/example_branch_operator.py
[2023-11-25T10:30:55.522+0000] {processor.py:839} INFO - DAG(s) dict_keys(['example_branch_operator']) retrieved from /home/airflow/.local/lib/python3.8/site-packages/airflow/example_dags/example_branch_operator.py
[2023-11-25T10:30:55.543+0000] {logging_mixin.py:154} INFO - [2023-11-25T10:30:55.543+0000] {dag.py:2941} INFO - Sync 1 DAGs
[2023-11-25T10:30:55.564+0000] {logging_mixin.py:154} INFO - [2023-11-25T10:30:55.564+0000] {dag.py:3722} INFO - Setting next_dagrun for example_branch_operator to 2023-11-24T00:00:00+00:00, run_after=2023-11-25T00:00:00+00:00
[2023-11-25T10:30:55.594+0000] {processor.py:179} INFO - Processing /home/airflow/.local/lib/python3.8/site-packages/airflow/example_dags/example_branch_operator.py took 0.085 seconds
[2023-11-25T10:31:26.127+0000] {processor.py:157} INFO - Started process (PID=900) to work on /home/airflow/.local/lib/python3.8/site-packages/airflow/example_dags/example_branch_operator.py
[2023-11-25T10:31:26.128+0000] {processor.py:829} INFO - Processing file /home/airflow/.local/lib/python3.8/site-packages/airflow/example_dags/example_branch_operator.py for tasks to queue
[2023-11-25T10:31:26.130+0000] {logging_mixin.py:154} INFO - [2023-11-25T10:31:26.130+0000] {dagbag.py:536} INFO - Filling up the DagBag from /home/airflow/.local/lib/python3.8/site-packages/airflow/example_dags/example_branch_operator.py
[2023-11-25T10:31:26.142+0000] {processor.py:839} INFO - DAG(s) dict_keys(['example_branch_operator']) retrieved from /home/airflow/.local/lib/python3.8/site-packages/airflow/example_dags/example_branch_operator.py
[2023-11-25T10:31:26.173+0000] {logging_mixin.py:154} INFO - [2023-11-25T10:31:26.173+0000] {dag.py:2941} INFO - Sync 1 DAGs
[2023-11-25T10:31:26.211+0000] {logging_mixin.py:154} INFO - [2023-11-25T10:31:26.211+0000] {dag.py:3722} INFO - Setting next_dagrun for example_branch_operator to 2023-11-24T00:00:00+00:00, run_after=2023-11-25T00:00:00+00:00
[2023-11-25T10:31:26.431+0000] {processor.py:179} INFO - Processing /home/airflow/.local/lib/python3.8/site-packages/airflow/example_dags/example_branch_operator.py took 0.308 seconds
[2023-11-25T10:31:57.006+0000] {processor.py:157} INFO - Started process (PID=953) to work on /home/airflow/.local/lib/python3.8/site-packages/airflow/example_dags/example_branch_operator.py
[2023-11-25T10:31:57.007+0000] {processor.py:829} INFO - Processing file /home/airflow/.local/lib/python3.8/site-packages/airflow/example_dags/example_branch_operator.py for tasks to queue
[2023-11-25T10:31:57.009+0000] {logging_mixin.py:154} INFO - [2023-11-25T10:31:57.009+0000] {dagbag.py:536} INFO - Filling up the DagBag from /home/airflow/.local/lib/python3.8/site-packages/airflow/example_dags/example_branch_operator.py
[2023-11-25T10:31:57.018+0000] {processor.py:839} INFO - DAG(s) dict_keys(['example_branch_operator']) retrieved from /home/airflow/.local/lib/python3.8/site-packages/airflow/example_dags/example_branch_operator.py
[2023-11-25T10:31:57.042+0000] {logging_mixin.py:154} INFO - [2023-11-25T10:31:57.042+0000] {dag.py:2941} INFO - Sync 1 DAGs
[2023-11-25T10:31:57.066+0000] {logging_mixin.py:154} INFO - [2023-11-25T10:31:57.066+0000] {dag.py:3722} INFO - Setting next_dagrun for example_branch_operator to 2023-11-24T00:00:00+00:00, run_after=2023-11-25T00:00:00+00:00
[2023-11-25T10:31:57.083+0000] {processor.py:179} INFO - Processing /home/airflow/.local/lib/python3.8/site-packages/airflow/example_dags/example_branch_operator.py took 0.081 seconds
[2023-11-25T10:32:27.309+0000] {processor.py:157} INFO - Started process (PID=1007) to work on /home/airflow/.local/lib/python3.8/site-packages/airflow/example_dags/example_branch_operator.py
[2023-11-25T10:32:27.310+0000] {processor.py:829} INFO - Processing file /home/airflow/.local/lib/python3.8/site-packages/airflow/example_dags/example_branch_operator.py for tasks to queue
[2023-11-25T10:32:27.312+0000] {logging_mixin.py:154} INFO - [2023-11-25T10:32:27.312+0000] {dagbag.py:536} INFO - Filling up the DagBag from /home/airflow/.local/lib/python3.8/site-packages/airflow/example_dags/example_branch_operator.py
[2023-11-25T10:32:27.322+0000] {processor.py:839} INFO - DAG(s) dict_keys(['example_branch_operator']) retrieved from /home/airflow/.local/lib/python3.8/site-packages/airflow/example_dags/example_branch_operator.py
[2023-11-25T10:32:27.350+0000] {logging_mixin.py:154} INFO - [2023-11-25T10:32:27.349+0000] {dag.py:2941} INFO - Sync 1 DAGs
[2023-11-25T10:32:27.382+0000] {logging_mixin.py:154} INFO - [2023-11-25T10:32:27.382+0000] {dag.py:3722} INFO - Setting next_dagrun for example_branch_operator to 2023-11-24T00:00:00+00:00, run_after=2023-11-25T00:00:00+00:00
[2023-11-25T10:32:27.407+0000] {processor.py:179} INFO - Processing /home/airflow/.local/lib/python3.8/site-packages/airflow/example_dags/example_branch_operator.py took 0.103 seconds
[2023-11-25T10:32:57.959+0000] {processor.py:157} INFO - Started process (PID=1061) to work on /home/airflow/.local/lib/python3.8/site-packages/airflow/example_dags/example_branch_operator.py
[2023-11-25T10:32:57.984+0000] {processor.py:829} INFO - Processing file /home/airflow/.local/lib/python3.8/site-packages/airflow/example_dags/example_branch_operator.py for tasks to queue
[2023-11-25T10:32:57.987+0000] {logging_mixin.py:154} INFO - [2023-11-25T10:32:57.986+0000] {dagbag.py:536} INFO - Filling up the DagBag from /home/airflow/.local/lib/python3.8/site-packages/airflow/example_dags/example_branch_operator.py
[2023-11-25T10:32:58.016+0000] {processor.py:839} INFO - DAG(s) dict_keys(['example_branch_operator']) retrieved from /home/airflow/.local/lib/python3.8/site-packages/airflow/example_dags/example_branch_operator.py
[2023-11-25T10:32:58.085+0000] {logging_mixin.py:154} INFO - [2023-11-25T10:32:58.085+0000] {dag.py:2941} INFO - Sync 1 DAGs
[2023-11-25T10:32:58.147+0000] {logging_mixin.py:154} INFO - [2023-11-25T10:32:58.147+0000] {dag.py:3722} INFO - Setting next_dagrun for example_branch_operator to 2023-11-24T00:00:00+00:00, run_after=2023-11-25T00:00:00+00:00
[2023-11-25T10:32:58.354+0000] {processor.py:179} INFO - Processing /home/airflow/.local/lib/python3.8/site-packages/airflow/example_dags/example_branch_operator.py took 0.399 seconds
[2023-11-25T10:33:28.450+0000] {processor.py:157} INFO - Started process (PID=1123) to work on /home/airflow/.local/lib/python3.8/site-packages/airflow/example_dags/example_branch_operator.py
[2023-11-25T10:33:28.451+0000] {processor.py:829} INFO - Processing file /home/airflow/.local/lib/python3.8/site-packages/airflow/example_dags/example_branch_operator.py for tasks to queue
[2023-11-25T10:33:28.453+0000] {logging_mixin.py:154} INFO - [2023-11-25T10:33:28.453+0000] {dagbag.py:536} INFO - Filling up the DagBag from /home/airflow/.local/lib/python3.8/site-packages/airflow/example_dags/example_branch_operator.py
[2023-11-25T10:33:28.462+0000] {processor.py:839} INFO - DAG(s) dict_keys(['example_branch_operator']) retrieved from /home/airflow/.local/lib/python3.8/site-packages/airflow/example_dags/example_branch_operator.py
[2023-11-25T10:33:28.489+0000] {logging_mixin.py:154} INFO - [2023-11-25T10:33:28.489+0000] {dag.py:2941} INFO - Sync 1 DAGs
[2023-11-25T10:33:28.520+0000] {logging_mixin.py:154} INFO - [2023-11-25T10:33:28.520+0000] {dag.py:3722} INFO - Setting next_dagrun for example_branch_operator to 2023-11-24T00:00:00+00:00, run_after=2023-11-25T00:00:00+00:00
[2023-11-25T10:33:28.551+0000] {processor.py:179} INFO - Processing /home/airflow/.local/lib/python3.8/site-packages/airflow/example_dags/example_branch_operator.py took 0.104 seconds
[2023-11-25T10:33:58.824+0000] {processor.py:157} INFO - Started process (PID=1175) to work on /home/airflow/.local/lib/python3.8/site-packages/airflow/example_dags/example_branch_operator.py
[2023-11-25T10:33:58.829+0000] {processor.py:829} INFO - Processing file /home/airflow/.local/lib/python3.8/site-packages/airflow/example_dags/example_branch_operator.py for tasks to queue
[2023-11-25T10:33:58.831+0000] {logging_mixin.py:154} INFO - [2023-11-25T10:33:58.831+0000] {dagbag.py:536} INFO - Filling up the DagBag from /home/airflow/.local/lib/python3.8/site-packages/airflow/example_dags/example_branch_operator.py
[2023-11-25T10:33:58.842+0000] {processor.py:839} INFO - DAG(s) dict_keys(['example_branch_operator']) retrieved from /home/airflow/.local/lib/python3.8/site-packages/airflow/example_dags/example_branch_operator.py
[2023-11-25T10:33:58.870+0000] {logging_mixin.py:154} INFO - [2023-11-25T10:33:58.870+0000] {dag.py:2941} INFO - Sync 1 DAGs
[2023-11-25T10:33:58.899+0000] {logging_mixin.py:154} INFO - [2023-11-25T10:33:58.899+0000] {dag.py:3722} INFO - Setting next_dagrun for example_branch_operator to 2023-11-24T00:00:00+00:00, run_after=2023-11-25T00:00:00+00:00
[2023-11-25T10:33:58.919+0000] {processor.py:179} INFO - Processing /home/airflow/.local/lib/python3.8/site-packages/airflow/example_dags/example_branch_operator.py took 0.098 seconds
[2023-11-25T10:34:29.398+0000] {processor.py:157} INFO - Started process (PID=1229) to work on /home/airflow/.local/lib/python3.8/site-packages/airflow/example_dags/example_branch_operator.py
[2023-11-25T10:34:29.398+0000] {processor.py:829} INFO - Processing file /home/airflow/.local/lib/python3.8/site-packages/airflow/example_dags/example_branch_operator.py for tasks to queue
[2023-11-25T10:34:29.400+0000] {logging_mixin.py:154} INFO - [2023-11-25T10:34:29.400+0000] {dagbag.py:536} INFO - Filling up the DagBag from /home/airflow/.local/lib/python3.8/site-packages/airflow/example_dags/example_branch_operator.py
[2023-11-25T10:34:29.411+0000] {processor.py:839} INFO - DAG(s) dict_keys(['example_branch_operator']) retrieved from /home/airflow/.local/lib/python3.8/site-packages/airflow/example_dags/example_branch_operator.py
[2023-11-25T10:34:29.437+0000] {logging_mixin.py:154} INFO - [2023-11-25T10:34:29.437+0000] {dag.py:2941} INFO - Sync 1 DAGs
[2023-11-25T10:34:29.465+0000] {logging_mixin.py:154} INFO - [2023-11-25T10:34:29.465+0000] {dag.py:3722} INFO - Setting next_dagrun for example_branch_operator to 2023-11-24T00:00:00+00:00, run_after=2023-11-25T00:00:00+00:00
[2023-11-25T10:34:29.631+0000] {processor.py:179} INFO - Processing /home/airflow/.local/lib/python3.8/site-packages/airflow/example_dags/example_branch_operator.py took 0.236 seconds
[2023-11-25T10:35:00.250+0000] {processor.py:157} INFO - Started process (PID=1283) to work on /home/airflow/.local/lib/python3.8/site-packages/airflow/example_dags/example_branch_operator.py
[2023-11-25T10:35:00.251+0000] {processor.py:829} INFO - Processing file /home/airflow/.local/lib/python3.8/site-packages/airflow/example_dags/example_branch_operator.py for tasks to queue
[2023-11-25T10:35:00.253+0000] {logging_mixin.py:154} INFO - [2023-11-25T10:35:00.253+0000] {dagbag.py:536} INFO - Filling up the DagBag from /home/airflow/.local/lib/python3.8/site-packages/airflow/example_dags/example_branch_operator.py
[2023-11-25T10:35:00.263+0000] {processor.py:839} INFO - DAG(s) dict_keys(['example_branch_operator']) retrieved from /home/airflow/.local/lib/python3.8/site-packages/airflow/example_dags/example_branch_operator.py
[2023-11-25T10:35:00.284+0000] {logging_mixin.py:154} INFO - [2023-11-25T10:35:00.283+0000] {dag.py:2941} INFO - Sync 1 DAGs
[2023-11-25T10:35:00.307+0000] {logging_mixin.py:154} INFO - [2023-11-25T10:35:00.307+0000] {dag.py:3722} INFO - Setting next_dagrun for example_branch_operator to 2023-11-24T00:00:00+00:00, run_after=2023-11-25T00:00:00+00:00
[2023-11-25T10:35:00.331+0000] {processor.py:179} INFO - Processing /home/airflow/.local/lib/python3.8/site-packages/airflow/example_dags/example_branch_operator.py took 0.083 seconds
[2023-11-25T10:35:31.400+0000] {processor.py:157} INFO - Started process (PID=1337) to work on /home/airflow/.local/lib/python3.8/site-packages/airflow/example_dags/example_branch_operator.py
[2023-11-25T10:35:31.401+0000] {processor.py:829} INFO - Processing file /home/airflow/.local/lib/python3.8/site-packages/airflow/example_dags/example_branch_operator.py for tasks to queue
[2023-11-25T10:35:31.403+0000] {logging_mixin.py:154} INFO - [2023-11-25T10:35:31.403+0000] {dagbag.py:536} INFO - Filling up the DagBag from /home/airflow/.local/lib/python3.8/site-packages/airflow/example_dags/example_branch_operator.py
[2023-11-25T10:35:31.421+0000] {processor.py:839} INFO - DAG(s) dict_keys(['example_branch_operator']) retrieved from /home/airflow/.local/lib/python3.8/site-packages/airflow/example_dags/example_branch_operator.py
[2023-11-25T10:35:31.468+0000] {logging_mixin.py:154} INFO - [2023-11-25T10:35:31.467+0000] {dag.py:2941} INFO - Sync 1 DAGs
[2023-11-25T10:35:31.801+0000] {logging_mixin.py:154} INFO - [2023-11-25T10:35:31.800+0000] {dag.py:3722} INFO - Setting next_dagrun for example_branch_operator to 2023-11-24T00:00:00+00:00, run_after=2023-11-25T00:00:00+00:00
[2023-11-25T10:35:31.835+0000] {processor.py:179} INFO - Processing /home/airflow/.local/lib/python3.8/site-packages/airflow/example_dags/example_branch_operator.py took 0.440 seconds
[2023-11-25T10:36:02.294+0000] {processor.py:157} INFO - Started process (PID=1391) to work on /home/airflow/.local/lib/python3.8/site-packages/airflow/example_dags/example_branch_operator.py
[2023-11-25T10:36:02.295+0000] {processor.py:829} INFO - Processing file /home/airflow/.local/lib/python3.8/site-packages/airflow/example_dags/example_branch_operator.py for tasks to queue
[2023-11-25T10:36:02.297+0000] {logging_mixin.py:154} INFO - [2023-11-25T10:36:02.297+0000] {dagbag.py:536} INFO - Filling up the DagBag from /home/airflow/.local/lib/python3.8/site-packages/airflow/example_dags/example_branch_operator.py
[2023-11-25T10:36:02.305+0000] {processor.py:839} INFO - DAG(s) dict_keys(['example_branch_operator']) retrieved from /home/airflow/.local/lib/python3.8/site-packages/airflow/example_dags/example_branch_operator.py
[2023-11-25T10:36:02.328+0000] {logging_mixin.py:154} INFO - [2023-11-25T10:36:02.327+0000] {dag.py:2941} INFO - Sync 1 DAGs
[2023-11-25T10:36:02.348+0000] {logging_mixin.py:154} INFO - [2023-11-25T10:36:02.348+0000] {dag.py:3722} INFO - Setting next_dagrun for example_branch_operator to 2023-11-24T00:00:00+00:00, run_after=2023-11-25T00:00:00+00:00
[2023-11-25T10:36:02.363+0000] {processor.py:179} INFO - Processing /home/airflow/.local/lib/python3.8/site-packages/airflow/example_dags/example_branch_operator.py took 0.072 seconds
[2023-11-25T10:36:32.712+0000] {processor.py:157} INFO - Started process (PID=1445) to work on /home/airflow/.local/lib/python3.8/site-packages/airflow/example_dags/example_branch_operator.py
[2023-11-25T10:36:32.713+0000] {processor.py:829} INFO - Processing file /home/airflow/.local/lib/python3.8/site-packages/airflow/example_dags/example_branch_operator.py for tasks to queue
[2023-11-25T10:36:32.715+0000] {logging_mixin.py:154} INFO - [2023-11-25T10:36:32.715+0000] {dagbag.py:536} INFO - Filling up the DagBag from /home/airflow/.local/lib/python3.8/site-packages/airflow/example_dags/example_branch_operator.py
[2023-11-25T10:36:32.730+0000] {processor.py:839} INFO - DAG(s) dict_keys(['example_branch_operator']) retrieved from /home/airflow/.local/lib/python3.8/site-packages/airflow/example_dags/example_branch_operator.py
[2023-11-25T10:36:32.755+0000] {logging_mixin.py:154} INFO - [2023-11-25T10:36:32.754+0000] {dag.py:2941} INFO - Sync 1 DAGs
[2023-11-25T10:36:32.778+0000] {logging_mixin.py:154} INFO - [2023-11-25T10:36:32.777+0000] {dag.py:3722} INFO - Setting next_dagrun for example_branch_operator to 2023-11-24T00:00:00+00:00, run_after=2023-11-25T00:00:00+00:00
[2023-11-25T10:36:32.804+0000] {processor.py:179} INFO - Processing /home/airflow/.local/lib/python3.8/site-packages/airflow/example_dags/example_branch_operator.py took 0.096 seconds
[2023-11-25T10:37:03.575+0000] {processor.py:157} INFO - Started process (PID=1498) to work on /home/airflow/.local/lib/python3.8/site-packages/airflow/example_dags/example_branch_operator.py
[2023-11-25T10:37:03.577+0000] {processor.py:829} INFO - Processing file /home/airflow/.local/lib/python3.8/site-packages/airflow/example_dags/example_branch_operator.py for tasks to queue
[2023-11-25T10:37:03.579+0000] {logging_mixin.py:154} INFO - [2023-11-25T10:37:03.579+0000] {dagbag.py:536} INFO - Filling up the DagBag from /home/airflow/.local/lib/python3.8/site-packages/airflow/example_dags/example_branch_operator.py
[2023-11-25T10:37:03.591+0000] {processor.py:839} INFO - DAG(s) dict_keys(['example_branch_operator']) retrieved from /home/airflow/.local/lib/python3.8/site-packages/airflow/example_dags/example_branch_operator.py
[2023-11-25T10:37:03.623+0000] {logging_mixin.py:154} INFO - [2023-11-25T10:37:03.623+0000] {dag.py:2941} INFO - Sync 1 DAGs
[2023-11-25T10:37:03.814+0000] {logging_mixin.py:154} INFO - [2023-11-25T10:37:03.814+0000] {dag.py:3722} INFO - Setting next_dagrun for example_branch_operator to 2023-11-24T00:00:00+00:00, run_after=2023-11-25T00:00:00+00:00
[2023-11-25T10:37:03.836+0000] {processor.py:179} INFO - Processing /home/airflow/.local/lib/python3.8/site-packages/airflow/example_dags/example_branch_operator.py took 0.266 seconds
[2023-11-25T10:37:34.579+0000] {processor.py:157} INFO - Started process (PID=1552) to work on /home/airflow/.local/lib/python3.8/site-packages/airflow/example_dags/example_branch_operator.py
[2023-11-25T10:37:34.580+0000] {processor.py:829} INFO - Processing file /home/airflow/.local/lib/python3.8/site-packages/airflow/example_dags/example_branch_operator.py for tasks to queue
[2023-11-25T10:37:34.583+0000] {logging_mixin.py:154} INFO - [2023-11-25T10:37:34.583+0000] {dagbag.py:536} INFO - Filling up the DagBag from /home/airflow/.local/lib/python3.8/site-packages/airflow/example_dags/example_branch_operator.py
[2023-11-25T10:37:34.596+0000] {processor.py:839} INFO - DAG(s) dict_keys(['example_branch_operator']) retrieved from /home/airflow/.local/lib/python3.8/site-packages/airflow/example_dags/example_branch_operator.py
[2023-11-25T10:37:34.624+0000] {logging_mixin.py:154} INFO - [2023-11-25T10:37:34.624+0000] {dag.py:2941} INFO - Sync 1 DAGs
[2023-11-25T10:37:34.651+0000] {logging_mixin.py:154} INFO - [2023-11-25T10:37:34.650+0000] {dag.py:3722} INFO - Setting next_dagrun for example_branch_operator to 2023-11-24T00:00:00+00:00, run_after=2023-11-25T00:00:00+00:00
[2023-11-25T10:37:34.672+0000] {processor.py:179} INFO - Processing /home/airflow/.local/lib/python3.8/site-packages/airflow/example_dags/example_branch_operator.py took 0.095 seconds
[2023-11-25T10:38:05.137+0000] {processor.py:157} INFO - Started process (PID=1606) to work on /home/airflow/.local/lib/python3.8/site-packages/airflow/example_dags/example_branch_operator.py
[2023-11-25T10:38:05.138+0000] {processor.py:829} INFO - Processing file /home/airflow/.local/lib/python3.8/site-packages/airflow/example_dags/example_branch_operator.py for tasks to queue
[2023-11-25T10:38:05.141+0000] {logging_mixin.py:154} INFO - [2023-11-25T10:38:05.140+0000] {dagbag.py:536} INFO - Filling up the DagBag from /home/airflow/.local/lib/python3.8/site-packages/airflow/example_dags/example_branch_operator.py
[2023-11-25T10:38:05.149+0000] {processor.py:839} INFO - DAG(s) dict_keys(['example_branch_operator']) retrieved from /home/airflow/.local/lib/python3.8/site-packages/airflow/example_dags/example_branch_operator.py
[2023-11-25T10:38:05.171+0000] {logging_mixin.py:154} INFO - [2023-11-25T10:38:05.171+0000] {dag.py:2941} INFO - Sync 1 DAGs
[2023-11-25T10:38:05.192+0000] {logging_mixin.py:154} INFO - [2023-11-25T10:38:05.192+0000] {dag.py:3722} INFO - Setting next_dagrun for example_branch_operator to 2023-11-24T00:00:00+00:00, run_after=2023-11-25T00:00:00+00:00
[2023-11-25T10:38:05.212+0000] {processor.py:179} INFO - Processing /home/airflow/.local/lib/python3.8/site-packages/airflow/example_dags/example_branch_operator.py took 0.079 seconds
[2023-11-25T10:38:35.294+0000] {processor.py:157} INFO - Started process (PID=1660) to work on /home/airflow/.local/lib/python3.8/site-packages/airflow/example_dags/example_branch_operator.py
[2023-11-25T10:38:35.295+0000] {processor.py:829} INFO - Processing file /home/airflow/.local/lib/python3.8/site-packages/airflow/example_dags/example_branch_operator.py for tasks to queue
[2023-11-25T10:38:35.297+0000] {logging_mixin.py:154} INFO - [2023-11-25T10:38:35.297+0000] {dagbag.py:536} INFO - Filling up the DagBag from /home/airflow/.local/lib/python3.8/site-packages/airflow/example_dags/example_branch_operator.py
[2023-11-25T10:38:35.309+0000] {processor.py:839} INFO - DAG(s) dict_keys(['example_branch_operator']) retrieved from /home/airflow/.local/lib/python3.8/site-packages/airflow/example_dags/example_branch_operator.py
[2023-11-25T10:38:35.330+0000] {logging_mixin.py:154} INFO - [2023-11-25T10:38:35.329+0000] {dag.py:2941} INFO - Sync 1 DAGs
[2023-11-25T10:38:35.352+0000] {logging_mixin.py:154} INFO - [2023-11-25T10:38:35.352+0000] {dag.py:3722} INFO - Setting next_dagrun for example_branch_operator to 2023-11-24T00:00:00+00:00, run_after=2023-11-25T00:00:00+00:00
[2023-11-25T10:38:35.367+0000] {processor.py:179} INFO - Processing /home/airflow/.local/lib/python3.8/site-packages/airflow/example_dags/example_branch_operator.py took 0.076 seconds
[2023-11-25T10:39:05.732+0000] {processor.py:157} INFO - Started process (PID=1714) to work on /home/airflow/.local/lib/python3.8/site-packages/airflow/example_dags/example_branch_operator.py
[2023-11-25T10:39:05.733+0000] {processor.py:829} INFO - Processing file /home/airflow/.local/lib/python3.8/site-packages/airflow/example_dags/example_branch_operator.py for tasks to queue
[2023-11-25T10:39:05.735+0000] {logging_mixin.py:154} INFO - [2023-11-25T10:39:05.735+0000] {dagbag.py:536} INFO - Filling up the DagBag from /home/airflow/.local/lib/python3.8/site-packages/airflow/example_dags/example_branch_operator.py
[2023-11-25T10:39:05.745+0000] {processor.py:839} INFO - DAG(s) dict_keys(['example_branch_operator']) retrieved from /home/airflow/.local/lib/python3.8/site-packages/airflow/example_dags/example_branch_operator.py
[2023-11-25T10:39:05.773+0000] {logging_mixin.py:154} INFO - [2023-11-25T10:39:05.773+0000] {dag.py:2941} INFO - Sync 1 DAGs
[2023-11-25T10:39:05.810+0000] {logging_mixin.py:154} INFO - [2023-11-25T10:39:05.810+0000] {dag.py:3722} INFO - Setting next_dagrun for example_branch_operator to 2023-11-24T00:00:00+00:00, run_after=2023-11-25T00:00:00+00:00
[2023-11-25T10:39:05.838+0000] {processor.py:179} INFO - Processing /home/airflow/.local/lib/python3.8/site-packages/airflow/example_dags/example_branch_operator.py took 0.110 seconds
[2023-11-25T10:39:35.933+0000] {processor.py:157} INFO - Started process (PID=1768) to work on /home/airflow/.local/lib/python3.8/site-packages/airflow/example_dags/example_branch_operator.py
[2023-11-25T10:39:35.934+0000] {processor.py:829} INFO - Processing file /home/airflow/.local/lib/python3.8/site-packages/airflow/example_dags/example_branch_operator.py for tasks to queue
[2023-11-25T10:39:35.936+0000] {logging_mixin.py:154} INFO - [2023-11-25T10:39:35.935+0000] {dagbag.py:536} INFO - Filling up the DagBag from /home/airflow/.local/lib/python3.8/site-packages/airflow/example_dags/example_branch_operator.py
[2023-11-25T10:39:35.946+0000] {processor.py:839} INFO - DAG(s) dict_keys(['example_branch_operator']) retrieved from /home/airflow/.local/lib/python3.8/site-packages/airflow/example_dags/example_branch_operator.py
[2023-11-25T10:39:35.971+0000] {logging_mixin.py:154} INFO - [2023-11-25T10:39:35.971+0000] {dag.py:2941} INFO - Sync 1 DAGs
[2023-11-25T10:39:35.994+0000] {logging_mixin.py:154} INFO - [2023-11-25T10:39:35.994+0000] {dag.py:3722} INFO - Setting next_dagrun for example_branch_operator to 2023-11-24T00:00:00+00:00, run_after=2023-11-25T00:00:00+00:00
[2023-11-25T10:39:36.014+0000] {processor.py:179} INFO - Processing /home/airflow/.local/lib/python3.8/site-packages/airflow/example_dags/example_branch_operator.py took 0.084 seconds
[2023-11-25T10:40:06.410+0000] {processor.py:157} INFO - Started process (PID=1822) to work on /home/airflow/.local/lib/python3.8/site-packages/airflow/example_dags/example_branch_operator.py
[2023-11-25T10:40:06.410+0000] {processor.py:829} INFO - Processing file /home/airflow/.local/lib/python3.8/site-packages/airflow/example_dags/example_branch_operator.py for tasks to queue
[2023-11-25T10:40:06.413+0000] {logging_mixin.py:154} INFO - [2023-11-25T10:40:06.412+0000] {dagbag.py:536} INFO - Filling up the DagBag from /home/airflow/.local/lib/python3.8/site-packages/airflow/example_dags/example_branch_operator.py
[2023-11-25T10:40:06.421+0000] {processor.py:839} INFO - DAG(s) dict_keys(['example_branch_operator']) retrieved from /home/airflow/.local/lib/python3.8/site-packages/airflow/example_dags/example_branch_operator.py
[2023-11-25T10:40:06.442+0000] {logging_mixin.py:154} INFO - [2023-11-25T10:40:06.441+0000] {dag.py:2941} INFO - Sync 1 DAGs
[2023-11-25T10:40:06.467+0000] {logging_mixin.py:154} INFO - [2023-11-25T10:40:06.467+0000] {dag.py:3722} INFO - Setting next_dagrun for example_branch_operator to 2023-11-24T00:00:00+00:00, run_after=2023-11-25T00:00:00+00:00
[2023-11-25T10:40:06.482+0000] {processor.py:179} INFO - Processing /home/airflow/.local/lib/python3.8/site-packages/airflow/example_dags/example_branch_operator.py took 0.076 seconds
[2023-11-25T11:05:04.716+0000] {processor.py:157} INFO - Started process (PID=37) to work on /home/airflow/.local/lib/python3.8/site-packages/airflow/example_dags/example_branch_operator.py
[2023-11-25T11:05:04.725+0000] {processor.py:829} INFO - Processing file /home/airflow/.local/lib/python3.8/site-packages/airflow/example_dags/example_branch_operator.py for tasks to queue
[2023-11-25T11:05:04.728+0000] {logging_mixin.py:154} INFO - [2023-11-25T11:05:04.727+0000] {dagbag.py:536} INFO - Filling up the DagBag from /home/airflow/.local/lib/python3.8/site-packages/airflow/example_dags/example_branch_operator.py
[2023-11-25T11:05:04.748+0000] {processor.py:839} INFO - DAG(s) dict_keys(['example_branch_operator']) retrieved from /home/airflow/.local/lib/python3.8/site-packages/airflow/example_dags/example_branch_operator.py
[2023-11-25T11:05:04.771+0000] {logging_mixin.py:154} INFO - [2023-11-25T11:05:04.771+0000] {dag.py:2941} INFO - Sync 1 DAGs
[2023-11-25T11:05:04.810+0000] {logging_mixin.py:154} INFO - [2023-11-25T11:05:04.809+0000] {dag.py:3722} INFO - Setting next_dagrun for example_branch_operator to 2023-11-24T00:00:00+00:00, run_after=2023-11-25T00:00:00+00:00
[2023-11-25T11:05:04.836+0000] {processor.py:179} INFO - Processing /home/airflow/.local/lib/python3.8/site-packages/airflow/example_dags/example_branch_operator.py took 0.125 seconds
[2023-11-25T11:05:35.626+0000] {processor.py:157} INFO - Started process (PID=91) to work on /home/airflow/.local/lib/python3.8/site-packages/airflow/example_dags/example_branch_operator.py
[2023-11-25T11:05:35.627+0000] {processor.py:829} INFO - Processing file /home/airflow/.local/lib/python3.8/site-packages/airflow/example_dags/example_branch_operator.py for tasks to queue
[2023-11-25T11:05:35.629+0000] {logging_mixin.py:154} INFO - [2023-11-25T11:05:35.629+0000] {dagbag.py:536} INFO - Filling up the DagBag from /home/airflow/.local/lib/python3.8/site-packages/airflow/example_dags/example_branch_operator.py
[2023-11-25T11:05:35.641+0000] {processor.py:839} INFO - DAG(s) dict_keys(['example_branch_operator']) retrieved from /home/airflow/.local/lib/python3.8/site-packages/airflow/example_dags/example_branch_operator.py
[2023-11-25T11:05:35.673+0000] {logging_mixin.py:154} INFO - [2023-11-25T11:05:35.672+0000] {dag.py:2941} INFO - Sync 1 DAGs
[2023-11-25T11:05:35.703+0000] {logging_mixin.py:154} INFO - [2023-11-25T11:05:35.703+0000] {dag.py:3722} INFO - Setting next_dagrun for example_branch_operator to 2023-11-24T00:00:00+00:00, run_after=2023-11-25T00:00:00+00:00
[2023-11-25T11:05:35.723+0000] {processor.py:179} INFO - Processing /home/airflow/.local/lib/python3.8/site-packages/airflow/example_dags/example_branch_operator.py took 0.100 seconds
[2023-11-25T11:06:05.856+0000] {processor.py:157} INFO - Started process (PID=145) to work on /home/airflow/.local/lib/python3.8/site-packages/airflow/example_dags/example_branch_operator.py
[2023-11-25T11:06:05.858+0000] {processor.py:829} INFO - Processing file /home/airflow/.local/lib/python3.8/site-packages/airflow/example_dags/example_branch_operator.py for tasks to queue
[2023-11-25T11:06:05.860+0000] {logging_mixin.py:154} INFO - [2023-11-25T11:06:05.860+0000] {dagbag.py:536} INFO - Filling up the DagBag from /home/airflow/.local/lib/python3.8/site-packages/airflow/example_dags/example_branch_operator.py
[2023-11-25T11:06:05.871+0000] {processor.py:839} INFO - DAG(s) dict_keys(['example_branch_operator']) retrieved from /home/airflow/.local/lib/python3.8/site-packages/airflow/example_dags/example_branch_operator.py
[2023-11-25T11:06:05.897+0000] {logging_mixin.py:154} INFO - [2023-11-25T11:06:05.897+0000] {dag.py:2941} INFO - Sync 1 DAGs
[2023-11-25T11:06:05.925+0000] {logging_mixin.py:154} INFO - [2023-11-25T11:06:05.925+0000] {dag.py:3722} INFO - Setting next_dagrun for example_branch_operator to 2023-11-24T00:00:00+00:00, run_after=2023-11-25T00:00:00+00:00
[2023-11-25T11:06:05.945+0000] {processor.py:179} INFO - Processing /home/airflow/.local/lib/python3.8/site-packages/airflow/example_dags/example_branch_operator.py took 0.092 seconds
[2023-11-25T11:07:40.241+0000] {processor.py:157} INFO - Started process (PID=37) to work on /home/airflow/.local/lib/python3.8/site-packages/airflow/example_dags/example_branch_operator.py
[2023-11-25T11:07:40.245+0000] {processor.py:829} INFO - Processing file /home/airflow/.local/lib/python3.8/site-packages/airflow/example_dags/example_branch_operator.py for tasks to queue
[2023-11-25T11:07:40.253+0000] {logging_mixin.py:154} INFO - [2023-11-25T11:07:40.253+0000] {dagbag.py:536} INFO - Filling up the DagBag from /home/airflow/.local/lib/python3.8/site-packages/airflow/example_dags/example_branch_operator.py
[2023-11-25T11:07:40.282+0000] {processor.py:839} INFO - DAG(s) dict_keys(['example_branch_operator']) retrieved from /home/airflow/.local/lib/python3.8/site-packages/airflow/example_dags/example_branch_operator.py
[2023-11-25T11:07:40.373+0000] {logging_mixin.py:154} INFO - [2023-11-25T11:07:40.372+0000] {dag.py:2941} INFO - Sync 1 DAGs
[2023-11-25T11:07:40.500+0000] {logging_mixin.py:154} INFO - [2023-11-25T11:07:40.499+0000] {dag.py:3722} INFO - Setting next_dagrun for example_branch_operator to 2023-11-24T00:00:00+00:00, run_after=2023-11-25T00:00:00+00:00
[2023-11-25T11:07:40.606+0000] {processor.py:179} INFO - Processing /home/airflow/.local/lib/python3.8/site-packages/airflow/example_dags/example_branch_operator.py took 0.370 seconds
[2023-11-25T11:08:11.242+0000] {processor.py:157} INFO - Started process (PID=91) to work on /home/airflow/.local/lib/python3.8/site-packages/airflow/example_dags/example_branch_operator.py
[2023-11-25T11:08:11.243+0000] {processor.py:829} INFO - Processing file /home/airflow/.local/lib/python3.8/site-packages/airflow/example_dags/example_branch_operator.py for tasks to queue
[2023-11-25T11:08:11.246+0000] {logging_mixin.py:154} INFO - [2023-11-25T11:08:11.245+0000] {dagbag.py:536} INFO - Filling up the DagBag from /home/airflow/.local/lib/python3.8/site-packages/airflow/example_dags/example_branch_operator.py
[2023-11-25T11:08:11.254+0000] {processor.py:839} INFO - DAG(s) dict_keys(['example_branch_operator']) retrieved from /home/airflow/.local/lib/python3.8/site-packages/airflow/example_dags/example_branch_operator.py
[2023-11-25T11:08:11.277+0000] {logging_mixin.py:154} INFO - [2023-11-25T11:08:11.277+0000] {dag.py:2941} INFO - Sync 1 DAGs
[2023-11-25T11:08:11.314+0000] {logging_mixin.py:154} INFO - [2023-11-25T11:08:11.313+0000] {dag.py:3722} INFO - Setting next_dagrun for example_branch_operator to 2023-11-24T00:00:00+00:00, run_after=2023-11-25T00:00:00+00:00
[2023-11-25T11:08:11.353+0000] {processor.py:179} INFO - Processing /home/airflow/.local/lib/python3.8/site-packages/airflow/example_dags/example_branch_operator.py took 0.114 seconds
[2023-11-25T11:08:41.778+0000] {processor.py:157} INFO - Started process (PID=145) to work on /home/airflow/.local/lib/python3.8/site-packages/airflow/example_dags/example_branch_operator.py
[2023-11-25T11:08:41.779+0000] {processor.py:829} INFO - Processing file /home/airflow/.local/lib/python3.8/site-packages/airflow/example_dags/example_branch_operator.py for tasks to queue
[2023-11-25T11:08:41.782+0000] {logging_mixin.py:154} INFO - [2023-11-25T11:08:41.781+0000] {dagbag.py:536} INFO - Filling up the DagBag from /home/airflow/.local/lib/python3.8/site-packages/airflow/example_dags/example_branch_operator.py
[2023-11-25T11:08:41.796+0000] {processor.py:839} INFO - DAG(s) dict_keys(['example_branch_operator']) retrieved from /home/airflow/.local/lib/python3.8/site-packages/airflow/example_dags/example_branch_operator.py
[2023-11-25T11:08:41.840+0000] {logging_mixin.py:154} INFO - [2023-11-25T11:08:41.840+0000] {dag.py:2941} INFO - Sync 1 DAGs
[2023-11-25T11:08:41.871+0000] {logging_mixin.py:154} INFO - [2023-11-25T11:08:41.871+0000] {dag.py:3722} INFO - Setting next_dagrun for example_branch_operator to 2023-11-24T00:00:00+00:00, run_after=2023-11-25T00:00:00+00:00
[2023-11-25T11:08:41.895+0000] {processor.py:179} INFO - Processing /home/airflow/.local/lib/python3.8/site-packages/airflow/example_dags/example_branch_operator.py took 0.121 seconds
[2023-11-25T11:09:12.783+0000] {processor.py:157} INFO - Started process (PID=198) to work on /home/airflow/.local/lib/python3.8/site-packages/airflow/example_dags/example_branch_operator.py
[2023-11-25T11:09:12.784+0000] {processor.py:829} INFO - Processing file /home/airflow/.local/lib/python3.8/site-packages/airflow/example_dags/example_branch_operator.py for tasks to queue
[2023-11-25T11:09:12.786+0000] {logging_mixin.py:154} INFO - [2023-11-25T11:09:12.786+0000] {dagbag.py:536} INFO - Filling up the DagBag from /home/airflow/.local/lib/python3.8/site-packages/airflow/example_dags/example_branch_operator.py
[2023-11-25T11:09:12.798+0000] {processor.py:839} INFO - DAG(s) dict_keys(['example_branch_operator']) retrieved from /home/airflow/.local/lib/python3.8/site-packages/airflow/example_dags/example_branch_operator.py
[2023-11-25T11:09:12.823+0000] {logging_mixin.py:154} INFO - [2023-11-25T11:09:12.823+0000] {dag.py:2941} INFO - Sync 1 DAGs
[2023-11-25T11:09:12.852+0000] {logging_mixin.py:154} INFO - [2023-11-25T11:09:12.852+0000] {dag.py:3722} INFO - Setting next_dagrun for example_branch_operator to 2023-11-24T00:00:00+00:00, run_after=2023-11-25T00:00:00+00:00
[2023-11-25T11:09:12.873+0000] {processor.py:179} INFO - Processing /home/airflow/.local/lib/python3.8/site-packages/airflow/example_dags/example_branch_operator.py took 0.093 seconds
[2023-11-25T11:09:43.368+0000] {processor.py:157} INFO - Started process (PID=252) to work on /home/airflow/.local/lib/python3.8/site-packages/airflow/example_dags/example_branch_operator.py
[2023-11-25T11:09:43.369+0000] {processor.py:829} INFO - Processing file /home/airflow/.local/lib/python3.8/site-packages/airflow/example_dags/example_branch_operator.py for tasks to queue
[2023-11-25T11:09:43.371+0000] {logging_mixin.py:154} INFO - [2023-11-25T11:09:43.371+0000] {dagbag.py:536} INFO - Filling up the DagBag from /home/airflow/.local/lib/python3.8/site-packages/airflow/example_dags/example_branch_operator.py
[2023-11-25T11:09:43.382+0000] {processor.py:839} INFO - DAG(s) dict_keys(['example_branch_operator']) retrieved from /home/airflow/.local/lib/python3.8/site-packages/airflow/example_dags/example_branch_operator.py
[2023-11-25T11:09:43.404+0000] {logging_mixin.py:154} INFO - [2023-11-25T11:09:43.404+0000] {dag.py:2941} INFO - Sync 1 DAGs
[2023-11-25T11:09:43.428+0000] {logging_mixin.py:154} INFO - [2023-11-25T11:09:43.428+0000] {dag.py:3722} INFO - Setting next_dagrun for example_branch_operator to 2023-11-24T00:00:00+00:00, run_after=2023-11-25T00:00:00+00:00
[2023-11-25T11:09:43.449+0000] {processor.py:179} INFO - Processing /home/airflow/.local/lib/python3.8/site-packages/airflow/example_dags/example_branch_operator.py took 0.084 seconds
[2023-11-25T11:10:13.701+0000] {processor.py:157} INFO - Started process (PID=306) to work on /home/airflow/.local/lib/python3.8/site-packages/airflow/example_dags/example_branch_operator.py
[2023-11-25T11:10:13.701+0000] {processor.py:829} INFO - Processing file /home/airflow/.local/lib/python3.8/site-packages/airflow/example_dags/example_branch_operator.py for tasks to queue
[2023-11-25T11:10:13.703+0000] {logging_mixin.py:154} INFO - [2023-11-25T11:10:13.703+0000] {dagbag.py:536} INFO - Filling up the DagBag from /home/airflow/.local/lib/python3.8/site-packages/airflow/example_dags/example_branch_operator.py
[2023-11-25T11:10:13.711+0000] {processor.py:839} INFO - DAG(s) dict_keys(['example_branch_operator']) retrieved from /home/airflow/.local/lib/python3.8/site-packages/airflow/example_dags/example_branch_operator.py
[2023-11-25T11:10:13.733+0000] {logging_mixin.py:154} INFO - [2023-11-25T11:10:13.733+0000] {dag.py:2941} INFO - Sync 1 DAGs
[2023-11-25T11:10:13.759+0000] {logging_mixin.py:154} INFO - [2023-11-25T11:10:13.759+0000] {dag.py:3722} INFO - Setting next_dagrun for example_branch_operator to 2023-11-24T00:00:00+00:00, run_after=2023-11-25T00:00:00+00:00
[2023-11-25T11:10:13.784+0000] {processor.py:179} INFO - Processing /home/airflow/.local/lib/python3.8/site-packages/airflow/example_dags/example_branch_operator.py took 0.086 seconds
[2023-11-25T11:10:44.014+0000] {processor.py:157} INFO - Started process (PID=361) to work on /home/airflow/.local/lib/python3.8/site-packages/airflow/example_dags/example_branch_operator.py
[2023-11-25T11:10:44.015+0000] {processor.py:829} INFO - Processing file /home/airflow/.local/lib/python3.8/site-packages/airflow/example_dags/example_branch_operator.py for tasks to queue
[2023-11-25T11:10:44.018+0000] {logging_mixin.py:154} INFO - [2023-11-25T11:10:44.017+0000] {dagbag.py:536} INFO - Filling up the DagBag from /home/airflow/.local/lib/python3.8/site-packages/airflow/example_dags/example_branch_operator.py
[2023-11-25T11:10:44.032+0000] {processor.py:839} INFO - DAG(s) dict_keys(['example_branch_operator']) retrieved from /home/airflow/.local/lib/python3.8/site-packages/airflow/example_dags/example_branch_operator.py
[2023-11-25T11:10:44.057+0000] {logging_mixin.py:154} INFO - [2023-11-25T11:10:44.057+0000] {dag.py:2941} INFO - Sync 1 DAGs
[2023-11-25T11:10:44.083+0000] {logging_mixin.py:154} INFO - [2023-11-25T11:10:44.083+0000] {dag.py:3722} INFO - Setting next_dagrun for example_branch_operator to 2023-11-24T00:00:00+00:00, run_after=2023-11-25T00:00:00+00:00
[2023-11-25T11:10:44.104+0000] {processor.py:179} INFO - Processing /home/airflow/.local/lib/python3.8/site-packages/airflow/example_dags/example_branch_operator.py took 0.094 seconds
[2023-11-25T11:11:15.187+0000] {processor.py:157} INFO - Started process (PID=415) to work on /home/airflow/.local/lib/python3.8/site-packages/airflow/example_dags/example_branch_operator.py
[2023-11-25T11:11:15.187+0000] {processor.py:829} INFO - Processing file /home/airflow/.local/lib/python3.8/site-packages/airflow/example_dags/example_branch_operator.py for tasks to queue
[2023-11-25T11:11:15.189+0000] {logging_mixin.py:154} INFO - [2023-11-25T11:11:15.189+0000] {dagbag.py:536} INFO - Filling up the DagBag from /home/airflow/.local/lib/python3.8/site-packages/airflow/example_dags/example_branch_operator.py
[2023-11-25T11:11:15.197+0000] {processor.py:839} INFO - DAG(s) dict_keys(['example_branch_operator']) retrieved from /home/airflow/.local/lib/python3.8/site-packages/airflow/example_dags/example_branch_operator.py
[2023-11-25T11:11:15.219+0000] {logging_mixin.py:154} INFO - [2023-11-25T11:11:15.219+0000] {dag.py:2941} INFO - Sync 1 DAGs
[2023-11-25T11:11:15.247+0000] {logging_mixin.py:154} INFO - [2023-11-25T11:11:15.247+0000] {dag.py:3722} INFO - Setting next_dagrun for example_branch_operator to 2023-11-24T00:00:00+00:00, run_after=2023-11-25T00:00:00+00:00
[2023-11-25T11:11:15.268+0000] {processor.py:179} INFO - Processing /home/airflow/.local/lib/python3.8/site-packages/airflow/example_dags/example_branch_operator.py took 0.085 seconds
[2023-11-25T11:11:45.397+0000] {processor.py:157} INFO - Started process (PID=469) to work on /home/airflow/.local/lib/python3.8/site-packages/airflow/example_dags/example_branch_operator.py
[2023-11-25T11:11:45.398+0000] {processor.py:829} INFO - Processing file /home/airflow/.local/lib/python3.8/site-packages/airflow/example_dags/example_branch_operator.py for tasks to queue
[2023-11-25T11:11:45.399+0000] {logging_mixin.py:154} INFO - [2023-11-25T11:11:45.399+0000] {dagbag.py:536} INFO - Filling up the DagBag from /home/airflow/.local/lib/python3.8/site-packages/airflow/example_dags/example_branch_operator.py
[2023-11-25T11:11:45.408+0000] {processor.py:839} INFO - DAG(s) dict_keys(['example_branch_operator']) retrieved from /home/airflow/.local/lib/python3.8/site-packages/airflow/example_dags/example_branch_operator.py
[2023-11-25T11:11:45.437+0000] {logging_mixin.py:154} INFO - [2023-11-25T11:11:45.437+0000] {dag.py:2941} INFO - Sync 1 DAGs
[2023-11-25T11:11:45.465+0000] {logging_mixin.py:154} INFO - [2023-11-25T11:11:45.464+0000] {dag.py:3722} INFO - Setting next_dagrun for example_branch_operator to 2023-11-24T00:00:00+00:00, run_after=2023-11-25T00:00:00+00:00
[2023-11-25T11:11:45.491+0000] {processor.py:179} INFO - Processing /home/airflow/.local/lib/python3.8/site-packages/airflow/example_dags/example_branch_operator.py took 0.097 seconds
[2023-11-25T11:12:16.006+0000] {processor.py:157} INFO - Started process (PID=524) to work on /home/airflow/.local/lib/python3.8/site-packages/airflow/example_dags/example_branch_operator.py
[2023-11-25T11:12:16.008+0000] {processor.py:829} INFO - Processing file /home/airflow/.local/lib/python3.8/site-packages/airflow/example_dags/example_branch_operator.py for tasks to queue
[2023-11-25T11:12:16.010+0000] {logging_mixin.py:154} INFO - [2023-11-25T11:12:16.010+0000] {dagbag.py:536} INFO - Filling up the DagBag from /home/airflow/.local/lib/python3.8/site-packages/airflow/example_dags/example_branch_operator.py
[2023-11-25T11:12:16.022+0000] {processor.py:839} INFO - DAG(s) dict_keys(['example_branch_operator']) retrieved from /home/airflow/.local/lib/python3.8/site-packages/airflow/example_dags/example_branch_operator.py
[2023-11-25T11:12:16.055+0000] {logging_mixin.py:154} INFO - [2023-11-25T11:12:16.055+0000] {dag.py:2941} INFO - Sync 1 DAGs
[2023-11-25T11:12:16.101+0000] {logging_mixin.py:154} INFO - [2023-11-25T11:12:16.101+0000] {dag.py:3722} INFO - Setting next_dagrun for example_branch_operator to 2023-11-24T00:00:00+00:00, run_after=2023-11-25T00:00:00+00:00
[2023-11-25T11:12:16.139+0000] {processor.py:179} INFO - Processing /home/airflow/.local/lib/python3.8/site-packages/airflow/example_dags/example_branch_operator.py took 0.138 seconds
[2023-11-25T11:12:46.854+0000] {processor.py:157} INFO - Started process (PID=577) to work on /home/airflow/.local/lib/python3.8/site-packages/airflow/example_dags/example_branch_operator.py
[2023-11-25T11:12:46.855+0000] {processor.py:829} INFO - Processing file /home/airflow/.local/lib/python3.8/site-packages/airflow/example_dags/example_branch_operator.py for tasks to queue
[2023-11-25T11:12:46.857+0000] {logging_mixin.py:154} INFO - [2023-11-25T11:12:46.857+0000] {dagbag.py:536} INFO - Filling up the DagBag from /home/airflow/.local/lib/python3.8/site-packages/airflow/example_dags/example_branch_operator.py
[2023-11-25T11:12:46.865+0000] {processor.py:839} INFO - DAG(s) dict_keys(['example_branch_operator']) retrieved from /home/airflow/.local/lib/python3.8/site-packages/airflow/example_dags/example_branch_operator.py
[2023-11-25T11:12:46.891+0000] {logging_mixin.py:154} INFO - [2023-11-25T11:12:46.891+0000] {dag.py:2941} INFO - Sync 1 DAGs
[2023-11-25T11:12:46.922+0000] {logging_mixin.py:154} INFO - [2023-11-25T11:12:46.921+0000] {dag.py:3722} INFO - Setting next_dagrun for example_branch_operator to 2023-11-24T00:00:00+00:00, run_after=2023-11-25T00:00:00+00:00
[2023-11-25T11:12:46.943+0000] {processor.py:179} INFO - Processing /home/airflow/.local/lib/python3.8/site-packages/airflow/example_dags/example_branch_operator.py took 0.092 seconds
[2023-11-25T11:13:17.010+0000] {processor.py:157} INFO - Started process (PID=631) to work on /home/airflow/.local/lib/python3.8/site-packages/airflow/example_dags/example_branch_operator.py
[2023-11-25T11:13:17.011+0000] {processor.py:829} INFO - Processing file /home/airflow/.local/lib/python3.8/site-packages/airflow/example_dags/example_branch_operator.py for tasks to queue
[2023-11-25T11:13:17.013+0000] {logging_mixin.py:154} INFO - [2023-11-25T11:13:17.013+0000] {dagbag.py:536} INFO - Filling up the DagBag from /home/airflow/.local/lib/python3.8/site-packages/airflow/example_dags/example_branch_operator.py
[2023-11-25T11:13:17.021+0000] {processor.py:839} INFO - DAG(s) dict_keys(['example_branch_operator']) retrieved from /home/airflow/.local/lib/python3.8/site-packages/airflow/example_dags/example_branch_operator.py
[2023-11-25T11:13:17.041+0000] {logging_mixin.py:154} INFO - [2023-11-25T11:13:17.041+0000] {dag.py:2941} INFO - Sync 1 DAGs
[2023-11-25T11:13:17.066+0000] {logging_mixin.py:154} INFO - [2023-11-25T11:13:17.065+0000] {dag.py:3722} INFO - Setting next_dagrun for example_branch_operator to 2023-11-24T00:00:00+00:00, run_after=2023-11-25T00:00:00+00:00
[2023-11-25T11:13:17.085+0000] {processor.py:179} INFO - Processing /home/airflow/.local/lib/python3.8/site-packages/airflow/example_dags/example_branch_operator.py took 0.078 seconds
[2023-11-25T11:13:47.433+0000] {processor.py:157} INFO - Started process (PID=686) to work on /home/airflow/.local/lib/python3.8/site-packages/airflow/example_dags/example_branch_operator.py
[2023-11-25T11:13:47.436+0000] {processor.py:829} INFO - Processing file /home/airflow/.local/lib/python3.8/site-packages/airflow/example_dags/example_branch_operator.py for tasks to queue
[2023-11-25T11:13:47.439+0000] {logging_mixin.py:154} INFO - [2023-11-25T11:13:47.439+0000] {dagbag.py:536} INFO - Filling up the DagBag from /home/airflow/.local/lib/python3.8/site-packages/airflow/example_dags/example_branch_operator.py
[2023-11-25T11:13:47.452+0000] {processor.py:839} INFO - DAG(s) dict_keys(['example_branch_operator']) retrieved from /home/airflow/.local/lib/python3.8/site-packages/airflow/example_dags/example_branch_operator.py
[2023-11-25T11:13:47.483+0000] {logging_mixin.py:154} INFO - [2023-11-25T11:13:47.482+0000] {dag.py:2941} INFO - Sync 1 DAGs
[2023-11-25T11:13:47.513+0000] {logging_mixin.py:154} INFO - [2023-11-25T11:13:47.513+0000] {dag.py:3722} INFO - Setting next_dagrun for example_branch_operator to 2023-11-24T00:00:00+00:00, run_after=2023-11-25T00:00:00+00:00
[2023-11-25T11:13:47.537+0000] {processor.py:179} INFO - Processing /home/airflow/.local/lib/python3.8/site-packages/airflow/example_dags/example_branch_operator.py took 0.108 seconds
