[2023-11-25T10:23:18.867+0000] {processor.py:157} INFO - Started process (PID=49) to work on /home/airflow/.local/lib/python3.8/site-packages/airflow/example_dags/example_task_group.py
[2023-11-25T10:23:18.871+0000] {processor.py:829} INFO - Processing file /home/airflow/.local/lib/python3.8/site-packages/airflow/example_dags/example_task_group.py for tasks to queue
[2023-11-25T10:23:18.874+0000] {logging_mixin.py:154} INFO - [2023-11-25T10:23:18.874+0000] {dagbag.py:536} INFO - Filling up the DagBag from /home/airflow/.local/lib/python3.8/site-packages/airflow/example_dags/example_task_group.py
[2023-11-25T10:23:18.938+0000] {processor.py:839} INFO - DAG(s) dict_keys(['example_task_group']) retrieved from /home/airflow/.local/lib/python3.8/site-packages/airflow/example_dags/example_task_group.py
[2023-11-25T10:23:18.981+0000] {logging_mixin.py:154} INFO - [2023-11-25T10:23:18.981+0000] {dag.py:2941} INFO - Sync 1 DAGs
[2023-11-25T10:23:19.024+0000] {logging_mixin.py:154} INFO - [2023-11-25T10:23:19.023+0000] {dag.py:3722} INFO - Setting next_dagrun for example_task_group to 2023-11-24T10:23:19.023451+00:00, run_after=2023-11-25T10:23:19.023451+00:00
[2023-11-25T10:23:19.073+0000] {processor.py:179} INFO - Processing /home/airflow/.local/lib/python3.8/site-packages/airflow/example_dags/example_task_group.py took 0.211 seconds
[2023-11-25T10:23:49.901+0000] {processor.py:157} INFO - Started process (PID=103) to work on /home/airflow/.local/lib/python3.8/site-packages/airflow/example_dags/example_task_group.py
[2023-11-25T10:23:49.903+0000] {processor.py:829} INFO - Processing file /home/airflow/.local/lib/python3.8/site-packages/airflow/example_dags/example_task_group.py for tasks to queue
[2023-11-25T10:23:49.906+0000] {logging_mixin.py:154} INFO - [2023-11-25T10:23:49.905+0000] {dagbag.py:536} INFO - Filling up the DagBag from /home/airflow/.local/lib/python3.8/site-packages/airflow/example_dags/example_task_group.py
[2023-11-25T10:23:49.946+0000] {processor.py:839} INFO - DAG(s) dict_keys(['example_task_group']) retrieved from /home/airflow/.local/lib/python3.8/site-packages/airflow/example_dags/example_task_group.py
[2023-11-25T10:23:49.986+0000] {logging_mixin.py:154} INFO - [2023-11-25T10:23:49.986+0000] {dag.py:2941} INFO - Sync 1 DAGs
[2023-11-25T10:23:50.009+0000] {logging_mixin.py:154} INFO - [2023-11-25T10:23:50.009+0000] {dag.py:3722} INFO - Setting next_dagrun for example_task_group to 2023-11-24T10:23:50.009553+00:00, run_after=2023-11-25T10:23:50.009553+00:00
[2023-11-25T10:23:50.027+0000] {processor.py:179} INFO - Processing /home/airflow/.local/lib/python3.8/site-packages/airflow/example_dags/example_task_group.py took 0.129 seconds
[2023-11-25T10:24:20.718+0000] {processor.py:157} INFO - Started process (PID=157) to work on /home/airflow/.local/lib/python3.8/site-packages/airflow/example_dags/example_task_group.py
[2023-11-25T10:24:20.719+0000] {processor.py:829} INFO - Processing file /home/airflow/.local/lib/python3.8/site-packages/airflow/example_dags/example_task_group.py for tasks to queue
[2023-11-25T10:24:20.722+0000] {logging_mixin.py:154} INFO - [2023-11-25T10:24:20.721+0000] {dagbag.py:536} INFO - Filling up the DagBag from /home/airflow/.local/lib/python3.8/site-packages/airflow/example_dags/example_task_group.py
[2023-11-25T10:24:20.730+0000] {processor.py:839} INFO - DAG(s) dict_keys(['example_task_group']) retrieved from /home/airflow/.local/lib/python3.8/site-packages/airflow/example_dags/example_task_group.py
[2023-11-25T10:24:20.757+0000] {logging_mixin.py:154} INFO - [2023-11-25T10:24:20.757+0000] {dag.py:2941} INFO - Sync 1 DAGs
[2023-11-25T10:24:20.788+0000] {logging_mixin.py:154} INFO - [2023-11-25T10:24:20.788+0000] {dag.py:3722} INFO - Setting next_dagrun for example_task_group to 2023-11-24T10:24:20.788100+00:00, run_after=2023-11-25T10:24:20.788100+00:00
[2023-11-25T10:24:20.808+0000] {processor.py:179} INFO - Processing /home/airflow/.local/lib/python3.8/site-packages/airflow/example_dags/example_task_group.py took 0.094 seconds
[2023-11-25T10:24:50.865+0000] {processor.py:157} INFO - Started process (PID=211) to work on /home/airflow/.local/lib/python3.8/site-packages/airflow/example_dags/example_task_group.py
[2023-11-25T10:24:50.865+0000] {processor.py:829} INFO - Processing file /home/airflow/.local/lib/python3.8/site-packages/airflow/example_dags/example_task_group.py for tasks to queue
[2023-11-25T10:24:50.868+0000] {logging_mixin.py:154} INFO - [2023-11-25T10:24:50.867+0000] {dagbag.py:536} INFO - Filling up the DagBag from /home/airflow/.local/lib/python3.8/site-packages/airflow/example_dags/example_task_group.py
[2023-11-25T10:24:50.874+0000] {processor.py:839} INFO - DAG(s) dict_keys(['example_task_group']) retrieved from /home/airflow/.local/lib/python3.8/site-packages/airflow/example_dags/example_task_group.py
[2023-11-25T10:24:50.900+0000] {logging_mixin.py:154} INFO - [2023-11-25T10:24:50.900+0000] {dag.py:2941} INFO - Sync 1 DAGs
[2023-11-25T10:24:50.924+0000] {logging_mixin.py:154} INFO - [2023-11-25T10:24:50.924+0000] {dag.py:3722} INFO - Setting next_dagrun for example_task_group to 2023-11-24T10:24:50.923809+00:00, run_after=2023-11-25T10:24:50.923809+00:00
[2023-11-25T10:24:50.946+0000] {processor.py:179} INFO - Processing /home/airflow/.local/lib/python3.8/site-packages/airflow/example_dags/example_task_group.py took 0.085 seconds
[2023-11-25T10:25:21.393+0000] {processor.py:157} INFO - Started process (PID=265) to work on /home/airflow/.local/lib/python3.8/site-packages/airflow/example_dags/example_task_group.py
[2023-11-25T10:25:21.394+0000] {processor.py:829} INFO - Processing file /home/airflow/.local/lib/python3.8/site-packages/airflow/example_dags/example_task_group.py for tasks to queue
[2023-11-25T10:25:21.397+0000] {logging_mixin.py:154} INFO - [2023-11-25T10:25:21.396+0000] {dagbag.py:536} INFO - Filling up the DagBag from /home/airflow/.local/lib/python3.8/site-packages/airflow/example_dags/example_task_group.py
[2023-11-25T10:25:21.409+0000] {processor.py:839} INFO - DAG(s) dict_keys(['example_task_group']) retrieved from /home/airflow/.local/lib/python3.8/site-packages/airflow/example_dags/example_task_group.py
[2023-11-25T10:25:21.434+0000] {logging_mixin.py:154} INFO - [2023-11-25T10:25:21.433+0000] {dag.py:2941} INFO - Sync 1 DAGs
[2023-11-25T10:25:21.460+0000] {logging_mixin.py:154} INFO - [2023-11-25T10:25:21.460+0000] {dag.py:3722} INFO - Setting next_dagrun for example_task_group to 2023-11-24T10:25:21.460187+00:00, run_after=2023-11-25T10:25:21.460187+00:00
[2023-11-25T10:25:21.494+0000] {processor.py:179} INFO - Processing /home/airflow/.local/lib/python3.8/site-packages/airflow/example_dags/example_task_group.py took 0.104 seconds
[2023-11-25T10:25:52.073+0000] {processor.py:157} INFO - Started process (PID=319) to work on /home/airflow/.local/lib/python3.8/site-packages/airflow/example_dags/example_task_group.py
[2023-11-25T10:25:52.074+0000] {processor.py:829} INFO - Processing file /home/airflow/.local/lib/python3.8/site-packages/airflow/example_dags/example_task_group.py for tasks to queue
[2023-11-25T10:25:52.076+0000] {logging_mixin.py:154} INFO - [2023-11-25T10:25:52.076+0000] {dagbag.py:536} INFO - Filling up the DagBag from /home/airflow/.local/lib/python3.8/site-packages/airflow/example_dags/example_task_group.py
[2023-11-25T10:25:52.084+0000] {processor.py:839} INFO - DAG(s) dict_keys(['example_task_group']) retrieved from /home/airflow/.local/lib/python3.8/site-packages/airflow/example_dags/example_task_group.py
[2023-11-25T10:25:52.109+0000] {logging_mixin.py:154} INFO - [2023-11-25T10:25:52.109+0000] {dag.py:2941} INFO - Sync 1 DAGs
[2023-11-25T10:25:52.140+0000] {logging_mixin.py:154} INFO - [2023-11-25T10:25:52.140+0000] {dag.py:3722} INFO - Setting next_dagrun for example_task_group to 2023-11-24T10:25:52.140216+00:00, run_after=2023-11-25T10:25:52.140216+00:00
[2023-11-25T10:25:52.163+0000] {processor.py:179} INFO - Processing /home/airflow/.local/lib/python3.8/site-packages/airflow/example_dags/example_task_group.py took 0.093 seconds
[2023-11-25T10:26:22.362+0000] {processor.py:157} INFO - Started process (PID=373) to work on /home/airflow/.local/lib/python3.8/site-packages/airflow/example_dags/example_task_group.py
[2023-11-25T10:26:22.363+0000] {processor.py:829} INFO - Processing file /home/airflow/.local/lib/python3.8/site-packages/airflow/example_dags/example_task_group.py for tasks to queue
[2023-11-25T10:26:22.366+0000] {logging_mixin.py:154} INFO - [2023-11-25T10:26:22.365+0000] {dagbag.py:536} INFO - Filling up the DagBag from /home/airflow/.local/lib/python3.8/site-packages/airflow/example_dags/example_task_group.py
[2023-11-25T10:26:22.372+0000] {processor.py:839} INFO - DAG(s) dict_keys(['example_task_group']) retrieved from /home/airflow/.local/lib/python3.8/site-packages/airflow/example_dags/example_task_group.py
[2023-11-25T10:26:22.393+0000] {logging_mixin.py:154} INFO - [2023-11-25T10:26:22.392+0000] {dag.py:2941} INFO - Sync 1 DAGs
[2023-11-25T10:26:22.421+0000] {logging_mixin.py:154} INFO - [2023-11-25T10:26:22.421+0000] {dag.py:3722} INFO - Setting next_dagrun for example_task_group to 2023-11-24T10:26:22.421343+00:00, run_after=2023-11-25T10:26:22.421343+00:00
[2023-11-25T10:26:22.442+0000] {processor.py:179} INFO - Processing /home/airflow/.local/lib/python3.8/site-packages/airflow/example_dags/example_task_group.py took 0.083 seconds
[2023-11-25T10:26:53.221+0000] {processor.py:157} INFO - Started process (PID=427) to work on /home/airflow/.local/lib/python3.8/site-packages/airflow/example_dags/example_task_group.py
[2023-11-25T10:26:53.228+0000] {processor.py:829} INFO - Processing file /home/airflow/.local/lib/python3.8/site-packages/airflow/example_dags/example_task_group.py for tasks to queue
[2023-11-25T10:26:53.233+0000] {logging_mixin.py:154} INFO - [2023-11-25T10:26:53.232+0000] {dagbag.py:536} INFO - Filling up the DagBag from /home/airflow/.local/lib/python3.8/site-packages/airflow/example_dags/example_task_group.py
[2023-11-25T10:26:53.243+0000] {processor.py:839} INFO - DAG(s) dict_keys(['example_task_group']) retrieved from /home/airflow/.local/lib/python3.8/site-packages/airflow/example_dags/example_task_group.py
[2023-11-25T10:26:53.267+0000] {logging_mixin.py:154} INFO - [2023-11-25T10:26:53.267+0000] {dag.py:2941} INFO - Sync 1 DAGs
[2023-11-25T10:26:53.292+0000] {logging_mixin.py:154} INFO - [2023-11-25T10:26:53.291+0000] {dag.py:3722} INFO - Setting next_dagrun for example_task_group to 2023-11-24T10:26:53.291671+00:00, run_after=2023-11-25T10:26:53.291671+00:00
[2023-11-25T10:26:53.314+0000] {processor.py:179} INFO - Processing /home/airflow/.local/lib/python3.8/site-packages/airflow/example_dags/example_task_group.py took 0.097 seconds
[2023-11-25T10:27:23.787+0000] {processor.py:157} INFO - Started process (PID=481) to work on /home/airflow/.local/lib/python3.8/site-packages/airflow/example_dags/example_task_group.py
[2023-11-25T10:27:23.789+0000] {processor.py:829} INFO - Processing file /home/airflow/.local/lib/python3.8/site-packages/airflow/example_dags/example_task_group.py for tasks to queue
[2023-11-25T10:27:23.791+0000] {logging_mixin.py:154} INFO - [2023-11-25T10:27:23.791+0000] {dagbag.py:536} INFO - Filling up the DagBag from /home/airflow/.local/lib/python3.8/site-packages/airflow/example_dags/example_task_group.py
[2023-11-25T10:27:23.798+0000] {processor.py:839} INFO - DAG(s) dict_keys(['example_task_group']) retrieved from /home/airflow/.local/lib/python3.8/site-packages/airflow/example_dags/example_task_group.py
[2023-11-25T10:27:23.826+0000] {logging_mixin.py:154} INFO - [2023-11-25T10:27:23.826+0000] {dag.py:2941} INFO - Sync 1 DAGs
[2023-11-25T10:27:23.848+0000] {logging_mixin.py:154} INFO - [2023-11-25T10:27:23.848+0000] {dag.py:3722} INFO - Setting next_dagrun for example_task_group to 2023-11-24T10:27:23.848612+00:00, run_after=2023-11-25T10:27:23.848612+00:00
[2023-11-25T10:27:23.865+0000] {processor.py:179} INFO - Processing /home/airflow/.local/lib/python3.8/site-packages/airflow/example_dags/example_task_group.py took 0.081 seconds
[2023-11-25T10:27:54.341+0000] {processor.py:157} INFO - Started process (PID=534) to work on /home/airflow/.local/lib/python3.8/site-packages/airflow/example_dags/example_task_group.py
[2023-11-25T10:27:54.342+0000] {processor.py:829} INFO - Processing file /home/airflow/.local/lib/python3.8/site-packages/airflow/example_dags/example_task_group.py for tasks to queue
[2023-11-25T10:27:54.345+0000] {logging_mixin.py:154} INFO - [2023-11-25T10:27:54.344+0000] {dagbag.py:536} INFO - Filling up the DagBag from /home/airflow/.local/lib/python3.8/site-packages/airflow/example_dags/example_task_group.py
[2023-11-25T10:27:54.356+0000] {processor.py:839} INFO - DAG(s) dict_keys(['example_task_group']) retrieved from /home/airflow/.local/lib/python3.8/site-packages/airflow/example_dags/example_task_group.py
[2023-11-25T10:27:54.396+0000] {logging_mixin.py:154} INFO - [2023-11-25T10:27:54.396+0000] {dag.py:2941} INFO - Sync 1 DAGs
[2023-11-25T10:27:54.438+0000] {logging_mixin.py:154} INFO - [2023-11-25T10:27:54.437+0000] {dag.py:3722} INFO - Setting next_dagrun for example_task_group to 2023-11-24T10:27:54.437689+00:00, run_after=2023-11-25T10:27:54.437689+00:00
[2023-11-25T10:27:54.466+0000] {processor.py:179} INFO - Processing /home/airflow/.local/lib/python3.8/site-packages/airflow/example_dags/example_task_group.py took 0.129 seconds
[2023-11-25T10:28:25.048+0000] {processor.py:157} INFO - Started process (PID=588) to work on /home/airflow/.local/lib/python3.8/site-packages/airflow/example_dags/example_task_group.py
[2023-11-25T10:28:25.050+0000] {processor.py:829} INFO - Processing file /home/airflow/.local/lib/python3.8/site-packages/airflow/example_dags/example_task_group.py for tasks to queue
[2023-11-25T10:28:25.052+0000] {logging_mixin.py:154} INFO - [2023-11-25T10:28:25.052+0000] {dagbag.py:536} INFO - Filling up the DagBag from /home/airflow/.local/lib/python3.8/site-packages/airflow/example_dags/example_task_group.py
[2023-11-25T10:28:25.065+0000] {processor.py:839} INFO - DAG(s) dict_keys(['example_task_group']) retrieved from /home/airflow/.local/lib/python3.8/site-packages/airflow/example_dags/example_task_group.py
[2023-11-25T10:28:25.099+0000] {logging_mixin.py:154} INFO - [2023-11-25T10:28:25.099+0000] {dag.py:2941} INFO - Sync 1 DAGs
[2023-11-25T10:28:25.134+0000] {logging_mixin.py:154} INFO - [2023-11-25T10:28:25.134+0000] {dag.py:3722} INFO - Setting next_dagrun for example_task_group to 2023-11-24T10:28:25.133856+00:00, run_after=2023-11-25T10:28:25.133856+00:00
[2023-11-25T10:28:25.166+0000] {processor.py:179} INFO - Processing /home/airflow/.local/lib/python3.8/site-packages/airflow/example_dags/example_task_group.py took 0.123 seconds
[2023-11-25T10:28:56.142+0000] {processor.py:157} INFO - Started process (PID=641) to work on /home/airflow/.local/lib/python3.8/site-packages/airflow/example_dags/example_task_group.py
[2023-11-25T10:28:56.144+0000] {processor.py:829} INFO - Processing file /home/airflow/.local/lib/python3.8/site-packages/airflow/example_dags/example_task_group.py for tasks to queue
[2023-11-25T10:28:56.147+0000] {logging_mixin.py:154} INFO - [2023-11-25T10:28:56.146+0000] {dagbag.py:536} INFO - Filling up the DagBag from /home/airflow/.local/lib/python3.8/site-packages/airflow/example_dags/example_task_group.py
[2023-11-25T10:28:56.160+0000] {processor.py:839} INFO - DAG(s) dict_keys(['example_task_group']) retrieved from /home/airflow/.local/lib/python3.8/site-packages/airflow/example_dags/example_task_group.py
[2023-11-25T10:28:56.187+0000] {logging_mixin.py:154} INFO - [2023-11-25T10:28:56.187+0000] {dag.py:2941} INFO - Sync 1 DAGs
[2023-11-25T10:28:56.224+0000] {logging_mixin.py:154} INFO - [2023-11-25T10:28:56.223+0000] {dag.py:3722} INFO - Setting next_dagrun for example_task_group to 2023-11-24T10:28:56.223501+00:00, run_after=2023-11-25T10:28:56.223501+00:00
[2023-11-25T10:28:56.251+0000] {processor.py:179} INFO - Processing /home/airflow/.local/lib/python3.8/site-packages/airflow/example_dags/example_task_group.py took 0.115 seconds
[2023-11-25T10:29:26.639+0000] {processor.py:157} INFO - Started process (PID=695) to work on /home/airflow/.local/lib/python3.8/site-packages/airflow/example_dags/example_task_group.py
[2023-11-25T10:29:26.640+0000] {processor.py:829} INFO - Processing file /home/airflow/.local/lib/python3.8/site-packages/airflow/example_dags/example_task_group.py for tasks to queue
[2023-11-25T10:29:26.641+0000] {logging_mixin.py:154} INFO - [2023-11-25T10:29:26.641+0000] {dagbag.py:536} INFO - Filling up the DagBag from /home/airflow/.local/lib/python3.8/site-packages/airflow/example_dags/example_task_group.py
[2023-11-25T10:29:26.649+0000] {processor.py:839} INFO - DAG(s) dict_keys(['example_task_group']) retrieved from /home/airflow/.local/lib/python3.8/site-packages/airflow/example_dags/example_task_group.py
[2023-11-25T10:29:26.671+0000] {logging_mixin.py:154} INFO - [2023-11-25T10:29:26.671+0000] {dag.py:2941} INFO - Sync 1 DAGs
[2023-11-25T10:29:26.696+0000] {logging_mixin.py:154} INFO - [2023-11-25T10:29:26.696+0000] {dag.py:3722} INFO - Setting next_dagrun for example_task_group to 2023-11-24T10:29:26.695533+00:00, run_after=2023-11-25T10:29:26.695533+00:00
[2023-11-25T10:29:26.749+0000] {processor.py:179} INFO - Processing /home/airflow/.local/lib/python3.8/site-packages/airflow/example_dags/example_task_group.py took 0.113 seconds
[2023-11-25T10:29:56.930+0000] {processor.py:157} INFO - Started process (PID=749) to work on /home/airflow/.local/lib/python3.8/site-packages/airflow/example_dags/example_task_group.py
[2023-11-25T10:29:56.936+0000] {processor.py:829} INFO - Processing file /home/airflow/.local/lib/python3.8/site-packages/airflow/example_dags/example_task_group.py for tasks to queue
[2023-11-25T10:29:56.940+0000] {logging_mixin.py:154} INFO - [2023-11-25T10:29:56.939+0000] {dagbag.py:536} INFO - Filling up the DagBag from /home/airflow/.local/lib/python3.8/site-packages/airflow/example_dags/example_task_group.py
[2023-11-25T10:29:56.954+0000] {processor.py:839} INFO - DAG(s) dict_keys(['example_task_group']) retrieved from /home/airflow/.local/lib/python3.8/site-packages/airflow/example_dags/example_task_group.py
[2023-11-25T10:29:57.037+0000] {logging_mixin.py:154} INFO - [2023-11-25T10:29:57.037+0000] {dag.py:2941} INFO - Sync 1 DAGs
[2023-11-25T10:29:57.081+0000] {logging_mixin.py:154} INFO - [2023-11-25T10:29:57.081+0000] {dag.py:3722} INFO - Setting next_dagrun for example_task_group to 2023-11-24T10:29:57.081059+00:00, run_after=2023-11-25T10:29:57.081059+00:00
[2023-11-25T10:29:57.108+0000] {processor.py:179} INFO - Processing /home/airflow/.local/lib/python3.8/site-packages/airflow/example_dags/example_task_group.py took 0.182 seconds
[2023-11-25T10:30:27.604+0000] {processor.py:157} INFO - Started process (PID=810) to work on /home/airflow/.local/lib/python3.8/site-packages/airflow/example_dags/example_task_group.py
[2023-11-25T10:30:27.605+0000] {processor.py:829} INFO - Processing file /home/airflow/.local/lib/python3.8/site-packages/airflow/example_dags/example_task_group.py for tasks to queue
[2023-11-25T10:30:27.608+0000] {logging_mixin.py:154} INFO - [2023-11-25T10:30:27.607+0000] {dagbag.py:536} INFO - Filling up the DagBag from /home/airflow/.local/lib/python3.8/site-packages/airflow/example_dags/example_task_group.py
[2023-11-25T10:30:27.617+0000] {processor.py:839} INFO - DAG(s) dict_keys(['example_task_group']) retrieved from /home/airflow/.local/lib/python3.8/site-packages/airflow/example_dags/example_task_group.py
[2023-11-25T10:30:27.644+0000] {logging_mixin.py:154} INFO - [2023-11-25T10:30:27.644+0000] {dag.py:2941} INFO - Sync 1 DAGs
[2023-11-25T10:30:27.674+0000] {logging_mixin.py:154} INFO - [2023-11-25T10:30:27.674+0000] {dag.py:3722} INFO - Setting next_dagrun for example_task_group to 2023-11-24T10:30:27.674163+00:00, run_after=2023-11-25T10:30:27.674163+00:00
[2023-11-25T10:30:27.707+0000] {processor.py:179} INFO - Processing /home/airflow/.local/lib/python3.8/site-packages/airflow/example_dags/example_task_group.py took 0.105 seconds
[2023-11-25T10:30:58.223+0000] {processor.py:157} INFO - Started process (PID=864) to work on /home/airflow/.local/lib/python3.8/site-packages/airflow/example_dags/example_task_group.py
[2023-11-25T10:30:58.228+0000] {processor.py:829} INFO - Processing file /home/airflow/.local/lib/python3.8/site-packages/airflow/example_dags/example_task_group.py for tasks to queue
[2023-11-25T10:30:58.230+0000] {logging_mixin.py:154} INFO - [2023-11-25T10:30:58.229+0000] {dagbag.py:536} INFO - Filling up the DagBag from /home/airflow/.local/lib/python3.8/site-packages/airflow/example_dags/example_task_group.py
[2023-11-25T10:30:58.236+0000] {processor.py:839} INFO - DAG(s) dict_keys(['example_task_group']) retrieved from /home/airflow/.local/lib/python3.8/site-packages/airflow/example_dags/example_task_group.py
[2023-11-25T10:30:58.262+0000] {logging_mixin.py:154} INFO - [2023-11-25T10:30:58.262+0000] {dag.py:2941} INFO - Sync 1 DAGs
[2023-11-25T10:30:58.284+0000] {logging_mixin.py:154} INFO - [2023-11-25T10:30:58.284+0000] {dag.py:3722} INFO - Setting next_dagrun for example_task_group to 2023-11-24T10:30:58.284210+00:00, run_after=2023-11-25T10:30:58.284210+00:00
[2023-11-25T10:30:58.314+0000] {processor.py:179} INFO - Processing /home/airflow/.local/lib/python3.8/site-packages/airflow/example_dags/example_task_group.py took 0.094 seconds
[2023-11-25T10:31:29.268+0000] {processor.py:157} INFO - Started process (PID=917) to work on /home/airflow/.local/lib/python3.8/site-packages/airflow/example_dags/example_task_group.py
[2023-11-25T10:31:29.268+0000] {processor.py:829} INFO - Processing file /home/airflow/.local/lib/python3.8/site-packages/airflow/example_dags/example_task_group.py for tasks to queue
[2023-11-25T10:31:29.270+0000] {logging_mixin.py:154} INFO - [2023-11-25T10:31:29.270+0000] {dagbag.py:536} INFO - Filling up the DagBag from /home/airflow/.local/lib/python3.8/site-packages/airflow/example_dags/example_task_group.py
[2023-11-25T10:31:29.277+0000] {processor.py:839} INFO - DAG(s) dict_keys(['example_task_group']) retrieved from /home/airflow/.local/lib/python3.8/site-packages/airflow/example_dags/example_task_group.py
[2023-11-25T10:31:29.300+0000] {logging_mixin.py:154} INFO - [2023-11-25T10:31:29.300+0000] {dag.py:2941} INFO - Sync 1 DAGs
[2023-11-25T10:31:29.330+0000] {logging_mixin.py:154} INFO - [2023-11-25T10:31:29.330+0000] {dag.py:3722} INFO - Setting next_dagrun for example_task_group to 2023-11-24T10:31:29.329816+00:00, run_after=2023-11-25T10:31:29.329816+00:00
[2023-11-25T10:31:29.352+0000] {processor.py:179} INFO - Processing /home/airflow/.local/lib/python3.8/site-packages/airflow/example_dags/example_task_group.py took 0.087 seconds
[2023-11-25T10:31:59.859+0000] {processor.py:157} INFO - Started process (PID=971) to work on /home/airflow/.local/lib/python3.8/site-packages/airflow/example_dags/example_task_group.py
[2023-11-25T10:31:59.860+0000] {processor.py:829} INFO - Processing file /home/airflow/.local/lib/python3.8/site-packages/airflow/example_dags/example_task_group.py for tasks to queue
[2023-11-25T10:31:59.862+0000] {logging_mixin.py:154} INFO - [2023-11-25T10:31:59.862+0000] {dagbag.py:536} INFO - Filling up the DagBag from /home/airflow/.local/lib/python3.8/site-packages/airflow/example_dags/example_task_group.py
[2023-11-25T10:31:59.870+0000] {processor.py:839} INFO - DAG(s) dict_keys(['example_task_group']) retrieved from /home/airflow/.local/lib/python3.8/site-packages/airflow/example_dags/example_task_group.py
[2023-11-25T10:31:59.896+0000] {logging_mixin.py:154} INFO - [2023-11-25T10:31:59.896+0000] {dag.py:2941} INFO - Sync 1 DAGs
[2023-11-25T10:31:59.918+0000] {logging_mixin.py:154} INFO - [2023-11-25T10:31:59.918+0000] {dag.py:3722} INFO - Setting next_dagrun for example_task_group to 2023-11-24T10:31:59.918134+00:00, run_after=2023-11-25T10:31:59.918134+00:00
[2023-11-25T10:31:59.938+0000] {processor.py:179} INFO - Processing /home/airflow/.local/lib/python3.8/site-packages/airflow/example_dags/example_task_group.py took 0.083 seconds
[2023-11-25T10:32:30.129+0000] {processor.py:157} INFO - Started process (PID=1025) to work on /home/airflow/.local/lib/python3.8/site-packages/airflow/example_dags/example_task_group.py
[2023-11-25T10:32:30.130+0000] {processor.py:829} INFO - Processing file /home/airflow/.local/lib/python3.8/site-packages/airflow/example_dags/example_task_group.py for tasks to queue
[2023-11-25T10:32:30.133+0000] {logging_mixin.py:154} INFO - [2023-11-25T10:32:30.132+0000] {dagbag.py:536} INFO - Filling up the DagBag from /home/airflow/.local/lib/python3.8/site-packages/airflow/example_dags/example_task_group.py
[2023-11-25T10:32:30.142+0000] {processor.py:839} INFO - DAG(s) dict_keys(['example_task_group']) retrieved from /home/airflow/.local/lib/python3.8/site-packages/airflow/example_dags/example_task_group.py
[2023-11-25T10:32:30.171+0000] {logging_mixin.py:154} INFO - [2023-11-25T10:32:30.171+0000] {dag.py:2941} INFO - Sync 1 DAGs
[2023-11-25T10:32:30.195+0000] {logging_mixin.py:154} INFO - [2023-11-25T10:32:30.195+0000] {dag.py:3722} INFO - Setting next_dagrun for example_task_group to 2023-11-24T10:32:30.195173+00:00, run_after=2023-11-25T10:32:30.195173+00:00
[2023-11-25T10:32:30.215+0000] {processor.py:179} INFO - Processing /home/airflow/.local/lib/python3.8/site-packages/airflow/example_dags/example_task_group.py took 0.091 seconds
[2023-11-25T10:33:00.606+0000] {processor.py:157} INFO - Started process (PID=1079) to work on /home/airflow/.local/lib/python3.8/site-packages/airflow/example_dags/example_task_group.py
[2023-11-25T10:33:00.607+0000] {processor.py:829} INFO - Processing file /home/airflow/.local/lib/python3.8/site-packages/airflow/example_dags/example_task_group.py for tasks to queue
[2023-11-25T10:33:00.610+0000] {logging_mixin.py:154} INFO - [2023-11-25T10:33:00.610+0000] {dagbag.py:536} INFO - Filling up the DagBag from /home/airflow/.local/lib/python3.8/site-packages/airflow/example_dags/example_task_group.py
[2023-11-25T10:33:00.620+0000] {processor.py:839} INFO - DAG(s) dict_keys(['example_task_group']) retrieved from /home/airflow/.local/lib/python3.8/site-packages/airflow/example_dags/example_task_group.py
[2023-11-25T10:33:00.652+0000] {logging_mixin.py:154} INFO - [2023-11-25T10:33:00.651+0000] {dag.py:2941} INFO - Sync 1 DAGs
[2023-11-25T10:33:00.859+0000] {logging_mixin.py:154} INFO - [2023-11-25T10:33:00.858+0000] {dag.py:3722} INFO - Setting next_dagrun for example_task_group to 2023-11-24T10:33:00.686340+00:00, run_after=2023-11-25T10:33:00.686340+00:00
[2023-11-25T10:33:00.884+0000] {processor.py:179} INFO - Processing /home/airflow/.local/lib/python3.8/site-packages/airflow/example_dags/example_task_group.py took 0.281 seconds
[2023-11-25T10:33:31.248+0000] {processor.py:157} INFO - Started process (PID=1133) to work on /home/airflow/.local/lib/python3.8/site-packages/airflow/example_dags/example_task_group.py
[2023-11-25T10:33:31.249+0000] {processor.py:829} INFO - Processing file /home/airflow/.local/lib/python3.8/site-packages/airflow/example_dags/example_task_group.py for tasks to queue
[2023-11-25T10:33:31.251+0000] {logging_mixin.py:154} INFO - [2023-11-25T10:33:31.251+0000] {dagbag.py:536} INFO - Filling up the DagBag from /home/airflow/.local/lib/python3.8/site-packages/airflow/example_dags/example_task_group.py
[2023-11-25T10:33:31.258+0000] {processor.py:839} INFO - DAG(s) dict_keys(['example_task_group']) retrieved from /home/airflow/.local/lib/python3.8/site-packages/airflow/example_dags/example_task_group.py
[2023-11-25T10:33:31.288+0000] {logging_mixin.py:154} INFO - [2023-11-25T10:33:31.288+0000] {dag.py:2941} INFO - Sync 1 DAGs
[2023-11-25T10:33:31.314+0000] {logging_mixin.py:154} INFO - [2023-11-25T10:33:31.314+0000] {dag.py:3722} INFO - Setting next_dagrun for example_task_group to 2023-11-24T10:33:31.313937+00:00, run_after=2023-11-25T10:33:31.313937+00:00
[2023-11-25T10:33:31.334+0000] {processor.py:179} INFO - Processing /home/airflow/.local/lib/python3.8/site-packages/airflow/example_dags/example_task_group.py took 0.090 seconds
[2023-11-25T10:34:01.406+0000] {processor.py:157} INFO - Started process (PID=1186) to work on /home/airflow/.local/lib/python3.8/site-packages/airflow/example_dags/example_task_group.py
[2023-11-25T10:34:01.407+0000] {processor.py:829} INFO - Processing file /home/airflow/.local/lib/python3.8/site-packages/airflow/example_dags/example_task_group.py for tasks to queue
[2023-11-25T10:34:01.412+0000] {logging_mixin.py:154} INFO - [2023-11-25T10:34:01.412+0000] {dagbag.py:536} INFO - Filling up the DagBag from /home/airflow/.local/lib/python3.8/site-packages/airflow/example_dags/example_task_group.py
[2023-11-25T10:34:01.423+0000] {processor.py:839} INFO - DAG(s) dict_keys(['example_task_group']) retrieved from /home/airflow/.local/lib/python3.8/site-packages/airflow/example_dags/example_task_group.py
[2023-11-25T10:34:01.455+0000] {logging_mixin.py:154} INFO - [2023-11-25T10:34:01.455+0000] {dag.py:2941} INFO - Sync 1 DAGs
[2023-11-25T10:34:01.482+0000] {logging_mixin.py:154} INFO - [2023-11-25T10:34:01.482+0000] {dag.py:3722} INFO - Setting next_dagrun for example_task_group to 2023-11-24T10:34:01.482557+00:00, run_after=2023-11-25T10:34:01.482557+00:00
[2023-11-25T10:34:01.507+0000] {processor.py:179} INFO - Processing /home/airflow/.local/lib/python3.8/site-packages/airflow/example_dags/example_task_group.py took 0.105 seconds
[2023-11-25T10:34:32.708+0000] {processor.py:157} INFO - Started process (PID=1240) to work on /home/airflow/.local/lib/python3.8/site-packages/airflow/example_dags/example_task_group.py
[2023-11-25T10:34:32.710+0000] {processor.py:829} INFO - Processing file /home/airflow/.local/lib/python3.8/site-packages/airflow/example_dags/example_task_group.py for tasks to queue
[2023-11-25T10:34:32.713+0000] {logging_mixin.py:154} INFO - [2023-11-25T10:34:32.713+0000] {dagbag.py:536} INFO - Filling up the DagBag from /home/airflow/.local/lib/python3.8/site-packages/airflow/example_dags/example_task_group.py
[2023-11-25T10:34:32.727+0000] {processor.py:839} INFO - DAG(s) dict_keys(['example_task_group']) retrieved from /home/airflow/.local/lib/python3.8/site-packages/airflow/example_dags/example_task_group.py
[2023-11-25T10:34:32.762+0000] {logging_mixin.py:154} INFO - [2023-11-25T10:34:32.762+0000] {dag.py:2941} INFO - Sync 1 DAGs
[2023-11-25T10:34:32.801+0000] {logging_mixin.py:154} INFO - [2023-11-25T10:34:32.801+0000] {dag.py:3722} INFO - Setting next_dagrun for example_task_group to 2023-11-24T10:34:32.801275+00:00, run_after=2023-11-25T10:34:32.801275+00:00
[2023-11-25T10:34:32.996+0000] {processor.py:179} INFO - Processing /home/airflow/.local/lib/python3.8/site-packages/airflow/example_dags/example_task_group.py took 0.292 seconds
[2023-11-25T10:35:03.786+0000] {processor.py:157} INFO - Started process (PID=1294) to work on /home/airflow/.local/lib/python3.8/site-packages/airflow/example_dags/example_task_group.py
[2023-11-25T10:35:03.787+0000] {processor.py:829} INFO - Processing file /home/airflow/.local/lib/python3.8/site-packages/airflow/example_dags/example_task_group.py for tasks to queue
[2023-11-25T10:35:03.790+0000] {logging_mixin.py:154} INFO - [2023-11-25T10:35:03.789+0000] {dagbag.py:536} INFO - Filling up the DagBag from /home/airflow/.local/lib/python3.8/site-packages/airflow/example_dags/example_task_group.py
[2023-11-25T10:35:03.800+0000] {processor.py:839} INFO - DAG(s) dict_keys(['example_task_group']) retrieved from /home/airflow/.local/lib/python3.8/site-packages/airflow/example_dags/example_task_group.py
[2023-11-25T10:35:03.821+0000] {logging_mixin.py:154} INFO - [2023-11-25T10:35:03.821+0000] {dag.py:2941} INFO - Sync 1 DAGs
[2023-11-25T10:35:03.842+0000] {logging_mixin.py:154} INFO - [2023-11-25T10:35:03.842+0000] {dag.py:3722} INFO - Setting next_dagrun for example_task_group to 2023-11-24T10:35:03.842019+00:00, run_after=2023-11-25T10:35:03.842019+00:00
[2023-11-25T10:35:03.859+0000] {processor.py:179} INFO - Processing /home/airflow/.local/lib/python3.8/site-packages/airflow/example_dags/example_task_group.py took 0.077 seconds
[2023-11-25T10:35:34.397+0000] {processor.py:157} INFO - Started process (PID=1348) to work on /home/airflow/.local/lib/python3.8/site-packages/airflow/example_dags/example_task_group.py
[2023-11-25T10:35:34.398+0000] {processor.py:829} INFO - Processing file /home/airflow/.local/lib/python3.8/site-packages/airflow/example_dags/example_task_group.py for tasks to queue
[2023-11-25T10:35:34.401+0000] {logging_mixin.py:154} INFO - [2023-11-25T10:35:34.401+0000] {dagbag.py:536} INFO - Filling up the DagBag from /home/airflow/.local/lib/python3.8/site-packages/airflow/example_dags/example_task_group.py
[2023-11-25T10:35:34.414+0000] {processor.py:839} INFO - DAG(s) dict_keys(['example_task_group']) retrieved from /home/airflow/.local/lib/python3.8/site-packages/airflow/example_dags/example_task_group.py
[2023-11-25T10:35:34.441+0000] {logging_mixin.py:154} INFO - [2023-11-25T10:35:34.440+0000] {dag.py:2941} INFO - Sync 1 DAGs
[2023-11-25T10:35:34.624+0000] {logging_mixin.py:154} INFO - [2023-11-25T10:35:34.624+0000] {dag.py:3722} INFO - Setting next_dagrun for example_task_group to 2023-11-24T10:35:34.624147+00:00, run_after=2023-11-25T10:35:34.624147+00:00
[2023-11-25T10:35:34.647+0000] {processor.py:179} INFO - Processing /home/airflow/.local/lib/python3.8/site-packages/airflow/example_dags/example_task_group.py took 0.257 seconds
[2023-11-25T10:36:05.053+0000] {processor.py:157} INFO - Started process (PID=1402) to work on /home/airflow/.local/lib/python3.8/site-packages/airflow/example_dags/example_task_group.py
[2023-11-25T10:36:05.054+0000] {processor.py:829} INFO - Processing file /home/airflow/.local/lib/python3.8/site-packages/airflow/example_dags/example_task_group.py for tasks to queue
[2023-11-25T10:36:05.056+0000] {logging_mixin.py:154} INFO - [2023-11-25T10:36:05.056+0000] {dagbag.py:536} INFO - Filling up the DagBag from /home/airflow/.local/lib/python3.8/site-packages/airflow/example_dags/example_task_group.py
[2023-11-25T10:36:05.065+0000] {processor.py:839} INFO - DAG(s) dict_keys(['example_task_group']) retrieved from /home/airflow/.local/lib/python3.8/site-packages/airflow/example_dags/example_task_group.py
[2023-11-25T10:36:05.094+0000] {logging_mixin.py:154} INFO - [2023-11-25T10:36:05.094+0000] {dag.py:2941} INFO - Sync 1 DAGs
[2023-11-25T10:36:05.117+0000] {logging_mixin.py:154} INFO - [2023-11-25T10:36:05.117+0000] {dag.py:3722} INFO - Setting next_dagrun for example_task_group to 2023-11-24T10:36:05.117071+00:00, run_after=2023-11-25T10:36:05.117071+00:00
[2023-11-25T10:36:05.271+0000] {processor.py:179} INFO - Processing /home/airflow/.local/lib/python3.8/site-packages/airflow/example_dags/example_task_group.py took 0.223 seconds
[2023-11-25T10:36:35.333+0000] {processor.py:157} INFO - Started process (PID=1456) to work on /home/airflow/.local/lib/python3.8/site-packages/airflow/example_dags/example_task_group.py
[2023-11-25T10:36:35.334+0000] {processor.py:829} INFO - Processing file /home/airflow/.local/lib/python3.8/site-packages/airflow/example_dags/example_task_group.py for tasks to queue
[2023-11-25T10:36:35.337+0000] {logging_mixin.py:154} INFO - [2023-11-25T10:36:35.336+0000] {dagbag.py:536} INFO - Filling up the DagBag from /home/airflow/.local/lib/python3.8/site-packages/airflow/example_dags/example_task_group.py
[2023-11-25T10:36:35.348+0000] {processor.py:839} INFO - DAG(s) dict_keys(['example_task_group']) retrieved from /home/airflow/.local/lib/python3.8/site-packages/airflow/example_dags/example_task_group.py
[2023-11-25T10:36:35.373+0000] {logging_mixin.py:154} INFO - [2023-11-25T10:36:35.373+0000] {dag.py:2941} INFO - Sync 1 DAGs
[2023-11-25T10:36:35.399+0000] {logging_mixin.py:154} INFO - [2023-11-25T10:36:35.399+0000] {dag.py:3722} INFO - Setting next_dagrun for example_task_group to 2023-11-24T10:36:35.399167+00:00, run_after=2023-11-25T10:36:35.399167+00:00
[2023-11-25T10:36:35.420+0000] {processor.py:179} INFO - Processing /home/airflow/.local/lib/python3.8/site-packages/airflow/example_dags/example_task_group.py took 0.090 seconds
[2023-11-25T10:37:05.788+0000] {processor.py:157} INFO - Started process (PID=1509) to work on /home/airflow/.local/lib/python3.8/site-packages/airflow/example_dags/example_task_group.py
[2023-11-25T10:37:05.789+0000] {processor.py:829} INFO - Processing file /home/airflow/.local/lib/python3.8/site-packages/airflow/example_dags/example_task_group.py for tasks to queue
[2023-11-25T10:37:05.791+0000] {logging_mixin.py:154} INFO - [2023-11-25T10:37:05.791+0000] {dagbag.py:536} INFO - Filling up the DagBag from /home/airflow/.local/lib/python3.8/site-packages/airflow/example_dags/example_task_group.py
[2023-11-25T10:37:05.797+0000] {processor.py:839} INFO - DAG(s) dict_keys(['example_task_group']) retrieved from /home/airflow/.local/lib/python3.8/site-packages/airflow/example_dags/example_task_group.py
[2023-11-25T10:37:05.815+0000] {logging_mixin.py:154} INFO - [2023-11-25T10:37:05.815+0000] {dag.py:2941} INFO - Sync 1 DAGs
[2023-11-25T10:37:05.949+0000] {logging_mixin.py:154} INFO - [2023-11-25T10:37:05.948+0000] {dag.py:3722} INFO - Setting next_dagrun for example_task_group to 2023-11-24T10:37:05.948801+00:00, run_after=2023-11-25T10:37:05.948801+00:00
[2023-11-25T10:37:05.975+0000] {processor.py:179} INFO - Processing /home/airflow/.local/lib/python3.8/site-packages/airflow/example_dags/example_task_group.py took 0.190 seconds
[2023-11-25T10:37:36.324+0000] {processor.py:157} INFO - Started process (PID=1563) to work on /home/airflow/.local/lib/python3.8/site-packages/airflow/example_dags/example_task_group.py
[2023-11-25T10:37:36.325+0000] {processor.py:829} INFO - Processing file /home/airflow/.local/lib/python3.8/site-packages/airflow/example_dags/example_task_group.py for tasks to queue
[2023-11-25T10:37:36.327+0000] {logging_mixin.py:154} INFO - [2023-11-25T10:37:36.327+0000] {dagbag.py:536} INFO - Filling up the DagBag from /home/airflow/.local/lib/python3.8/site-packages/airflow/example_dags/example_task_group.py
[2023-11-25T10:37:36.334+0000] {processor.py:839} INFO - DAG(s) dict_keys(['example_task_group']) retrieved from /home/airflow/.local/lib/python3.8/site-packages/airflow/example_dags/example_task_group.py
[2023-11-25T10:37:36.355+0000] {logging_mixin.py:154} INFO - [2023-11-25T10:37:36.355+0000] {dag.py:2941} INFO - Sync 1 DAGs
[2023-11-25T10:37:36.377+0000] {logging_mixin.py:154} INFO - [2023-11-25T10:37:36.377+0000] {dag.py:3722} INFO - Setting next_dagrun for example_task_group to 2023-11-24T10:37:36.376778+00:00, run_after=2023-11-25T10:37:36.376778+00:00
[2023-11-25T10:37:36.395+0000] {processor.py:179} INFO - Processing /home/airflow/.local/lib/python3.8/site-packages/airflow/example_dags/example_task_group.py took 0.074 seconds
[2023-11-25T10:38:06.768+0000] {processor.py:157} INFO - Started process (PID=1617) to work on /home/airflow/.local/lib/python3.8/site-packages/airflow/example_dags/example_task_group.py
[2023-11-25T10:38:06.769+0000] {processor.py:829} INFO - Processing file /home/airflow/.local/lib/python3.8/site-packages/airflow/example_dags/example_task_group.py for tasks to queue
[2023-11-25T10:38:06.772+0000] {logging_mixin.py:154} INFO - [2023-11-25T10:38:06.771+0000] {dagbag.py:536} INFO - Filling up the DagBag from /home/airflow/.local/lib/python3.8/site-packages/airflow/example_dags/example_task_group.py
[2023-11-25T10:38:06.780+0000] {processor.py:839} INFO - DAG(s) dict_keys(['example_task_group']) retrieved from /home/airflow/.local/lib/python3.8/site-packages/airflow/example_dags/example_task_group.py
[2023-11-25T10:38:06.804+0000] {logging_mixin.py:154} INFO - [2023-11-25T10:38:06.804+0000] {dag.py:2941} INFO - Sync 1 DAGs
[2023-11-25T10:38:06.826+0000] {logging_mixin.py:154} INFO - [2023-11-25T10:38:06.826+0000] {dag.py:3722} INFO - Setting next_dagrun for example_task_group to 2023-11-24T10:38:06.825938+00:00, run_after=2023-11-25T10:38:06.825938+00:00
[2023-11-25T10:38:06.851+0000] {processor.py:179} INFO - Processing /home/airflow/.local/lib/python3.8/site-packages/airflow/example_dags/example_task_group.py took 0.086 seconds
[2023-11-25T10:38:36.965+0000] {processor.py:157} INFO - Started process (PID=1671) to work on /home/airflow/.local/lib/python3.8/site-packages/airflow/example_dags/example_task_group.py
[2023-11-25T10:38:36.966+0000] {processor.py:829} INFO - Processing file /home/airflow/.local/lib/python3.8/site-packages/airflow/example_dags/example_task_group.py for tasks to queue
[2023-11-25T10:38:36.969+0000] {logging_mixin.py:154} INFO - [2023-11-25T10:38:36.968+0000] {dagbag.py:536} INFO - Filling up the DagBag from /home/airflow/.local/lib/python3.8/site-packages/airflow/example_dags/example_task_group.py
[2023-11-25T10:38:36.977+0000] {processor.py:839} INFO - DAG(s) dict_keys(['example_task_group']) retrieved from /home/airflow/.local/lib/python3.8/site-packages/airflow/example_dags/example_task_group.py
[2023-11-25T10:38:37.004+0000] {logging_mixin.py:154} INFO - [2023-11-25T10:38:37.004+0000] {dag.py:2941} INFO - Sync 1 DAGs
[2023-11-25T10:38:37.033+0000] {logging_mixin.py:154} INFO - [2023-11-25T10:38:37.033+0000] {dag.py:3722} INFO - Setting next_dagrun for example_task_group to 2023-11-24T10:38:37.033326+00:00, run_after=2023-11-25T10:38:37.033326+00:00
[2023-11-25T10:38:37.059+0000] {processor.py:179} INFO - Processing /home/airflow/.local/lib/python3.8/site-packages/airflow/example_dags/example_task_group.py took 0.097 seconds
[2023-11-25T10:39:07.484+0000] {processor.py:157} INFO - Started process (PID=1725) to work on /home/airflow/.local/lib/python3.8/site-packages/airflow/example_dags/example_task_group.py
[2023-11-25T10:39:07.485+0000] {processor.py:829} INFO - Processing file /home/airflow/.local/lib/python3.8/site-packages/airflow/example_dags/example_task_group.py for tasks to queue
[2023-11-25T10:39:07.488+0000] {logging_mixin.py:154} INFO - [2023-11-25T10:39:07.487+0000] {dagbag.py:536} INFO - Filling up the DagBag from /home/airflow/.local/lib/python3.8/site-packages/airflow/example_dags/example_task_group.py
[2023-11-25T10:39:07.499+0000] {processor.py:839} INFO - DAG(s) dict_keys(['example_task_group']) retrieved from /home/airflow/.local/lib/python3.8/site-packages/airflow/example_dags/example_task_group.py
[2023-11-25T10:39:07.529+0000] {logging_mixin.py:154} INFO - [2023-11-25T10:39:07.528+0000] {dag.py:2941} INFO - Sync 1 DAGs
[2023-11-25T10:39:07.560+0000] {logging_mixin.py:154} INFO - [2023-11-25T10:39:07.560+0000] {dag.py:3722} INFO - Setting next_dagrun for example_task_group to 2023-11-24T10:39:07.560021+00:00, run_after=2023-11-25T10:39:07.560021+00:00
[2023-11-25T10:39:07.586+0000] {processor.py:179} INFO - Processing /home/airflow/.local/lib/python3.8/site-packages/airflow/example_dags/example_task_group.py took 0.106 seconds
[2023-11-25T10:39:37.643+0000] {processor.py:157} INFO - Started process (PID=1779) to work on /home/airflow/.local/lib/python3.8/site-packages/airflow/example_dags/example_task_group.py
[2023-11-25T10:39:37.644+0000] {processor.py:829} INFO - Processing file /home/airflow/.local/lib/python3.8/site-packages/airflow/example_dags/example_task_group.py for tasks to queue
[2023-11-25T10:39:37.646+0000] {logging_mixin.py:154} INFO - [2023-11-25T10:39:37.646+0000] {dagbag.py:536} INFO - Filling up the DagBag from /home/airflow/.local/lib/python3.8/site-packages/airflow/example_dags/example_task_group.py
[2023-11-25T10:39:37.656+0000] {processor.py:839} INFO - DAG(s) dict_keys(['example_task_group']) retrieved from /home/airflow/.local/lib/python3.8/site-packages/airflow/example_dags/example_task_group.py
[2023-11-25T10:39:37.685+0000] {logging_mixin.py:154} INFO - [2023-11-25T10:39:37.685+0000] {dag.py:2941} INFO - Sync 1 DAGs
[2023-11-25T10:39:37.717+0000] {logging_mixin.py:154} INFO - [2023-11-25T10:39:37.717+0000] {dag.py:3722} INFO - Setting next_dagrun for example_task_group to 2023-11-24T10:39:37.717397+00:00, run_after=2023-11-25T10:39:37.717397+00:00
[2023-11-25T10:39:37.738+0000] {processor.py:179} INFO - Processing /home/airflow/.local/lib/python3.8/site-packages/airflow/example_dags/example_task_group.py took 0.099 seconds
[2023-11-25T10:40:08.296+0000] {processor.py:157} INFO - Started process (PID=1833) to work on /home/airflow/.local/lib/python3.8/site-packages/airflow/example_dags/example_task_group.py
[2023-11-25T10:40:08.297+0000] {processor.py:829} INFO - Processing file /home/airflow/.local/lib/python3.8/site-packages/airflow/example_dags/example_task_group.py for tasks to queue
[2023-11-25T10:40:08.299+0000] {logging_mixin.py:154} INFO - [2023-11-25T10:40:08.299+0000] {dagbag.py:536} INFO - Filling up the DagBag from /home/airflow/.local/lib/python3.8/site-packages/airflow/example_dags/example_task_group.py
[2023-11-25T10:40:08.306+0000] {processor.py:839} INFO - DAG(s) dict_keys(['example_task_group']) retrieved from /home/airflow/.local/lib/python3.8/site-packages/airflow/example_dags/example_task_group.py
[2023-11-25T10:40:08.326+0000] {logging_mixin.py:154} INFO - [2023-11-25T10:40:08.325+0000] {dag.py:2941} INFO - Sync 1 DAGs
[2023-11-25T10:40:08.345+0000] {logging_mixin.py:154} INFO - [2023-11-25T10:40:08.345+0000] {dag.py:3722} INFO - Setting next_dagrun for example_task_group to 2023-11-24T10:40:08.344940+00:00, run_after=2023-11-25T10:40:08.344940+00:00
[2023-11-25T10:40:08.359+0000] {processor.py:179} INFO - Processing /home/airflow/.local/lib/python3.8/site-packages/airflow/example_dags/example_task_group.py took 0.066 seconds
[2023-11-25T11:05:05.902+0000] {processor.py:157} INFO - Started process (PID=48) to work on /home/airflow/.local/lib/python3.8/site-packages/airflow/example_dags/example_task_group.py
[2023-11-25T11:05:05.928+0000] {processor.py:829} INFO - Processing file /home/airflow/.local/lib/python3.8/site-packages/airflow/example_dags/example_task_group.py for tasks to queue
[2023-11-25T11:05:05.930+0000] {logging_mixin.py:154} INFO - [2023-11-25T11:05:05.930+0000] {dagbag.py:536} INFO - Filling up the DagBag from /home/airflow/.local/lib/python3.8/site-packages/airflow/example_dags/example_task_group.py
[2023-11-25T11:05:05.945+0000] {processor.py:839} INFO - DAG(s) dict_keys(['example_task_group']) retrieved from /home/airflow/.local/lib/python3.8/site-packages/airflow/example_dags/example_task_group.py
[2023-11-25T11:05:05.966+0000] {logging_mixin.py:154} INFO - [2023-11-25T11:05:05.966+0000] {dag.py:2941} INFO - Sync 1 DAGs
[2023-11-25T11:05:06.018+0000] {logging_mixin.py:154} INFO - [2023-11-25T11:05:06.018+0000] {dag.py:3722} INFO - Setting next_dagrun for example_task_group to 2023-11-24T11:05:06.018164+00:00, run_after=2023-11-25T11:05:06.018164+00:00
[2023-11-25T11:05:06.058+0000] {processor.py:179} INFO - Processing /home/airflow/.local/lib/python3.8/site-packages/airflow/example_dags/example_task_group.py took 0.160 seconds
[2023-11-25T11:05:36.261+0000] {processor.py:157} INFO - Started process (PID=102) to work on /home/airflow/.local/lib/python3.8/site-packages/airflow/example_dags/example_task_group.py
[2023-11-25T11:05:36.267+0000] {processor.py:829} INFO - Processing file /home/airflow/.local/lib/python3.8/site-packages/airflow/example_dags/example_task_group.py for tasks to queue
[2023-11-25T11:05:36.270+0000] {logging_mixin.py:154} INFO - [2023-11-25T11:05:36.270+0000] {dagbag.py:536} INFO - Filling up the DagBag from /home/airflow/.local/lib/python3.8/site-packages/airflow/example_dags/example_task_group.py
[2023-11-25T11:05:36.282+0000] {processor.py:839} INFO - DAG(s) dict_keys(['example_task_group']) retrieved from /home/airflow/.local/lib/python3.8/site-packages/airflow/example_dags/example_task_group.py
[2023-11-25T11:05:36.304+0000] {logging_mixin.py:154} INFO - [2023-11-25T11:05:36.304+0000] {dag.py:2941} INFO - Sync 1 DAGs
[2023-11-25T11:05:36.334+0000] {logging_mixin.py:154} INFO - [2023-11-25T11:05:36.334+0000] {dag.py:3722} INFO - Setting next_dagrun for example_task_group to 2023-11-24T11:05:36.334104+00:00, run_after=2023-11-25T11:05:36.334104+00:00
[2023-11-25T11:05:36.354+0000] {processor.py:179} INFO - Processing /home/airflow/.local/lib/python3.8/site-packages/airflow/example_dags/example_task_group.py took 0.098 seconds
[2023-11-25T11:06:06.502+0000] {processor.py:157} INFO - Started process (PID=156) to work on /home/airflow/.local/lib/python3.8/site-packages/airflow/example_dags/example_task_group.py
[2023-11-25T11:06:06.503+0000] {processor.py:829} INFO - Processing file /home/airflow/.local/lib/python3.8/site-packages/airflow/example_dags/example_task_group.py for tasks to queue
[2023-11-25T11:06:06.505+0000] {logging_mixin.py:154} INFO - [2023-11-25T11:06:06.505+0000] {dagbag.py:536} INFO - Filling up the DagBag from /home/airflow/.local/lib/python3.8/site-packages/airflow/example_dags/example_task_group.py
[2023-11-25T11:06:06.511+0000] {processor.py:839} INFO - DAG(s) dict_keys(['example_task_group']) retrieved from /home/airflow/.local/lib/python3.8/site-packages/airflow/example_dags/example_task_group.py
[2023-11-25T11:06:06.536+0000] {logging_mixin.py:154} INFO - [2023-11-25T11:06:06.536+0000] {dag.py:2941} INFO - Sync 1 DAGs
[2023-11-25T11:06:06.559+0000] {logging_mixin.py:154} INFO - [2023-11-25T11:06:06.559+0000] {dag.py:3722} INFO - Setting next_dagrun for example_task_group to 2023-11-24T11:06:06.558967+00:00, run_after=2023-11-25T11:06:06.558967+00:00
[2023-11-25T11:06:06.601+0000] {processor.py:179} INFO - Processing /home/airflow/.local/lib/python3.8/site-packages/airflow/example_dags/example_task_group.py took 0.102 seconds
[2023-11-25T11:07:41.732+0000] {processor.py:157} INFO - Started process (PID=48) to work on /home/airflow/.local/lib/python3.8/site-packages/airflow/example_dags/example_task_group.py
[2023-11-25T11:07:41.737+0000] {processor.py:829} INFO - Processing file /home/airflow/.local/lib/python3.8/site-packages/airflow/example_dags/example_task_group.py for tasks to queue
[2023-11-25T11:07:41.740+0000] {logging_mixin.py:154} INFO - [2023-11-25T11:07:41.740+0000] {dagbag.py:536} INFO - Filling up the DagBag from /home/airflow/.local/lib/python3.8/site-packages/airflow/example_dags/example_task_group.py
[2023-11-25T11:07:41.759+0000] {processor.py:839} INFO - DAG(s) dict_keys(['example_task_group']) retrieved from /home/airflow/.local/lib/python3.8/site-packages/airflow/example_dags/example_task_group.py
[2023-11-25T11:07:41.794+0000] {logging_mixin.py:154} INFO - [2023-11-25T11:07:41.794+0000] {dag.py:2941} INFO - Sync 1 DAGs
[2023-11-25T11:07:41.847+0000] {logging_mixin.py:154} INFO - [2023-11-25T11:07:41.847+0000] {dag.py:3722} INFO - Setting next_dagrun for example_task_group to 2023-11-24T11:07:41.847016+00:00, run_after=2023-11-25T11:07:41.847016+00:00
[2023-11-25T11:07:41.875+0000] {processor.py:179} INFO - Processing /home/airflow/.local/lib/python3.8/site-packages/airflow/example_dags/example_task_group.py took 0.146 seconds
[2023-11-25T11:08:12.875+0000] {processor.py:157} INFO - Started process (PID=102) to work on /home/airflow/.local/lib/python3.8/site-packages/airflow/example_dags/example_task_group.py
[2023-11-25T11:08:12.878+0000] {processor.py:829} INFO - Processing file /home/airflow/.local/lib/python3.8/site-packages/airflow/example_dags/example_task_group.py for tasks to queue
[2023-11-25T11:08:12.881+0000] {logging_mixin.py:154} INFO - [2023-11-25T11:08:12.880+0000] {dagbag.py:536} INFO - Filling up the DagBag from /home/airflow/.local/lib/python3.8/site-packages/airflow/example_dags/example_task_group.py
[2023-11-25T11:08:12.889+0000] {processor.py:839} INFO - DAG(s) dict_keys(['example_task_group']) retrieved from /home/airflow/.local/lib/python3.8/site-packages/airflow/example_dags/example_task_group.py
[2023-11-25T11:08:12.916+0000] {logging_mixin.py:154} INFO - [2023-11-25T11:08:12.915+0000] {dag.py:2941} INFO - Sync 1 DAGs
[2023-11-25T11:08:12.941+0000] {logging_mixin.py:154} INFO - [2023-11-25T11:08:12.941+0000] {dag.py:3722} INFO - Setting next_dagrun for example_task_group to 2023-11-24T11:08:12.941292+00:00, run_after=2023-11-25T11:08:12.941292+00:00
[2023-11-25T11:08:12.960+0000] {processor.py:179} INFO - Processing /home/airflow/.local/lib/python3.8/site-packages/airflow/example_dags/example_task_group.py took 0.091 seconds
[2023-11-25T11:08:43.518+0000] {processor.py:157} INFO - Started process (PID=156) to work on /home/airflow/.local/lib/python3.8/site-packages/airflow/example_dags/example_task_group.py
[2023-11-25T11:08:43.523+0000] {processor.py:829} INFO - Processing file /home/airflow/.local/lib/python3.8/site-packages/airflow/example_dags/example_task_group.py for tasks to queue
[2023-11-25T11:08:43.540+0000] {logging_mixin.py:154} INFO - [2023-11-25T11:08:43.539+0000] {dagbag.py:536} INFO - Filling up the DagBag from /home/airflow/.local/lib/python3.8/site-packages/airflow/example_dags/example_task_group.py
[2023-11-25T11:08:43.573+0000] {processor.py:839} INFO - DAG(s) dict_keys(['example_task_group']) retrieved from /home/airflow/.local/lib/python3.8/site-packages/airflow/example_dags/example_task_group.py
[2023-11-25T11:08:43.607+0000] {logging_mixin.py:154} INFO - [2023-11-25T11:08:43.607+0000] {dag.py:2941} INFO - Sync 1 DAGs
[2023-11-25T11:08:43.634+0000] {logging_mixin.py:154} INFO - [2023-11-25T11:08:43.634+0000] {dag.py:3722} INFO - Setting next_dagrun for example_task_group to 2023-11-24T11:08:43.634079+00:00, run_after=2023-11-25T11:08:43.634079+00:00
[2023-11-25T11:08:43.667+0000] {processor.py:179} INFO - Processing /home/airflow/.local/lib/python3.8/site-packages/airflow/example_dags/example_task_group.py took 0.167 seconds
[2023-11-25T11:09:14.499+0000] {processor.py:157} INFO - Started process (PID=209) to work on /home/airflow/.local/lib/python3.8/site-packages/airflow/example_dags/example_task_group.py
[2023-11-25T11:09:14.501+0000] {processor.py:829} INFO - Processing file /home/airflow/.local/lib/python3.8/site-packages/airflow/example_dags/example_task_group.py for tasks to queue
[2023-11-25T11:09:14.503+0000] {logging_mixin.py:154} INFO - [2023-11-25T11:09:14.503+0000] {dagbag.py:536} INFO - Filling up the DagBag from /home/airflow/.local/lib/python3.8/site-packages/airflow/example_dags/example_task_group.py
[2023-11-25T11:09:14.512+0000] {processor.py:839} INFO - DAG(s) dict_keys(['example_task_group']) retrieved from /home/airflow/.local/lib/python3.8/site-packages/airflow/example_dags/example_task_group.py
[2023-11-25T11:09:14.533+0000] {logging_mixin.py:154} INFO - [2023-11-25T11:09:14.533+0000] {dag.py:2941} INFO - Sync 1 DAGs
[2023-11-25T11:09:14.554+0000] {logging_mixin.py:154} INFO - [2023-11-25T11:09:14.554+0000] {dag.py:3722} INFO - Setting next_dagrun for example_task_group to 2023-11-24T11:09:14.553916+00:00, run_after=2023-11-25T11:09:14.553916+00:00
[2023-11-25T11:09:14.569+0000] {processor.py:179} INFO - Processing /home/airflow/.local/lib/python3.8/site-packages/airflow/example_dags/example_task_group.py took 0.076 seconds
[2023-11-25T11:09:45.069+0000] {processor.py:157} INFO - Started process (PID=263) to work on /home/airflow/.local/lib/python3.8/site-packages/airflow/example_dags/example_task_group.py
[2023-11-25T11:09:45.070+0000] {processor.py:829} INFO - Processing file /home/airflow/.local/lib/python3.8/site-packages/airflow/example_dags/example_task_group.py for tasks to queue
[2023-11-25T11:09:45.073+0000] {logging_mixin.py:154} INFO - [2023-11-25T11:09:45.072+0000] {dagbag.py:536} INFO - Filling up the DagBag from /home/airflow/.local/lib/python3.8/site-packages/airflow/example_dags/example_task_group.py
[2023-11-25T11:09:45.081+0000] {processor.py:839} INFO - DAG(s) dict_keys(['example_task_group']) retrieved from /home/airflow/.local/lib/python3.8/site-packages/airflow/example_dags/example_task_group.py
[2023-11-25T11:09:45.111+0000] {logging_mixin.py:154} INFO - [2023-11-25T11:09:45.111+0000] {dag.py:2941} INFO - Sync 1 DAGs
[2023-11-25T11:09:45.154+0000] {logging_mixin.py:154} INFO - [2023-11-25T11:09:45.153+0000] {dag.py:3722} INFO - Setting next_dagrun for example_task_group to 2023-11-24T11:09:45.153272+00:00, run_after=2023-11-25T11:09:45.153272+00:00
[2023-11-25T11:09:45.203+0000] {processor.py:179} INFO - Processing /home/airflow/.local/lib/python3.8/site-packages/airflow/example_dags/example_task_group.py took 0.141 seconds
[2023-11-25T11:10:15.334+0000] {processor.py:157} INFO - Started process (PID=317) to work on /home/airflow/.local/lib/python3.8/site-packages/airflow/example_dags/example_task_group.py
[2023-11-25T11:10:15.337+0000] {processor.py:829} INFO - Processing file /home/airflow/.local/lib/python3.8/site-packages/airflow/example_dags/example_task_group.py for tasks to queue
[2023-11-25T11:10:15.340+0000] {logging_mixin.py:154} INFO - [2023-11-25T11:10:15.339+0000] {dagbag.py:536} INFO - Filling up the DagBag from /home/airflow/.local/lib/python3.8/site-packages/airflow/example_dags/example_task_group.py
[2023-11-25T11:10:15.348+0000] {processor.py:839} INFO - DAG(s) dict_keys(['example_task_group']) retrieved from /home/airflow/.local/lib/python3.8/site-packages/airflow/example_dags/example_task_group.py
[2023-11-25T11:10:15.370+0000] {logging_mixin.py:154} INFO - [2023-11-25T11:10:15.370+0000] {dag.py:2941} INFO - Sync 1 DAGs
[2023-11-25T11:10:15.398+0000] {logging_mixin.py:154} INFO - [2023-11-25T11:10:15.398+0000] {dag.py:3722} INFO - Setting next_dagrun for example_task_group to 2023-11-24T11:10:15.398225+00:00, run_after=2023-11-25T11:10:15.398225+00:00
[2023-11-25T11:10:15.417+0000] {processor.py:179} INFO - Processing /home/airflow/.local/lib/python3.8/site-packages/airflow/example_dags/example_task_group.py took 0.088 seconds
[2023-11-25T11:10:45.709+0000] {processor.py:157} INFO - Started process (PID=372) to work on /home/airflow/.local/lib/python3.8/site-packages/airflow/example_dags/example_task_group.py
[2023-11-25T11:10:45.712+0000] {processor.py:829} INFO - Processing file /home/airflow/.local/lib/python3.8/site-packages/airflow/example_dags/example_task_group.py for tasks to queue
[2023-11-25T11:10:45.719+0000] {logging_mixin.py:154} INFO - [2023-11-25T11:10:45.718+0000] {dagbag.py:536} INFO - Filling up the DagBag from /home/airflow/.local/lib/python3.8/site-packages/airflow/example_dags/example_task_group.py
[2023-11-25T11:10:45.743+0000] {processor.py:839} INFO - DAG(s) dict_keys(['example_task_group']) retrieved from /home/airflow/.local/lib/python3.8/site-packages/airflow/example_dags/example_task_group.py
[2023-11-25T11:10:45.778+0000] {logging_mixin.py:154} INFO - [2023-11-25T11:10:45.778+0000] {dag.py:2941} INFO - Sync 1 DAGs
[2023-11-25T11:10:45.800+0000] {logging_mixin.py:154} INFO - [2023-11-25T11:10:45.800+0000] {dag.py:3722} INFO - Setting next_dagrun for example_task_group to 2023-11-24T11:10:45.800225+00:00, run_after=2023-11-25T11:10:45.800225+00:00
[2023-11-25T11:10:45.819+0000] {processor.py:179} INFO - Processing /home/airflow/.local/lib/python3.8/site-packages/airflow/example_dags/example_task_group.py took 0.127 seconds
[2023-11-25T11:11:16.669+0000] {processor.py:157} INFO - Started process (PID=426) to work on /home/airflow/.local/lib/python3.8/site-packages/airflow/example_dags/example_task_group.py
[2023-11-25T11:11:16.670+0000] {processor.py:829} INFO - Processing file /home/airflow/.local/lib/python3.8/site-packages/airflow/example_dags/example_task_group.py for tasks to queue
[2023-11-25T11:11:16.673+0000] {logging_mixin.py:154} INFO - [2023-11-25T11:11:16.672+0000] {dagbag.py:536} INFO - Filling up the DagBag from /home/airflow/.local/lib/python3.8/site-packages/airflow/example_dags/example_task_group.py
[2023-11-25T11:11:16.681+0000] {processor.py:839} INFO - DAG(s) dict_keys(['example_task_group']) retrieved from /home/airflow/.local/lib/python3.8/site-packages/airflow/example_dags/example_task_group.py
[2023-11-25T11:11:16.710+0000] {logging_mixin.py:154} INFO - [2023-11-25T11:11:16.709+0000] {dag.py:2941} INFO - Sync 1 DAGs
[2023-11-25T11:11:16.736+0000] {logging_mixin.py:154} INFO - [2023-11-25T11:11:16.736+0000] {dag.py:3722} INFO - Setting next_dagrun for example_task_group to 2023-11-24T11:11:16.736186+00:00, run_after=2023-11-25T11:11:16.736186+00:00
[2023-11-25T11:11:16.775+0000] {processor.py:179} INFO - Processing /home/airflow/.local/lib/python3.8/site-packages/airflow/example_dags/example_task_group.py took 0.111 seconds
[2023-11-25T11:11:47.003+0000] {processor.py:157} INFO - Started process (PID=480) to work on /home/airflow/.local/lib/python3.8/site-packages/airflow/example_dags/example_task_group.py
[2023-11-25T11:11:47.004+0000] {processor.py:829} INFO - Processing file /home/airflow/.local/lib/python3.8/site-packages/airflow/example_dags/example_task_group.py for tasks to queue
[2023-11-25T11:11:47.006+0000] {logging_mixin.py:154} INFO - [2023-11-25T11:11:47.006+0000] {dagbag.py:536} INFO - Filling up the DagBag from /home/airflow/.local/lib/python3.8/site-packages/airflow/example_dags/example_task_group.py
[2023-11-25T11:11:47.013+0000] {processor.py:839} INFO - DAG(s) dict_keys(['example_task_group']) retrieved from /home/airflow/.local/lib/python3.8/site-packages/airflow/example_dags/example_task_group.py
[2023-11-25T11:11:47.035+0000] {logging_mixin.py:154} INFO - [2023-11-25T11:11:47.035+0000] {dag.py:2941} INFO - Sync 1 DAGs
[2023-11-25T11:11:47.056+0000] {logging_mixin.py:154} INFO - [2023-11-25T11:11:47.056+0000] {dag.py:3722} INFO - Setting next_dagrun for example_task_group to 2023-11-24T11:11:47.055800+00:00, run_after=2023-11-25T11:11:47.055800+00:00
[2023-11-25T11:11:47.092+0000] {processor.py:179} INFO - Processing /home/airflow/.local/lib/python3.8/site-packages/airflow/example_dags/example_task_group.py took 0.093 seconds
[2023-11-25T11:12:18.069+0000] {processor.py:157} INFO - Started process (PID=535) to work on /home/airflow/.local/lib/python3.8/site-packages/airflow/example_dags/example_task_group.py
[2023-11-25T11:12:18.073+0000] {processor.py:829} INFO - Processing file /home/airflow/.local/lib/python3.8/site-packages/airflow/example_dags/example_task_group.py for tasks to queue
[2023-11-25T11:12:18.078+0000] {logging_mixin.py:154} INFO - [2023-11-25T11:12:18.075+0000] {dagbag.py:536} INFO - Filling up the DagBag from /home/airflow/.local/lib/python3.8/site-packages/airflow/example_dags/example_task_group.py
[2023-11-25T11:12:18.093+0000] {processor.py:839} INFO - DAG(s) dict_keys(['example_task_group']) retrieved from /home/airflow/.local/lib/python3.8/site-packages/airflow/example_dags/example_task_group.py
[2023-11-25T11:12:18.136+0000] {logging_mixin.py:154} INFO - [2023-11-25T11:12:18.135+0000] {dag.py:2941} INFO - Sync 1 DAGs
[2023-11-25T11:12:18.185+0000] {logging_mixin.py:154} INFO - [2023-11-25T11:12:18.185+0000] {dag.py:3722} INFO - Setting next_dagrun for example_task_group to 2023-11-24T11:12:18.184972+00:00, run_after=2023-11-25T11:12:18.184972+00:00
[2023-11-25T11:12:18.223+0000] {processor.py:179} INFO - Processing /home/airflow/.local/lib/python3.8/site-packages/airflow/example_dags/example_task_group.py took 0.161 seconds
[2023-11-25T11:12:48.778+0000] {processor.py:157} INFO - Started process (PID=595) to work on /home/airflow/.local/lib/python3.8/site-packages/airflow/example_dags/example_task_group.py
[2023-11-25T11:12:48.781+0000] {processor.py:829} INFO - Processing file /home/airflow/.local/lib/python3.8/site-packages/airflow/example_dags/example_task_group.py for tasks to queue
[2023-11-25T11:12:48.784+0000] {logging_mixin.py:154} INFO - [2023-11-25T11:12:48.784+0000] {dagbag.py:536} INFO - Filling up the DagBag from /home/airflow/.local/lib/python3.8/site-packages/airflow/example_dags/example_task_group.py
[2023-11-25T11:12:48.795+0000] {processor.py:839} INFO - DAG(s) dict_keys(['example_task_group']) retrieved from /home/airflow/.local/lib/python3.8/site-packages/airflow/example_dags/example_task_group.py
[2023-11-25T11:12:48.817+0000] {logging_mixin.py:154} INFO - [2023-11-25T11:12:48.817+0000] {dag.py:2941} INFO - Sync 1 DAGs
[2023-11-25T11:12:48.840+0000] {logging_mixin.py:154} INFO - [2023-11-25T11:12:48.840+0000] {dag.py:3722} INFO - Setting next_dagrun for example_task_group to 2023-11-24T11:12:48.839852+00:00, run_after=2023-11-25T11:12:48.839852+00:00
[2023-11-25T11:12:48.856+0000] {processor.py:179} INFO - Processing /home/airflow/.local/lib/python3.8/site-packages/airflow/example_dags/example_task_group.py took 0.083 seconds
[2023-11-25T11:13:19.804+0000] {processor.py:157} INFO - Started process (PID=650) to work on /home/airflow/.local/lib/python3.8/site-packages/airflow/example_dags/example_task_group.py
[2023-11-25T11:13:19.805+0000] {processor.py:829} INFO - Processing file /home/airflow/.local/lib/python3.8/site-packages/airflow/example_dags/example_task_group.py for tasks to queue
[2023-11-25T11:13:19.808+0000] {logging_mixin.py:154} INFO - [2023-11-25T11:13:19.807+0000] {dagbag.py:536} INFO - Filling up the DagBag from /home/airflow/.local/lib/python3.8/site-packages/airflow/example_dags/example_task_group.py
[2023-11-25T11:13:19.815+0000] {processor.py:839} INFO - DAG(s) dict_keys(['example_task_group']) retrieved from /home/airflow/.local/lib/python3.8/site-packages/airflow/example_dags/example_task_group.py
[2023-11-25T11:13:19.840+0000] {logging_mixin.py:154} INFO - [2023-11-25T11:13:19.840+0000] {dag.py:2941} INFO - Sync 1 DAGs
[2023-11-25T11:13:19.869+0000] {logging_mixin.py:154} INFO - [2023-11-25T11:13:19.869+0000] {dag.py:3722} INFO - Setting next_dagrun for example_task_group to 2023-11-24T11:13:19.869278+00:00, run_after=2023-11-25T11:13:19.869278+00:00
[2023-11-25T11:13:19.905+0000] {processor.py:179} INFO - Processing /home/airflow/.local/lib/python3.8/site-packages/airflow/example_dags/example_task_group.py took 0.104 seconds
[2023-11-25T11:13:50.239+0000] {processor.py:157} INFO - Started process (PID=705) to work on /home/airflow/.local/lib/python3.8/site-packages/airflow/example_dags/example_task_group.py
[2023-11-25T11:13:50.241+0000] {processor.py:829} INFO - Processing file /home/airflow/.local/lib/python3.8/site-packages/airflow/example_dags/example_task_group.py for tasks to queue
[2023-11-25T11:13:50.243+0000] {logging_mixin.py:154} INFO - [2023-11-25T11:13:50.243+0000] {dagbag.py:536} INFO - Filling up the DagBag from /home/airflow/.local/lib/python3.8/site-packages/airflow/example_dags/example_task_group.py
[2023-11-25T11:13:50.249+0000] {processor.py:839} INFO - DAG(s) dict_keys(['example_task_group']) retrieved from /home/airflow/.local/lib/python3.8/site-packages/airflow/example_dags/example_task_group.py
[2023-11-25T11:13:50.269+0000] {logging_mixin.py:154} INFO - [2023-11-25T11:13:50.269+0000] {dag.py:2941} INFO - Sync 1 DAGs
[2023-11-25T11:13:50.292+0000] {logging_mixin.py:154} INFO - [2023-11-25T11:13:50.291+0000] {dag.py:3722} INFO - Setting next_dagrun for example_task_group to 2023-11-24T11:13:50.291777+00:00, run_after=2023-11-25T11:13:50.291777+00:00
[2023-11-25T11:13:50.317+0000] {processor.py:179} INFO - Processing /home/airflow/.local/lib/python3.8/site-packages/airflow/example_dags/example_task_group.py took 0.083 seconds
