[2023-11-25T10:23:17.911+0000] {processor.py:157} INFO - Started process (PID=41) to work on /home/airflow/.local/lib/python3.8/site-packages/airflow/example_dags/example_sla_dag.py
[2023-11-25T10:23:17.915+0000] {processor.py:829} INFO - Processing file /home/airflow/.local/lib/python3.8/site-packages/airflow/example_dags/example_sla_dag.py for tasks to queue
[2023-11-25T10:23:17.918+0000] {logging_mixin.py:154} INFO - [2023-11-25T10:23:17.918+0000] {dagbag.py:536} INFO - Filling up the DagBag from /home/airflow/.local/lib/python3.8/site-packages/airflow/example_dags/example_sla_dag.py
[2023-11-25T10:23:17.931+0000] {processor.py:839} INFO - DAG(s) dict_keys(['example_sla_dag']) retrieved from /home/airflow/.local/lib/python3.8/site-packages/airflow/example_dags/example_sla_dag.py
[2023-11-25T10:23:17.989+0000] {logging_mixin.py:154} INFO - [2023-11-25T10:23:17.989+0000] {dag.py:2941} INFO - Sync 1 DAGs
[2023-11-25T10:23:18.107+0000] {logging_mixin.py:154} INFO - [2023-11-25T10:23:18.107+0000] {dag.py:3722} INFO - Setting next_dagrun for example_sla_dag to 2023-11-25T10:20:00+00:00, run_after=2023-11-25T10:22:00+00:00
[2023-11-25T10:23:18.236+0000] {processor.py:179} INFO - Processing /home/airflow/.local/lib/python3.8/site-packages/airflow/example_dags/example_sla_dag.py took 0.330 seconds
[2023-11-25T10:23:48.299+0000] {processor.py:157} INFO - Started process (PID=95) to work on /home/airflow/.local/lib/python3.8/site-packages/airflow/example_dags/example_sla_dag.py
[2023-11-25T10:23:48.299+0000] {processor.py:829} INFO - Processing file /home/airflow/.local/lib/python3.8/site-packages/airflow/example_dags/example_sla_dag.py for tasks to queue
[2023-11-25T10:23:48.301+0000] {logging_mixin.py:154} INFO - [2023-11-25T10:23:48.301+0000] {dagbag.py:536} INFO - Filling up the DagBag from /home/airflow/.local/lib/python3.8/site-packages/airflow/example_dags/example_sla_dag.py
[2023-11-25T10:23:48.308+0000] {processor.py:839} INFO - DAG(s) dict_keys(['example_sla_dag']) retrieved from /home/airflow/.local/lib/python3.8/site-packages/airflow/example_dags/example_sla_dag.py
[2023-11-25T10:23:48.329+0000] {logging_mixin.py:154} INFO - [2023-11-25T10:23:48.328+0000] {dag.py:2941} INFO - Sync 1 DAGs
[2023-11-25T10:23:48.357+0000] {logging_mixin.py:154} INFO - [2023-11-25T10:23:48.357+0000] {dag.py:3722} INFO - Setting next_dagrun for example_sla_dag to 2023-11-25T10:20:00+00:00, run_after=2023-11-25T10:22:00+00:00
[2023-11-25T10:23:48.389+0000] {processor.py:179} INFO - Processing /home/airflow/.local/lib/python3.8/site-packages/airflow/example_dags/example_sla_dag.py took 0.094 seconds
[2023-11-25T10:24:19.122+0000] {processor.py:157} INFO - Started process (PID=149) to work on /home/airflow/.local/lib/python3.8/site-packages/airflow/example_dags/example_sla_dag.py
[2023-11-25T10:24:19.123+0000] {processor.py:829} INFO - Processing file /home/airflow/.local/lib/python3.8/site-packages/airflow/example_dags/example_sla_dag.py for tasks to queue
[2023-11-25T10:24:19.125+0000] {logging_mixin.py:154} INFO - [2023-11-25T10:24:19.125+0000] {dagbag.py:536} INFO - Filling up the DagBag from /home/airflow/.local/lib/python3.8/site-packages/airflow/example_dags/example_sla_dag.py
[2023-11-25T10:24:19.136+0000] {processor.py:839} INFO - DAG(s) dict_keys(['example_sla_dag']) retrieved from /home/airflow/.local/lib/python3.8/site-packages/airflow/example_dags/example_sla_dag.py
[2023-11-25T10:24:19.158+0000] {logging_mixin.py:154} INFO - [2023-11-25T10:24:19.158+0000] {dag.py:2941} INFO - Sync 1 DAGs
[2023-11-25T10:24:19.190+0000] {logging_mixin.py:154} INFO - [2023-11-25T10:24:19.190+0000] {dag.py:3722} INFO - Setting next_dagrun for example_sla_dag to 2023-11-25T10:22:00+00:00, run_after=2023-11-25T10:24:00+00:00
[2023-11-25T10:24:19.214+0000] {processor.py:179} INFO - Processing /home/airflow/.local/lib/python3.8/site-packages/airflow/example_dags/example_sla_dag.py took 0.096 seconds
[2023-11-25T10:24:49.265+0000] {processor.py:157} INFO - Started process (PID=203) to work on /home/airflow/.local/lib/python3.8/site-packages/airflow/example_dags/example_sla_dag.py
[2023-11-25T10:24:49.266+0000] {processor.py:829} INFO - Processing file /home/airflow/.local/lib/python3.8/site-packages/airflow/example_dags/example_sla_dag.py for tasks to queue
[2023-11-25T10:24:49.268+0000] {logging_mixin.py:154} INFO - [2023-11-25T10:24:49.268+0000] {dagbag.py:536} INFO - Filling up the DagBag from /home/airflow/.local/lib/python3.8/site-packages/airflow/example_dags/example_sla_dag.py
[2023-11-25T10:24:49.277+0000] {processor.py:839} INFO - DAG(s) dict_keys(['example_sla_dag']) retrieved from /home/airflow/.local/lib/python3.8/site-packages/airflow/example_dags/example_sla_dag.py
[2023-11-25T10:24:49.297+0000] {logging_mixin.py:154} INFO - [2023-11-25T10:24:49.297+0000] {dag.py:2941} INFO - Sync 1 DAGs
[2023-11-25T10:24:49.334+0000] {logging_mixin.py:154} INFO - [2023-11-25T10:24:49.334+0000] {dag.py:3722} INFO - Setting next_dagrun for example_sla_dag to 2023-11-25T10:22:00+00:00, run_after=2023-11-25T10:24:00+00:00
[2023-11-25T10:24:49.352+0000] {processor.py:179} INFO - Processing /home/airflow/.local/lib/python3.8/site-packages/airflow/example_dags/example_sla_dag.py took 0.090 seconds
[2023-11-25T10:25:19.791+0000] {processor.py:157} INFO - Started process (PID=257) to work on /home/airflow/.local/lib/python3.8/site-packages/airflow/example_dags/example_sla_dag.py
[2023-11-25T10:25:19.792+0000] {processor.py:829} INFO - Processing file /home/airflow/.local/lib/python3.8/site-packages/airflow/example_dags/example_sla_dag.py for tasks to queue
[2023-11-25T10:25:19.795+0000] {logging_mixin.py:154} INFO - [2023-11-25T10:25:19.795+0000] {dagbag.py:536} INFO - Filling up the DagBag from /home/airflow/.local/lib/python3.8/site-packages/airflow/example_dags/example_sla_dag.py
[2023-11-25T10:25:19.808+0000] {processor.py:839} INFO - DAG(s) dict_keys(['example_sla_dag']) retrieved from /home/airflow/.local/lib/python3.8/site-packages/airflow/example_dags/example_sla_dag.py
[2023-11-25T10:25:19.831+0000] {logging_mixin.py:154} INFO - [2023-11-25T10:25:19.831+0000] {dag.py:2941} INFO - Sync 1 DAGs
[2023-11-25T10:25:19.868+0000] {logging_mixin.py:154} INFO - [2023-11-25T10:25:19.868+0000] {dag.py:3722} INFO - Setting next_dagrun for example_sla_dag to 2023-11-25T10:22:00+00:00, run_after=2023-11-25T10:24:00+00:00
[2023-11-25T10:25:19.887+0000] {processor.py:179} INFO - Processing /home/airflow/.local/lib/python3.8/site-packages/airflow/example_dags/example_sla_dag.py took 0.100 seconds
[2023-11-25T10:25:50.546+0000] {processor.py:157} INFO - Started process (PID=311) to work on /home/airflow/.local/lib/python3.8/site-packages/airflow/example_dags/example_sla_dag.py
[2023-11-25T10:25:50.547+0000] {processor.py:829} INFO - Processing file /home/airflow/.local/lib/python3.8/site-packages/airflow/example_dags/example_sla_dag.py for tasks to queue
[2023-11-25T10:25:50.550+0000] {logging_mixin.py:154} INFO - [2023-11-25T10:25:50.549+0000] {dagbag.py:536} INFO - Filling up the DagBag from /home/airflow/.local/lib/python3.8/site-packages/airflow/example_dags/example_sla_dag.py
[2023-11-25T10:25:50.561+0000] {processor.py:839} INFO - DAG(s) dict_keys(['example_sla_dag']) retrieved from /home/airflow/.local/lib/python3.8/site-packages/airflow/example_dags/example_sla_dag.py
[2023-11-25T10:25:50.581+0000] {logging_mixin.py:154} INFO - [2023-11-25T10:25:50.581+0000] {dag.py:2941} INFO - Sync 1 DAGs
[2023-11-25T10:25:50.619+0000] {logging_mixin.py:154} INFO - [2023-11-25T10:25:50.619+0000] {dag.py:3722} INFO - Setting next_dagrun for example_sla_dag to 2023-11-25T10:22:00+00:00, run_after=2023-11-25T10:24:00+00:00
[2023-11-25T10:25:50.642+0000] {processor.py:179} INFO - Processing /home/airflow/.local/lib/python3.8/site-packages/airflow/example_dags/example_sla_dag.py took 0.101 seconds
[2023-11-25T10:26:20.900+0000] {processor.py:157} INFO - Started process (PID=365) to work on /home/airflow/.local/lib/python3.8/site-packages/airflow/example_dags/example_sla_dag.py
[2023-11-25T10:26:20.901+0000] {processor.py:829} INFO - Processing file /home/airflow/.local/lib/python3.8/site-packages/airflow/example_dags/example_sla_dag.py for tasks to queue
[2023-11-25T10:26:20.903+0000] {logging_mixin.py:154} INFO - [2023-11-25T10:26:20.903+0000] {dagbag.py:536} INFO - Filling up the DagBag from /home/airflow/.local/lib/python3.8/site-packages/airflow/example_dags/example_sla_dag.py
[2023-11-25T10:26:20.911+0000] {processor.py:839} INFO - DAG(s) dict_keys(['example_sla_dag']) retrieved from /home/airflow/.local/lib/python3.8/site-packages/airflow/example_dags/example_sla_dag.py
[2023-11-25T10:26:20.932+0000] {logging_mixin.py:154} INFO - [2023-11-25T10:26:20.932+0000] {dag.py:2941} INFO - Sync 1 DAGs
[2023-11-25T10:26:20.971+0000] {logging_mixin.py:154} INFO - [2023-11-25T10:26:20.971+0000] {dag.py:3722} INFO - Setting next_dagrun for example_sla_dag to 2023-11-25T10:24:00+00:00, run_after=2023-11-25T10:26:00+00:00
[2023-11-25T10:26:20.994+0000] {processor.py:179} INFO - Processing /home/airflow/.local/lib/python3.8/site-packages/airflow/example_dags/example_sla_dag.py took 0.097 seconds
[2023-11-25T10:26:51.558+0000] {processor.py:157} INFO - Started process (PID=419) to work on /home/airflow/.local/lib/python3.8/site-packages/airflow/example_dags/example_sla_dag.py
[2023-11-25T10:26:51.559+0000] {processor.py:829} INFO - Processing file /home/airflow/.local/lib/python3.8/site-packages/airflow/example_dags/example_sla_dag.py for tasks to queue
[2023-11-25T10:26:51.562+0000] {logging_mixin.py:154} INFO - [2023-11-25T10:26:51.562+0000] {dagbag.py:536} INFO - Filling up the DagBag from /home/airflow/.local/lib/python3.8/site-packages/airflow/example_dags/example_sla_dag.py
[2023-11-25T10:26:51.573+0000] {processor.py:839} INFO - DAG(s) dict_keys(['example_sla_dag']) retrieved from /home/airflow/.local/lib/python3.8/site-packages/airflow/example_dags/example_sla_dag.py
[2023-11-25T10:26:51.599+0000] {logging_mixin.py:154} INFO - [2023-11-25T10:26:51.599+0000] {dag.py:2941} INFO - Sync 1 DAGs
[2023-11-25T10:26:51.634+0000] {logging_mixin.py:154} INFO - [2023-11-25T10:26:51.634+0000] {dag.py:3722} INFO - Setting next_dagrun for example_sla_dag to 2023-11-25T10:24:00+00:00, run_after=2023-11-25T10:26:00+00:00
[2023-11-25T10:26:51.664+0000] {processor.py:179} INFO - Processing /home/airflow/.local/lib/python3.8/site-packages/airflow/example_dags/example_sla_dag.py took 0.109 seconds
[2023-11-25T10:27:22.291+0000] {processor.py:157} INFO - Started process (PID=473) to work on /home/airflow/.local/lib/python3.8/site-packages/airflow/example_dags/example_sla_dag.py
[2023-11-25T10:27:22.297+0000] {processor.py:829} INFO - Processing file /home/airflow/.local/lib/python3.8/site-packages/airflow/example_dags/example_sla_dag.py for tasks to queue
[2023-11-25T10:27:22.299+0000] {logging_mixin.py:154} INFO - [2023-11-25T10:27:22.299+0000] {dagbag.py:536} INFO - Filling up the DagBag from /home/airflow/.local/lib/python3.8/site-packages/airflow/example_dags/example_sla_dag.py
[2023-11-25T10:27:22.308+0000] {processor.py:839} INFO - DAG(s) dict_keys(['example_sla_dag']) retrieved from /home/airflow/.local/lib/python3.8/site-packages/airflow/example_dags/example_sla_dag.py
[2023-11-25T10:27:22.329+0000] {logging_mixin.py:154} INFO - [2023-11-25T10:27:22.329+0000] {dag.py:2941} INFO - Sync 1 DAGs
[2023-11-25T10:27:22.358+0000] {logging_mixin.py:154} INFO - [2023-11-25T10:27:22.358+0000] {dag.py:3722} INFO - Setting next_dagrun for example_sla_dag to 2023-11-25T10:24:00+00:00, run_after=2023-11-25T10:26:00+00:00
[2023-11-25T10:27:22.376+0000] {processor.py:179} INFO - Processing /home/airflow/.local/lib/python3.8/site-packages/airflow/example_dags/example_sla_dag.py took 0.089 seconds
[2023-11-25T10:27:52.700+0000] {processor.py:157} INFO - Started process (PID=526) to work on /home/airflow/.local/lib/python3.8/site-packages/airflow/example_dags/example_sla_dag.py
[2023-11-25T10:27:52.701+0000] {processor.py:829} INFO - Processing file /home/airflow/.local/lib/python3.8/site-packages/airflow/example_dags/example_sla_dag.py for tasks to queue
[2023-11-25T10:27:52.704+0000] {logging_mixin.py:154} INFO - [2023-11-25T10:27:52.704+0000] {dagbag.py:536} INFO - Filling up the DagBag from /home/airflow/.local/lib/python3.8/site-packages/airflow/example_dags/example_sla_dag.py
[2023-11-25T10:27:52.722+0000] {processor.py:839} INFO - DAG(s) dict_keys(['example_sla_dag']) retrieved from /home/airflow/.local/lib/python3.8/site-packages/airflow/example_dags/example_sla_dag.py
[2023-11-25T10:27:52.764+0000] {logging_mixin.py:154} INFO - [2023-11-25T10:27:52.764+0000] {dag.py:2941} INFO - Sync 1 DAGs
[2023-11-25T10:27:52.817+0000] {logging_mixin.py:154} INFO - [2023-11-25T10:27:52.817+0000] {dag.py:3722} INFO - Setting next_dagrun for example_sla_dag to 2023-11-25T10:24:00+00:00, run_after=2023-11-25T10:26:00+00:00
[2023-11-25T10:27:52.861+0000] {processor.py:179} INFO - Processing /home/airflow/.local/lib/python3.8/site-packages/airflow/example_dags/example_sla_dag.py took 0.166 seconds
[2023-11-25T10:28:23.262+0000] {processor.py:157} INFO - Started process (PID=580) to work on /home/airflow/.local/lib/python3.8/site-packages/airflow/example_dags/example_sla_dag.py
[2023-11-25T10:28:23.263+0000] {processor.py:829} INFO - Processing file /home/airflow/.local/lib/python3.8/site-packages/airflow/example_dags/example_sla_dag.py for tasks to queue
[2023-11-25T10:28:23.266+0000] {logging_mixin.py:154} INFO - [2023-11-25T10:28:23.265+0000] {dagbag.py:536} INFO - Filling up the DagBag from /home/airflow/.local/lib/python3.8/site-packages/airflow/example_dags/example_sla_dag.py
[2023-11-25T10:28:23.290+0000] {processor.py:839} INFO - DAG(s) dict_keys(['example_sla_dag']) retrieved from /home/airflow/.local/lib/python3.8/site-packages/airflow/example_dags/example_sla_dag.py
[2023-11-25T10:28:23.363+0000] {logging_mixin.py:154} INFO - [2023-11-25T10:28:23.362+0000] {dag.py:2941} INFO - Sync 1 DAGs
[2023-11-25T10:28:23.407+0000] {logging_mixin.py:154} INFO - [2023-11-25T10:28:23.407+0000] {dag.py:3722} INFO - Setting next_dagrun for example_sla_dag to 2023-11-25T10:26:00+00:00, run_after=2023-11-25T10:28:00+00:00
[2023-11-25T10:28:23.446+0000] {processor.py:179} INFO - Processing /home/airflow/.local/lib/python3.8/site-packages/airflow/example_dags/example_sla_dag.py took 0.190 seconds
[2023-11-25T10:28:53.495+0000] {processor.py:157} INFO - Started process (PID=633) to work on /home/airflow/.local/lib/python3.8/site-packages/airflow/example_dags/example_sla_dag.py
[2023-11-25T10:28:53.498+0000] {processor.py:829} INFO - Processing file /home/airflow/.local/lib/python3.8/site-packages/airflow/example_dags/example_sla_dag.py for tasks to queue
[2023-11-25T10:28:53.500+0000] {logging_mixin.py:154} INFO - [2023-11-25T10:28:53.500+0000] {dagbag.py:536} INFO - Filling up the DagBag from /home/airflow/.local/lib/python3.8/site-packages/airflow/example_dags/example_sla_dag.py
[2023-11-25T10:28:53.513+0000] {processor.py:839} INFO - DAG(s) dict_keys(['example_sla_dag']) retrieved from /home/airflow/.local/lib/python3.8/site-packages/airflow/example_dags/example_sla_dag.py
[2023-11-25T10:28:53.538+0000] {logging_mixin.py:154} INFO - [2023-11-25T10:28:53.537+0000] {dag.py:2941} INFO - Sync 1 DAGs
[2023-11-25T10:28:53.567+0000] {logging_mixin.py:154} INFO - [2023-11-25T10:28:53.567+0000] {dag.py:3722} INFO - Setting next_dagrun for example_sla_dag to 2023-11-25T10:26:00+00:00, run_after=2023-11-25T10:28:00+00:00
[2023-11-25T10:28:53.598+0000] {processor.py:179} INFO - Processing /home/airflow/.local/lib/python3.8/site-packages/airflow/example_dags/example_sla_dag.py took 0.107 seconds
[2023-11-25T10:29:24.041+0000] {processor.py:157} INFO - Started process (PID=687) to work on /home/airflow/.local/lib/python3.8/site-packages/airflow/example_dags/example_sla_dag.py
[2023-11-25T10:29:24.042+0000] {processor.py:829} INFO - Processing file /home/airflow/.local/lib/python3.8/site-packages/airflow/example_dags/example_sla_dag.py for tasks to queue
[2023-11-25T10:29:24.045+0000] {logging_mixin.py:154} INFO - [2023-11-25T10:29:24.044+0000] {dagbag.py:536} INFO - Filling up the DagBag from /home/airflow/.local/lib/python3.8/site-packages/airflow/example_dags/example_sla_dag.py
[2023-11-25T10:29:24.054+0000] {processor.py:839} INFO - DAG(s) dict_keys(['example_sla_dag']) retrieved from /home/airflow/.local/lib/python3.8/site-packages/airflow/example_dags/example_sla_dag.py
[2023-11-25T10:29:24.077+0000] {logging_mixin.py:154} INFO - [2023-11-25T10:29:24.076+0000] {dag.py:2941} INFO - Sync 1 DAGs
[2023-11-25T10:29:24.110+0000] {logging_mixin.py:154} INFO - [2023-11-25T10:29:24.110+0000] {dag.py:3722} INFO - Setting next_dagrun for example_sla_dag to 2023-11-25T10:26:00+00:00, run_after=2023-11-25T10:28:00+00:00
[2023-11-25T10:29:24.156+0000] {processor.py:179} INFO - Processing /home/airflow/.local/lib/python3.8/site-packages/airflow/example_dags/example_sla_dag.py took 0.120 seconds
[2023-11-25T10:29:54.235+0000] {processor.py:157} INFO - Started process (PID=741) to work on /home/airflow/.local/lib/python3.8/site-packages/airflow/example_dags/example_sla_dag.py
[2023-11-25T10:29:54.236+0000] {processor.py:829} INFO - Processing file /home/airflow/.local/lib/python3.8/site-packages/airflow/example_dags/example_sla_dag.py for tasks to queue
[2023-11-25T10:29:54.239+0000] {logging_mixin.py:154} INFO - [2023-11-25T10:29:54.238+0000] {dagbag.py:536} INFO - Filling up the DagBag from /home/airflow/.local/lib/python3.8/site-packages/airflow/example_dags/example_sla_dag.py
[2023-11-25T10:29:54.247+0000] {processor.py:839} INFO - DAG(s) dict_keys(['example_sla_dag']) retrieved from /home/airflow/.local/lib/python3.8/site-packages/airflow/example_dags/example_sla_dag.py
[2023-11-25T10:29:54.268+0000] {logging_mixin.py:154} INFO - [2023-11-25T10:29:54.268+0000] {dag.py:2941} INFO - Sync 1 DAGs
[2023-11-25T10:29:54.293+0000] {logging_mixin.py:154} INFO - [2023-11-25T10:29:54.293+0000] {dag.py:3722} INFO - Setting next_dagrun for example_sla_dag to 2023-11-25T10:26:00+00:00, run_after=2023-11-25T10:28:00+00:00
[2023-11-25T10:29:54.322+0000] {processor.py:179} INFO - Processing /home/airflow/.local/lib/python3.8/site-packages/airflow/example_dags/example_sla_dag.py took 0.090 seconds
[2023-11-25T10:30:25.098+0000] {processor.py:157} INFO - Started process (PID=795) to work on /home/airflow/.local/lib/python3.8/site-packages/airflow/example_dags/example_sla_dag.py
[2023-11-25T10:30:25.099+0000] {processor.py:829} INFO - Processing file /home/airflow/.local/lib/python3.8/site-packages/airflow/example_dags/example_sla_dag.py for tasks to queue
[2023-11-25T10:30:25.101+0000] {logging_mixin.py:154} INFO - [2023-11-25T10:30:25.101+0000] {dagbag.py:536} INFO - Filling up the DagBag from /home/airflow/.local/lib/python3.8/site-packages/airflow/example_dags/example_sla_dag.py
[2023-11-25T10:30:25.109+0000] {processor.py:839} INFO - DAG(s) dict_keys(['example_sla_dag']) retrieved from /home/airflow/.local/lib/python3.8/site-packages/airflow/example_dags/example_sla_dag.py
[2023-11-25T10:30:25.130+0000] {logging_mixin.py:154} INFO - [2023-11-25T10:30:25.130+0000] {dag.py:2941} INFO - Sync 1 DAGs
[2023-11-25T10:30:25.156+0000] {logging_mixin.py:154} INFO - [2023-11-25T10:30:25.155+0000] {dag.py:3722} INFO - Setting next_dagrun for example_sla_dag to 2023-11-25T10:28:00+00:00, run_after=2023-11-25T10:30:00+00:00
[2023-11-25T10:30:25.178+0000] {processor.py:179} INFO - Processing /home/airflow/.local/lib/python3.8/site-packages/airflow/example_dags/example_sla_dag.py took 0.083 seconds
[2023-11-25T10:30:55.706+0000] {processor.py:157} INFO - Started process (PID=849) to work on /home/airflow/.local/lib/python3.8/site-packages/airflow/example_dags/example_sla_dag.py
[2023-11-25T10:30:55.707+0000] {processor.py:829} INFO - Processing file /home/airflow/.local/lib/python3.8/site-packages/airflow/example_dags/example_sla_dag.py for tasks to queue
[2023-11-25T10:30:55.709+0000] {logging_mixin.py:154} INFO - [2023-11-25T10:30:55.709+0000] {dagbag.py:536} INFO - Filling up the DagBag from /home/airflow/.local/lib/python3.8/site-packages/airflow/example_dags/example_sla_dag.py
[2023-11-25T10:30:55.719+0000] {processor.py:839} INFO - DAG(s) dict_keys(['example_sla_dag']) retrieved from /home/airflow/.local/lib/python3.8/site-packages/airflow/example_dags/example_sla_dag.py
[2023-11-25T10:30:55.742+0000] {logging_mixin.py:154} INFO - [2023-11-25T10:30:55.741+0000] {dag.py:2941} INFO - Sync 1 DAGs
[2023-11-25T10:30:55.771+0000] {logging_mixin.py:154} INFO - [2023-11-25T10:30:55.771+0000] {dag.py:3722} INFO - Setting next_dagrun for example_sla_dag to 2023-11-25T10:28:00+00:00, run_after=2023-11-25T10:30:00+00:00
[2023-11-25T10:30:55.792+0000] {processor.py:179} INFO - Processing /home/airflow/.local/lib/python3.8/site-packages/airflow/example_dags/example_sla_dag.py took 0.091 seconds
[2023-11-25T10:31:26.487+0000] {processor.py:157} INFO - Started process (PID=903) to work on /home/airflow/.local/lib/python3.8/site-packages/airflow/example_dags/example_sla_dag.py
[2023-11-25T10:31:26.488+0000] {processor.py:829} INFO - Processing file /home/airflow/.local/lib/python3.8/site-packages/airflow/example_dags/example_sla_dag.py for tasks to queue
[2023-11-25T10:31:26.492+0000] {logging_mixin.py:154} INFO - [2023-11-25T10:31:26.492+0000] {dagbag.py:536} INFO - Filling up the DagBag from /home/airflow/.local/lib/python3.8/site-packages/airflow/example_dags/example_sla_dag.py
[2023-11-25T10:31:26.503+0000] {processor.py:839} INFO - DAG(s) dict_keys(['example_sla_dag']) retrieved from /home/airflow/.local/lib/python3.8/site-packages/airflow/example_dags/example_sla_dag.py
[2023-11-25T10:31:26.534+0000] {logging_mixin.py:154} INFO - [2023-11-25T10:31:26.534+0000] {dag.py:2941} INFO - Sync 1 DAGs
[2023-11-25T10:31:26.567+0000] {logging_mixin.py:154} INFO - [2023-11-25T10:31:26.566+0000] {dag.py:3722} INFO - Setting next_dagrun for example_sla_dag to 2023-11-25T10:28:00+00:00, run_after=2023-11-25T10:30:00+00:00
[2023-11-25T10:31:26.749+0000] {processor.py:179} INFO - Processing /home/airflow/.local/lib/python3.8/site-packages/airflow/example_dags/example_sla_dag.py took 0.267 seconds
[2023-11-25T10:31:57.205+0000] {processor.py:157} INFO - Started process (PID=956) to work on /home/airflow/.local/lib/python3.8/site-packages/airflow/example_dags/example_sla_dag.py
[2023-11-25T10:31:57.206+0000] {processor.py:829} INFO - Processing file /home/airflow/.local/lib/python3.8/site-packages/airflow/example_dags/example_sla_dag.py for tasks to queue
[2023-11-25T10:31:57.209+0000] {logging_mixin.py:154} INFO - [2023-11-25T10:31:57.208+0000] {dagbag.py:536} INFO - Filling up the DagBag from /home/airflow/.local/lib/python3.8/site-packages/airflow/example_dags/example_sla_dag.py
[2023-11-25T10:31:57.220+0000] {processor.py:839} INFO - DAG(s) dict_keys(['example_sla_dag']) retrieved from /home/airflow/.local/lib/python3.8/site-packages/airflow/example_dags/example_sla_dag.py
[2023-11-25T10:31:57.249+0000] {logging_mixin.py:154} INFO - [2023-11-25T10:31:57.249+0000] {dag.py:2941} INFO - Sync 1 DAGs
[2023-11-25T10:31:57.282+0000] {logging_mixin.py:154} INFO - [2023-11-25T10:31:57.282+0000] {dag.py:3722} INFO - Setting next_dagrun for example_sla_dag to 2023-11-25T10:28:00+00:00, run_after=2023-11-25T10:30:00+00:00
[2023-11-25T10:31:57.303+0000] {processor.py:179} INFO - Processing /home/airflow/.local/lib/python3.8/site-packages/airflow/example_dags/example_sla_dag.py took 0.101 seconds
[2023-11-25T10:32:27.436+0000] {processor.py:157} INFO - Started process (PID=1010) to work on /home/airflow/.local/lib/python3.8/site-packages/airflow/example_dags/example_sla_dag.py
[2023-11-25T10:32:27.436+0000] {processor.py:829} INFO - Processing file /home/airflow/.local/lib/python3.8/site-packages/airflow/example_dags/example_sla_dag.py for tasks to queue
[2023-11-25T10:32:27.439+0000] {logging_mixin.py:154} INFO - [2023-11-25T10:32:27.438+0000] {dagbag.py:536} INFO - Filling up the DagBag from /home/airflow/.local/lib/python3.8/site-packages/airflow/example_dags/example_sla_dag.py
[2023-11-25T10:32:27.448+0000] {processor.py:839} INFO - DAG(s) dict_keys(['example_sla_dag']) retrieved from /home/airflow/.local/lib/python3.8/site-packages/airflow/example_dags/example_sla_dag.py
[2023-11-25T10:32:27.471+0000] {logging_mixin.py:154} INFO - [2023-11-25T10:32:27.471+0000] {dag.py:2941} INFO - Sync 1 DAGs
[2023-11-25T10:32:27.506+0000] {logging_mixin.py:154} INFO - [2023-11-25T10:32:27.506+0000] {dag.py:3722} INFO - Setting next_dagrun for example_sla_dag to 2023-11-25T10:30:00+00:00, run_after=2023-11-25T10:32:00+00:00
[2023-11-25T10:32:27.532+0000] {processor.py:179} INFO - Processing /home/airflow/.local/lib/python3.8/site-packages/airflow/example_dags/example_sla_dag.py took 0.100 seconds
[2023-11-25T10:32:58.387+0000] {processor.py:157} INFO - Started process (PID=1071) to work on /home/airflow/.local/lib/python3.8/site-packages/airflow/example_dags/example_sla_dag.py
[2023-11-25T10:32:58.399+0000] {processor.py:829} INFO - Processing file /home/airflow/.local/lib/python3.8/site-packages/airflow/example_dags/example_sla_dag.py for tasks to queue
[2023-11-25T10:32:58.401+0000] {logging_mixin.py:154} INFO - [2023-11-25T10:32:58.401+0000] {dagbag.py:536} INFO - Filling up the DagBag from /home/airflow/.local/lib/python3.8/site-packages/airflow/example_dags/example_sla_dag.py
[2023-11-25T10:32:58.413+0000] {processor.py:839} INFO - DAG(s) dict_keys(['example_sla_dag']) retrieved from /home/airflow/.local/lib/python3.8/site-packages/airflow/example_dags/example_sla_dag.py
[2023-11-25T10:32:58.442+0000] {logging_mixin.py:154} INFO - [2023-11-25T10:32:58.442+0000] {dag.py:2941} INFO - Sync 1 DAGs
[2023-11-25T10:32:58.486+0000] {logging_mixin.py:154} INFO - [2023-11-25T10:32:58.485+0000] {dag.py:3722} INFO - Setting next_dagrun for example_sla_dag to 2023-11-25T10:30:00+00:00, run_after=2023-11-25T10:32:00+00:00
[2023-11-25T10:32:58.683+0000] {processor.py:179} INFO - Processing /home/airflow/.local/lib/python3.8/site-packages/airflow/example_dags/example_sla_dag.py took 0.300 seconds
[2023-11-25T10:33:28.815+0000] {processor.py:157} INFO - Started process (PID=1126) to work on /home/airflow/.local/lib/python3.8/site-packages/airflow/example_dags/example_sla_dag.py
[2023-11-25T10:33:28.818+0000] {processor.py:829} INFO - Processing file /home/airflow/.local/lib/python3.8/site-packages/airflow/example_dags/example_sla_dag.py for tasks to queue
[2023-11-25T10:33:28.821+0000] {logging_mixin.py:154} INFO - [2023-11-25T10:33:28.821+0000] {dagbag.py:536} INFO - Filling up the DagBag from /home/airflow/.local/lib/python3.8/site-packages/airflow/example_dags/example_sla_dag.py
[2023-11-25T10:33:28.833+0000] {processor.py:839} INFO - DAG(s) dict_keys(['example_sla_dag']) retrieved from /home/airflow/.local/lib/python3.8/site-packages/airflow/example_dags/example_sla_dag.py
[2023-11-25T10:33:28.859+0000] {logging_mixin.py:154} INFO - [2023-11-25T10:33:28.858+0000] {dag.py:2941} INFO - Sync 1 DAGs
[2023-11-25T10:33:28.902+0000] {logging_mixin.py:154} INFO - [2023-11-25T10:33:28.902+0000] {dag.py:3722} INFO - Setting next_dagrun for example_sla_dag to 2023-11-25T10:30:00+00:00, run_after=2023-11-25T10:32:00+00:00
[2023-11-25T10:33:28.929+0000] {processor.py:179} INFO - Processing /home/airflow/.local/lib/python3.8/site-packages/airflow/example_dags/example_sla_dag.py took 0.119 seconds
[2023-11-25T10:33:58.962+0000] {processor.py:157} INFO - Started process (PID=1178) to work on /home/airflow/.local/lib/python3.8/site-packages/airflow/example_dags/example_sla_dag.py
[2023-11-25T10:33:58.966+0000] {processor.py:829} INFO - Processing file /home/airflow/.local/lib/python3.8/site-packages/airflow/example_dags/example_sla_dag.py for tasks to queue
[2023-11-25T10:33:58.968+0000] {logging_mixin.py:154} INFO - [2023-11-25T10:33:58.967+0000] {dagbag.py:536} INFO - Filling up the DagBag from /home/airflow/.local/lib/python3.8/site-packages/airflow/example_dags/example_sla_dag.py
[2023-11-25T10:33:58.977+0000] {processor.py:839} INFO - DAG(s) dict_keys(['example_sla_dag']) retrieved from /home/airflow/.local/lib/python3.8/site-packages/airflow/example_dags/example_sla_dag.py
[2023-11-25T10:33:58.995+0000] {logging_mixin.py:154} INFO - [2023-11-25T10:33:58.995+0000] {dag.py:2941} INFO - Sync 1 DAGs
[2023-11-25T10:33:59.020+0000] {logging_mixin.py:154} INFO - [2023-11-25T10:33:59.020+0000] {dag.py:3722} INFO - Setting next_dagrun for example_sla_dag to 2023-11-25T10:30:00+00:00, run_after=2023-11-25T10:32:00+00:00
[2023-11-25T10:33:59.045+0000] {processor.py:179} INFO - Processing /home/airflow/.local/lib/python3.8/site-packages/airflow/example_dags/example_sla_dag.py took 0.087 seconds
[2023-11-25T10:34:29.660+0000] {processor.py:157} INFO - Started process (PID=1232) to work on /home/airflow/.local/lib/python3.8/site-packages/airflow/example_dags/example_sla_dag.py
[2023-11-25T10:34:29.661+0000] {processor.py:829} INFO - Processing file /home/airflow/.local/lib/python3.8/site-packages/airflow/example_dags/example_sla_dag.py for tasks to queue
[2023-11-25T10:34:29.663+0000] {logging_mixin.py:154} INFO - [2023-11-25T10:34:29.663+0000] {dagbag.py:536} INFO - Filling up the DagBag from /home/airflow/.local/lib/python3.8/site-packages/airflow/example_dags/example_sla_dag.py
[2023-11-25T10:34:29.670+0000] {processor.py:839} INFO - DAG(s) dict_keys(['example_sla_dag']) retrieved from /home/airflow/.local/lib/python3.8/site-packages/airflow/example_dags/example_sla_dag.py
[2023-11-25T10:34:29.694+0000] {logging_mixin.py:154} INFO - [2023-11-25T10:34:29.694+0000] {dag.py:2941} INFO - Sync 1 DAGs
[2023-11-25T10:34:29.726+0000] {logging_mixin.py:154} INFO - [2023-11-25T10:34:29.726+0000] {dag.py:3722} INFO - Setting next_dagrun for example_sla_dag to 2023-11-25T10:32:00+00:00, run_after=2023-11-25T10:34:00+00:00
[2023-11-25T10:34:29.886+0000] {processor.py:179} INFO - Processing /home/airflow/.local/lib/python3.8/site-packages/airflow/example_dags/example_sla_dag.py took 0.229 seconds
[2023-11-25T10:35:00.425+0000] {processor.py:157} INFO - Started process (PID=1286) to work on /home/airflow/.local/lib/python3.8/site-packages/airflow/example_dags/example_sla_dag.py
[2023-11-25T10:35:00.426+0000] {processor.py:829} INFO - Processing file /home/airflow/.local/lib/python3.8/site-packages/airflow/example_dags/example_sla_dag.py for tasks to queue
[2023-11-25T10:35:00.428+0000] {logging_mixin.py:154} INFO - [2023-11-25T10:35:00.427+0000] {dagbag.py:536} INFO - Filling up the DagBag from /home/airflow/.local/lib/python3.8/site-packages/airflow/example_dags/example_sla_dag.py
[2023-11-25T10:35:00.436+0000] {processor.py:839} INFO - DAG(s) dict_keys(['example_sla_dag']) retrieved from /home/airflow/.local/lib/python3.8/site-packages/airflow/example_dags/example_sla_dag.py
[2023-11-25T10:35:00.455+0000] {logging_mixin.py:154} INFO - [2023-11-25T10:35:00.455+0000] {dag.py:2941} INFO - Sync 1 DAGs
[2023-11-25T10:35:00.493+0000] {logging_mixin.py:154} INFO - [2023-11-25T10:35:00.492+0000] {dag.py:3722} INFO - Setting next_dagrun for example_sla_dag to 2023-11-25T10:32:00+00:00, run_after=2023-11-25T10:34:00+00:00
[2023-11-25T10:35:00.516+0000] {processor.py:179} INFO - Processing /home/airflow/.local/lib/python3.8/site-packages/airflow/example_dags/example_sla_dag.py took 0.094 seconds
[2023-11-25T10:35:32.187+0000] {processor.py:157} INFO - Started process (PID=1340) to work on /home/airflow/.local/lib/python3.8/site-packages/airflow/example_dags/example_sla_dag.py
[2023-11-25T10:35:32.188+0000] {processor.py:829} INFO - Processing file /home/airflow/.local/lib/python3.8/site-packages/airflow/example_dags/example_sla_dag.py for tasks to queue
[2023-11-25T10:35:32.190+0000] {logging_mixin.py:154} INFO - [2023-11-25T10:35:32.190+0000] {dagbag.py:536} INFO - Filling up the DagBag from /home/airflow/.local/lib/python3.8/site-packages/airflow/example_dags/example_sla_dag.py
[2023-11-25T10:35:32.202+0000] {processor.py:839} INFO - DAG(s) dict_keys(['example_sla_dag']) retrieved from /home/airflow/.local/lib/python3.8/site-packages/airflow/example_dags/example_sla_dag.py
[2023-11-25T10:35:32.226+0000] {logging_mixin.py:154} INFO - [2023-11-25T10:35:32.225+0000] {dag.py:2941} INFO - Sync 1 DAGs
[2023-11-25T10:35:32.430+0000] {logging_mixin.py:154} INFO - [2023-11-25T10:35:32.429+0000] {dag.py:3722} INFO - Setting next_dagrun for example_sla_dag to 2023-11-25T10:32:00+00:00, run_after=2023-11-25T10:34:00+00:00
[2023-11-25T10:35:32.461+0000] {processor.py:179} INFO - Processing /home/airflow/.local/lib/python3.8/site-packages/airflow/example_dags/example_sla_dag.py took 0.278 seconds
[2023-11-25T10:36:03.473+0000] {processor.py:157} INFO - Started process (PID=1394) to work on /home/airflow/.local/lib/python3.8/site-packages/airflow/example_dags/example_sla_dag.py
[2023-11-25T10:36:03.476+0000] {processor.py:829} INFO - Processing file /home/airflow/.local/lib/python3.8/site-packages/airflow/example_dags/example_sla_dag.py for tasks to queue
[2023-11-25T10:36:03.479+0000] {logging_mixin.py:154} INFO - [2023-11-25T10:36:03.479+0000] {dagbag.py:536} INFO - Filling up the DagBag from /home/airflow/.local/lib/python3.8/site-packages/airflow/example_dags/example_sla_dag.py
[2023-11-25T10:36:03.490+0000] {processor.py:839} INFO - DAG(s) dict_keys(['example_sla_dag']) retrieved from /home/airflow/.local/lib/python3.8/site-packages/airflow/example_dags/example_sla_dag.py
[2023-11-25T10:36:03.540+0000] {logging_mixin.py:154} INFO - [2023-11-25T10:36:03.540+0000] {dag.py:2941} INFO - Sync 1 DAGs
[2023-11-25T10:36:03.576+0000] {logging_mixin.py:154} INFO - [2023-11-25T10:36:03.576+0000] {dag.py:3722} INFO - Setting next_dagrun for example_sla_dag to 2023-11-25T10:34:00+00:00, run_after=2023-11-25T10:36:00+00:00
[2023-11-25T10:36:03.605+0000] {processor.py:179} INFO - Processing /home/airflow/.local/lib/python3.8/site-packages/airflow/example_dags/example_sla_dag.py took 0.136 seconds
[2023-11-25T10:36:33.853+0000] {processor.py:157} INFO - Started process (PID=1448) to work on /home/airflow/.local/lib/python3.8/site-packages/airflow/example_dags/example_sla_dag.py
[2023-11-25T10:36:33.854+0000] {processor.py:829} INFO - Processing file /home/airflow/.local/lib/python3.8/site-packages/airflow/example_dags/example_sla_dag.py for tasks to queue
[2023-11-25T10:36:33.858+0000] {logging_mixin.py:154} INFO - [2023-11-25T10:36:33.858+0000] {dagbag.py:536} INFO - Filling up the DagBag from /home/airflow/.local/lib/python3.8/site-packages/airflow/example_dags/example_sla_dag.py
[2023-11-25T10:36:33.869+0000] {processor.py:839} INFO - DAG(s) dict_keys(['example_sla_dag']) retrieved from /home/airflow/.local/lib/python3.8/site-packages/airflow/example_dags/example_sla_dag.py
[2023-11-25T10:36:33.888+0000] {logging_mixin.py:154} INFO - [2023-11-25T10:36:33.888+0000] {dag.py:2941} INFO - Sync 1 DAGs
[2023-11-25T10:36:33.914+0000] {logging_mixin.py:154} INFO - [2023-11-25T10:36:33.914+0000] {dag.py:3722} INFO - Setting next_dagrun for example_sla_dag to 2023-11-25T10:34:00+00:00, run_after=2023-11-25T10:36:00+00:00
[2023-11-25T10:36:33.946+0000] {processor.py:179} INFO - Processing /home/airflow/.local/lib/python3.8/site-packages/airflow/example_dags/example_sla_dag.py took 0.102 seconds
[2023-11-25T10:37:04.329+0000] {processor.py:157} INFO - Started process (PID=1501) to work on /home/airflow/.local/lib/python3.8/site-packages/airflow/example_dags/example_sla_dag.py
[2023-11-25T10:37:04.330+0000] {processor.py:829} INFO - Processing file /home/airflow/.local/lib/python3.8/site-packages/airflow/example_dags/example_sla_dag.py for tasks to queue
[2023-11-25T10:37:04.332+0000] {logging_mixin.py:154} INFO - [2023-11-25T10:37:04.332+0000] {dagbag.py:536} INFO - Filling up the DagBag from /home/airflow/.local/lib/python3.8/site-packages/airflow/example_dags/example_sla_dag.py
[2023-11-25T10:37:04.340+0000] {processor.py:839} INFO - DAG(s) dict_keys(['example_sla_dag']) retrieved from /home/airflow/.local/lib/python3.8/site-packages/airflow/example_dags/example_sla_dag.py
[2023-11-25T10:37:04.366+0000] {logging_mixin.py:154} INFO - [2023-11-25T10:37:04.366+0000] {dag.py:2941} INFO - Sync 1 DAGs
[2023-11-25T10:37:04.624+0000] {logging_mixin.py:154} INFO - [2023-11-25T10:37:04.624+0000] {dag.py:3722} INFO - Setting next_dagrun for example_sla_dag to 2023-11-25T10:34:00+00:00, run_after=2023-11-25T10:36:00+00:00
[2023-11-25T10:37:04.651+0000] {processor.py:179} INFO - Processing /home/airflow/.local/lib/python3.8/site-packages/airflow/example_dags/example_sla_dag.py took 0.327 seconds
[2023-11-25T10:37:34.777+0000] {processor.py:157} INFO - Started process (PID=1555) to work on /home/airflow/.local/lib/python3.8/site-packages/airflow/example_dags/example_sla_dag.py
[2023-11-25T10:37:34.778+0000] {processor.py:829} INFO - Processing file /home/airflow/.local/lib/python3.8/site-packages/airflow/example_dags/example_sla_dag.py for tasks to queue
[2023-11-25T10:37:34.780+0000] {logging_mixin.py:154} INFO - [2023-11-25T10:37:34.780+0000] {dagbag.py:536} INFO - Filling up the DagBag from /home/airflow/.local/lib/python3.8/site-packages/airflow/example_dags/example_sla_dag.py
[2023-11-25T10:37:34.790+0000] {processor.py:839} INFO - DAG(s) dict_keys(['example_sla_dag']) retrieved from /home/airflow/.local/lib/python3.8/site-packages/airflow/example_dags/example_sla_dag.py
[2023-11-25T10:37:34.810+0000] {logging_mixin.py:154} INFO - [2023-11-25T10:37:34.809+0000] {dag.py:2941} INFO - Sync 1 DAGs
[2023-11-25T10:37:34.836+0000] {logging_mixin.py:154} INFO - [2023-11-25T10:37:34.836+0000] {dag.py:3722} INFO - Setting next_dagrun for example_sla_dag to 2023-11-25T10:34:00+00:00, run_after=2023-11-25T10:36:00+00:00
[2023-11-25T10:37:34.855+0000] {processor.py:179} INFO - Processing /home/airflow/.local/lib/python3.8/site-packages/airflow/example_dags/example_sla_dag.py took 0.081 seconds
[2023-11-25T10:38:05.327+0000] {processor.py:157} INFO - Started process (PID=1609) to work on /home/airflow/.local/lib/python3.8/site-packages/airflow/example_dags/example_sla_dag.py
[2023-11-25T10:38:05.328+0000] {processor.py:829} INFO - Processing file /home/airflow/.local/lib/python3.8/site-packages/airflow/example_dags/example_sla_dag.py for tasks to queue
[2023-11-25T10:38:05.330+0000] {logging_mixin.py:154} INFO - [2023-11-25T10:38:05.330+0000] {dagbag.py:536} INFO - Filling up the DagBag from /home/airflow/.local/lib/python3.8/site-packages/airflow/example_dags/example_sla_dag.py
[2023-11-25T10:38:05.337+0000] {processor.py:839} INFO - DAG(s) dict_keys(['example_sla_dag']) retrieved from /home/airflow/.local/lib/python3.8/site-packages/airflow/example_dags/example_sla_dag.py
[2023-11-25T10:38:05.355+0000] {logging_mixin.py:154} INFO - [2023-11-25T10:38:05.355+0000] {dag.py:2941} INFO - Sync 1 DAGs
[2023-11-25T10:38:05.378+0000] {logging_mixin.py:154} INFO - [2023-11-25T10:38:05.378+0000] {dag.py:3722} INFO - Setting next_dagrun for example_sla_dag to 2023-11-25T10:36:00+00:00, run_after=2023-11-25T10:38:00+00:00
[2023-11-25T10:38:05.392+0000] {processor.py:179} INFO - Processing /home/airflow/.local/lib/python3.8/site-packages/airflow/example_dags/example_sla_dag.py took 0.069 seconds
[2023-11-25T10:38:35.487+0000] {processor.py:157} INFO - Started process (PID=1663) to work on /home/airflow/.local/lib/python3.8/site-packages/airflow/example_dags/example_sla_dag.py
[2023-11-25T10:38:35.488+0000] {processor.py:829} INFO - Processing file /home/airflow/.local/lib/python3.8/site-packages/airflow/example_dags/example_sla_dag.py for tasks to queue
[2023-11-25T10:38:35.490+0000] {logging_mixin.py:154} INFO - [2023-11-25T10:38:35.490+0000] {dagbag.py:536} INFO - Filling up the DagBag from /home/airflow/.local/lib/python3.8/site-packages/airflow/example_dags/example_sla_dag.py
[2023-11-25T10:38:35.502+0000] {processor.py:839} INFO - DAG(s) dict_keys(['example_sla_dag']) retrieved from /home/airflow/.local/lib/python3.8/site-packages/airflow/example_dags/example_sla_dag.py
[2023-11-25T10:38:35.524+0000] {logging_mixin.py:154} INFO - [2023-11-25T10:38:35.523+0000] {dag.py:2941} INFO - Sync 1 DAGs
[2023-11-25T10:38:35.555+0000] {logging_mixin.py:154} INFO - [2023-11-25T10:38:35.555+0000] {dag.py:3722} INFO - Setting next_dagrun for example_sla_dag to 2023-11-25T10:36:00+00:00, run_after=2023-11-25T10:38:00+00:00
[2023-11-25T10:38:35.580+0000] {processor.py:179} INFO - Processing /home/airflow/.local/lib/python3.8/site-packages/airflow/example_dags/example_sla_dag.py took 0.097 seconds
[2023-11-25T10:39:05.871+0000] {processor.py:157} INFO - Started process (PID=1717) to work on /home/airflow/.local/lib/python3.8/site-packages/airflow/example_dags/example_sla_dag.py
[2023-11-25T10:39:05.872+0000] {processor.py:829} INFO - Processing file /home/airflow/.local/lib/python3.8/site-packages/airflow/example_dags/example_sla_dag.py for tasks to queue
[2023-11-25T10:39:05.875+0000] {logging_mixin.py:154} INFO - [2023-11-25T10:39:05.874+0000] {dagbag.py:536} INFO - Filling up the DagBag from /home/airflow/.local/lib/python3.8/site-packages/airflow/example_dags/example_sla_dag.py
[2023-11-25T10:39:05.886+0000] {processor.py:839} INFO - DAG(s) dict_keys(['example_sla_dag']) retrieved from /home/airflow/.local/lib/python3.8/site-packages/airflow/example_dags/example_sla_dag.py
[2023-11-25T10:39:05.915+0000] {logging_mixin.py:154} INFO - [2023-11-25T10:39:05.915+0000] {dag.py:2941} INFO - Sync 1 DAGs
[2023-11-25T10:39:05.944+0000] {logging_mixin.py:154} INFO - [2023-11-25T10:39:05.944+0000] {dag.py:3722} INFO - Setting next_dagrun for example_sla_dag to 2023-11-25T10:36:00+00:00, run_after=2023-11-25T10:38:00+00:00
[2023-11-25T10:39:05.970+0000] {processor.py:179} INFO - Processing /home/airflow/.local/lib/python3.8/site-packages/airflow/example_dags/example_sla_dag.py took 0.103 seconds
[2023-11-25T10:39:36.108+0000] {processor.py:157} INFO - Started process (PID=1771) to work on /home/airflow/.local/lib/python3.8/site-packages/airflow/example_dags/example_sla_dag.py
[2023-11-25T10:39:36.109+0000] {processor.py:829} INFO - Processing file /home/airflow/.local/lib/python3.8/site-packages/airflow/example_dags/example_sla_dag.py for tasks to queue
[2023-11-25T10:39:36.111+0000] {logging_mixin.py:154} INFO - [2023-11-25T10:39:36.111+0000] {dagbag.py:536} INFO - Filling up the DagBag from /home/airflow/.local/lib/python3.8/site-packages/airflow/example_dags/example_sla_dag.py
[2023-11-25T10:39:36.118+0000] {processor.py:839} INFO - DAG(s) dict_keys(['example_sla_dag']) retrieved from /home/airflow/.local/lib/python3.8/site-packages/airflow/example_dags/example_sla_dag.py
[2023-11-25T10:39:36.138+0000] {logging_mixin.py:154} INFO - [2023-11-25T10:39:36.138+0000] {dag.py:2941} INFO - Sync 1 DAGs
[2023-11-25T10:39:36.165+0000] {logging_mixin.py:154} INFO - [2023-11-25T10:39:36.165+0000] {dag.py:3722} INFO - Setting next_dagrun for example_sla_dag to 2023-11-25T10:36:00+00:00, run_after=2023-11-25T10:38:00+00:00
[2023-11-25T10:39:36.190+0000] {processor.py:179} INFO - Processing /home/airflow/.local/lib/python3.8/site-packages/airflow/example_dags/example_sla_dag.py took 0.085 seconds
[2023-11-25T10:40:06.604+0000] {processor.py:157} INFO - Started process (PID=1825) to work on /home/airflow/.local/lib/python3.8/site-packages/airflow/example_dags/example_sla_dag.py
[2023-11-25T10:40:06.605+0000] {processor.py:829} INFO - Processing file /home/airflow/.local/lib/python3.8/site-packages/airflow/example_dags/example_sla_dag.py for tasks to queue
[2023-11-25T10:40:06.608+0000] {logging_mixin.py:154} INFO - [2023-11-25T10:40:06.608+0000] {dagbag.py:536} INFO - Filling up the DagBag from /home/airflow/.local/lib/python3.8/site-packages/airflow/example_dags/example_sla_dag.py
[2023-11-25T10:40:06.619+0000] {processor.py:839} INFO - DAG(s) dict_keys(['example_sla_dag']) retrieved from /home/airflow/.local/lib/python3.8/site-packages/airflow/example_dags/example_sla_dag.py
[2023-11-25T10:40:06.642+0000] {logging_mixin.py:154} INFO - [2023-11-25T10:40:06.642+0000] {dag.py:2941} INFO - Sync 1 DAGs
[2023-11-25T10:40:06.676+0000] {logging_mixin.py:154} INFO - [2023-11-25T10:40:06.675+0000] {dag.py:3722} INFO - Setting next_dagrun for example_sla_dag to 2023-11-25T10:38:00+00:00, run_after=2023-11-25T10:40:00+00:00
[2023-11-25T10:40:06.694+0000] {processor.py:179} INFO - Processing /home/airflow/.local/lib/python3.8/site-packages/airflow/example_dags/example_sla_dag.py took 0.094 seconds
[2023-11-25T11:05:05.041+0000] {processor.py:157} INFO - Started process (PID=40) to work on /home/airflow/.local/lib/python3.8/site-packages/airflow/example_dags/example_sla_dag.py
[2023-11-25T11:05:05.049+0000] {processor.py:829} INFO - Processing file /home/airflow/.local/lib/python3.8/site-packages/airflow/example_dags/example_sla_dag.py for tasks to queue
[2023-11-25T11:05:05.057+0000] {logging_mixin.py:154} INFO - [2023-11-25T11:05:05.057+0000] {dagbag.py:536} INFO - Filling up the DagBag from /home/airflow/.local/lib/python3.8/site-packages/airflow/example_dags/example_sla_dag.py
[2023-11-25T11:05:05.088+0000] {processor.py:839} INFO - DAG(s) dict_keys(['example_sla_dag']) retrieved from /home/airflow/.local/lib/python3.8/site-packages/airflow/example_dags/example_sla_dag.py
[2023-11-25T11:05:05.115+0000] {logging_mixin.py:154} INFO - [2023-11-25T11:05:05.114+0000] {dag.py:2941} INFO - Sync 1 DAGs
[2023-11-25T11:05:05.175+0000] {logging_mixin.py:154} INFO - [2023-11-25T11:05:05.175+0000] {dag.py:3722} INFO - Setting next_dagrun for example_sla_dag to 2023-11-25T11:02:00+00:00, run_after=2023-11-25T11:04:00+00:00
[2023-11-25T11:05:05.256+0000] {processor.py:179} INFO - Processing /home/airflow/.local/lib/python3.8/site-packages/airflow/example_dags/example_sla_dag.py took 0.219 seconds
[2023-11-25T11:05:35.868+0000] {processor.py:157} INFO - Started process (PID=94) to work on /home/airflow/.local/lib/python3.8/site-packages/airflow/example_dags/example_sla_dag.py
[2023-11-25T11:05:35.869+0000] {processor.py:829} INFO - Processing file /home/airflow/.local/lib/python3.8/site-packages/airflow/example_dags/example_sla_dag.py for tasks to queue
[2023-11-25T11:05:35.871+0000] {logging_mixin.py:154} INFO - [2023-11-25T11:05:35.871+0000] {dagbag.py:536} INFO - Filling up the DagBag from /home/airflow/.local/lib/python3.8/site-packages/airflow/example_dags/example_sla_dag.py
[2023-11-25T11:05:35.879+0000] {processor.py:839} INFO - DAG(s) dict_keys(['example_sla_dag']) retrieved from /home/airflow/.local/lib/python3.8/site-packages/airflow/example_dags/example_sla_dag.py
[2023-11-25T11:05:35.897+0000] {logging_mixin.py:154} INFO - [2023-11-25T11:05:35.897+0000] {dag.py:2941} INFO - Sync 1 DAGs
[2023-11-25T11:05:35.930+0000] {logging_mixin.py:154} INFO - [2023-11-25T11:05:35.930+0000] {dag.py:3722} INFO - Setting next_dagrun for example_sla_dag to 2023-11-25T11:02:00+00:00, run_after=2023-11-25T11:04:00+00:00
[2023-11-25T11:05:35.947+0000] {processor.py:179} INFO - Processing /home/airflow/.local/lib/python3.8/site-packages/airflow/example_dags/example_sla_dag.py took 0.083 seconds
[2023-11-25T11:06:05.970+0000] {processor.py:157} INFO - Started process (PID=148) to work on /home/airflow/.local/lib/python3.8/site-packages/airflow/example_dags/example_sla_dag.py
[2023-11-25T11:06:05.976+0000] {processor.py:829} INFO - Processing file /home/airflow/.local/lib/python3.8/site-packages/airflow/example_dags/example_sla_dag.py for tasks to queue
[2023-11-25T11:06:05.979+0000] {logging_mixin.py:154} INFO - [2023-11-25T11:06:05.978+0000] {dagbag.py:536} INFO - Filling up the DagBag from /home/airflow/.local/lib/python3.8/site-packages/airflow/example_dags/example_sla_dag.py
[2023-11-25T11:06:05.987+0000] {processor.py:839} INFO - DAG(s) dict_keys(['example_sla_dag']) retrieved from /home/airflow/.local/lib/python3.8/site-packages/airflow/example_dags/example_sla_dag.py
[2023-11-25T11:06:06.008+0000] {logging_mixin.py:154} INFO - [2023-11-25T11:06:06.008+0000] {dag.py:2941} INFO - Sync 1 DAGs
[2023-11-25T11:06:06.040+0000] {logging_mixin.py:154} INFO - [2023-11-25T11:06:06.040+0000] {dag.py:3722} INFO - Setting next_dagrun for example_sla_dag to 2023-11-25T11:04:00+00:00, run_after=2023-11-25T11:06:00+00:00
[2023-11-25T11:06:06.066+0000] {processor.py:179} INFO - Processing /home/airflow/.local/lib/python3.8/site-packages/airflow/example_dags/example_sla_dag.py took 0.100 seconds
[2023-11-25T11:07:40.774+0000] {processor.py:157} INFO - Started process (PID=40) to work on /home/airflow/.local/lib/python3.8/site-packages/airflow/example_dags/example_sla_dag.py
[2023-11-25T11:07:40.776+0000] {processor.py:829} INFO - Processing file /home/airflow/.local/lib/python3.8/site-packages/airflow/example_dags/example_sla_dag.py for tasks to queue
[2023-11-25T11:07:40.784+0000] {logging_mixin.py:154} INFO - [2023-11-25T11:07:40.783+0000] {dagbag.py:536} INFO - Filling up the DagBag from /home/airflow/.local/lib/python3.8/site-packages/airflow/example_dags/example_sla_dag.py
[2023-11-25T11:07:40.800+0000] {processor.py:839} INFO - DAG(s) dict_keys(['example_sla_dag']) retrieved from /home/airflow/.local/lib/python3.8/site-packages/airflow/example_dags/example_sla_dag.py
[2023-11-25T11:07:40.874+0000] {logging_mixin.py:154} INFO - [2023-11-25T11:07:40.874+0000] {dag.py:2941} INFO - Sync 1 DAGs
[2023-11-25T11:07:40.920+0000] {logging_mixin.py:154} INFO - [2023-11-25T11:07:40.920+0000] {dag.py:3722} INFO - Setting next_dagrun for example_sla_dag to 2023-11-25T11:04:00+00:00, run_after=2023-11-25T11:06:00+00:00
[2023-11-25T11:07:40.962+0000] {processor.py:179} INFO - Processing /home/airflow/.local/lib/python3.8/site-packages/airflow/example_dags/example_sla_dag.py took 0.193 seconds
[2023-11-25T11:08:11.423+0000] {processor.py:157} INFO - Started process (PID=94) to work on /home/airflow/.local/lib/python3.8/site-packages/airflow/example_dags/example_sla_dag.py
[2023-11-25T11:08:11.425+0000] {processor.py:829} INFO - Processing file /home/airflow/.local/lib/python3.8/site-packages/airflow/example_dags/example_sla_dag.py for tasks to queue
[2023-11-25T11:08:11.427+0000] {logging_mixin.py:154} INFO - [2023-11-25T11:08:11.427+0000] {dagbag.py:536} INFO - Filling up the DagBag from /home/airflow/.local/lib/python3.8/site-packages/airflow/example_dags/example_sla_dag.py
[2023-11-25T11:08:11.437+0000] {processor.py:839} INFO - DAG(s) dict_keys(['example_sla_dag']) retrieved from /home/airflow/.local/lib/python3.8/site-packages/airflow/example_dags/example_sla_dag.py
[2023-11-25T11:08:11.458+0000] {logging_mixin.py:154} INFO - [2023-11-25T11:08:11.457+0000] {dag.py:2941} INFO - Sync 1 DAGs
[2023-11-25T11:08:11.493+0000] {logging_mixin.py:154} INFO - [2023-11-25T11:08:11.493+0000] {dag.py:3722} INFO - Setting next_dagrun for example_sla_dag to 2023-11-25T11:06:00+00:00, run_after=2023-11-25T11:08:00+00:00
[2023-11-25T11:08:11.520+0000] {processor.py:179} INFO - Processing /home/airflow/.local/lib/python3.8/site-packages/airflow/example_dags/example_sla_dag.py took 0.100 seconds
[2023-11-25T11:08:42.015+0000] {processor.py:157} INFO - Started process (PID=148) to work on /home/airflow/.local/lib/python3.8/site-packages/airflow/example_dags/example_sla_dag.py
[2023-11-25T11:08:42.017+0000] {processor.py:829} INFO - Processing file /home/airflow/.local/lib/python3.8/site-packages/airflow/example_dags/example_sla_dag.py for tasks to queue
[2023-11-25T11:08:42.021+0000] {logging_mixin.py:154} INFO - [2023-11-25T11:08:42.020+0000] {dagbag.py:536} INFO - Filling up the DagBag from /home/airflow/.local/lib/python3.8/site-packages/airflow/example_dags/example_sla_dag.py
[2023-11-25T11:08:42.032+0000] {processor.py:839} INFO - DAG(s) dict_keys(['example_sla_dag']) retrieved from /home/airflow/.local/lib/python3.8/site-packages/airflow/example_dags/example_sla_dag.py
[2023-11-25T11:08:42.062+0000] {logging_mixin.py:154} INFO - [2023-11-25T11:08:42.062+0000] {dag.py:2941} INFO - Sync 1 DAGs
[2023-11-25T11:08:42.095+0000] {logging_mixin.py:154} INFO - [2023-11-25T11:08:42.095+0000] {dag.py:3722} INFO - Setting next_dagrun for example_sla_dag to 2023-11-25T11:06:00+00:00, run_after=2023-11-25T11:08:00+00:00
[2023-11-25T11:08:42.116+0000] {processor.py:179} INFO - Processing /home/airflow/.local/lib/python3.8/site-packages/airflow/example_dags/example_sla_dag.py took 0.104 seconds
[2023-11-25T11:09:12.995+0000] {processor.py:157} INFO - Started process (PID=201) to work on /home/airflow/.local/lib/python3.8/site-packages/airflow/example_dags/example_sla_dag.py
[2023-11-25T11:09:12.996+0000] {processor.py:829} INFO - Processing file /home/airflow/.local/lib/python3.8/site-packages/airflow/example_dags/example_sla_dag.py for tasks to queue
[2023-11-25T11:09:12.999+0000] {logging_mixin.py:154} INFO - [2023-11-25T11:09:12.999+0000] {dagbag.py:536} INFO - Filling up the DagBag from /home/airflow/.local/lib/python3.8/site-packages/airflow/example_dags/example_sla_dag.py
[2023-11-25T11:09:13.012+0000] {processor.py:839} INFO - DAG(s) dict_keys(['example_sla_dag']) retrieved from /home/airflow/.local/lib/python3.8/site-packages/airflow/example_dags/example_sla_dag.py
[2023-11-25T11:09:13.036+0000] {logging_mixin.py:154} INFO - [2023-11-25T11:09:13.036+0000] {dag.py:2941} INFO - Sync 1 DAGs
[2023-11-25T11:09:13.066+0000] {logging_mixin.py:154} INFO - [2023-11-25T11:09:13.065+0000] {dag.py:3722} INFO - Setting next_dagrun for example_sla_dag to 2023-11-25T11:06:00+00:00, run_after=2023-11-25T11:08:00+00:00
[2023-11-25T11:09:13.094+0000] {processor.py:179} INFO - Processing /home/airflow/.local/lib/python3.8/site-packages/airflow/example_dags/example_sla_dag.py took 0.104 seconds
[2023-11-25T11:09:43.478+0000] {processor.py:157} INFO - Started process (PID=255) to work on /home/airflow/.local/lib/python3.8/site-packages/airflow/example_dags/example_sla_dag.py
[2023-11-25T11:09:43.481+0000] {processor.py:829} INFO - Processing file /home/airflow/.local/lib/python3.8/site-packages/airflow/example_dags/example_sla_dag.py for tasks to queue
[2023-11-25T11:09:43.484+0000] {logging_mixin.py:154} INFO - [2023-11-25T11:09:43.483+0000] {dagbag.py:536} INFO - Filling up the DagBag from /home/airflow/.local/lib/python3.8/site-packages/airflow/example_dags/example_sla_dag.py
[2023-11-25T11:09:43.490+0000] {processor.py:839} INFO - DAG(s) dict_keys(['example_sla_dag']) retrieved from /home/airflow/.local/lib/python3.8/site-packages/airflow/example_dags/example_sla_dag.py
[2023-11-25T11:09:43.511+0000] {logging_mixin.py:154} INFO - [2023-11-25T11:09:43.511+0000] {dag.py:2941} INFO - Sync 1 DAGs
[2023-11-25T11:09:43.539+0000] {logging_mixin.py:154} INFO - [2023-11-25T11:09:43.539+0000] {dag.py:3722} INFO - Setting next_dagrun for example_sla_dag to 2023-11-25T11:06:00+00:00, run_after=2023-11-25T11:08:00+00:00
[2023-11-25T11:09:43.563+0000] {processor.py:179} INFO - Processing /home/airflow/.local/lib/python3.8/site-packages/airflow/example_dags/example_sla_dag.py took 0.089 seconds
[2023-11-25T11:10:13.808+0000] {processor.py:157} INFO - Started process (PID=309) to work on /home/airflow/.local/lib/python3.8/site-packages/airflow/example_dags/example_sla_dag.py
[2023-11-25T11:10:13.809+0000] {processor.py:829} INFO - Processing file /home/airflow/.local/lib/python3.8/site-packages/airflow/example_dags/example_sla_dag.py for tasks to queue
[2023-11-25T11:10:13.811+0000] {logging_mixin.py:154} INFO - [2023-11-25T11:10:13.810+0000] {dagbag.py:536} INFO - Filling up the DagBag from /home/airflow/.local/lib/python3.8/site-packages/airflow/example_dags/example_sla_dag.py
[2023-11-25T11:10:13.818+0000] {processor.py:839} INFO - DAG(s) dict_keys(['example_sla_dag']) retrieved from /home/airflow/.local/lib/python3.8/site-packages/airflow/example_dags/example_sla_dag.py
[2023-11-25T11:10:13.838+0000] {logging_mixin.py:154} INFO - [2023-11-25T11:10:13.838+0000] {dag.py:2941} INFO - Sync 1 DAGs
[2023-11-25T11:10:13.867+0000] {logging_mixin.py:154} INFO - [2023-11-25T11:10:13.867+0000] {dag.py:3722} INFO - Setting next_dagrun for example_sla_dag to 2023-11-25T11:08:00+00:00, run_after=2023-11-25T11:10:00+00:00
[2023-11-25T11:10:13.889+0000] {processor.py:179} INFO - Processing /home/airflow/.local/lib/python3.8/site-packages/airflow/example_dags/example_sla_dag.py took 0.085 seconds
[2023-11-25T11:10:44.203+0000] {processor.py:157} INFO - Started process (PID=364) to work on /home/airflow/.local/lib/python3.8/site-packages/airflow/example_dags/example_sla_dag.py
[2023-11-25T11:10:44.204+0000] {processor.py:829} INFO - Processing file /home/airflow/.local/lib/python3.8/site-packages/airflow/example_dags/example_sla_dag.py for tasks to queue
[2023-11-25T11:10:44.207+0000] {logging_mixin.py:154} INFO - [2023-11-25T11:10:44.206+0000] {dagbag.py:536} INFO - Filling up the DagBag from /home/airflow/.local/lib/python3.8/site-packages/airflow/example_dags/example_sla_dag.py
[2023-11-25T11:10:44.216+0000] {processor.py:839} INFO - DAG(s) dict_keys(['example_sla_dag']) retrieved from /home/airflow/.local/lib/python3.8/site-packages/airflow/example_dags/example_sla_dag.py
[2023-11-25T11:10:44.238+0000] {logging_mixin.py:154} INFO - [2023-11-25T11:10:44.238+0000] {dag.py:2941} INFO - Sync 1 DAGs
[2023-11-25T11:10:44.262+0000] {logging_mixin.py:154} INFO - [2023-11-25T11:10:44.262+0000] {dag.py:3722} INFO - Setting next_dagrun for example_sla_dag to 2023-11-25T11:08:00+00:00, run_after=2023-11-25T11:10:00+00:00
[2023-11-25T11:10:44.283+0000] {processor.py:179} INFO - Processing /home/airflow/.local/lib/python3.8/site-packages/airflow/example_dags/example_sla_dag.py took 0.083 seconds
[2023-11-25T11:11:15.292+0000] {processor.py:157} INFO - Started process (PID=418) to work on /home/airflow/.local/lib/python3.8/site-packages/airflow/example_dags/example_sla_dag.py
[2023-11-25T11:11:15.293+0000] {processor.py:829} INFO - Processing file /home/airflow/.local/lib/python3.8/site-packages/airflow/example_dags/example_sla_dag.py for tasks to queue
[2023-11-25T11:11:15.295+0000] {logging_mixin.py:154} INFO - [2023-11-25T11:11:15.295+0000] {dagbag.py:536} INFO - Filling up the DagBag from /home/airflow/.local/lib/python3.8/site-packages/airflow/example_dags/example_sla_dag.py
[2023-11-25T11:11:15.302+0000] {processor.py:839} INFO - DAG(s) dict_keys(['example_sla_dag']) retrieved from /home/airflow/.local/lib/python3.8/site-packages/airflow/example_dags/example_sla_dag.py
[2023-11-25T11:11:15.320+0000] {logging_mixin.py:154} INFO - [2023-11-25T11:11:15.320+0000] {dag.py:2941} INFO - Sync 1 DAGs
[2023-11-25T11:11:15.345+0000] {logging_mixin.py:154} INFO - [2023-11-25T11:11:15.345+0000] {dag.py:3722} INFO - Setting next_dagrun for example_sla_dag to 2023-11-25T11:08:00+00:00, run_after=2023-11-25T11:10:00+00:00
[2023-11-25T11:11:15.372+0000] {processor.py:179} INFO - Processing /home/airflow/.local/lib/python3.8/site-packages/airflow/example_dags/example_sla_dag.py took 0.082 seconds
[2023-11-25T11:11:45.516+0000] {processor.py:157} INFO - Started process (PID=472) to work on /home/airflow/.local/lib/python3.8/site-packages/airflow/example_dags/example_sla_dag.py
[2023-11-25T11:11:45.516+0000] {processor.py:829} INFO - Processing file /home/airflow/.local/lib/python3.8/site-packages/airflow/example_dags/example_sla_dag.py for tasks to queue
[2023-11-25T11:11:45.519+0000] {logging_mixin.py:154} INFO - [2023-11-25T11:11:45.519+0000] {dagbag.py:536} INFO - Filling up the DagBag from /home/airflow/.local/lib/python3.8/site-packages/airflow/example_dags/example_sla_dag.py
[2023-11-25T11:11:45.529+0000] {processor.py:839} INFO - DAG(s) dict_keys(['example_sla_dag']) retrieved from /home/airflow/.local/lib/python3.8/site-packages/airflow/example_dags/example_sla_dag.py
[2023-11-25T11:11:45.551+0000] {logging_mixin.py:154} INFO - [2023-11-25T11:11:45.551+0000] {dag.py:2941} INFO - Sync 1 DAGs
[2023-11-25T11:11:45.587+0000] {logging_mixin.py:154} INFO - [2023-11-25T11:11:45.587+0000] {dag.py:3722} INFO - Setting next_dagrun for example_sla_dag to 2023-11-25T11:08:00+00:00, run_after=2023-11-25T11:10:00+00:00
[2023-11-25T11:11:45.609+0000] {processor.py:179} INFO - Processing /home/airflow/.local/lib/python3.8/site-packages/airflow/example_dags/example_sla_dag.py took 0.097 seconds
[2023-11-25T11:12:16.316+0000] {processor.py:157} INFO - Started process (PID=527) to work on /home/airflow/.local/lib/python3.8/site-packages/airflow/example_dags/example_sla_dag.py
[2023-11-25T11:12:16.317+0000] {processor.py:829} INFO - Processing file /home/airflow/.local/lib/python3.8/site-packages/airflow/example_dags/example_sla_dag.py for tasks to queue
[2023-11-25T11:12:16.320+0000] {logging_mixin.py:154} INFO - [2023-11-25T11:12:16.319+0000] {dagbag.py:536} INFO - Filling up the DagBag from /home/airflow/.local/lib/python3.8/site-packages/airflow/example_dags/example_sla_dag.py
[2023-11-25T11:12:16.331+0000] {processor.py:839} INFO - DAG(s) dict_keys(['example_sla_dag']) retrieved from /home/airflow/.local/lib/python3.8/site-packages/airflow/example_dags/example_sla_dag.py
[2023-11-25T11:12:16.357+0000] {logging_mixin.py:154} INFO - [2023-11-25T11:12:16.357+0000] {dag.py:2941} INFO - Sync 1 DAGs
[2023-11-25T11:12:16.411+0000] {logging_mixin.py:154} INFO - [2023-11-25T11:12:16.411+0000] {dag.py:3722} INFO - Setting next_dagrun for example_sla_dag to 2023-11-25T11:10:00+00:00, run_after=2023-11-25T11:12:00+00:00
[2023-11-25T11:12:16.489+0000] {processor.py:179} INFO - Processing /home/airflow/.local/lib/python3.8/site-packages/airflow/example_dags/example_sla_dag.py took 0.177 seconds
[2023-11-25T11:12:47.053+0000] {processor.py:157} INFO - Started process (PID=580) to work on /home/airflow/.local/lib/python3.8/site-packages/airflow/example_dags/example_sla_dag.py
[2023-11-25T11:12:47.054+0000] {processor.py:829} INFO - Processing file /home/airflow/.local/lib/python3.8/site-packages/airflow/example_dags/example_sla_dag.py for tasks to queue
[2023-11-25T11:12:47.056+0000] {logging_mixin.py:154} INFO - [2023-11-25T11:12:47.056+0000] {dagbag.py:536} INFO - Filling up the DagBag from /home/airflow/.local/lib/python3.8/site-packages/airflow/example_dags/example_sla_dag.py
[2023-11-25T11:12:47.062+0000] {processor.py:839} INFO - DAG(s) dict_keys(['example_sla_dag']) retrieved from /home/airflow/.local/lib/python3.8/site-packages/airflow/example_dags/example_sla_dag.py
[2023-11-25T11:12:47.083+0000] {logging_mixin.py:154} INFO - [2023-11-25T11:12:47.083+0000] {dag.py:2941} INFO - Sync 1 DAGs
[2023-11-25T11:12:47.118+0000] {logging_mixin.py:154} INFO - [2023-11-25T11:12:47.117+0000] {dag.py:3722} INFO - Setting next_dagrun for example_sla_dag to 2023-11-25T11:10:00+00:00, run_after=2023-11-25T11:12:00+00:00
[2023-11-25T11:12:47.151+0000] {processor.py:179} INFO - Processing /home/airflow/.local/lib/python3.8/site-packages/airflow/example_dags/example_sla_dag.py took 0.101 seconds
[2023-11-25T11:13:17.226+0000] {processor.py:157} INFO - Started process (PID=634) to work on /home/airflow/.local/lib/python3.8/site-packages/airflow/example_dags/example_sla_dag.py
[2023-11-25T11:13:17.227+0000] {processor.py:829} INFO - Processing file /home/airflow/.local/lib/python3.8/site-packages/airflow/example_dags/example_sla_dag.py for tasks to queue
[2023-11-25T11:13:17.229+0000] {logging_mixin.py:154} INFO - [2023-11-25T11:13:17.229+0000] {dagbag.py:536} INFO - Filling up the DagBag from /home/airflow/.local/lib/python3.8/site-packages/airflow/example_dags/example_sla_dag.py
[2023-11-25T11:13:17.236+0000] {processor.py:839} INFO - DAG(s) dict_keys(['example_sla_dag']) retrieved from /home/airflow/.local/lib/python3.8/site-packages/airflow/example_dags/example_sla_dag.py
[2023-11-25T11:13:17.255+0000] {logging_mixin.py:154} INFO - [2023-11-25T11:13:17.254+0000] {dag.py:2941} INFO - Sync 1 DAGs
[2023-11-25T11:13:17.281+0000] {logging_mixin.py:154} INFO - [2023-11-25T11:13:17.281+0000] {dag.py:3722} INFO - Setting next_dagrun for example_sla_dag to 2023-11-25T11:10:00+00:00, run_after=2023-11-25T11:12:00+00:00
[2023-11-25T11:13:17.310+0000] {processor.py:179} INFO - Processing /home/airflow/.local/lib/python3.8/site-packages/airflow/example_dags/example_sla_dag.py took 0.088 seconds
[2023-11-25T11:13:47.706+0000] {processor.py:157} INFO - Started process (PID=689) to work on /home/airflow/.local/lib/python3.8/site-packages/airflow/example_dags/example_sla_dag.py
[2023-11-25T11:13:47.707+0000] {processor.py:829} INFO - Processing file /home/airflow/.local/lib/python3.8/site-packages/airflow/example_dags/example_sla_dag.py for tasks to queue
[2023-11-25T11:13:47.711+0000] {logging_mixin.py:154} INFO - [2023-11-25T11:13:47.710+0000] {dagbag.py:536} INFO - Filling up the DagBag from /home/airflow/.local/lib/python3.8/site-packages/airflow/example_dags/example_sla_dag.py
[2023-11-25T11:13:47.723+0000] {processor.py:839} INFO - DAG(s) dict_keys(['example_sla_dag']) retrieved from /home/airflow/.local/lib/python3.8/site-packages/airflow/example_dags/example_sla_dag.py
[2023-11-25T11:13:47.751+0000] {logging_mixin.py:154} INFO - [2023-11-25T11:13:47.751+0000] {dag.py:2941} INFO - Sync 1 DAGs
[2023-11-25T11:13:47.789+0000] {logging_mixin.py:154} INFO - [2023-11-25T11:13:47.789+0000] {dag.py:3722} INFO - Setting next_dagrun for example_sla_dag to 2023-11-25T11:10:00+00:00, run_after=2023-11-25T11:12:00+00:00
[2023-11-25T11:13:47.832+0000] {processor.py:179} INFO - Processing /home/airflow/.local/lib/python3.8/site-packages/airflow/example_dags/example_sla_dag.py took 0.129 seconds
