[2023-11-25T10:23:18.516+0000] {processor.py:157} INFO - Started process (PID=46) to work on /home/airflow/.local/lib/python3.8/site-packages/airflow/example_dags/example_setup_teardown_taskflow.py
[2023-11-25T10:23:18.517+0000] {processor.py:829} INFO - Processing file /home/airflow/.local/lib/python3.8/site-packages/airflow/example_dags/example_setup_teardown_taskflow.py for tasks to queue
[2023-11-25T10:23:18.520+0000] {logging_mixin.py:154} INFO - [2023-11-25T10:23:18.519+0000] {dagbag.py:536} INFO - Filling up the DagBag from /home/airflow/.local/lib/python3.8/site-packages/airflow/example_dags/example_setup_teardown_taskflow.py
[2023-11-25T10:23:18.536+0000] {processor.py:839} INFO - DAG(s) dict_keys(['example_setup_teardown_taskflow']) retrieved from /home/airflow/.local/lib/python3.8/site-packages/airflow/example_dags/example_setup_teardown_taskflow.py
[2023-11-25T10:23:18.571+0000] {logging_mixin.py:154} INFO - [2023-11-25T10:23:18.571+0000] {dag.py:2941} INFO - Sync 1 DAGs
[2023-11-25T10:23:18.670+0000] {logging_mixin.py:154} INFO - [2023-11-25T10:23:18.670+0000] {dag.py:3722} INFO - Setting next_dagrun for example_setup_teardown_taskflow to 2023-11-24T10:23:18.669979+00:00, run_after=2023-11-25T10:23:18.669979+00:00
[2023-11-25T10:23:18.730+0000] {processor.py:179} INFO - Processing /home/airflow/.local/lib/python3.8/site-packages/airflow/example_dags/example_setup_teardown_taskflow.py took 0.219 seconds
[2023-11-25T10:23:49.671+0000] {processor.py:157} INFO - Started process (PID=100) to work on /home/airflow/.local/lib/python3.8/site-packages/airflow/example_dags/example_setup_teardown_taskflow.py
[2023-11-25T10:23:49.675+0000] {processor.py:829} INFO - Processing file /home/airflow/.local/lib/python3.8/site-packages/airflow/example_dags/example_setup_teardown_taskflow.py for tasks to queue
[2023-11-25T10:23:49.677+0000] {logging_mixin.py:154} INFO - [2023-11-25T10:23:49.677+0000] {dagbag.py:536} INFO - Filling up the DagBag from /home/airflow/.local/lib/python3.8/site-packages/airflow/example_dags/example_setup_teardown_taskflow.py
[2023-11-25T10:23:49.696+0000] {processor.py:839} INFO - DAG(s) dict_keys(['example_setup_teardown_taskflow']) retrieved from /home/airflow/.local/lib/python3.8/site-packages/airflow/example_dags/example_setup_teardown_taskflow.py
[2023-11-25T10:23:49.726+0000] {logging_mixin.py:154} INFO - [2023-11-25T10:23:49.725+0000] {dag.py:2941} INFO - Sync 1 DAGs
[2023-11-25T10:23:49.755+0000] {logging_mixin.py:154} INFO - [2023-11-25T10:23:49.755+0000] {dag.py:3722} INFO - Setting next_dagrun for example_setup_teardown_taskflow to 2023-11-24T10:23:49.755324+00:00, run_after=2023-11-25T10:23:49.755324+00:00
[2023-11-25T10:23:49.774+0000] {processor.py:179} INFO - Processing /home/airflow/.local/lib/python3.8/site-packages/airflow/example_dags/example_setup_teardown_taskflow.py took 0.106 seconds
[2023-11-25T10:24:20.412+0000] {processor.py:157} INFO - Started process (PID=154) to work on /home/airflow/.local/lib/python3.8/site-packages/airflow/example_dags/example_setup_teardown_taskflow.py
[2023-11-25T10:24:20.413+0000] {processor.py:829} INFO - Processing file /home/airflow/.local/lib/python3.8/site-packages/airflow/example_dags/example_setup_teardown_taskflow.py for tasks to queue
[2023-11-25T10:24:20.416+0000] {logging_mixin.py:154} INFO - [2023-11-25T10:24:20.416+0000] {dagbag.py:536} INFO - Filling up the DagBag from /home/airflow/.local/lib/python3.8/site-packages/airflow/example_dags/example_setup_teardown_taskflow.py
[2023-11-25T10:24:20.431+0000] {processor.py:839} INFO - DAG(s) dict_keys(['example_setup_teardown_taskflow']) retrieved from /home/airflow/.local/lib/python3.8/site-packages/airflow/example_dags/example_setup_teardown_taskflow.py
[2023-11-25T10:24:20.458+0000] {logging_mixin.py:154} INFO - [2023-11-25T10:24:20.458+0000] {dag.py:2941} INFO - Sync 1 DAGs
[2023-11-25T10:24:20.483+0000] {logging_mixin.py:154} INFO - [2023-11-25T10:24:20.482+0000] {dag.py:3722} INFO - Setting next_dagrun for example_setup_teardown_taskflow to 2023-11-24T10:24:20.482720+00:00, run_after=2023-11-25T10:24:20.482720+00:00
[2023-11-25T10:24:20.502+0000] {processor.py:179} INFO - Processing /home/airflow/.local/lib/python3.8/site-packages/airflow/example_dags/example_setup_teardown_taskflow.py took 0.096 seconds
[2023-11-25T10:24:50.685+0000] {processor.py:157} INFO - Started process (PID=208) to work on /home/airflow/.local/lib/python3.8/site-packages/airflow/example_dags/example_setup_teardown_taskflow.py
[2023-11-25T10:24:50.686+0000] {processor.py:829} INFO - Processing file /home/airflow/.local/lib/python3.8/site-packages/airflow/example_dags/example_setup_teardown_taskflow.py for tasks to queue
[2023-11-25T10:24:50.689+0000] {logging_mixin.py:154} INFO - [2023-11-25T10:24:50.688+0000] {dagbag.py:536} INFO - Filling up the DagBag from /home/airflow/.local/lib/python3.8/site-packages/airflow/example_dags/example_setup_teardown_taskflow.py
[2023-11-25T10:24:50.698+0000] {processor.py:839} INFO - DAG(s) dict_keys(['example_setup_teardown_taskflow']) retrieved from /home/airflow/.local/lib/python3.8/site-packages/airflow/example_dags/example_setup_teardown_taskflow.py
[2023-11-25T10:24:50.725+0000] {logging_mixin.py:154} INFO - [2023-11-25T10:24:50.725+0000] {dag.py:2941} INFO - Sync 1 DAGs
[2023-11-25T10:24:50.751+0000] {logging_mixin.py:154} INFO - [2023-11-25T10:24:50.750+0000] {dag.py:3722} INFO - Setting next_dagrun for example_setup_teardown_taskflow to 2023-11-24T10:24:50.750521+00:00, run_after=2023-11-25T10:24:50.750521+00:00
[2023-11-25T10:24:50.780+0000] {processor.py:179} INFO - Processing /home/airflow/.local/lib/python3.8/site-packages/airflow/example_dags/example_setup_teardown_taskflow.py took 0.100 seconds
[2023-11-25T10:25:21.108+0000] {processor.py:157} INFO - Started process (PID=262) to work on /home/airflow/.local/lib/python3.8/site-packages/airflow/example_dags/example_setup_teardown_taskflow.py
[2023-11-25T10:25:21.110+0000] {processor.py:829} INFO - Processing file /home/airflow/.local/lib/python3.8/site-packages/airflow/example_dags/example_setup_teardown_taskflow.py for tasks to queue
[2023-11-25T10:25:21.114+0000] {logging_mixin.py:154} INFO - [2023-11-25T10:25:21.114+0000] {dagbag.py:536} INFO - Filling up the DagBag from /home/airflow/.local/lib/python3.8/site-packages/airflow/example_dags/example_setup_teardown_taskflow.py
[2023-11-25T10:25:21.168+0000] {processor.py:839} INFO - DAG(s) dict_keys(['example_setup_teardown_taskflow']) retrieved from /home/airflow/.local/lib/python3.8/site-packages/airflow/example_dags/example_setup_teardown_taskflow.py
[2023-11-25T10:25:21.202+0000] {logging_mixin.py:154} INFO - [2023-11-25T10:25:21.201+0000] {dag.py:2941} INFO - Sync 1 DAGs
[2023-11-25T10:25:21.230+0000] {logging_mixin.py:154} INFO - [2023-11-25T10:25:21.229+0000] {dag.py:3722} INFO - Setting next_dagrun for example_setup_teardown_taskflow to 2023-11-24T10:25:21.229663+00:00, run_after=2023-11-25T10:25:21.229663+00:00
[2023-11-25T10:25:21.258+0000] {processor.py:179} INFO - Processing /home/airflow/.local/lib/python3.8/site-packages/airflow/example_dags/example_setup_teardown_taskflow.py took 0.162 seconds
[2023-11-25T10:25:51.793+0000] {processor.py:157} INFO - Started process (PID=316) to work on /home/airflow/.local/lib/python3.8/site-packages/airflow/example_dags/example_setup_teardown_taskflow.py
[2023-11-25T10:25:51.794+0000] {processor.py:829} INFO - Processing file /home/airflow/.local/lib/python3.8/site-packages/airflow/example_dags/example_setup_teardown_taskflow.py for tasks to queue
[2023-11-25T10:25:51.796+0000] {logging_mixin.py:154} INFO - [2023-11-25T10:25:51.796+0000] {dagbag.py:536} INFO - Filling up the DagBag from /home/airflow/.local/lib/python3.8/site-packages/airflow/example_dags/example_setup_teardown_taskflow.py
[2023-11-25T10:25:51.806+0000] {processor.py:839} INFO - DAG(s) dict_keys(['example_setup_teardown_taskflow']) retrieved from /home/airflow/.local/lib/python3.8/site-packages/airflow/example_dags/example_setup_teardown_taskflow.py
[2023-11-25T10:25:51.830+0000] {logging_mixin.py:154} INFO - [2023-11-25T10:25:51.830+0000] {dag.py:2941} INFO - Sync 1 DAGs
[2023-11-25T10:25:51.855+0000] {logging_mixin.py:154} INFO - [2023-11-25T10:25:51.854+0000] {dag.py:3722} INFO - Setting next_dagrun for example_setup_teardown_taskflow to 2023-11-24T10:25:51.854595+00:00, run_after=2023-11-25T10:25:51.854595+00:00
[2023-11-25T10:25:51.907+0000] {processor.py:179} INFO - Processing /home/airflow/.local/lib/python3.8/site-packages/airflow/example_dags/example_setup_teardown_taskflow.py took 0.118 seconds
[2023-11-25T10:26:22.144+0000] {processor.py:157} INFO - Started process (PID=370) to work on /home/airflow/.local/lib/python3.8/site-packages/airflow/example_dags/example_setup_teardown_taskflow.py
[2023-11-25T10:26:22.145+0000] {processor.py:829} INFO - Processing file /home/airflow/.local/lib/python3.8/site-packages/airflow/example_dags/example_setup_teardown_taskflow.py for tasks to queue
[2023-11-25T10:26:22.147+0000] {logging_mixin.py:154} INFO - [2023-11-25T10:26:22.147+0000] {dagbag.py:536} INFO - Filling up the DagBag from /home/airflow/.local/lib/python3.8/site-packages/airflow/example_dags/example_setup_teardown_taskflow.py
[2023-11-25T10:26:22.165+0000] {processor.py:839} INFO - DAG(s) dict_keys(['example_setup_teardown_taskflow']) retrieved from /home/airflow/.local/lib/python3.8/site-packages/airflow/example_dags/example_setup_teardown_taskflow.py
[2023-11-25T10:26:22.193+0000] {logging_mixin.py:154} INFO - [2023-11-25T10:26:22.193+0000] {dag.py:2941} INFO - Sync 1 DAGs
[2023-11-25T10:26:22.227+0000] {logging_mixin.py:154} INFO - [2023-11-25T10:26:22.227+0000] {dag.py:3722} INFO - Setting next_dagrun for example_setup_teardown_taskflow to 2023-11-24T10:26:22.227420+00:00, run_after=2023-11-25T10:26:22.227420+00:00
[2023-11-25T10:26:22.258+0000] {processor.py:179} INFO - Processing /home/airflow/.local/lib/python3.8/site-packages/airflow/example_dags/example_setup_teardown_taskflow.py took 0.118 seconds
[2023-11-25T10:26:52.875+0000] {processor.py:157} INFO - Started process (PID=424) to work on /home/airflow/.local/lib/python3.8/site-packages/airflow/example_dags/example_setup_teardown_taskflow.py
[2023-11-25T10:26:52.877+0000] {processor.py:829} INFO - Processing file /home/airflow/.local/lib/python3.8/site-packages/airflow/example_dags/example_setup_teardown_taskflow.py for tasks to queue
[2023-11-25T10:26:52.879+0000] {logging_mixin.py:154} INFO - [2023-11-25T10:26:52.879+0000] {dagbag.py:536} INFO - Filling up the DagBag from /home/airflow/.local/lib/python3.8/site-packages/airflow/example_dags/example_setup_teardown_taskflow.py
[2023-11-25T10:26:52.894+0000] {processor.py:839} INFO - DAG(s) dict_keys(['example_setup_teardown_taskflow']) retrieved from /home/airflow/.local/lib/python3.8/site-packages/airflow/example_dags/example_setup_teardown_taskflow.py
[2023-11-25T10:26:52.927+0000] {logging_mixin.py:154} INFO - [2023-11-25T10:26:52.927+0000] {dag.py:2941} INFO - Sync 1 DAGs
[2023-11-25T10:26:52.971+0000] {logging_mixin.py:154} INFO - [2023-11-25T10:26:52.971+0000] {dag.py:3722} INFO - Setting next_dagrun for example_setup_teardown_taskflow to 2023-11-24T10:26:52.970790+00:00, run_after=2023-11-25T10:26:52.970790+00:00
[2023-11-25T10:26:52.995+0000] {processor.py:179} INFO - Processing /home/airflow/.local/lib/python3.8/site-packages/airflow/example_dags/example_setup_teardown_taskflow.py took 0.125 seconds
[2023-11-25T10:27:23.571+0000] {processor.py:157} INFO - Started process (PID=478) to work on /home/airflow/.local/lib/python3.8/site-packages/airflow/example_dags/example_setup_teardown_taskflow.py
[2023-11-25T10:27:23.573+0000] {processor.py:829} INFO - Processing file /home/airflow/.local/lib/python3.8/site-packages/airflow/example_dags/example_setup_teardown_taskflow.py for tasks to queue
[2023-11-25T10:27:23.577+0000] {logging_mixin.py:154} INFO - [2023-11-25T10:27:23.577+0000] {dagbag.py:536} INFO - Filling up the DagBag from /home/airflow/.local/lib/python3.8/site-packages/airflow/example_dags/example_setup_teardown_taskflow.py
[2023-11-25T10:27:23.599+0000] {processor.py:839} INFO - DAG(s) dict_keys(['example_setup_teardown_taskflow']) retrieved from /home/airflow/.local/lib/python3.8/site-packages/airflow/example_dags/example_setup_teardown_taskflow.py
[2023-11-25T10:27:23.620+0000] {logging_mixin.py:154} INFO - [2023-11-25T10:27:23.620+0000] {dag.py:2941} INFO - Sync 1 DAGs
[2023-11-25T10:27:23.643+0000] {logging_mixin.py:154} INFO - [2023-11-25T10:27:23.643+0000] {dag.py:3722} INFO - Setting next_dagrun for example_setup_teardown_taskflow to 2023-11-24T10:27:23.643491+00:00, run_after=2023-11-25T10:27:23.643491+00:00
[2023-11-25T10:27:23.662+0000] {processor.py:179} INFO - Processing /home/airflow/.local/lib/python3.8/site-packages/airflow/example_dags/example_setup_teardown_taskflow.py took 0.101 seconds
[2023-11-25T10:27:54.071+0000] {processor.py:157} INFO - Started process (PID=531) to work on /home/airflow/.local/lib/python3.8/site-packages/airflow/example_dags/example_setup_teardown_taskflow.py
[2023-11-25T10:27:54.072+0000] {processor.py:829} INFO - Processing file /home/airflow/.local/lib/python3.8/site-packages/airflow/example_dags/example_setup_teardown_taskflow.py for tasks to queue
[2023-11-25T10:27:54.074+0000] {logging_mixin.py:154} INFO - [2023-11-25T10:27:54.074+0000] {dagbag.py:536} INFO - Filling up the DagBag from /home/airflow/.local/lib/python3.8/site-packages/airflow/example_dags/example_setup_teardown_taskflow.py
[2023-11-25T10:27:54.087+0000] {processor.py:839} INFO - DAG(s) dict_keys(['example_setup_teardown_taskflow']) retrieved from /home/airflow/.local/lib/python3.8/site-packages/airflow/example_dags/example_setup_teardown_taskflow.py
[2023-11-25T10:27:54.118+0000] {logging_mixin.py:154} INFO - [2023-11-25T10:27:54.118+0000] {dag.py:2941} INFO - Sync 1 DAGs
[2023-11-25T10:27:54.149+0000] {logging_mixin.py:154} INFO - [2023-11-25T10:27:54.149+0000] {dag.py:3722} INFO - Setting next_dagrun for example_setup_teardown_taskflow to 2023-11-24T10:27:54.149281+00:00, run_after=2023-11-25T10:27:54.149281+00:00
[2023-11-25T10:27:54.175+0000] {processor.py:179} INFO - Processing /home/airflow/.local/lib/python3.8/site-packages/airflow/example_dags/example_setup_teardown_taskflow.py took 0.109 seconds
[2023-11-25T10:28:24.785+0000] {processor.py:157} INFO - Started process (PID=585) to work on /home/airflow/.local/lib/python3.8/site-packages/airflow/example_dags/example_setup_teardown_taskflow.py
[2023-11-25T10:28:24.800+0000] {processor.py:829} INFO - Processing file /home/airflow/.local/lib/python3.8/site-packages/airflow/example_dags/example_setup_teardown_taskflow.py for tasks to queue
[2023-11-25T10:28:24.803+0000] {logging_mixin.py:154} INFO - [2023-11-25T10:28:24.803+0000] {dagbag.py:536} INFO - Filling up the DagBag from /home/airflow/.local/lib/python3.8/site-packages/airflow/example_dags/example_setup_teardown_taskflow.py
[2023-11-25T10:28:24.814+0000] {processor.py:839} INFO - DAG(s) dict_keys(['example_setup_teardown_taskflow']) retrieved from /home/airflow/.local/lib/python3.8/site-packages/airflow/example_dags/example_setup_teardown_taskflow.py
[2023-11-25T10:28:24.846+0000] {logging_mixin.py:154} INFO - [2023-11-25T10:28:24.846+0000] {dag.py:2941} INFO - Sync 1 DAGs
[2023-11-25T10:28:24.880+0000] {logging_mixin.py:154} INFO - [2023-11-25T10:28:24.880+0000] {dag.py:3722} INFO - Setting next_dagrun for example_setup_teardown_taskflow to 2023-11-24T10:28:24.880547+00:00, run_after=2023-11-25T10:28:24.880547+00:00
[2023-11-25T10:28:24.906+0000] {processor.py:179} INFO - Processing /home/airflow/.local/lib/python3.8/site-packages/airflow/example_dags/example_setup_teardown_taskflow.py took 0.124 seconds
[2023-11-25T10:28:55.830+0000] {processor.py:157} INFO - Started process (PID=638) to work on /home/airflow/.local/lib/python3.8/site-packages/airflow/example_dags/example_setup_teardown_taskflow.py
[2023-11-25T10:28:55.831+0000] {processor.py:829} INFO - Processing file /home/airflow/.local/lib/python3.8/site-packages/airflow/example_dags/example_setup_teardown_taskflow.py for tasks to queue
[2023-11-25T10:28:55.834+0000] {logging_mixin.py:154} INFO - [2023-11-25T10:28:55.834+0000] {dagbag.py:536} INFO - Filling up the DagBag from /home/airflow/.local/lib/python3.8/site-packages/airflow/example_dags/example_setup_teardown_taskflow.py
[2023-11-25T10:28:55.861+0000] {processor.py:839} INFO - DAG(s) dict_keys(['example_setup_teardown_taskflow']) retrieved from /home/airflow/.local/lib/python3.8/site-packages/airflow/example_dags/example_setup_teardown_taskflow.py
[2023-11-25T10:28:55.927+0000] {logging_mixin.py:154} INFO - [2023-11-25T10:28:55.926+0000] {dag.py:2941} INFO - Sync 1 DAGs
[2023-11-25T10:28:55.977+0000] {logging_mixin.py:154} INFO - [2023-11-25T10:28:55.976+0000] {dag.py:3722} INFO - Setting next_dagrun for example_setup_teardown_taskflow to 2023-11-24T10:28:55.976729+00:00, run_after=2023-11-25T10:28:55.976729+00:00
[2023-11-25T10:28:56.001+0000] {processor.py:179} INFO - Processing /home/airflow/.local/lib/python3.8/site-packages/airflow/example_dags/example_setup_teardown_taskflow.py took 0.176 seconds
[2023-11-25T10:29:26.388+0000] {processor.py:157} INFO - Started process (PID=692) to work on /home/airflow/.local/lib/python3.8/site-packages/airflow/example_dags/example_setup_teardown_taskflow.py
[2023-11-25T10:29:26.392+0000] {processor.py:829} INFO - Processing file /home/airflow/.local/lib/python3.8/site-packages/airflow/example_dags/example_setup_teardown_taskflow.py for tasks to queue
[2023-11-25T10:29:26.400+0000] {logging_mixin.py:154} INFO - [2023-11-25T10:29:26.399+0000] {dagbag.py:536} INFO - Filling up the DagBag from /home/airflow/.local/lib/python3.8/site-packages/airflow/example_dags/example_setup_teardown_taskflow.py
[2023-11-25T10:29:26.439+0000] {processor.py:839} INFO - DAG(s) dict_keys(['example_setup_teardown_taskflow']) retrieved from /home/airflow/.local/lib/python3.8/site-packages/airflow/example_dags/example_setup_teardown_taskflow.py
[2023-11-25T10:29:26.472+0000] {logging_mixin.py:154} INFO - [2023-11-25T10:29:26.471+0000] {dag.py:2941} INFO - Sync 1 DAGs
[2023-11-25T10:29:26.502+0000] {logging_mixin.py:154} INFO - [2023-11-25T10:29:26.501+0000] {dag.py:3722} INFO - Setting next_dagrun for example_setup_teardown_taskflow to 2023-11-24T10:29:26.501700+00:00, run_after=2023-11-25T10:29:26.501700+00:00
[2023-11-25T10:29:26.524+0000] {processor.py:179} INFO - Processing /home/airflow/.local/lib/python3.8/site-packages/airflow/example_dags/example_setup_teardown_taskflow.py took 0.155 seconds
[2023-11-25T10:29:56.602+0000] {processor.py:157} INFO - Started process (PID=746) to work on /home/airflow/.local/lib/python3.8/site-packages/airflow/example_dags/example_setup_teardown_taskflow.py
[2023-11-25T10:29:56.604+0000] {processor.py:829} INFO - Processing file /home/airflow/.local/lib/python3.8/site-packages/airflow/example_dags/example_setup_teardown_taskflow.py for tasks to queue
[2023-11-25T10:29:56.606+0000] {logging_mixin.py:154} INFO - [2023-11-25T10:29:56.606+0000] {dagbag.py:536} INFO - Filling up the DagBag from /home/airflow/.local/lib/python3.8/site-packages/airflow/example_dags/example_setup_teardown_taskflow.py
[2023-11-25T10:29:56.617+0000] {processor.py:839} INFO - DAG(s) dict_keys(['example_setup_teardown_taskflow']) retrieved from /home/airflow/.local/lib/python3.8/site-packages/airflow/example_dags/example_setup_teardown_taskflow.py
[2023-11-25T10:29:56.637+0000] {logging_mixin.py:154} INFO - [2023-11-25T10:29:56.637+0000] {dag.py:2941} INFO - Sync 1 DAGs
[2023-11-25T10:29:56.665+0000] {logging_mixin.py:154} INFO - [2023-11-25T10:29:56.664+0000] {dag.py:3722} INFO - Setting next_dagrun for example_setup_teardown_taskflow to 2023-11-24T10:29:56.664638+00:00, run_after=2023-11-25T10:29:56.664638+00:00
[2023-11-25T10:29:56.697+0000] {processor.py:179} INFO - Processing /home/airflow/.local/lib/python3.8/site-packages/airflow/example_dags/example_setup_teardown_taskflow.py took 0.100 seconds
[2023-11-25T10:30:27.348+0000] {processor.py:157} INFO - Started process (PID=807) to work on /home/airflow/.local/lib/python3.8/site-packages/airflow/example_dags/example_setup_teardown_taskflow.py
[2023-11-25T10:30:27.349+0000] {processor.py:829} INFO - Processing file /home/airflow/.local/lib/python3.8/site-packages/airflow/example_dags/example_setup_teardown_taskflow.py for tasks to queue
[2023-11-25T10:30:27.351+0000] {logging_mixin.py:154} INFO - [2023-11-25T10:30:27.350+0000] {dagbag.py:536} INFO - Filling up the DagBag from /home/airflow/.local/lib/python3.8/site-packages/airflow/example_dags/example_setup_teardown_taskflow.py
[2023-11-25T10:30:27.362+0000] {processor.py:839} INFO - DAG(s) dict_keys(['example_setup_teardown_taskflow']) retrieved from /home/airflow/.local/lib/python3.8/site-packages/airflow/example_dags/example_setup_teardown_taskflow.py
[2023-11-25T10:30:27.388+0000] {logging_mixin.py:154} INFO - [2023-11-25T10:30:27.388+0000] {dag.py:2941} INFO - Sync 1 DAGs
[2023-11-25T10:30:27.413+0000] {logging_mixin.py:154} INFO - [2023-11-25T10:30:27.413+0000] {dag.py:3722} INFO - Setting next_dagrun for example_setup_teardown_taskflow to 2023-11-24T10:30:27.413211+00:00, run_after=2023-11-25T10:30:27.413211+00:00
[2023-11-25T10:30:27.452+0000] {processor.py:179} INFO - Processing /home/airflow/.local/lib/python3.8/site-packages/airflow/example_dags/example_setup_teardown_taskflow.py took 0.110 seconds
[2023-11-25T10:30:58.015+0000] {processor.py:157} INFO - Started process (PID=861) to work on /home/airflow/.local/lib/python3.8/site-packages/airflow/example_dags/example_setup_teardown_taskflow.py
[2023-11-25T10:30:58.017+0000] {processor.py:829} INFO - Processing file /home/airflow/.local/lib/python3.8/site-packages/airflow/example_dags/example_setup_teardown_taskflow.py for tasks to queue
[2023-11-25T10:30:58.020+0000] {logging_mixin.py:154} INFO - [2023-11-25T10:30:58.020+0000] {dagbag.py:536} INFO - Filling up the DagBag from /home/airflow/.local/lib/python3.8/site-packages/airflow/example_dags/example_setup_teardown_taskflow.py
[2023-11-25T10:30:58.039+0000] {processor.py:839} INFO - DAG(s) dict_keys(['example_setup_teardown_taskflow']) retrieved from /home/airflow/.local/lib/python3.8/site-packages/airflow/example_dags/example_setup_teardown_taskflow.py
[2023-11-25T10:30:58.065+0000] {logging_mixin.py:154} INFO - [2023-11-25T10:30:58.065+0000] {dag.py:2941} INFO - Sync 1 DAGs
[2023-11-25T10:30:58.093+0000] {logging_mixin.py:154} INFO - [2023-11-25T10:30:58.093+0000] {dag.py:3722} INFO - Setting next_dagrun for example_setup_teardown_taskflow to 2023-11-24T10:30:58.092885+00:00, run_after=2023-11-25T10:30:58.092885+00:00
[2023-11-25T10:30:58.128+0000] {processor.py:179} INFO - Processing /home/airflow/.local/lib/python3.8/site-packages/airflow/example_dags/example_setup_teardown_taskflow.py took 0.122 seconds
[2023-11-25T10:31:29.016+0000] {processor.py:157} INFO - Started process (PID=914) to work on /home/airflow/.local/lib/python3.8/site-packages/airflow/example_dags/example_setup_teardown_taskflow.py
[2023-11-25T10:31:29.018+0000] {processor.py:829} INFO - Processing file /home/airflow/.local/lib/python3.8/site-packages/airflow/example_dags/example_setup_teardown_taskflow.py for tasks to queue
[2023-11-25T10:31:29.023+0000] {logging_mixin.py:154} INFO - [2023-11-25T10:31:29.022+0000] {dagbag.py:536} INFO - Filling up the DagBag from /home/airflow/.local/lib/python3.8/site-packages/airflow/example_dags/example_setup_teardown_taskflow.py
[2023-11-25T10:31:29.047+0000] {processor.py:839} INFO - DAG(s) dict_keys(['example_setup_teardown_taskflow']) retrieved from /home/airflow/.local/lib/python3.8/site-packages/airflow/example_dags/example_setup_teardown_taskflow.py
[2023-11-25T10:31:29.081+0000] {logging_mixin.py:154} INFO - [2023-11-25T10:31:29.081+0000] {dag.py:2941} INFO - Sync 1 DAGs
[2023-11-25T10:31:29.113+0000] {logging_mixin.py:154} INFO - [2023-11-25T10:31:29.113+0000] {dag.py:3722} INFO - Setting next_dagrun for example_setup_teardown_taskflow to 2023-11-24T10:31:29.113306+00:00, run_after=2023-11-25T10:31:29.113306+00:00
[2023-11-25T10:31:29.136+0000] {processor.py:179} INFO - Processing /home/airflow/.local/lib/python3.8/site-packages/airflow/example_dags/example_setup_teardown_taskflow.py took 0.131 seconds
[2023-11-25T10:31:59.576+0000] {processor.py:157} INFO - Started process (PID=968) to work on /home/airflow/.local/lib/python3.8/site-packages/airflow/example_dags/example_setup_teardown_taskflow.py
[2023-11-25T10:31:59.578+0000] {processor.py:829} INFO - Processing file /home/airflow/.local/lib/python3.8/site-packages/airflow/example_dags/example_setup_teardown_taskflow.py for tasks to queue
[2023-11-25T10:31:59.581+0000] {logging_mixin.py:154} INFO - [2023-11-25T10:31:59.581+0000] {dagbag.py:536} INFO - Filling up the DagBag from /home/airflow/.local/lib/python3.8/site-packages/airflow/example_dags/example_setup_teardown_taskflow.py
[2023-11-25T10:31:59.603+0000] {processor.py:839} INFO - DAG(s) dict_keys(['example_setup_teardown_taskflow']) retrieved from /home/airflow/.local/lib/python3.8/site-packages/airflow/example_dags/example_setup_teardown_taskflow.py
[2023-11-25T10:31:59.643+0000] {logging_mixin.py:154} INFO - [2023-11-25T10:31:59.643+0000] {dag.py:2941} INFO - Sync 1 DAGs
[2023-11-25T10:31:59.679+0000] {logging_mixin.py:154} INFO - [2023-11-25T10:31:59.678+0000] {dag.py:3722} INFO - Setting next_dagrun for example_setup_teardown_taskflow to 2023-11-24T10:31:59.678478+00:00, run_after=2023-11-25T10:31:59.678478+00:00
[2023-11-25T10:31:59.715+0000] {processor.py:179} INFO - Processing /home/airflow/.local/lib/python3.8/site-packages/airflow/example_dags/example_setup_teardown_taskflow.py took 0.143 seconds
[2023-11-25T10:32:29.786+0000] {processor.py:157} INFO - Started process (PID=1022) to work on /home/airflow/.local/lib/python3.8/site-packages/airflow/example_dags/example_setup_teardown_taskflow.py
[2023-11-25T10:32:29.788+0000] {processor.py:829} INFO - Processing file /home/airflow/.local/lib/python3.8/site-packages/airflow/example_dags/example_setup_teardown_taskflow.py for tasks to queue
[2023-11-25T10:32:29.790+0000] {logging_mixin.py:154} INFO - [2023-11-25T10:32:29.790+0000] {dagbag.py:536} INFO - Filling up the DagBag from /home/airflow/.local/lib/python3.8/site-packages/airflow/example_dags/example_setup_teardown_taskflow.py
[2023-11-25T10:32:29.808+0000] {processor.py:839} INFO - DAG(s) dict_keys(['example_setup_teardown_taskflow']) retrieved from /home/airflow/.local/lib/python3.8/site-packages/airflow/example_dags/example_setup_teardown_taskflow.py
[2023-11-25T10:32:29.843+0000] {logging_mixin.py:154} INFO - [2023-11-25T10:32:29.842+0000] {dag.py:2941} INFO - Sync 1 DAGs
[2023-11-25T10:32:29.879+0000] {logging_mixin.py:154} INFO - [2023-11-25T10:32:29.879+0000] {dag.py:3722} INFO - Setting next_dagrun for example_setup_teardown_taskflow to 2023-11-24T10:32:29.879272+00:00, run_after=2023-11-25T10:32:29.879272+00:00
[2023-11-25T10:32:29.911+0000] {processor.py:179} INFO - Processing /home/airflow/.local/lib/python3.8/site-packages/airflow/example_dags/example_setup_teardown_taskflow.py took 0.132 seconds
[2023-11-25T10:33:00.097+0000] {processor.py:157} INFO - Started process (PID=1076) to work on /home/airflow/.local/lib/python3.8/site-packages/airflow/example_dags/example_setup_teardown_taskflow.py
[2023-11-25T10:33:00.098+0000] {processor.py:829} INFO - Processing file /home/airflow/.local/lib/python3.8/site-packages/airflow/example_dags/example_setup_teardown_taskflow.py for tasks to queue
[2023-11-25T10:33:00.099+0000] {logging_mixin.py:154} INFO - [2023-11-25T10:33:00.099+0000] {dagbag.py:536} INFO - Filling up the DagBag from /home/airflow/.local/lib/python3.8/site-packages/airflow/example_dags/example_setup_teardown_taskflow.py
[2023-11-25T10:33:00.110+0000] {processor.py:839} INFO - DAG(s) dict_keys(['example_setup_teardown_taskflow']) retrieved from /home/airflow/.local/lib/python3.8/site-packages/airflow/example_dags/example_setup_teardown_taskflow.py
[2023-11-25T10:33:00.138+0000] {logging_mixin.py:154} INFO - [2023-11-25T10:33:00.138+0000] {dag.py:2941} INFO - Sync 1 DAGs
[2023-11-25T10:33:00.173+0000] {logging_mixin.py:154} INFO - [2023-11-25T10:33:00.173+0000] {dag.py:3722} INFO - Setting next_dagrun for example_setup_teardown_taskflow to 2023-11-24T10:33:00.172732+00:00, run_after=2023-11-25T10:33:00.172732+00:00
[2023-11-25T10:33:00.430+0000] {processor.py:179} INFO - Processing /home/airflow/.local/lib/python3.8/site-packages/airflow/example_dags/example_setup_teardown_taskflow.py took 0.337 seconds
[2023-11-25T10:33:30.993+0000] {processor.py:157} INFO - Started process (PID=1130) to work on /home/airflow/.local/lib/python3.8/site-packages/airflow/example_dags/example_setup_teardown_taskflow.py
[2023-11-25T10:33:30.994+0000] {processor.py:829} INFO - Processing file /home/airflow/.local/lib/python3.8/site-packages/airflow/example_dags/example_setup_teardown_taskflow.py for tasks to queue
[2023-11-25T10:33:30.996+0000] {logging_mixin.py:154} INFO - [2023-11-25T10:33:30.996+0000] {dagbag.py:536} INFO - Filling up the DagBag from /home/airflow/.local/lib/python3.8/site-packages/airflow/example_dags/example_setup_teardown_taskflow.py
[2023-11-25T10:33:31.015+0000] {processor.py:839} INFO - DAG(s) dict_keys(['example_setup_teardown_taskflow']) retrieved from /home/airflow/.local/lib/python3.8/site-packages/airflow/example_dags/example_setup_teardown_taskflow.py
[2023-11-25T10:33:31.047+0000] {logging_mixin.py:154} INFO - [2023-11-25T10:33:31.047+0000] {dag.py:2941} INFO - Sync 1 DAGs
[2023-11-25T10:33:31.084+0000] {logging_mixin.py:154} INFO - [2023-11-25T10:33:31.084+0000] {dag.py:3722} INFO - Setting next_dagrun for example_setup_teardown_taskflow to 2023-11-24T10:33:31.084284+00:00, run_after=2023-11-25T10:33:31.084284+00:00
[2023-11-25T10:33:31.116+0000] {processor.py:179} INFO - Processing /home/airflow/.local/lib/python3.8/site-packages/airflow/example_dags/example_setup_teardown_taskflow.py took 0.127 seconds
[2023-11-25T10:34:01.209+0000] {processor.py:157} INFO - Started process (PID=1183) to work on /home/airflow/.local/lib/python3.8/site-packages/airflow/example_dags/example_setup_teardown_taskflow.py
[2023-11-25T10:34:01.210+0000] {processor.py:829} INFO - Processing file /home/airflow/.local/lib/python3.8/site-packages/airflow/example_dags/example_setup_teardown_taskflow.py for tasks to queue
[2023-11-25T10:34:01.213+0000] {logging_mixin.py:154} INFO - [2023-11-25T10:34:01.212+0000] {dagbag.py:536} INFO - Filling up the DagBag from /home/airflow/.local/lib/python3.8/site-packages/airflow/example_dags/example_setup_teardown_taskflow.py
[2023-11-25T10:34:01.223+0000] {processor.py:839} INFO - DAG(s) dict_keys(['example_setup_teardown_taskflow']) retrieved from /home/airflow/.local/lib/python3.8/site-packages/airflow/example_dags/example_setup_teardown_taskflow.py
[2023-11-25T10:34:01.245+0000] {logging_mixin.py:154} INFO - [2023-11-25T10:34:01.245+0000] {dag.py:2941} INFO - Sync 1 DAGs
[2023-11-25T10:34:01.267+0000] {logging_mixin.py:154} INFO - [2023-11-25T10:34:01.267+0000] {dag.py:3722} INFO - Setting next_dagrun for example_setup_teardown_taskflow to 2023-11-24T10:34:01.267114+00:00, run_after=2023-11-25T10:34:01.267114+00:00
[2023-11-25T10:34:01.285+0000] {processor.py:179} INFO - Processing /home/airflow/.local/lib/python3.8/site-packages/airflow/example_dags/example_setup_teardown_taskflow.py took 0.080 seconds
[2023-11-25T10:34:32.037+0000] {processor.py:157} INFO - Started process (PID=1237) to work on /home/airflow/.local/lib/python3.8/site-packages/airflow/example_dags/example_setup_teardown_taskflow.py
[2023-11-25T10:34:32.038+0000] {processor.py:829} INFO - Processing file /home/airflow/.local/lib/python3.8/site-packages/airflow/example_dags/example_setup_teardown_taskflow.py for tasks to queue
[2023-11-25T10:34:32.040+0000] {logging_mixin.py:154} INFO - [2023-11-25T10:34:32.040+0000] {dagbag.py:536} INFO - Filling up the DagBag from /home/airflow/.local/lib/python3.8/site-packages/airflow/example_dags/example_setup_teardown_taskflow.py
[2023-11-25T10:34:32.053+0000] {processor.py:839} INFO - DAG(s) dict_keys(['example_setup_teardown_taskflow']) retrieved from /home/airflow/.local/lib/python3.8/site-packages/airflow/example_dags/example_setup_teardown_taskflow.py
[2023-11-25T10:34:32.081+0000] {logging_mixin.py:154} INFO - [2023-11-25T10:34:32.081+0000] {dag.py:2941} INFO - Sync 1 DAGs
[2023-11-25T10:34:32.120+0000] {logging_mixin.py:154} INFO - [2023-11-25T10:34:32.119+0000] {dag.py:3722} INFO - Setting next_dagrun for example_setup_teardown_taskflow to 2023-11-24T10:34:32.119427+00:00, run_after=2023-11-25T10:34:32.119427+00:00
[2023-11-25T10:34:32.356+0000] {processor.py:179} INFO - Processing /home/airflow/.local/lib/python3.8/site-packages/airflow/example_dags/example_setup_teardown_taskflow.py took 0.324 seconds
[2023-11-25T10:35:02.643+0000] {processor.py:157} INFO - Started process (PID=1291) to work on /home/airflow/.local/lib/python3.8/site-packages/airflow/example_dags/example_setup_teardown_taskflow.py
[2023-11-25T10:35:02.644+0000] {processor.py:829} INFO - Processing file /home/airflow/.local/lib/python3.8/site-packages/airflow/example_dags/example_setup_teardown_taskflow.py for tasks to queue
[2023-11-25T10:35:02.646+0000] {logging_mixin.py:154} INFO - [2023-11-25T10:35:02.645+0000] {dagbag.py:536} INFO - Filling up the DagBag from /home/airflow/.local/lib/python3.8/site-packages/airflow/example_dags/example_setup_teardown_taskflow.py
[2023-11-25T10:35:02.654+0000] {processor.py:839} INFO - DAG(s) dict_keys(['example_setup_teardown_taskflow']) retrieved from /home/airflow/.local/lib/python3.8/site-packages/airflow/example_dags/example_setup_teardown_taskflow.py
[2023-11-25T10:35:02.674+0000] {logging_mixin.py:154} INFO - [2023-11-25T10:35:02.674+0000] {dag.py:2941} INFO - Sync 1 DAGs
[2023-11-25T10:35:02.699+0000] {logging_mixin.py:154} INFO - [2023-11-25T10:35:02.699+0000] {dag.py:3722} INFO - Setting next_dagrun for example_setup_teardown_taskflow to 2023-11-24T10:35:02.699456+00:00, run_after=2023-11-25T10:35:02.699456+00:00
[2023-11-25T10:35:02.727+0000] {processor.py:179} INFO - Processing /home/airflow/.local/lib/python3.8/site-packages/airflow/example_dags/example_setup_teardown_taskflow.py took 0.088 seconds
[2023-11-25T10:35:33.110+0000] {processor.py:157} INFO - Started process (PID=1345) to work on /home/airflow/.local/lib/python3.8/site-packages/airflow/example_dags/example_setup_teardown_taskflow.py
[2023-11-25T10:35:33.111+0000] {processor.py:829} INFO - Processing file /home/airflow/.local/lib/python3.8/site-packages/airflow/example_dags/example_setup_teardown_taskflow.py for tasks to queue
[2023-11-25T10:35:33.113+0000] {logging_mixin.py:154} INFO - [2023-11-25T10:35:33.113+0000] {dagbag.py:536} INFO - Filling up the DagBag from /home/airflow/.local/lib/python3.8/site-packages/airflow/example_dags/example_setup_teardown_taskflow.py
[2023-11-25T10:35:33.123+0000] {processor.py:839} INFO - DAG(s) dict_keys(['example_setup_teardown_taskflow']) retrieved from /home/airflow/.local/lib/python3.8/site-packages/airflow/example_dags/example_setup_teardown_taskflow.py
[2023-11-25T10:35:33.146+0000] {logging_mixin.py:154} INFO - [2023-11-25T10:35:33.146+0000] {dag.py:2941} INFO - Sync 1 DAGs
[2023-11-25T10:35:33.287+0000] {logging_mixin.py:154} INFO - [2023-11-25T10:35:33.287+0000] {dag.py:3722} INFO - Setting next_dagrun for example_setup_teardown_taskflow to 2023-11-24T10:35:33.287456+00:00, run_after=2023-11-25T10:35:33.287456+00:00
[2023-11-25T10:35:33.306+0000] {processor.py:179} INFO - Processing /home/airflow/.local/lib/python3.8/site-packages/airflow/example_dags/example_setup_teardown_taskflow.py took 0.199 seconds
[2023-11-25T10:36:03.779+0000] {processor.py:157} INFO - Started process (PID=1399) to work on /home/airflow/.local/lib/python3.8/site-packages/airflow/example_dags/example_setup_teardown_taskflow.py
[2023-11-25T10:36:03.780+0000] {processor.py:829} INFO - Processing file /home/airflow/.local/lib/python3.8/site-packages/airflow/example_dags/example_setup_teardown_taskflow.py for tasks to queue
[2023-11-25T10:36:03.783+0000] {logging_mixin.py:154} INFO - [2023-11-25T10:36:03.782+0000] {dagbag.py:536} INFO - Filling up the DagBag from /home/airflow/.local/lib/python3.8/site-packages/airflow/example_dags/example_setup_teardown_taskflow.py
[2023-11-25T10:36:03.795+0000] {processor.py:839} INFO - DAG(s) dict_keys(['example_setup_teardown_taskflow']) retrieved from /home/airflow/.local/lib/python3.8/site-packages/airflow/example_dags/example_setup_teardown_taskflow.py
[2023-11-25T10:36:03.824+0000] {logging_mixin.py:154} INFO - [2023-11-25T10:36:03.823+0000] {dag.py:2941} INFO - Sync 1 DAGs
[2023-11-25T10:36:03.854+0000] {logging_mixin.py:154} INFO - [2023-11-25T10:36:03.854+0000] {dag.py:3722} INFO - Setting next_dagrun for example_setup_teardown_taskflow to 2023-11-24T10:36:03.854076+00:00, run_after=2023-11-25T10:36:03.854076+00:00
[2023-11-25T10:36:04.011+0000] {processor.py:179} INFO - Processing /home/airflow/.local/lib/python3.8/site-packages/airflow/example_dags/example_setup_teardown_taskflow.py took 0.235 seconds
[2023-11-25T10:36:34.180+0000] {processor.py:157} INFO - Started process (PID=1453) to work on /home/airflow/.local/lib/python3.8/site-packages/airflow/example_dags/example_setup_teardown_taskflow.py
[2023-11-25T10:36:34.180+0000] {processor.py:829} INFO - Processing file /home/airflow/.local/lib/python3.8/site-packages/airflow/example_dags/example_setup_teardown_taskflow.py for tasks to queue
[2023-11-25T10:36:34.182+0000] {logging_mixin.py:154} INFO - [2023-11-25T10:36:34.182+0000] {dagbag.py:536} INFO - Filling up the DagBag from /home/airflow/.local/lib/python3.8/site-packages/airflow/example_dags/example_setup_teardown_taskflow.py
[2023-11-25T10:36:34.193+0000] {processor.py:839} INFO - DAG(s) dict_keys(['example_setup_teardown_taskflow']) retrieved from /home/airflow/.local/lib/python3.8/site-packages/airflow/example_dags/example_setup_teardown_taskflow.py
[2023-11-25T10:36:34.220+0000] {logging_mixin.py:154} INFO - [2023-11-25T10:36:34.219+0000] {dag.py:2941} INFO - Sync 1 DAGs
[2023-11-25T10:36:34.250+0000] {logging_mixin.py:154} INFO - [2023-11-25T10:36:34.250+0000] {dag.py:3722} INFO - Setting next_dagrun for example_setup_teardown_taskflow to 2023-11-24T10:36:34.249788+00:00, run_after=2023-11-25T10:36:34.249788+00:00
[2023-11-25T10:36:34.272+0000] {processor.py:179} INFO - Processing /home/airflow/.local/lib/python3.8/site-packages/airflow/example_dags/example_setup_teardown_taskflow.py took 0.095 seconds
[2023-11-25T10:37:05.251+0000] {processor.py:157} INFO - Started process (PID=1506) to work on /home/airflow/.local/lib/python3.8/site-packages/airflow/example_dags/example_setup_teardown_taskflow.py
[2023-11-25T10:37:05.253+0000] {processor.py:829} INFO - Processing file /home/airflow/.local/lib/python3.8/site-packages/airflow/example_dags/example_setup_teardown_taskflow.py for tasks to queue
[2023-11-25T10:37:05.256+0000] {logging_mixin.py:154} INFO - [2023-11-25T10:37:05.255+0000] {dagbag.py:536} INFO - Filling up the DagBag from /home/airflow/.local/lib/python3.8/site-packages/airflow/example_dags/example_setup_teardown_taskflow.py
[2023-11-25T10:37:05.268+0000] {processor.py:839} INFO - DAG(s) dict_keys(['example_setup_teardown_taskflow']) retrieved from /home/airflow/.local/lib/python3.8/site-packages/airflow/example_dags/example_setup_teardown_taskflow.py
[2023-11-25T10:37:05.300+0000] {logging_mixin.py:154} INFO - [2023-11-25T10:37:05.300+0000] {dag.py:2941} INFO - Sync 1 DAGs
[2023-11-25T10:37:05.498+0000] {logging_mixin.py:154} INFO - [2023-11-25T10:37:05.498+0000] {dag.py:3722} INFO - Setting next_dagrun for example_setup_teardown_taskflow to 2023-11-24T10:37:05.498036+00:00, run_after=2023-11-25T10:37:05.498036+00:00
[2023-11-25T10:37:05.524+0000] {processor.py:179} INFO - Processing /home/airflow/.local/lib/python3.8/site-packages/airflow/example_dags/example_setup_teardown_taskflow.py took 0.276 seconds
[2023-11-25T10:37:36.068+0000] {processor.py:157} INFO - Started process (PID=1560) to work on /home/airflow/.local/lib/python3.8/site-packages/airflow/example_dags/example_setup_teardown_taskflow.py
[2023-11-25T10:37:36.072+0000] {processor.py:829} INFO - Processing file /home/airflow/.local/lib/python3.8/site-packages/airflow/example_dags/example_setup_teardown_taskflow.py for tasks to queue
[2023-11-25T10:37:36.074+0000] {logging_mixin.py:154} INFO - [2023-11-25T10:37:36.073+0000] {dagbag.py:536} INFO - Filling up the DagBag from /home/airflow/.local/lib/python3.8/site-packages/airflow/example_dags/example_setup_teardown_taskflow.py
[2023-11-25T10:37:36.084+0000] {processor.py:839} INFO - DAG(s) dict_keys(['example_setup_teardown_taskflow']) retrieved from /home/airflow/.local/lib/python3.8/site-packages/airflow/example_dags/example_setup_teardown_taskflow.py
[2023-11-25T10:37:36.107+0000] {logging_mixin.py:154} INFO - [2023-11-25T10:37:36.106+0000] {dag.py:2941} INFO - Sync 1 DAGs
[2023-11-25T10:37:36.129+0000] {logging_mixin.py:154} INFO - [2023-11-25T10:37:36.129+0000] {dag.py:3722} INFO - Setting next_dagrun for example_setup_teardown_taskflow to 2023-11-24T10:37:36.129006+00:00, run_after=2023-11-25T10:37:36.129006+00:00
[2023-11-25T10:37:36.151+0000] {processor.py:179} INFO - Processing /home/airflow/.local/lib/python3.8/site-packages/airflow/example_dags/example_setup_teardown_taskflow.py took 0.086 seconds
[2023-11-25T10:38:06.630+0000] {processor.py:157} INFO - Started process (PID=1614) to work on /home/airflow/.local/lib/python3.8/site-packages/airflow/example_dags/example_setup_teardown_taskflow.py
[2023-11-25T10:38:06.631+0000] {processor.py:829} INFO - Processing file /home/airflow/.local/lib/python3.8/site-packages/airflow/example_dags/example_setup_teardown_taskflow.py for tasks to queue
[2023-11-25T10:38:06.633+0000] {logging_mixin.py:154} INFO - [2023-11-25T10:38:06.633+0000] {dagbag.py:536} INFO - Filling up the DagBag from /home/airflow/.local/lib/python3.8/site-packages/airflow/example_dags/example_setup_teardown_taskflow.py
[2023-11-25T10:38:06.642+0000] {processor.py:839} INFO - DAG(s) dict_keys(['example_setup_teardown_taskflow']) retrieved from /home/airflow/.local/lib/python3.8/site-packages/airflow/example_dags/example_setup_teardown_taskflow.py
[2023-11-25T10:38:06.671+0000] {logging_mixin.py:154} INFO - [2023-11-25T10:38:06.671+0000] {dag.py:2941} INFO - Sync 1 DAGs
[2023-11-25T10:38:06.699+0000] {logging_mixin.py:154} INFO - [2023-11-25T10:38:06.699+0000] {dag.py:3722} INFO - Setting next_dagrun for example_setup_teardown_taskflow to 2023-11-24T10:38:06.698841+00:00, run_after=2023-11-25T10:38:06.698841+00:00
[2023-11-25T10:38:06.715+0000] {processor.py:179} INFO - Processing /home/airflow/.local/lib/python3.8/site-packages/airflow/example_dags/example_setup_teardown_taskflow.py took 0.088 seconds
[2023-11-25T10:38:36.775+0000] {processor.py:157} INFO - Started process (PID=1668) to work on /home/airflow/.local/lib/python3.8/site-packages/airflow/example_dags/example_setup_teardown_taskflow.py
[2023-11-25T10:38:36.775+0000] {processor.py:829} INFO - Processing file /home/airflow/.local/lib/python3.8/site-packages/airflow/example_dags/example_setup_teardown_taskflow.py for tasks to queue
[2023-11-25T10:38:36.777+0000] {logging_mixin.py:154} INFO - [2023-11-25T10:38:36.777+0000] {dagbag.py:536} INFO - Filling up the DagBag from /home/airflow/.local/lib/python3.8/site-packages/airflow/example_dags/example_setup_teardown_taskflow.py
[2023-11-25T10:38:36.786+0000] {processor.py:839} INFO - DAG(s) dict_keys(['example_setup_teardown_taskflow']) retrieved from /home/airflow/.local/lib/python3.8/site-packages/airflow/example_dags/example_setup_teardown_taskflow.py
[2023-11-25T10:38:36.807+0000] {logging_mixin.py:154} INFO - [2023-11-25T10:38:36.807+0000] {dag.py:2941} INFO - Sync 1 DAGs
[2023-11-25T10:38:36.834+0000] {logging_mixin.py:154} INFO - [2023-11-25T10:38:36.834+0000] {dag.py:3722} INFO - Setting next_dagrun for example_setup_teardown_taskflow to 2023-11-24T10:38:36.833944+00:00, run_after=2023-11-25T10:38:36.833944+00:00
[2023-11-25T10:38:36.857+0000] {processor.py:179} INFO - Processing /home/airflow/.local/lib/python3.8/site-packages/airflow/example_dags/example_setup_teardown_taskflow.py took 0.085 seconds
[2023-11-25T10:39:07.250+0000] {processor.py:157} INFO - Started process (PID=1722) to work on /home/airflow/.local/lib/python3.8/site-packages/airflow/example_dags/example_setup_teardown_taskflow.py
[2023-11-25T10:39:07.254+0000] {processor.py:829} INFO - Processing file /home/airflow/.local/lib/python3.8/site-packages/airflow/example_dags/example_setup_teardown_taskflow.py for tasks to queue
[2023-11-25T10:39:07.256+0000] {logging_mixin.py:154} INFO - [2023-11-25T10:39:07.256+0000] {dagbag.py:536} INFO - Filling up the DagBag from /home/airflow/.local/lib/python3.8/site-packages/airflow/example_dags/example_setup_teardown_taskflow.py
[2023-11-25T10:39:07.269+0000] {processor.py:839} INFO - DAG(s) dict_keys(['example_setup_teardown_taskflow']) retrieved from /home/airflow/.local/lib/python3.8/site-packages/airflow/example_dags/example_setup_teardown_taskflow.py
[2023-11-25T10:39:07.301+0000] {logging_mixin.py:154} INFO - [2023-11-25T10:39:07.301+0000] {dag.py:2941} INFO - Sync 1 DAGs
[2023-11-25T10:39:07.327+0000] {logging_mixin.py:154} INFO - [2023-11-25T10:39:07.327+0000] {dag.py:3722} INFO - Setting next_dagrun for example_setup_teardown_taskflow to 2023-11-24T10:39:07.327447+00:00, run_after=2023-11-25T10:39:07.327447+00:00
[2023-11-25T10:39:07.355+0000] {processor.py:179} INFO - Processing /home/airflow/.local/lib/python3.8/site-packages/airflow/example_dags/example_setup_teardown_taskflow.py took 0.109 seconds
[2023-11-25T10:39:37.436+0000] {processor.py:157} INFO - Started process (PID=1776) to work on /home/airflow/.local/lib/python3.8/site-packages/airflow/example_dags/example_setup_teardown_taskflow.py
[2023-11-25T10:39:37.438+0000] {processor.py:829} INFO - Processing file /home/airflow/.local/lib/python3.8/site-packages/airflow/example_dags/example_setup_teardown_taskflow.py for tasks to queue
[2023-11-25T10:39:37.441+0000] {logging_mixin.py:154} INFO - [2023-11-25T10:39:37.440+0000] {dagbag.py:536} INFO - Filling up the DagBag from /home/airflow/.local/lib/python3.8/site-packages/airflow/example_dags/example_setup_teardown_taskflow.py
[2023-11-25T10:39:37.454+0000] {processor.py:839} INFO - DAG(s) dict_keys(['example_setup_teardown_taskflow']) retrieved from /home/airflow/.local/lib/python3.8/site-packages/airflow/example_dags/example_setup_teardown_taskflow.py
[2023-11-25T10:39:37.484+0000] {logging_mixin.py:154} INFO - [2023-11-25T10:39:37.484+0000] {dag.py:2941} INFO - Sync 1 DAGs
[2023-11-25T10:39:37.514+0000] {logging_mixin.py:154} INFO - [2023-11-25T10:39:37.513+0000] {dag.py:3722} INFO - Setting next_dagrun for example_setup_teardown_taskflow to 2023-11-24T10:39:37.513626+00:00, run_after=2023-11-25T10:39:37.513626+00:00
[2023-11-25T10:39:37.537+0000] {processor.py:179} INFO - Processing /home/airflow/.local/lib/python3.8/site-packages/airflow/example_dags/example_setup_teardown_taskflow.py took 0.105 seconds
[2023-11-25T10:40:07.944+0000] {processor.py:157} INFO - Started process (PID=1830) to work on /home/airflow/.local/lib/python3.8/site-packages/airflow/example_dags/example_setup_teardown_taskflow.py
[2023-11-25T10:40:07.944+0000] {processor.py:829} INFO - Processing file /home/airflow/.local/lib/python3.8/site-packages/airflow/example_dags/example_setup_teardown_taskflow.py for tasks to queue
[2023-11-25T10:40:07.946+0000] {logging_mixin.py:154} INFO - [2023-11-25T10:40:07.946+0000] {dagbag.py:536} INFO - Filling up the DagBag from /home/airflow/.local/lib/python3.8/site-packages/airflow/example_dags/example_setup_teardown_taskflow.py
[2023-11-25T10:40:07.955+0000] {processor.py:839} INFO - DAG(s) dict_keys(['example_setup_teardown_taskflow']) retrieved from /home/airflow/.local/lib/python3.8/site-packages/airflow/example_dags/example_setup_teardown_taskflow.py
[2023-11-25T10:40:07.978+0000] {logging_mixin.py:154} INFO - [2023-11-25T10:40:07.978+0000] {dag.py:2941} INFO - Sync 1 DAGs
[2023-11-25T10:40:07.999+0000] {logging_mixin.py:154} INFO - [2023-11-25T10:40:07.999+0000] {dag.py:3722} INFO - Setting next_dagrun for example_setup_teardown_taskflow to 2023-11-24T10:40:07.999260+00:00, run_after=2023-11-25T10:40:07.999260+00:00
[2023-11-25T10:40:08.068+0000] {processor.py:179} INFO - Processing /home/airflow/.local/lib/python3.8/site-packages/airflow/example_dags/example_setup_teardown_taskflow.py took 0.127 seconds
[2023-11-25T11:05:05.657+0000] {processor.py:157} INFO - Started process (PID=45) to work on /home/airflow/.local/lib/python3.8/site-packages/airflow/example_dags/example_setup_teardown_taskflow.py
[2023-11-25T11:05:05.659+0000] {processor.py:829} INFO - Processing file /home/airflow/.local/lib/python3.8/site-packages/airflow/example_dags/example_setup_teardown_taskflow.py for tasks to queue
[2023-11-25T11:05:05.661+0000] {logging_mixin.py:154} INFO - [2023-11-25T11:05:05.661+0000] {dagbag.py:536} INFO - Filling up the DagBag from /home/airflow/.local/lib/python3.8/site-packages/airflow/example_dags/example_setup_teardown_taskflow.py
[2023-11-25T11:05:05.677+0000] {processor.py:839} INFO - DAG(s) dict_keys(['example_setup_teardown_taskflow']) retrieved from /home/airflow/.local/lib/python3.8/site-packages/airflow/example_dags/example_setup_teardown_taskflow.py
[2023-11-25T11:05:05.704+0000] {logging_mixin.py:154} INFO - [2023-11-25T11:05:05.704+0000] {dag.py:2941} INFO - Sync 1 DAGs
[2023-11-25T11:05:05.769+0000] {logging_mixin.py:154} INFO - [2023-11-25T11:05:05.768+0000] {dag.py:3722} INFO - Setting next_dagrun for example_setup_teardown_taskflow to 2023-11-24T11:05:05.768481+00:00, run_after=2023-11-25T11:05:05.768481+00:00
[2023-11-25T11:05:05.819+0000] {processor.py:179} INFO - Processing /home/airflow/.local/lib/python3.8/site-packages/airflow/example_dags/example_setup_teardown_taskflow.py took 0.166 seconds
[2023-11-25T11:05:36.092+0000] {processor.py:157} INFO - Started process (PID=99) to work on /home/airflow/.local/lib/python3.8/site-packages/airflow/example_dags/example_setup_teardown_taskflow.py
[2023-11-25T11:05:36.093+0000] {processor.py:829} INFO - Processing file /home/airflow/.local/lib/python3.8/site-packages/airflow/example_dags/example_setup_teardown_taskflow.py for tasks to queue
[2023-11-25T11:05:36.095+0000] {logging_mixin.py:154} INFO - [2023-11-25T11:05:36.094+0000] {dagbag.py:536} INFO - Filling up the DagBag from /home/airflow/.local/lib/python3.8/site-packages/airflow/example_dags/example_setup_teardown_taskflow.py
[2023-11-25T11:05:36.103+0000] {processor.py:839} INFO - DAG(s) dict_keys(['example_setup_teardown_taskflow']) retrieved from /home/airflow/.local/lib/python3.8/site-packages/airflow/example_dags/example_setup_teardown_taskflow.py
[2023-11-25T11:05:36.124+0000] {logging_mixin.py:154} INFO - [2023-11-25T11:05:36.124+0000] {dag.py:2941} INFO - Sync 1 DAGs
[2023-11-25T11:05:36.153+0000] {logging_mixin.py:154} INFO - [2023-11-25T11:05:36.152+0000] {dag.py:3722} INFO - Setting next_dagrun for example_setup_teardown_taskflow to 2023-11-24T11:05:36.152518+00:00, run_after=2023-11-25T11:05:36.152518+00:00
[2023-11-25T11:05:36.174+0000] {processor.py:179} INFO - Processing /home/airflow/.local/lib/python3.8/site-packages/airflow/example_dags/example_setup_teardown_taskflow.py took 0.085 seconds
[2023-11-25T11:06:06.330+0000] {processor.py:157} INFO - Started process (PID=153) to work on /home/airflow/.local/lib/python3.8/site-packages/airflow/example_dags/example_setup_teardown_taskflow.py
[2023-11-25T11:06:06.333+0000] {processor.py:829} INFO - Processing file /home/airflow/.local/lib/python3.8/site-packages/airflow/example_dags/example_setup_teardown_taskflow.py for tasks to queue
[2023-11-25T11:06:06.336+0000] {logging_mixin.py:154} INFO - [2023-11-25T11:06:06.335+0000] {dagbag.py:536} INFO - Filling up the DagBag from /home/airflow/.local/lib/python3.8/site-packages/airflow/example_dags/example_setup_teardown_taskflow.py
[2023-11-25T11:06:06.344+0000] {processor.py:839} INFO - DAG(s) dict_keys(['example_setup_teardown_taskflow']) retrieved from /home/airflow/.local/lib/python3.8/site-packages/airflow/example_dags/example_setup_teardown_taskflow.py
[2023-11-25T11:06:06.366+0000] {logging_mixin.py:154} INFO - [2023-11-25T11:06:06.366+0000] {dag.py:2941} INFO - Sync 1 DAGs
[2023-11-25T11:06:06.387+0000] {logging_mixin.py:154} INFO - [2023-11-25T11:06:06.386+0000] {dag.py:3722} INFO - Setting next_dagrun for example_setup_teardown_taskflow to 2023-11-24T11:06:06.386805+00:00, run_after=2023-11-25T11:06:06.386805+00:00
[2023-11-25T11:06:06.403+0000] {processor.py:179} INFO - Processing /home/airflow/.local/lib/python3.8/site-packages/airflow/example_dags/example_setup_teardown_taskflow.py took 0.076 seconds
[2023-11-25T11:07:41.328+0000] {processor.py:157} INFO - Started process (PID=45) to work on /home/airflow/.local/lib/python3.8/site-packages/airflow/example_dags/example_setup_teardown_taskflow.py
[2023-11-25T11:07:41.333+0000] {processor.py:829} INFO - Processing file /home/airflow/.local/lib/python3.8/site-packages/airflow/example_dags/example_setup_teardown_taskflow.py for tasks to queue
[2023-11-25T11:07:41.351+0000] {logging_mixin.py:154} INFO - [2023-11-25T11:07:41.342+0000] {dagbag.py:536} INFO - Filling up the DagBag from /home/airflow/.local/lib/python3.8/site-packages/airflow/example_dags/example_setup_teardown_taskflow.py
[2023-11-25T11:07:41.374+0000] {processor.py:839} INFO - DAG(s) dict_keys(['example_setup_teardown_taskflow']) retrieved from /home/airflow/.local/lib/python3.8/site-packages/airflow/example_dags/example_setup_teardown_taskflow.py
[2023-11-25T11:07:41.410+0000] {logging_mixin.py:154} INFO - [2023-11-25T11:07:41.410+0000] {dag.py:2941} INFO - Sync 1 DAGs
[2023-11-25T11:07:41.456+0000] {logging_mixin.py:154} INFO - [2023-11-25T11:07:41.456+0000] {dag.py:3722} INFO - Setting next_dagrun for example_setup_teardown_taskflow to 2023-11-24T11:07:41.456289+00:00, run_after=2023-11-25T11:07:41.456289+00:00
[2023-11-25T11:07:41.534+0000] {processor.py:179} INFO - Processing /home/airflow/.local/lib/python3.8/site-packages/airflow/example_dags/example_setup_teardown_taskflow.py took 0.216 seconds
[2023-11-25T11:08:11.700+0000] {processor.py:157} INFO - Started process (PID=99) to work on /home/airflow/.local/lib/python3.8/site-packages/airflow/example_dags/example_setup_teardown_taskflow.py
[2023-11-25T11:08:11.701+0000] {processor.py:829} INFO - Processing file /home/airflow/.local/lib/python3.8/site-packages/airflow/example_dags/example_setup_teardown_taskflow.py for tasks to queue
[2023-11-25T11:08:11.703+0000] {logging_mixin.py:154} INFO - [2023-11-25T11:08:11.702+0000] {dagbag.py:536} INFO - Filling up the DagBag from /home/airflow/.local/lib/python3.8/site-packages/airflow/example_dags/example_setup_teardown_taskflow.py
[2023-11-25T11:08:11.712+0000] {processor.py:839} INFO - DAG(s) dict_keys(['example_setup_teardown_taskflow']) retrieved from /home/airflow/.local/lib/python3.8/site-packages/airflow/example_dags/example_setup_teardown_taskflow.py
[2023-11-25T11:08:11.732+0000] {logging_mixin.py:154} INFO - [2023-11-25T11:08:11.732+0000] {dag.py:2941} INFO - Sync 1 DAGs
[2023-11-25T11:08:11.759+0000] {logging_mixin.py:154} INFO - [2023-11-25T11:08:11.758+0000] {dag.py:3722} INFO - Setting next_dagrun for example_setup_teardown_taskflow to 2023-11-24T11:08:11.758646+00:00, run_after=2023-11-25T11:08:11.758646+00:00
[2023-11-25T11:08:11.777+0000] {processor.py:179} INFO - Processing /home/airflow/.local/lib/python3.8/site-packages/airflow/example_dags/example_setup_teardown_taskflow.py took 0.080 seconds
[2023-11-25T11:08:42.303+0000] {processor.py:157} INFO - Started process (PID=153) to work on /home/airflow/.local/lib/python3.8/site-packages/airflow/example_dags/example_setup_teardown_taskflow.py
[2023-11-25T11:08:42.304+0000] {processor.py:829} INFO - Processing file /home/airflow/.local/lib/python3.8/site-packages/airflow/example_dags/example_setup_teardown_taskflow.py for tasks to queue
[2023-11-25T11:08:42.306+0000] {logging_mixin.py:154} INFO - [2023-11-25T11:08:42.306+0000] {dagbag.py:536} INFO - Filling up the DagBag from /home/airflow/.local/lib/python3.8/site-packages/airflow/example_dags/example_setup_teardown_taskflow.py
[2023-11-25T11:08:42.320+0000] {processor.py:839} INFO - DAG(s) dict_keys(['example_setup_teardown_taskflow']) retrieved from /home/airflow/.local/lib/python3.8/site-packages/airflow/example_dags/example_setup_teardown_taskflow.py
[2023-11-25T11:08:42.349+0000] {logging_mixin.py:154} INFO - [2023-11-25T11:08:42.349+0000] {dag.py:2941} INFO - Sync 1 DAGs
[2023-11-25T11:08:42.381+0000] {logging_mixin.py:154} INFO - [2023-11-25T11:08:42.380+0000] {dag.py:3722} INFO - Setting next_dagrun for example_setup_teardown_taskflow to 2023-11-24T11:08:42.380662+00:00, run_after=2023-11-25T11:08:42.380662+00:00
[2023-11-25T11:08:42.412+0000] {processor.py:179} INFO - Processing /home/airflow/.local/lib/python3.8/site-packages/airflow/example_dags/example_setup_teardown_taskflow.py took 0.112 seconds
[2023-11-25T11:09:13.260+0000] {processor.py:157} INFO - Started process (PID=206) to work on /home/airflow/.local/lib/python3.8/site-packages/airflow/example_dags/example_setup_teardown_taskflow.py
[2023-11-25T11:09:13.260+0000] {processor.py:829} INFO - Processing file /home/airflow/.local/lib/python3.8/site-packages/airflow/example_dags/example_setup_teardown_taskflow.py for tasks to queue
[2023-11-25T11:09:13.262+0000] {logging_mixin.py:154} INFO - [2023-11-25T11:09:13.262+0000] {dagbag.py:536} INFO - Filling up the DagBag from /home/airflow/.local/lib/python3.8/site-packages/airflow/example_dags/example_setup_teardown_taskflow.py
[2023-11-25T11:09:13.276+0000] {processor.py:839} INFO - DAG(s) dict_keys(['example_setup_teardown_taskflow']) retrieved from /home/airflow/.local/lib/python3.8/site-packages/airflow/example_dags/example_setup_teardown_taskflow.py
[2023-11-25T11:09:13.306+0000] {logging_mixin.py:154} INFO - [2023-11-25T11:09:13.306+0000] {dag.py:2941} INFO - Sync 1 DAGs
[2023-11-25T11:09:13.342+0000] {logging_mixin.py:154} INFO - [2023-11-25T11:09:13.342+0000] {dag.py:3722} INFO - Setting next_dagrun for example_setup_teardown_taskflow to 2023-11-24T11:09:13.342237+00:00, run_after=2023-11-25T11:09:13.342237+00:00
[2023-11-25T11:09:13.379+0000] {processor.py:179} INFO - Processing /home/airflow/.local/lib/python3.8/site-packages/airflow/example_dags/example_setup_teardown_taskflow.py took 0.123 seconds
[2023-11-25T11:09:43.838+0000] {processor.py:157} INFO - Started process (PID=260) to work on /home/airflow/.local/lib/python3.8/site-packages/airflow/example_dags/example_setup_teardown_taskflow.py
[2023-11-25T11:09:43.839+0000] {processor.py:829} INFO - Processing file /home/airflow/.local/lib/python3.8/site-packages/airflow/example_dags/example_setup_teardown_taskflow.py for tasks to queue
[2023-11-25T11:09:43.841+0000] {logging_mixin.py:154} INFO - [2023-11-25T11:09:43.841+0000] {dagbag.py:536} INFO - Filling up the DagBag from /home/airflow/.local/lib/python3.8/site-packages/airflow/example_dags/example_setup_teardown_taskflow.py
[2023-11-25T11:09:43.853+0000] {processor.py:839} INFO - DAG(s) dict_keys(['example_setup_teardown_taskflow']) retrieved from /home/airflow/.local/lib/python3.8/site-packages/airflow/example_dags/example_setup_teardown_taskflow.py
[2023-11-25T11:09:43.876+0000] {logging_mixin.py:154} INFO - [2023-11-25T11:09:43.876+0000] {dag.py:2941} INFO - Sync 1 DAGs
[2023-11-25T11:09:43.900+0000] {logging_mixin.py:154} INFO - [2023-11-25T11:09:43.899+0000] {dag.py:3722} INFO - Setting next_dagrun for example_setup_teardown_taskflow to 2023-11-24T11:09:43.899805+00:00, run_after=2023-11-25T11:09:43.899805+00:00
[2023-11-25T11:09:43.917+0000] {processor.py:179} INFO - Processing /home/airflow/.local/lib/python3.8/site-packages/airflow/example_dags/example_setup_teardown_taskflow.py took 0.082 seconds
[2023-11-25T11:10:14.108+0000] {processor.py:157} INFO - Started process (PID=314) to work on /home/airflow/.local/lib/python3.8/site-packages/airflow/example_dags/example_setup_teardown_taskflow.py
[2023-11-25T11:10:14.114+0000] {processor.py:829} INFO - Processing file /home/airflow/.local/lib/python3.8/site-packages/airflow/example_dags/example_setup_teardown_taskflow.py for tasks to queue
[2023-11-25T11:10:14.116+0000] {logging_mixin.py:154} INFO - [2023-11-25T11:10:14.116+0000] {dagbag.py:536} INFO - Filling up the DagBag from /home/airflow/.local/lib/python3.8/site-packages/airflow/example_dags/example_setup_teardown_taskflow.py
[2023-11-25T11:10:14.128+0000] {processor.py:839} INFO - DAG(s) dict_keys(['example_setup_teardown_taskflow']) retrieved from /home/airflow/.local/lib/python3.8/site-packages/airflow/example_dags/example_setup_teardown_taskflow.py
[2023-11-25T11:10:14.153+0000] {logging_mixin.py:154} INFO - [2023-11-25T11:10:14.153+0000] {dag.py:2941} INFO - Sync 1 DAGs
[2023-11-25T11:10:14.175+0000] {logging_mixin.py:154} INFO - [2023-11-25T11:10:14.175+0000] {dag.py:3722} INFO - Setting next_dagrun for example_setup_teardown_taskflow to 2023-11-24T11:10:14.175387+00:00, run_after=2023-11-25T11:10:14.175387+00:00
[2023-11-25T11:10:14.195+0000] {processor.py:179} INFO - Processing /home/airflow/.local/lib/python3.8/site-packages/airflow/example_dags/example_setup_teardown_taskflow.py took 0.090 seconds
[2023-11-25T11:10:44.473+0000] {processor.py:157} INFO - Started process (PID=369) to work on /home/airflow/.local/lib/python3.8/site-packages/airflow/example_dags/example_setup_teardown_taskflow.py
[2023-11-25T11:10:44.474+0000] {processor.py:829} INFO - Processing file /home/airflow/.local/lib/python3.8/site-packages/airflow/example_dags/example_setup_teardown_taskflow.py for tasks to queue
[2023-11-25T11:10:44.476+0000] {logging_mixin.py:154} INFO - [2023-11-25T11:10:44.476+0000] {dagbag.py:536} INFO - Filling up the DagBag from /home/airflow/.local/lib/python3.8/site-packages/airflow/example_dags/example_setup_teardown_taskflow.py
[2023-11-25T11:10:44.485+0000] {processor.py:839} INFO - DAG(s) dict_keys(['example_setup_teardown_taskflow']) retrieved from /home/airflow/.local/lib/python3.8/site-packages/airflow/example_dags/example_setup_teardown_taskflow.py
[2023-11-25T11:10:44.504+0000] {logging_mixin.py:154} INFO - [2023-11-25T11:10:44.503+0000] {dag.py:2941} INFO - Sync 1 DAGs
[2023-11-25T11:10:44.522+0000] {logging_mixin.py:154} INFO - [2023-11-25T11:10:44.522+0000] {dag.py:3722} INFO - Setting next_dagrun for example_setup_teardown_taskflow to 2023-11-24T11:10:44.522199+00:00, run_after=2023-11-25T11:10:44.522199+00:00
[2023-11-25T11:10:44.549+0000] {processor.py:179} INFO - Processing /home/airflow/.local/lib/python3.8/site-packages/airflow/example_dags/example_setup_teardown_taskflow.py took 0.079 seconds
[2023-11-25T11:11:15.562+0000] {processor.py:157} INFO - Started process (PID=423) to work on /home/airflow/.local/lib/python3.8/site-packages/airflow/example_dags/example_setup_teardown_taskflow.py
[2023-11-25T11:11:15.563+0000] {processor.py:829} INFO - Processing file /home/airflow/.local/lib/python3.8/site-packages/airflow/example_dags/example_setup_teardown_taskflow.py for tasks to queue
[2023-11-25T11:11:15.565+0000] {logging_mixin.py:154} INFO - [2023-11-25T11:11:15.565+0000] {dagbag.py:536} INFO - Filling up the DagBag from /home/airflow/.local/lib/python3.8/site-packages/airflow/example_dags/example_setup_teardown_taskflow.py
[2023-11-25T11:11:15.573+0000] {processor.py:839} INFO - DAG(s) dict_keys(['example_setup_teardown_taskflow']) retrieved from /home/airflow/.local/lib/python3.8/site-packages/airflow/example_dags/example_setup_teardown_taskflow.py
[2023-11-25T11:11:15.592+0000] {logging_mixin.py:154} INFO - [2023-11-25T11:11:15.592+0000] {dag.py:2941} INFO - Sync 1 DAGs
[2023-11-25T11:11:15.611+0000] {logging_mixin.py:154} INFO - [2023-11-25T11:11:15.611+0000] {dag.py:3722} INFO - Setting next_dagrun for example_setup_teardown_taskflow to 2023-11-24T11:11:15.610902+00:00, run_after=2023-11-25T11:11:15.610902+00:00
[2023-11-25T11:11:15.626+0000] {processor.py:179} INFO - Processing /home/airflow/.local/lib/python3.8/site-packages/airflow/example_dags/example_setup_teardown_taskflow.py took 0.068 seconds
[2023-11-25T11:11:45.895+0000] {processor.py:157} INFO - Started process (PID=477) to work on /home/airflow/.local/lib/python3.8/site-packages/airflow/example_dags/example_setup_teardown_taskflow.py
[2023-11-25T11:11:45.896+0000] {processor.py:829} INFO - Processing file /home/airflow/.local/lib/python3.8/site-packages/airflow/example_dags/example_setup_teardown_taskflow.py for tasks to queue
[2023-11-25T11:11:45.898+0000] {logging_mixin.py:154} INFO - [2023-11-25T11:11:45.898+0000] {dagbag.py:536} INFO - Filling up the DagBag from /home/airflow/.local/lib/python3.8/site-packages/airflow/example_dags/example_setup_teardown_taskflow.py
[2023-11-25T11:11:45.907+0000] {processor.py:839} INFO - DAG(s) dict_keys(['example_setup_teardown_taskflow']) retrieved from /home/airflow/.local/lib/python3.8/site-packages/airflow/example_dags/example_setup_teardown_taskflow.py
[2023-11-25T11:11:45.928+0000] {logging_mixin.py:154} INFO - [2023-11-25T11:11:45.928+0000] {dag.py:2941} INFO - Sync 1 DAGs
[2023-11-25T11:11:45.951+0000] {logging_mixin.py:154} INFO - [2023-11-25T11:11:45.951+0000] {dag.py:3722} INFO - Setting next_dagrun for example_setup_teardown_taskflow to 2023-11-24T11:11:45.950875+00:00, run_after=2023-11-25T11:11:45.950875+00:00
[2023-11-25T11:11:45.967+0000] {processor.py:179} INFO - Processing /home/airflow/.local/lib/python3.8/site-packages/airflow/example_dags/example_setup_teardown_taskflow.py took 0.074 seconds
[2023-11-25T11:12:16.851+0000] {processor.py:157} INFO - Started process (PID=532) to work on /home/airflow/.local/lib/python3.8/site-packages/airflow/example_dags/example_setup_teardown_taskflow.py
[2023-11-25T11:12:16.855+0000] {processor.py:829} INFO - Processing file /home/airflow/.local/lib/python3.8/site-packages/airflow/example_dags/example_setup_teardown_taskflow.py for tasks to queue
[2023-11-25T11:12:16.859+0000] {logging_mixin.py:154} INFO - [2023-11-25T11:12:16.859+0000] {dagbag.py:536} INFO - Filling up the DagBag from /home/airflow/.local/lib/python3.8/site-packages/airflow/example_dags/example_setup_teardown_taskflow.py
[2023-11-25T11:12:16.874+0000] {processor.py:839} INFO - DAG(s) dict_keys(['example_setup_teardown_taskflow']) retrieved from /home/airflow/.local/lib/python3.8/site-packages/airflow/example_dags/example_setup_teardown_taskflow.py
[2023-11-25T11:12:16.903+0000] {logging_mixin.py:154} INFO - [2023-11-25T11:12:16.903+0000] {dag.py:2941} INFO - Sync 1 DAGs
[2023-11-25T11:12:16.963+0000] {logging_mixin.py:154} INFO - [2023-11-25T11:12:16.963+0000] {dag.py:3722} INFO - Setting next_dagrun for example_setup_teardown_taskflow to 2023-11-24T11:12:16.963524+00:00, run_after=2023-11-25T11:12:16.963524+00:00
[2023-11-25T11:12:16.984+0000] {processor.py:179} INFO - Processing /home/airflow/.local/lib/python3.8/site-packages/airflow/example_dags/example_setup_teardown_taskflow.py took 0.137 seconds
[2023-11-25T11:12:47.520+0000] {processor.py:157} INFO - Started process (PID=585) to work on /home/airflow/.local/lib/python3.8/site-packages/airflow/example_dags/example_setup_teardown_taskflow.py
[2023-11-25T11:12:47.521+0000] {processor.py:829} INFO - Processing file /home/airflow/.local/lib/python3.8/site-packages/airflow/example_dags/example_setup_teardown_taskflow.py for tasks to queue
[2023-11-25T11:12:47.524+0000] {logging_mixin.py:154} INFO - [2023-11-25T11:12:47.523+0000] {dagbag.py:536} INFO - Filling up the DagBag from /home/airflow/.local/lib/python3.8/site-packages/airflow/example_dags/example_setup_teardown_taskflow.py
[2023-11-25T11:12:47.537+0000] {processor.py:839} INFO - DAG(s) dict_keys(['example_setup_teardown_taskflow']) retrieved from /home/airflow/.local/lib/python3.8/site-packages/airflow/example_dags/example_setup_teardown_taskflow.py
[2023-11-25T11:12:47.560+0000] {logging_mixin.py:154} INFO - [2023-11-25T11:12:47.559+0000] {dag.py:2941} INFO - Sync 1 DAGs
[2023-11-25T11:12:47.582+0000] {logging_mixin.py:154} INFO - [2023-11-25T11:12:47.582+0000] {dag.py:3722} INFO - Setting next_dagrun for example_setup_teardown_taskflow to 2023-11-24T11:12:47.582344+00:00, run_after=2023-11-25T11:12:47.582344+00:00
[2023-11-25T11:12:47.601+0000] {processor.py:179} INFO - Processing /home/airflow/.local/lib/python3.8/site-packages/airflow/example_dags/example_setup_teardown_taskflow.py took 0.084 seconds
[2023-11-25T11:13:18.525+0000] {processor.py:157} INFO - Started process (PID=639) to work on /home/airflow/.local/lib/python3.8/site-packages/airflow/example_dags/example_setup_teardown_taskflow.py
[2023-11-25T11:13:18.540+0000] {processor.py:829} INFO - Processing file /home/airflow/.local/lib/python3.8/site-packages/airflow/example_dags/example_setup_teardown_taskflow.py for tasks to queue
[2023-11-25T11:13:18.543+0000] {logging_mixin.py:154} INFO - [2023-11-25T11:13:18.543+0000] {dagbag.py:536} INFO - Filling up the DagBag from /home/airflow/.local/lib/python3.8/site-packages/airflow/example_dags/example_setup_teardown_taskflow.py
[2023-11-25T11:13:18.565+0000] {processor.py:839} INFO - DAG(s) dict_keys(['example_setup_teardown_taskflow']) retrieved from /home/airflow/.local/lib/python3.8/site-packages/airflow/example_dags/example_setup_teardown_taskflow.py
[2023-11-25T11:13:18.597+0000] {logging_mixin.py:154} INFO - [2023-11-25T11:13:18.597+0000] {dag.py:2941} INFO - Sync 1 DAGs
[2023-11-25T11:13:18.625+0000] {logging_mixin.py:154} INFO - [2023-11-25T11:13:18.625+0000] {dag.py:3722} INFO - Setting next_dagrun for example_setup_teardown_taskflow to 2023-11-24T11:13:18.624866+00:00, run_after=2023-11-25T11:13:18.624866+00:00
[2023-11-25T11:13:18.650+0000] {processor.py:179} INFO - Processing /home/airflow/.local/lib/python3.8/site-packages/airflow/example_dags/example_setup_teardown_taskflow.py took 0.134 seconds
[2023-11-25T11:13:49.088+0000] {processor.py:157} INFO - Started process (PID=702) to work on /home/airflow/.local/lib/python3.8/site-packages/airflow/example_dags/example_setup_teardown_taskflow.py
[2023-11-25T11:13:49.094+0000] {processor.py:829} INFO - Processing file /home/airflow/.local/lib/python3.8/site-packages/airflow/example_dags/example_setup_teardown_taskflow.py for tasks to queue
[2023-11-25T11:13:49.096+0000] {logging_mixin.py:154} INFO - [2023-11-25T11:13:49.096+0000] {dagbag.py:536} INFO - Filling up the DagBag from /home/airflow/.local/lib/python3.8/site-packages/airflow/example_dags/example_setup_teardown_taskflow.py
[2023-11-25T11:13:49.109+0000] {processor.py:839} INFO - DAG(s) dict_keys(['example_setup_teardown_taskflow']) retrieved from /home/airflow/.local/lib/python3.8/site-packages/airflow/example_dags/example_setup_teardown_taskflow.py
[2023-11-25T11:13:49.141+0000] {logging_mixin.py:154} INFO - [2023-11-25T11:13:49.141+0000] {dag.py:2941} INFO - Sync 1 DAGs
[2023-11-25T11:13:49.174+0000] {logging_mixin.py:154} INFO - [2023-11-25T11:13:49.173+0000] {dag.py:3722} INFO - Setting next_dagrun for example_setup_teardown_taskflow to 2023-11-24T11:13:49.173498+00:00, run_after=2023-11-25T11:13:49.173498+00:00
[2023-11-25T11:13:49.199+0000] {processor.py:179} INFO - Processing /home/airflow/.local/lib/python3.8/site-packages/airflow/example_dags/example_setup_teardown_taskflow.py took 0.115 seconds
