[2023-11-25T10:23:20.411+0000] {processor.py:157} INFO - Started process (PID=57) to work on /home/airflow/.local/lib/python3.8/site-packages/airflow/example_dags/example_branch_labels.py
[2023-11-25T10:23:20.412+0000] {processor.py:829} INFO - Processing file /home/airflow/.local/lib/python3.8/site-packages/airflow/example_dags/example_branch_labels.py for tasks to queue
[2023-11-25T10:23:20.415+0000] {logging_mixin.py:154} INFO - [2023-11-25T10:23:20.415+0000] {dagbag.py:536} INFO - Filling up the DagBag from /home/airflow/.local/lib/python3.8/site-packages/airflow/example_dags/example_branch_labels.py
[2023-11-25T10:23:20.431+0000] {processor.py:839} INFO - DAG(s) dict_keys(['example_branch_labels']) retrieved from /home/airflow/.local/lib/python3.8/site-packages/airflow/example_dags/example_branch_labels.py
[2023-11-25T10:23:20.493+0000] {logging_mixin.py:154} INFO - [2023-11-25T10:23:20.492+0000] {dag.py:2941} INFO - Sync 1 DAGs
[2023-11-25T10:23:20.561+0000] {logging_mixin.py:154} INFO - [2023-11-25T10:23:20.561+0000] {dag.py:3722} INFO - Setting next_dagrun for example_branch_labels to 2023-11-24T00:00:00+00:00, run_after=2023-11-25T00:00:00+00:00
[2023-11-25T10:23:20.629+0000] {processor.py:179} INFO - Processing /home/airflow/.local/lib/python3.8/site-packages/airflow/example_dags/example_branch_labels.py took 0.223 seconds
[2023-11-25T10:23:51.470+0000] {processor.py:157} INFO - Started process (PID=111) to work on /home/airflow/.local/lib/python3.8/site-packages/airflow/example_dags/example_branch_labels.py
[2023-11-25T10:23:51.471+0000] {processor.py:829} INFO - Processing file /home/airflow/.local/lib/python3.8/site-packages/airflow/example_dags/example_branch_labels.py for tasks to queue
[2023-11-25T10:23:51.473+0000] {logging_mixin.py:154} INFO - [2023-11-25T10:23:51.473+0000] {dagbag.py:536} INFO - Filling up the DagBag from /home/airflow/.local/lib/python3.8/site-packages/airflow/example_dags/example_branch_labels.py
[2023-11-25T10:23:51.481+0000] {processor.py:839} INFO - DAG(s) dict_keys(['example_branch_labels']) retrieved from /home/airflow/.local/lib/python3.8/site-packages/airflow/example_dags/example_branch_labels.py
[2023-11-25T10:23:51.500+0000] {logging_mixin.py:154} INFO - [2023-11-25T10:23:51.499+0000] {dag.py:2941} INFO - Sync 1 DAGs
[2023-11-25T10:23:51.543+0000] {logging_mixin.py:154} INFO - [2023-11-25T10:23:51.542+0000] {dag.py:3722} INFO - Setting next_dagrun for example_branch_labels to 2023-11-24T00:00:00+00:00, run_after=2023-11-25T00:00:00+00:00
[2023-11-25T10:23:51.571+0000] {processor.py:179} INFO - Processing /home/airflow/.local/lib/python3.8/site-packages/airflow/example_dags/example_branch_labels.py took 0.104 seconds
[2023-11-25T10:24:22.253+0000] {processor.py:157} INFO - Started process (PID=165) to work on /home/airflow/.local/lib/python3.8/site-packages/airflow/example_dags/example_branch_labels.py
[2023-11-25T10:24:22.257+0000] {processor.py:829} INFO - Processing file /home/airflow/.local/lib/python3.8/site-packages/airflow/example_dags/example_branch_labels.py for tasks to queue
[2023-11-25T10:24:22.259+0000] {logging_mixin.py:154} INFO - [2023-11-25T10:24:22.259+0000] {dagbag.py:536} INFO - Filling up the DagBag from /home/airflow/.local/lib/python3.8/site-packages/airflow/example_dags/example_branch_labels.py
[2023-11-25T10:24:22.272+0000] {processor.py:839} INFO - DAG(s) dict_keys(['example_branch_labels']) retrieved from /home/airflow/.local/lib/python3.8/site-packages/airflow/example_dags/example_branch_labels.py
[2023-11-25T10:24:22.298+0000] {logging_mixin.py:154} INFO - [2023-11-25T10:24:22.298+0000] {dag.py:2941} INFO - Sync 1 DAGs
[2023-11-25T10:24:22.331+0000] {logging_mixin.py:154} INFO - [2023-11-25T10:24:22.330+0000] {dag.py:3722} INFO - Setting next_dagrun for example_branch_labels to 2023-11-24T00:00:00+00:00, run_after=2023-11-25T00:00:00+00:00
[2023-11-25T10:24:22.357+0000] {processor.py:179} INFO - Processing /home/airflow/.local/lib/python3.8/site-packages/airflow/example_dags/example_branch_labels.py took 0.108 seconds
[2023-11-25T10:24:52.420+0000] {processor.py:157} INFO - Started process (PID=219) to work on /home/airflow/.local/lib/python3.8/site-packages/airflow/example_dags/example_branch_labels.py
[2023-11-25T10:24:52.421+0000] {processor.py:829} INFO - Processing file /home/airflow/.local/lib/python3.8/site-packages/airflow/example_dags/example_branch_labels.py for tasks to queue
[2023-11-25T10:24:52.423+0000] {logging_mixin.py:154} INFO - [2023-11-25T10:24:52.423+0000] {dagbag.py:536} INFO - Filling up the DagBag from /home/airflow/.local/lib/python3.8/site-packages/airflow/example_dags/example_branch_labels.py
[2023-11-25T10:24:52.431+0000] {processor.py:839} INFO - DAG(s) dict_keys(['example_branch_labels']) retrieved from /home/airflow/.local/lib/python3.8/site-packages/airflow/example_dags/example_branch_labels.py
[2023-11-25T10:24:52.454+0000] {logging_mixin.py:154} INFO - [2023-11-25T10:24:52.454+0000] {dag.py:2941} INFO - Sync 1 DAGs
[2023-11-25T10:24:52.476+0000] {logging_mixin.py:154} INFO - [2023-11-25T10:24:52.476+0000] {dag.py:3722} INFO - Setting next_dagrun for example_branch_labels to 2023-11-24T00:00:00+00:00, run_after=2023-11-25T00:00:00+00:00
[2023-11-25T10:24:52.492+0000] {processor.py:179} INFO - Processing /home/airflow/.local/lib/python3.8/site-packages/airflow/example_dags/example_branch_labels.py took 0.076 seconds
[2023-11-25T10:25:23.014+0000] {processor.py:157} INFO - Started process (PID=273) to work on /home/airflow/.local/lib/python3.8/site-packages/airflow/example_dags/example_branch_labels.py
[2023-11-25T10:25:23.015+0000] {processor.py:829} INFO - Processing file /home/airflow/.local/lib/python3.8/site-packages/airflow/example_dags/example_branch_labels.py for tasks to queue
[2023-11-25T10:25:23.017+0000] {logging_mixin.py:154} INFO - [2023-11-25T10:25:23.017+0000] {dagbag.py:536} INFO - Filling up the DagBag from /home/airflow/.local/lib/python3.8/site-packages/airflow/example_dags/example_branch_labels.py
[2023-11-25T10:25:23.025+0000] {processor.py:839} INFO - DAG(s) dict_keys(['example_branch_labels']) retrieved from /home/airflow/.local/lib/python3.8/site-packages/airflow/example_dags/example_branch_labels.py
[2023-11-25T10:25:23.046+0000] {logging_mixin.py:154} INFO - [2023-11-25T10:25:23.046+0000] {dag.py:2941} INFO - Sync 1 DAGs
[2023-11-25T10:25:23.071+0000] {logging_mixin.py:154} INFO - [2023-11-25T10:25:23.071+0000] {dag.py:3722} INFO - Setting next_dagrun for example_branch_labels to 2023-11-24T00:00:00+00:00, run_after=2023-11-25T00:00:00+00:00
[2023-11-25T10:25:23.090+0000] {processor.py:179} INFO - Processing /home/airflow/.local/lib/python3.8/site-packages/airflow/example_dags/example_branch_labels.py took 0.079 seconds
[2023-11-25T10:25:53.588+0000] {processor.py:157} INFO - Started process (PID=327) to work on /home/airflow/.local/lib/python3.8/site-packages/airflow/example_dags/example_branch_labels.py
[2023-11-25T10:25:53.588+0000] {processor.py:829} INFO - Processing file /home/airflow/.local/lib/python3.8/site-packages/airflow/example_dags/example_branch_labels.py for tasks to queue
[2023-11-25T10:25:53.590+0000] {logging_mixin.py:154} INFO - [2023-11-25T10:25:53.590+0000] {dagbag.py:536} INFO - Filling up the DagBag from /home/airflow/.local/lib/python3.8/site-packages/airflow/example_dags/example_branch_labels.py
[2023-11-25T10:25:53.598+0000] {processor.py:839} INFO - DAG(s) dict_keys(['example_branch_labels']) retrieved from /home/airflow/.local/lib/python3.8/site-packages/airflow/example_dags/example_branch_labels.py
[2023-11-25T10:25:53.618+0000] {logging_mixin.py:154} INFO - [2023-11-25T10:25:53.618+0000] {dag.py:2941} INFO - Sync 1 DAGs
[2023-11-25T10:25:53.640+0000] {logging_mixin.py:154} INFO - [2023-11-25T10:25:53.639+0000] {dag.py:3722} INFO - Setting next_dagrun for example_branch_labels to 2023-11-24T00:00:00+00:00, run_after=2023-11-25T00:00:00+00:00
[2023-11-25T10:25:53.654+0000] {processor.py:179} INFO - Processing /home/airflow/.local/lib/python3.8/site-packages/airflow/example_dags/example_branch_labels.py took 0.069 seconds
[2023-11-25T10:26:23.925+0000] {processor.py:157} INFO - Started process (PID=381) to work on /home/airflow/.local/lib/python3.8/site-packages/airflow/example_dags/example_branch_labels.py
[2023-11-25T10:26:23.926+0000] {processor.py:829} INFO - Processing file /home/airflow/.local/lib/python3.8/site-packages/airflow/example_dags/example_branch_labels.py for tasks to queue
[2023-11-25T10:26:23.929+0000] {logging_mixin.py:154} INFO - [2023-11-25T10:26:23.928+0000] {dagbag.py:536} INFO - Filling up the DagBag from /home/airflow/.local/lib/python3.8/site-packages/airflow/example_dags/example_branch_labels.py
[2023-11-25T10:26:23.936+0000] {processor.py:839} INFO - DAG(s) dict_keys(['example_branch_labels']) retrieved from /home/airflow/.local/lib/python3.8/site-packages/airflow/example_dags/example_branch_labels.py
[2023-11-25T10:26:23.956+0000] {logging_mixin.py:154} INFO - [2023-11-25T10:26:23.956+0000] {dag.py:2941} INFO - Sync 1 DAGs
[2023-11-25T10:26:23.986+0000] {logging_mixin.py:154} INFO - [2023-11-25T10:26:23.986+0000] {dag.py:3722} INFO - Setting next_dagrun for example_branch_labels to 2023-11-24T00:00:00+00:00, run_after=2023-11-25T00:00:00+00:00
[2023-11-25T10:26:24.007+0000] {processor.py:179} INFO - Processing /home/airflow/.local/lib/python3.8/site-packages/airflow/example_dags/example_branch_labels.py took 0.085 seconds
[2023-11-25T10:26:54.732+0000] {processor.py:157} INFO - Started process (PID=435) to work on /home/airflow/.local/lib/python3.8/site-packages/airflow/example_dags/example_branch_labels.py
[2023-11-25T10:26:54.733+0000] {processor.py:829} INFO - Processing file /home/airflow/.local/lib/python3.8/site-packages/airflow/example_dags/example_branch_labels.py for tasks to queue
[2023-11-25T10:26:54.734+0000] {logging_mixin.py:154} INFO - [2023-11-25T10:26:54.734+0000] {dagbag.py:536} INFO - Filling up the DagBag from /home/airflow/.local/lib/python3.8/site-packages/airflow/example_dags/example_branch_labels.py
[2023-11-25T10:26:54.741+0000] {processor.py:839} INFO - DAG(s) dict_keys(['example_branch_labels']) retrieved from /home/airflow/.local/lib/python3.8/site-packages/airflow/example_dags/example_branch_labels.py
[2023-11-25T10:26:54.760+0000] {logging_mixin.py:154} INFO - [2023-11-25T10:26:54.760+0000] {dag.py:2941} INFO - Sync 1 DAGs
[2023-11-25T10:26:54.788+0000] {logging_mixin.py:154} INFO - [2023-11-25T10:26:54.788+0000] {dag.py:3722} INFO - Setting next_dagrun for example_branch_labels to 2023-11-24T00:00:00+00:00, run_after=2023-11-25T00:00:00+00:00
[2023-11-25T10:26:54.808+0000] {processor.py:179} INFO - Processing /home/airflow/.local/lib/python3.8/site-packages/airflow/example_dags/example_branch_labels.py took 0.079 seconds
[2023-11-25T10:27:25.320+0000] {processor.py:157} INFO - Started process (PID=489) to work on /home/airflow/.local/lib/python3.8/site-packages/airflow/example_dags/example_branch_labels.py
[2023-11-25T10:27:25.325+0000] {processor.py:829} INFO - Processing file /home/airflow/.local/lib/python3.8/site-packages/airflow/example_dags/example_branch_labels.py for tasks to queue
[2023-11-25T10:27:25.326+0000] {logging_mixin.py:154} INFO - [2023-11-25T10:27:25.326+0000] {dagbag.py:536} INFO - Filling up the DagBag from /home/airflow/.local/lib/python3.8/site-packages/airflow/example_dags/example_branch_labels.py
[2023-11-25T10:27:25.333+0000] {processor.py:839} INFO - DAG(s) dict_keys(['example_branch_labels']) retrieved from /home/airflow/.local/lib/python3.8/site-packages/airflow/example_dags/example_branch_labels.py
[2023-11-25T10:27:25.352+0000] {logging_mixin.py:154} INFO - [2023-11-25T10:27:25.352+0000] {dag.py:2941} INFO - Sync 1 DAGs
[2023-11-25T10:27:25.373+0000] {logging_mixin.py:154} INFO - [2023-11-25T10:27:25.373+0000] {dag.py:3722} INFO - Setting next_dagrun for example_branch_labels to 2023-11-24T00:00:00+00:00, run_after=2023-11-25T00:00:00+00:00
[2023-11-25T10:27:25.387+0000] {processor.py:179} INFO - Processing /home/airflow/.local/lib/python3.8/site-packages/airflow/example_dags/example_branch_labels.py took 0.070 seconds
[2023-11-25T10:27:56.078+0000] {processor.py:157} INFO - Started process (PID=542) to work on /home/airflow/.local/lib/python3.8/site-packages/airflow/example_dags/example_branch_labels.py
[2023-11-25T10:27:56.079+0000] {processor.py:829} INFO - Processing file /home/airflow/.local/lib/python3.8/site-packages/airflow/example_dags/example_branch_labels.py for tasks to queue
[2023-11-25T10:27:56.081+0000] {logging_mixin.py:154} INFO - [2023-11-25T10:27:56.081+0000] {dagbag.py:536} INFO - Filling up the DagBag from /home/airflow/.local/lib/python3.8/site-packages/airflow/example_dags/example_branch_labels.py
[2023-11-25T10:27:56.092+0000] {processor.py:839} INFO - DAG(s) dict_keys(['example_branch_labels']) retrieved from /home/airflow/.local/lib/python3.8/site-packages/airflow/example_dags/example_branch_labels.py
[2023-11-25T10:27:56.121+0000] {logging_mixin.py:154} INFO - [2023-11-25T10:27:56.120+0000] {dag.py:2941} INFO - Sync 1 DAGs
[2023-11-25T10:27:56.170+0000] {logging_mixin.py:154} INFO - [2023-11-25T10:27:56.170+0000] {dag.py:3722} INFO - Setting next_dagrun for example_branch_labels to 2023-11-24T00:00:00+00:00, run_after=2023-11-25T00:00:00+00:00
[2023-11-25T10:27:56.202+0000] {processor.py:179} INFO - Processing /home/airflow/.local/lib/python3.8/site-packages/airflow/example_dags/example_branch_labels.py took 0.128 seconds
[2023-11-25T10:28:26.793+0000] {processor.py:157} INFO - Started process (PID=602) to work on /home/airflow/.local/lib/python3.8/site-packages/airflow/example_dags/example_branch_labels.py
[2023-11-25T10:28:26.796+0000] {processor.py:829} INFO - Processing file /home/airflow/.local/lib/python3.8/site-packages/airflow/example_dags/example_branch_labels.py for tasks to queue
[2023-11-25T10:28:26.799+0000] {logging_mixin.py:154} INFO - [2023-11-25T10:28:26.798+0000] {dagbag.py:536} INFO - Filling up the DagBag from /home/airflow/.local/lib/python3.8/site-packages/airflow/example_dags/example_branch_labels.py
[2023-11-25T10:28:26.813+0000] {processor.py:839} INFO - DAG(s) dict_keys(['example_branch_labels']) retrieved from /home/airflow/.local/lib/python3.8/site-packages/airflow/example_dags/example_branch_labels.py
[2023-11-25T10:28:26.844+0000] {logging_mixin.py:154} INFO - [2023-11-25T10:28:26.843+0000] {dag.py:2941} INFO - Sync 1 DAGs
[2023-11-25T10:28:26.882+0000] {logging_mixin.py:154} INFO - [2023-11-25T10:28:26.882+0000] {dag.py:3722} INFO - Setting next_dagrun for example_branch_labels to 2023-11-24T00:00:00+00:00, run_after=2023-11-25T00:00:00+00:00
[2023-11-25T10:28:26.918+0000] {processor.py:179} INFO - Processing /home/airflow/.local/lib/python3.8/site-packages/airflow/example_dags/example_branch_labels.py took 0.129 seconds
[2023-11-25T10:28:57.085+0000] {processor.py:157} INFO - Started process (PID=656) to work on /home/airflow/.local/lib/python3.8/site-packages/airflow/example_dags/example_branch_labels.py
[2023-11-25T10:28:57.088+0000] {processor.py:829} INFO - Processing file /home/airflow/.local/lib/python3.8/site-packages/airflow/example_dags/example_branch_labels.py for tasks to queue
[2023-11-25T10:28:57.097+0000] {logging_mixin.py:154} INFO - [2023-11-25T10:28:57.096+0000] {dagbag.py:536} INFO - Filling up the DagBag from /home/airflow/.local/lib/python3.8/site-packages/airflow/example_dags/example_branch_labels.py
[2023-11-25T10:28:57.114+0000] {processor.py:839} INFO - DAG(s) dict_keys(['example_branch_labels']) retrieved from /home/airflow/.local/lib/python3.8/site-packages/airflow/example_dags/example_branch_labels.py
[2023-11-25T10:28:57.155+0000] {logging_mixin.py:154} INFO - [2023-11-25T10:28:57.155+0000] {dag.py:2941} INFO - Sync 1 DAGs
[2023-11-25T10:28:57.195+0000] {logging_mixin.py:154} INFO - [2023-11-25T10:28:57.195+0000] {dag.py:3722} INFO - Setting next_dagrun for example_branch_labels to 2023-11-24T00:00:00+00:00, run_after=2023-11-25T00:00:00+00:00
[2023-11-25T10:28:57.226+0000] {processor.py:179} INFO - Processing /home/airflow/.local/lib/python3.8/site-packages/airflow/example_dags/example_branch_labels.py took 0.146 seconds
[2023-11-25T10:29:27.300+0000] {processor.py:157} INFO - Started process (PID=710) to work on /home/airflow/.local/lib/python3.8/site-packages/airflow/example_dags/example_branch_labels.py
[2023-11-25T10:29:27.301+0000] {processor.py:829} INFO - Processing file /home/airflow/.local/lib/python3.8/site-packages/airflow/example_dags/example_branch_labels.py for tasks to queue
[2023-11-25T10:29:27.304+0000] {logging_mixin.py:154} INFO - [2023-11-25T10:29:27.303+0000] {dagbag.py:536} INFO - Filling up the DagBag from /home/airflow/.local/lib/python3.8/site-packages/airflow/example_dags/example_branch_labels.py
[2023-11-25T10:29:27.312+0000] {processor.py:839} INFO - DAG(s) dict_keys(['example_branch_labels']) retrieved from /home/airflow/.local/lib/python3.8/site-packages/airflow/example_dags/example_branch_labels.py
[2023-11-25T10:29:27.342+0000] {logging_mixin.py:154} INFO - [2023-11-25T10:29:27.342+0000] {dag.py:2941} INFO - Sync 1 DAGs
[2023-11-25T10:29:27.386+0000] {logging_mixin.py:154} INFO - [2023-11-25T10:29:27.386+0000] {dag.py:3722} INFO - Setting next_dagrun for example_branch_labels to 2023-11-24T00:00:00+00:00, run_after=2023-11-25T00:00:00+00:00
[2023-11-25T10:29:27.405+0000] {processor.py:179} INFO - Processing /home/airflow/.local/lib/python3.8/site-packages/airflow/example_dags/example_branch_labels.py took 0.109 seconds
[2023-11-25T10:29:57.450+0000] {processor.py:157} INFO - Started process (PID=764) to work on /home/airflow/.local/lib/python3.8/site-packages/airflow/example_dags/example_branch_labels.py
[2023-11-25T10:29:57.451+0000] {processor.py:829} INFO - Processing file /home/airflow/.local/lib/python3.8/site-packages/airflow/example_dags/example_branch_labels.py for tasks to queue
[2023-11-25T10:29:57.453+0000] {logging_mixin.py:154} INFO - [2023-11-25T10:29:57.453+0000] {dagbag.py:536} INFO - Filling up the DagBag from /home/airflow/.local/lib/python3.8/site-packages/airflow/example_dags/example_branch_labels.py
[2023-11-25T10:29:57.460+0000] {processor.py:839} INFO - DAG(s) dict_keys(['example_branch_labels']) retrieved from /home/airflow/.local/lib/python3.8/site-packages/airflow/example_dags/example_branch_labels.py
[2023-11-25T10:29:57.482+0000] {logging_mixin.py:154} INFO - [2023-11-25T10:29:57.481+0000] {dag.py:2941} INFO - Sync 1 DAGs
[2023-11-25T10:29:57.512+0000] {logging_mixin.py:154} INFO - [2023-11-25T10:29:57.512+0000] {dag.py:3722} INFO - Setting next_dagrun for example_branch_labels to 2023-11-24T00:00:00+00:00, run_after=2023-11-25T00:00:00+00:00
[2023-11-25T10:29:57.532+0000] {processor.py:179} INFO - Processing /home/airflow/.local/lib/python3.8/site-packages/airflow/example_dags/example_branch_labels.py took 0.085 seconds
[2023-11-25T10:30:28.078+0000] {processor.py:157} INFO - Started process (PID=818) to work on /home/airflow/.local/lib/python3.8/site-packages/airflow/example_dags/example_branch_labels.py
[2023-11-25T10:30:28.079+0000] {processor.py:829} INFO - Processing file /home/airflow/.local/lib/python3.8/site-packages/airflow/example_dags/example_branch_labels.py for tasks to queue
[2023-11-25T10:30:28.082+0000] {logging_mixin.py:154} INFO - [2023-11-25T10:30:28.081+0000] {dagbag.py:536} INFO - Filling up the DagBag from /home/airflow/.local/lib/python3.8/site-packages/airflow/example_dags/example_branch_labels.py
[2023-11-25T10:30:28.091+0000] {processor.py:839} INFO - DAG(s) dict_keys(['example_branch_labels']) retrieved from /home/airflow/.local/lib/python3.8/site-packages/airflow/example_dags/example_branch_labels.py
[2023-11-25T10:30:28.114+0000] {logging_mixin.py:154} INFO - [2023-11-25T10:30:28.113+0000] {dag.py:2941} INFO - Sync 1 DAGs
[2023-11-25T10:30:28.136+0000] {logging_mixin.py:154} INFO - [2023-11-25T10:30:28.136+0000] {dag.py:3722} INFO - Setting next_dagrun for example_branch_labels to 2023-11-24T00:00:00+00:00, run_after=2023-11-25T00:00:00+00:00
[2023-11-25T10:30:28.168+0000] {processor.py:179} INFO - Processing /home/airflow/.local/lib/python3.8/site-packages/airflow/example_dags/example_branch_labels.py took 0.094 seconds
[2023-11-25T10:30:58.729+0000] {processor.py:157} INFO - Started process (PID=872) to work on /home/airflow/.local/lib/python3.8/site-packages/airflow/example_dags/example_branch_labels.py
[2023-11-25T10:30:58.730+0000] {processor.py:829} INFO - Processing file /home/airflow/.local/lib/python3.8/site-packages/airflow/example_dags/example_branch_labels.py for tasks to queue
[2023-11-25T10:30:58.733+0000] {logging_mixin.py:154} INFO - [2023-11-25T10:30:58.732+0000] {dagbag.py:536} INFO - Filling up the DagBag from /home/airflow/.local/lib/python3.8/site-packages/airflow/example_dags/example_branch_labels.py
[2023-11-25T10:30:58.742+0000] {processor.py:839} INFO - DAG(s) dict_keys(['example_branch_labels']) retrieved from /home/airflow/.local/lib/python3.8/site-packages/airflow/example_dags/example_branch_labels.py
[2023-11-25T10:30:58.766+0000] {logging_mixin.py:154} INFO - [2023-11-25T10:30:58.766+0000] {dag.py:2941} INFO - Sync 1 DAGs
[2023-11-25T10:30:58.788+0000] {logging_mixin.py:154} INFO - [2023-11-25T10:30:58.788+0000] {dag.py:3722} INFO - Setting next_dagrun for example_branch_labels to 2023-11-24T00:00:00+00:00, run_after=2023-11-25T00:00:00+00:00
[2023-11-25T10:30:58.803+0000] {processor.py:179} INFO - Processing /home/airflow/.local/lib/python3.8/site-packages/airflow/example_dags/example_branch_labels.py took 0.078 seconds
[2023-11-25T10:31:29.881+0000] {processor.py:157} INFO - Started process (PID=925) to work on /home/airflow/.local/lib/python3.8/site-packages/airflow/example_dags/example_branch_labels.py
[2023-11-25T10:31:29.882+0000] {processor.py:829} INFO - Processing file /home/airflow/.local/lib/python3.8/site-packages/airflow/example_dags/example_branch_labels.py for tasks to queue
[2023-11-25T10:31:29.885+0000] {logging_mixin.py:154} INFO - [2023-11-25T10:31:29.884+0000] {dagbag.py:536} INFO - Filling up the DagBag from /home/airflow/.local/lib/python3.8/site-packages/airflow/example_dags/example_branch_labels.py
[2023-11-25T10:31:29.895+0000] {processor.py:839} INFO - DAG(s) dict_keys(['example_branch_labels']) retrieved from /home/airflow/.local/lib/python3.8/site-packages/airflow/example_dags/example_branch_labels.py
[2023-11-25T10:31:29.927+0000] {logging_mixin.py:154} INFO - [2023-11-25T10:31:29.927+0000] {dag.py:2941} INFO - Sync 1 DAGs
[2023-11-25T10:31:29.963+0000] {logging_mixin.py:154} INFO - [2023-11-25T10:31:29.963+0000] {dag.py:3722} INFO - Setting next_dagrun for example_branch_labels to 2023-11-24T00:00:00+00:00, run_after=2023-11-25T00:00:00+00:00
[2023-11-25T10:31:29.986+0000] {processor.py:179} INFO - Processing /home/airflow/.local/lib/python3.8/site-packages/airflow/example_dags/example_branch_labels.py took 0.108 seconds
[2023-11-25T10:32:00.468+0000] {processor.py:157} INFO - Started process (PID=979) to work on /home/airflow/.local/lib/python3.8/site-packages/airflow/example_dags/example_branch_labels.py
[2023-11-25T10:32:00.469+0000] {processor.py:829} INFO - Processing file /home/airflow/.local/lib/python3.8/site-packages/airflow/example_dags/example_branch_labels.py for tasks to queue
[2023-11-25T10:32:00.471+0000] {logging_mixin.py:154} INFO - [2023-11-25T10:32:00.470+0000] {dagbag.py:536} INFO - Filling up the DagBag from /home/airflow/.local/lib/python3.8/site-packages/airflow/example_dags/example_branch_labels.py
[2023-11-25T10:32:00.478+0000] {processor.py:839} INFO - DAG(s) dict_keys(['example_branch_labels']) retrieved from /home/airflow/.local/lib/python3.8/site-packages/airflow/example_dags/example_branch_labels.py
[2023-11-25T10:32:00.504+0000] {logging_mixin.py:154} INFO - [2023-11-25T10:32:00.503+0000] {dag.py:2941} INFO - Sync 1 DAGs
[2023-11-25T10:32:00.539+0000] {logging_mixin.py:154} INFO - [2023-11-25T10:32:00.539+0000] {dag.py:3722} INFO - Setting next_dagrun for example_branch_labels to 2023-11-24T00:00:00+00:00, run_after=2023-11-25T00:00:00+00:00
[2023-11-25T10:32:00.565+0000] {processor.py:179} INFO - Processing /home/airflow/.local/lib/python3.8/site-packages/airflow/example_dags/example_branch_labels.py took 0.101 seconds
[2023-11-25T10:32:30.734+0000] {processor.py:157} INFO - Started process (PID=1033) to work on /home/airflow/.local/lib/python3.8/site-packages/airflow/example_dags/example_branch_labels.py
[2023-11-25T10:32:30.737+0000] {processor.py:829} INFO - Processing file /home/airflow/.local/lib/python3.8/site-packages/airflow/example_dags/example_branch_labels.py for tasks to queue
[2023-11-25T10:32:30.739+0000] {logging_mixin.py:154} INFO - [2023-11-25T10:32:30.739+0000] {dagbag.py:536} INFO - Filling up the DagBag from /home/airflow/.local/lib/python3.8/site-packages/airflow/example_dags/example_branch_labels.py
[2023-11-25T10:32:30.750+0000] {processor.py:839} INFO - DAG(s) dict_keys(['example_branch_labels']) retrieved from /home/airflow/.local/lib/python3.8/site-packages/airflow/example_dags/example_branch_labels.py
[2023-11-25T10:32:30.774+0000] {logging_mixin.py:154} INFO - [2023-11-25T10:32:30.774+0000] {dag.py:2941} INFO - Sync 1 DAGs
[2023-11-25T10:32:30.803+0000] {logging_mixin.py:154} INFO - [2023-11-25T10:32:30.803+0000] {dag.py:3722} INFO - Setting next_dagrun for example_branch_labels to 2023-11-24T00:00:00+00:00, run_after=2023-11-25T00:00:00+00:00
[2023-11-25T10:32:30.821+0000] {processor.py:179} INFO - Processing /home/airflow/.local/lib/python3.8/site-packages/airflow/example_dags/example_branch_labels.py took 0.090 seconds
[2023-11-25T10:33:01.806+0000] {processor.py:157} INFO - Started process (PID=1087) to work on /home/airflow/.local/lib/python3.8/site-packages/airflow/example_dags/example_branch_labels.py
[2023-11-25T10:33:01.807+0000] {processor.py:829} INFO - Processing file /home/airflow/.local/lib/python3.8/site-packages/airflow/example_dags/example_branch_labels.py for tasks to queue
[2023-11-25T10:33:01.810+0000] {logging_mixin.py:154} INFO - [2023-11-25T10:33:01.809+0000] {dagbag.py:536} INFO - Filling up the DagBag from /home/airflow/.local/lib/python3.8/site-packages/airflow/example_dags/example_branch_labels.py
[2023-11-25T10:33:01.819+0000] {processor.py:839} INFO - DAG(s) dict_keys(['example_branch_labels']) retrieved from /home/airflow/.local/lib/python3.8/site-packages/airflow/example_dags/example_branch_labels.py
[2023-11-25T10:33:01.844+0000] {logging_mixin.py:154} INFO - [2023-11-25T10:33:01.844+0000] {dag.py:2941} INFO - Sync 1 DAGs
[2023-11-25T10:33:02.061+0000] {logging_mixin.py:154} INFO - [2023-11-25T10:33:02.060+0000] {dag.py:3722} INFO - Setting next_dagrun for example_branch_labels to 2023-11-24T00:00:00+00:00, run_after=2023-11-25T00:00:00+00:00
[2023-11-25T10:33:02.088+0000] {processor.py:179} INFO - Processing /home/airflow/.local/lib/python3.8/site-packages/airflow/example_dags/example_branch_labels.py took 0.286 seconds
[2023-11-25T10:33:32.894+0000] {processor.py:157} INFO - Started process (PID=1141) to work on /home/airflow/.local/lib/python3.8/site-packages/airflow/example_dags/example_branch_labels.py
[2023-11-25T10:33:32.895+0000] {processor.py:829} INFO - Processing file /home/airflow/.local/lib/python3.8/site-packages/airflow/example_dags/example_branch_labels.py for tasks to queue
[2023-11-25T10:33:32.897+0000] {logging_mixin.py:154} INFO - [2023-11-25T10:33:32.897+0000] {dagbag.py:536} INFO - Filling up the DagBag from /home/airflow/.local/lib/python3.8/site-packages/airflow/example_dags/example_branch_labels.py
[2023-11-25T10:33:32.910+0000] {processor.py:839} INFO - DAG(s) dict_keys(['example_branch_labels']) retrieved from /home/airflow/.local/lib/python3.8/site-packages/airflow/example_dags/example_branch_labels.py
[2023-11-25T10:33:32.938+0000] {logging_mixin.py:154} INFO - [2023-11-25T10:33:32.937+0000] {dag.py:2941} INFO - Sync 1 DAGs
[2023-11-25T10:33:32.964+0000] {logging_mixin.py:154} INFO - [2023-11-25T10:33:32.964+0000] {dag.py:3722} INFO - Setting next_dagrun for example_branch_labels to 2023-11-24T00:00:00+00:00, run_after=2023-11-25T00:00:00+00:00
[2023-11-25T10:33:32.991+0000] {processor.py:179} INFO - Processing /home/airflow/.local/lib/python3.8/site-packages/airflow/example_dags/example_branch_labels.py took 0.102 seconds
[2023-11-25T10:34:03.930+0000] {processor.py:157} INFO - Started process (PID=1194) to work on /home/airflow/.local/lib/python3.8/site-packages/airflow/example_dags/example_branch_labels.py
[2023-11-25T10:34:03.930+0000] {processor.py:829} INFO - Processing file /home/airflow/.local/lib/python3.8/site-packages/airflow/example_dags/example_branch_labels.py for tasks to queue
[2023-11-25T10:34:03.932+0000] {logging_mixin.py:154} INFO - [2023-11-25T10:34:03.932+0000] {dagbag.py:536} INFO - Filling up the DagBag from /home/airflow/.local/lib/python3.8/site-packages/airflow/example_dags/example_branch_labels.py
[2023-11-25T10:34:03.939+0000] {processor.py:839} INFO - DAG(s) dict_keys(['example_branch_labels']) retrieved from /home/airflow/.local/lib/python3.8/site-packages/airflow/example_dags/example_branch_labels.py
[2023-11-25T10:34:03.958+0000] {logging_mixin.py:154} INFO - [2023-11-25T10:34:03.957+0000] {dag.py:2941} INFO - Sync 1 DAGs
[2023-11-25T10:34:03.979+0000] {logging_mixin.py:154} INFO - [2023-11-25T10:34:03.979+0000] {dag.py:3722} INFO - Setting next_dagrun for example_branch_labels to 2023-11-24T00:00:00+00:00, run_after=2023-11-25T00:00:00+00:00
[2023-11-25T10:34:03.995+0000] {processor.py:179} INFO - Processing /home/airflow/.local/lib/python3.8/site-packages/airflow/example_dags/example_branch_labels.py took 0.068 seconds
[2023-11-25T10:34:34.682+0000] {processor.py:157} INFO - Started process (PID=1248) to work on /home/airflow/.local/lib/python3.8/site-packages/airflow/example_dags/example_branch_labels.py
[2023-11-25T10:34:34.683+0000] {processor.py:829} INFO - Processing file /home/airflow/.local/lib/python3.8/site-packages/airflow/example_dags/example_branch_labels.py for tasks to queue
[2023-11-25T10:34:34.686+0000] {logging_mixin.py:154} INFO - [2023-11-25T10:34:34.685+0000] {dagbag.py:536} INFO - Filling up the DagBag from /home/airflow/.local/lib/python3.8/site-packages/airflow/example_dags/example_branch_labels.py
[2023-11-25T10:34:34.695+0000] {processor.py:839} INFO - DAG(s) dict_keys(['example_branch_labels']) retrieved from /home/airflow/.local/lib/python3.8/site-packages/airflow/example_dags/example_branch_labels.py
[2023-11-25T10:34:34.721+0000] {logging_mixin.py:154} INFO - [2023-11-25T10:34:34.720+0000] {dag.py:2941} INFO - Sync 1 DAGs
[2023-11-25T10:34:34.906+0000] {logging_mixin.py:154} INFO - [2023-11-25T10:34:34.906+0000] {dag.py:3722} INFO - Setting next_dagrun for example_branch_labels to 2023-11-24T00:00:00+00:00, run_after=2023-11-25T00:00:00+00:00
[2023-11-25T10:34:34.930+0000] {processor.py:179} INFO - Processing /home/airflow/.local/lib/python3.8/site-packages/airflow/example_dags/example_branch_labels.py took 0.251 seconds
[2023-11-25T10:35:05.348+0000] {processor.py:157} INFO - Started process (PID=1302) to work on /home/airflow/.local/lib/python3.8/site-packages/airflow/example_dags/example_branch_labels.py
[2023-11-25T10:35:05.352+0000] {processor.py:829} INFO - Processing file /home/airflow/.local/lib/python3.8/site-packages/airflow/example_dags/example_branch_labels.py for tasks to queue
[2023-11-25T10:35:05.355+0000] {logging_mixin.py:154} INFO - [2023-11-25T10:35:05.355+0000] {dagbag.py:536} INFO - Filling up the DagBag from /home/airflow/.local/lib/python3.8/site-packages/airflow/example_dags/example_branch_labels.py
[2023-11-25T10:35:05.366+0000] {processor.py:839} INFO - DAG(s) dict_keys(['example_branch_labels']) retrieved from /home/airflow/.local/lib/python3.8/site-packages/airflow/example_dags/example_branch_labels.py
[2023-11-25T10:35:05.391+0000] {logging_mixin.py:154} INFO - [2023-11-25T10:35:05.390+0000] {dag.py:2941} INFO - Sync 1 DAGs
[2023-11-25T10:35:05.418+0000] {logging_mixin.py:154} INFO - [2023-11-25T10:35:05.417+0000] {dag.py:3722} INFO - Setting next_dagrun for example_branch_labels to 2023-11-24T00:00:00+00:00, run_after=2023-11-25T00:00:00+00:00
[2023-11-25T10:35:05.440+0000] {processor.py:179} INFO - Processing /home/airflow/.local/lib/python3.8/site-packages/airflow/example_dags/example_branch_labels.py took 0.096 seconds
[2023-11-25T10:35:35.969+0000] {processor.py:157} INFO - Started process (PID=1356) to work on /home/airflow/.local/lib/python3.8/site-packages/airflow/example_dags/example_branch_labels.py
[2023-11-25T10:35:35.970+0000] {processor.py:829} INFO - Processing file /home/airflow/.local/lib/python3.8/site-packages/airflow/example_dags/example_branch_labels.py for tasks to queue
[2023-11-25T10:35:35.973+0000] {logging_mixin.py:154} INFO - [2023-11-25T10:35:35.972+0000] {dagbag.py:536} INFO - Filling up the DagBag from /home/airflow/.local/lib/python3.8/site-packages/airflow/example_dags/example_branch_labels.py
[2023-11-25T10:35:35.986+0000] {processor.py:839} INFO - DAG(s) dict_keys(['example_branch_labels']) retrieved from /home/airflow/.local/lib/python3.8/site-packages/airflow/example_dags/example_branch_labels.py
[2023-11-25T10:35:36.030+0000] {logging_mixin.py:154} INFO - [2023-11-25T10:35:36.030+0000] {dag.py:2941} INFO - Sync 1 DAGs
[2023-11-25T10:35:36.250+0000] {logging_mixin.py:154} INFO - [2023-11-25T10:35:36.250+0000] {dag.py:3722} INFO - Setting next_dagrun for example_branch_labels to 2023-11-24T00:00:00+00:00, run_after=2023-11-25T00:00:00+00:00
[2023-11-25T10:35:36.278+0000] {processor.py:179} INFO - Processing /home/airflow/.local/lib/python3.8/site-packages/airflow/example_dags/example_branch_labels.py took 0.315 seconds
[2023-11-25T10:36:06.396+0000] {processor.py:157} INFO - Started process (PID=1410) to work on /home/airflow/.local/lib/python3.8/site-packages/airflow/example_dags/example_branch_labels.py
[2023-11-25T10:36:06.397+0000] {processor.py:829} INFO - Processing file /home/airflow/.local/lib/python3.8/site-packages/airflow/example_dags/example_branch_labels.py for tasks to queue
[2023-11-25T10:36:06.399+0000] {logging_mixin.py:154} INFO - [2023-11-25T10:36:06.398+0000] {dagbag.py:536} INFO - Filling up the DagBag from /home/airflow/.local/lib/python3.8/site-packages/airflow/example_dags/example_branch_labels.py
[2023-11-25T10:36:06.407+0000] {processor.py:839} INFO - DAG(s) dict_keys(['example_branch_labels']) retrieved from /home/airflow/.local/lib/python3.8/site-packages/airflow/example_dags/example_branch_labels.py
[2023-11-25T10:36:06.428+0000] {logging_mixin.py:154} INFO - [2023-11-25T10:36:06.428+0000] {dag.py:2941} INFO - Sync 1 DAGs
[2023-11-25T10:36:06.449+0000] {logging_mixin.py:154} INFO - [2023-11-25T10:36:06.449+0000] {dag.py:3722} INFO - Setting next_dagrun for example_branch_labels to 2023-11-24T00:00:00+00:00, run_after=2023-11-25T00:00:00+00:00
[2023-11-25T10:36:06.590+0000] {processor.py:179} INFO - Processing /home/airflow/.local/lib/python3.8/site-packages/airflow/example_dags/example_branch_labels.py took 0.197 seconds
[2023-11-25T10:36:36.924+0000] {processor.py:157} INFO - Started process (PID=1464) to work on /home/airflow/.local/lib/python3.8/site-packages/airflow/example_dags/example_branch_labels.py
[2023-11-25T10:36:36.925+0000] {processor.py:829} INFO - Processing file /home/airflow/.local/lib/python3.8/site-packages/airflow/example_dags/example_branch_labels.py for tasks to queue
[2023-11-25T10:36:36.927+0000] {logging_mixin.py:154} INFO - [2023-11-25T10:36:36.926+0000] {dagbag.py:536} INFO - Filling up the DagBag from /home/airflow/.local/lib/python3.8/site-packages/airflow/example_dags/example_branch_labels.py
[2023-11-25T10:36:36.935+0000] {processor.py:839} INFO - DAG(s) dict_keys(['example_branch_labels']) retrieved from /home/airflow/.local/lib/python3.8/site-packages/airflow/example_dags/example_branch_labels.py
[2023-11-25T10:36:36.965+0000] {logging_mixin.py:154} INFO - [2023-11-25T10:36:36.965+0000] {dag.py:2941} INFO - Sync 1 DAGs
[2023-11-25T10:36:36.996+0000] {logging_mixin.py:154} INFO - [2023-11-25T10:36:36.996+0000] {dag.py:3722} INFO - Setting next_dagrun for example_branch_labels to 2023-11-24T00:00:00+00:00, run_after=2023-11-25T00:00:00+00:00
[2023-11-25T10:36:37.019+0000] {processor.py:179} INFO - Processing /home/airflow/.local/lib/python3.8/site-packages/airflow/example_dags/example_branch_labels.py took 0.098 seconds
[2023-11-25T10:37:07.852+0000] {processor.py:157} INFO - Started process (PID=1517) to work on /home/airflow/.local/lib/python3.8/site-packages/airflow/example_dags/example_branch_labels.py
[2023-11-25T10:37:07.853+0000] {processor.py:829} INFO - Processing file /home/airflow/.local/lib/python3.8/site-packages/airflow/example_dags/example_branch_labels.py for tasks to queue
[2023-11-25T10:37:07.855+0000] {logging_mixin.py:154} INFO - [2023-11-25T10:37:07.855+0000] {dagbag.py:536} INFO - Filling up the DagBag from /home/airflow/.local/lib/python3.8/site-packages/airflow/example_dags/example_branch_labels.py
[2023-11-25T10:37:07.862+0000] {processor.py:839} INFO - DAG(s) dict_keys(['example_branch_labels']) retrieved from /home/airflow/.local/lib/python3.8/site-packages/airflow/example_dags/example_branch_labels.py
[2023-11-25T10:37:07.882+0000] {logging_mixin.py:154} INFO - [2023-11-25T10:37:07.882+0000] {dag.py:2941} INFO - Sync 1 DAGs
[2023-11-25T10:37:08.048+0000] {logging_mixin.py:154} INFO - [2023-11-25T10:37:08.048+0000] {dag.py:3722} INFO - Setting next_dagrun for example_branch_labels to 2023-11-24T00:00:00+00:00, run_after=2023-11-25T00:00:00+00:00
[2023-11-25T10:37:08.066+0000] {processor.py:179} INFO - Processing /home/airflow/.local/lib/python3.8/site-packages/airflow/example_dags/example_branch_labels.py took 0.217 seconds
[2023-11-25T10:37:38.971+0000] {processor.py:157} INFO - Started process (PID=1571) to work on /home/airflow/.local/lib/python3.8/site-packages/airflow/example_dags/example_branch_labels.py
[2023-11-25T10:37:38.972+0000] {processor.py:829} INFO - Processing file /home/airflow/.local/lib/python3.8/site-packages/airflow/example_dags/example_branch_labels.py for tasks to queue
[2023-11-25T10:37:38.974+0000] {logging_mixin.py:154} INFO - [2023-11-25T10:37:38.974+0000] {dagbag.py:536} INFO - Filling up the DagBag from /home/airflow/.local/lib/python3.8/site-packages/airflow/example_dags/example_branch_labels.py
[2023-11-25T10:37:38.981+0000] {processor.py:839} INFO - DAG(s) dict_keys(['example_branch_labels']) retrieved from /home/airflow/.local/lib/python3.8/site-packages/airflow/example_dags/example_branch_labels.py
[2023-11-25T10:37:39.002+0000] {logging_mixin.py:154} INFO - [2023-11-25T10:37:39.002+0000] {dag.py:2941} INFO - Sync 1 DAGs
[2023-11-25T10:37:39.027+0000] {logging_mixin.py:154} INFO - [2023-11-25T10:37:39.026+0000] {dag.py:3722} INFO - Setting next_dagrun for example_branch_labels to 2023-11-24T00:00:00+00:00, run_after=2023-11-25T00:00:00+00:00
[2023-11-25T10:37:39.091+0000] {processor.py:179} INFO - Processing /home/airflow/.local/lib/python3.8/site-packages/airflow/example_dags/example_branch_labels.py took 0.122 seconds
[2023-11-25T10:38:09.283+0000] {processor.py:157} INFO - Started process (PID=1625) to work on /home/airflow/.local/lib/python3.8/site-packages/airflow/example_dags/example_branch_labels.py
[2023-11-25T10:38:09.284+0000] {processor.py:829} INFO - Processing file /home/airflow/.local/lib/python3.8/site-packages/airflow/example_dags/example_branch_labels.py for tasks to queue
[2023-11-25T10:38:09.287+0000] {logging_mixin.py:154} INFO - [2023-11-25T10:38:09.287+0000] {dagbag.py:536} INFO - Filling up the DagBag from /home/airflow/.local/lib/python3.8/site-packages/airflow/example_dags/example_branch_labels.py
[2023-11-25T10:38:09.300+0000] {processor.py:839} INFO - DAG(s) dict_keys(['example_branch_labels']) retrieved from /home/airflow/.local/lib/python3.8/site-packages/airflow/example_dags/example_branch_labels.py
[2023-11-25T10:38:09.329+0000] {logging_mixin.py:154} INFO - [2023-11-25T10:38:09.328+0000] {dag.py:2941} INFO - Sync 1 DAGs
[2023-11-25T10:38:09.363+0000] {logging_mixin.py:154} INFO - [2023-11-25T10:38:09.362+0000] {dag.py:3722} INFO - Setting next_dagrun for example_branch_labels to 2023-11-24T00:00:00+00:00, run_after=2023-11-25T00:00:00+00:00
[2023-11-25T10:38:09.396+0000] {processor.py:179} INFO - Processing /home/airflow/.local/lib/python3.8/site-packages/airflow/example_dags/example_branch_labels.py took 0.117 seconds
[2023-11-25T10:38:39.533+0000] {processor.py:157} INFO - Started process (PID=1679) to work on /home/airflow/.local/lib/python3.8/site-packages/airflow/example_dags/example_branch_labels.py
[2023-11-25T10:38:39.533+0000] {processor.py:829} INFO - Processing file /home/airflow/.local/lib/python3.8/site-packages/airflow/example_dags/example_branch_labels.py for tasks to queue
[2023-11-25T10:38:39.535+0000] {logging_mixin.py:154} INFO - [2023-11-25T10:38:39.535+0000] {dagbag.py:536} INFO - Filling up the DagBag from /home/airflow/.local/lib/python3.8/site-packages/airflow/example_dags/example_branch_labels.py
[2023-11-25T10:38:39.546+0000] {processor.py:839} INFO - DAG(s) dict_keys(['example_branch_labels']) retrieved from /home/airflow/.local/lib/python3.8/site-packages/airflow/example_dags/example_branch_labels.py
[2023-11-25T10:38:39.568+0000] {logging_mixin.py:154} INFO - [2023-11-25T10:38:39.567+0000] {dag.py:2941} INFO - Sync 1 DAGs
[2023-11-25T10:38:39.590+0000] {logging_mixin.py:154} INFO - [2023-11-25T10:38:39.590+0000] {dag.py:3722} INFO - Setting next_dagrun for example_branch_labels to 2023-11-24T00:00:00+00:00, run_after=2023-11-25T00:00:00+00:00
[2023-11-25T10:38:39.607+0000] {processor.py:179} INFO - Processing /home/airflow/.local/lib/python3.8/site-packages/airflow/example_dags/example_branch_labels.py took 0.078 seconds
[2023-11-25T10:39:09.893+0000] {processor.py:157} INFO - Started process (PID=1733) to work on /home/airflow/.local/lib/python3.8/site-packages/airflow/example_dags/example_branch_labels.py
[2023-11-25T10:39:09.896+0000] {processor.py:829} INFO - Processing file /home/airflow/.local/lib/python3.8/site-packages/airflow/example_dags/example_branch_labels.py for tasks to queue
[2023-11-25T10:39:09.898+0000] {logging_mixin.py:154} INFO - [2023-11-25T10:39:09.898+0000] {dagbag.py:536} INFO - Filling up the DagBag from /home/airflow/.local/lib/python3.8/site-packages/airflow/example_dags/example_branch_labels.py
[2023-11-25T10:39:09.909+0000] {processor.py:839} INFO - DAG(s) dict_keys(['example_branch_labels']) retrieved from /home/airflow/.local/lib/python3.8/site-packages/airflow/example_dags/example_branch_labels.py
[2023-11-25T10:39:09.934+0000] {logging_mixin.py:154} INFO - [2023-11-25T10:39:09.933+0000] {dag.py:2941} INFO - Sync 1 DAGs
[2023-11-25T10:39:09.960+0000] {logging_mixin.py:154} INFO - [2023-11-25T10:39:09.960+0000] {dag.py:3722} INFO - Setting next_dagrun for example_branch_labels to 2023-11-24T00:00:00+00:00, run_after=2023-11-25T00:00:00+00:00
[2023-11-25T10:39:09.981+0000] {processor.py:179} INFO - Processing /home/airflow/.local/lib/python3.8/site-packages/airflow/example_dags/example_branch_labels.py took 0.092 seconds
[2023-11-25T10:39:40.289+0000] {processor.py:157} INFO - Started process (PID=1787) to work on /home/airflow/.local/lib/python3.8/site-packages/airflow/example_dags/example_branch_labels.py
[2023-11-25T10:39:40.290+0000] {processor.py:829} INFO - Processing file /home/airflow/.local/lib/python3.8/site-packages/airflow/example_dags/example_branch_labels.py for tasks to queue
[2023-11-25T10:39:40.292+0000] {logging_mixin.py:154} INFO - [2023-11-25T10:39:40.292+0000] {dagbag.py:536} INFO - Filling up the DagBag from /home/airflow/.local/lib/python3.8/site-packages/airflow/example_dags/example_branch_labels.py
[2023-11-25T10:39:40.304+0000] {processor.py:839} INFO - DAG(s) dict_keys(['example_branch_labels']) retrieved from /home/airflow/.local/lib/python3.8/site-packages/airflow/example_dags/example_branch_labels.py
[2023-11-25T10:39:40.331+0000] {logging_mixin.py:154} INFO - [2023-11-25T10:39:40.330+0000] {dag.py:2941} INFO - Sync 1 DAGs
[2023-11-25T10:39:40.356+0000] {logging_mixin.py:154} INFO - [2023-11-25T10:39:40.356+0000] {dag.py:3722} INFO - Setting next_dagrun for example_branch_labels to 2023-11-24T00:00:00+00:00, run_after=2023-11-25T00:00:00+00:00
[2023-11-25T10:39:40.375+0000] {processor.py:179} INFO - Processing /home/airflow/.local/lib/python3.8/site-packages/airflow/example_dags/example_branch_labels.py took 0.090 seconds
[2023-11-25T11:05:06.685+0000] {processor.py:157} INFO - Started process (PID=56) to work on /home/airflow/.local/lib/python3.8/site-packages/airflow/example_dags/example_branch_labels.py
[2023-11-25T11:05:06.686+0000] {processor.py:829} INFO - Processing file /home/airflow/.local/lib/python3.8/site-packages/airflow/example_dags/example_branch_labels.py for tasks to queue
[2023-11-25T11:05:06.689+0000] {logging_mixin.py:154} INFO - [2023-11-25T11:05:06.688+0000] {dagbag.py:536} INFO - Filling up the DagBag from /home/airflow/.local/lib/python3.8/site-packages/airflow/example_dags/example_branch_labels.py
[2023-11-25T11:05:06.698+0000] {processor.py:839} INFO - DAG(s) dict_keys(['example_branch_labels']) retrieved from /home/airflow/.local/lib/python3.8/site-packages/airflow/example_dags/example_branch_labels.py
[2023-11-25T11:05:06.710+0000] {logging_mixin.py:154} INFO - [2023-11-25T11:05:06.710+0000] {dag.py:2941} INFO - Sync 1 DAGs
[2023-11-25T11:05:06.747+0000] {logging_mixin.py:154} INFO - [2023-11-25T11:05:06.747+0000] {dag.py:3722} INFO - Setting next_dagrun for example_branch_labels to 2023-11-24T00:00:00+00:00, run_after=2023-11-25T00:00:00+00:00
[2023-11-25T11:05:06.771+0000] {processor.py:179} INFO - Processing /home/airflow/.local/lib/python3.8/site-packages/airflow/example_dags/example_branch_labels.py took 0.091 seconds
[2023-11-25T11:05:36.989+0000] {processor.py:157} INFO - Started process (PID=110) to work on /home/airflow/.local/lib/python3.8/site-packages/airflow/example_dags/example_branch_labels.py
[2023-11-25T11:05:36.991+0000] {processor.py:829} INFO - Processing file /home/airflow/.local/lib/python3.8/site-packages/airflow/example_dags/example_branch_labels.py for tasks to queue
[2023-11-25T11:05:36.993+0000] {logging_mixin.py:154} INFO - [2023-11-25T11:05:36.992+0000] {dagbag.py:536} INFO - Filling up the DagBag from /home/airflow/.local/lib/python3.8/site-packages/airflow/example_dags/example_branch_labels.py
[2023-11-25T11:05:37.002+0000] {processor.py:839} INFO - DAG(s) dict_keys(['example_branch_labels']) retrieved from /home/airflow/.local/lib/python3.8/site-packages/airflow/example_dags/example_branch_labels.py
[2023-11-25T11:05:37.032+0000] {logging_mixin.py:154} INFO - [2023-11-25T11:05:37.032+0000] {dag.py:2941} INFO - Sync 1 DAGs
[2023-11-25T11:05:37.064+0000] {logging_mixin.py:154} INFO - [2023-11-25T11:05:37.063+0000] {dag.py:3722} INFO - Setting next_dagrun for example_branch_labels to 2023-11-24T00:00:00+00:00, run_after=2023-11-25T00:00:00+00:00
[2023-11-25T11:05:37.098+0000] {processor.py:179} INFO - Processing /home/airflow/.local/lib/python3.8/site-packages/airflow/example_dags/example_branch_labels.py took 0.113 seconds
[2023-11-25T11:06:07.124+0000] {processor.py:157} INFO - Started process (PID=164) to work on /home/airflow/.local/lib/python3.8/site-packages/airflow/example_dags/example_branch_labels.py
[2023-11-25T11:06:07.125+0000] {processor.py:829} INFO - Processing file /home/airflow/.local/lib/python3.8/site-packages/airflow/example_dags/example_branch_labels.py for tasks to queue
[2023-11-25T11:06:07.127+0000] {logging_mixin.py:154} INFO - [2023-11-25T11:06:07.127+0000] {dagbag.py:536} INFO - Filling up the DagBag from /home/airflow/.local/lib/python3.8/site-packages/airflow/example_dags/example_branch_labels.py
[2023-11-25T11:06:07.134+0000] {processor.py:839} INFO - DAG(s) dict_keys(['example_branch_labels']) retrieved from /home/airflow/.local/lib/python3.8/site-packages/airflow/example_dags/example_branch_labels.py
[2023-11-25T11:06:07.156+0000] {logging_mixin.py:154} INFO - [2023-11-25T11:06:07.156+0000] {dag.py:2941} INFO - Sync 1 DAGs
[2023-11-25T11:06:07.183+0000] {logging_mixin.py:154} INFO - [2023-11-25T11:06:07.182+0000] {dag.py:3722} INFO - Setting next_dagrun for example_branch_labels to 2023-11-24T00:00:00+00:00, run_after=2023-11-25T00:00:00+00:00
[2023-11-25T11:06:07.200+0000] {processor.py:179} INFO - Processing /home/airflow/.local/lib/python3.8/site-packages/airflow/example_dags/example_branch_labels.py took 0.079 seconds
[2023-11-25T11:07:42.537+0000] {processor.py:157} INFO - Started process (PID=56) to work on /home/airflow/.local/lib/python3.8/site-packages/airflow/example_dags/example_branch_labels.py
[2023-11-25T11:07:42.538+0000] {processor.py:829} INFO - Processing file /home/airflow/.local/lib/python3.8/site-packages/airflow/example_dags/example_branch_labels.py for tasks to queue
[2023-11-25T11:07:42.541+0000] {logging_mixin.py:154} INFO - [2023-11-25T11:07:42.540+0000] {dagbag.py:536} INFO - Filling up the DagBag from /home/airflow/.local/lib/python3.8/site-packages/airflow/example_dags/example_branch_labels.py
[2023-11-25T11:07:42.556+0000] {processor.py:839} INFO - DAG(s) dict_keys(['example_branch_labels']) retrieved from /home/airflow/.local/lib/python3.8/site-packages/airflow/example_dags/example_branch_labels.py
[2023-11-25T11:07:42.598+0000] {logging_mixin.py:154} INFO - [2023-11-25T11:07:42.597+0000] {dag.py:2941} INFO - Sync 1 DAGs
[2023-11-25T11:07:42.637+0000] {logging_mixin.py:154} INFO - [2023-11-25T11:07:42.637+0000] {dag.py:3722} INFO - Setting next_dagrun for example_branch_labels to 2023-11-24T00:00:00+00:00, run_after=2023-11-25T00:00:00+00:00
[2023-11-25T11:07:42.665+0000] {processor.py:179} INFO - Processing /home/airflow/.local/lib/python3.8/site-packages/airflow/example_dags/example_branch_labels.py took 0.133 seconds
[2023-11-25T11:08:13.458+0000] {processor.py:157} INFO - Started process (PID=110) to work on /home/airflow/.local/lib/python3.8/site-packages/airflow/example_dags/example_branch_labels.py
[2023-11-25T11:08:13.459+0000] {processor.py:829} INFO - Processing file /home/airflow/.local/lib/python3.8/site-packages/airflow/example_dags/example_branch_labels.py for tasks to queue
[2023-11-25T11:08:13.461+0000] {logging_mixin.py:154} INFO - [2023-11-25T11:08:13.461+0000] {dagbag.py:536} INFO - Filling up the DagBag from /home/airflow/.local/lib/python3.8/site-packages/airflow/example_dags/example_branch_labels.py
[2023-11-25T11:08:13.471+0000] {processor.py:839} INFO - DAG(s) dict_keys(['example_branch_labels']) retrieved from /home/airflow/.local/lib/python3.8/site-packages/airflow/example_dags/example_branch_labels.py
[2023-11-25T11:08:13.495+0000] {logging_mixin.py:154} INFO - [2023-11-25T11:08:13.495+0000] {dag.py:2941} INFO - Sync 1 DAGs
[2023-11-25T11:08:13.519+0000] {logging_mixin.py:154} INFO - [2023-11-25T11:08:13.519+0000] {dag.py:3722} INFO - Setting next_dagrun for example_branch_labels to 2023-11-24T00:00:00+00:00, run_after=2023-11-25T00:00:00+00:00
[2023-11-25T11:08:13.541+0000] {processor.py:179} INFO - Processing /home/airflow/.local/lib/python3.8/site-packages/airflow/example_dags/example_branch_labels.py took 0.087 seconds
[2023-11-25T11:08:44.262+0000] {processor.py:157} INFO - Started process (PID=164) to work on /home/airflow/.local/lib/python3.8/site-packages/airflow/example_dags/example_branch_labels.py
[2023-11-25T11:08:44.263+0000] {processor.py:829} INFO - Processing file /home/airflow/.local/lib/python3.8/site-packages/airflow/example_dags/example_branch_labels.py for tasks to queue
[2023-11-25T11:08:44.265+0000] {logging_mixin.py:154} INFO - [2023-11-25T11:08:44.264+0000] {dagbag.py:536} INFO - Filling up the DagBag from /home/airflow/.local/lib/python3.8/site-packages/airflow/example_dags/example_branch_labels.py
[2023-11-25T11:08:44.272+0000] {processor.py:839} INFO - DAG(s) dict_keys(['example_branch_labels']) retrieved from /home/airflow/.local/lib/python3.8/site-packages/airflow/example_dags/example_branch_labels.py
[2023-11-25T11:08:44.293+0000] {logging_mixin.py:154} INFO - [2023-11-25T11:08:44.293+0000] {dag.py:2941} INFO - Sync 1 DAGs
[2023-11-25T11:08:44.319+0000] {logging_mixin.py:154} INFO - [2023-11-25T11:08:44.319+0000] {dag.py:3722} INFO - Setting next_dagrun for example_branch_labels to 2023-11-24T00:00:00+00:00, run_after=2023-11-25T00:00:00+00:00
[2023-11-25T11:08:44.356+0000] {processor.py:179} INFO - Processing /home/airflow/.local/lib/python3.8/site-packages/airflow/example_dags/example_branch_labels.py took 0.097 seconds
[2023-11-25T11:09:14.995+0000] {processor.py:157} INFO - Started process (PID=217) to work on /home/airflow/.local/lib/python3.8/site-packages/airflow/example_dags/example_branch_labels.py
[2023-11-25T11:09:14.996+0000] {processor.py:829} INFO - Processing file /home/airflow/.local/lib/python3.8/site-packages/airflow/example_dags/example_branch_labels.py for tasks to queue
[2023-11-25T11:09:14.998+0000] {logging_mixin.py:154} INFO - [2023-11-25T11:09:14.998+0000] {dagbag.py:536} INFO - Filling up the DagBag from /home/airflow/.local/lib/python3.8/site-packages/airflow/example_dags/example_branch_labels.py
[2023-11-25T11:09:15.010+0000] {processor.py:839} INFO - DAG(s) dict_keys(['example_branch_labels']) retrieved from /home/airflow/.local/lib/python3.8/site-packages/airflow/example_dags/example_branch_labels.py
[2023-11-25T11:09:15.039+0000] {logging_mixin.py:154} INFO - [2023-11-25T11:09:15.039+0000] {dag.py:2941} INFO - Sync 1 DAGs
[2023-11-25T11:09:15.073+0000] {logging_mixin.py:154} INFO - [2023-11-25T11:09:15.073+0000] {dag.py:3722} INFO - Setting next_dagrun for example_branch_labels to 2023-11-24T00:00:00+00:00, run_after=2023-11-25T00:00:00+00:00
[2023-11-25T11:09:15.095+0000] {processor.py:179} INFO - Processing /home/airflow/.local/lib/python3.8/site-packages/airflow/example_dags/example_branch_labels.py took 0.103 seconds
[2023-11-25T11:09:45.678+0000] {processor.py:157} INFO - Started process (PID=271) to work on /home/airflow/.local/lib/python3.8/site-packages/airflow/example_dags/example_branch_labels.py
[2023-11-25T11:09:45.678+0000] {processor.py:829} INFO - Processing file /home/airflow/.local/lib/python3.8/site-packages/airflow/example_dags/example_branch_labels.py for tasks to queue
[2023-11-25T11:09:45.680+0000] {logging_mixin.py:154} INFO - [2023-11-25T11:09:45.680+0000] {dagbag.py:536} INFO - Filling up the DagBag from /home/airflow/.local/lib/python3.8/site-packages/airflow/example_dags/example_branch_labels.py
[2023-11-25T11:09:45.690+0000] {processor.py:839} INFO - DAG(s) dict_keys(['example_branch_labels']) retrieved from /home/airflow/.local/lib/python3.8/site-packages/airflow/example_dags/example_branch_labels.py
[2023-11-25T11:09:45.718+0000] {logging_mixin.py:154} INFO - [2023-11-25T11:09:45.717+0000] {dag.py:2941} INFO - Sync 1 DAGs
[2023-11-25T11:09:45.750+0000] {logging_mixin.py:154} INFO - [2023-11-25T11:09:45.750+0000] {dag.py:3722} INFO - Setting next_dagrun for example_branch_labels to 2023-11-24T00:00:00+00:00, run_after=2023-11-25T00:00:00+00:00
[2023-11-25T11:09:45.774+0000] {processor.py:179} INFO - Processing /home/airflow/.local/lib/python3.8/site-packages/airflow/example_dags/example_branch_labels.py took 0.100 seconds
[2023-11-25T11:10:15.831+0000] {processor.py:157} INFO - Started process (PID=325) to work on /home/airflow/.local/lib/python3.8/site-packages/airflow/example_dags/example_branch_labels.py
[2023-11-25T11:10:15.832+0000] {processor.py:829} INFO - Processing file /home/airflow/.local/lib/python3.8/site-packages/airflow/example_dags/example_branch_labels.py for tasks to queue
[2023-11-25T11:10:15.834+0000] {logging_mixin.py:154} INFO - [2023-11-25T11:10:15.833+0000] {dagbag.py:536} INFO - Filling up the DagBag from /home/airflow/.local/lib/python3.8/site-packages/airflow/example_dags/example_branch_labels.py
[2023-11-25T11:10:15.845+0000] {processor.py:839} INFO - DAG(s) dict_keys(['example_branch_labels']) retrieved from /home/airflow/.local/lib/python3.8/site-packages/airflow/example_dags/example_branch_labels.py
[2023-11-25T11:10:15.866+0000] {logging_mixin.py:154} INFO - [2023-11-25T11:10:15.866+0000] {dag.py:2941} INFO - Sync 1 DAGs
[2023-11-25T11:10:15.889+0000] {logging_mixin.py:154} INFO - [2023-11-25T11:10:15.889+0000] {dag.py:3722} INFO - Setting next_dagrun for example_branch_labels to 2023-11-24T00:00:00+00:00, run_after=2023-11-25T00:00:00+00:00
[2023-11-25T11:10:15.914+0000] {processor.py:179} INFO - Processing /home/airflow/.local/lib/python3.8/site-packages/airflow/example_dags/example_branch_labels.py took 0.086 seconds
[2023-11-25T11:10:46.321+0000] {processor.py:157} INFO - Started process (PID=381) to work on /home/airflow/.local/lib/python3.8/site-packages/airflow/example_dags/example_branch_labels.py
[2023-11-25T11:10:46.322+0000] {processor.py:829} INFO - Processing file /home/airflow/.local/lib/python3.8/site-packages/airflow/example_dags/example_branch_labels.py for tasks to queue
[2023-11-25T11:10:46.324+0000] {logging_mixin.py:154} INFO - [2023-11-25T11:10:46.323+0000] {dagbag.py:536} INFO - Filling up the DagBag from /home/airflow/.local/lib/python3.8/site-packages/airflow/example_dags/example_branch_labels.py
[2023-11-25T11:10:46.330+0000] {processor.py:839} INFO - DAG(s) dict_keys(['example_branch_labels']) retrieved from /home/airflow/.local/lib/python3.8/site-packages/airflow/example_dags/example_branch_labels.py
[2023-11-25T11:10:46.354+0000] {logging_mixin.py:154} INFO - [2023-11-25T11:10:46.354+0000] {dag.py:2941} INFO - Sync 1 DAGs
[2023-11-25T11:10:46.379+0000] {logging_mixin.py:154} INFO - [2023-11-25T11:10:46.379+0000] {dag.py:3722} INFO - Setting next_dagrun for example_branch_labels to 2023-11-24T00:00:00+00:00, run_after=2023-11-25T00:00:00+00:00
[2023-11-25T11:10:46.401+0000] {processor.py:179} INFO - Processing /home/airflow/.local/lib/python3.8/site-packages/airflow/example_dags/example_branch_labels.py took 0.083 seconds
[2023-11-25T11:11:17.302+0000] {processor.py:157} INFO - Started process (PID=434) to work on /home/airflow/.local/lib/python3.8/site-packages/airflow/example_dags/example_branch_labels.py
[2023-11-25T11:11:17.303+0000] {processor.py:829} INFO - Processing file /home/airflow/.local/lib/python3.8/site-packages/airflow/example_dags/example_branch_labels.py for tasks to queue
[2023-11-25T11:11:17.305+0000] {logging_mixin.py:154} INFO - [2023-11-25T11:11:17.304+0000] {dagbag.py:536} INFO - Filling up the DagBag from /home/airflow/.local/lib/python3.8/site-packages/airflow/example_dags/example_branch_labels.py
[2023-11-25T11:11:17.311+0000] {processor.py:839} INFO - DAG(s) dict_keys(['example_branch_labels']) retrieved from /home/airflow/.local/lib/python3.8/site-packages/airflow/example_dags/example_branch_labels.py
[2023-11-25T11:11:17.335+0000] {logging_mixin.py:154} INFO - [2023-11-25T11:11:17.335+0000] {dag.py:2941} INFO - Sync 1 DAGs
[2023-11-25T11:11:17.359+0000] {logging_mixin.py:154} INFO - [2023-11-25T11:11:17.358+0000] {dag.py:3722} INFO - Setting next_dagrun for example_branch_labels to 2023-11-24T00:00:00+00:00, run_after=2023-11-25T00:00:00+00:00
[2023-11-25T11:11:17.381+0000] {processor.py:179} INFO - Processing /home/airflow/.local/lib/python3.8/site-packages/airflow/example_dags/example_branch_labels.py took 0.083 seconds
[2023-11-25T11:11:47.496+0000] {processor.py:157} INFO - Started process (PID=489) to work on /home/airflow/.local/lib/python3.8/site-packages/airflow/example_dags/example_branch_labels.py
[2023-11-25T11:11:47.497+0000] {processor.py:829} INFO - Processing file /home/airflow/.local/lib/python3.8/site-packages/airflow/example_dags/example_branch_labels.py for tasks to queue
[2023-11-25T11:11:47.499+0000] {logging_mixin.py:154} INFO - [2023-11-25T11:11:47.498+0000] {dagbag.py:536} INFO - Filling up the DagBag from /home/airflow/.local/lib/python3.8/site-packages/airflow/example_dags/example_branch_labels.py
[2023-11-25T11:11:47.505+0000] {processor.py:839} INFO - DAG(s) dict_keys(['example_branch_labels']) retrieved from /home/airflow/.local/lib/python3.8/site-packages/airflow/example_dags/example_branch_labels.py
[2023-11-25T11:11:47.531+0000] {logging_mixin.py:154} INFO - [2023-11-25T11:11:47.530+0000] {dag.py:2941} INFO - Sync 1 DAGs
[2023-11-25T11:11:47.556+0000] {logging_mixin.py:154} INFO - [2023-11-25T11:11:47.556+0000] {dag.py:3722} INFO - Setting next_dagrun for example_branch_labels to 2023-11-24T00:00:00+00:00, run_after=2023-11-25T00:00:00+00:00
[2023-11-25T11:11:47.586+0000] {processor.py:179} INFO - Processing /home/airflow/.local/lib/python3.8/site-packages/airflow/example_dags/example_branch_labels.py took 0.093 seconds
[2023-11-25T11:12:18.852+0000] {processor.py:157} INFO - Started process (PID=549) to work on /home/airflow/.local/lib/python3.8/site-packages/airflow/example_dags/example_branch_labels.py
[2023-11-25T11:12:18.859+0000] {processor.py:829} INFO - Processing file /home/airflow/.local/lib/python3.8/site-packages/airflow/example_dags/example_branch_labels.py for tasks to queue
[2023-11-25T11:12:18.861+0000] {logging_mixin.py:154} INFO - [2023-11-25T11:12:18.861+0000] {dagbag.py:536} INFO - Filling up the DagBag from /home/airflow/.local/lib/python3.8/site-packages/airflow/example_dags/example_branch_labels.py
[2023-11-25T11:12:18.882+0000] {processor.py:839} INFO - DAG(s) dict_keys(['example_branch_labels']) retrieved from /home/airflow/.local/lib/python3.8/site-packages/airflow/example_dags/example_branch_labels.py
[2023-11-25T11:12:18.918+0000] {logging_mixin.py:154} INFO - [2023-11-25T11:12:18.917+0000] {dag.py:2941} INFO - Sync 1 DAGs
[2023-11-25T11:12:18.964+0000] {logging_mixin.py:154} INFO - [2023-11-25T11:12:18.964+0000] {dag.py:3722} INFO - Setting next_dagrun for example_branch_labels to 2023-11-24T00:00:00+00:00, run_after=2023-11-25T00:00:00+00:00
[2023-11-25T11:12:19.003+0000] {processor.py:179} INFO - Processing /home/airflow/.local/lib/python3.8/site-packages/airflow/example_dags/example_branch_labels.py took 0.155 seconds
[2023-11-25T11:12:49.367+0000] {processor.py:157} INFO - Started process (PID=603) to work on /home/airflow/.local/lib/python3.8/site-packages/airflow/example_dags/example_branch_labels.py
[2023-11-25T11:12:49.371+0000] {processor.py:829} INFO - Processing file /home/airflow/.local/lib/python3.8/site-packages/airflow/example_dags/example_branch_labels.py for tasks to queue
[2023-11-25T11:12:49.373+0000] {logging_mixin.py:154} INFO - [2023-11-25T11:12:49.373+0000] {dagbag.py:536} INFO - Filling up the DagBag from /home/airflow/.local/lib/python3.8/site-packages/airflow/example_dags/example_branch_labels.py
[2023-11-25T11:12:49.383+0000] {processor.py:839} INFO - DAG(s) dict_keys(['example_branch_labels']) retrieved from /home/airflow/.local/lib/python3.8/site-packages/airflow/example_dags/example_branch_labels.py
[2023-11-25T11:12:49.407+0000] {logging_mixin.py:154} INFO - [2023-11-25T11:12:49.407+0000] {dag.py:2941} INFO - Sync 1 DAGs
[2023-11-25T11:12:49.428+0000] {logging_mixin.py:154} INFO - [2023-11-25T11:12:49.428+0000] {dag.py:3722} INFO - Setting next_dagrun for example_branch_labels to 2023-11-24T00:00:00+00:00, run_after=2023-11-25T00:00:00+00:00
[2023-11-25T11:12:49.463+0000] {processor.py:179} INFO - Processing /home/airflow/.local/lib/python3.8/site-packages/airflow/example_dags/example_branch_labels.py took 0.099 seconds
[2023-11-25T11:13:20.299+0000] {processor.py:157} INFO - Started process (PID=658) to work on /home/airflow/.local/lib/python3.8/site-packages/airflow/example_dags/example_branch_labels.py
[2023-11-25T11:13:20.300+0000] {processor.py:829} INFO - Processing file /home/airflow/.local/lib/python3.8/site-packages/airflow/example_dags/example_branch_labels.py for tasks to queue
[2023-11-25T11:13:20.302+0000] {logging_mixin.py:154} INFO - [2023-11-25T11:13:20.302+0000] {dagbag.py:536} INFO - Filling up the DagBag from /home/airflow/.local/lib/python3.8/site-packages/airflow/example_dags/example_branch_labels.py
[2023-11-25T11:13:20.314+0000] {processor.py:839} INFO - DAG(s) dict_keys(['example_branch_labels']) retrieved from /home/airflow/.local/lib/python3.8/site-packages/airflow/example_dags/example_branch_labels.py
[2023-11-25T11:13:20.341+0000] {logging_mixin.py:154} INFO - [2023-11-25T11:13:20.340+0000] {dag.py:2941} INFO - Sync 1 DAGs
[2023-11-25T11:13:20.372+0000] {logging_mixin.py:154} INFO - [2023-11-25T11:13:20.372+0000] {dag.py:3722} INFO - Setting next_dagrun for example_branch_labels to 2023-11-24T00:00:00+00:00, run_after=2023-11-25T00:00:00+00:00
[2023-11-25T11:13:20.395+0000] {processor.py:179} INFO - Processing /home/airflow/.local/lib/python3.8/site-packages/airflow/example_dags/example_branch_labels.py took 0.100 seconds
[2023-11-25T11:13:50.777+0000] {processor.py:157} INFO - Started process (PID=713) to work on /home/airflow/.local/lib/python3.8/site-packages/airflow/example_dags/example_branch_labels.py
[2023-11-25T11:13:50.778+0000] {processor.py:829} INFO - Processing file /home/airflow/.local/lib/python3.8/site-packages/airflow/example_dags/example_branch_labels.py for tasks to queue
[2023-11-25T11:13:50.781+0000] {logging_mixin.py:154} INFO - [2023-11-25T11:13:50.781+0000] {dagbag.py:536} INFO - Filling up the DagBag from /home/airflow/.local/lib/python3.8/site-packages/airflow/example_dags/example_branch_labels.py
[2023-11-25T11:13:50.795+0000] {processor.py:839} INFO - DAG(s) dict_keys(['example_branch_labels']) retrieved from /home/airflow/.local/lib/python3.8/site-packages/airflow/example_dags/example_branch_labels.py
[2023-11-25T11:13:50.825+0000] {logging_mixin.py:154} INFO - [2023-11-25T11:13:50.824+0000] {dag.py:2941} INFO - Sync 1 DAGs
[2023-11-25T11:13:50.857+0000] {logging_mixin.py:154} INFO - [2023-11-25T11:13:50.857+0000] {dag.py:3722} INFO - Setting next_dagrun for example_branch_labels to 2023-11-24T00:00:00+00:00, run_after=2023-11-25T00:00:00+00:00
[2023-11-25T11:13:50.879+0000] {processor.py:179} INFO - Processing /home/airflow/.local/lib/python3.8/site-packages/airflow/example_dags/example_branch_labels.py took 0.105 seconds
