[2023-11-25T10:23:22.136+0000] {processor.py:157} INFO - Started process (PID=70) to work on /home/airflow/.local/lib/python3.8/site-packages/airflow/example_dags/example_dag_decorator.py
[2023-11-25T10:23:22.137+0000] {processor.py:829} INFO - Processing file /home/airflow/.local/lib/python3.8/site-packages/airflow/example_dags/example_dag_decorator.py for tasks to queue
[2023-11-25T10:23:22.140+0000] {logging_mixin.py:154} INFO - [2023-11-25T10:23:22.139+0000] {dagbag.py:536} INFO - Filling up the DagBag from /home/airflow/.local/lib/python3.8/site-packages/airflow/example_dags/example_dag_decorator.py
[2023-11-25T10:23:22.406+0000] {processor.py:839} INFO - DAG(s) dict_keys(['example_dag_decorator']) retrieved from /home/airflow/.local/lib/python3.8/site-packages/airflow/example_dags/example_dag_decorator.py
[2023-11-25T10:23:22.573+0000] {logging_mixin.py:154} INFO - [2023-11-25T10:23:22.573+0000] {dag.py:2941} INFO - Sync 1 DAGs
[2023-11-25T10:23:22.594+0000] {logging_mixin.py:154} INFO - [2023-11-25T10:23:22.594+0000] {dag.py:3722} INFO - Setting next_dagrun for example_dag_decorator to None, run_after=None
[2023-11-25T10:23:22.618+0000] {processor.py:179} INFO - Processing /home/airflow/.local/lib/python3.8/site-packages/airflow/example_dags/example_dag_decorator.py took 0.486 seconds
[2023-11-25T10:23:52.691+0000] {processor.py:157} INFO - Started process (PID=125) to work on /home/airflow/.local/lib/python3.8/site-packages/airflow/example_dags/example_dag_decorator.py
[2023-11-25T10:23:52.692+0000] {processor.py:829} INFO - Processing file /home/airflow/.local/lib/python3.8/site-packages/airflow/example_dags/example_dag_decorator.py for tasks to queue
[2023-11-25T10:23:52.694+0000] {logging_mixin.py:154} INFO - [2023-11-25T10:23:52.693+0000] {dagbag.py:536} INFO - Filling up the DagBag from /home/airflow/.local/lib/python3.8/site-packages/airflow/example_dags/example_dag_decorator.py
[2023-11-25T10:23:52.762+0000] {processor.py:839} INFO - DAG(s) dict_keys(['example_dag_decorator']) retrieved from /home/airflow/.local/lib/python3.8/site-packages/airflow/example_dags/example_dag_decorator.py
[2023-11-25T10:23:52.900+0000] {logging_mixin.py:154} INFO - [2023-11-25T10:23:52.899+0000] {dag.py:2941} INFO - Sync 1 DAGs
[2023-11-25T10:23:53.104+0000] {logging_mixin.py:154} INFO - [2023-11-25T10:23:53.103+0000] {dag.py:3722} INFO - Setting next_dagrun for example_dag_decorator to None, run_after=None
[2023-11-25T10:23:53.125+0000] {processor.py:179} INFO - Processing /home/airflow/.local/lib/python3.8/site-packages/airflow/example_dags/example_dag_decorator.py took 0.438 seconds
[2023-11-25T10:24:23.393+0000] {processor.py:157} INFO - Started process (PID=183) to work on /home/airflow/.local/lib/python3.8/site-packages/airflow/example_dags/example_dag_decorator.py
[2023-11-25T10:24:23.394+0000] {processor.py:829} INFO - Processing file /home/airflow/.local/lib/python3.8/site-packages/airflow/example_dags/example_dag_decorator.py for tasks to queue
[2023-11-25T10:24:23.397+0000] {logging_mixin.py:154} INFO - [2023-11-25T10:24:23.396+0000] {dagbag.py:536} INFO - Filling up the DagBag from /home/airflow/.local/lib/python3.8/site-packages/airflow/example_dags/example_dag_decorator.py
[2023-11-25T10:24:23.508+0000] {processor.py:839} INFO - DAG(s) dict_keys(['example_dag_decorator']) retrieved from /home/airflow/.local/lib/python3.8/site-packages/airflow/example_dags/example_dag_decorator.py
[2023-11-25T10:24:23.652+0000] {logging_mixin.py:154} INFO - [2023-11-25T10:24:23.652+0000] {dag.py:2941} INFO - Sync 1 DAGs
[2023-11-25T10:24:23.665+0000] {logging_mixin.py:154} INFO - [2023-11-25T10:24:23.665+0000] {dag.py:3722} INFO - Setting next_dagrun for example_dag_decorator to None, run_after=None
[2023-11-25T10:24:23.838+0000] {processor.py:179} INFO - Processing /home/airflow/.local/lib/python3.8/site-packages/airflow/example_dags/example_dag_decorator.py took 0.449 seconds
[2023-11-25T10:24:54.603+0000] {processor.py:157} INFO - Started process (PID=237) to work on /home/airflow/.local/lib/python3.8/site-packages/airflow/example_dags/example_dag_decorator.py
[2023-11-25T10:24:54.606+0000] {processor.py:829} INFO - Processing file /home/airflow/.local/lib/python3.8/site-packages/airflow/example_dags/example_dag_decorator.py for tasks to queue
[2023-11-25T10:24:54.609+0000] {logging_mixin.py:154} INFO - [2023-11-25T10:24:54.608+0000] {dagbag.py:536} INFO - Filling up the DagBag from /home/airflow/.local/lib/python3.8/site-packages/airflow/example_dags/example_dag_decorator.py
[2023-11-25T10:24:54.680+0000] {processor.py:839} INFO - DAG(s) dict_keys(['example_dag_decorator']) retrieved from /home/airflow/.local/lib/python3.8/site-packages/airflow/example_dags/example_dag_decorator.py
[2023-11-25T10:24:54.773+0000] {logging_mixin.py:154} INFO - [2023-11-25T10:24:54.773+0000] {dag.py:2941} INFO - Sync 1 DAGs
[2023-11-25T10:24:54.783+0000] {logging_mixin.py:154} INFO - [2023-11-25T10:24:54.782+0000] {dag.py:3722} INFO - Setting next_dagrun for example_dag_decorator to None, run_after=None
[2023-11-25T10:24:54.803+0000] {processor.py:179} INFO - Processing /home/airflow/.local/lib/python3.8/site-packages/airflow/example_dags/example_dag_decorator.py took 0.207 seconds
[2023-11-25T10:25:25.235+0000] {processor.py:157} INFO - Started process (PID=291) to work on /home/airflow/.local/lib/python3.8/site-packages/airflow/example_dags/example_dag_decorator.py
[2023-11-25T10:25:25.237+0000] {processor.py:829} INFO - Processing file /home/airflow/.local/lib/python3.8/site-packages/airflow/example_dags/example_dag_decorator.py for tasks to queue
[2023-11-25T10:25:25.242+0000] {logging_mixin.py:154} INFO - [2023-11-25T10:25:25.241+0000] {dagbag.py:536} INFO - Filling up the DagBag from /home/airflow/.local/lib/python3.8/site-packages/airflow/example_dags/example_dag_decorator.py
[2023-11-25T10:25:25.366+0000] {processor.py:839} INFO - DAG(s) dict_keys(['example_dag_decorator']) retrieved from /home/airflow/.local/lib/python3.8/site-packages/airflow/example_dags/example_dag_decorator.py
[2023-11-25T10:25:25.613+0000] {logging_mixin.py:154} INFO - [2023-11-25T10:25:25.613+0000] {dag.py:2941} INFO - Sync 1 DAGs
[2023-11-25T10:25:25.626+0000] {logging_mixin.py:154} INFO - [2023-11-25T10:25:25.625+0000] {dag.py:3722} INFO - Setting next_dagrun for example_dag_decorator to None, run_after=None
[2023-11-25T10:25:25.648+0000] {processor.py:179} INFO - Processing /home/airflow/.local/lib/python3.8/site-packages/airflow/example_dags/example_dag_decorator.py took 0.425 seconds
[2023-11-25T10:25:56.557+0000] {processor.py:157} INFO - Started process (PID=352) to work on /home/airflow/.local/lib/python3.8/site-packages/airflow/example_dags/example_dag_decorator.py
[2023-11-25T10:25:56.558+0000] {processor.py:829} INFO - Processing file /home/airflow/.local/lib/python3.8/site-packages/airflow/example_dags/example_dag_decorator.py for tasks to queue
[2023-11-25T10:25:56.561+0000] {logging_mixin.py:154} INFO - [2023-11-25T10:25:56.560+0000] {dagbag.py:536} INFO - Filling up the DagBag from /home/airflow/.local/lib/python3.8/site-packages/airflow/example_dags/example_dag_decorator.py
[2023-11-25T10:25:56.634+0000] {processor.py:839} INFO - DAG(s) dict_keys(['example_dag_decorator']) retrieved from /home/airflow/.local/lib/python3.8/site-packages/airflow/example_dags/example_dag_decorator.py
[2023-11-25T10:25:56.654+0000] {logging_mixin.py:154} INFO - [2023-11-25T10:25:56.654+0000] {dag.py:2941} INFO - Sync 1 DAGs
[2023-11-25T10:25:56.664+0000] {logging_mixin.py:154} INFO - [2023-11-25T10:25:56.664+0000] {dag.py:3722} INFO - Setting next_dagrun for example_dag_decorator to None, run_after=None
[2023-11-25T10:25:56.682+0000] {processor.py:179} INFO - Processing /home/airflow/.local/lib/python3.8/site-packages/airflow/example_dags/example_dag_decorator.py took 0.130 seconds
[2023-11-25T10:26:27.295+0000] {processor.py:157} INFO - Started process (PID=406) to work on /home/airflow/.local/lib/python3.8/site-packages/airflow/example_dags/example_dag_decorator.py
[2023-11-25T10:26:27.298+0000] {processor.py:829} INFO - Processing file /home/airflow/.local/lib/python3.8/site-packages/airflow/example_dags/example_dag_decorator.py for tasks to queue
[2023-11-25T10:26:27.301+0000] {logging_mixin.py:154} INFO - [2023-11-25T10:26:27.300+0000] {dagbag.py:536} INFO - Filling up the DagBag from /home/airflow/.local/lib/python3.8/site-packages/airflow/example_dags/example_dag_decorator.py
[2023-11-25T10:26:27.364+0000] {processor.py:839} INFO - DAG(s) dict_keys(['example_dag_decorator']) retrieved from /home/airflow/.local/lib/python3.8/site-packages/airflow/example_dags/example_dag_decorator.py
[2023-11-25T10:26:27.566+0000] {logging_mixin.py:154} INFO - [2023-11-25T10:26:27.566+0000] {dag.py:2941} INFO - Sync 1 DAGs
[2023-11-25T10:26:27.575+0000] {logging_mixin.py:154} INFO - [2023-11-25T10:26:27.575+0000] {dag.py:3722} INFO - Setting next_dagrun for example_dag_decorator to None, run_after=None
[2023-11-25T10:26:27.597+0000] {processor.py:179} INFO - Processing /home/airflow/.local/lib/python3.8/site-packages/airflow/example_dags/example_dag_decorator.py took 0.308 seconds
[2023-11-25T10:26:58.042+0000] {processor.py:157} INFO - Started process (PID=460) to work on /home/airflow/.local/lib/python3.8/site-packages/airflow/example_dags/example_dag_decorator.py
[2023-11-25T10:26:58.045+0000] {processor.py:829} INFO - Processing file /home/airflow/.local/lib/python3.8/site-packages/airflow/example_dags/example_dag_decorator.py for tasks to queue
[2023-11-25T10:26:58.053+0000] {logging_mixin.py:154} INFO - [2023-11-25T10:26:58.052+0000] {dagbag.py:536} INFO - Filling up the DagBag from /home/airflow/.local/lib/python3.8/site-packages/airflow/example_dags/example_dag_decorator.py
[2023-11-25T10:26:58.146+0000] {processor.py:839} INFO - DAG(s) dict_keys(['example_dag_decorator']) retrieved from /home/airflow/.local/lib/python3.8/site-packages/airflow/example_dags/example_dag_decorator.py
[2023-11-25T10:26:58.415+0000] {logging_mixin.py:154} INFO - [2023-11-25T10:26:58.415+0000] {dag.py:2941} INFO - Sync 1 DAGs
[2023-11-25T10:26:58.427+0000] {logging_mixin.py:154} INFO - [2023-11-25T10:26:58.427+0000] {dag.py:3722} INFO - Setting next_dagrun for example_dag_decorator to None, run_after=None
[2023-11-25T10:26:58.449+0000] {processor.py:179} INFO - Processing /home/airflow/.local/lib/python3.8/site-packages/airflow/example_dags/example_dag_decorator.py took 0.411 seconds
[2023-11-25T10:27:29.353+0000] {processor.py:157} INFO - Started process (PID=513) to work on /home/airflow/.local/lib/python3.8/site-packages/airflow/example_dags/example_dag_decorator.py
[2023-11-25T10:27:29.355+0000] {processor.py:829} INFO - Processing file /home/airflow/.local/lib/python3.8/site-packages/airflow/example_dags/example_dag_decorator.py for tasks to queue
[2023-11-25T10:27:29.358+0000] {logging_mixin.py:154} INFO - [2023-11-25T10:27:29.358+0000] {dagbag.py:536} INFO - Filling up the DagBag from /home/airflow/.local/lib/python3.8/site-packages/airflow/example_dags/example_dag_decorator.py
[2023-11-25T10:27:29.437+0000] {processor.py:839} INFO - DAG(s) dict_keys(['example_dag_decorator']) retrieved from /home/airflow/.local/lib/python3.8/site-packages/airflow/example_dags/example_dag_decorator.py
[2023-11-25T10:27:29.669+0000] {logging_mixin.py:154} INFO - [2023-11-25T10:27:29.669+0000] {dag.py:2941} INFO - Sync 1 DAGs
[2023-11-25T10:27:29.680+0000] {logging_mixin.py:154} INFO - [2023-11-25T10:27:29.680+0000] {dag.py:3722} INFO - Setting next_dagrun for example_dag_decorator to None, run_after=None
[2023-11-25T10:27:29.701+0000] {processor.py:179} INFO - Processing /home/airflow/.local/lib/python3.8/site-packages/airflow/example_dags/example_dag_decorator.py took 0.351 seconds
[2023-11-25T10:28:00.621+0000] {processor.py:157} INFO - Started process (PID=567) to work on /home/airflow/.local/lib/python3.8/site-packages/airflow/example_dags/example_dag_decorator.py
[2023-11-25T10:28:00.625+0000] {processor.py:829} INFO - Processing file /home/airflow/.local/lib/python3.8/site-packages/airflow/example_dags/example_dag_decorator.py for tasks to queue
[2023-11-25T10:28:00.629+0000] {logging_mixin.py:154} INFO - [2023-11-25T10:28:00.628+0000] {dagbag.py:536} INFO - Filling up the DagBag from /home/airflow/.local/lib/python3.8/site-packages/airflow/example_dags/example_dag_decorator.py
[2023-11-25T10:28:00.719+0000] {processor.py:839} INFO - DAG(s) dict_keys(['example_dag_decorator']) retrieved from /home/airflow/.local/lib/python3.8/site-packages/airflow/example_dags/example_dag_decorator.py
[2023-11-25T10:28:00.983+0000] {logging_mixin.py:154} INFO - [2023-11-25T10:28:00.983+0000] {dag.py:2941} INFO - Sync 1 DAGs
[2023-11-25T10:28:00.996+0000] {logging_mixin.py:154} INFO - [2023-11-25T10:28:00.996+0000] {dag.py:3722} INFO - Setting next_dagrun for example_dag_decorator to None, run_after=None
[2023-11-25T10:28:01.016+0000] {processor.py:179} INFO - Processing /home/airflow/.local/lib/python3.8/site-packages/airflow/example_dags/example_dag_decorator.py took 0.412 seconds
[2023-11-25T10:28:31.259+0000] {processor.py:157} INFO - Started process (PID=620) to work on /home/airflow/.local/lib/python3.8/site-packages/airflow/example_dags/example_dag_decorator.py
[2023-11-25T10:28:31.262+0000] {processor.py:829} INFO - Processing file /home/airflow/.local/lib/python3.8/site-packages/airflow/example_dags/example_dag_decorator.py for tasks to queue
[2023-11-25T10:28:31.265+0000] {logging_mixin.py:154} INFO - [2023-11-25T10:28:31.264+0000] {dagbag.py:536} INFO - Filling up the DagBag from /home/airflow/.local/lib/python3.8/site-packages/airflow/example_dags/example_dag_decorator.py
[2023-11-25T10:28:31.340+0000] {processor.py:839} INFO - DAG(s) dict_keys(['example_dag_decorator']) retrieved from /home/airflow/.local/lib/python3.8/site-packages/airflow/example_dags/example_dag_decorator.py
[2023-11-25T10:28:31.586+0000] {logging_mixin.py:154} INFO - [2023-11-25T10:28:31.586+0000] {dag.py:2941} INFO - Sync 1 DAGs
[2023-11-25T10:28:31.598+0000] {logging_mixin.py:154} INFO - [2023-11-25T10:28:31.598+0000] {dag.py:3722} INFO - Setting next_dagrun for example_dag_decorator to None, run_after=None
[2023-11-25T10:28:31.617+0000] {processor.py:179} INFO - Processing /home/airflow/.local/lib/python3.8/site-packages/airflow/example_dags/example_dag_decorator.py took 0.363 seconds
[2023-11-25T10:29:02.613+0000] {processor.py:157} INFO - Started process (PID=674) to work on /home/airflow/.local/lib/python3.8/site-packages/airflow/example_dags/example_dag_decorator.py
[2023-11-25T10:29:02.616+0000] {processor.py:829} INFO - Processing file /home/airflow/.local/lib/python3.8/site-packages/airflow/example_dags/example_dag_decorator.py for tasks to queue
[2023-11-25T10:29:02.618+0000] {logging_mixin.py:154} INFO - [2023-11-25T10:29:02.618+0000] {dagbag.py:536} INFO - Filling up the DagBag from /home/airflow/.local/lib/python3.8/site-packages/airflow/example_dags/example_dag_decorator.py
[2023-11-25T10:29:02.699+0000] {processor.py:839} INFO - DAG(s) dict_keys(['example_dag_decorator']) retrieved from /home/airflow/.local/lib/python3.8/site-packages/airflow/example_dags/example_dag_decorator.py
[2023-11-25T10:29:02.966+0000] {logging_mixin.py:154} INFO - [2023-11-25T10:29:02.966+0000] {dag.py:2941} INFO - Sync 1 DAGs
[2023-11-25T10:29:02.977+0000] {logging_mixin.py:154} INFO - [2023-11-25T10:29:02.977+0000] {dag.py:3722} INFO - Setting next_dagrun for example_dag_decorator to None, run_after=None
[2023-11-25T10:29:02.999+0000] {processor.py:179} INFO - Processing /home/airflow/.local/lib/python3.8/site-packages/airflow/example_dags/example_dag_decorator.py took 0.391 seconds
[2023-11-25T10:29:33.502+0000] {processor.py:157} INFO - Started process (PID=728) to work on /home/airflow/.local/lib/python3.8/site-packages/airflow/example_dags/example_dag_decorator.py
[2023-11-25T10:29:33.503+0000] {processor.py:829} INFO - Processing file /home/airflow/.local/lib/python3.8/site-packages/airflow/example_dags/example_dag_decorator.py for tasks to queue
[2023-11-25T10:29:33.506+0000] {logging_mixin.py:154} INFO - [2023-11-25T10:29:33.506+0000] {dagbag.py:536} INFO - Filling up the DagBag from /home/airflow/.local/lib/python3.8/site-packages/airflow/example_dags/example_dag_decorator.py
[2023-11-25T10:29:33.580+0000] {processor.py:839} INFO - DAG(s) dict_keys(['example_dag_decorator']) retrieved from /home/airflow/.local/lib/python3.8/site-packages/airflow/example_dags/example_dag_decorator.py
[2023-11-25T10:29:33.784+0000] {logging_mixin.py:154} INFO - [2023-11-25T10:29:33.784+0000] {dag.py:2941} INFO - Sync 1 DAGs
[2023-11-25T10:29:33.795+0000] {logging_mixin.py:154} INFO - [2023-11-25T10:29:33.794+0000] {dag.py:3722} INFO - Setting next_dagrun for example_dag_decorator to None, run_after=None
[2023-11-25T10:29:33.813+0000] {processor.py:179} INFO - Processing /home/airflow/.local/lib/python3.8/site-packages/airflow/example_dags/example_dag_decorator.py took 0.319 seconds
[2023-11-25T10:30:04.648+0000] {processor.py:157} INFO - Started process (PID=782) to work on /home/airflow/.local/lib/python3.8/site-packages/airflow/example_dags/example_dag_decorator.py
[2023-11-25T10:30:04.650+0000] {processor.py:829} INFO - Processing file /home/airflow/.local/lib/python3.8/site-packages/airflow/example_dags/example_dag_decorator.py for tasks to queue
[2023-11-25T10:30:04.653+0000] {logging_mixin.py:154} INFO - [2023-11-25T10:30:04.653+0000] {dagbag.py:536} INFO - Filling up the DagBag from /home/airflow/.local/lib/python3.8/site-packages/airflow/example_dags/example_dag_decorator.py
[2023-11-25T10:30:04.730+0000] {processor.py:839} INFO - DAG(s) dict_keys(['example_dag_decorator']) retrieved from /home/airflow/.local/lib/python3.8/site-packages/airflow/example_dags/example_dag_decorator.py
[2023-11-25T10:30:05.028+0000] {logging_mixin.py:154} INFO - [2023-11-25T10:30:05.028+0000] {dag.py:2941} INFO - Sync 1 DAGs
[2023-11-25T10:30:05.044+0000] {logging_mixin.py:154} INFO - [2023-11-25T10:30:05.043+0000] {dag.py:3722} INFO - Setting next_dagrun for example_dag_decorator to None, run_after=None
[2023-11-25T10:30:05.093+0000] {processor.py:179} INFO - Processing /home/airflow/.local/lib/python3.8/site-packages/airflow/example_dags/example_dag_decorator.py took 0.450 seconds
[2023-11-25T10:30:35.323+0000] {processor.py:157} INFO - Started process (PID=836) to work on /home/airflow/.local/lib/python3.8/site-packages/airflow/example_dags/example_dag_decorator.py
[2023-11-25T10:30:35.324+0000] {processor.py:829} INFO - Processing file /home/airflow/.local/lib/python3.8/site-packages/airflow/example_dags/example_dag_decorator.py for tasks to queue
[2023-11-25T10:30:35.328+0000] {logging_mixin.py:154} INFO - [2023-11-25T10:30:35.327+0000] {dagbag.py:536} INFO - Filling up the DagBag from /home/airflow/.local/lib/python3.8/site-packages/airflow/example_dags/example_dag_decorator.py
[2023-11-25T10:30:35.396+0000] {processor.py:839} INFO - DAG(s) dict_keys(['example_dag_decorator']) retrieved from /home/airflow/.local/lib/python3.8/site-packages/airflow/example_dags/example_dag_decorator.py
[2023-11-25T10:30:35.697+0000] {logging_mixin.py:154} INFO - [2023-11-25T10:30:35.696+0000] {dag.py:2941} INFO - Sync 1 DAGs
[2023-11-25T10:30:35.713+0000] {logging_mixin.py:154} INFO - [2023-11-25T10:30:35.713+0000] {dag.py:3722} INFO - Setting next_dagrun for example_dag_decorator to None, run_after=None
[2023-11-25T10:30:35.740+0000] {processor.py:179} INFO - Processing /home/airflow/.local/lib/python3.8/site-packages/airflow/example_dags/example_dag_decorator.py took 0.424 seconds
[2023-11-25T10:31:05.770+0000] {processor.py:157} INFO - Started process (PID=890) to work on /home/airflow/.local/lib/python3.8/site-packages/airflow/example_dags/example_dag_decorator.py
[2023-11-25T10:31:05.773+0000] {processor.py:829} INFO - Processing file /home/airflow/.local/lib/python3.8/site-packages/airflow/example_dags/example_dag_decorator.py for tasks to queue
[2023-11-25T10:31:05.774+0000] {logging_mixin.py:154} INFO - [2023-11-25T10:31:05.774+0000] {dagbag.py:536} INFO - Filling up the DagBag from /home/airflow/.local/lib/python3.8/site-packages/airflow/example_dags/example_dag_decorator.py
[2023-11-25T10:31:05.840+0000] {processor.py:839} INFO - DAG(s) dict_keys(['example_dag_decorator']) retrieved from /home/airflow/.local/lib/python3.8/site-packages/airflow/example_dags/example_dag_decorator.py
[2023-11-25T10:31:06.086+0000] {logging_mixin.py:154} INFO - [2023-11-25T10:31:06.085+0000] {dag.py:2941} INFO - Sync 1 DAGs
[2023-11-25T10:31:06.095+0000] {logging_mixin.py:154} INFO - [2023-11-25T10:31:06.095+0000] {dag.py:3722} INFO - Setting next_dagrun for example_dag_decorator to None, run_after=None
[2023-11-25T10:31:06.134+0000] {processor.py:179} INFO - Processing /home/airflow/.local/lib/python3.8/site-packages/airflow/example_dags/example_dag_decorator.py took 0.368 seconds
[2023-11-25T10:31:36.209+0000] {processor.py:157} INFO - Started process (PID=943) to work on /home/airflow/.local/lib/python3.8/site-packages/airflow/example_dags/example_dag_decorator.py
[2023-11-25T10:31:36.212+0000] {processor.py:829} INFO - Processing file /home/airflow/.local/lib/python3.8/site-packages/airflow/example_dags/example_dag_decorator.py for tasks to queue
[2023-11-25T10:31:36.223+0000] {logging_mixin.py:154} INFO - [2023-11-25T10:31:36.221+0000] {dagbag.py:536} INFO - Filling up the DagBag from /home/airflow/.local/lib/python3.8/site-packages/airflow/example_dags/example_dag_decorator.py
[2023-11-25T10:31:36.379+0000] {processor.py:839} INFO - DAG(s) dict_keys(['example_dag_decorator']) retrieved from /home/airflow/.local/lib/python3.8/site-packages/airflow/example_dags/example_dag_decorator.py
[2023-11-25T10:31:36.770+0000] {logging_mixin.py:154} INFO - [2023-11-25T10:31:36.770+0000] {dag.py:2941} INFO - Sync 1 DAGs
[2023-11-25T10:31:36.780+0000] {logging_mixin.py:154} INFO - [2023-11-25T10:31:36.780+0000] {dag.py:3722} INFO - Setting next_dagrun for example_dag_decorator to None, run_after=None
[2023-11-25T10:31:36.801+0000] {processor.py:179} INFO - Processing /home/airflow/.local/lib/python3.8/site-packages/airflow/example_dags/example_dag_decorator.py took 0.610 seconds
[2023-11-25T10:32:07.225+0000] {processor.py:157} INFO - Started process (PID=997) to work on /home/airflow/.local/lib/python3.8/site-packages/airflow/example_dags/example_dag_decorator.py
[2023-11-25T10:32:07.229+0000] {processor.py:829} INFO - Processing file /home/airflow/.local/lib/python3.8/site-packages/airflow/example_dags/example_dag_decorator.py for tasks to queue
[2023-11-25T10:32:07.232+0000] {logging_mixin.py:154} INFO - [2023-11-25T10:32:07.231+0000] {dagbag.py:536} INFO - Filling up the DagBag from /home/airflow/.local/lib/python3.8/site-packages/airflow/example_dags/example_dag_decorator.py
[2023-11-25T10:32:07.313+0000] {processor.py:839} INFO - DAG(s) dict_keys(['example_dag_decorator']) retrieved from /home/airflow/.local/lib/python3.8/site-packages/airflow/example_dags/example_dag_decorator.py
[2023-11-25T10:32:07.570+0000] {logging_mixin.py:154} INFO - [2023-11-25T10:32:07.569+0000] {dag.py:2941} INFO - Sync 1 DAGs
[2023-11-25T10:32:07.579+0000] {logging_mixin.py:154} INFO - [2023-11-25T10:32:07.579+0000] {dag.py:3722} INFO - Setting next_dagrun for example_dag_decorator to None, run_after=None
[2023-11-25T10:32:07.603+0000] {processor.py:179} INFO - Processing /home/airflow/.local/lib/python3.8/site-packages/airflow/example_dags/example_dag_decorator.py took 0.384 seconds
[2023-11-25T10:32:38.000+0000] {processor.py:157} INFO - Started process (PID=1051) to work on /home/airflow/.local/lib/python3.8/site-packages/airflow/example_dags/example_dag_decorator.py
[2023-11-25T10:32:38.003+0000] {processor.py:829} INFO - Processing file /home/airflow/.local/lib/python3.8/site-packages/airflow/example_dags/example_dag_decorator.py for tasks to queue
[2023-11-25T10:32:38.009+0000] {logging_mixin.py:154} INFO - [2023-11-25T10:32:38.008+0000] {dagbag.py:536} INFO - Filling up the DagBag from /home/airflow/.local/lib/python3.8/site-packages/airflow/example_dags/example_dag_decorator.py
[2023-11-25T10:32:38.109+0000] {processor.py:839} INFO - DAG(s) dict_keys(['example_dag_decorator']) retrieved from /home/airflow/.local/lib/python3.8/site-packages/airflow/example_dags/example_dag_decorator.py
[2023-11-25T10:32:38.390+0000] {logging_mixin.py:154} INFO - [2023-11-25T10:32:38.390+0000] {dag.py:2941} INFO - Sync 1 DAGs
[2023-11-25T10:32:38.410+0000] {logging_mixin.py:154} INFO - [2023-11-25T10:32:38.410+0000] {dag.py:3722} INFO - Setting next_dagrun for example_dag_decorator to None, run_after=None
[2023-11-25T10:32:38.437+0000] {processor.py:179} INFO - Processing /home/airflow/.local/lib/python3.8/site-packages/airflow/example_dags/example_dag_decorator.py took 0.448 seconds
[2023-11-25T10:33:09.049+0000] {processor.py:157} INFO - Started process (PID=1105) to work on /home/airflow/.local/lib/python3.8/site-packages/airflow/example_dags/example_dag_decorator.py
[2023-11-25T10:33:09.054+0000] {processor.py:829} INFO - Processing file /home/airflow/.local/lib/python3.8/site-packages/airflow/example_dags/example_dag_decorator.py for tasks to queue
[2023-11-25T10:33:09.061+0000] {logging_mixin.py:154} INFO - [2023-11-25T10:33:09.060+0000] {dagbag.py:536} INFO - Filling up the DagBag from /home/airflow/.local/lib/python3.8/site-packages/airflow/example_dags/example_dag_decorator.py
[2023-11-25T10:33:09.157+0000] {processor.py:839} INFO - DAG(s) dict_keys(['example_dag_decorator']) retrieved from /home/airflow/.local/lib/python3.8/site-packages/airflow/example_dags/example_dag_decorator.py
[2023-11-25T10:33:09.421+0000] {logging_mixin.py:154} INFO - [2023-11-25T10:33:09.421+0000] {dag.py:2941} INFO - Sync 1 DAGs
[2023-11-25T10:33:09.432+0000] {logging_mixin.py:154} INFO - [2023-11-25T10:33:09.431+0000] {dag.py:3722} INFO - Setting next_dagrun for example_dag_decorator to None, run_after=None
[2023-11-25T10:33:09.449+0000] {processor.py:179} INFO - Processing /home/airflow/.local/lib/python3.8/site-packages/airflow/example_dags/example_dag_decorator.py took 0.435 seconds
[2023-11-25T10:33:40.443+0000] {processor.py:157} INFO - Started process (PID=1159) to work on /home/airflow/.local/lib/python3.8/site-packages/airflow/example_dags/example_dag_decorator.py
[2023-11-25T10:33:40.446+0000] {processor.py:829} INFO - Processing file /home/airflow/.local/lib/python3.8/site-packages/airflow/example_dags/example_dag_decorator.py for tasks to queue
[2023-11-25T10:33:40.449+0000] {logging_mixin.py:154} INFO - [2023-11-25T10:33:40.449+0000] {dagbag.py:536} INFO - Filling up the DagBag from /home/airflow/.local/lib/python3.8/site-packages/airflow/example_dags/example_dag_decorator.py
[2023-11-25T10:33:40.768+0000] {processor.py:839} INFO - DAG(s) dict_keys(['example_dag_decorator']) retrieved from /home/airflow/.local/lib/python3.8/site-packages/airflow/example_dags/example_dag_decorator.py
[2023-11-25T10:33:40.900+0000] {logging_mixin.py:154} INFO - [2023-11-25T10:33:40.900+0000] {dag.py:2941} INFO - Sync 1 DAGs
[2023-11-25T10:33:40.911+0000] {logging_mixin.py:154} INFO - [2023-11-25T10:33:40.911+0000] {dag.py:3722} INFO - Setting next_dagrun for example_dag_decorator to None, run_after=None
[2023-11-25T10:33:40.939+0000] {processor.py:179} INFO - Processing /home/airflow/.local/lib/python3.8/site-packages/airflow/example_dags/example_dag_decorator.py took 0.499 seconds
[2023-11-25T10:34:11.985+0000] {processor.py:157} INFO - Started process (PID=1212) to work on /home/airflow/.local/lib/python3.8/site-packages/airflow/example_dags/example_dag_decorator.py
[2023-11-25T10:34:11.988+0000] {processor.py:829} INFO - Processing file /home/airflow/.local/lib/python3.8/site-packages/airflow/example_dags/example_dag_decorator.py for tasks to queue
[2023-11-25T10:34:11.992+0000] {logging_mixin.py:154} INFO - [2023-11-25T10:34:11.992+0000] {dagbag.py:536} INFO - Filling up the DagBag from /home/airflow/.local/lib/python3.8/site-packages/airflow/example_dags/example_dag_decorator.py
[2023-11-25T10:34:12.058+0000] {processor.py:839} INFO - DAG(s) dict_keys(['example_dag_decorator']) retrieved from /home/airflow/.local/lib/python3.8/site-packages/airflow/example_dags/example_dag_decorator.py
[2023-11-25T10:34:12.275+0000] {logging_mixin.py:154} INFO - [2023-11-25T10:34:12.275+0000] {dag.py:2941} INFO - Sync 1 DAGs
[2023-11-25T10:34:12.284+0000] {logging_mixin.py:154} INFO - [2023-11-25T10:34:12.284+0000] {dag.py:3722} INFO - Setting next_dagrun for example_dag_decorator to None, run_after=None
[2023-11-25T10:34:12.302+0000] {processor.py:179} INFO - Processing /home/airflow/.local/lib/python3.8/site-packages/airflow/example_dags/example_dag_decorator.py took 0.326 seconds
[2023-11-25T10:34:43.193+0000] {processor.py:157} INFO - Started process (PID=1266) to work on /home/airflow/.local/lib/python3.8/site-packages/airflow/example_dags/example_dag_decorator.py
[2023-11-25T10:34:43.195+0000] {processor.py:829} INFO - Processing file /home/airflow/.local/lib/python3.8/site-packages/airflow/example_dags/example_dag_decorator.py for tasks to queue
[2023-11-25T10:34:43.199+0000] {logging_mixin.py:154} INFO - [2023-11-25T10:34:43.199+0000] {dagbag.py:536} INFO - Filling up the DagBag from /home/airflow/.local/lib/python3.8/site-packages/airflow/example_dags/example_dag_decorator.py
[2023-11-25T10:34:43.292+0000] {processor.py:839} INFO - DAG(s) dict_keys(['example_dag_decorator']) retrieved from /home/airflow/.local/lib/python3.8/site-packages/airflow/example_dags/example_dag_decorator.py
[2023-11-25T10:34:43.562+0000] {logging_mixin.py:154} INFO - [2023-11-25T10:34:43.562+0000] {dag.py:2941} INFO - Sync 1 DAGs
[2023-11-25T10:34:43.580+0000] {logging_mixin.py:154} INFO - [2023-11-25T10:34:43.580+0000] {dag.py:3722} INFO - Setting next_dagrun for example_dag_decorator to None, run_after=None
[2023-11-25T10:34:43.626+0000] {processor.py:179} INFO - Processing /home/airflow/.local/lib/python3.8/site-packages/airflow/example_dags/example_dag_decorator.py took 0.439 seconds
[2023-11-25T10:35:13.703+0000] {processor.py:157} INFO - Started process (PID=1320) to work on /home/airflow/.local/lib/python3.8/site-packages/airflow/example_dags/example_dag_decorator.py
[2023-11-25T10:35:13.706+0000] {processor.py:829} INFO - Processing file /home/airflow/.local/lib/python3.8/site-packages/airflow/example_dags/example_dag_decorator.py for tasks to queue
[2023-11-25T10:35:13.708+0000] {logging_mixin.py:154} INFO - [2023-11-25T10:35:13.708+0000] {dagbag.py:536} INFO - Filling up the DagBag from /home/airflow/.local/lib/python3.8/site-packages/airflow/example_dags/example_dag_decorator.py
[2023-11-25T10:35:13.912+0000] {processor.py:839} INFO - DAG(s) dict_keys(['example_dag_decorator']) retrieved from /home/airflow/.local/lib/python3.8/site-packages/airflow/example_dags/example_dag_decorator.py
[2023-11-25T10:35:14.051+0000] {logging_mixin.py:154} INFO - [2023-11-25T10:35:14.051+0000] {dag.py:2941} INFO - Sync 1 DAGs
[2023-11-25T10:35:14.062+0000] {logging_mixin.py:154} INFO - [2023-11-25T10:35:14.062+0000] {dag.py:3722} INFO - Setting next_dagrun for example_dag_decorator to None, run_after=None
[2023-11-25T10:35:14.083+0000] {processor.py:179} INFO - Processing /home/airflow/.local/lib/python3.8/site-packages/airflow/example_dags/example_dag_decorator.py took 0.383 seconds
[2023-11-25T10:35:44.481+0000] {processor.py:157} INFO - Started process (PID=1374) to work on /home/airflow/.local/lib/python3.8/site-packages/airflow/example_dags/example_dag_decorator.py
[2023-11-25T10:35:44.482+0000] {processor.py:829} INFO - Processing file /home/airflow/.local/lib/python3.8/site-packages/airflow/example_dags/example_dag_decorator.py for tasks to queue
[2023-11-25T10:35:44.485+0000] {logging_mixin.py:154} INFO - [2023-11-25T10:35:44.484+0000] {dagbag.py:536} INFO - Filling up the DagBag from /home/airflow/.local/lib/python3.8/site-packages/airflow/example_dags/example_dag_decorator.py
[2023-11-25T10:35:44.563+0000] {processor.py:839} INFO - DAG(s) dict_keys(['example_dag_decorator']) retrieved from /home/airflow/.local/lib/python3.8/site-packages/airflow/example_dags/example_dag_decorator.py
[2023-11-25T10:35:44.847+0000] {logging_mixin.py:154} INFO - [2023-11-25T10:35:44.846+0000] {dag.py:2941} INFO - Sync 1 DAGs
[2023-11-25T10:35:44.860+0000] {logging_mixin.py:154} INFO - [2023-11-25T10:35:44.860+0000] {dag.py:3722} INFO - Setting next_dagrun for example_dag_decorator to None, run_after=None
[2023-11-25T10:35:44.885+0000] {processor.py:179} INFO - Processing /home/airflow/.local/lib/python3.8/site-packages/airflow/example_dags/example_dag_decorator.py took 0.407 seconds
[2023-11-25T10:36:15.102+0000] {processor.py:157} INFO - Started process (PID=1428) to work on /home/airflow/.local/lib/python3.8/site-packages/airflow/example_dags/example_dag_decorator.py
[2023-11-25T10:36:15.105+0000] {processor.py:829} INFO - Processing file /home/airflow/.local/lib/python3.8/site-packages/airflow/example_dags/example_dag_decorator.py for tasks to queue
[2023-11-25T10:36:15.109+0000] {logging_mixin.py:154} INFO - [2023-11-25T10:36:15.109+0000] {dagbag.py:536} INFO - Filling up the DagBag from /home/airflow/.local/lib/python3.8/site-packages/airflow/example_dags/example_dag_decorator.py
[2023-11-25T10:36:15.305+0000] {processor.py:839} INFO - DAG(s) dict_keys(['example_dag_decorator']) retrieved from /home/airflow/.local/lib/python3.8/site-packages/airflow/example_dags/example_dag_decorator.py
[2023-11-25T10:36:15.426+0000] {logging_mixin.py:154} INFO - [2023-11-25T10:36:15.425+0000] {dag.py:2941} INFO - Sync 1 DAGs
[2023-11-25T10:36:15.437+0000] {logging_mixin.py:154} INFO - [2023-11-25T10:36:15.436+0000] {dag.py:3722} INFO - Setting next_dagrun for example_dag_decorator to None, run_after=None
[2023-11-25T10:36:15.453+0000] {processor.py:179} INFO - Processing /home/airflow/.local/lib/python3.8/site-packages/airflow/example_dags/example_dag_decorator.py took 0.358 seconds
[2023-11-25T10:36:46.057+0000] {processor.py:157} INFO - Started process (PID=1482) to work on /home/airflow/.local/lib/python3.8/site-packages/airflow/example_dags/example_dag_decorator.py
[2023-11-25T10:36:46.058+0000] {processor.py:829} INFO - Processing file /home/airflow/.local/lib/python3.8/site-packages/airflow/example_dags/example_dag_decorator.py for tasks to queue
[2023-11-25T10:36:46.060+0000] {logging_mixin.py:154} INFO - [2023-11-25T10:36:46.060+0000] {dagbag.py:536} INFO - Filling up the DagBag from /home/airflow/.local/lib/python3.8/site-packages/airflow/example_dags/example_dag_decorator.py
[2023-11-25T10:36:46.327+0000] {processor.py:839} INFO - DAG(s) dict_keys(['example_dag_decorator']) retrieved from /home/airflow/.local/lib/python3.8/site-packages/airflow/example_dags/example_dag_decorator.py
[2023-11-25T10:36:46.467+0000] {logging_mixin.py:154} INFO - [2023-11-25T10:36:46.467+0000] {dag.py:2941} INFO - Sync 1 DAGs
[2023-11-25T10:36:46.478+0000] {logging_mixin.py:154} INFO - [2023-11-25T10:36:46.478+0000] {dag.py:3722} INFO - Setting next_dagrun for example_dag_decorator to None, run_after=None
[2023-11-25T10:36:46.507+0000] {processor.py:179} INFO - Processing /home/airflow/.local/lib/python3.8/site-packages/airflow/example_dags/example_dag_decorator.py took 0.453 seconds
[2023-11-25T10:37:17.302+0000] {processor.py:157} INFO - Started process (PID=1535) to work on /home/airflow/.local/lib/python3.8/site-packages/airflow/example_dags/example_dag_decorator.py
[2023-11-25T10:37:17.305+0000] {processor.py:829} INFO - Processing file /home/airflow/.local/lib/python3.8/site-packages/airflow/example_dags/example_dag_decorator.py for tasks to queue
[2023-11-25T10:37:17.308+0000] {logging_mixin.py:154} INFO - [2023-11-25T10:37:17.308+0000] {dagbag.py:536} INFO - Filling up the DagBag from /home/airflow/.local/lib/python3.8/site-packages/airflow/example_dags/example_dag_decorator.py
[2023-11-25T10:37:17.576+0000] {processor.py:839} INFO - DAG(s) dict_keys(['example_dag_decorator']) retrieved from /home/airflow/.local/lib/python3.8/site-packages/airflow/example_dags/example_dag_decorator.py
[2023-11-25T10:37:17.714+0000] {logging_mixin.py:154} INFO - [2023-11-25T10:37:17.714+0000] {dag.py:2941} INFO - Sync 1 DAGs
[2023-11-25T10:37:17.727+0000] {logging_mixin.py:154} INFO - [2023-11-25T10:37:17.727+0000] {dag.py:3722} INFO - Setting next_dagrun for example_dag_decorator to None, run_after=None
[2023-11-25T10:37:17.749+0000] {processor.py:179} INFO - Processing /home/airflow/.local/lib/python3.8/site-packages/airflow/example_dags/example_dag_decorator.py took 0.452 seconds
[2023-11-25T10:37:48.164+0000] {processor.py:157} INFO - Started process (PID=1589) to work on /home/airflow/.local/lib/python3.8/site-packages/airflow/example_dags/example_dag_decorator.py
[2023-11-25T10:37:48.166+0000] {processor.py:829} INFO - Processing file /home/airflow/.local/lib/python3.8/site-packages/airflow/example_dags/example_dag_decorator.py for tasks to queue
[2023-11-25T10:37:48.170+0000] {logging_mixin.py:154} INFO - [2023-11-25T10:37:48.169+0000] {dagbag.py:536} INFO - Filling up the DagBag from /home/airflow/.local/lib/python3.8/site-packages/airflow/example_dags/example_dag_decorator.py
[2023-11-25T10:37:48.244+0000] {processor.py:839} INFO - DAG(s) dict_keys(['example_dag_decorator']) retrieved from /home/airflow/.local/lib/python3.8/site-packages/airflow/example_dags/example_dag_decorator.py
[2023-11-25T10:37:48.340+0000] {logging_mixin.py:154} INFO - [2023-11-25T10:37:48.340+0000] {dag.py:2941} INFO - Sync 1 DAGs
[2023-11-25T10:37:48.351+0000] {logging_mixin.py:154} INFO - [2023-11-25T10:37:48.351+0000] {dag.py:3722} INFO - Setting next_dagrun for example_dag_decorator to None, run_after=None
[2023-11-25T10:37:48.371+0000] {processor.py:179} INFO - Processing /home/airflow/.local/lib/python3.8/site-packages/airflow/example_dags/example_dag_decorator.py took 0.213 seconds
[2023-11-25T10:38:18.542+0000] {processor.py:157} INFO - Started process (PID=1643) to work on /home/airflow/.local/lib/python3.8/site-packages/airflow/example_dags/example_dag_decorator.py
[2023-11-25T10:38:18.544+0000] {processor.py:829} INFO - Processing file /home/airflow/.local/lib/python3.8/site-packages/airflow/example_dags/example_dag_decorator.py for tasks to queue
[2023-11-25T10:38:18.547+0000] {logging_mixin.py:154} INFO - [2023-11-25T10:38:18.547+0000] {dagbag.py:536} INFO - Filling up the DagBag from /home/airflow/.local/lib/python3.8/site-packages/airflow/example_dags/example_dag_decorator.py
[2023-11-25T10:38:18.624+0000] {processor.py:839} INFO - DAG(s) dict_keys(['example_dag_decorator']) retrieved from /home/airflow/.local/lib/python3.8/site-packages/airflow/example_dags/example_dag_decorator.py
[2023-11-25T10:38:18.729+0000] {logging_mixin.py:154} INFO - [2023-11-25T10:38:18.729+0000] {dag.py:2941} INFO - Sync 1 DAGs
[2023-11-25T10:38:18.739+0000] {logging_mixin.py:154} INFO - [2023-11-25T10:38:18.739+0000] {dag.py:3722} INFO - Setting next_dagrun for example_dag_decorator to None, run_after=None
[2023-11-25T10:38:18.759+0000] {processor.py:179} INFO - Processing /home/airflow/.local/lib/python3.8/site-packages/airflow/example_dags/example_dag_decorator.py took 0.220 seconds
[2023-11-25T10:38:49.753+0000] {processor.py:157} INFO - Started process (PID=1697) to work on /home/airflow/.local/lib/python3.8/site-packages/airflow/example_dags/example_dag_decorator.py
[2023-11-25T10:38:49.755+0000] {processor.py:829} INFO - Processing file /home/airflow/.local/lib/python3.8/site-packages/airflow/example_dags/example_dag_decorator.py for tasks to queue
[2023-11-25T10:38:49.759+0000] {logging_mixin.py:154} INFO - [2023-11-25T10:38:49.759+0000] {dagbag.py:536} INFO - Filling up the DagBag from /home/airflow/.local/lib/python3.8/site-packages/airflow/example_dags/example_dag_decorator.py
[2023-11-25T10:38:49.823+0000] {processor.py:839} INFO - DAG(s) dict_keys(['example_dag_decorator']) retrieved from /home/airflow/.local/lib/python3.8/site-packages/airflow/example_dags/example_dag_decorator.py
[2023-11-25T10:38:49.847+0000] {logging_mixin.py:154} INFO - [2023-11-25T10:38:49.847+0000] {dag.py:2941} INFO - Sync 1 DAGs
[2023-11-25T10:38:49.862+0000] {logging_mixin.py:154} INFO - [2023-11-25T10:38:49.862+0000] {dag.py:3722} INFO - Setting next_dagrun for example_dag_decorator to None, run_after=None
[2023-11-25T10:38:49.881+0000] {processor.py:179} INFO - Processing /home/airflow/.local/lib/python3.8/site-packages/airflow/example_dags/example_dag_decorator.py took 0.131 seconds
[2023-11-25T10:39:20.210+0000] {processor.py:157} INFO - Started process (PID=1751) to work on /home/airflow/.local/lib/python3.8/site-packages/airflow/example_dags/example_dag_decorator.py
[2023-11-25T10:39:20.211+0000] {processor.py:829} INFO - Processing file /home/airflow/.local/lib/python3.8/site-packages/airflow/example_dags/example_dag_decorator.py for tasks to queue
[2023-11-25T10:39:20.214+0000] {logging_mixin.py:154} INFO - [2023-11-25T10:39:20.214+0000] {dagbag.py:536} INFO - Filling up the DagBag from /home/airflow/.local/lib/python3.8/site-packages/airflow/example_dags/example_dag_decorator.py
[2023-11-25T10:39:20.294+0000] {processor.py:839} INFO - DAG(s) dict_keys(['example_dag_decorator']) retrieved from /home/airflow/.local/lib/python3.8/site-packages/airflow/example_dags/example_dag_decorator.py
[2023-11-25T10:39:20.319+0000] {logging_mixin.py:154} INFO - [2023-11-25T10:39:20.319+0000] {dag.py:2941} INFO - Sync 1 DAGs
[2023-11-25T10:39:20.332+0000] {logging_mixin.py:154} INFO - [2023-11-25T10:39:20.332+0000] {dag.py:3722} INFO - Setting next_dagrun for example_dag_decorator to None, run_after=None
[2023-11-25T10:39:20.350+0000] {processor.py:179} INFO - Processing /home/airflow/.local/lib/python3.8/site-packages/airflow/example_dags/example_dag_decorator.py took 0.144 seconds
[2023-11-25T10:39:50.382+0000] {processor.py:157} INFO - Started process (PID=1805) to work on /home/airflow/.local/lib/python3.8/site-packages/airflow/example_dags/example_dag_decorator.py
[2023-11-25T10:39:50.383+0000] {processor.py:829} INFO - Processing file /home/airflow/.local/lib/python3.8/site-packages/airflow/example_dags/example_dag_decorator.py for tasks to queue
[2023-11-25T10:39:50.386+0000] {logging_mixin.py:154} INFO - [2023-11-25T10:39:50.385+0000] {dagbag.py:536} INFO - Filling up the DagBag from /home/airflow/.local/lib/python3.8/site-packages/airflow/example_dags/example_dag_decorator.py
[2023-11-25T10:39:50.449+0000] {processor.py:839} INFO - DAG(s) dict_keys(['example_dag_decorator']) retrieved from /home/airflow/.local/lib/python3.8/site-packages/airflow/example_dags/example_dag_decorator.py
[2023-11-25T10:39:50.469+0000] {logging_mixin.py:154} INFO - [2023-11-25T10:39:50.469+0000] {dag.py:2941} INFO - Sync 1 DAGs
[2023-11-25T10:39:50.480+0000] {logging_mixin.py:154} INFO - [2023-11-25T10:39:50.480+0000] {dag.py:3722} INFO - Setting next_dagrun for example_dag_decorator to None, run_after=None
[2023-11-25T10:39:50.497+0000] {processor.py:179} INFO - Processing /home/airflow/.local/lib/python3.8/site-packages/airflow/example_dags/example_dag_decorator.py took 0.118 seconds
[2023-11-25T11:05:07.543+0000] {processor.py:157} INFO - Started process (PID=69) to work on /home/airflow/.local/lib/python3.8/site-packages/airflow/example_dags/example_dag_decorator.py
[2023-11-25T11:05:07.545+0000] {processor.py:829} INFO - Processing file /home/airflow/.local/lib/python3.8/site-packages/airflow/example_dags/example_dag_decorator.py for tasks to queue
[2023-11-25T11:05:07.547+0000] {logging_mixin.py:154} INFO - [2023-11-25T11:05:07.547+0000] {dagbag.py:536} INFO - Filling up the DagBag from /home/airflow/.local/lib/python3.8/site-packages/airflow/example_dags/example_dag_decorator.py
[2023-11-25T11:05:07.684+0000] {processor.py:839} INFO - DAG(s) dict_keys(['example_dag_decorator']) retrieved from /home/airflow/.local/lib/python3.8/site-packages/airflow/example_dags/example_dag_decorator.py
[2023-11-25T11:05:07.697+0000] {logging_mixin.py:154} INFO - [2023-11-25T11:05:07.697+0000] {dag.py:2941} INFO - Sync 1 DAGs
[2023-11-25T11:05:07.720+0000] {logging_mixin.py:154} INFO - [2023-11-25T11:05:07.720+0000] {dag.py:3722} INFO - Setting next_dagrun for example_dag_decorator to None, run_after=None
[2023-11-25T11:05:07.778+0000] {processor.py:179} INFO - Processing /home/airflow/.local/lib/python3.8/site-packages/airflow/example_dags/example_dag_decorator.py took 0.239 seconds
[2023-11-25T11:05:38.134+0000] {processor.py:157} INFO - Started process (PID=123) to work on /home/airflow/.local/lib/python3.8/site-packages/airflow/example_dags/example_dag_decorator.py
[2023-11-25T11:05:38.135+0000] {processor.py:829} INFO - Processing file /home/airflow/.local/lib/python3.8/site-packages/airflow/example_dags/example_dag_decorator.py for tasks to queue
[2023-11-25T11:05:38.137+0000] {logging_mixin.py:154} INFO - [2023-11-25T11:05:38.136+0000] {dagbag.py:536} INFO - Filling up the DagBag from /home/airflow/.local/lib/python3.8/site-packages/airflow/example_dags/example_dag_decorator.py
[2023-11-25T11:05:38.245+0000] {processor.py:839} INFO - DAG(s) dict_keys(['example_dag_decorator']) retrieved from /home/airflow/.local/lib/python3.8/site-packages/airflow/example_dags/example_dag_decorator.py
[2023-11-25T11:05:38.384+0000] {logging_mixin.py:154} INFO - [2023-11-25T11:05:38.384+0000] {dag.py:2941} INFO - Sync 1 DAGs
[2023-11-25T11:05:38.401+0000] {logging_mixin.py:154} INFO - [2023-11-25T11:05:38.401+0000] {dag.py:3722} INFO - Setting next_dagrun for example_dag_decorator to None, run_after=None
[2023-11-25T11:05:38.432+0000] {processor.py:179} INFO - Processing /home/airflow/.local/lib/python3.8/site-packages/airflow/example_dags/example_dag_decorator.py took 0.302 seconds
[2023-11-25T11:06:09.019+0000] {processor.py:157} INFO - Started process (PID=177) to work on /home/airflow/.local/lib/python3.8/site-packages/airflow/example_dags/example_dag_decorator.py
[2023-11-25T11:06:09.020+0000] {processor.py:829} INFO - Processing file /home/airflow/.local/lib/python3.8/site-packages/airflow/example_dags/example_dag_decorator.py for tasks to queue
[2023-11-25T11:06:09.022+0000] {logging_mixin.py:154} INFO - [2023-11-25T11:06:09.022+0000] {dagbag.py:536} INFO - Filling up the DagBag from /home/airflow/.local/lib/python3.8/site-packages/airflow/example_dags/example_dag_decorator.py
[2023-11-25T11:06:09.106+0000] {processor.py:839} INFO - DAG(s) dict_keys(['example_dag_decorator']) retrieved from /home/airflow/.local/lib/python3.8/site-packages/airflow/example_dags/example_dag_decorator.py
[2023-11-25T11:06:09.236+0000] {logging_mixin.py:154} INFO - [2023-11-25T11:06:09.236+0000] {dag.py:2941} INFO - Sync 1 DAGs
[2023-11-25T11:06:09.248+0000] {logging_mixin.py:154} INFO - [2023-11-25T11:06:09.247+0000] {dag.py:3722} INFO - Setting next_dagrun for example_dag_decorator to None, run_after=None
[2023-11-25T11:06:09.268+0000] {processor.py:179} INFO - Processing /home/airflow/.local/lib/python3.8/site-packages/airflow/example_dags/example_dag_decorator.py took 0.252 seconds
[2023-11-25T11:07:43.906+0000] {processor.py:157} INFO - Started process (PID=69) to work on /home/airflow/.local/lib/python3.8/site-packages/airflow/example_dags/example_dag_decorator.py
[2023-11-25T11:07:43.914+0000] {processor.py:829} INFO - Processing file /home/airflow/.local/lib/python3.8/site-packages/airflow/example_dags/example_dag_decorator.py for tasks to queue
[2023-11-25T11:07:43.917+0000] {logging_mixin.py:154} INFO - [2023-11-25T11:07:43.917+0000] {dagbag.py:536} INFO - Filling up the DagBag from /home/airflow/.local/lib/python3.8/site-packages/airflow/example_dags/example_dag_decorator.py
[2023-11-25T11:07:44.084+0000] {processor.py:839} INFO - DAG(s) dict_keys(['example_dag_decorator']) retrieved from /home/airflow/.local/lib/python3.8/site-packages/airflow/example_dags/example_dag_decorator.py
[2023-11-25T11:07:44.268+0000] {logging_mixin.py:154} INFO - [2023-11-25T11:07:44.268+0000] {dag.py:2941} INFO - Sync 1 DAGs
[2023-11-25T11:07:44.282+0000] {logging_mixin.py:154} INFO - [2023-11-25T11:07:44.282+0000] {dag.py:3722} INFO - Setting next_dagrun for example_dag_decorator to None, run_after=None
[2023-11-25T11:07:44.307+0000] {processor.py:179} INFO - Processing /home/airflow/.local/lib/python3.8/site-packages/airflow/example_dags/example_dag_decorator.py took 0.406 seconds
[2023-11-25T11:08:15.209+0000] {processor.py:157} INFO - Started process (PID=123) to work on /home/airflow/.local/lib/python3.8/site-packages/airflow/example_dags/example_dag_decorator.py
[2023-11-25T11:08:15.212+0000] {processor.py:829} INFO - Processing file /home/airflow/.local/lib/python3.8/site-packages/airflow/example_dags/example_dag_decorator.py for tasks to queue
[2023-11-25T11:08:15.214+0000] {logging_mixin.py:154} INFO - [2023-11-25T11:08:15.214+0000] {dagbag.py:536} INFO - Filling up the DagBag from /home/airflow/.local/lib/python3.8/site-packages/airflow/example_dags/example_dag_decorator.py
[2023-11-25T11:08:15.299+0000] {processor.py:839} INFO - DAG(s) dict_keys(['example_dag_decorator']) retrieved from /home/airflow/.local/lib/python3.8/site-packages/airflow/example_dags/example_dag_decorator.py
[2023-11-25T11:08:15.434+0000] {logging_mixin.py:154} INFO - [2023-11-25T11:08:15.433+0000] {dag.py:2941} INFO - Sync 1 DAGs
[2023-11-25T11:08:15.447+0000] {logging_mixin.py:154} INFO - [2023-11-25T11:08:15.447+0000] {dag.py:3722} INFO - Setting next_dagrun for example_dag_decorator to None, run_after=None
[2023-11-25T11:08:15.464+0000] {processor.py:179} INFO - Processing /home/airflow/.local/lib/python3.8/site-packages/airflow/example_dags/example_dag_decorator.py took 0.262 seconds
[2023-11-25T11:08:46.137+0000] {processor.py:157} INFO - Started process (PID=177) to work on /home/airflow/.local/lib/python3.8/site-packages/airflow/example_dags/example_dag_decorator.py
[2023-11-25T11:08:46.138+0000] {processor.py:829} INFO - Processing file /home/airflow/.local/lib/python3.8/site-packages/airflow/example_dags/example_dag_decorator.py for tasks to queue
[2023-11-25T11:08:46.141+0000] {logging_mixin.py:154} INFO - [2023-11-25T11:08:46.140+0000] {dagbag.py:536} INFO - Filling up the DagBag from /home/airflow/.local/lib/python3.8/site-packages/airflow/example_dags/example_dag_decorator.py
[2023-11-25T11:08:46.212+0000] {processor.py:839} INFO - DAG(s) dict_keys(['example_dag_decorator']) retrieved from /home/airflow/.local/lib/python3.8/site-packages/airflow/example_dags/example_dag_decorator.py
[2023-11-25T11:08:46.349+0000] {logging_mixin.py:154} INFO - [2023-11-25T11:08:46.349+0000] {dag.py:2941} INFO - Sync 1 DAGs
[2023-11-25T11:08:46.360+0000] {logging_mixin.py:154} INFO - [2023-11-25T11:08:46.360+0000] {dag.py:3722} INFO - Setting next_dagrun for example_dag_decorator to None, run_after=None
[2023-11-25T11:08:46.379+0000] {processor.py:179} INFO - Processing /home/airflow/.local/lib/python3.8/site-packages/airflow/example_dags/example_dag_decorator.py took 0.247 seconds
[2023-11-25T11:09:16.720+0000] {processor.py:157} INFO - Started process (PID=230) to work on /home/airflow/.local/lib/python3.8/site-packages/airflow/example_dags/example_dag_decorator.py
[2023-11-25T11:09:16.722+0000] {processor.py:829} INFO - Processing file /home/airflow/.local/lib/python3.8/site-packages/airflow/example_dags/example_dag_decorator.py for tasks to queue
[2023-11-25T11:09:16.725+0000] {logging_mixin.py:154} INFO - [2023-11-25T11:09:16.724+0000] {dagbag.py:536} INFO - Filling up the DagBag from /home/airflow/.local/lib/python3.8/site-packages/airflow/example_dags/example_dag_decorator.py
[2023-11-25T11:09:16.793+0000] {processor.py:839} INFO - DAG(s) dict_keys(['example_dag_decorator']) retrieved from /home/airflow/.local/lib/python3.8/site-packages/airflow/example_dags/example_dag_decorator.py
[2023-11-25T11:09:16.898+0000] {logging_mixin.py:154} INFO - [2023-11-25T11:09:16.898+0000] {dag.py:2941} INFO - Sync 1 DAGs
[2023-11-25T11:09:16.911+0000] {logging_mixin.py:154} INFO - [2023-11-25T11:09:16.911+0000] {dag.py:3722} INFO - Setting next_dagrun for example_dag_decorator to None, run_after=None
[2023-11-25T11:09:16.927+0000] {processor.py:179} INFO - Processing /home/airflow/.local/lib/python3.8/site-packages/airflow/example_dags/example_dag_decorator.py took 0.213 seconds
[2023-11-25T11:09:47.569+0000] {processor.py:157} INFO - Started process (PID=291) to work on /home/airflow/.local/lib/python3.8/site-packages/airflow/example_dags/example_dag_decorator.py
[2023-11-25T11:09:47.570+0000] {processor.py:829} INFO - Processing file /home/airflow/.local/lib/python3.8/site-packages/airflow/example_dags/example_dag_decorator.py for tasks to queue
[2023-11-25T11:09:47.572+0000] {logging_mixin.py:154} INFO - [2023-11-25T11:09:47.572+0000] {dagbag.py:536} INFO - Filling up the DagBag from /home/airflow/.local/lib/python3.8/site-packages/airflow/example_dags/example_dag_decorator.py
[2023-11-25T11:09:47.641+0000] {processor.py:839} INFO - DAG(s) dict_keys(['example_dag_decorator']) retrieved from /home/airflow/.local/lib/python3.8/site-packages/airflow/example_dags/example_dag_decorator.py
[2023-11-25T11:09:47.747+0000] {logging_mixin.py:154} INFO - [2023-11-25T11:09:47.747+0000] {dag.py:2941} INFO - Sync 1 DAGs
[2023-11-25T11:09:47.758+0000] {logging_mixin.py:154} INFO - [2023-11-25T11:09:47.758+0000] {dag.py:3722} INFO - Setting next_dagrun for example_dag_decorator to None, run_after=None
[2023-11-25T11:09:47.774+0000] {processor.py:179} INFO - Processing /home/airflow/.local/lib/python3.8/site-packages/airflow/example_dags/example_dag_decorator.py took 0.209 seconds
[2023-11-25T11:10:18.507+0000] {processor.py:157} INFO - Started process (PID=346) to work on /home/airflow/.local/lib/python3.8/site-packages/airflow/example_dags/example_dag_decorator.py
[2023-11-25T11:10:18.510+0000] {processor.py:829} INFO - Processing file /home/airflow/.local/lib/python3.8/site-packages/airflow/example_dags/example_dag_decorator.py for tasks to queue
[2023-11-25T11:10:18.514+0000] {logging_mixin.py:154} INFO - [2023-11-25T11:10:18.513+0000] {dagbag.py:536} INFO - Filling up the DagBag from /home/airflow/.local/lib/python3.8/site-packages/airflow/example_dags/example_dag_decorator.py
[2023-11-25T11:10:18.621+0000] {processor.py:839} INFO - DAG(s) dict_keys(['example_dag_decorator']) retrieved from /home/airflow/.local/lib/python3.8/site-packages/airflow/example_dags/example_dag_decorator.py
[2023-11-25T11:10:18.648+0000] {logging_mixin.py:154} INFO - [2023-11-25T11:10:18.647+0000] {dag.py:2941} INFO - Sync 1 DAGs
[2023-11-25T11:10:18.662+0000] {logging_mixin.py:154} INFO - [2023-11-25T11:10:18.662+0000] {dag.py:3722} INFO - Setting next_dagrun for example_dag_decorator to None, run_after=None
[2023-11-25T11:10:18.681+0000] {processor.py:179} INFO - Processing /home/airflow/.local/lib/python3.8/site-packages/airflow/example_dags/example_dag_decorator.py took 0.179 seconds
[2023-11-25T11:10:48.964+0000] {processor.py:157} INFO - Started process (PID=400) to work on /home/airflow/.local/lib/python3.8/site-packages/airflow/example_dags/example_dag_decorator.py
[2023-11-25T11:10:48.965+0000] {processor.py:829} INFO - Processing file /home/airflow/.local/lib/python3.8/site-packages/airflow/example_dags/example_dag_decorator.py for tasks to queue
[2023-11-25T11:10:48.967+0000] {logging_mixin.py:154} INFO - [2023-11-25T11:10:48.967+0000] {dagbag.py:536} INFO - Filling up the DagBag from /home/airflow/.local/lib/python3.8/site-packages/airflow/example_dags/example_dag_decorator.py
[2023-11-25T11:10:49.074+0000] {processor.py:839} INFO - DAG(s) dict_keys(['example_dag_decorator']) retrieved from /home/airflow/.local/lib/python3.8/site-packages/airflow/example_dags/example_dag_decorator.py
[2023-11-25T11:10:49.193+0000] {logging_mixin.py:154} INFO - [2023-11-25T11:10:49.193+0000] {dag.py:2941} INFO - Sync 1 DAGs
[2023-11-25T11:10:49.208+0000] {logging_mixin.py:154} INFO - [2023-11-25T11:10:49.208+0000] {dag.py:3722} INFO - Setting next_dagrun for example_dag_decorator to None, run_after=None
[2023-11-25T11:10:49.229+0000] {processor.py:179} INFO - Processing /home/airflow/.local/lib/python3.8/site-packages/airflow/example_dags/example_dag_decorator.py took 0.269 seconds
[2023-11-25T11:11:19.324+0000] {processor.py:157} INFO - Started process (PID=455) to work on /home/airflow/.local/lib/python3.8/site-packages/airflow/example_dags/example_dag_decorator.py
[2023-11-25T11:11:19.326+0000] {processor.py:829} INFO - Processing file /home/airflow/.local/lib/python3.8/site-packages/airflow/example_dags/example_dag_decorator.py for tasks to queue
[2023-11-25T11:11:19.328+0000] {logging_mixin.py:154} INFO - [2023-11-25T11:11:19.328+0000] {dagbag.py:536} INFO - Filling up the DagBag from /home/airflow/.local/lib/python3.8/site-packages/airflow/example_dags/example_dag_decorator.py
[2023-11-25T11:11:19.397+0000] {processor.py:839} INFO - DAG(s) dict_keys(['example_dag_decorator']) retrieved from /home/airflow/.local/lib/python3.8/site-packages/airflow/example_dags/example_dag_decorator.py
[2023-11-25T11:11:19.521+0000] {logging_mixin.py:154} INFO - [2023-11-25T11:11:19.521+0000] {dag.py:2941} INFO - Sync 1 DAGs
[2023-11-25T11:11:19.536+0000] {logging_mixin.py:154} INFO - [2023-11-25T11:11:19.536+0000] {dag.py:3722} INFO - Setting next_dagrun for example_dag_decorator to None, run_after=None
[2023-11-25T11:11:19.556+0000] {processor.py:179} INFO - Processing /home/airflow/.local/lib/python3.8/site-packages/airflow/example_dags/example_dag_decorator.py took 0.235 seconds
[2023-11-25T11:11:49.586+0000] {processor.py:157} INFO - Started process (PID=511) to work on /home/airflow/.local/lib/python3.8/site-packages/airflow/example_dags/example_dag_decorator.py
[2023-11-25T11:11:49.587+0000] {processor.py:829} INFO - Processing file /home/airflow/.local/lib/python3.8/site-packages/airflow/example_dags/example_dag_decorator.py for tasks to queue
[2023-11-25T11:11:49.588+0000] {logging_mixin.py:154} INFO - [2023-11-25T11:11:49.588+0000] {dagbag.py:536} INFO - Filling up the DagBag from /home/airflow/.local/lib/python3.8/site-packages/airflow/example_dags/example_dag_decorator.py
[2023-11-25T11:11:49.649+0000] {processor.py:839} INFO - DAG(s) dict_keys(['example_dag_decorator']) retrieved from /home/airflow/.local/lib/python3.8/site-packages/airflow/example_dags/example_dag_decorator.py
[2023-11-25T11:11:49.749+0000] {logging_mixin.py:154} INFO - [2023-11-25T11:11:49.749+0000] {dag.py:2941} INFO - Sync 1 DAGs
[2023-11-25T11:11:49.758+0000] {logging_mixin.py:154} INFO - [2023-11-25T11:11:49.758+0000] {dag.py:3722} INFO - Setting next_dagrun for example_dag_decorator to None, run_after=None
[2023-11-25T11:11:49.773+0000] {processor.py:179} INFO - Processing /home/airflow/.local/lib/python3.8/site-packages/airflow/example_dags/example_dag_decorator.py took 0.190 seconds
[2023-11-25T11:12:19.909+0000] {processor.py:157} INFO - Started process (PID=564) to work on /home/airflow/.local/lib/python3.8/site-packages/airflow/example_dags/example_dag_decorator.py
[2023-11-25T11:12:19.910+0000] {processor.py:829} INFO - Processing file /home/airflow/.local/lib/python3.8/site-packages/airflow/example_dags/example_dag_decorator.py for tasks to queue
[2023-11-25T11:12:19.913+0000] {logging_mixin.py:154} INFO - [2023-11-25T11:12:19.913+0000] {dagbag.py:536} INFO - Filling up the DagBag from /home/airflow/.local/lib/python3.8/site-packages/airflow/example_dags/example_dag_decorator.py
[2023-11-25T11:12:20.008+0000] {processor.py:839} INFO - DAG(s) dict_keys(['example_dag_decorator']) retrieved from /home/airflow/.local/lib/python3.8/site-packages/airflow/example_dags/example_dag_decorator.py
[2023-11-25T11:12:20.122+0000] {logging_mixin.py:154} INFO - [2023-11-25T11:12:20.122+0000] {dag.py:2941} INFO - Sync 1 DAGs
[2023-11-25T11:12:20.135+0000] {logging_mixin.py:154} INFO - [2023-11-25T11:12:20.134+0000] {dag.py:3722} INFO - Setting next_dagrun for example_dag_decorator to None, run_after=None
[2023-11-25T11:12:20.151+0000] {processor.py:179} INFO - Processing /home/airflow/.local/lib/python3.8/site-packages/airflow/example_dags/example_dag_decorator.py took 0.246 seconds
[2023-11-25T11:12:50.366+0000] {processor.py:157} INFO - Started process (PID=618) to work on /home/airflow/.local/lib/python3.8/site-packages/airflow/example_dags/example_dag_decorator.py
[2023-11-25T11:12:50.368+0000] {processor.py:829} INFO - Processing file /home/airflow/.local/lib/python3.8/site-packages/airflow/example_dags/example_dag_decorator.py for tasks to queue
[2023-11-25T11:12:50.370+0000] {logging_mixin.py:154} INFO - [2023-11-25T11:12:50.370+0000] {dagbag.py:536} INFO - Filling up the DagBag from /home/airflow/.local/lib/python3.8/site-packages/airflow/example_dags/example_dag_decorator.py
[2023-11-25T11:12:50.490+0000] {processor.py:839} INFO - DAG(s) dict_keys(['example_dag_decorator']) retrieved from /home/airflow/.local/lib/python3.8/site-packages/airflow/example_dags/example_dag_decorator.py
[2023-11-25T11:12:50.683+0000] {logging_mixin.py:154} INFO - [2023-11-25T11:12:50.683+0000] {dag.py:2941} INFO - Sync 1 DAGs
[2023-11-25T11:12:50.702+0000] {logging_mixin.py:154} INFO - [2023-11-25T11:12:50.702+0000] {dag.py:3722} INFO - Setting next_dagrun for example_dag_decorator to None, run_after=None
[2023-11-25T11:12:50.731+0000] {processor.py:179} INFO - Processing /home/airflow/.local/lib/python3.8/site-packages/airflow/example_dags/example_dag_decorator.py took 0.370 seconds
