[2023-11-25T10:23:19.659+0000] {processor.py:157} INFO - Started process (PID=54) to work on /home/airflow/.local/lib/python3.8/site-packages/airflow/example_dags/example_short_circuit_decorator.py
[2023-11-25T10:23:19.660+0000] {processor.py:829} INFO - Processing file /home/airflow/.local/lib/python3.8/site-packages/airflow/example_dags/example_short_circuit_decorator.py for tasks to queue
[2023-11-25T10:23:19.674+0000] {logging_mixin.py:154} INFO - [2023-11-25T10:23:19.674+0000] {dagbag.py:536} INFO - Filling up the DagBag from /home/airflow/.local/lib/python3.8/site-packages/airflow/example_dags/example_short_circuit_decorator.py
[2023-11-25T10:23:19.753+0000] {processor.py:839} INFO - DAG(s) dict_keys(['example_short_circuit_decorator']) retrieved from /home/airflow/.local/lib/python3.8/site-packages/airflow/example_dags/example_short_circuit_decorator.py
[2023-11-25T10:23:19.919+0000] {logging_mixin.py:154} INFO - [2023-11-25T10:23:19.918+0000] {dag.py:2941} INFO - Sync 1 DAGs
[2023-11-25T10:23:19.988+0000] {logging_mixin.py:154} INFO - [2023-11-25T10:23:19.988+0000] {dag.py:3722} INFO - Setting next_dagrun for example_short_circuit_decorator to 2023-11-24T10:23:19.987672+00:00, run_after=2023-11-25T10:23:19.987672+00:00
[2023-11-25T10:23:20.065+0000] {processor.py:179} INFO - Processing /home/airflow/.local/lib/python3.8/site-packages/airflow/example_dags/example_short_circuit_decorator.py took 0.415 seconds
[2023-11-25T10:23:50.258+0000] {processor.py:157} INFO - Started process (PID=108) to work on /home/airflow/.local/lib/python3.8/site-packages/airflow/example_dags/example_short_circuit_decorator.py
[2023-11-25T10:23:50.259+0000] {processor.py:829} INFO - Processing file /home/airflow/.local/lib/python3.8/site-packages/airflow/example_dags/example_short_circuit_decorator.py for tasks to queue
[2023-11-25T10:23:50.262+0000] {logging_mixin.py:154} INFO - [2023-11-25T10:23:50.261+0000] {dagbag.py:536} INFO - Filling up the DagBag from /home/airflow/.local/lib/python3.8/site-packages/airflow/example_dags/example_short_circuit_decorator.py
[2023-11-25T10:23:50.273+0000] {processor.py:839} INFO - DAG(s) dict_keys(['example_short_circuit_decorator']) retrieved from /home/airflow/.local/lib/python3.8/site-packages/airflow/example_dags/example_short_circuit_decorator.py
[2023-11-25T10:23:50.295+0000] {logging_mixin.py:154} INFO - [2023-11-25T10:23:50.295+0000] {dag.py:2941} INFO - Sync 1 DAGs
[2023-11-25T10:23:50.316+0000] {logging_mixin.py:154} INFO - [2023-11-25T10:23:50.316+0000] {dag.py:3722} INFO - Setting next_dagrun for example_short_circuit_decorator to 2023-11-24T10:23:50.316088+00:00, run_after=2023-11-25T10:23:50.316088+00:00
[2023-11-25T10:23:50.340+0000] {processor.py:179} INFO - Processing /home/airflow/.local/lib/python3.8/site-packages/airflow/example_dags/example_short_circuit_decorator.py took 0.085 seconds
[2023-11-25T10:24:21.011+0000] {processor.py:157} INFO - Started process (PID=162) to work on /home/airflow/.local/lib/python3.8/site-packages/airflow/example_dags/example_short_circuit_decorator.py
[2023-11-25T10:24:21.012+0000] {processor.py:829} INFO - Processing file /home/airflow/.local/lib/python3.8/site-packages/airflow/example_dags/example_short_circuit_decorator.py for tasks to queue
[2023-11-25T10:24:21.014+0000] {logging_mixin.py:154} INFO - [2023-11-25T10:24:21.013+0000] {dagbag.py:536} INFO - Filling up the DagBag from /home/airflow/.local/lib/python3.8/site-packages/airflow/example_dags/example_short_circuit_decorator.py
[2023-11-25T10:24:21.022+0000] {processor.py:839} INFO - DAG(s) dict_keys(['example_short_circuit_decorator']) retrieved from /home/airflow/.local/lib/python3.8/site-packages/airflow/example_dags/example_short_circuit_decorator.py
[2023-11-25T10:24:21.046+0000] {logging_mixin.py:154} INFO - [2023-11-25T10:24:21.046+0000] {dag.py:2941} INFO - Sync 1 DAGs
[2023-11-25T10:24:21.070+0000] {logging_mixin.py:154} INFO - [2023-11-25T10:24:21.069+0000] {dag.py:3722} INFO - Setting next_dagrun for example_short_circuit_decorator to 2023-11-24T10:24:21.069700+00:00, run_after=2023-11-25T10:24:21.069700+00:00
[2023-11-25T10:24:21.089+0000] {processor.py:179} INFO - Processing /home/airflow/.local/lib/python3.8/site-packages/airflow/example_dags/example_short_circuit_decorator.py took 0.082 seconds
[2023-11-25T10:24:51.155+0000] {processor.py:157} INFO - Started process (PID=216) to work on /home/airflow/.local/lib/python3.8/site-packages/airflow/example_dags/example_short_circuit_decorator.py
[2023-11-25T10:24:51.161+0000] {processor.py:829} INFO - Processing file /home/airflow/.local/lib/python3.8/site-packages/airflow/example_dags/example_short_circuit_decorator.py for tasks to queue
[2023-11-25T10:24:51.163+0000] {logging_mixin.py:154} INFO - [2023-11-25T10:24:51.163+0000] {dagbag.py:536} INFO - Filling up the DagBag from /home/airflow/.local/lib/python3.8/site-packages/airflow/example_dags/example_short_circuit_decorator.py
[2023-11-25T10:24:51.173+0000] {processor.py:839} INFO - DAG(s) dict_keys(['example_short_circuit_decorator']) retrieved from /home/airflow/.local/lib/python3.8/site-packages/airflow/example_dags/example_short_circuit_decorator.py
[2023-11-25T10:24:51.195+0000] {logging_mixin.py:154} INFO - [2023-11-25T10:24:51.195+0000] {dag.py:2941} INFO - Sync 1 DAGs
[2023-11-25T10:24:51.217+0000] {logging_mixin.py:154} INFO - [2023-11-25T10:24:51.217+0000] {dag.py:3722} INFO - Setting next_dagrun for example_short_circuit_decorator to 2023-11-24T10:24:51.217037+00:00, run_after=2023-11-25T10:24:51.217037+00:00
[2023-11-25T10:24:51.258+0000] {processor.py:179} INFO - Processing /home/airflow/.local/lib/python3.8/site-packages/airflow/example_dags/example_short_circuit_decorator.py took 0.105 seconds
[2023-11-25T10:25:21.733+0000] {processor.py:157} INFO - Started process (PID=270) to work on /home/airflow/.local/lib/python3.8/site-packages/airflow/example_dags/example_short_circuit_decorator.py
[2023-11-25T10:25:21.735+0000] {processor.py:829} INFO - Processing file /home/airflow/.local/lib/python3.8/site-packages/airflow/example_dags/example_short_circuit_decorator.py for tasks to queue
[2023-11-25T10:25:21.737+0000] {logging_mixin.py:154} INFO - [2023-11-25T10:25:21.737+0000] {dagbag.py:536} INFO - Filling up the DagBag from /home/airflow/.local/lib/python3.8/site-packages/airflow/example_dags/example_short_circuit_decorator.py
[2023-11-25T10:25:21.746+0000] {processor.py:839} INFO - DAG(s) dict_keys(['example_short_circuit_decorator']) retrieved from /home/airflow/.local/lib/python3.8/site-packages/airflow/example_dags/example_short_circuit_decorator.py
[2023-11-25T10:25:21.776+0000] {logging_mixin.py:154} INFO - [2023-11-25T10:25:21.775+0000] {dag.py:2941} INFO - Sync 1 DAGs
[2023-11-25T10:25:21.806+0000] {logging_mixin.py:154} INFO - [2023-11-25T10:25:21.806+0000] {dag.py:3722} INFO - Setting next_dagrun for example_short_circuit_decorator to 2023-11-24T10:25:21.805876+00:00, run_after=2023-11-25T10:25:21.805876+00:00
[2023-11-25T10:25:21.832+0000] {processor.py:179} INFO - Processing /home/airflow/.local/lib/python3.8/site-packages/airflow/example_dags/example_short_circuit_decorator.py took 0.102 seconds
[2023-11-25T10:25:52.364+0000] {processor.py:157} INFO - Started process (PID=324) to work on /home/airflow/.local/lib/python3.8/site-packages/airflow/example_dags/example_short_circuit_decorator.py
[2023-11-25T10:25:52.365+0000] {processor.py:829} INFO - Processing file /home/airflow/.local/lib/python3.8/site-packages/airflow/example_dags/example_short_circuit_decorator.py for tasks to queue
[2023-11-25T10:25:52.367+0000] {logging_mixin.py:154} INFO - [2023-11-25T10:25:52.367+0000] {dagbag.py:536} INFO - Filling up the DagBag from /home/airflow/.local/lib/python3.8/site-packages/airflow/example_dags/example_short_circuit_decorator.py
[2023-11-25T10:25:52.375+0000] {processor.py:839} INFO - DAG(s) dict_keys(['example_short_circuit_decorator']) retrieved from /home/airflow/.local/lib/python3.8/site-packages/airflow/example_dags/example_short_circuit_decorator.py
[2023-11-25T10:25:52.396+0000] {logging_mixin.py:154} INFO - [2023-11-25T10:25:52.396+0000] {dag.py:2941} INFO - Sync 1 DAGs
[2023-11-25T10:25:52.422+0000] {logging_mixin.py:154} INFO - [2023-11-25T10:25:52.421+0000] {dag.py:3722} INFO - Setting next_dagrun for example_short_circuit_decorator to 2023-11-24T10:25:52.421629+00:00, run_after=2023-11-25T10:25:52.421629+00:00
[2023-11-25T10:25:52.441+0000] {processor.py:179} INFO - Processing /home/airflow/.local/lib/python3.8/site-packages/airflow/example_dags/example_short_circuit_decorator.py took 0.079 seconds
[2023-11-25T10:26:22.679+0000] {processor.py:157} INFO - Started process (PID=378) to work on /home/airflow/.local/lib/python3.8/site-packages/airflow/example_dags/example_short_circuit_decorator.py
[2023-11-25T10:26:22.680+0000] {processor.py:829} INFO - Processing file /home/airflow/.local/lib/python3.8/site-packages/airflow/example_dags/example_short_circuit_decorator.py for tasks to queue
[2023-11-25T10:26:22.681+0000] {logging_mixin.py:154} INFO - [2023-11-25T10:26:22.681+0000] {dagbag.py:536} INFO - Filling up the DagBag from /home/airflow/.local/lib/python3.8/site-packages/airflow/example_dags/example_short_circuit_decorator.py
[2023-11-25T10:26:22.694+0000] {processor.py:839} INFO - DAG(s) dict_keys(['example_short_circuit_decorator']) retrieved from /home/airflow/.local/lib/python3.8/site-packages/airflow/example_dags/example_short_circuit_decorator.py
[2023-11-25T10:26:22.725+0000] {logging_mixin.py:154} INFO - [2023-11-25T10:26:22.725+0000] {dag.py:2941} INFO - Sync 1 DAGs
[2023-11-25T10:26:22.747+0000] {logging_mixin.py:154} INFO - [2023-11-25T10:26:22.747+0000] {dag.py:3722} INFO - Setting next_dagrun for example_short_circuit_decorator to 2023-11-24T10:26:22.747486+00:00, run_after=2023-11-25T10:26:22.747486+00:00
[2023-11-25T10:26:22.768+0000] {processor.py:179} INFO - Processing /home/airflow/.local/lib/python3.8/site-packages/airflow/example_dags/example_short_circuit_decorator.py took 0.092 seconds
[2023-11-25T10:26:53.516+0000] {processor.py:157} INFO - Started process (PID=432) to work on /home/airflow/.local/lib/python3.8/site-packages/airflow/example_dags/example_short_circuit_decorator.py
[2023-11-25T10:26:53.517+0000] {processor.py:829} INFO - Processing file /home/airflow/.local/lib/python3.8/site-packages/airflow/example_dags/example_short_circuit_decorator.py for tasks to queue
[2023-11-25T10:26:53.519+0000] {logging_mixin.py:154} INFO - [2023-11-25T10:26:53.519+0000] {dagbag.py:536} INFO - Filling up the DagBag from /home/airflow/.local/lib/python3.8/site-packages/airflow/example_dags/example_short_circuit_decorator.py
[2023-11-25T10:26:53.528+0000] {processor.py:839} INFO - DAG(s) dict_keys(['example_short_circuit_decorator']) retrieved from /home/airflow/.local/lib/python3.8/site-packages/airflow/example_dags/example_short_circuit_decorator.py
[2023-11-25T10:26:53.557+0000] {logging_mixin.py:154} INFO - [2023-11-25T10:26:53.557+0000] {dag.py:2941} INFO - Sync 1 DAGs
[2023-11-25T10:26:53.587+0000] {logging_mixin.py:154} INFO - [2023-11-25T10:26:53.586+0000] {dag.py:3722} INFO - Setting next_dagrun for example_short_circuit_decorator to 2023-11-24T10:26:53.586518+00:00, run_after=2023-11-25T10:26:53.586518+00:00
[2023-11-25T10:26:53.610+0000] {processor.py:179} INFO - Processing /home/airflow/.local/lib/python3.8/site-packages/airflow/example_dags/example_short_circuit_decorator.py took 0.097 seconds
[2023-11-25T10:27:24.067+0000] {processor.py:157} INFO - Started process (PID=486) to work on /home/airflow/.local/lib/python3.8/site-packages/airflow/example_dags/example_short_circuit_decorator.py
[2023-11-25T10:27:24.068+0000] {processor.py:829} INFO - Processing file /home/airflow/.local/lib/python3.8/site-packages/airflow/example_dags/example_short_circuit_decorator.py for tasks to queue
[2023-11-25T10:27:24.070+0000] {logging_mixin.py:154} INFO - [2023-11-25T10:27:24.069+0000] {dagbag.py:536} INFO - Filling up the DagBag from /home/airflow/.local/lib/python3.8/site-packages/airflow/example_dags/example_short_circuit_decorator.py
[2023-11-25T10:27:24.079+0000] {processor.py:839} INFO - DAG(s) dict_keys(['example_short_circuit_decorator']) retrieved from /home/airflow/.local/lib/python3.8/site-packages/airflow/example_dags/example_short_circuit_decorator.py
[2023-11-25T10:27:24.107+0000] {logging_mixin.py:154} INFO - [2023-11-25T10:27:24.107+0000] {dag.py:2941} INFO - Sync 1 DAGs
[2023-11-25T10:27:24.128+0000] {logging_mixin.py:154} INFO - [2023-11-25T10:27:24.128+0000] {dag.py:3722} INFO - Setting next_dagrun for example_short_circuit_decorator to 2023-11-24T10:27:24.128403+00:00, run_after=2023-11-25T10:27:24.128403+00:00
[2023-11-25T10:27:24.145+0000] {processor.py:179} INFO - Processing /home/airflow/.local/lib/python3.8/site-packages/airflow/example_dags/example_short_circuit_decorator.py took 0.082 seconds
[2023-11-25T10:27:54.937+0000] {processor.py:157} INFO - Started process (PID=539) to work on /home/airflow/.local/lib/python3.8/site-packages/airflow/example_dags/example_short_circuit_decorator.py
[2023-11-25T10:27:54.938+0000] {processor.py:829} INFO - Processing file /home/airflow/.local/lib/python3.8/site-packages/airflow/example_dags/example_short_circuit_decorator.py for tasks to queue
[2023-11-25T10:27:54.940+0000] {logging_mixin.py:154} INFO - [2023-11-25T10:27:54.940+0000] {dagbag.py:536} INFO - Filling up the DagBag from /home/airflow/.local/lib/python3.8/site-packages/airflow/example_dags/example_short_circuit_decorator.py
[2023-11-25T10:27:54.951+0000] {processor.py:839} INFO - DAG(s) dict_keys(['example_short_circuit_decorator']) retrieved from /home/airflow/.local/lib/python3.8/site-packages/airflow/example_dags/example_short_circuit_decorator.py
[2023-11-25T10:27:54.981+0000] {logging_mixin.py:154} INFO - [2023-11-25T10:27:54.980+0000] {dag.py:2941} INFO - Sync 1 DAGs
[2023-11-25T10:27:55.007+0000] {logging_mixin.py:154} INFO - [2023-11-25T10:27:55.007+0000] {dag.py:3722} INFO - Setting next_dagrun for example_short_circuit_decorator to 2023-11-24T10:27:55.007288+00:00, run_after=2023-11-25T10:27:55.007288+00:00
[2023-11-25T10:27:55.039+0000] {processor.py:179} INFO - Processing /home/airflow/.local/lib/python3.8/site-packages/airflow/example_dags/example_short_circuit_decorator.py took 0.105 seconds
[2023-11-25T10:28:25.539+0000] {processor.py:157} INFO - Started process (PID=593) to work on /home/airflow/.local/lib/python3.8/site-packages/airflow/example_dags/example_short_circuit_decorator.py
[2023-11-25T10:28:25.545+0000] {processor.py:829} INFO - Processing file /home/airflow/.local/lib/python3.8/site-packages/airflow/example_dags/example_short_circuit_decorator.py for tasks to queue
[2023-11-25T10:28:25.547+0000] {logging_mixin.py:154} INFO - [2023-11-25T10:28:25.547+0000] {dagbag.py:536} INFO - Filling up the DagBag from /home/airflow/.local/lib/python3.8/site-packages/airflow/example_dags/example_short_circuit_decorator.py
[2023-11-25T10:28:25.563+0000] {processor.py:839} INFO - DAG(s) dict_keys(['example_short_circuit_decorator']) retrieved from /home/airflow/.local/lib/python3.8/site-packages/airflow/example_dags/example_short_circuit_decorator.py
[2023-11-25T10:28:25.610+0000] {logging_mixin.py:154} INFO - [2023-11-25T10:28:25.609+0000] {dag.py:2941} INFO - Sync 1 DAGs
[2023-11-25T10:28:25.642+0000] {logging_mixin.py:154} INFO - [2023-11-25T10:28:25.641+0000] {dag.py:3722} INFO - Setting next_dagrun for example_short_circuit_decorator to 2023-11-24T10:28:25.641519+00:00, run_after=2023-11-25T10:28:25.641519+00:00
[2023-11-25T10:28:25.690+0000] {processor.py:179} INFO - Processing /home/airflow/.local/lib/python3.8/site-packages/airflow/example_dags/example_short_circuit_decorator.py took 0.158 seconds
[2023-11-25T10:28:56.525+0000] {processor.py:157} INFO - Started process (PID=646) to work on /home/airflow/.local/lib/python3.8/site-packages/airflow/example_dags/example_short_circuit_decorator.py
[2023-11-25T10:28:56.527+0000] {processor.py:829} INFO - Processing file /home/airflow/.local/lib/python3.8/site-packages/airflow/example_dags/example_short_circuit_decorator.py for tasks to queue
[2023-11-25T10:28:56.530+0000] {logging_mixin.py:154} INFO - [2023-11-25T10:28:56.530+0000] {dagbag.py:536} INFO - Filling up the DagBag from /home/airflow/.local/lib/python3.8/site-packages/airflow/example_dags/example_short_circuit_decorator.py
[2023-11-25T10:28:56.554+0000] {processor.py:839} INFO - DAG(s) dict_keys(['example_short_circuit_decorator']) retrieved from /home/airflow/.local/lib/python3.8/site-packages/airflow/example_dags/example_short_circuit_decorator.py
[2023-11-25T10:28:56.601+0000] {logging_mixin.py:154} INFO - [2023-11-25T10:28:56.601+0000] {dag.py:2941} INFO - Sync 1 DAGs
[2023-11-25T10:28:56.663+0000] {logging_mixin.py:154} INFO - [2023-11-25T10:28:56.663+0000] {dag.py:3722} INFO - Setting next_dagrun for example_short_circuit_decorator to 2023-11-24T10:28:56.662738+00:00, run_after=2023-11-25T10:28:56.662738+00:00
[2023-11-25T10:28:56.693+0000] {processor.py:179} INFO - Processing /home/airflow/.local/lib/python3.8/site-packages/airflow/example_dags/example_short_circuit_decorator.py took 0.183 seconds
[2023-11-25T10:29:26.960+0000] {processor.py:157} INFO - Started process (PID=706) to work on /home/airflow/.local/lib/python3.8/site-packages/airflow/example_dags/example_short_circuit_decorator.py
[2023-11-25T10:29:26.960+0000] {processor.py:829} INFO - Processing file /home/airflow/.local/lib/python3.8/site-packages/airflow/example_dags/example_short_circuit_decorator.py for tasks to queue
[2023-11-25T10:29:26.963+0000] {logging_mixin.py:154} INFO - [2023-11-25T10:29:26.963+0000] {dagbag.py:536} INFO - Filling up the DagBag from /home/airflow/.local/lib/python3.8/site-packages/airflow/example_dags/example_short_circuit_decorator.py
[2023-11-25T10:29:26.971+0000] {processor.py:839} INFO - DAG(s) dict_keys(['example_short_circuit_decorator']) retrieved from /home/airflow/.local/lib/python3.8/site-packages/airflow/example_dags/example_short_circuit_decorator.py
[2023-11-25T10:29:27.000+0000] {logging_mixin.py:154} INFO - [2023-11-25T10:29:27.000+0000] {dag.py:2941} INFO - Sync 1 DAGs
[2023-11-25T10:29:27.033+0000] {logging_mixin.py:154} INFO - [2023-11-25T10:29:27.033+0000] {dag.py:3722} INFO - Setting next_dagrun for example_short_circuit_decorator to 2023-11-24T10:29:27.032846+00:00, run_after=2023-11-25T10:29:27.032846+00:00
[2023-11-25T10:29:27.051+0000] {processor.py:179} INFO - Processing /home/airflow/.local/lib/python3.8/site-packages/airflow/example_dags/example_short_circuit_decorator.py took 0.095 seconds
[2023-11-25T10:29:57.226+0000] {processor.py:157} INFO - Started process (PID=760) to work on /home/airflow/.local/lib/python3.8/site-packages/airflow/example_dags/example_short_circuit_decorator.py
[2023-11-25T10:29:57.227+0000] {processor.py:829} INFO - Processing file /home/airflow/.local/lib/python3.8/site-packages/airflow/example_dags/example_short_circuit_decorator.py for tasks to queue
[2023-11-25T10:29:57.229+0000] {logging_mixin.py:154} INFO - [2023-11-25T10:29:57.229+0000] {dagbag.py:536} INFO - Filling up the DagBag from /home/airflow/.local/lib/python3.8/site-packages/airflow/example_dags/example_short_circuit_decorator.py
[2023-11-25T10:29:57.238+0000] {processor.py:839} INFO - DAG(s) dict_keys(['example_short_circuit_decorator']) retrieved from /home/airflow/.local/lib/python3.8/site-packages/airflow/example_dags/example_short_circuit_decorator.py
[2023-11-25T10:29:57.261+0000] {logging_mixin.py:154} INFO - [2023-11-25T10:29:57.261+0000] {dag.py:2941} INFO - Sync 1 DAGs
[2023-11-25T10:29:57.286+0000] {logging_mixin.py:154} INFO - [2023-11-25T10:29:57.286+0000] {dag.py:3722} INFO - Setting next_dagrun for example_short_circuit_decorator to 2023-11-24T10:29:57.286356+00:00, run_after=2023-11-25T10:29:57.286356+00:00
[2023-11-25T10:29:57.314+0000] {processor.py:179} INFO - Processing /home/airflow/.local/lib/python3.8/site-packages/airflow/example_dags/example_short_circuit_decorator.py took 0.091 seconds
[2023-11-25T10:30:27.891+0000] {processor.py:157} INFO - Started process (PID=815) to work on /home/airflow/.local/lib/python3.8/site-packages/airflow/example_dags/example_short_circuit_decorator.py
[2023-11-25T10:30:27.892+0000] {processor.py:829} INFO - Processing file /home/airflow/.local/lib/python3.8/site-packages/airflow/example_dags/example_short_circuit_decorator.py for tasks to queue
[2023-11-25T10:30:27.894+0000] {logging_mixin.py:154} INFO - [2023-11-25T10:30:27.893+0000] {dagbag.py:536} INFO - Filling up the DagBag from /home/airflow/.local/lib/python3.8/site-packages/airflow/example_dags/example_short_circuit_decorator.py
[2023-11-25T10:30:27.901+0000] {processor.py:839} INFO - DAG(s) dict_keys(['example_short_circuit_decorator']) retrieved from /home/airflow/.local/lib/python3.8/site-packages/airflow/example_dags/example_short_circuit_decorator.py
[2023-11-25T10:30:27.923+0000] {logging_mixin.py:154} INFO - [2023-11-25T10:30:27.923+0000] {dag.py:2941} INFO - Sync 1 DAGs
[2023-11-25T10:30:27.952+0000] {logging_mixin.py:154} INFO - [2023-11-25T10:30:27.951+0000] {dag.py:3722} INFO - Setting next_dagrun for example_short_circuit_decorator to 2023-11-24T10:30:27.951415+00:00, run_after=2023-11-25T10:30:27.951415+00:00
[2023-11-25T10:30:27.970+0000] {processor.py:179} INFO - Processing /home/airflow/.local/lib/python3.8/site-packages/airflow/example_dags/example_short_circuit_decorator.py took 0.082 seconds
[2023-11-25T10:30:58.484+0000] {processor.py:157} INFO - Started process (PID=869) to work on /home/airflow/.local/lib/python3.8/site-packages/airflow/example_dags/example_short_circuit_decorator.py
[2023-11-25T10:30:58.485+0000] {processor.py:829} INFO - Processing file /home/airflow/.local/lib/python3.8/site-packages/airflow/example_dags/example_short_circuit_decorator.py for tasks to queue
[2023-11-25T10:30:58.488+0000] {logging_mixin.py:154} INFO - [2023-11-25T10:30:58.487+0000] {dagbag.py:536} INFO - Filling up the DagBag from /home/airflow/.local/lib/python3.8/site-packages/airflow/example_dags/example_short_circuit_decorator.py
[2023-11-25T10:30:58.500+0000] {processor.py:839} INFO - DAG(s) dict_keys(['example_short_circuit_decorator']) retrieved from /home/airflow/.local/lib/python3.8/site-packages/airflow/example_dags/example_short_circuit_decorator.py
[2023-11-25T10:30:58.527+0000] {logging_mixin.py:154} INFO - [2023-11-25T10:30:58.527+0000] {dag.py:2941} INFO - Sync 1 DAGs
[2023-11-25T10:30:58.555+0000] {logging_mixin.py:154} INFO - [2023-11-25T10:30:58.555+0000] {dag.py:3722} INFO - Setting next_dagrun for example_short_circuit_decorator to 2023-11-24T10:30:58.554981+00:00, run_after=2023-11-25T10:30:58.554981+00:00
[2023-11-25T10:30:58.598+0000] {processor.py:179} INFO - Processing /home/airflow/.local/lib/python3.8/site-packages/airflow/example_dags/example_short_circuit_decorator.py took 0.118 seconds
[2023-11-25T10:31:29.617+0000] {processor.py:157} INFO - Started process (PID=922) to work on /home/airflow/.local/lib/python3.8/site-packages/airflow/example_dags/example_short_circuit_decorator.py
[2023-11-25T10:31:29.618+0000] {processor.py:829} INFO - Processing file /home/airflow/.local/lib/python3.8/site-packages/airflow/example_dags/example_short_circuit_decorator.py for tasks to queue
[2023-11-25T10:31:29.620+0000] {logging_mixin.py:154} INFO - [2023-11-25T10:31:29.620+0000] {dagbag.py:536} INFO - Filling up the DagBag from /home/airflow/.local/lib/python3.8/site-packages/airflow/example_dags/example_short_circuit_decorator.py
[2023-11-25T10:31:29.631+0000] {processor.py:839} INFO - DAG(s) dict_keys(['example_short_circuit_decorator']) retrieved from /home/airflow/.local/lib/python3.8/site-packages/airflow/example_dags/example_short_circuit_decorator.py
[2023-11-25T10:31:29.657+0000] {logging_mixin.py:154} INFO - [2023-11-25T10:31:29.657+0000] {dag.py:2941} INFO - Sync 1 DAGs
[2023-11-25T10:31:29.690+0000] {logging_mixin.py:154} INFO - [2023-11-25T10:31:29.690+0000] {dag.py:3722} INFO - Setting next_dagrun for example_short_circuit_decorator to 2023-11-24T10:31:29.689723+00:00, run_after=2023-11-25T10:31:29.689723+00:00
[2023-11-25T10:31:29.727+0000] {processor.py:179} INFO - Processing /home/airflow/.local/lib/python3.8/site-packages/airflow/example_dags/example_short_circuit_decorator.py took 0.114 seconds
[2023-11-25T10:32:00.206+0000] {processor.py:157} INFO - Started process (PID=976) to work on /home/airflow/.local/lib/python3.8/site-packages/airflow/example_dags/example_short_circuit_decorator.py
[2023-11-25T10:32:00.207+0000] {processor.py:829} INFO - Processing file /home/airflow/.local/lib/python3.8/site-packages/airflow/example_dags/example_short_circuit_decorator.py for tasks to queue
[2023-11-25T10:32:00.209+0000] {logging_mixin.py:154} INFO - [2023-11-25T10:32:00.209+0000] {dagbag.py:536} INFO - Filling up the DagBag from /home/airflow/.local/lib/python3.8/site-packages/airflow/example_dags/example_short_circuit_decorator.py
[2023-11-25T10:32:00.225+0000] {processor.py:839} INFO - DAG(s) dict_keys(['example_short_circuit_decorator']) retrieved from /home/airflow/.local/lib/python3.8/site-packages/airflow/example_dags/example_short_circuit_decorator.py
[2023-11-25T10:32:00.251+0000] {logging_mixin.py:154} INFO - [2023-11-25T10:32:00.251+0000] {dag.py:2941} INFO - Sync 1 DAGs
[2023-11-25T10:32:00.282+0000] {logging_mixin.py:154} INFO - [2023-11-25T10:32:00.282+0000] {dag.py:3722} INFO - Setting next_dagrun for example_short_circuit_decorator to 2023-11-24T10:32:00.282221+00:00, run_after=2023-11-25T10:32:00.282221+00:00
[2023-11-25T10:32:00.303+0000] {processor.py:179} INFO - Processing /home/airflow/.local/lib/python3.8/site-packages/airflow/example_dags/example_short_circuit_decorator.py took 0.102 seconds
[2023-11-25T10:32:30.492+0000] {processor.py:157} INFO - Started process (PID=1030) to work on /home/airflow/.local/lib/python3.8/site-packages/airflow/example_dags/example_short_circuit_decorator.py
[2023-11-25T10:32:30.493+0000] {processor.py:829} INFO - Processing file /home/airflow/.local/lib/python3.8/site-packages/airflow/example_dags/example_short_circuit_decorator.py for tasks to queue
[2023-11-25T10:32:30.495+0000] {logging_mixin.py:154} INFO - [2023-11-25T10:32:30.495+0000] {dagbag.py:536} INFO - Filling up the DagBag from /home/airflow/.local/lib/python3.8/site-packages/airflow/example_dags/example_short_circuit_decorator.py
[2023-11-25T10:32:30.503+0000] {processor.py:839} INFO - DAG(s) dict_keys(['example_short_circuit_decorator']) retrieved from /home/airflow/.local/lib/python3.8/site-packages/airflow/example_dags/example_short_circuit_decorator.py
[2023-11-25T10:32:30.529+0000] {logging_mixin.py:154} INFO - [2023-11-25T10:32:30.528+0000] {dag.py:2941} INFO - Sync 1 DAGs
[2023-11-25T10:32:30.551+0000] {logging_mixin.py:154} INFO - [2023-11-25T10:32:30.550+0000] {dag.py:3722} INFO - Setting next_dagrun for example_short_circuit_decorator to 2023-11-24T10:32:30.550637+00:00, run_after=2023-11-25T10:32:30.550637+00:00
[2023-11-25T10:32:30.581+0000] {processor.py:179} INFO - Processing /home/airflow/.local/lib/python3.8/site-packages/airflow/example_dags/example_short_circuit_decorator.py took 0.093 seconds
[2023-11-25T10:33:01.183+0000] {processor.py:157} INFO - Started process (PID=1084) to work on /home/airflow/.local/lib/python3.8/site-packages/airflow/example_dags/example_short_circuit_decorator.py
[2023-11-25T10:33:01.186+0000] {processor.py:829} INFO - Processing file /home/airflow/.local/lib/python3.8/site-packages/airflow/example_dags/example_short_circuit_decorator.py for tasks to queue
[2023-11-25T10:33:01.189+0000] {logging_mixin.py:154} INFO - [2023-11-25T10:33:01.189+0000] {dagbag.py:536} INFO - Filling up the DagBag from /home/airflow/.local/lib/python3.8/site-packages/airflow/example_dags/example_short_circuit_decorator.py
[2023-11-25T10:33:01.205+0000] {processor.py:839} INFO - DAG(s) dict_keys(['example_short_circuit_decorator']) retrieved from /home/airflow/.local/lib/python3.8/site-packages/airflow/example_dags/example_short_circuit_decorator.py
[2023-11-25T10:33:01.242+0000] {logging_mixin.py:154} INFO - [2023-11-25T10:33:01.241+0000] {dag.py:2941} INFO - Sync 1 DAGs
[2023-11-25T10:33:01.438+0000] {logging_mixin.py:154} INFO - [2023-11-25T10:33:01.437+0000] {dag.py:3722} INFO - Setting next_dagrun for example_short_circuit_decorator to 2023-11-24T10:33:01.437626+00:00, run_after=2023-11-25T10:33:01.437626+00:00
[2023-11-25T10:33:01.472+0000] {processor.py:179} INFO - Processing /home/airflow/.local/lib/python3.8/site-packages/airflow/example_dags/example_short_circuit_decorator.py took 0.293 seconds
[2023-11-25T10:33:31.601+0000] {processor.py:157} INFO - Started process (PID=1138) to work on /home/airflow/.local/lib/python3.8/site-packages/airflow/example_dags/example_short_circuit_decorator.py
[2023-11-25T10:33:31.602+0000] {processor.py:829} INFO - Processing file /home/airflow/.local/lib/python3.8/site-packages/airflow/example_dags/example_short_circuit_decorator.py for tasks to queue
[2023-11-25T10:33:31.604+0000] {logging_mixin.py:154} INFO - [2023-11-25T10:33:31.604+0000] {dagbag.py:536} INFO - Filling up the DagBag from /home/airflow/.local/lib/python3.8/site-packages/airflow/example_dags/example_short_circuit_decorator.py
[2023-11-25T10:33:31.615+0000] {processor.py:839} INFO - DAG(s) dict_keys(['example_short_circuit_decorator']) retrieved from /home/airflow/.local/lib/python3.8/site-packages/airflow/example_dags/example_short_circuit_decorator.py
[2023-11-25T10:33:31.643+0000] {logging_mixin.py:154} INFO - [2023-11-25T10:33:31.643+0000] {dag.py:2941} INFO - Sync 1 DAGs
[2023-11-25T10:33:31.671+0000] {logging_mixin.py:154} INFO - [2023-11-25T10:33:31.671+0000] {dag.py:3722} INFO - Setting next_dagrun for example_short_circuit_decorator to 2023-11-24T10:33:31.671421+00:00, run_after=2023-11-25T10:33:31.671421+00:00
[2023-11-25T10:33:31.709+0000] {processor.py:179} INFO - Processing /home/airflow/.local/lib/python3.8/site-packages/airflow/example_dags/example_short_circuit_decorator.py took 0.111 seconds
[2023-11-25T10:34:02.695+0000] {processor.py:157} INFO - Started process (PID=1191) to work on /home/airflow/.local/lib/python3.8/site-packages/airflow/example_dags/example_short_circuit_decorator.py
[2023-11-25T10:34:02.696+0000] {processor.py:829} INFO - Processing file /home/airflow/.local/lib/python3.8/site-packages/airflow/example_dags/example_short_circuit_decorator.py for tasks to queue
[2023-11-25T10:34:02.699+0000] {logging_mixin.py:154} INFO - [2023-11-25T10:34:02.699+0000] {dagbag.py:536} INFO - Filling up the DagBag from /home/airflow/.local/lib/python3.8/site-packages/airflow/example_dags/example_short_circuit_decorator.py
[2023-11-25T10:34:02.712+0000] {processor.py:839} INFO - DAG(s) dict_keys(['example_short_circuit_decorator']) retrieved from /home/airflow/.local/lib/python3.8/site-packages/airflow/example_dags/example_short_circuit_decorator.py
[2023-11-25T10:34:02.736+0000] {logging_mixin.py:154} INFO - [2023-11-25T10:34:02.736+0000] {dag.py:2941} INFO - Sync 1 DAGs
[2023-11-25T10:34:02.758+0000] {logging_mixin.py:154} INFO - [2023-11-25T10:34:02.757+0000] {dag.py:3722} INFO - Setting next_dagrun for example_short_circuit_decorator to 2023-11-24T10:34:02.757566+00:00, run_after=2023-11-25T10:34:02.757566+00:00
[2023-11-25T10:34:02.777+0000] {processor.py:179} INFO - Processing /home/airflow/.local/lib/python3.8/site-packages/airflow/example_dags/example_short_circuit_decorator.py took 0.087 seconds
[2023-11-25T10:34:33.363+0000] {processor.py:157} INFO - Started process (PID=1245) to work on /home/airflow/.local/lib/python3.8/site-packages/airflow/example_dags/example_short_circuit_decorator.py
[2023-11-25T10:34:33.364+0000] {processor.py:829} INFO - Processing file /home/airflow/.local/lib/python3.8/site-packages/airflow/example_dags/example_short_circuit_decorator.py for tasks to queue
[2023-11-25T10:34:33.366+0000] {logging_mixin.py:154} INFO - [2023-11-25T10:34:33.365+0000] {dagbag.py:536} INFO - Filling up the DagBag from /home/airflow/.local/lib/python3.8/site-packages/airflow/example_dags/example_short_circuit_decorator.py
[2023-11-25T10:34:33.379+0000] {processor.py:839} INFO - DAG(s) dict_keys(['example_short_circuit_decorator']) retrieved from /home/airflow/.local/lib/python3.8/site-packages/airflow/example_dags/example_short_circuit_decorator.py
[2023-11-25T10:34:33.409+0000] {logging_mixin.py:154} INFO - [2023-11-25T10:34:33.409+0000] {dag.py:2941} INFO - Sync 1 DAGs
[2023-11-25T10:34:33.636+0000] {logging_mixin.py:154} INFO - [2023-11-25T10:34:33.636+0000] {dag.py:3722} INFO - Setting next_dagrun for example_short_circuit_decorator to 2023-11-24T10:34:33.635937+00:00, run_after=2023-11-25T10:34:33.635937+00:00
[2023-11-25T10:34:33.667+0000] {processor.py:179} INFO - Processing /home/airflow/.local/lib/python3.8/site-packages/airflow/example_dags/example_short_circuit_decorator.py took 0.310 seconds
[2023-11-25T10:35:04.105+0000] {processor.py:157} INFO - Started process (PID=1299) to work on /home/airflow/.local/lib/python3.8/site-packages/airflow/example_dags/example_short_circuit_decorator.py
[2023-11-25T10:35:04.109+0000] {processor.py:829} INFO - Processing file /home/airflow/.local/lib/python3.8/site-packages/airflow/example_dags/example_short_circuit_decorator.py for tasks to queue
[2023-11-25T10:35:04.111+0000] {logging_mixin.py:154} INFO - [2023-11-25T10:35:04.111+0000] {dagbag.py:536} INFO - Filling up the DagBag from /home/airflow/.local/lib/python3.8/site-packages/airflow/example_dags/example_short_circuit_decorator.py
[2023-11-25T10:35:04.123+0000] {processor.py:839} INFO - DAG(s) dict_keys(['example_short_circuit_decorator']) retrieved from /home/airflow/.local/lib/python3.8/site-packages/airflow/example_dags/example_short_circuit_decorator.py
[2023-11-25T10:35:04.149+0000] {logging_mixin.py:154} INFO - [2023-11-25T10:35:04.149+0000] {dag.py:2941} INFO - Sync 1 DAGs
[2023-11-25T10:35:04.169+0000] {logging_mixin.py:154} INFO - [2023-11-25T10:35:04.169+0000] {dag.py:3722} INFO - Setting next_dagrun for example_short_circuit_decorator to 2023-11-24T10:35:04.168718+00:00, run_after=2023-11-25T10:35:04.168718+00:00
[2023-11-25T10:35:04.186+0000] {processor.py:179} INFO - Processing /home/airflow/.local/lib/python3.8/site-packages/airflow/example_dags/example_short_circuit_decorator.py took 0.086 seconds
[2023-11-25T10:35:35.438+0000] {processor.py:157} INFO - Started process (PID=1353) to work on /home/airflow/.local/lib/python3.8/site-packages/airflow/example_dags/example_short_circuit_decorator.py
[2023-11-25T10:35:35.439+0000] {processor.py:829} INFO - Processing file /home/airflow/.local/lib/python3.8/site-packages/airflow/example_dags/example_short_circuit_decorator.py for tasks to queue
[2023-11-25T10:35:35.442+0000] {logging_mixin.py:154} INFO - [2023-11-25T10:35:35.441+0000] {dagbag.py:536} INFO - Filling up the DagBag from /home/airflow/.local/lib/python3.8/site-packages/airflow/example_dags/example_short_circuit_decorator.py
[2023-11-25T10:35:35.459+0000] {processor.py:839} INFO - DAG(s) dict_keys(['example_short_circuit_decorator']) retrieved from /home/airflow/.local/lib/python3.8/site-packages/airflow/example_dags/example_short_circuit_decorator.py
[2023-11-25T10:35:35.491+0000] {logging_mixin.py:154} INFO - [2023-11-25T10:35:35.491+0000] {dag.py:2941} INFO - Sync 1 DAGs
[2023-11-25T10:35:35.714+0000] {logging_mixin.py:154} INFO - [2023-11-25T10:35:35.714+0000] {dag.py:3722} INFO - Setting next_dagrun for example_short_circuit_decorator to 2023-11-24T10:35:35.714277+00:00, run_after=2023-11-25T10:35:35.714277+00:00
[2023-11-25T10:35:35.745+0000] {processor.py:179} INFO - Processing /home/airflow/.local/lib/python3.8/site-packages/airflow/example_dags/example_short_circuit_decorator.py took 0.311 seconds
[2023-11-25T10:36:05.947+0000] {processor.py:157} INFO - Started process (PID=1407) to work on /home/airflow/.local/lib/python3.8/site-packages/airflow/example_dags/example_short_circuit_decorator.py
[2023-11-25T10:36:05.948+0000] {processor.py:829} INFO - Processing file /home/airflow/.local/lib/python3.8/site-packages/airflow/example_dags/example_short_circuit_decorator.py for tasks to queue
[2023-11-25T10:36:05.950+0000] {logging_mixin.py:154} INFO - [2023-11-25T10:36:05.949+0000] {dagbag.py:536} INFO - Filling up the DagBag from /home/airflow/.local/lib/python3.8/site-packages/airflow/example_dags/example_short_circuit_decorator.py
[2023-11-25T10:36:05.957+0000] {processor.py:839} INFO - DAG(s) dict_keys(['example_short_circuit_decorator']) retrieved from /home/airflow/.local/lib/python3.8/site-packages/airflow/example_dags/example_short_circuit_decorator.py
[2023-11-25T10:36:05.977+0000] {logging_mixin.py:154} INFO - [2023-11-25T10:36:05.977+0000] {dag.py:2941} INFO - Sync 1 DAGs
[2023-11-25T10:36:05.997+0000] {logging_mixin.py:154} INFO - [2023-11-25T10:36:05.996+0000] {dag.py:3722} INFO - Setting next_dagrun for example_short_circuit_decorator to 2023-11-24T10:36:05.996674+00:00, run_after=2023-11-25T10:36:05.996674+00:00
[2023-11-25T10:36:06.130+0000] {processor.py:179} INFO - Processing /home/airflow/.local/lib/python3.8/site-packages/airflow/example_dags/example_short_circuit_decorator.py took 0.186 seconds
[2023-11-25T10:36:36.667+0000] {processor.py:157} INFO - Started process (PID=1461) to work on /home/airflow/.local/lib/python3.8/site-packages/airflow/example_dags/example_short_circuit_decorator.py
[2023-11-25T10:36:36.668+0000] {processor.py:829} INFO - Processing file /home/airflow/.local/lib/python3.8/site-packages/airflow/example_dags/example_short_circuit_decorator.py for tasks to queue
[2023-11-25T10:36:36.670+0000] {logging_mixin.py:154} INFO - [2023-11-25T10:36:36.670+0000] {dagbag.py:536} INFO - Filling up the DagBag from /home/airflow/.local/lib/python3.8/site-packages/airflow/example_dags/example_short_circuit_decorator.py
[2023-11-25T10:36:36.683+0000] {processor.py:839} INFO - DAG(s) dict_keys(['example_short_circuit_decorator']) retrieved from /home/airflow/.local/lib/python3.8/site-packages/airflow/example_dags/example_short_circuit_decorator.py
[2023-11-25T10:36:36.713+0000] {logging_mixin.py:154} INFO - [2023-11-25T10:36:36.713+0000] {dag.py:2941} INFO - Sync 1 DAGs
[2023-11-25T10:36:36.743+0000] {logging_mixin.py:154} INFO - [2023-11-25T10:36:36.743+0000] {dag.py:3722} INFO - Setting next_dagrun for example_short_circuit_decorator to 2023-11-24T10:36:36.743233+00:00, run_after=2023-11-25T10:36:36.743233+00:00
[2023-11-25T10:36:36.766+0000] {processor.py:179} INFO - Processing /home/airflow/.local/lib/python3.8/site-packages/airflow/example_dags/example_short_circuit_decorator.py took 0.104 seconds
[2023-11-25T10:37:07.313+0000] {processor.py:157} INFO - Started process (PID=1514) to work on /home/airflow/.local/lib/python3.8/site-packages/airflow/example_dags/example_short_circuit_decorator.py
[2023-11-25T10:37:07.314+0000] {processor.py:829} INFO - Processing file /home/airflow/.local/lib/python3.8/site-packages/airflow/example_dags/example_short_circuit_decorator.py for tasks to queue
[2023-11-25T10:37:07.316+0000] {logging_mixin.py:154} INFO - [2023-11-25T10:37:07.316+0000] {dagbag.py:536} INFO - Filling up the DagBag from /home/airflow/.local/lib/python3.8/site-packages/airflow/example_dags/example_short_circuit_decorator.py
[2023-11-25T10:37:07.326+0000] {processor.py:839} INFO - DAG(s) dict_keys(['example_short_circuit_decorator']) retrieved from /home/airflow/.local/lib/python3.8/site-packages/airflow/example_dags/example_short_circuit_decorator.py
[2023-11-25T10:37:07.358+0000] {logging_mixin.py:154} INFO - [2023-11-25T10:37:07.358+0000] {dag.py:2941} INFO - Sync 1 DAGs
[2023-11-25T10:37:07.527+0000] {logging_mixin.py:154} INFO - [2023-11-25T10:37:07.527+0000] {dag.py:3722} INFO - Setting next_dagrun for example_short_circuit_decorator to 2023-11-24T10:37:07.527032+00:00, run_after=2023-11-25T10:37:07.527032+00:00
[2023-11-25T10:37:07.549+0000] {processor.py:179} INFO - Processing /home/airflow/.local/lib/python3.8/site-packages/airflow/example_dags/example_short_circuit_decorator.py took 0.240 seconds
[2023-11-25T10:37:37.674+0000] {processor.py:157} INFO - Started process (PID=1568) to work on /home/airflow/.local/lib/python3.8/site-packages/airflow/example_dags/example_short_circuit_decorator.py
[2023-11-25T10:37:37.675+0000] {processor.py:829} INFO - Processing file /home/airflow/.local/lib/python3.8/site-packages/airflow/example_dags/example_short_circuit_decorator.py for tasks to queue
[2023-11-25T10:37:37.678+0000] {logging_mixin.py:154} INFO - [2023-11-25T10:37:37.677+0000] {dagbag.py:536} INFO - Filling up the DagBag from /home/airflow/.local/lib/python3.8/site-packages/airflow/example_dags/example_short_circuit_decorator.py
[2023-11-25T10:37:37.700+0000] {processor.py:839} INFO - DAG(s) dict_keys(['example_short_circuit_decorator']) retrieved from /home/airflow/.local/lib/python3.8/site-packages/airflow/example_dags/example_short_circuit_decorator.py
[2023-11-25T10:37:37.735+0000] {logging_mixin.py:154} INFO - [2023-11-25T10:37:37.735+0000] {dag.py:2941} INFO - Sync 1 DAGs
[2023-11-25T10:37:37.770+0000] {logging_mixin.py:154} INFO - [2023-11-25T10:37:37.769+0000] {dag.py:3722} INFO - Setting next_dagrun for example_short_circuit_decorator to 2023-11-24T10:37:37.769615+00:00, run_after=2023-11-25T10:37:37.769615+00:00
[2023-11-25T10:37:37.802+0000] {processor.py:179} INFO - Processing /home/airflow/.local/lib/python3.8/site-packages/airflow/example_dags/example_short_circuit_decorator.py took 0.139 seconds
[2023-11-25T10:38:08.048+0000] {processor.py:157} INFO - Started process (PID=1622) to work on /home/airflow/.local/lib/python3.8/site-packages/airflow/example_dags/example_short_circuit_decorator.py
[2023-11-25T10:38:08.049+0000] {processor.py:829} INFO - Processing file /home/airflow/.local/lib/python3.8/site-packages/airflow/example_dags/example_short_circuit_decorator.py for tasks to queue
[2023-11-25T10:38:08.051+0000] {logging_mixin.py:154} INFO - [2023-11-25T10:38:08.051+0000] {dagbag.py:536} INFO - Filling up the DagBag from /home/airflow/.local/lib/python3.8/site-packages/airflow/example_dags/example_short_circuit_decorator.py
[2023-11-25T10:38:08.060+0000] {processor.py:839} INFO - DAG(s) dict_keys(['example_short_circuit_decorator']) retrieved from /home/airflow/.local/lib/python3.8/site-packages/airflow/example_dags/example_short_circuit_decorator.py
[2023-11-25T10:38:08.080+0000] {logging_mixin.py:154} INFO - [2023-11-25T10:38:08.080+0000] {dag.py:2941} INFO - Sync 1 DAGs
[2023-11-25T10:38:08.099+0000] {logging_mixin.py:154} INFO - [2023-11-25T10:38:08.099+0000] {dag.py:3722} INFO - Setting next_dagrun for example_short_circuit_decorator to 2023-11-24T10:38:08.099185+00:00, run_after=2023-11-25T10:38:08.099185+00:00
[2023-11-25T10:38:08.114+0000] {processor.py:179} INFO - Processing /home/airflow/.local/lib/python3.8/site-packages/airflow/example_dags/example_short_circuit_decorator.py took 0.071 seconds
[2023-11-25T10:38:38.256+0000] {processor.py:157} INFO - Started process (PID=1676) to work on /home/airflow/.local/lib/python3.8/site-packages/airflow/example_dags/example_short_circuit_decorator.py
[2023-11-25T10:38:38.257+0000] {processor.py:829} INFO - Processing file /home/airflow/.local/lib/python3.8/site-packages/airflow/example_dags/example_short_circuit_decorator.py for tasks to queue
[2023-11-25T10:38:38.259+0000] {logging_mixin.py:154} INFO - [2023-11-25T10:38:38.259+0000] {dagbag.py:536} INFO - Filling up the DagBag from /home/airflow/.local/lib/python3.8/site-packages/airflow/example_dags/example_short_circuit_decorator.py
[2023-11-25T10:38:38.267+0000] {processor.py:839} INFO - DAG(s) dict_keys(['example_short_circuit_decorator']) retrieved from /home/airflow/.local/lib/python3.8/site-packages/airflow/example_dags/example_short_circuit_decorator.py
[2023-11-25T10:38:38.297+0000] {logging_mixin.py:154} INFO - [2023-11-25T10:38:38.297+0000] {dag.py:2941} INFO - Sync 1 DAGs
[2023-11-25T10:38:38.327+0000] {logging_mixin.py:154} INFO - [2023-11-25T10:38:38.327+0000] {dag.py:3722} INFO - Setting next_dagrun for example_short_circuit_decorator to 2023-11-24T10:38:38.326957+00:00, run_after=2023-11-25T10:38:38.326957+00:00
[2023-11-25T10:38:38.346+0000] {processor.py:179} INFO - Processing /home/airflow/.local/lib/python3.8/site-packages/airflow/example_dags/example_short_circuit_decorator.py took 0.094 seconds
[2023-11-25T10:39:08.665+0000] {processor.py:157} INFO - Started process (PID=1730) to work on /home/airflow/.local/lib/python3.8/site-packages/airflow/example_dags/example_short_circuit_decorator.py
[2023-11-25T10:39:08.666+0000] {processor.py:829} INFO - Processing file /home/airflow/.local/lib/python3.8/site-packages/airflow/example_dags/example_short_circuit_decorator.py for tasks to queue
[2023-11-25T10:39:08.668+0000] {logging_mixin.py:154} INFO - [2023-11-25T10:39:08.668+0000] {dagbag.py:536} INFO - Filling up the DagBag from /home/airflow/.local/lib/python3.8/site-packages/airflow/example_dags/example_short_circuit_decorator.py
[2023-11-25T10:39:08.676+0000] {processor.py:839} INFO - DAG(s) dict_keys(['example_short_circuit_decorator']) retrieved from /home/airflow/.local/lib/python3.8/site-packages/airflow/example_dags/example_short_circuit_decorator.py
[2023-11-25T10:39:08.699+0000] {logging_mixin.py:154} INFO - [2023-11-25T10:39:08.699+0000] {dag.py:2941} INFO - Sync 1 DAGs
[2023-11-25T10:39:08.718+0000] {logging_mixin.py:154} INFO - [2023-11-25T10:39:08.718+0000] {dag.py:3722} INFO - Setting next_dagrun for example_short_circuit_decorator to 2023-11-24T10:39:08.718331+00:00, run_after=2023-11-25T10:39:08.718331+00:00
[2023-11-25T10:39:08.736+0000] {processor.py:179} INFO - Processing /home/airflow/.local/lib/python3.8/site-packages/airflow/example_dags/example_short_circuit_decorator.py took 0.075 seconds
[2023-11-25T10:39:38.980+0000] {processor.py:157} INFO - Started process (PID=1784) to work on /home/airflow/.local/lib/python3.8/site-packages/airflow/example_dags/example_short_circuit_decorator.py
[2023-11-25T10:39:38.981+0000] {processor.py:829} INFO - Processing file /home/airflow/.local/lib/python3.8/site-packages/airflow/example_dags/example_short_circuit_decorator.py for tasks to queue
[2023-11-25T10:39:38.986+0000] {logging_mixin.py:154} INFO - [2023-11-25T10:39:38.985+0000] {dagbag.py:536} INFO - Filling up the DagBag from /home/airflow/.local/lib/python3.8/site-packages/airflow/example_dags/example_short_circuit_decorator.py
[2023-11-25T10:39:39.001+0000] {processor.py:839} INFO - DAG(s) dict_keys(['example_short_circuit_decorator']) retrieved from /home/airflow/.local/lib/python3.8/site-packages/airflow/example_dags/example_short_circuit_decorator.py
[2023-11-25T10:39:39.031+0000] {logging_mixin.py:154} INFO - [2023-11-25T10:39:39.031+0000] {dag.py:2941} INFO - Sync 1 DAGs
[2023-11-25T10:39:39.063+0000] {logging_mixin.py:154} INFO - [2023-11-25T10:39:39.062+0000] {dag.py:3722} INFO - Setting next_dagrun for example_short_circuit_decorator to 2023-11-24T10:39:39.062462+00:00, run_after=2023-11-25T10:39:39.062462+00:00
[2023-11-25T10:39:39.094+0000] {processor.py:179} INFO - Processing /home/airflow/.local/lib/python3.8/site-packages/airflow/example_dags/example_short_circuit_decorator.py took 0.122 seconds
[2023-11-25T10:40:09.624+0000] {processor.py:157} INFO - Started process (PID=1838) to work on /home/airflow/.local/lib/python3.8/site-packages/airflow/example_dags/example_short_circuit_decorator.py
[2023-11-25T10:40:09.638+0000] {processor.py:829} INFO - Processing file /home/airflow/.local/lib/python3.8/site-packages/airflow/example_dags/example_short_circuit_decorator.py for tasks to queue
[2023-11-25T10:40:09.644+0000] {logging_mixin.py:154} INFO - [2023-11-25T10:40:09.643+0000] {dagbag.py:536} INFO - Filling up the DagBag from /home/airflow/.local/lib/python3.8/site-packages/airflow/example_dags/example_short_circuit_decorator.py
[2023-11-25T10:40:09.832+0000] {processor.py:839} INFO - DAG(s) dict_keys(['example_short_circuit_decorator']) retrieved from /home/airflow/.local/lib/python3.8/site-packages/airflow/example_dags/example_short_circuit_decorator.py
[2023-11-25T10:40:09.900+0000] {logging_mixin.py:154} INFO - [2023-11-25T10:40:09.900+0000] {dag.py:2941} INFO - Sync 1 DAGs
[2023-11-25T10:40:09.990+0000] {logging_mixin.py:154} INFO - [2023-11-25T10:40:09.989+0000] {dag.py:3722} INFO - Setting next_dagrun for example_short_circuit_decorator to 2023-11-24T10:40:09.981271+00:00, run_after=2023-11-25T10:40:09.981271+00:00
[2023-11-25T10:40:10.053+0000] {processor.py:179} INFO - Processing /home/airflow/.local/lib/python3.8/site-packages/airflow/example_dags/example_short_circuit_decorator.py took 0.450 seconds
[2023-11-25T11:05:06.437+0000] {processor.py:157} INFO - Started process (PID=53) to work on /home/airflow/.local/lib/python3.8/site-packages/airflow/example_dags/example_short_circuit_decorator.py
[2023-11-25T11:05:06.438+0000] {processor.py:829} INFO - Processing file /home/airflow/.local/lib/python3.8/site-packages/airflow/example_dags/example_short_circuit_decorator.py for tasks to queue
[2023-11-25T11:05:06.441+0000] {logging_mixin.py:154} INFO - [2023-11-25T11:05:06.440+0000] {dagbag.py:536} INFO - Filling up the DagBag from /home/airflow/.local/lib/python3.8/site-packages/airflow/example_dags/example_short_circuit_decorator.py
[2023-11-25T11:05:06.457+0000] {processor.py:839} INFO - DAG(s) dict_keys(['example_short_circuit_decorator']) retrieved from /home/airflow/.local/lib/python3.8/site-packages/airflow/example_dags/example_short_circuit_decorator.py
[2023-11-25T11:05:06.472+0000] {logging_mixin.py:154} INFO - [2023-11-25T11:05:06.472+0000] {dag.py:2941} INFO - Sync 1 DAGs
[2023-11-25T11:05:06.508+0000] {logging_mixin.py:154} INFO - [2023-11-25T11:05:06.508+0000] {dag.py:3722} INFO - Setting next_dagrun for example_short_circuit_decorator to 2023-11-24T11:05:06.508032+00:00, run_after=2023-11-25T11:05:06.508032+00:00
[2023-11-25T11:05:06.538+0000] {processor.py:179} INFO - Processing /home/airflow/.local/lib/python3.8/site-packages/airflow/example_dags/example_short_circuit_decorator.py took 0.104 seconds
[2023-11-25T11:05:36.757+0000] {processor.py:157} INFO - Started process (PID=107) to work on /home/airflow/.local/lib/python3.8/site-packages/airflow/example_dags/example_short_circuit_decorator.py
[2023-11-25T11:05:36.758+0000] {processor.py:829} INFO - Processing file /home/airflow/.local/lib/python3.8/site-packages/airflow/example_dags/example_short_circuit_decorator.py for tasks to queue
[2023-11-25T11:05:36.760+0000] {logging_mixin.py:154} INFO - [2023-11-25T11:05:36.760+0000] {dagbag.py:536} INFO - Filling up the DagBag from /home/airflow/.local/lib/python3.8/site-packages/airflow/example_dags/example_short_circuit_decorator.py
[2023-11-25T11:05:36.773+0000] {processor.py:839} INFO - DAG(s) dict_keys(['example_short_circuit_decorator']) retrieved from /home/airflow/.local/lib/python3.8/site-packages/airflow/example_dags/example_short_circuit_decorator.py
[2023-11-25T11:05:36.807+0000] {logging_mixin.py:154} INFO - [2023-11-25T11:05:36.806+0000] {dag.py:2941} INFO - Sync 1 DAGs
[2023-11-25T11:05:36.836+0000] {logging_mixin.py:154} INFO - [2023-11-25T11:05:36.835+0000] {dag.py:3722} INFO - Setting next_dagrun for example_short_circuit_decorator to 2023-11-24T11:05:36.835700+00:00, run_after=2023-11-25T11:05:36.835700+00:00
[2023-11-25T11:05:36.862+0000] {processor.py:179} INFO - Processing /home/airflow/.local/lib/python3.8/site-packages/airflow/example_dags/example_short_circuit_decorator.py took 0.108 seconds
[2023-11-25T11:06:06.920+0000] {processor.py:157} INFO - Started process (PID=161) to work on /home/airflow/.local/lib/python3.8/site-packages/airflow/example_dags/example_short_circuit_decorator.py
[2023-11-25T11:06:06.923+0000] {processor.py:829} INFO - Processing file /home/airflow/.local/lib/python3.8/site-packages/airflow/example_dags/example_short_circuit_decorator.py for tasks to queue
[2023-11-25T11:06:06.925+0000] {logging_mixin.py:154} INFO - [2023-11-25T11:06:06.925+0000] {dagbag.py:536} INFO - Filling up the DagBag from /home/airflow/.local/lib/python3.8/site-packages/airflow/example_dags/example_short_circuit_decorator.py
[2023-11-25T11:06:06.934+0000] {processor.py:839} INFO - DAG(s) dict_keys(['example_short_circuit_decorator']) retrieved from /home/airflow/.local/lib/python3.8/site-packages/airflow/example_dags/example_short_circuit_decorator.py
[2023-11-25T11:06:06.958+0000] {logging_mixin.py:154} INFO - [2023-11-25T11:06:06.958+0000] {dag.py:2941} INFO - Sync 1 DAGs
[2023-11-25T11:06:06.980+0000] {logging_mixin.py:154} INFO - [2023-11-25T11:06:06.979+0000] {dag.py:3722} INFO - Setting next_dagrun for example_short_circuit_decorator to 2023-11-24T11:06:06.979539+00:00, run_after=2023-11-25T11:06:06.979539+00:00
[2023-11-25T11:06:07.024+0000] {processor.py:179} INFO - Processing /home/airflow/.local/lib/python3.8/site-packages/airflow/example_dags/example_short_circuit_decorator.py took 0.106 seconds
[2023-11-25T11:07:42.142+0000] {processor.py:157} INFO - Started process (PID=53) to work on /home/airflow/.local/lib/python3.8/site-packages/airflow/example_dags/example_short_circuit_decorator.py
[2023-11-25T11:07:42.143+0000] {processor.py:829} INFO - Processing file /home/airflow/.local/lib/python3.8/site-packages/airflow/example_dags/example_short_circuit_decorator.py for tasks to queue
[2023-11-25T11:07:42.146+0000] {logging_mixin.py:154} INFO - [2023-11-25T11:07:42.145+0000] {dagbag.py:536} INFO - Filling up the DagBag from /home/airflow/.local/lib/python3.8/site-packages/airflow/example_dags/example_short_circuit_decorator.py
[2023-11-25T11:07:42.165+0000] {processor.py:839} INFO - DAG(s) dict_keys(['example_short_circuit_decorator']) retrieved from /home/airflow/.local/lib/python3.8/site-packages/airflow/example_dags/example_short_circuit_decorator.py
[2023-11-25T11:07:42.228+0000] {logging_mixin.py:154} INFO - [2023-11-25T11:07:42.219+0000] {dag.py:2941} INFO - Sync 1 DAGs
[2023-11-25T11:07:42.334+0000] {logging_mixin.py:154} INFO - [2023-11-25T11:07:42.333+0000] {dag.py:3722} INFO - Setting next_dagrun for example_short_circuit_decorator to 2023-11-24T11:07:42.333332+00:00, run_after=2023-11-25T11:07:42.333332+00:00
[2023-11-25T11:07:42.386+0000] {processor.py:179} INFO - Processing /home/airflow/.local/lib/python3.8/site-packages/airflow/example_dags/example_short_circuit_decorator.py took 0.249 seconds
[2023-11-25T11:08:13.214+0000] {processor.py:157} INFO - Started process (PID=107) to work on /home/airflow/.local/lib/python3.8/site-packages/airflow/example_dags/example_short_circuit_decorator.py
[2023-11-25T11:08:13.220+0000] {processor.py:829} INFO - Processing file /home/airflow/.local/lib/python3.8/site-packages/airflow/example_dags/example_short_circuit_decorator.py for tasks to queue
[2023-11-25T11:08:13.222+0000] {logging_mixin.py:154} INFO - [2023-11-25T11:08:13.222+0000] {dagbag.py:536} INFO - Filling up the DagBag from /home/airflow/.local/lib/python3.8/site-packages/airflow/example_dags/example_short_circuit_decorator.py
[2023-11-25T11:08:13.231+0000] {processor.py:839} INFO - DAG(s) dict_keys(['example_short_circuit_decorator']) retrieved from /home/airflow/.local/lib/python3.8/site-packages/airflow/example_dags/example_short_circuit_decorator.py
[2023-11-25T11:08:13.260+0000] {logging_mixin.py:154} INFO - [2023-11-25T11:08:13.260+0000] {dag.py:2941} INFO - Sync 1 DAGs
[2023-11-25T11:08:13.289+0000] {logging_mixin.py:154} INFO - [2023-11-25T11:08:13.289+0000] {dag.py:3722} INFO - Setting next_dagrun for example_short_circuit_decorator to 2023-11-24T11:08:13.289572+00:00, run_after=2023-11-25T11:08:13.289572+00:00
[2023-11-25T11:08:13.314+0000] {processor.py:179} INFO - Processing /home/airflow/.local/lib/python3.8/site-packages/airflow/example_dags/example_short_circuit_decorator.py took 0.102 seconds
[2023-11-25T11:08:43.991+0000] {processor.py:157} INFO - Started process (PID=161) to work on /home/airflow/.local/lib/python3.8/site-packages/airflow/example_dags/example_short_circuit_decorator.py
[2023-11-25T11:08:43.992+0000] {processor.py:829} INFO - Processing file /home/airflow/.local/lib/python3.8/site-packages/airflow/example_dags/example_short_circuit_decorator.py for tasks to queue
[2023-11-25T11:08:43.994+0000] {logging_mixin.py:154} INFO - [2023-11-25T11:08:43.994+0000] {dagbag.py:536} INFO - Filling up the DagBag from /home/airflow/.local/lib/python3.8/site-packages/airflow/example_dags/example_short_circuit_decorator.py
[2023-11-25T11:08:44.002+0000] {processor.py:839} INFO - DAG(s) dict_keys(['example_short_circuit_decorator']) retrieved from /home/airflow/.local/lib/python3.8/site-packages/airflow/example_dags/example_short_circuit_decorator.py
[2023-11-25T11:08:44.028+0000] {logging_mixin.py:154} INFO - [2023-11-25T11:08:44.028+0000] {dag.py:2941} INFO - Sync 1 DAGs
[2023-11-25T11:08:44.049+0000] {logging_mixin.py:154} INFO - [2023-11-25T11:08:44.049+0000] {dag.py:3722} INFO - Setting next_dagrun for example_short_circuit_decorator to 2023-11-24T11:08:44.048916+00:00, run_after=2023-11-25T11:08:44.048916+00:00
[2023-11-25T11:08:44.132+0000] {processor.py:179} INFO - Processing /home/airflow/.local/lib/python3.8/site-packages/airflow/example_dags/example_short_circuit_decorator.py took 0.144 seconds
[2023-11-25T11:09:14.806+0000] {processor.py:157} INFO - Started process (PID=214) to work on /home/airflow/.local/lib/python3.8/site-packages/airflow/example_dags/example_short_circuit_decorator.py
[2023-11-25T11:09:14.807+0000] {processor.py:829} INFO - Processing file /home/airflow/.local/lib/python3.8/site-packages/airflow/example_dags/example_short_circuit_decorator.py for tasks to queue
[2023-11-25T11:09:14.808+0000] {logging_mixin.py:154} INFO - [2023-11-25T11:09:14.808+0000] {dagbag.py:536} INFO - Filling up the DagBag from /home/airflow/.local/lib/python3.8/site-packages/airflow/example_dags/example_short_circuit_decorator.py
[2023-11-25T11:09:14.816+0000] {processor.py:839} INFO - DAG(s) dict_keys(['example_short_circuit_decorator']) retrieved from /home/airflow/.local/lib/python3.8/site-packages/airflow/example_dags/example_short_circuit_decorator.py
[2023-11-25T11:09:14.840+0000] {logging_mixin.py:154} INFO - [2023-11-25T11:09:14.840+0000] {dag.py:2941} INFO - Sync 1 DAGs
[2023-11-25T11:09:14.861+0000] {logging_mixin.py:154} INFO - [2023-11-25T11:09:14.861+0000] {dag.py:3722} INFO - Setting next_dagrun for example_short_circuit_decorator to 2023-11-24T11:09:14.861525+00:00, run_after=2023-11-25T11:09:14.861525+00:00
[2023-11-25T11:09:14.897+0000] {processor.py:179} INFO - Processing /home/airflow/.local/lib/python3.8/site-packages/airflow/example_dags/example_short_circuit_decorator.py took 0.095 seconds
[2023-11-25T11:09:45.495+0000] {processor.py:157} INFO - Started process (PID=268) to work on /home/airflow/.local/lib/python3.8/site-packages/airflow/example_dags/example_short_circuit_decorator.py
[2023-11-25T11:09:45.496+0000] {processor.py:829} INFO - Processing file /home/airflow/.local/lib/python3.8/site-packages/airflow/example_dags/example_short_circuit_decorator.py for tasks to queue
[2023-11-25T11:09:45.498+0000] {logging_mixin.py:154} INFO - [2023-11-25T11:09:45.497+0000] {dagbag.py:536} INFO - Filling up the DagBag from /home/airflow/.local/lib/python3.8/site-packages/airflow/example_dags/example_short_circuit_decorator.py
[2023-11-25T11:09:45.506+0000] {processor.py:839} INFO - DAG(s) dict_keys(['example_short_circuit_decorator']) retrieved from /home/airflow/.local/lib/python3.8/site-packages/airflow/example_dags/example_short_circuit_decorator.py
[2023-11-25T11:09:45.529+0000] {logging_mixin.py:154} INFO - [2023-11-25T11:09:45.529+0000] {dag.py:2941} INFO - Sync 1 DAGs
[2023-11-25T11:09:45.557+0000] {logging_mixin.py:154} INFO - [2023-11-25T11:09:45.556+0000] {dag.py:3722} INFO - Setting next_dagrun for example_short_circuit_decorator to 2023-11-24T11:09:45.556567+00:00, run_after=2023-11-25T11:09:45.556567+00:00
[2023-11-25T11:09:45.576+0000] {processor.py:179} INFO - Processing /home/airflow/.local/lib/python3.8/site-packages/airflow/example_dags/example_short_circuit_decorator.py took 0.083 seconds
[2023-11-25T11:10:15.619+0000] {processor.py:157} INFO - Started process (PID=322) to work on /home/airflow/.local/lib/python3.8/site-packages/airflow/example_dags/example_short_circuit_decorator.py
[2023-11-25T11:10:15.620+0000] {processor.py:829} INFO - Processing file /home/airflow/.local/lib/python3.8/site-packages/airflow/example_dags/example_short_circuit_decorator.py for tasks to queue
[2023-11-25T11:10:15.622+0000] {logging_mixin.py:154} INFO - [2023-11-25T11:10:15.622+0000] {dagbag.py:536} INFO - Filling up the DagBag from /home/airflow/.local/lib/python3.8/site-packages/airflow/example_dags/example_short_circuit_decorator.py
[2023-11-25T11:10:15.629+0000] {processor.py:839} INFO - DAG(s) dict_keys(['example_short_circuit_decorator']) retrieved from /home/airflow/.local/lib/python3.8/site-packages/airflow/example_dags/example_short_circuit_decorator.py
[2023-11-25T11:10:15.657+0000] {logging_mixin.py:154} INFO - [2023-11-25T11:10:15.656+0000] {dag.py:2941} INFO - Sync 1 DAGs
[2023-11-25T11:10:15.677+0000] {logging_mixin.py:154} INFO - [2023-11-25T11:10:15.676+0000] {dag.py:3722} INFO - Setting next_dagrun for example_short_circuit_decorator to 2023-11-24T11:10:15.676640+00:00, run_after=2023-11-25T11:10:15.676640+00:00
[2023-11-25T11:10:15.702+0000] {processor.py:179} INFO - Processing /home/airflow/.local/lib/python3.8/site-packages/airflow/example_dags/example_short_circuit_decorator.py took 0.086 seconds
[2023-11-25T11:10:46.054+0000] {processor.py:157} INFO - Started process (PID=377) to work on /home/airflow/.local/lib/python3.8/site-packages/airflow/example_dags/example_short_circuit_decorator.py
[2023-11-25T11:10:46.055+0000] {processor.py:829} INFO - Processing file /home/airflow/.local/lib/python3.8/site-packages/airflow/example_dags/example_short_circuit_decorator.py for tasks to queue
[2023-11-25T11:10:46.057+0000] {logging_mixin.py:154} INFO - [2023-11-25T11:10:46.057+0000] {dagbag.py:536} INFO - Filling up the DagBag from /home/airflow/.local/lib/python3.8/site-packages/airflow/example_dags/example_short_circuit_decorator.py
[2023-11-25T11:10:46.064+0000] {processor.py:839} INFO - DAG(s) dict_keys(['example_short_circuit_decorator']) retrieved from /home/airflow/.local/lib/python3.8/site-packages/airflow/example_dags/example_short_circuit_decorator.py
[2023-11-25T11:10:46.085+0000] {logging_mixin.py:154} INFO - [2023-11-25T11:10:46.085+0000] {dag.py:2941} INFO - Sync 1 DAGs
[2023-11-25T11:10:46.105+0000] {logging_mixin.py:154} INFO - [2023-11-25T11:10:46.105+0000] {dag.py:3722} INFO - Setting next_dagrun for example_short_circuit_decorator to 2023-11-24T11:10:46.105304+00:00, run_after=2023-11-25T11:10:46.105304+00:00
[2023-11-25T11:10:46.147+0000] {processor.py:179} INFO - Processing /home/airflow/.local/lib/python3.8/site-packages/airflow/example_dags/example_short_circuit_decorator.py took 0.096 seconds
[2023-11-25T11:11:17.077+0000] {processor.py:157} INFO - Started process (PID=431) to work on /home/airflow/.local/lib/python3.8/site-packages/airflow/example_dags/example_short_circuit_decorator.py
[2023-11-25T11:11:17.081+0000] {processor.py:829} INFO - Processing file /home/airflow/.local/lib/python3.8/site-packages/airflow/example_dags/example_short_circuit_decorator.py for tasks to queue
[2023-11-25T11:11:17.083+0000] {logging_mixin.py:154} INFO - [2023-11-25T11:11:17.083+0000] {dagbag.py:536} INFO - Filling up the DagBag from /home/airflow/.local/lib/python3.8/site-packages/airflow/example_dags/example_short_circuit_decorator.py
[2023-11-25T11:11:17.097+0000] {processor.py:839} INFO - DAG(s) dict_keys(['example_short_circuit_decorator']) retrieved from /home/airflow/.local/lib/python3.8/site-packages/airflow/example_dags/example_short_circuit_decorator.py
[2023-11-25T11:11:17.125+0000] {logging_mixin.py:154} INFO - [2023-11-25T11:11:17.124+0000] {dag.py:2941} INFO - Sync 1 DAGs
[2023-11-25T11:11:17.156+0000] {logging_mixin.py:154} INFO - [2023-11-25T11:11:17.155+0000] {dag.py:3722} INFO - Setting next_dagrun for example_short_circuit_decorator to 2023-11-24T11:11:17.155529+00:00, run_after=2023-11-25T11:11:17.155529+00:00
[2023-11-25T11:11:17.183+0000] {processor.py:179} INFO - Processing /home/airflow/.local/lib/python3.8/site-packages/airflow/example_dags/example_short_circuit_decorator.py took 0.112 seconds
[2023-11-25T11:11:47.291+0000] {processor.py:157} INFO - Started process (PID=485) to work on /home/airflow/.local/lib/python3.8/site-packages/airflow/example_dags/example_short_circuit_decorator.py
[2023-11-25T11:11:47.291+0000] {processor.py:829} INFO - Processing file /home/airflow/.local/lib/python3.8/site-packages/airflow/example_dags/example_short_circuit_decorator.py for tasks to queue
[2023-11-25T11:11:47.293+0000] {logging_mixin.py:154} INFO - [2023-11-25T11:11:47.293+0000] {dagbag.py:536} INFO - Filling up the DagBag from /home/airflow/.local/lib/python3.8/site-packages/airflow/example_dags/example_short_circuit_decorator.py
[2023-11-25T11:11:47.301+0000] {processor.py:839} INFO - DAG(s) dict_keys(['example_short_circuit_decorator']) retrieved from /home/airflow/.local/lib/python3.8/site-packages/airflow/example_dags/example_short_circuit_decorator.py
[2023-11-25T11:11:47.322+0000] {logging_mixin.py:154} INFO - [2023-11-25T11:11:47.322+0000] {dag.py:2941} INFO - Sync 1 DAGs
[2023-11-25T11:11:47.352+0000] {logging_mixin.py:154} INFO - [2023-11-25T11:11:47.352+0000] {dag.py:3722} INFO - Setting next_dagrun for example_short_circuit_decorator to 2023-11-24T11:11:47.351949+00:00, run_after=2023-11-25T11:11:47.351949+00:00
[2023-11-25T11:11:47.377+0000] {processor.py:179} INFO - Processing /home/airflow/.local/lib/python3.8/site-packages/airflow/example_dags/example_short_circuit_decorator.py took 0.089 seconds
[2023-11-25T11:12:18.447+0000] {processor.py:157} INFO - Started process (PID=546) to work on /home/airflow/.local/lib/python3.8/site-packages/airflow/example_dags/example_short_circuit_decorator.py
[2023-11-25T11:12:18.451+0000] {processor.py:829} INFO - Processing file /home/airflow/.local/lib/python3.8/site-packages/airflow/example_dags/example_short_circuit_decorator.py for tasks to queue
[2023-11-25T11:12:18.454+0000] {logging_mixin.py:154} INFO - [2023-11-25T11:12:18.453+0000] {dagbag.py:536} INFO - Filling up the DagBag from /home/airflow/.local/lib/python3.8/site-packages/airflow/example_dags/example_short_circuit_decorator.py
[2023-11-25T11:12:18.469+0000] {processor.py:839} INFO - DAG(s) dict_keys(['example_short_circuit_decorator']) retrieved from /home/airflow/.local/lib/python3.8/site-packages/airflow/example_dags/example_short_circuit_decorator.py
[2023-11-25T11:12:18.542+0000] {logging_mixin.py:154} INFO - [2023-11-25T11:12:18.541+0000] {dag.py:2941} INFO - Sync 1 DAGs
[2023-11-25T11:12:18.610+0000] {logging_mixin.py:154} INFO - [2023-11-25T11:12:18.610+0000] {dag.py:3722} INFO - Setting next_dagrun for example_short_circuit_decorator to 2023-11-24T11:12:18.610337+00:00, run_after=2023-11-25T11:12:18.610337+00:00
[2023-11-25T11:12:18.645+0000] {processor.py:179} INFO - Processing /home/airflow/.local/lib/python3.8/site-packages/airflow/example_dags/example_short_circuit_decorator.py took 0.203 seconds
[2023-11-25T11:12:49.185+0000] {processor.py:157} INFO - Started process (PID=600) to work on /home/airflow/.local/lib/python3.8/site-packages/airflow/example_dags/example_short_circuit_decorator.py
[2023-11-25T11:12:49.186+0000] {processor.py:829} INFO - Processing file /home/airflow/.local/lib/python3.8/site-packages/airflow/example_dags/example_short_circuit_decorator.py for tasks to queue
[2023-11-25T11:12:49.187+0000] {logging_mixin.py:154} INFO - [2023-11-25T11:12:49.187+0000] {dagbag.py:536} INFO - Filling up the DagBag from /home/airflow/.local/lib/python3.8/site-packages/airflow/example_dags/example_short_circuit_decorator.py
[2023-11-25T11:12:49.195+0000] {processor.py:839} INFO - DAG(s) dict_keys(['example_short_circuit_decorator']) retrieved from /home/airflow/.local/lib/python3.8/site-packages/airflow/example_dags/example_short_circuit_decorator.py
[2023-11-25T11:12:49.214+0000] {logging_mixin.py:154} INFO - [2023-11-25T11:12:49.214+0000] {dag.py:2941} INFO - Sync 1 DAGs
[2023-11-25T11:12:49.233+0000] {logging_mixin.py:154} INFO - [2023-11-25T11:12:49.233+0000] {dag.py:3722} INFO - Setting next_dagrun for example_short_circuit_decorator to 2023-11-24T11:12:49.233349+00:00, run_after=2023-11-25T11:12:49.233349+00:00
[2023-11-25T11:12:49.255+0000] {processor.py:179} INFO - Processing /home/airflow/.local/lib/python3.8/site-packages/airflow/example_dags/example_short_circuit_decorator.py took 0.073 seconds
