[2023-11-25T10:23:16.664+0000] {processor.py:157} INFO - Started process (PID=32) to work on /home/airflow/.local/lib/python3.8/site-packages/airflow/example_dags/example_branch_datetime_operator.py
[2023-11-25T10:23:16.672+0000] {processor.py:829} INFO - Processing file /home/airflow/.local/lib/python3.8/site-packages/airflow/example_dags/example_branch_datetime_operator.py for tasks to queue
[2023-11-25T10:23:16.675+0000] {logging_mixin.py:154} INFO - [2023-11-25T10:23:16.674+0000] {dagbag.py:536} INFO - Filling up the DagBag from /home/airflow/.local/lib/python3.8/site-packages/airflow/example_dags/example_branch_datetime_operator.py
[2023-11-25T10:23:16.725+0000] {processor.py:839} INFO - DAG(s) dict_keys(['example_branch_datetime_operator_2', 'example_branch_datetime_operator_3', 'example_branch_datetime_operator']) retrieved from /home/airflow/.local/lib/python3.8/site-packages/airflow/example_dags/example_branch_datetime_operator.py
[2023-11-25T10:23:16.874+0000] {logging_mixin.py:154} INFO - [2023-11-25T10:23:16.874+0000] {dag.py:2941} INFO - Sync 3 DAGs
[2023-11-25T10:23:16.939+0000] {logging_mixin.py:154} INFO - [2023-11-25T10:23:16.939+0000] {dag.py:3722} INFO - Setting next_dagrun for example_branch_datetime_operator to 2023-11-24T00:00:00+00:00, run_after=2023-11-25T00:00:00+00:00
[2023-11-25T10:23:16.948+0000] {logging_mixin.py:154} INFO - [2023-11-25T10:23:16.948+0000] {dag.py:3722} INFO - Setting next_dagrun for example_branch_datetime_operator_2 to 2023-11-24T00:00:00+00:00, run_after=2023-11-25T00:00:00+00:00
[2023-11-25T10:23:16.954+0000] {logging_mixin.py:154} INFO - [2023-11-25T10:23:16.953+0000] {dag.py:3722} INFO - Setting next_dagrun for example_branch_datetime_operator_3 to 2023-11-24T00:00:00+00:00, run_after=2023-11-25T00:00:00+00:00
[2023-11-25T10:23:16.998+0000] {processor.py:179} INFO - Processing /home/airflow/.local/lib/python3.8/site-packages/airflow/example_dags/example_branch_datetime_operator.py took 0.338 seconds
[2023-11-25T10:23:47.473+0000] {processor.py:157} INFO - Started process (PID=86) to work on /home/airflow/.local/lib/python3.8/site-packages/airflow/example_dags/example_branch_datetime_operator.py
[2023-11-25T10:23:47.474+0000] {processor.py:829} INFO - Processing file /home/airflow/.local/lib/python3.8/site-packages/airflow/example_dags/example_branch_datetime_operator.py for tasks to queue
[2023-11-25T10:23:47.477+0000] {logging_mixin.py:154} INFO - [2023-11-25T10:23:47.476+0000] {dagbag.py:536} INFO - Filling up the DagBag from /home/airflow/.local/lib/python3.8/site-packages/airflow/example_dags/example_branch_datetime_operator.py
[2023-11-25T10:23:47.490+0000] {processor.py:839} INFO - DAG(s) dict_keys(['example_branch_datetime_operator_2', 'example_branch_datetime_operator_3', 'example_branch_datetime_operator']) retrieved from /home/airflow/.local/lib/python3.8/site-packages/airflow/example_dags/example_branch_datetime_operator.py
[2023-11-25T10:23:47.530+0000] {logging_mixin.py:154} INFO - [2023-11-25T10:23:47.530+0000] {dag.py:2941} INFO - Sync 3 DAGs
[2023-11-25T10:23:47.562+0000] {logging_mixin.py:154} INFO - [2023-11-25T10:23:47.562+0000] {dag.py:3722} INFO - Setting next_dagrun for example_branch_datetime_operator to 2023-11-24T00:00:00+00:00, run_after=2023-11-25T00:00:00+00:00
[2023-11-25T10:23:47.568+0000] {logging_mixin.py:154} INFO - [2023-11-25T10:23:47.567+0000] {dag.py:3722} INFO - Setting next_dagrun for example_branch_datetime_operator_2 to 2023-11-24T00:00:00+00:00, run_after=2023-11-25T00:00:00+00:00
[2023-11-25T10:23:47.571+0000] {logging_mixin.py:154} INFO - [2023-11-25T10:23:47.571+0000] {dag.py:3722} INFO - Setting next_dagrun for example_branch_datetime_operator_3 to 2023-11-24T00:00:00+00:00, run_after=2023-11-25T00:00:00+00:00
[2023-11-25T10:23:47.598+0000] {processor.py:179} INFO - Processing /home/airflow/.local/lib/python3.8/site-packages/airflow/example_dags/example_branch_datetime_operator.py took 0.129 seconds
[2023-11-25T10:24:18.332+0000] {processor.py:157} INFO - Started process (PID=140) to work on /home/airflow/.local/lib/python3.8/site-packages/airflow/example_dags/example_branch_datetime_operator.py
[2023-11-25T10:24:18.333+0000] {processor.py:829} INFO - Processing file /home/airflow/.local/lib/python3.8/site-packages/airflow/example_dags/example_branch_datetime_operator.py for tasks to queue
[2023-11-25T10:24:18.336+0000] {logging_mixin.py:154} INFO - [2023-11-25T10:24:18.335+0000] {dagbag.py:536} INFO - Filling up the DagBag from /home/airflow/.local/lib/python3.8/site-packages/airflow/example_dags/example_branch_datetime_operator.py
[2023-11-25T10:24:18.350+0000] {processor.py:839} INFO - DAG(s) dict_keys(['example_branch_datetime_operator_3', 'example_branch_datetime_operator_2', 'example_branch_datetime_operator']) retrieved from /home/airflow/.local/lib/python3.8/site-packages/airflow/example_dags/example_branch_datetime_operator.py
[2023-11-25T10:24:18.391+0000] {logging_mixin.py:154} INFO - [2023-11-25T10:24:18.391+0000] {dag.py:2941} INFO - Sync 3 DAGs
[2023-11-25T10:24:18.422+0000] {logging_mixin.py:154} INFO - [2023-11-25T10:24:18.421+0000] {dag.py:3722} INFO - Setting next_dagrun for example_branch_datetime_operator to 2023-11-24T00:00:00+00:00, run_after=2023-11-25T00:00:00+00:00
[2023-11-25T10:24:18.428+0000] {logging_mixin.py:154} INFO - [2023-11-25T10:24:18.428+0000] {dag.py:3722} INFO - Setting next_dagrun for example_branch_datetime_operator_2 to 2023-11-24T00:00:00+00:00, run_after=2023-11-25T00:00:00+00:00
[2023-11-25T10:24:18.432+0000] {logging_mixin.py:154} INFO - [2023-11-25T10:24:18.432+0000] {dag.py:3722} INFO - Setting next_dagrun for example_branch_datetime_operator_3 to 2023-11-24T00:00:00+00:00, run_after=2023-11-25T00:00:00+00:00
[2023-11-25T10:24:18.458+0000] {processor.py:179} INFO - Processing /home/airflow/.local/lib/python3.8/site-packages/airflow/example_dags/example_branch_datetime_operator.py took 0.129 seconds
[2023-11-25T10:24:48.584+0000] {processor.py:157} INFO - Started process (PID=194) to work on /home/airflow/.local/lib/python3.8/site-packages/airflow/example_dags/example_branch_datetime_operator.py
[2023-11-25T10:24:48.586+0000] {processor.py:829} INFO - Processing file /home/airflow/.local/lib/python3.8/site-packages/airflow/example_dags/example_branch_datetime_operator.py for tasks to queue
[2023-11-25T10:24:48.589+0000] {logging_mixin.py:154} INFO - [2023-11-25T10:24:48.589+0000] {dagbag.py:536} INFO - Filling up the DagBag from /home/airflow/.local/lib/python3.8/site-packages/airflow/example_dags/example_branch_datetime_operator.py
[2023-11-25T10:24:48.602+0000] {processor.py:839} INFO - DAG(s) dict_keys(['example_branch_datetime_operator', 'example_branch_datetime_operator_2', 'example_branch_datetime_operator_3']) retrieved from /home/airflow/.local/lib/python3.8/site-packages/airflow/example_dags/example_branch_datetime_operator.py
[2023-11-25T10:24:48.633+0000] {logging_mixin.py:154} INFO - [2023-11-25T10:24:48.633+0000] {dag.py:2941} INFO - Sync 3 DAGs
[2023-11-25T10:24:48.664+0000] {logging_mixin.py:154} INFO - [2023-11-25T10:24:48.663+0000] {dag.py:3722} INFO - Setting next_dagrun for example_branch_datetime_operator to 2023-11-24T00:00:00+00:00, run_after=2023-11-25T00:00:00+00:00
[2023-11-25T10:24:48.669+0000] {logging_mixin.py:154} INFO - [2023-11-25T10:24:48.669+0000] {dag.py:3722} INFO - Setting next_dagrun for example_branch_datetime_operator_2 to 2023-11-24T00:00:00+00:00, run_after=2023-11-25T00:00:00+00:00
[2023-11-25T10:24:48.672+0000] {logging_mixin.py:154} INFO - [2023-11-25T10:24:48.672+0000] {dag.py:3722} INFO - Setting next_dagrun for example_branch_datetime_operator_3 to 2023-11-24T00:00:00+00:00, run_after=2023-11-25T00:00:00+00:00
[2023-11-25T10:24:48.692+0000] {processor.py:179} INFO - Processing /home/airflow/.local/lib/python3.8/site-packages/airflow/example_dags/example_branch_datetime_operator.py took 0.113 seconds
[2023-11-25T10:25:19.093+0000] {processor.py:157} INFO - Started process (PID=248) to work on /home/airflow/.local/lib/python3.8/site-packages/airflow/example_dags/example_branch_datetime_operator.py
[2023-11-25T10:25:19.094+0000] {processor.py:829} INFO - Processing file /home/airflow/.local/lib/python3.8/site-packages/airflow/example_dags/example_branch_datetime_operator.py for tasks to queue
[2023-11-25T10:25:19.097+0000] {logging_mixin.py:154} INFO - [2023-11-25T10:25:19.097+0000] {dagbag.py:536} INFO - Filling up the DagBag from /home/airflow/.local/lib/python3.8/site-packages/airflow/example_dags/example_branch_datetime_operator.py
[2023-11-25T10:25:19.114+0000] {processor.py:839} INFO - DAG(s) dict_keys(['example_branch_datetime_operator_2', 'example_branch_datetime_operator_3', 'example_branch_datetime_operator']) retrieved from /home/airflow/.local/lib/python3.8/site-packages/airflow/example_dags/example_branch_datetime_operator.py
[2023-11-25T10:25:19.147+0000] {logging_mixin.py:154} INFO - [2023-11-25T10:25:19.147+0000] {dag.py:2941} INFO - Sync 3 DAGs
[2023-11-25T10:25:19.177+0000] {logging_mixin.py:154} INFO - [2023-11-25T10:25:19.177+0000] {dag.py:3722} INFO - Setting next_dagrun for example_branch_datetime_operator to 2023-11-24T00:00:00+00:00, run_after=2023-11-25T00:00:00+00:00
[2023-11-25T10:25:19.183+0000] {logging_mixin.py:154} INFO - [2023-11-25T10:25:19.182+0000] {dag.py:3722} INFO - Setting next_dagrun for example_branch_datetime_operator_2 to 2023-11-24T00:00:00+00:00, run_after=2023-11-25T00:00:00+00:00
[2023-11-25T10:25:19.187+0000] {logging_mixin.py:154} INFO - [2023-11-25T10:25:19.186+0000] {dag.py:3722} INFO - Setting next_dagrun for example_branch_datetime_operator_3 to 2023-11-24T00:00:00+00:00, run_after=2023-11-25T00:00:00+00:00
[2023-11-25T10:25:19.209+0000] {processor.py:179} INFO - Processing /home/airflow/.local/lib/python3.8/site-packages/airflow/example_dags/example_branch_datetime_operator.py took 0.123 seconds
[2023-11-25T10:25:49.939+0000] {processor.py:157} INFO - Started process (PID=302) to work on /home/airflow/.local/lib/python3.8/site-packages/airflow/example_dags/example_branch_datetime_operator.py
[2023-11-25T10:25:49.940+0000] {processor.py:829} INFO - Processing file /home/airflow/.local/lib/python3.8/site-packages/airflow/example_dags/example_branch_datetime_operator.py for tasks to queue
[2023-11-25T10:25:49.942+0000] {logging_mixin.py:154} INFO - [2023-11-25T10:25:49.941+0000] {dagbag.py:536} INFO - Filling up the DagBag from /home/airflow/.local/lib/python3.8/site-packages/airflow/example_dags/example_branch_datetime_operator.py
[2023-11-25T10:25:49.953+0000] {processor.py:839} INFO - DAG(s) dict_keys(['example_branch_datetime_operator_2', 'example_branch_datetime_operator', 'example_branch_datetime_operator_3']) retrieved from /home/airflow/.local/lib/python3.8/site-packages/airflow/example_dags/example_branch_datetime_operator.py
[2023-11-25T10:25:49.983+0000] {logging_mixin.py:154} INFO - [2023-11-25T10:25:49.983+0000] {dag.py:2941} INFO - Sync 3 DAGs
[2023-11-25T10:25:50.015+0000] {logging_mixin.py:154} INFO - [2023-11-25T10:25:50.015+0000] {dag.py:3722} INFO - Setting next_dagrun for example_branch_datetime_operator to 2023-11-24T00:00:00+00:00, run_after=2023-11-25T00:00:00+00:00
[2023-11-25T10:25:50.021+0000] {logging_mixin.py:154} INFO - [2023-11-25T10:25:50.021+0000] {dag.py:3722} INFO - Setting next_dagrun for example_branch_datetime_operator_2 to 2023-11-24T00:00:00+00:00, run_after=2023-11-25T00:00:00+00:00
[2023-11-25T10:25:50.025+0000] {logging_mixin.py:154} INFO - [2023-11-25T10:25:50.025+0000] {dag.py:3722} INFO - Setting next_dagrun for example_branch_datetime_operator_3 to 2023-11-24T00:00:00+00:00, run_after=2023-11-25T00:00:00+00:00
[2023-11-25T10:25:50.048+0000] {processor.py:179} INFO - Processing /home/airflow/.local/lib/python3.8/site-packages/airflow/example_dags/example_branch_datetime_operator.py took 0.112 seconds
[2023-11-25T10:26:20.250+0000] {processor.py:157} INFO - Started process (PID=356) to work on /home/airflow/.local/lib/python3.8/site-packages/airflow/example_dags/example_branch_datetime_operator.py
[2023-11-25T10:26:20.251+0000] {processor.py:829} INFO - Processing file /home/airflow/.local/lib/python3.8/site-packages/airflow/example_dags/example_branch_datetime_operator.py for tasks to queue
[2023-11-25T10:26:20.253+0000] {logging_mixin.py:154} INFO - [2023-11-25T10:26:20.253+0000] {dagbag.py:536} INFO - Filling up the DagBag from /home/airflow/.local/lib/python3.8/site-packages/airflow/example_dags/example_branch_datetime_operator.py
[2023-11-25T10:26:20.265+0000] {processor.py:839} INFO - DAG(s) dict_keys(['example_branch_datetime_operator_3', 'example_branch_datetime_operator', 'example_branch_datetime_operator_2']) retrieved from /home/airflow/.local/lib/python3.8/site-packages/airflow/example_dags/example_branch_datetime_operator.py
[2023-11-25T10:26:20.302+0000] {logging_mixin.py:154} INFO - [2023-11-25T10:26:20.301+0000] {dag.py:2941} INFO - Sync 3 DAGs
[2023-11-25T10:26:20.334+0000] {logging_mixin.py:154} INFO - [2023-11-25T10:26:20.333+0000] {dag.py:3722} INFO - Setting next_dagrun for example_branch_datetime_operator to 2023-11-24T00:00:00+00:00, run_after=2023-11-25T00:00:00+00:00
[2023-11-25T10:26:20.341+0000] {logging_mixin.py:154} INFO - [2023-11-25T10:26:20.341+0000] {dag.py:3722} INFO - Setting next_dagrun for example_branch_datetime_operator_2 to 2023-11-24T00:00:00+00:00, run_after=2023-11-25T00:00:00+00:00
[2023-11-25T10:26:20.346+0000] {logging_mixin.py:154} INFO - [2023-11-25T10:26:20.346+0000] {dag.py:3722} INFO - Setting next_dagrun for example_branch_datetime_operator_3 to 2023-11-24T00:00:00+00:00, run_after=2023-11-25T00:00:00+00:00
[2023-11-25T10:26:20.381+0000] {processor.py:179} INFO - Processing /home/airflow/.local/lib/python3.8/site-packages/airflow/example_dags/example_branch_datetime_operator.py took 0.135 seconds
[2023-11-25T10:26:50.860+0000] {processor.py:157} INFO - Started process (PID=410) to work on /home/airflow/.local/lib/python3.8/site-packages/airflow/example_dags/example_branch_datetime_operator.py
[2023-11-25T10:26:50.862+0000] {processor.py:829} INFO - Processing file /home/airflow/.local/lib/python3.8/site-packages/airflow/example_dags/example_branch_datetime_operator.py for tasks to queue
[2023-11-25T10:26:50.864+0000] {logging_mixin.py:154} INFO - [2023-11-25T10:26:50.864+0000] {dagbag.py:536} INFO - Filling up the DagBag from /home/airflow/.local/lib/python3.8/site-packages/airflow/example_dags/example_branch_datetime_operator.py
[2023-11-25T10:26:50.884+0000] {processor.py:839} INFO - DAG(s) dict_keys(['example_branch_datetime_operator_3', 'example_branch_datetime_operator_2', 'example_branch_datetime_operator']) retrieved from /home/airflow/.local/lib/python3.8/site-packages/airflow/example_dags/example_branch_datetime_operator.py
[2023-11-25T10:26:50.931+0000] {logging_mixin.py:154} INFO - [2023-11-25T10:26:50.931+0000] {dag.py:2941} INFO - Sync 3 DAGs
[2023-11-25T10:26:50.969+0000] {logging_mixin.py:154} INFO - [2023-11-25T10:26:50.968+0000] {dag.py:3722} INFO - Setting next_dagrun for example_branch_datetime_operator to 2023-11-24T00:00:00+00:00, run_after=2023-11-25T00:00:00+00:00
[2023-11-25T10:26:50.975+0000] {logging_mixin.py:154} INFO - [2023-11-25T10:26:50.974+0000] {dag.py:3722} INFO - Setting next_dagrun for example_branch_datetime_operator_2 to 2023-11-24T00:00:00+00:00, run_after=2023-11-25T00:00:00+00:00
[2023-11-25T10:26:50.978+0000] {logging_mixin.py:154} INFO - [2023-11-25T10:26:50.978+0000] {dag.py:3722} INFO - Setting next_dagrun for example_branch_datetime_operator_3 to 2023-11-24T00:00:00+00:00, run_after=2023-11-25T00:00:00+00:00
[2023-11-25T10:26:51.003+0000] {processor.py:179} INFO - Processing /home/airflow/.local/lib/python3.8/site-packages/airflow/example_dags/example_branch_datetime_operator.py took 0.147 seconds
[2023-11-25T10:27:21.734+0000] {processor.py:157} INFO - Started process (PID=464) to work on /home/airflow/.local/lib/python3.8/site-packages/airflow/example_dags/example_branch_datetime_operator.py
[2023-11-25T10:27:21.735+0000] {processor.py:829} INFO - Processing file /home/airflow/.local/lib/python3.8/site-packages/airflow/example_dags/example_branch_datetime_operator.py for tasks to queue
[2023-11-25T10:27:21.737+0000] {logging_mixin.py:154} INFO - [2023-11-25T10:27:21.736+0000] {dagbag.py:536} INFO - Filling up the DagBag from /home/airflow/.local/lib/python3.8/site-packages/airflow/example_dags/example_branch_datetime_operator.py
[2023-11-25T10:27:21.749+0000] {processor.py:839} INFO - DAG(s) dict_keys(['example_branch_datetime_operator', 'example_branch_datetime_operator_3', 'example_branch_datetime_operator_2']) retrieved from /home/airflow/.local/lib/python3.8/site-packages/airflow/example_dags/example_branch_datetime_operator.py
[2023-11-25T10:27:21.783+0000] {logging_mixin.py:154} INFO - [2023-11-25T10:27:21.783+0000] {dag.py:2941} INFO - Sync 3 DAGs
[2023-11-25T10:27:21.814+0000] {logging_mixin.py:154} INFO - [2023-11-25T10:27:21.814+0000] {dag.py:3722} INFO - Setting next_dagrun for example_branch_datetime_operator to 2023-11-24T00:00:00+00:00, run_after=2023-11-25T00:00:00+00:00
[2023-11-25T10:27:21.821+0000] {logging_mixin.py:154} INFO - [2023-11-25T10:27:21.821+0000] {dag.py:3722} INFO - Setting next_dagrun for example_branch_datetime_operator_2 to 2023-11-24T00:00:00+00:00, run_after=2023-11-25T00:00:00+00:00
[2023-11-25T10:27:21.827+0000] {logging_mixin.py:154} INFO - [2023-11-25T10:27:21.827+0000] {dag.py:3722} INFO - Setting next_dagrun for example_branch_datetime_operator_3 to 2023-11-24T00:00:00+00:00, run_after=2023-11-25T00:00:00+00:00
[2023-11-25T10:27:21.860+0000] {processor.py:179} INFO - Processing /home/airflow/.local/lib/python3.8/site-packages/airflow/example_dags/example_branch_datetime_operator.py took 0.130 seconds
[2023-11-25T10:27:51.965+0000] {processor.py:157} INFO - Started process (PID=517) to work on /home/airflow/.local/lib/python3.8/site-packages/airflow/example_dags/example_branch_datetime_operator.py
[2023-11-25T10:27:51.965+0000] {processor.py:829} INFO - Processing file /home/airflow/.local/lib/python3.8/site-packages/airflow/example_dags/example_branch_datetime_operator.py for tasks to queue
[2023-11-25T10:27:51.969+0000] {logging_mixin.py:154} INFO - [2023-11-25T10:27:51.968+0000] {dagbag.py:536} INFO - Filling up the DagBag from /home/airflow/.local/lib/python3.8/site-packages/airflow/example_dags/example_branch_datetime_operator.py
[2023-11-25T10:27:51.986+0000] {processor.py:839} INFO - DAG(s) dict_keys(['example_branch_datetime_operator', 'example_branch_datetime_operator_2', 'example_branch_datetime_operator_3']) retrieved from /home/airflow/.local/lib/python3.8/site-packages/airflow/example_dags/example_branch_datetime_operator.py
[2023-11-25T10:27:52.029+0000] {logging_mixin.py:154} INFO - [2023-11-25T10:27:52.029+0000] {dag.py:2941} INFO - Sync 3 DAGs
[2023-11-25T10:27:52.069+0000] {logging_mixin.py:154} INFO - [2023-11-25T10:27:52.068+0000] {dag.py:3722} INFO - Setting next_dagrun for example_branch_datetime_operator to 2023-11-24T00:00:00+00:00, run_after=2023-11-25T00:00:00+00:00
[2023-11-25T10:27:52.076+0000] {logging_mixin.py:154} INFO - [2023-11-25T10:27:52.076+0000] {dag.py:3722} INFO - Setting next_dagrun for example_branch_datetime_operator_2 to 2023-11-24T00:00:00+00:00, run_after=2023-11-25T00:00:00+00:00
[2023-11-25T10:27:52.082+0000] {logging_mixin.py:154} INFO - [2023-11-25T10:27:52.081+0000] {dag.py:3722} INFO - Setting next_dagrun for example_branch_datetime_operator_3 to 2023-11-24T00:00:00+00:00, run_after=2023-11-25T00:00:00+00:00
[2023-11-25T10:27:52.114+0000] {processor.py:179} INFO - Processing /home/airflow/.local/lib/python3.8/site-packages/airflow/example_dags/example_branch_datetime_operator.py took 0.154 seconds
[2023-11-25T10:28:22.381+0000] {processor.py:157} INFO - Started process (PID=571) to work on /home/airflow/.local/lib/python3.8/site-packages/airflow/example_dags/example_branch_datetime_operator.py
[2023-11-25T10:28:22.382+0000] {processor.py:829} INFO - Processing file /home/airflow/.local/lib/python3.8/site-packages/airflow/example_dags/example_branch_datetime_operator.py for tasks to queue
[2023-11-25T10:28:22.385+0000] {logging_mixin.py:154} INFO - [2023-11-25T10:28:22.385+0000] {dagbag.py:536} INFO - Filling up the DagBag from /home/airflow/.local/lib/python3.8/site-packages/airflow/example_dags/example_branch_datetime_operator.py
[2023-11-25T10:28:22.403+0000] {processor.py:839} INFO - DAG(s) dict_keys(['example_branch_datetime_operator_2', 'example_branch_datetime_operator_3', 'example_branch_datetime_operator']) retrieved from /home/airflow/.local/lib/python3.8/site-packages/airflow/example_dags/example_branch_datetime_operator.py
[2023-11-25T10:28:22.459+0000] {logging_mixin.py:154} INFO - [2023-11-25T10:28:22.458+0000] {dag.py:2941} INFO - Sync 3 DAGs
[2023-11-25T10:28:22.496+0000] {logging_mixin.py:154} INFO - [2023-11-25T10:28:22.496+0000] {dag.py:3722} INFO - Setting next_dagrun for example_branch_datetime_operator to 2023-11-24T00:00:00+00:00, run_after=2023-11-25T00:00:00+00:00
[2023-11-25T10:28:22.507+0000] {logging_mixin.py:154} INFO - [2023-11-25T10:28:22.507+0000] {dag.py:3722} INFO - Setting next_dagrun for example_branch_datetime_operator_2 to 2023-11-24T00:00:00+00:00, run_after=2023-11-25T00:00:00+00:00
[2023-11-25T10:28:22.511+0000] {logging_mixin.py:154} INFO - [2023-11-25T10:28:22.511+0000] {dag.py:3722} INFO - Setting next_dagrun for example_branch_datetime_operator_3 to 2023-11-24T00:00:00+00:00, run_after=2023-11-25T00:00:00+00:00
[2023-11-25T10:28:22.555+0000] {processor.py:179} INFO - Processing /home/airflow/.local/lib/python3.8/site-packages/airflow/example_dags/example_branch_datetime_operator.py took 0.179 seconds
[2023-11-25T10:28:52.850+0000] {processor.py:157} INFO - Started process (PID=624) to work on /home/airflow/.local/lib/python3.8/site-packages/airflow/example_dags/example_branch_datetime_operator.py
[2023-11-25T10:28:52.852+0000] {processor.py:829} INFO - Processing file /home/airflow/.local/lib/python3.8/site-packages/airflow/example_dags/example_branch_datetime_operator.py for tasks to queue
[2023-11-25T10:28:52.855+0000] {logging_mixin.py:154} INFO - [2023-11-25T10:28:52.855+0000] {dagbag.py:536} INFO - Filling up the DagBag from /home/airflow/.local/lib/python3.8/site-packages/airflow/example_dags/example_branch_datetime_operator.py
[2023-11-25T10:28:52.874+0000] {processor.py:839} INFO - DAG(s) dict_keys(['example_branch_datetime_operator_3', 'example_branch_datetime_operator', 'example_branch_datetime_operator_2']) retrieved from /home/airflow/.local/lib/python3.8/site-packages/airflow/example_dags/example_branch_datetime_operator.py
[2023-11-25T10:28:52.916+0000] {logging_mixin.py:154} INFO - [2023-11-25T10:28:52.916+0000] {dag.py:2941} INFO - Sync 3 DAGs
[2023-11-25T10:28:52.952+0000] {logging_mixin.py:154} INFO - [2023-11-25T10:28:52.952+0000] {dag.py:3722} INFO - Setting next_dagrun for example_branch_datetime_operator to 2023-11-24T00:00:00+00:00, run_after=2023-11-25T00:00:00+00:00
[2023-11-25T10:28:52.961+0000] {logging_mixin.py:154} INFO - [2023-11-25T10:28:52.960+0000] {dag.py:3722} INFO - Setting next_dagrun for example_branch_datetime_operator_2 to 2023-11-24T00:00:00+00:00, run_after=2023-11-25T00:00:00+00:00
[2023-11-25T10:28:52.966+0000] {logging_mixin.py:154} INFO - [2023-11-25T10:28:52.965+0000] {dag.py:3722} INFO - Setting next_dagrun for example_branch_datetime_operator_3 to 2023-11-24T00:00:00+00:00, run_after=2023-11-25T00:00:00+00:00
[2023-11-25T10:28:52.992+0000] {processor.py:179} INFO - Processing /home/airflow/.local/lib/python3.8/site-packages/airflow/example_dags/example_branch_datetime_operator.py took 0.146 seconds
[2023-11-25T10:29:23.250+0000] {processor.py:157} INFO - Started process (PID=678) to work on /home/airflow/.local/lib/python3.8/site-packages/airflow/example_dags/example_branch_datetime_operator.py
[2023-11-25T10:29:23.251+0000] {processor.py:829} INFO - Processing file /home/airflow/.local/lib/python3.8/site-packages/airflow/example_dags/example_branch_datetime_operator.py for tasks to queue
[2023-11-25T10:29:23.253+0000] {logging_mixin.py:154} INFO - [2023-11-25T10:29:23.253+0000] {dagbag.py:536} INFO - Filling up the DagBag from /home/airflow/.local/lib/python3.8/site-packages/airflow/example_dags/example_branch_datetime_operator.py
[2023-11-25T10:29:23.263+0000] {processor.py:839} INFO - DAG(s) dict_keys(['example_branch_datetime_operator', 'example_branch_datetime_operator_2', 'example_branch_datetime_operator_3']) retrieved from /home/airflow/.local/lib/python3.8/site-packages/airflow/example_dags/example_branch_datetime_operator.py
[2023-11-25T10:29:23.299+0000] {logging_mixin.py:154} INFO - [2023-11-25T10:29:23.299+0000] {dag.py:2941} INFO - Sync 3 DAGs
[2023-11-25T10:29:23.332+0000] {logging_mixin.py:154} INFO - [2023-11-25T10:29:23.332+0000] {dag.py:3722} INFO - Setting next_dagrun for example_branch_datetime_operator to 2023-11-24T00:00:00+00:00, run_after=2023-11-25T00:00:00+00:00
[2023-11-25T10:29:23.337+0000] {logging_mixin.py:154} INFO - [2023-11-25T10:29:23.337+0000] {dag.py:3722} INFO - Setting next_dagrun for example_branch_datetime_operator_2 to 2023-11-24T00:00:00+00:00, run_after=2023-11-25T00:00:00+00:00
[2023-11-25T10:29:23.340+0000] {logging_mixin.py:154} INFO - [2023-11-25T10:29:23.340+0000] {dag.py:3722} INFO - Setting next_dagrun for example_branch_datetime_operator_3 to 2023-11-24T00:00:00+00:00, run_after=2023-11-25T00:00:00+00:00
[2023-11-25T10:29:23.358+0000] {processor.py:179} INFO - Processing /home/airflow/.local/lib/python3.8/site-packages/airflow/example_dags/example_branch_datetime_operator.py took 0.112 seconds
[2023-11-25T10:29:53.481+0000] {processor.py:157} INFO - Started process (PID=732) to work on /home/airflow/.local/lib/python3.8/site-packages/airflow/example_dags/example_branch_datetime_operator.py
[2023-11-25T10:29:53.482+0000] {processor.py:829} INFO - Processing file /home/airflow/.local/lib/python3.8/site-packages/airflow/example_dags/example_branch_datetime_operator.py for tasks to queue
[2023-11-25T10:29:53.485+0000] {logging_mixin.py:154} INFO - [2023-11-25T10:29:53.484+0000] {dagbag.py:536} INFO - Filling up the DagBag from /home/airflow/.local/lib/python3.8/site-packages/airflow/example_dags/example_branch_datetime_operator.py
[2023-11-25T10:29:53.497+0000] {processor.py:839} INFO - DAG(s) dict_keys(['example_branch_datetime_operator_3', 'example_branch_datetime_operator', 'example_branch_datetime_operator_2']) retrieved from /home/airflow/.local/lib/python3.8/site-packages/airflow/example_dags/example_branch_datetime_operator.py
[2023-11-25T10:29:53.534+0000] {logging_mixin.py:154} INFO - [2023-11-25T10:29:53.534+0000] {dag.py:2941} INFO - Sync 3 DAGs
[2023-11-25T10:29:53.567+0000] {logging_mixin.py:154} INFO - [2023-11-25T10:29:53.567+0000] {dag.py:3722} INFO - Setting next_dagrun for example_branch_datetime_operator to 2023-11-24T00:00:00+00:00, run_after=2023-11-25T00:00:00+00:00
[2023-11-25T10:29:53.573+0000] {logging_mixin.py:154} INFO - [2023-11-25T10:29:53.573+0000] {dag.py:3722} INFO - Setting next_dagrun for example_branch_datetime_operator_2 to 2023-11-24T00:00:00+00:00, run_after=2023-11-25T00:00:00+00:00
[2023-11-25T10:29:53.576+0000] {logging_mixin.py:154} INFO - [2023-11-25T10:29:53.576+0000] {dag.py:3722} INFO - Setting next_dagrun for example_branch_datetime_operator_3 to 2023-11-24T00:00:00+00:00, run_after=2023-11-25T00:00:00+00:00
[2023-11-25T10:29:53.608+0000] {processor.py:179} INFO - Processing /home/airflow/.local/lib/python3.8/site-packages/airflow/example_dags/example_branch_datetime_operator.py took 0.130 seconds
[2023-11-25T10:30:24.391+0000] {processor.py:157} INFO - Started process (PID=786) to work on /home/airflow/.local/lib/python3.8/site-packages/airflow/example_dags/example_branch_datetime_operator.py
[2023-11-25T10:30:24.392+0000] {processor.py:829} INFO - Processing file /home/airflow/.local/lib/python3.8/site-packages/airflow/example_dags/example_branch_datetime_operator.py for tasks to queue
[2023-11-25T10:30:24.394+0000] {logging_mixin.py:154} INFO - [2023-11-25T10:30:24.394+0000] {dagbag.py:536} INFO - Filling up the DagBag from /home/airflow/.local/lib/python3.8/site-packages/airflow/example_dags/example_branch_datetime_operator.py
[2023-11-25T10:30:24.406+0000] {processor.py:839} INFO - DAG(s) dict_keys(['example_branch_datetime_operator_3', 'example_branch_datetime_operator', 'example_branch_datetime_operator_2']) retrieved from /home/airflow/.local/lib/python3.8/site-packages/airflow/example_dags/example_branch_datetime_operator.py
[2023-11-25T10:30:24.443+0000] {logging_mixin.py:154} INFO - [2023-11-25T10:30:24.442+0000] {dag.py:2941} INFO - Sync 3 DAGs
[2023-11-25T10:30:24.476+0000] {logging_mixin.py:154} INFO - [2023-11-25T10:30:24.476+0000] {dag.py:3722} INFO - Setting next_dagrun for example_branch_datetime_operator to 2023-11-24T00:00:00+00:00, run_after=2023-11-25T00:00:00+00:00
[2023-11-25T10:30:24.482+0000] {logging_mixin.py:154} INFO - [2023-11-25T10:30:24.481+0000] {dag.py:3722} INFO - Setting next_dagrun for example_branch_datetime_operator_2 to 2023-11-24T00:00:00+00:00, run_after=2023-11-25T00:00:00+00:00
[2023-11-25T10:30:24.484+0000] {logging_mixin.py:154} INFO - [2023-11-25T10:30:24.484+0000] {dag.py:3722} INFO - Setting next_dagrun for example_branch_datetime_operator_3 to 2023-11-24T00:00:00+00:00, run_after=2023-11-25T00:00:00+00:00
[2023-11-25T10:30:24.504+0000] {processor.py:179} INFO - Processing /home/airflow/.local/lib/python3.8/site-packages/airflow/example_dags/example_branch_datetime_operator.py took 0.116 seconds
[2023-11-25T10:30:54.983+0000] {processor.py:157} INFO - Started process (PID=840) to work on /home/airflow/.local/lib/python3.8/site-packages/airflow/example_dags/example_branch_datetime_operator.py
[2023-11-25T10:30:54.984+0000] {processor.py:829} INFO - Processing file /home/airflow/.local/lib/python3.8/site-packages/airflow/example_dags/example_branch_datetime_operator.py for tasks to queue
[2023-11-25T10:30:54.987+0000] {logging_mixin.py:154} INFO - [2023-11-25T10:30:54.986+0000] {dagbag.py:536} INFO - Filling up the DagBag from /home/airflow/.local/lib/python3.8/site-packages/airflow/example_dags/example_branch_datetime_operator.py
[2023-11-25T10:30:55.003+0000] {processor.py:839} INFO - DAG(s) dict_keys(['example_branch_datetime_operator_2', 'example_branch_datetime_operator', 'example_branch_datetime_operator_3']) retrieved from /home/airflow/.local/lib/python3.8/site-packages/airflow/example_dags/example_branch_datetime_operator.py
[2023-11-25T10:30:55.042+0000] {logging_mixin.py:154} INFO - [2023-11-25T10:30:55.042+0000] {dag.py:2941} INFO - Sync 3 DAGs
[2023-11-25T10:30:55.076+0000] {logging_mixin.py:154} INFO - [2023-11-25T10:30:55.076+0000] {dag.py:3722} INFO - Setting next_dagrun for example_branch_datetime_operator to 2023-11-24T00:00:00+00:00, run_after=2023-11-25T00:00:00+00:00
[2023-11-25T10:30:55.084+0000] {logging_mixin.py:154} INFO - [2023-11-25T10:30:55.083+0000] {dag.py:3722} INFO - Setting next_dagrun for example_branch_datetime_operator_2 to 2023-11-24T00:00:00+00:00, run_after=2023-11-25T00:00:00+00:00
[2023-11-25T10:30:55.088+0000] {logging_mixin.py:154} INFO - [2023-11-25T10:30:55.088+0000] {dag.py:3722} INFO - Setting next_dagrun for example_branch_datetime_operator_3 to 2023-11-24T00:00:00+00:00, run_after=2023-11-25T00:00:00+00:00
[2023-11-25T10:30:55.115+0000] {processor.py:179} INFO - Processing /home/airflow/.local/lib/python3.8/site-packages/airflow/example_dags/example_branch_datetime_operator.py took 0.138 seconds
[2023-11-25T10:31:25.371+0000] {processor.py:157} INFO - Started process (PID=894) to work on /home/airflow/.local/lib/python3.8/site-packages/airflow/example_dags/example_branch_datetime_operator.py
[2023-11-25T10:31:25.372+0000] {processor.py:829} INFO - Processing file /home/airflow/.local/lib/python3.8/site-packages/airflow/example_dags/example_branch_datetime_operator.py for tasks to queue
[2023-11-25T10:31:25.375+0000] {logging_mixin.py:154} INFO - [2023-11-25T10:31:25.375+0000] {dagbag.py:536} INFO - Filling up the DagBag from /home/airflow/.local/lib/python3.8/site-packages/airflow/example_dags/example_branch_datetime_operator.py
[2023-11-25T10:31:25.393+0000] {processor.py:839} INFO - DAG(s) dict_keys(['example_branch_datetime_operator', 'example_branch_datetime_operator_3', 'example_branch_datetime_operator_2']) retrieved from /home/airflow/.local/lib/python3.8/site-packages/airflow/example_dags/example_branch_datetime_operator.py
[2023-11-25T10:31:25.435+0000] {logging_mixin.py:154} INFO - [2023-11-25T10:31:25.435+0000] {dag.py:2941} INFO - Sync 3 DAGs
[2023-11-25T10:31:25.475+0000] {logging_mixin.py:154} INFO - [2023-11-25T10:31:25.475+0000] {dag.py:3722} INFO - Setting next_dagrun for example_branch_datetime_operator to 2023-11-24T00:00:00+00:00, run_after=2023-11-25T00:00:00+00:00
[2023-11-25T10:31:25.482+0000] {logging_mixin.py:154} INFO - [2023-11-25T10:31:25.482+0000] {dag.py:3722} INFO - Setting next_dagrun for example_branch_datetime_operator_2 to 2023-11-24T00:00:00+00:00, run_after=2023-11-25T00:00:00+00:00
[2023-11-25T10:31:25.487+0000] {logging_mixin.py:154} INFO - [2023-11-25T10:31:25.487+0000] {dag.py:3722} INFO - Setting next_dagrun for example_branch_datetime_operator_3 to 2023-11-24T00:00:00+00:00, run_after=2023-11-25T00:00:00+00:00
[2023-11-25T10:31:25.510+0000] {processor.py:179} INFO - Processing /home/airflow/.local/lib/python3.8/site-packages/airflow/example_dags/example_branch_datetime_operator.py took 0.143 seconds
[2023-11-25T10:31:55.536+0000] {processor.py:157} INFO - Started process (PID=946) to work on /home/airflow/.local/lib/python3.8/site-packages/airflow/example_dags/example_branch_datetime_operator.py
[2023-11-25T10:31:55.537+0000] {processor.py:829} INFO - Processing file /home/airflow/.local/lib/python3.8/site-packages/airflow/example_dags/example_branch_datetime_operator.py for tasks to queue
[2023-11-25T10:31:55.539+0000] {logging_mixin.py:154} INFO - [2023-11-25T10:31:55.539+0000] {dagbag.py:536} INFO - Filling up the DagBag from /home/airflow/.local/lib/python3.8/site-packages/airflow/example_dags/example_branch_datetime_operator.py
[2023-11-25T10:31:55.550+0000] {processor.py:839} INFO - DAG(s) dict_keys(['example_branch_datetime_operator_2', 'example_branch_datetime_operator_3', 'example_branch_datetime_operator']) retrieved from /home/airflow/.local/lib/python3.8/site-packages/airflow/example_dags/example_branch_datetime_operator.py
[2023-11-25T10:31:55.579+0000] {logging_mixin.py:154} INFO - [2023-11-25T10:31:55.579+0000] {dag.py:2941} INFO - Sync 3 DAGs
[2023-11-25T10:31:55.606+0000] {logging_mixin.py:154} INFO - [2023-11-25T10:31:55.605+0000] {dag.py:3722} INFO - Setting next_dagrun for example_branch_datetime_operator to 2023-11-24T00:00:00+00:00, run_after=2023-11-25T00:00:00+00:00
[2023-11-25T10:31:55.612+0000] {logging_mixin.py:154} INFO - [2023-11-25T10:31:55.612+0000] {dag.py:3722} INFO - Setting next_dagrun for example_branch_datetime_operator_2 to 2023-11-24T00:00:00+00:00, run_after=2023-11-25T00:00:00+00:00
[2023-11-25T10:31:55.615+0000] {logging_mixin.py:154} INFO - [2023-11-25T10:31:55.615+0000] {dag.py:3722} INFO - Setting next_dagrun for example_branch_datetime_operator_3 to 2023-11-24T00:00:00+00:00, run_after=2023-11-25T00:00:00+00:00
[2023-11-25T10:31:55.633+0000] {processor.py:179} INFO - Processing /home/airflow/.local/lib/python3.8/site-packages/airflow/example_dags/example_branch_datetime_operator.py took 0.100 seconds
[2023-11-25T10:32:25.749+0000] {processor.py:157} INFO - Started process (PID=1000) to work on /home/airflow/.local/lib/python3.8/site-packages/airflow/example_dags/example_branch_datetime_operator.py
[2023-11-25T10:32:25.751+0000] {processor.py:829} INFO - Processing file /home/airflow/.local/lib/python3.8/site-packages/airflow/example_dags/example_branch_datetime_operator.py for tasks to queue
[2023-11-25T10:32:25.754+0000] {logging_mixin.py:154} INFO - [2023-11-25T10:32:25.753+0000] {dagbag.py:536} INFO - Filling up the DagBag from /home/airflow/.local/lib/python3.8/site-packages/airflow/example_dags/example_branch_datetime_operator.py
[2023-11-25T10:32:25.767+0000] {processor.py:839} INFO - DAG(s) dict_keys(['example_branch_datetime_operator_3', 'example_branch_datetime_operator_2', 'example_branch_datetime_operator']) retrieved from /home/airflow/.local/lib/python3.8/site-packages/airflow/example_dags/example_branch_datetime_operator.py
[2023-11-25T10:32:25.804+0000] {logging_mixin.py:154} INFO - [2023-11-25T10:32:25.804+0000] {dag.py:2941} INFO - Sync 3 DAGs
[2023-11-25T10:32:25.835+0000] {logging_mixin.py:154} INFO - [2023-11-25T10:32:25.835+0000] {dag.py:3722} INFO - Setting next_dagrun for example_branch_datetime_operator to 2023-11-24T00:00:00+00:00, run_after=2023-11-25T00:00:00+00:00
[2023-11-25T10:32:25.843+0000] {logging_mixin.py:154} INFO - [2023-11-25T10:32:25.843+0000] {dag.py:3722} INFO - Setting next_dagrun for example_branch_datetime_operator_2 to 2023-11-24T00:00:00+00:00, run_after=2023-11-25T00:00:00+00:00
[2023-11-25T10:32:25.846+0000] {logging_mixin.py:154} INFO - [2023-11-25T10:32:25.846+0000] {dag.py:3722} INFO - Setting next_dagrun for example_branch_datetime_operator_3 to 2023-11-24T00:00:00+00:00, run_after=2023-11-25T00:00:00+00:00
[2023-11-25T10:32:25.867+0000] {processor.py:179} INFO - Processing /home/airflow/.local/lib/python3.8/site-packages/airflow/example_dags/example_branch_datetime_operator.py took 0.123 seconds
[2023-11-25T10:32:56.101+0000] {processor.py:157} INFO - Started process (PID=1054) to work on /home/airflow/.local/lib/python3.8/site-packages/airflow/example_dags/example_branch_datetime_operator.py
[2023-11-25T10:32:56.102+0000] {processor.py:829} INFO - Processing file /home/airflow/.local/lib/python3.8/site-packages/airflow/example_dags/example_branch_datetime_operator.py for tasks to queue
[2023-11-25T10:32:56.106+0000] {logging_mixin.py:154} INFO - [2023-11-25T10:32:56.106+0000] {dagbag.py:536} INFO - Filling up the DagBag from /home/airflow/.local/lib/python3.8/site-packages/airflow/example_dags/example_branch_datetime_operator.py
[2023-11-25T10:32:56.119+0000] {processor.py:839} INFO - DAG(s) dict_keys(['example_branch_datetime_operator', 'example_branch_datetime_operator_2', 'example_branch_datetime_operator_3']) retrieved from /home/airflow/.local/lib/python3.8/site-packages/airflow/example_dags/example_branch_datetime_operator.py
[2023-11-25T10:32:56.155+0000] {logging_mixin.py:154} INFO - [2023-11-25T10:32:56.154+0000] {dag.py:2941} INFO - Sync 3 DAGs
[2023-11-25T10:32:56.185+0000] {logging_mixin.py:154} INFO - [2023-11-25T10:32:56.184+0000] {dag.py:3722} INFO - Setting next_dagrun for example_branch_datetime_operator to 2023-11-24T00:00:00+00:00, run_after=2023-11-25T00:00:00+00:00
[2023-11-25T10:32:56.194+0000] {logging_mixin.py:154} INFO - [2023-11-25T10:32:56.194+0000] {dag.py:3722} INFO - Setting next_dagrun for example_branch_datetime_operator_2 to 2023-11-24T00:00:00+00:00, run_after=2023-11-25T00:00:00+00:00
[2023-11-25T10:32:56.198+0000] {logging_mixin.py:154} INFO - [2023-11-25T10:32:56.197+0000] {dag.py:3722} INFO - Setting next_dagrun for example_branch_datetime_operator_3 to 2023-11-24T00:00:00+00:00, run_after=2023-11-25T00:00:00+00:00
[2023-11-25T10:32:56.216+0000] {processor.py:179} INFO - Processing /home/airflow/.local/lib/python3.8/site-packages/airflow/example_dags/example_branch_datetime_operator.py took 0.119 seconds
[2023-11-25T10:33:26.727+0000] {processor.py:157} INFO - Started process (PID=1108) to work on /home/airflow/.local/lib/python3.8/site-packages/airflow/example_dags/example_branch_datetime_operator.py
[2023-11-25T10:33:26.728+0000] {processor.py:829} INFO - Processing file /home/airflow/.local/lib/python3.8/site-packages/airflow/example_dags/example_branch_datetime_operator.py for tasks to queue
[2023-11-25T10:33:26.731+0000] {logging_mixin.py:154} INFO - [2023-11-25T10:33:26.730+0000] {dagbag.py:536} INFO - Filling up the DagBag from /home/airflow/.local/lib/python3.8/site-packages/airflow/example_dags/example_branch_datetime_operator.py
[2023-11-25T10:33:26.741+0000] {processor.py:839} INFO - DAG(s) dict_keys(['example_branch_datetime_operator', 'example_branch_datetime_operator_2', 'example_branch_datetime_operator_3']) retrieved from /home/airflow/.local/lib/python3.8/site-packages/airflow/example_dags/example_branch_datetime_operator.py
[2023-11-25T10:33:26.765+0000] {logging_mixin.py:154} INFO - [2023-11-25T10:33:26.765+0000] {dag.py:2941} INFO - Sync 3 DAGs
[2023-11-25T10:33:26.789+0000] {logging_mixin.py:154} INFO - [2023-11-25T10:33:26.789+0000] {dag.py:3722} INFO - Setting next_dagrun for example_branch_datetime_operator to 2023-11-24T00:00:00+00:00, run_after=2023-11-25T00:00:00+00:00
[2023-11-25T10:33:26.793+0000] {logging_mixin.py:154} INFO - [2023-11-25T10:33:26.793+0000] {dag.py:3722} INFO - Setting next_dagrun for example_branch_datetime_operator_2 to 2023-11-24T00:00:00+00:00, run_after=2023-11-25T00:00:00+00:00
[2023-11-25T10:33:26.796+0000] {logging_mixin.py:154} INFO - [2023-11-25T10:33:26.796+0000] {dag.py:3722} INFO - Setting next_dagrun for example_branch_datetime_operator_3 to 2023-11-24T00:00:00+00:00, run_after=2023-11-25T00:00:00+00:00
[2023-11-25T10:33:26.810+0000] {processor.py:179} INFO - Processing /home/airflow/.local/lib/python3.8/site-packages/airflow/example_dags/example_branch_datetime_operator.py took 0.089 seconds
[2023-11-25T10:33:57.155+0000] {processor.py:157} INFO - Started process (PID=1162) to work on /home/airflow/.local/lib/python3.8/site-packages/airflow/example_dags/example_branch_datetime_operator.py
[2023-11-25T10:33:57.157+0000] {processor.py:829} INFO - Processing file /home/airflow/.local/lib/python3.8/site-packages/airflow/example_dags/example_branch_datetime_operator.py for tasks to queue
[2023-11-25T10:33:57.161+0000] {logging_mixin.py:154} INFO - [2023-11-25T10:33:57.161+0000] {dagbag.py:536} INFO - Filling up the DagBag from /home/airflow/.local/lib/python3.8/site-packages/airflow/example_dags/example_branch_datetime_operator.py
[2023-11-25T10:33:57.179+0000] {processor.py:839} INFO - DAG(s) dict_keys(['example_branch_datetime_operator', 'example_branch_datetime_operator_2', 'example_branch_datetime_operator_3']) retrieved from /home/airflow/.local/lib/python3.8/site-packages/airflow/example_dags/example_branch_datetime_operator.py
[2023-11-25T10:33:57.208+0000] {logging_mixin.py:154} INFO - [2023-11-25T10:33:57.208+0000] {dag.py:2941} INFO - Sync 3 DAGs
[2023-11-25T10:33:57.371+0000] {logging_mixin.py:154} INFO - [2023-11-25T10:33:57.371+0000] {dag.py:3722} INFO - Setting next_dagrun for example_branch_datetime_operator to 2023-11-24T00:00:00+00:00, run_after=2023-11-25T00:00:00+00:00
[2023-11-25T10:33:57.376+0000] {logging_mixin.py:154} INFO - [2023-11-25T10:33:57.376+0000] {dag.py:3722} INFO - Setting next_dagrun for example_branch_datetime_operator_2 to 2023-11-24T00:00:00+00:00, run_after=2023-11-25T00:00:00+00:00
[2023-11-25T10:33:57.379+0000] {logging_mixin.py:154} INFO - [2023-11-25T10:33:57.379+0000] {dag.py:3722} INFO - Setting next_dagrun for example_branch_datetime_operator_3 to 2023-11-24T00:00:00+00:00, run_after=2023-11-25T00:00:00+00:00
[2023-11-25T10:33:57.393+0000] {processor.py:179} INFO - Processing /home/airflow/.local/lib/python3.8/site-packages/airflow/example_dags/example_branch_datetime_operator.py took 0.246 seconds
[2023-11-25T10:34:27.490+0000] {processor.py:157} INFO - Started process (PID=1215) to work on /home/airflow/.local/lib/python3.8/site-packages/airflow/example_dags/example_branch_datetime_operator.py
[2023-11-25T10:34:27.491+0000] {processor.py:829} INFO - Processing file /home/airflow/.local/lib/python3.8/site-packages/airflow/example_dags/example_branch_datetime_operator.py for tasks to queue
[2023-11-25T10:34:27.493+0000] {logging_mixin.py:154} INFO - [2023-11-25T10:34:27.493+0000] {dagbag.py:536} INFO - Filling up the DagBag from /home/airflow/.local/lib/python3.8/site-packages/airflow/example_dags/example_branch_datetime_operator.py
[2023-11-25T10:34:27.505+0000] {processor.py:839} INFO - DAG(s) dict_keys(['example_branch_datetime_operator', 'example_branch_datetime_operator_3', 'example_branch_datetime_operator_2']) retrieved from /home/airflow/.local/lib/python3.8/site-packages/airflow/example_dags/example_branch_datetime_operator.py
[2023-11-25T10:34:27.542+0000] {logging_mixin.py:154} INFO - [2023-11-25T10:34:27.542+0000] {dag.py:2941} INFO - Sync 3 DAGs
[2023-11-25T10:34:27.568+0000] {logging_mixin.py:154} INFO - [2023-11-25T10:34:27.568+0000] {dag.py:3722} INFO - Setting next_dagrun for example_branch_datetime_operator to 2023-11-24T00:00:00+00:00, run_after=2023-11-25T00:00:00+00:00
[2023-11-25T10:34:27.574+0000] {logging_mixin.py:154} INFO - [2023-11-25T10:34:27.574+0000] {dag.py:3722} INFO - Setting next_dagrun for example_branch_datetime_operator_2 to 2023-11-24T00:00:00+00:00, run_after=2023-11-25T00:00:00+00:00
[2023-11-25T10:34:27.577+0000] {logging_mixin.py:154} INFO - [2023-11-25T10:34:27.577+0000] {dag.py:3722} INFO - Setting next_dagrun for example_branch_datetime_operator_3 to 2023-11-24T00:00:00+00:00, run_after=2023-11-25T00:00:00+00:00
[2023-11-25T10:34:27.593+0000] {processor.py:179} INFO - Processing /home/airflow/.local/lib/python3.8/site-packages/airflow/example_dags/example_branch_datetime_operator.py took 0.109 seconds
[2023-11-25T10:34:57.803+0000] {processor.py:157} INFO - Started process (PID=1269) to work on /home/airflow/.local/lib/python3.8/site-packages/airflow/example_dags/example_branch_datetime_operator.py
[2023-11-25T10:34:57.809+0000] {processor.py:829} INFO - Processing file /home/airflow/.local/lib/python3.8/site-packages/airflow/example_dags/example_branch_datetime_operator.py for tasks to queue
[2023-11-25T10:34:57.811+0000] {logging_mixin.py:154} INFO - [2023-11-25T10:34:57.811+0000] {dagbag.py:536} INFO - Filling up the DagBag from /home/airflow/.local/lib/python3.8/site-packages/airflow/example_dags/example_branch_datetime_operator.py
[2023-11-25T10:34:57.824+0000] {processor.py:839} INFO - DAG(s) dict_keys(['example_branch_datetime_operator_2', 'example_branch_datetime_operator_3', 'example_branch_datetime_operator']) retrieved from /home/airflow/.local/lib/python3.8/site-packages/airflow/example_dags/example_branch_datetime_operator.py
[2023-11-25T10:34:57.850+0000] {logging_mixin.py:154} INFO - [2023-11-25T10:34:57.850+0000] {dag.py:2941} INFO - Sync 3 DAGs
[2023-11-25T10:34:57.877+0000] {logging_mixin.py:154} INFO - [2023-11-25T10:34:57.877+0000] {dag.py:3722} INFO - Setting next_dagrun for example_branch_datetime_operator to 2023-11-24T00:00:00+00:00, run_after=2023-11-25T00:00:00+00:00
[2023-11-25T10:34:57.885+0000] {logging_mixin.py:154} INFO - [2023-11-25T10:34:57.885+0000] {dag.py:3722} INFO - Setting next_dagrun for example_branch_datetime_operator_2 to 2023-11-24T00:00:00+00:00, run_after=2023-11-25T00:00:00+00:00
[2023-11-25T10:34:57.890+0000] {logging_mixin.py:154} INFO - [2023-11-25T10:34:57.890+0000] {dag.py:3722} INFO - Setting next_dagrun for example_branch_datetime_operator_3 to 2023-11-24T00:00:00+00:00, run_after=2023-11-25T00:00:00+00:00
[2023-11-25T10:34:57.920+0000] {processor.py:179} INFO - Processing /home/airflow/.local/lib/python3.8/site-packages/airflow/example_dags/example_branch_datetime_operator.py took 0.119 seconds
[2023-11-25T10:35:28.212+0000] {processor.py:157} INFO - Started process (PID=1323) to work on /home/airflow/.local/lib/python3.8/site-packages/airflow/example_dags/example_branch_datetime_operator.py
[2023-11-25T10:35:28.213+0000] {processor.py:829} INFO - Processing file /home/airflow/.local/lib/python3.8/site-packages/airflow/example_dags/example_branch_datetime_operator.py for tasks to queue
[2023-11-25T10:35:28.216+0000] {logging_mixin.py:154} INFO - [2023-11-25T10:35:28.215+0000] {dagbag.py:536} INFO - Filling up the DagBag from /home/airflow/.local/lib/python3.8/site-packages/airflow/example_dags/example_branch_datetime_operator.py
[2023-11-25T10:35:28.231+0000] {processor.py:839} INFO - DAG(s) dict_keys(['example_branch_datetime_operator_2', 'example_branch_datetime_operator', 'example_branch_datetime_operator_3']) retrieved from /home/airflow/.local/lib/python3.8/site-packages/airflow/example_dags/example_branch_datetime_operator.py
[2023-11-25T10:35:28.273+0000] {logging_mixin.py:154} INFO - [2023-11-25T10:35:28.273+0000] {dag.py:2941} INFO - Sync 3 DAGs
[2023-11-25T10:35:28.454+0000] {logging_mixin.py:154} INFO - [2023-11-25T10:35:28.454+0000] {dag.py:3722} INFO - Setting next_dagrun for example_branch_datetime_operator to 2023-11-24T00:00:00+00:00, run_after=2023-11-25T00:00:00+00:00
[2023-11-25T10:35:28.461+0000] {logging_mixin.py:154} INFO - [2023-11-25T10:35:28.461+0000] {dag.py:3722} INFO - Setting next_dagrun for example_branch_datetime_operator_2 to 2023-11-24T00:00:00+00:00, run_after=2023-11-25T00:00:00+00:00
[2023-11-25T10:35:28.465+0000] {logging_mixin.py:154} INFO - [2023-11-25T10:35:28.465+0000] {dag.py:3722} INFO - Setting next_dagrun for example_branch_datetime_operator_3 to 2023-11-24T00:00:00+00:00, run_after=2023-11-25T00:00:00+00:00
[2023-11-25T10:35:28.485+0000] {processor.py:179} INFO - Processing /home/airflow/.local/lib/python3.8/site-packages/airflow/example_dags/example_branch_datetime_operator.py took 0.278 seconds
[2023-11-25T10:35:58.569+0000] {processor.py:157} INFO - Started process (PID=1377) to work on /home/airflow/.local/lib/python3.8/site-packages/airflow/example_dags/example_branch_datetime_operator.py
[2023-11-25T10:35:58.570+0000] {processor.py:829} INFO - Processing file /home/airflow/.local/lib/python3.8/site-packages/airflow/example_dags/example_branch_datetime_operator.py for tasks to queue
[2023-11-25T10:35:58.572+0000] {logging_mixin.py:154} INFO - [2023-11-25T10:35:58.572+0000] {dagbag.py:536} INFO - Filling up the DagBag from /home/airflow/.local/lib/python3.8/site-packages/airflow/example_dags/example_branch_datetime_operator.py
[2023-11-25T10:35:58.588+0000] {processor.py:839} INFO - DAG(s) dict_keys(['example_branch_datetime_operator', 'example_branch_datetime_operator_2', 'example_branch_datetime_operator_3']) retrieved from /home/airflow/.local/lib/python3.8/site-packages/airflow/example_dags/example_branch_datetime_operator.py
[2023-11-25T10:35:58.628+0000] {logging_mixin.py:154} INFO - [2023-11-25T10:35:58.627+0000] {dag.py:2941} INFO - Sync 3 DAGs
[2023-11-25T10:35:58.666+0000] {logging_mixin.py:154} INFO - [2023-11-25T10:35:58.666+0000] {dag.py:3722} INFO - Setting next_dagrun for example_branch_datetime_operator to 2023-11-24T00:00:00+00:00, run_after=2023-11-25T00:00:00+00:00
[2023-11-25T10:35:58.675+0000] {logging_mixin.py:154} INFO - [2023-11-25T10:35:58.675+0000] {dag.py:3722} INFO - Setting next_dagrun for example_branch_datetime_operator_2 to 2023-11-24T00:00:00+00:00, run_after=2023-11-25T00:00:00+00:00
[2023-11-25T10:35:58.681+0000] {logging_mixin.py:154} INFO - [2023-11-25T10:35:58.680+0000] {dag.py:3722} INFO - Setting next_dagrun for example_branch_datetime_operator_3 to 2023-11-24T00:00:00+00:00, run_after=2023-11-25T00:00:00+00:00
[2023-11-25T10:35:58.707+0000] {processor.py:179} INFO - Processing /home/airflow/.local/lib/python3.8/site-packages/airflow/example_dags/example_branch_datetime_operator.py took 0.142 seconds
[2023-11-25T10:36:29.104+0000] {processor.py:157} INFO - Started process (PID=1431) to work on /home/airflow/.local/lib/python3.8/site-packages/airflow/example_dags/example_branch_datetime_operator.py
[2023-11-25T10:36:29.105+0000] {processor.py:829} INFO - Processing file /home/airflow/.local/lib/python3.8/site-packages/airflow/example_dags/example_branch_datetime_operator.py for tasks to queue
[2023-11-25T10:36:29.108+0000] {logging_mixin.py:154} INFO - [2023-11-25T10:36:29.108+0000] {dagbag.py:536} INFO - Filling up the DagBag from /home/airflow/.local/lib/python3.8/site-packages/airflow/example_dags/example_branch_datetime_operator.py
[2023-11-25T10:36:29.123+0000] {processor.py:839} INFO - DAG(s) dict_keys(['example_branch_datetime_operator_2', 'example_branch_datetime_operator_3', 'example_branch_datetime_operator']) retrieved from /home/airflow/.local/lib/python3.8/site-packages/airflow/example_dags/example_branch_datetime_operator.py
[2023-11-25T10:36:29.338+0000] {logging_mixin.py:154} INFO - [2023-11-25T10:36:29.338+0000] {dag.py:2941} INFO - Sync 3 DAGs
[2023-11-25T10:36:29.363+0000] {logging_mixin.py:154} INFO - [2023-11-25T10:36:29.363+0000] {dag.py:3722} INFO - Setting next_dagrun for example_branch_datetime_operator to 2023-11-24T00:00:00+00:00, run_after=2023-11-25T00:00:00+00:00
[2023-11-25T10:36:29.369+0000] {logging_mixin.py:154} INFO - [2023-11-25T10:36:29.369+0000] {dag.py:3722} INFO - Setting next_dagrun for example_branch_datetime_operator_2 to 2023-11-24T00:00:00+00:00, run_after=2023-11-25T00:00:00+00:00
[2023-11-25T10:36:29.372+0000] {logging_mixin.py:154} INFO - [2023-11-25T10:36:29.371+0000] {dag.py:3722} INFO - Setting next_dagrun for example_branch_datetime_operator_3 to 2023-11-24T00:00:00+00:00, run_after=2023-11-25T00:00:00+00:00
[2023-11-25T10:36:29.395+0000] {processor.py:179} INFO - Processing /home/airflow/.local/lib/python3.8/site-packages/airflow/example_dags/example_branch_datetime_operator.py took 0.296 seconds
[2023-11-25T10:36:59.667+0000] {processor.py:157} INFO - Started process (PID=1491) to work on /home/airflow/.local/lib/python3.8/site-packages/airflow/example_dags/example_branch_datetime_operator.py
[2023-11-25T10:36:59.668+0000] {processor.py:829} INFO - Processing file /home/airflow/.local/lib/python3.8/site-packages/airflow/example_dags/example_branch_datetime_operator.py for tasks to queue
[2023-11-25T10:36:59.670+0000] {logging_mixin.py:154} INFO - [2023-11-25T10:36:59.670+0000] {dagbag.py:536} INFO - Filling up the DagBag from /home/airflow/.local/lib/python3.8/site-packages/airflow/example_dags/example_branch_datetime_operator.py
[2023-11-25T10:36:59.680+0000] {processor.py:839} INFO - DAG(s) dict_keys(['example_branch_datetime_operator_2', 'example_branch_datetime_operator', 'example_branch_datetime_operator_3']) retrieved from /home/airflow/.local/lib/python3.8/site-packages/airflow/example_dags/example_branch_datetime_operator.py
[2023-11-25T10:36:59.709+0000] {logging_mixin.py:154} INFO - [2023-11-25T10:36:59.709+0000] {dag.py:2941} INFO - Sync 3 DAGs
[2023-11-25T10:36:59.886+0000] {logging_mixin.py:154} INFO - [2023-11-25T10:36:59.885+0000] {dag.py:3722} INFO - Setting next_dagrun for example_branch_datetime_operator to 2023-11-24T00:00:00+00:00, run_after=2023-11-25T00:00:00+00:00
[2023-11-25T10:36:59.893+0000] {logging_mixin.py:154} INFO - [2023-11-25T10:36:59.893+0000] {dag.py:3722} INFO - Setting next_dagrun for example_branch_datetime_operator_2 to 2023-11-24T00:00:00+00:00, run_after=2023-11-25T00:00:00+00:00
[2023-11-25T10:36:59.898+0000] {logging_mixin.py:154} INFO - [2023-11-25T10:36:59.898+0000] {dag.py:3722} INFO - Setting next_dagrun for example_branch_datetime_operator_3 to 2023-11-24T00:00:00+00:00, run_after=2023-11-25T00:00:00+00:00
[2023-11-25T10:36:59.918+0000] {processor.py:179} INFO - Processing /home/airflow/.local/lib/python3.8/site-packages/airflow/example_dags/example_branch_datetime_operator.py took 0.254 seconds
[2023-11-25T10:37:30.097+0000] {processor.py:157} INFO - Started process (PID=1545) to work on /home/airflow/.local/lib/python3.8/site-packages/airflow/example_dags/example_branch_datetime_operator.py
[2023-11-25T10:37:30.100+0000] {processor.py:829} INFO - Processing file /home/airflow/.local/lib/python3.8/site-packages/airflow/example_dags/example_branch_datetime_operator.py for tasks to queue
[2023-11-25T10:37:30.102+0000] {logging_mixin.py:154} INFO - [2023-11-25T10:37:30.102+0000] {dagbag.py:536} INFO - Filling up the DagBag from /home/airflow/.local/lib/python3.8/site-packages/airflow/example_dags/example_branch_datetime_operator.py
[2023-11-25T10:37:30.113+0000] {processor.py:839} INFO - DAG(s) dict_keys(['example_branch_datetime_operator', 'example_branch_datetime_operator_3', 'example_branch_datetime_operator_2']) retrieved from /home/airflow/.local/lib/python3.8/site-packages/airflow/example_dags/example_branch_datetime_operator.py
[2023-11-25T10:37:30.145+0000] {logging_mixin.py:154} INFO - [2023-11-25T10:37:30.145+0000] {dag.py:2941} INFO - Sync 3 DAGs
[2023-11-25T10:37:30.166+0000] {logging_mixin.py:154} INFO - [2023-11-25T10:37:30.165+0000] {dag.py:3722} INFO - Setting next_dagrun for example_branch_datetime_operator to 2023-11-24T00:00:00+00:00, run_after=2023-11-25T00:00:00+00:00
[2023-11-25T10:37:30.170+0000] {logging_mixin.py:154} INFO - [2023-11-25T10:37:30.170+0000] {dag.py:3722} INFO - Setting next_dagrun for example_branch_datetime_operator_2 to 2023-11-24T00:00:00+00:00, run_after=2023-11-25T00:00:00+00:00
[2023-11-25T10:37:30.172+0000] {logging_mixin.py:154} INFO - [2023-11-25T10:37:30.172+0000] {dag.py:3722} INFO - Setting next_dagrun for example_branch_datetime_operator_3 to 2023-11-24T00:00:00+00:00, run_after=2023-11-25T00:00:00+00:00
[2023-11-25T10:37:30.186+0000] {processor.py:179} INFO - Processing /home/airflow/.local/lib/python3.8/site-packages/airflow/example_dags/example_branch_datetime_operator.py took 0.092 seconds
[2023-11-25T10:38:00.650+0000] {processor.py:157} INFO - Started process (PID=1599) to work on /home/airflow/.local/lib/python3.8/site-packages/airflow/example_dags/example_branch_datetime_operator.py
[2023-11-25T10:38:00.651+0000] {processor.py:829} INFO - Processing file /home/airflow/.local/lib/python3.8/site-packages/airflow/example_dags/example_branch_datetime_operator.py for tasks to queue
[2023-11-25T10:38:00.654+0000] {logging_mixin.py:154} INFO - [2023-11-25T10:38:00.653+0000] {dagbag.py:536} INFO - Filling up the DagBag from /home/airflow/.local/lib/python3.8/site-packages/airflow/example_dags/example_branch_datetime_operator.py
[2023-11-25T10:38:00.664+0000] {processor.py:839} INFO - DAG(s) dict_keys(['example_branch_datetime_operator_3', 'example_branch_datetime_operator', 'example_branch_datetime_operator_2']) retrieved from /home/airflow/.local/lib/python3.8/site-packages/airflow/example_dags/example_branch_datetime_operator.py
[2023-11-25T10:38:00.696+0000] {logging_mixin.py:154} INFO - [2023-11-25T10:38:00.695+0000] {dag.py:2941} INFO - Sync 3 DAGs
[2023-11-25T10:38:00.722+0000] {logging_mixin.py:154} INFO - [2023-11-25T10:38:00.721+0000] {dag.py:3722} INFO - Setting next_dagrun for example_branch_datetime_operator to 2023-11-24T00:00:00+00:00, run_after=2023-11-25T00:00:00+00:00
[2023-11-25T10:38:00.726+0000] {logging_mixin.py:154} INFO - [2023-11-25T10:38:00.726+0000] {dag.py:3722} INFO - Setting next_dagrun for example_branch_datetime_operator_2 to 2023-11-24T00:00:00+00:00, run_after=2023-11-25T00:00:00+00:00
[2023-11-25T10:38:00.729+0000] {logging_mixin.py:154} INFO - [2023-11-25T10:38:00.729+0000] {dag.py:3722} INFO - Setting next_dagrun for example_branch_datetime_operator_3 to 2023-11-24T00:00:00+00:00, run_after=2023-11-25T00:00:00+00:00
[2023-11-25T10:38:00.744+0000] {processor.py:179} INFO - Processing /home/airflow/.local/lib/python3.8/site-packages/airflow/example_dags/example_branch_datetime_operator.py took 0.098 seconds
[2023-11-25T10:38:30.911+0000] {processor.py:157} INFO - Started process (PID=1653) to work on /home/airflow/.local/lib/python3.8/site-packages/airflow/example_dags/example_branch_datetime_operator.py
[2023-11-25T10:38:30.912+0000] {processor.py:829} INFO - Processing file /home/airflow/.local/lib/python3.8/site-packages/airflow/example_dags/example_branch_datetime_operator.py for tasks to queue
[2023-11-25T10:38:30.914+0000] {logging_mixin.py:154} INFO - [2023-11-25T10:38:30.914+0000] {dagbag.py:536} INFO - Filling up the DagBag from /home/airflow/.local/lib/python3.8/site-packages/airflow/example_dags/example_branch_datetime_operator.py
[2023-11-25T10:38:30.924+0000] {processor.py:839} INFO - DAG(s) dict_keys(['example_branch_datetime_operator', 'example_branch_datetime_operator_3', 'example_branch_datetime_operator_2']) retrieved from /home/airflow/.local/lib/python3.8/site-packages/airflow/example_dags/example_branch_datetime_operator.py
[2023-11-25T10:38:30.961+0000] {logging_mixin.py:154} INFO - [2023-11-25T10:38:30.961+0000] {dag.py:2941} INFO - Sync 3 DAGs
[2023-11-25T10:38:30.991+0000] {logging_mixin.py:154} INFO - [2023-11-25T10:38:30.991+0000] {dag.py:3722} INFO - Setting next_dagrun for example_branch_datetime_operator to 2023-11-24T00:00:00+00:00, run_after=2023-11-25T00:00:00+00:00
[2023-11-25T10:38:30.997+0000] {logging_mixin.py:154} INFO - [2023-11-25T10:38:30.997+0000] {dag.py:3722} INFO - Setting next_dagrun for example_branch_datetime_operator_2 to 2023-11-24T00:00:00+00:00, run_after=2023-11-25T00:00:00+00:00
[2023-11-25T10:38:31.001+0000] {logging_mixin.py:154} INFO - [2023-11-25T10:38:31.000+0000] {dag.py:3722} INFO - Setting next_dagrun for example_branch_datetime_operator_3 to 2023-11-24T00:00:00+00:00, run_after=2023-11-25T00:00:00+00:00
[2023-11-25T10:38:31.017+0000] {processor.py:179} INFO - Processing /home/airflow/.local/lib/python3.8/site-packages/airflow/example_dags/example_branch_datetime_operator.py took 0.110 seconds
[2023-11-25T10:39:01.058+0000] {processor.py:157} INFO - Started process (PID=1707) to work on /home/airflow/.local/lib/python3.8/site-packages/airflow/example_dags/example_branch_datetime_operator.py
[2023-11-25T10:39:01.059+0000] {processor.py:829} INFO - Processing file /home/airflow/.local/lib/python3.8/site-packages/airflow/example_dags/example_branch_datetime_operator.py for tasks to queue
[2023-11-25T10:39:01.062+0000] {logging_mixin.py:154} INFO - [2023-11-25T10:39:01.061+0000] {dagbag.py:536} INFO - Filling up the DagBag from /home/airflow/.local/lib/python3.8/site-packages/airflow/example_dags/example_branch_datetime_operator.py
[2023-11-25T10:39:01.076+0000] {processor.py:839} INFO - DAG(s) dict_keys(['example_branch_datetime_operator_3', 'example_branch_datetime_operator_2', 'example_branch_datetime_operator']) retrieved from /home/airflow/.local/lib/python3.8/site-packages/airflow/example_dags/example_branch_datetime_operator.py
[2023-11-25T10:39:01.117+0000] {logging_mixin.py:154} INFO - [2023-11-25T10:39:01.116+0000] {dag.py:2941} INFO - Sync 3 DAGs
[2023-11-25T10:39:01.154+0000] {logging_mixin.py:154} INFO - [2023-11-25T10:39:01.154+0000] {dag.py:3722} INFO - Setting next_dagrun for example_branch_datetime_operator to 2023-11-24T00:00:00+00:00, run_after=2023-11-25T00:00:00+00:00
[2023-11-25T10:39:01.164+0000] {logging_mixin.py:154} INFO - [2023-11-25T10:39:01.164+0000] {dag.py:3722} INFO - Setting next_dagrun for example_branch_datetime_operator_2 to 2023-11-24T00:00:00+00:00, run_after=2023-11-25T00:00:00+00:00
[2023-11-25T10:39:01.169+0000] {logging_mixin.py:154} INFO - [2023-11-25T10:39:01.169+0000] {dag.py:3722} INFO - Setting next_dagrun for example_branch_datetime_operator_3 to 2023-11-24T00:00:00+00:00, run_after=2023-11-25T00:00:00+00:00
[2023-11-25T10:39:01.196+0000] {processor.py:179} INFO - Processing /home/airflow/.local/lib/python3.8/site-packages/airflow/example_dags/example_branch_datetime_operator.py took 0.142 seconds
[2023-11-25T10:39:31.498+0000] {processor.py:157} INFO - Started process (PID=1761) to work on /home/airflow/.local/lib/python3.8/site-packages/airflow/example_dags/example_branch_datetime_operator.py
[2023-11-25T10:39:31.501+0000] {processor.py:829} INFO - Processing file /home/airflow/.local/lib/python3.8/site-packages/airflow/example_dags/example_branch_datetime_operator.py for tasks to queue
[2023-11-25T10:39:31.503+0000] {logging_mixin.py:154} INFO - [2023-11-25T10:39:31.503+0000] {dagbag.py:536} INFO - Filling up the DagBag from /home/airflow/.local/lib/python3.8/site-packages/airflow/example_dags/example_branch_datetime_operator.py
[2023-11-25T10:39:31.516+0000] {processor.py:839} INFO - DAG(s) dict_keys(['example_branch_datetime_operator', 'example_branch_datetime_operator_2', 'example_branch_datetime_operator_3']) retrieved from /home/airflow/.local/lib/python3.8/site-packages/airflow/example_dags/example_branch_datetime_operator.py
[2023-11-25T10:39:31.550+0000] {logging_mixin.py:154} INFO - [2023-11-25T10:39:31.549+0000] {dag.py:2941} INFO - Sync 3 DAGs
[2023-11-25T10:39:31.575+0000] {logging_mixin.py:154} INFO - [2023-11-25T10:39:31.574+0000] {dag.py:3722} INFO - Setting next_dagrun for example_branch_datetime_operator to 2023-11-24T00:00:00+00:00, run_after=2023-11-25T00:00:00+00:00
[2023-11-25T10:39:31.583+0000] {logging_mixin.py:154} INFO - [2023-11-25T10:39:31.583+0000] {dag.py:3722} INFO - Setting next_dagrun for example_branch_datetime_operator_2 to 2023-11-24T00:00:00+00:00, run_after=2023-11-25T00:00:00+00:00
[2023-11-25T10:39:31.597+0000] {logging_mixin.py:154} INFO - [2023-11-25T10:39:31.596+0000] {dag.py:3722} INFO - Setting next_dagrun for example_branch_datetime_operator_3 to 2023-11-24T00:00:00+00:00, run_after=2023-11-25T00:00:00+00:00
[2023-11-25T10:39:31.619+0000] {processor.py:179} INFO - Processing /home/airflow/.local/lib/python3.8/site-packages/airflow/example_dags/example_branch_datetime_operator.py took 0.126 seconds
[2023-11-25T10:40:01.915+0000] {processor.py:157} INFO - Started process (PID=1815) to work on /home/airflow/.local/lib/python3.8/site-packages/airflow/example_dags/example_branch_datetime_operator.py
[2023-11-25T10:40:01.918+0000] {processor.py:829} INFO - Processing file /home/airflow/.local/lib/python3.8/site-packages/airflow/example_dags/example_branch_datetime_operator.py for tasks to queue
[2023-11-25T10:40:01.929+0000] {logging_mixin.py:154} INFO - [2023-11-25T10:40:01.928+0000] {dagbag.py:536} INFO - Filling up the DagBag from /home/airflow/.local/lib/python3.8/site-packages/airflow/example_dags/example_branch_datetime_operator.py
[2023-11-25T10:40:01.960+0000] {processor.py:839} INFO - DAG(s) dict_keys(['example_branch_datetime_operator', 'example_branch_datetime_operator_2', 'example_branch_datetime_operator_3']) retrieved from /home/airflow/.local/lib/python3.8/site-packages/airflow/example_dags/example_branch_datetime_operator.py
[2023-11-25T10:40:01.995+0000] {logging_mixin.py:154} INFO - [2023-11-25T10:40:01.995+0000] {dag.py:2941} INFO - Sync 3 DAGs
[2023-11-25T10:40:02.021+0000] {logging_mixin.py:154} INFO - [2023-11-25T10:40:02.021+0000] {dag.py:3722} INFO - Setting next_dagrun for example_branch_datetime_operator to 2023-11-24T00:00:00+00:00, run_after=2023-11-25T00:00:00+00:00
[2023-11-25T10:40:02.026+0000] {logging_mixin.py:154} INFO - [2023-11-25T10:40:02.026+0000] {dag.py:3722} INFO - Setting next_dagrun for example_branch_datetime_operator_2 to 2023-11-24T00:00:00+00:00, run_after=2023-11-25T00:00:00+00:00
[2023-11-25T10:40:02.030+0000] {logging_mixin.py:154} INFO - [2023-11-25T10:40:02.030+0000] {dag.py:3722} INFO - Setting next_dagrun for example_branch_datetime_operator_3 to 2023-11-24T00:00:00+00:00, run_after=2023-11-25T00:00:00+00:00
[2023-11-25T10:40:02.055+0000] {processor.py:179} INFO - Processing /home/airflow/.local/lib/python3.8/site-packages/airflow/example_dags/example_branch_datetime_operator.py took 0.155 seconds
[2023-11-25T11:05:03.346+0000] {processor.py:157} INFO - Started process (PID=31) to work on /home/airflow/.local/lib/python3.8/site-packages/airflow/example_dags/example_branch_datetime_operator.py
[2023-11-25T11:05:03.353+0000] {processor.py:829} INFO - Processing file /home/airflow/.local/lib/python3.8/site-packages/airflow/example_dags/example_branch_datetime_operator.py for tasks to queue
[2023-11-25T11:05:03.357+0000] {logging_mixin.py:154} INFO - [2023-11-25T11:05:03.357+0000] {dagbag.py:536} INFO - Filling up the DagBag from /home/airflow/.local/lib/python3.8/site-packages/airflow/example_dags/example_branch_datetime_operator.py
[2023-11-25T11:05:03.463+0000] {processor.py:839} INFO - DAG(s) dict_keys(['example_branch_datetime_operator_3', 'example_branch_datetime_operator', 'example_branch_datetime_operator_2']) retrieved from /home/airflow/.local/lib/python3.8/site-packages/airflow/example_dags/example_branch_datetime_operator.py
[2023-11-25T11:05:03.573+0000] {logging_mixin.py:154} INFO - [2023-11-25T11:05:03.572+0000] {dag.py:2941} INFO - Sync 3 DAGs
[2023-11-25T11:05:03.618+0000] {logging_mixin.py:154} INFO - [2023-11-25T11:05:03.617+0000] {dag.py:3722} INFO - Setting next_dagrun for example_branch_datetime_operator to 2023-11-24T00:00:00+00:00, run_after=2023-11-25T00:00:00+00:00
[2023-11-25T11:05:03.627+0000] {logging_mixin.py:154} INFO - [2023-11-25T11:05:03.627+0000] {dag.py:3722} INFO - Setting next_dagrun for example_branch_datetime_operator_2 to 2023-11-24T00:00:00+00:00, run_after=2023-11-25T00:00:00+00:00
[2023-11-25T11:05:03.632+0000] {logging_mixin.py:154} INFO - [2023-11-25T11:05:03.632+0000] {dag.py:3722} INFO - Setting next_dagrun for example_branch_datetime_operator_3 to 2023-11-24T00:00:00+00:00, run_after=2023-11-25T00:00:00+00:00
[2023-11-25T11:05:03.655+0000] {processor.py:179} INFO - Processing /home/airflow/.local/lib/python3.8/site-packages/airflow/example_dags/example_branch_datetime_operator.py took 0.331 seconds
[2023-11-25T11:05:34.132+0000] {processor.py:157} INFO - Started process (PID=85) to work on /home/airflow/.local/lib/python3.8/site-packages/airflow/example_dags/example_branch_datetime_operator.py
[2023-11-25T11:05:34.133+0000] {processor.py:829} INFO - Processing file /home/airflow/.local/lib/python3.8/site-packages/airflow/example_dags/example_branch_datetime_operator.py for tasks to queue
[2023-11-25T11:05:34.137+0000] {logging_mixin.py:154} INFO - [2023-11-25T11:05:34.136+0000] {dagbag.py:536} INFO - Filling up the DagBag from /home/airflow/.local/lib/python3.8/site-packages/airflow/example_dags/example_branch_datetime_operator.py
[2023-11-25T11:05:34.157+0000] {processor.py:839} INFO - DAG(s) dict_keys(['example_branch_datetime_operator_2', 'example_branch_datetime_operator_3', 'example_branch_datetime_operator']) retrieved from /home/airflow/.local/lib/python3.8/site-packages/airflow/example_dags/example_branch_datetime_operator.py
[2023-11-25T11:05:34.193+0000] {logging_mixin.py:154} INFO - [2023-11-25T11:05:34.193+0000] {dag.py:2941} INFO - Sync 3 DAGs
[2023-11-25T11:05:34.238+0000] {logging_mixin.py:154} INFO - [2023-11-25T11:05:34.238+0000] {dag.py:3722} INFO - Setting next_dagrun for example_branch_datetime_operator to 2023-11-24T00:00:00+00:00, run_after=2023-11-25T00:00:00+00:00
[2023-11-25T11:05:34.245+0000] {logging_mixin.py:154} INFO - [2023-11-25T11:05:34.245+0000] {dag.py:3722} INFO - Setting next_dagrun for example_branch_datetime_operator_2 to 2023-11-24T00:00:00+00:00, run_after=2023-11-25T00:00:00+00:00
[2023-11-25T11:05:34.250+0000] {logging_mixin.py:154} INFO - [2023-11-25T11:05:34.250+0000] {dag.py:3722} INFO - Setting next_dagrun for example_branch_datetime_operator_3 to 2023-11-24T00:00:00+00:00, run_after=2023-11-25T00:00:00+00:00
[2023-11-25T11:05:34.270+0000] {processor.py:179} INFO - Processing /home/airflow/.local/lib/python3.8/site-packages/airflow/example_dags/example_branch_datetime_operator.py took 0.145 seconds
[2023-11-25T11:06:04.474+0000] {processor.py:157} INFO - Started process (PID=139) to work on /home/airflow/.local/lib/python3.8/site-packages/airflow/example_dags/example_branch_datetime_operator.py
[2023-11-25T11:06:04.476+0000] {processor.py:829} INFO - Processing file /home/airflow/.local/lib/python3.8/site-packages/airflow/example_dags/example_branch_datetime_operator.py for tasks to queue
[2023-11-25T11:06:04.478+0000] {logging_mixin.py:154} INFO - [2023-11-25T11:06:04.478+0000] {dagbag.py:536} INFO - Filling up the DagBag from /home/airflow/.local/lib/python3.8/site-packages/airflow/example_dags/example_branch_datetime_operator.py
[2023-11-25T11:06:04.494+0000] {processor.py:839} INFO - DAG(s) dict_keys(['example_branch_datetime_operator_2', 'example_branch_datetime_operator_3', 'example_branch_datetime_operator']) retrieved from /home/airflow/.local/lib/python3.8/site-packages/airflow/example_dags/example_branch_datetime_operator.py
[2023-11-25T11:06:04.523+0000] {logging_mixin.py:154} INFO - [2023-11-25T11:06:04.523+0000] {dag.py:2941} INFO - Sync 3 DAGs
[2023-11-25T11:06:04.549+0000] {logging_mixin.py:154} INFO - [2023-11-25T11:06:04.549+0000] {dag.py:3722} INFO - Setting next_dagrun for example_branch_datetime_operator to 2023-11-24T00:00:00+00:00, run_after=2023-11-25T00:00:00+00:00
[2023-11-25T11:06:04.556+0000] {logging_mixin.py:154} INFO - [2023-11-25T11:06:04.556+0000] {dag.py:3722} INFO - Setting next_dagrun for example_branch_datetime_operator_2 to 2023-11-24T00:00:00+00:00, run_after=2023-11-25T00:00:00+00:00
[2023-11-25T11:06:04.560+0000] {logging_mixin.py:154} INFO - [2023-11-25T11:06:04.560+0000] {dag.py:3722} INFO - Setting next_dagrun for example_branch_datetime_operator_3 to 2023-11-24T00:00:00+00:00, run_after=2023-11-25T00:00:00+00:00
[2023-11-25T11:06:04.579+0000] {processor.py:179} INFO - Processing /home/airflow/.local/lib/python3.8/site-packages/airflow/example_dags/example_branch_datetime_operator.py took 0.110 seconds
[2023-11-25T11:07:39.337+0000] {processor.py:157} INFO - Started process (PID=31) to work on /home/airflow/.local/lib/python3.8/site-packages/airflow/example_dags/example_branch_datetime_operator.py
[2023-11-25T11:07:39.340+0000] {processor.py:829} INFO - Processing file /home/airflow/.local/lib/python3.8/site-packages/airflow/example_dags/example_branch_datetime_operator.py for tasks to queue
[2023-11-25T11:07:39.343+0000] {logging_mixin.py:154} INFO - [2023-11-25T11:07:39.343+0000] {dagbag.py:536} INFO - Filling up the DagBag from /home/airflow/.local/lib/python3.8/site-packages/airflow/example_dags/example_branch_datetime_operator.py
[2023-11-25T11:07:39.380+0000] {processor.py:839} INFO - DAG(s) dict_keys(['example_branch_datetime_operator_2', 'example_branch_datetime_operator_3', 'example_branch_datetime_operator']) retrieved from /home/airflow/.local/lib/python3.8/site-packages/airflow/example_dags/example_branch_datetime_operator.py
[2023-11-25T11:07:39.492+0000] {logging_mixin.py:154} INFO - [2023-11-25T11:07:39.491+0000] {dag.py:2941} INFO - Sync 3 DAGs
[2023-11-25T11:07:39.564+0000] {logging_mixin.py:154} INFO - [2023-11-25T11:07:39.563+0000] {dag.py:3722} INFO - Setting next_dagrun for example_branch_datetime_operator to 2023-11-24T00:00:00+00:00, run_after=2023-11-25T00:00:00+00:00
[2023-11-25T11:07:39.579+0000] {logging_mixin.py:154} INFO - [2023-11-25T11:07:39.579+0000] {dag.py:3722} INFO - Setting next_dagrun for example_branch_datetime_operator_2 to 2023-11-24T00:00:00+00:00, run_after=2023-11-25T00:00:00+00:00
[2023-11-25T11:07:39.603+0000] {logging_mixin.py:154} INFO - [2023-11-25T11:07:39.603+0000] {dag.py:3722} INFO - Setting next_dagrun for example_branch_datetime_operator_3 to 2023-11-24T00:00:00+00:00, run_after=2023-11-25T00:00:00+00:00
[2023-11-25T11:07:39.635+0000] {processor.py:179} INFO - Processing /home/airflow/.local/lib/python3.8/site-packages/airflow/example_dags/example_branch_datetime_operator.py took 0.314 seconds
[2023-11-25T11:08:09.751+0000] {processor.py:157} INFO - Started process (PID=85) to work on /home/airflow/.local/lib/python3.8/site-packages/airflow/example_dags/example_branch_datetime_operator.py
[2023-11-25T11:08:09.752+0000] {processor.py:829} INFO - Processing file /home/airflow/.local/lib/python3.8/site-packages/airflow/example_dags/example_branch_datetime_operator.py for tasks to queue
[2023-11-25T11:08:09.755+0000] {logging_mixin.py:154} INFO - [2023-11-25T11:08:09.754+0000] {dagbag.py:536} INFO - Filling up the DagBag from /home/airflow/.local/lib/python3.8/site-packages/airflow/example_dags/example_branch_datetime_operator.py
[2023-11-25T11:08:09.769+0000] {processor.py:839} INFO - DAG(s) dict_keys(['example_branch_datetime_operator_3', 'example_branch_datetime_operator_2', 'example_branch_datetime_operator']) retrieved from /home/airflow/.local/lib/python3.8/site-packages/airflow/example_dags/example_branch_datetime_operator.py
[2023-11-25T11:08:09.808+0000] {logging_mixin.py:154} INFO - [2023-11-25T11:08:09.808+0000] {dag.py:2941} INFO - Sync 3 DAGs
[2023-11-25T11:08:09.842+0000] {logging_mixin.py:154} INFO - [2023-11-25T11:08:09.842+0000] {dag.py:3722} INFO - Setting next_dagrun for example_branch_datetime_operator to 2023-11-24T00:00:00+00:00, run_after=2023-11-25T00:00:00+00:00
[2023-11-25T11:08:09.851+0000] {logging_mixin.py:154} INFO - [2023-11-25T11:08:09.850+0000] {dag.py:3722} INFO - Setting next_dagrun for example_branch_datetime_operator_2 to 2023-11-24T00:00:00+00:00, run_after=2023-11-25T00:00:00+00:00
[2023-11-25T11:08:09.857+0000] {logging_mixin.py:154} INFO - [2023-11-25T11:08:09.857+0000] {dag.py:3722} INFO - Setting next_dagrun for example_branch_datetime_operator_3 to 2023-11-24T00:00:00+00:00, run_after=2023-11-25T00:00:00+00:00
[2023-11-25T11:08:09.878+0000] {processor.py:179} INFO - Processing /home/airflow/.local/lib/python3.8/site-packages/airflow/example_dags/example_branch_datetime_operator.py took 0.132 seconds
[2023-11-25T11:08:40.279+0000] {processor.py:157} INFO - Started process (PID=139) to work on /home/airflow/.local/lib/python3.8/site-packages/airflow/example_dags/example_branch_datetime_operator.py
[2023-11-25T11:08:40.280+0000] {processor.py:829} INFO - Processing file /home/airflow/.local/lib/python3.8/site-packages/airflow/example_dags/example_branch_datetime_operator.py for tasks to queue
[2023-11-25T11:08:40.283+0000] {logging_mixin.py:154} INFO - [2023-11-25T11:08:40.282+0000] {dagbag.py:536} INFO - Filling up the DagBag from /home/airflow/.local/lib/python3.8/site-packages/airflow/example_dags/example_branch_datetime_operator.py
[2023-11-25T11:08:40.298+0000] {processor.py:839} INFO - DAG(s) dict_keys(['example_branch_datetime_operator_2', 'example_branch_datetime_operator', 'example_branch_datetime_operator_3']) retrieved from /home/airflow/.local/lib/python3.8/site-packages/airflow/example_dags/example_branch_datetime_operator.py
[2023-11-25T11:08:40.334+0000] {logging_mixin.py:154} INFO - [2023-11-25T11:08:40.333+0000] {dag.py:2941} INFO - Sync 3 DAGs
[2023-11-25T11:08:40.367+0000] {logging_mixin.py:154} INFO - [2023-11-25T11:08:40.367+0000] {dag.py:3722} INFO - Setting next_dagrun for example_branch_datetime_operator to 2023-11-24T00:00:00+00:00, run_after=2023-11-25T00:00:00+00:00
[2023-11-25T11:08:40.375+0000] {logging_mixin.py:154} INFO - [2023-11-25T11:08:40.374+0000] {dag.py:3722} INFO - Setting next_dagrun for example_branch_datetime_operator_2 to 2023-11-24T00:00:00+00:00, run_after=2023-11-25T00:00:00+00:00
[2023-11-25T11:08:40.379+0000] {logging_mixin.py:154} INFO - [2023-11-25T11:08:40.379+0000] {dag.py:3722} INFO - Setting next_dagrun for example_branch_datetime_operator_3 to 2023-11-24T00:00:00+00:00, run_after=2023-11-25T00:00:00+00:00
[2023-11-25T11:08:40.399+0000] {processor.py:179} INFO - Processing /home/airflow/.local/lib/python3.8/site-packages/airflow/example_dags/example_branch_datetime_operator.py took 0.124 seconds
[2023-11-25T11:09:11.293+0000] {processor.py:157} INFO - Started process (PID=192) to work on /home/airflow/.local/lib/python3.8/site-packages/airflow/example_dags/example_branch_datetime_operator.py
[2023-11-25T11:09:11.296+0000] {processor.py:829} INFO - Processing file /home/airflow/.local/lib/python3.8/site-packages/airflow/example_dags/example_branch_datetime_operator.py for tasks to queue
[2023-11-25T11:09:11.300+0000] {logging_mixin.py:154} INFO - [2023-11-25T11:09:11.300+0000] {dagbag.py:536} INFO - Filling up the DagBag from /home/airflow/.local/lib/python3.8/site-packages/airflow/example_dags/example_branch_datetime_operator.py
[2023-11-25T11:09:11.317+0000] {processor.py:839} INFO - DAG(s) dict_keys(['example_branch_datetime_operator_2', 'example_branch_datetime_operator_3', 'example_branch_datetime_operator']) retrieved from /home/airflow/.local/lib/python3.8/site-packages/airflow/example_dags/example_branch_datetime_operator.py
[2023-11-25T11:09:11.354+0000] {logging_mixin.py:154} INFO - [2023-11-25T11:09:11.354+0000] {dag.py:2941} INFO - Sync 3 DAGs
[2023-11-25T11:09:11.401+0000] {logging_mixin.py:154} INFO - [2023-11-25T11:09:11.400+0000] {dag.py:3722} INFO - Setting next_dagrun for example_branch_datetime_operator to 2023-11-24T00:00:00+00:00, run_after=2023-11-25T00:00:00+00:00
[2023-11-25T11:09:11.409+0000] {logging_mixin.py:154} INFO - [2023-11-25T11:09:11.409+0000] {dag.py:3722} INFO - Setting next_dagrun for example_branch_datetime_operator_2 to 2023-11-24T00:00:00+00:00, run_after=2023-11-25T00:00:00+00:00
[2023-11-25T11:09:11.414+0000] {logging_mixin.py:154} INFO - [2023-11-25T11:09:11.414+0000] {dag.py:3722} INFO - Setting next_dagrun for example_branch_datetime_operator_3 to 2023-11-24T00:00:00+00:00, run_after=2023-11-25T00:00:00+00:00
[2023-11-25T11:09:11.443+0000] {processor.py:179} INFO - Processing /home/airflow/.local/lib/python3.8/site-packages/airflow/example_dags/example_branch_datetime_operator.py took 0.158 seconds
[2023-11-25T11:09:41.691+0000] {processor.py:157} INFO - Started process (PID=246) to work on /home/airflow/.local/lib/python3.8/site-packages/airflow/example_dags/example_branch_datetime_operator.py
[2023-11-25T11:09:41.692+0000] {processor.py:829} INFO - Processing file /home/airflow/.local/lib/python3.8/site-packages/airflow/example_dags/example_branch_datetime_operator.py for tasks to queue
[2023-11-25T11:09:41.695+0000] {logging_mixin.py:154} INFO - [2023-11-25T11:09:41.695+0000] {dagbag.py:536} INFO - Filling up the DagBag from /home/airflow/.local/lib/python3.8/site-packages/airflow/example_dags/example_branch_datetime_operator.py
[2023-11-25T11:09:41.710+0000] {processor.py:839} INFO - DAG(s) dict_keys(['example_branch_datetime_operator_2', 'example_branch_datetime_operator_3', 'example_branch_datetime_operator']) retrieved from /home/airflow/.local/lib/python3.8/site-packages/airflow/example_dags/example_branch_datetime_operator.py
[2023-11-25T11:09:41.751+0000] {logging_mixin.py:154} INFO - [2023-11-25T11:09:41.751+0000] {dag.py:2941} INFO - Sync 3 DAGs
[2023-11-25T11:09:41.794+0000] {logging_mixin.py:154} INFO - [2023-11-25T11:09:41.794+0000] {dag.py:3722} INFO - Setting next_dagrun for example_branch_datetime_operator to 2023-11-24T00:00:00+00:00, run_after=2023-11-25T00:00:00+00:00
[2023-11-25T11:09:41.810+0000] {logging_mixin.py:154} INFO - [2023-11-25T11:09:41.806+0000] {dag.py:3722} INFO - Setting next_dagrun for example_branch_datetime_operator_2 to 2023-11-24T00:00:00+00:00, run_after=2023-11-25T00:00:00+00:00
[2023-11-25T11:09:41.815+0000] {logging_mixin.py:154} INFO - [2023-11-25T11:09:41.814+0000] {dag.py:3722} INFO - Setting next_dagrun for example_branch_datetime_operator_3 to 2023-11-24T00:00:00+00:00, run_after=2023-11-25T00:00:00+00:00
[2023-11-25T11:09:41.861+0000] {processor.py:179} INFO - Processing /home/airflow/.local/lib/python3.8/site-packages/airflow/example_dags/example_branch_datetime_operator.py took 0.175 seconds
[2023-11-25T11:10:12.150+0000] {processor.py:157} INFO - Started process (PID=300) to work on /home/airflow/.local/lib/python3.8/site-packages/airflow/example_dags/example_branch_datetime_operator.py
[2023-11-25T11:10:12.152+0000] {processor.py:829} INFO - Processing file /home/airflow/.local/lib/python3.8/site-packages/airflow/example_dags/example_branch_datetime_operator.py for tasks to queue
[2023-11-25T11:10:12.156+0000] {logging_mixin.py:154} INFO - [2023-11-25T11:10:12.156+0000] {dagbag.py:536} INFO - Filling up the DagBag from /home/airflow/.local/lib/python3.8/site-packages/airflow/example_dags/example_branch_datetime_operator.py
[2023-11-25T11:10:12.179+0000] {processor.py:839} INFO - DAG(s) dict_keys(['example_branch_datetime_operator_3', 'example_branch_datetime_operator', 'example_branch_datetime_operator_2']) retrieved from /home/airflow/.local/lib/python3.8/site-packages/airflow/example_dags/example_branch_datetime_operator.py
[2023-11-25T11:10:12.220+0000] {logging_mixin.py:154} INFO - [2023-11-25T11:10:12.220+0000] {dag.py:2941} INFO - Sync 3 DAGs
[2023-11-25T11:10:12.279+0000] {logging_mixin.py:154} INFO - [2023-11-25T11:10:12.279+0000] {dag.py:3722} INFO - Setting next_dagrun for example_branch_datetime_operator to 2023-11-24T00:00:00+00:00, run_after=2023-11-25T00:00:00+00:00
[2023-11-25T11:10:12.287+0000] {logging_mixin.py:154} INFO - [2023-11-25T11:10:12.287+0000] {dag.py:3722} INFO - Setting next_dagrun for example_branch_datetime_operator_2 to 2023-11-24T00:00:00+00:00, run_after=2023-11-25T00:00:00+00:00
[2023-11-25T11:10:12.293+0000] {logging_mixin.py:154} INFO - [2023-11-25T11:10:12.292+0000] {dag.py:3722} INFO - Setting next_dagrun for example_branch_datetime_operator_3 to 2023-11-24T00:00:00+00:00, run_after=2023-11-25T00:00:00+00:00
[2023-11-25T11:10:12.320+0000] {processor.py:179} INFO - Processing /home/airflow/.local/lib/python3.8/site-packages/airflow/example_dags/example_branch_datetime_operator.py took 0.178 seconds
[2023-11-25T11:10:42.461+0000] {processor.py:157} INFO - Started process (PID=355) to work on /home/airflow/.local/lib/python3.8/site-packages/airflow/example_dags/example_branch_datetime_operator.py
[2023-11-25T11:10:42.462+0000] {processor.py:829} INFO - Processing file /home/airflow/.local/lib/python3.8/site-packages/airflow/example_dags/example_branch_datetime_operator.py for tasks to queue
[2023-11-25T11:10:42.463+0000] {logging_mixin.py:154} INFO - [2023-11-25T11:10:42.463+0000] {dagbag.py:536} INFO - Filling up the DagBag from /home/airflow/.local/lib/python3.8/site-packages/airflow/example_dags/example_branch_datetime_operator.py
[2023-11-25T11:10:42.476+0000] {processor.py:839} INFO - DAG(s) dict_keys(['example_branch_datetime_operator', 'example_branch_datetime_operator_3', 'example_branch_datetime_operator_2']) retrieved from /home/airflow/.local/lib/python3.8/site-packages/airflow/example_dags/example_branch_datetime_operator.py
[2023-11-25T11:10:42.509+0000] {logging_mixin.py:154} INFO - [2023-11-25T11:10:42.509+0000] {dag.py:2941} INFO - Sync 3 DAGs
[2023-11-25T11:10:42.540+0000] {logging_mixin.py:154} INFO - [2023-11-25T11:10:42.540+0000] {dag.py:3722} INFO - Setting next_dagrun for example_branch_datetime_operator to 2023-11-24T00:00:00+00:00, run_after=2023-11-25T00:00:00+00:00
[2023-11-25T11:10:42.549+0000] {logging_mixin.py:154} INFO - [2023-11-25T11:10:42.548+0000] {dag.py:3722} INFO - Setting next_dagrun for example_branch_datetime_operator_2 to 2023-11-24T00:00:00+00:00, run_after=2023-11-25T00:00:00+00:00
[2023-11-25T11:10:42.553+0000] {logging_mixin.py:154} INFO - [2023-11-25T11:10:42.553+0000] {dag.py:3722} INFO - Setting next_dagrun for example_branch_datetime_operator_3 to 2023-11-24T00:00:00+00:00, run_after=2023-11-25T00:00:00+00:00
[2023-11-25T11:10:42.587+0000] {processor.py:179} INFO - Processing /home/airflow/.local/lib/python3.8/site-packages/airflow/example_dags/example_branch_datetime_operator.py took 0.129 seconds
[2023-11-25T11:11:12.729+0000] {processor.py:157} INFO - Started process (PID=409) to work on /home/airflow/.local/lib/python3.8/site-packages/airflow/example_dags/example_branch_datetime_operator.py
[2023-11-25T11:11:12.730+0000] {processor.py:829} INFO - Processing file /home/airflow/.local/lib/python3.8/site-packages/airflow/example_dags/example_branch_datetime_operator.py for tasks to queue
[2023-11-25T11:11:12.732+0000] {logging_mixin.py:154} INFO - [2023-11-25T11:11:12.732+0000] {dagbag.py:536} INFO - Filling up the DagBag from /home/airflow/.local/lib/python3.8/site-packages/airflow/example_dags/example_branch_datetime_operator.py
[2023-11-25T11:11:12.740+0000] {processor.py:839} INFO - DAG(s) dict_keys(['example_branch_datetime_operator_2', 'example_branch_datetime_operator', 'example_branch_datetime_operator_3']) retrieved from /home/airflow/.local/lib/python3.8/site-packages/airflow/example_dags/example_branch_datetime_operator.py
[2023-11-25T11:11:12.769+0000] {logging_mixin.py:154} INFO - [2023-11-25T11:11:12.768+0000] {dag.py:2941} INFO - Sync 3 DAGs
[2023-11-25T11:11:12.797+0000] {logging_mixin.py:154} INFO - [2023-11-25T11:11:12.796+0000] {dag.py:3722} INFO - Setting next_dagrun for example_branch_datetime_operator to 2023-11-24T00:00:00+00:00, run_after=2023-11-25T00:00:00+00:00
[2023-11-25T11:11:12.805+0000] {logging_mixin.py:154} INFO - [2023-11-25T11:11:12.805+0000] {dag.py:3722} INFO - Setting next_dagrun for example_branch_datetime_operator_2 to 2023-11-24T00:00:00+00:00, run_after=2023-11-25T00:00:00+00:00
[2023-11-25T11:11:12.810+0000] {logging_mixin.py:154} INFO - [2023-11-25T11:11:12.810+0000] {dag.py:3722} INFO - Setting next_dagrun for example_branch_datetime_operator_3 to 2023-11-24T00:00:00+00:00, run_after=2023-11-25T00:00:00+00:00
[2023-11-25T11:11:12.827+0000] {processor.py:179} INFO - Processing /home/airflow/.local/lib/python3.8/site-packages/airflow/example_dags/example_branch_datetime_operator.py took 0.101 seconds
[2023-11-25T11:11:42.906+0000] {processor.py:157} INFO - Started process (PID=463) to work on /home/airflow/.local/lib/python3.8/site-packages/airflow/example_dags/example_branch_datetime_operator.py
[2023-11-25T11:11:42.907+0000] {processor.py:829} INFO - Processing file /home/airflow/.local/lib/python3.8/site-packages/airflow/example_dags/example_branch_datetime_operator.py for tasks to queue
[2023-11-25T11:11:42.909+0000] {logging_mixin.py:154} INFO - [2023-11-25T11:11:42.908+0000] {dagbag.py:536} INFO - Filling up the DagBag from /home/airflow/.local/lib/python3.8/site-packages/airflow/example_dags/example_branch_datetime_operator.py
[2023-11-25T11:11:42.917+0000] {processor.py:839} INFO - DAG(s) dict_keys(['example_branch_datetime_operator_3', 'example_branch_datetime_operator', 'example_branch_datetime_operator_2']) retrieved from /home/airflow/.local/lib/python3.8/site-packages/airflow/example_dags/example_branch_datetime_operator.py
[2023-11-25T11:11:42.942+0000] {logging_mixin.py:154} INFO - [2023-11-25T11:11:42.942+0000] {dag.py:2941} INFO - Sync 3 DAGs
[2023-11-25T11:11:42.962+0000] {logging_mixin.py:154} INFO - [2023-11-25T11:11:42.962+0000] {dag.py:3722} INFO - Setting next_dagrun for example_branch_datetime_operator to 2023-11-24T00:00:00+00:00, run_after=2023-11-25T00:00:00+00:00
[2023-11-25T11:11:42.966+0000] {logging_mixin.py:154} INFO - [2023-11-25T11:11:42.966+0000] {dag.py:3722} INFO - Setting next_dagrun for example_branch_datetime_operator_2 to 2023-11-24T00:00:00+00:00, run_after=2023-11-25T00:00:00+00:00
[2023-11-25T11:11:42.969+0000] {logging_mixin.py:154} INFO - [2023-11-25T11:11:42.968+0000] {dag.py:3722} INFO - Setting next_dagrun for example_branch_datetime_operator_3 to 2023-11-24T00:00:00+00:00, run_after=2023-11-25T00:00:00+00:00
[2023-11-25T11:11:42.995+0000] {processor.py:179} INFO - Processing /home/airflow/.local/lib/python3.8/site-packages/airflow/example_dags/example_branch_datetime_operator.py took 0.092 seconds
[2023-11-25T11:12:13.141+0000] {processor.py:157} INFO - Started process (PID=518) to work on /home/airflow/.local/lib/python3.8/site-packages/airflow/example_dags/example_branch_datetime_operator.py
[2023-11-25T11:12:13.148+0000] {processor.py:829} INFO - Processing file /home/airflow/.local/lib/python3.8/site-packages/airflow/example_dags/example_branch_datetime_operator.py for tasks to queue
[2023-11-25T11:12:13.151+0000] {logging_mixin.py:154} INFO - [2023-11-25T11:12:13.151+0000] {dagbag.py:536} INFO - Filling up the DagBag from /home/airflow/.local/lib/python3.8/site-packages/airflow/example_dags/example_branch_datetime_operator.py
[2023-11-25T11:12:13.194+0000] {processor.py:839} INFO - DAG(s) dict_keys(['example_branch_datetime_operator', 'example_branch_datetime_operator_2', 'example_branch_datetime_operator_3']) retrieved from /home/airflow/.local/lib/python3.8/site-packages/airflow/example_dags/example_branch_datetime_operator.py
[2023-11-25T11:12:13.341+0000] {logging_mixin.py:154} INFO - [2023-11-25T11:12:13.341+0000] {dag.py:2941} INFO - Sync 3 DAGs
[2023-11-25T11:12:13.398+0000] {logging_mixin.py:154} INFO - [2023-11-25T11:12:13.398+0000] {dag.py:3722} INFO - Setting next_dagrun for example_branch_datetime_operator to 2023-11-24T00:00:00+00:00, run_after=2023-11-25T00:00:00+00:00
[2023-11-25T11:12:13.417+0000] {logging_mixin.py:154} INFO - [2023-11-25T11:12:13.417+0000] {dag.py:3722} INFO - Setting next_dagrun for example_branch_datetime_operator_2 to 2023-11-24T00:00:00+00:00, run_after=2023-11-25T00:00:00+00:00
[2023-11-25T11:12:13.426+0000] {logging_mixin.py:154} INFO - [2023-11-25T11:12:13.425+0000] {dag.py:3722} INFO - Setting next_dagrun for example_branch_datetime_operator_3 to 2023-11-24T00:00:00+00:00, run_after=2023-11-25T00:00:00+00:00
[2023-11-25T11:12:13.509+0000] {processor.py:179} INFO - Processing /home/airflow/.local/lib/python3.8/site-packages/airflow/example_dags/example_branch_datetime_operator.py took 0.372 seconds
[2023-11-25T11:12:44.436+0000] {processor.py:157} INFO - Started process (PID=571) to work on /home/airflow/.local/lib/python3.8/site-packages/airflow/example_dags/example_branch_datetime_operator.py
[2023-11-25T11:12:44.438+0000] {processor.py:829} INFO - Processing file /home/airflow/.local/lib/python3.8/site-packages/airflow/example_dags/example_branch_datetime_operator.py for tasks to queue
[2023-11-25T11:12:44.441+0000] {logging_mixin.py:154} INFO - [2023-11-25T11:12:44.440+0000] {dagbag.py:536} INFO - Filling up the DagBag from /home/airflow/.local/lib/python3.8/site-packages/airflow/example_dags/example_branch_datetime_operator.py
[2023-11-25T11:12:44.457+0000] {processor.py:839} INFO - DAG(s) dict_keys(['example_branch_datetime_operator_2', 'example_branch_datetime_operator', 'example_branch_datetime_operator_3']) retrieved from /home/airflow/.local/lib/python3.8/site-packages/airflow/example_dags/example_branch_datetime_operator.py
[2023-11-25T11:12:44.495+0000] {logging_mixin.py:154} INFO - [2023-11-25T11:12:44.494+0000] {dag.py:2941} INFO - Sync 3 DAGs
[2023-11-25T11:12:44.532+0000] {logging_mixin.py:154} INFO - [2023-11-25T11:12:44.532+0000] {dag.py:3722} INFO - Setting next_dagrun for example_branch_datetime_operator to 2023-11-24T00:00:00+00:00, run_after=2023-11-25T00:00:00+00:00
[2023-11-25T11:12:44.540+0000] {logging_mixin.py:154} INFO - [2023-11-25T11:12:44.540+0000] {dag.py:3722} INFO - Setting next_dagrun for example_branch_datetime_operator_2 to 2023-11-24T00:00:00+00:00, run_after=2023-11-25T00:00:00+00:00
[2023-11-25T11:12:44.546+0000] {logging_mixin.py:154} INFO - [2023-11-25T11:12:44.546+0000] {dag.py:3722} INFO - Setting next_dagrun for example_branch_datetime_operator_3 to 2023-11-24T00:00:00+00:00, run_after=2023-11-25T00:00:00+00:00
[2023-11-25T11:12:44.569+0000] {processor.py:179} INFO - Processing /home/airflow/.local/lib/python3.8/site-packages/airflow/example_dags/example_branch_datetime_operator.py took 0.137 seconds
