[2023-11-25T10:23:21.989+0000] {processor.py:157} INFO - Started process (PID=69) to work on /home/airflow/.local/lib/python3.8/site-packages/airflow/example_dags/example_short_circuit_operator.py
[2023-11-25T10:23:21.990+0000] {processor.py:829} INFO - Processing file /home/airflow/.local/lib/python3.8/site-packages/airflow/example_dags/example_short_circuit_operator.py for tasks to queue
[2023-11-25T10:23:21.993+0000] {logging_mixin.py:154} INFO - [2023-11-25T10:23:21.992+0000] {dagbag.py:536} INFO - Filling up the DagBag from /home/airflow/.local/lib/python3.8/site-packages/airflow/example_dags/example_short_circuit_operator.py
[2023-11-25T10:23:22.006+0000] {processor.py:839} INFO - DAG(s) dict_keys(['example_short_circuit_operator']) retrieved from /home/airflow/.local/lib/python3.8/site-packages/airflow/example_dags/example_short_circuit_operator.py
[2023-11-25T10:23:22.040+0000] {logging_mixin.py:154} INFO - [2023-11-25T10:23:22.039+0000] {dag.py:2941} INFO - Sync 1 DAGs
[2023-11-25T10:23:22.073+0000] {logging_mixin.py:154} INFO - [2023-11-25T10:23:22.073+0000] {dag.py:3722} INFO - Setting next_dagrun for example_short_circuit_operator to 2023-11-24T10:23:22.073142+00:00, run_after=2023-11-25T10:23:22.073142+00:00
[2023-11-25T10:23:22.104+0000] {processor.py:179} INFO - Processing /home/airflow/.local/lib/python3.8/site-packages/airflow/example_dags/example_short_circuit_operator.py took 0.120 seconds
[2023-11-25T10:23:52.391+0000] {processor.py:157} INFO - Started process (PID=122) to work on /home/airflow/.local/lib/python3.8/site-packages/airflow/example_dags/example_short_circuit_operator.py
[2023-11-25T10:23:52.394+0000] {processor.py:829} INFO - Processing file /home/airflow/.local/lib/python3.8/site-packages/airflow/example_dags/example_short_circuit_operator.py for tasks to queue
[2023-11-25T10:23:52.397+0000] {logging_mixin.py:154} INFO - [2023-11-25T10:23:52.396+0000] {dagbag.py:536} INFO - Filling up the DagBag from /home/airflow/.local/lib/python3.8/site-packages/airflow/example_dags/example_short_circuit_operator.py
[2023-11-25T10:23:52.403+0000] {processor.py:839} INFO - DAG(s) dict_keys(['example_short_circuit_operator']) retrieved from /home/airflow/.local/lib/python3.8/site-packages/airflow/example_dags/example_short_circuit_operator.py
[2023-11-25T10:23:52.430+0000] {logging_mixin.py:154} INFO - [2023-11-25T10:23:52.429+0000] {dag.py:2941} INFO - Sync 1 DAGs
[2023-11-25T10:23:52.459+0000] {logging_mixin.py:154} INFO - [2023-11-25T10:23:52.459+0000] {dag.py:3722} INFO - Setting next_dagrun for example_short_circuit_operator to 2023-11-24T10:23:52.459371+00:00, run_after=2023-11-25T10:23:52.459371+00:00
[2023-11-25T10:23:52.483+0000] {processor.py:179} INFO - Processing /home/airflow/.local/lib/python3.8/site-packages/airflow/example_dags/example_short_circuit_operator.py took 0.095 seconds
[2023-11-25T10:24:23.066+0000] {processor.py:157} INFO - Started process (PID=177) to work on /home/airflow/.local/lib/python3.8/site-packages/airflow/example_dags/example_short_circuit_operator.py
[2023-11-25T10:24:23.070+0000] {processor.py:829} INFO - Processing file /home/airflow/.local/lib/python3.8/site-packages/airflow/example_dags/example_short_circuit_operator.py for tasks to queue
[2023-11-25T10:24:23.073+0000] {logging_mixin.py:154} INFO - [2023-11-25T10:24:23.073+0000] {dagbag.py:536} INFO - Filling up the DagBag from /home/airflow/.local/lib/python3.8/site-packages/airflow/example_dags/example_short_circuit_operator.py
[2023-11-25T10:24:23.086+0000] {processor.py:839} INFO - DAG(s) dict_keys(['example_short_circuit_operator']) retrieved from /home/airflow/.local/lib/python3.8/site-packages/airflow/example_dags/example_short_circuit_operator.py
[2023-11-25T10:24:23.112+0000] {logging_mixin.py:154} INFO - [2023-11-25T10:24:23.112+0000] {dag.py:2941} INFO - Sync 1 DAGs
[2023-11-25T10:24:23.142+0000] {logging_mixin.py:154} INFO - [2023-11-25T10:24:23.142+0000] {dag.py:3722} INFO - Setting next_dagrun for example_short_circuit_operator to 2023-11-24T10:24:23.142114+00:00, run_after=2023-11-25T10:24:23.142114+00:00
[2023-11-25T10:24:23.172+0000] {processor.py:179} INFO - Processing /home/airflow/.local/lib/python3.8/site-packages/airflow/example_dags/example_short_circuit_operator.py took 0.111 seconds
[2023-11-25T10:24:53.283+0000] {processor.py:157} INFO - Started process (PID=231) to work on /home/airflow/.local/lib/python3.8/site-packages/airflow/example_dags/example_short_circuit_operator.py
[2023-11-25T10:24:53.284+0000] {processor.py:829} INFO - Processing file /home/airflow/.local/lib/python3.8/site-packages/airflow/example_dags/example_short_circuit_operator.py for tasks to queue
[2023-11-25T10:24:53.286+0000] {logging_mixin.py:154} INFO - [2023-11-25T10:24:53.286+0000] {dagbag.py:536} INFO - Filling up the DagBag from /home/airflow/.local/lib/python3.8/site-packages/airflow/example_dags/example_short_circuit_operator.py
[2023-11-25T10:24:53.295+0000] {processor.py:839} INFO - DAG(s) dict_keys(['example_short_circuit_operator']) retrieved from /home/airflow/.local/lib/python3.8/site-packages/airflow/example_dags/example_short_circuit_operator.py
[2023-11-25T10:24:53.325+0000] {logging_mixin.py:154} INFO - [2023-11-25T10:24:53.325+0000] {dag.py:2941} INFO - Sync 1 DAGs
[2023-11-25T10:24:53.351+0000] {logging_mixin.py:154} INFO - [2023-11-25T10:24:53.351+0000] {dag.py:3722} INFO - Setting next_dagrun for example_short_circuit_operator to 2023-11-24T10:24:53.351405+00:00, run_after=2023-11-25T10:24:53.351405+00:00
[2023-11-25T10:24:53.371+0000] {processor.py:179} INFO - Processing /home/airflow/.local/lib/python3.8/site-packages/airflow/example_dags/example_short_circuit_operator.py took 0.090 seconds
[2023-11-25T10:25:23.853+0000] {processor.py:157} INFO - Started process (PID=285) to work on /home/airflow/.local/lib/python3.8/site-packages/airflow/example_dags/example_short_circuit_operator.py
[2023-11-25T10:25:23.854+0000] {processor.py:829} INFO - Processing file /home/airflow/.local/lib/python3.8/site-packages/airflow/example_dags/example_short_circuit_operator.py for tasks to queue
[2023-11-25T10:25:23.858+0000] {logging_mixin.py:154} INFO - [2023-11-25T10:25:23.857+0000] {dagbag.py:536} INFO - Filling up the DagBag from /home/airflow/.local/lib/python3.8/site-packages/airflow/example_dags/example_short_circuit_operator.py
[2023-11-25T10:25:23.866+0000] {processor.py:839} INFO - DAG(s) dict_keys(['example_short_circuit_operator']) retrieved from /home/airflow/.local/lib/python3.8/site-packages/airflow/example_dags/example_short_circuit_operator.py
[2023-11-25T10:25:23.893+0000] {logging_mixin.py:154} INFO - [2023-11-25T10:25:23.893+0000] {dag.py:2941} INFO - Sync 1 DAGs
[2023-11-25T10:25:23.918+0000] {logging_mixin.py:154} INFO - [2023-11-25T10:25:23.918+0000] {dag.py:3722} INFO - Setting next_dagrun for example_short_circuit_operator to 2023-11-24T10:25:23.917730+00:00, run_after=2023-11-25T10:25:23.917730+00:00
[2023-11-25T10:25:23.955+0000] {processor.py:179} INFO - Processing /home/airflow/.local/lib/python3.8/site-packages/airflow/example_dags/example_short_circuit_operator.py took 0.107 seconds
[2023-11-25T10:25:54.275+0000] {processor.py:157} INFO - Started process (PID=339) to work on /home/airflow/.local/lib/python3.8/site-packages/airflow/example_dags/example_short_circuit_operator.py
[2023-11-25T10:25:54.277+0000] {processor.py:829} INFO - Processing file /home/airflow/.local/lib/python3.8/site-packages/airflow/example_dags/example_short_circuit_operator.py for tasks to queue
[2023-11-25T10:25:54.280+0000] {logging_mixin.py:154} INFO - [2023-11-25T10:25:54.279+0000] {dagbag.py:536} INFO - Filling up the DagBag from /home/airflow/.local/lib/python3.8/site-packages/airflow/example_dags/example_short_circuit_operator.py
[2023-11-25T10:25:54.289+0000] {processor.py:839} INFO - DAG(s) dict_keys(['example_short_circuit_operator']) retrieved from /home/airflow/.local/lib/python3.8/site-packages/airflow/example_dags/example_short_circuit_operator.py
[2023-11-25T10:25:54.314+0000] {logging_mixin.py:154} INFO - [2023-11-25T10:25:54.314+0000] {dag.py:2941} INFO - Sync 1 DAGs
[2023-11-25T10:25:54.342+0000] {logging_mixin.py:154} INFO - [2023-11-25T10:25:54.342+0000] {dag.py:3722} INFO - Setting next_dagrun for example_short_circuit_operator to 2023-11-24T10:25:54.342348+00:00, run_after=2023-11-25T10:25:54.342348+00:00
[2023-11-25T10:25:54.360+0000] {processor.py:179} INFO - Processing /home/airflow/.local/lib/python3.8/site-packages/airflow/example_dags/example_short_circuit_operator.py took 0.089 seconds
[2023-11-25T10:26:24.848+0000] {processor.py:157} INFO - Started process (PID=393) to work on /home/airflow/.local/lib/python3.8/site-packages/airflow/example_dags/example_short_circuit_operator.py
[2023-11-25T10:26:24.849+0000] {processor.py:829} INFO - Processing file /home/airflow/.local/lib/python3.8/site-packages/airflow/example_dags/example_short_circuit_operator.py for tasks to queue
[2023-11-25T10:26:24.851+0000] {logging_mixin.py:154} INFO - [2023-11-25T10:26:24.850+0000] {dagbag.py:536} INFO - Filling up the DagBag from /home/airflow/.local/lib/python3.8/site-packages/airflow/example_dags/example_short_circuit_operator.py
[2023-11-25T10:26:24.858+0000] {processor.py:839} INFO - DAG(s) dict_keys(['example_short_circuit_operator']) retrieved from /home/airflow/.local/lib/python3.8/site-packages/airflow/example_dags/example_short_circuit_operator.py
[2023-11-25T10:26:24.881+0000] {logging_mixin.py:154} INFO - [2023-11-25T10:26:24.881+0000] {dag.py:2941} INFO - Sync 1 DAGs
[2023-11-25T10:26:24.906+0000] {logging_mixin.py:154} INFO - [2023-11-25T10:26:24.906+0000] {dag.py:3722} INFO - Setting next_dagrun for example_short_circuit_operator to 2023-11-24T10:26:24.906439+00:00, run_after=2023-11-25T10:26:24.906439+00:00
[2023-11-25T10:26:24.925+0000] {processor.py:179} INFO - Processing /home/airflow/.local/lib/python3.8/site-packages/airflow/example_dags/example_short_circuit_operator.py took 0.080 seconds
[2023-11-25T10:26:55.495+0000] {processor.py:157} INFO - Started process (PID=447) to work on /home/airflow/.local/lib/python3.8/site-packages/airflow/example_dags/example_short_circuit_operator.py
[2023-11-25T10:26:55.496+0000] {processor.py:829} INFO - Processing file /home/airflow/.local/lib/python3.8/site-packages/airflow/example_dags/example_short_circuit_operator.py for tasks to queue
[2023-11-25T10:26:55.498+0000] {logging_mixin.py:154} INFO - [2023-11-25T10:26:55.498+0000] {dagbag.py:536} INFO - Filling up the DagBag from /home/airflow/.local/lib/python3.8/site-packages/airflow/example_dags/example_short_circuit_operator.py
[2023-11-25T10:26:55.505+0000] {processor.py:839} INFO - DAG(s) dict_keys(['example_short_circuit_operator']) retrieved from /home/airflow/.local/lib/python3.8/site-packages/airflow/example_dags/example_short_circuit_operator.py
[2023-11-25T10:26:55.528+0000] {logging_mixin.py:154} INFO - [2023-11-25T10:26:55.528+0000] {dag.py:2941} INFO - Sync 1 DAGs
[2023-11-25T10:26:55.552+0000] {logging_mixin.py:154} INFO - [2023-11-25T10:26:55.551+0000] {dag.py:3722} INFO - Setting next_dagrun for example_short_circuit_operator to 2023-11-24T10:26:55.551583+00:00, run_after=2023-11-25T10:26:55.551583+00:00
[2023-11-25T10:26:55.605+0000] {processor.py:179} INFO - Processing /home/airflow/.local/lib/python3.8/site-packages/airflow/example_dags/example_short_circuit_operator.py took 0.113 seconds
[2023-11-25T10:27:26.004+0000] {processor.py:157} INFO - Started process (PID=506) to work on /home/airflow/.local/lib/python3.8/site-packages/airflow/example_dags/example_short_circuit_operator.py
[2023-11-25T10:27:26.012+0000] {processor.py:829} INFO - Processing file /home/airflow/.local/lib/python3.8/site-packages/airflow/example_dags/example_short_circuit_operator.py for tasks to queue
[2023-11-25T10:27:26.015+0000] {logging_mixin.py:154} INFO - [2023-11-25T10:27:26.015+0000] {dagbag.py:536} INFO - Filling up the DagBag from /home/airflow/.local/lib/python3.8/site-packages/airflow/example_dags/example_short_circuit_operator.py
[2023-11-25T10:27:26.029+0000] {processor.py:839} INFO - DAG(s) dict_keys(['example_short_circuit_operator']) retrieved from /home/airflow/.local/lib/python3.8/site-packages/airflow/example_dags/example_short_circuit_operator.py
[2023-11-25T10:27:26.064+0000] {logging_mixin.py:154} INFO - [2023-11-25T10:27:26.064+0000] {dag.py:2941} INFO - Sync 1 DAGs
[2023-11-25T10:27:26.104+0000] {logging_mixin.py:154} INFO - [2023-11-25T10:27:26.104+0000] {dag.py:3722} INFO - Setting next_dagrun for example_short_circuit_operator to 2023-11-24T10:27:26.104186+00:00, run_after=2023-11-25T10:27:26.104186+00:00
[2023-11-25T10:27:26.135+0000] {processor.py:179} INFO - Processing /home/airflow/.local/lib/python3.8/site-packages/airflow/example_dags/example_short_circuit_operator.py took 0.135 seconds
[2023-11-25T10:27:57.207+0000] {processor.py:157} INFO - Started process (PID=561) to work on /home/airflow/.local/lib/python3.8/site-packages/airflow/example_dags/example_short_circuit_operator.py
[2023-11-25T10:27:57.208+0000] {processor.py:829} INFO - Processing file /home/airflow/.local/lib/python3.8/site-packages/airflow/example_dags/example_short_circuit_operator.py for tasks to queue
[2023-11-25T10:27:57.211+0000] {logging_mixin.py:154} INFO - [2023-11-25T10:27:57.210+0000] {dagbag.py:536} INFO - Filling up the DagBag from /home/airflow/.local/lib/python3.8/site-packages/airflow/example_dags/example_short_circuit_operator.py
[2023-11-25T10:27:57.218+0000] {processor.py:839} INFO - DAG(s) dict_keys(['example_short_circuit_operator']) retrieved from /home/airflow/.local/lib/python3.8/site-packages/airflow/example_dags/example_short_circuit_operator.py
[2023-11-25T10:27:57.247+0000] {logging_mixin.py:154} INFO - [2023-11-25T10:27:57.246+0000] {dag.py:2941} INFO - Sync 1 DAGs
[2023-11-25T10:27:57.286+0000] {logging_mixin.py:154} INFO - [2023-11-25T10:27:57.285+0000] {dag.py:3722} INFO - Setting next_dagrun for example_short_circuit_operator to 2023-11-24T10:27:57.285444+00:00, run_after=2023-11-25T10:27:57.285444+00:00
[2023-11-25T10:27:57.331+0000] {processor.py:179} INFO - Processing /home/airflow/.local/lib/python3.8/site-packages/airflow/example_dags/example_short_circuit_operator.py took 0.129 seconds
[2023-11-25T10:28:27.852+0000] {processor.py:157} INFO - Started process (PID=614) to work on /home/airflow/.local/lib/python3.8/site-packages/airflow/example_dags/example_short_circuit_operator.py
[2023-11-25T10:28:27.853+0000] {processor.py:829} INFO - Processing file /home/airflow/.local/lib/python3.8/site-packages/airflow/example_dags/example_short_circuit_operator.py for tasks to queue
[2023-11-25T10:28:27.856+0000] {logging_mixin.py:154} INFO - [2023-11-25T10:28:27.855+0000] {dagbag.py:536} INFO - Filling up the DagBag from /home/airflow/.local/lib/python3.8/site-packages/airflow/example_dags/example_short_circuit_operator.py
[2023-11-25T10:28:27.865+0000] {processor.py:839} INFO - DAG(s) dict_keys(['example_short_circuit_operator']) retrieved from /home/airflow/.local/lib/python3.8/site-packages/airflow/example_dags/example_short_circuit_operator.py
[2023-11-25T10:28:27.895+0000] {logging_mixin.py:154} INFO - [2023-11-25T10:28:27.895+0000] {dag.py:2941} INFO - Sync 1 DAGs
[2023-11-25T10:28:27.921+0000] {logging_mixin.py:154} INFO - [2023-11-25T10:28:27.921+0000] {dag.py:3722} INFO - Setting next_dagrun for example_short_circuit_operator to 2023-11-24T10:28:27.920763+00:00, run_after=2023-11-25T10:28:27.920763+00:00
[2023-11-25T10:28:27.950+0000] {processor.py:179} INFO - Processing /home/airflow/.local/lib/python3.8/site-packages/airflow/example_dags/example_short_circuit_operator.py took 0.101 seconds
[2023-11-25T10:28:58.193+0000] {processor.py:157} INFO - Started process (PID=668) to work on /home/airflow/.local/lib/python3.8/site-packages/airflow/example_dags/example_short_circuit_operator.py
[2023-11-25T10:28:58.194+0000] {processor.py:829} INFO - Processing file /home/airflow/.local/lib/python3.8/site-packages/airflow/example_dags/example_short_circuit_operator.py for tasks to queue
[2023-11-25T10:28:58.197+0000] {logging_mixin.py:154} INFO - [2023-11-25T10:28:58.196+0000] {dagbag.py:536} INFO - Filling up the DagBag from /home/airflow/.local/lib/python3.8/site-packages/airflow/example_dags/example_short_circuit_operator.py
[2023-11-25T10:28:58.208+0000] {processor.py:839} INFO - DAG(s) dict_keys(['example_short_circuit_operator']) retrieved from /home/airflow/.local/lib/python3.8/site-packages/airflow/example_dags/example_short_circuit_operator.py
[2023-11-25T10:28:58.253+0000] {logging_mixin.py:154} INFO - [2023-11-25T10:28:58.253+0000] {dag.py:2941} INFO - Sync 1 DAGs
[2023-11-25T10:28:58.287+0000] {logging_mixin.py:154} INFO - [2023-11-25T10:28:58.286+0000] {dag.py:3722} INFO - Setting next_dagrun for example_short_circuit_operator to 2023-11-24T10:28:58.286764+00:00, run_after=2023-11-25T10:28:58.286764+00:00
[2023-11-25T10:28:58.317+0000] {processor.py:179} INFO - Processing /home/airflow/.local/lib/python3.8/site-packages/airflow/example_dags/example_short_circuit_operator.py took 0.130 seconds
[2023-11-25T10:29:29.143+0000] {processor.py:157} INFO - Started process (PID=722) to work on /home/airflow/.local/lib/python3.8/site-packages/airflow/example_dags/example_short_circuit_operator.py
[2023-11-25T10:29:29.144+0000] {processor.py:829} INFO - Processing file /home/airflow/.local/lib/python3.8/site-packages/airflow/example_dags/example_short_circuit_operator.py for tasks to queue
[2023-11-25T10:29:29.146+0000] {logging_mixin.py:154} INFO - [2023-11-25T10:29:29.146+0000] {dagbag.py:536} INFO - Filling up the DagBag from /home/airflow/.local/lib/python3.8/site-packages/airflow/example_dags/example_short_circuit_operator.py
[2023-11-25T10:29:29.157+0000] {processor.py:839} INFO - DAG(s) dict_keys(['example_short_circuit_operator']) retrieved from /home/airflow/.local/lib/python3.8/site-packages/airflow/example_dags/example_short_circuit_operator.py
[2023-11-25T10:29:29.186+0000] {logging_mixin.py:154} INFO - [2023-11-25T10:29:29.186+0000] {dag.py:2941} INFO - Sync 1 DAGs
[2023-11-25T10:29:29.219+0000] {logging_mixin.py:154} INFO - [2023-11-25T10:29:29.219+0000] {dag.py:3722} INFO - Setting next_dagrun for example_short_circuit_operator to 2023-11-24T10:29:29.219332+00:00, run_after=2023-11-25T10:29:29.219332+00:00
[2023-11-25T10:29:29.247+0000] {processor.py:179} INFO - Processing /home/airflow/.local/lib/python3.8/site-packages/airflow/example_dags/example_short_circuit_operator.py took 0.108 seconds
[2023-11-25T10:29:59.322+0000] {processor.py:157} INFO - Started process (PID=776) to work on /home/airflow/.local/lib/python3.8/site-packages/airflow/example_dags/example_short_circuit_operator.py
[2023-11-25T10:29:59.323+0000] {processor.py:829} INFO - Processing file /home/airflow/.local/lib/python3.8/site-packages/airflow/example_dags/example_short_circuit_operator.py for tasks to queue
[2023-11-25T10:29:59.326+0000] {logging_mixin.py:154} INFO - [2023-11-25T10:29:59.325+0000] {dagbag.py:536} INFO - Filling up the DagBag from /home/airflow/.local/lib/python3.8/site-packages/airflow/example_dags/example_short_circuit_operator.py
[2023-11-25T10:29:59.332+0000] {processor.py:839} INFO - DAG(s) dict_keys(['example_short_circuit_operator']) retrieved from /home/airflow/.local/lib/python3.8/site-packages/airflow/example_dags/example_short_circuit_operator.py
[2023-11-25T10:29:59.353+0000] {logging_mixin.py:154} INFO - [2023-11-25T10:29:59.353+0000] {dag.py:2941} INFO - Sync 1 DAGs
[2023-11-25T10:29:59.375+0000] {logging_mixin.py:154} INFO - [2023-11-25T10:29:59.375+0000] {dag.py:3722} INFO - Setting next_dagrun for example_short_circuit_operator to 2023-11-24T10:29:59.374937+00:00, run_after=2023-11-25T10:29:59.374937+00:00
[2023-11-25T10:29:59.404+0000] {processor.py:179} INFO - Processing /home/airflow/.local/lib/python3.8/site-packages/airflow/example_dags/example_short_circuit_operator.py took 0.086 seconds
[2023-11-25T10:30:29.839+0000] {processor.py:157} INFO - Started process (PID=830) to work on /home/airflow/.local/lib/python3.8/site-packages/airflow/example_dags/example_short_circuit_operator.py
[2023-11-25T10:30:29.839+0000] {processor.py:829} INFO - Processing file /home/airflow/.local/lib/python3.8/site-packages/airflow/example_dags/example_short_circuit_operator.py for tasks to queue
[2023-11-25T10:30:29.841+0000] {logging_mixin.py:154} INFO - [2023-11-25T10:30:29.841+0000] {dagbag.py:536} INFO - Filling up the DagBag from /home/airflow/.local/lib/python3.8/site-packages/airflow/example_dags/example_short_circuit_operator.py
[2023-11-25T10:30:29.848+0000] {processor.py:839} INFO - DAG(s) dict_keys(['example_short_circuit_operator']) retrieved from /home/airflow/.local/lib/python3.8/site-packages/airflow/example_dags/example_short_circuit_operator.py
[2023-11-25T10:30:29.875+0000] {logging_mixin.py:154} INFO - [2023-11-25T10:30:29.875+0000] {dag.py:2941} INFO - Sync 1 DAGs
[2023-11-25T10:30:29.902+0000] {logging_mixin.py:154} INFO - [2023-11-25T10:30:29.902+0000] {dag.py:3722} INFO - Setting next_dagrun for example_short_circuit_operator to 2023-11-24T10:30:29.902015+00:00, run_after=2023-11-25T10:30:29.902015+00:00
[2023-11-25T10:30:29.944+0000] {processor.py:179} INFO - Processing /home/airflow/.local/lib/python3.8/site-packages/airflow/example_dags/example_short_circuit_operator.py took 0.109 seconds
[2023-11-25T10:31:00.417+0000] {processor.py:157} INFO - Started process (PID=884) to work on /home/airflow/.local/lib/python3.8/site-packages/airflow/example_dags/example_short_circuit_operator.py
[2023-11-25T10:31:00.420+0000] {processor.py:829} INFO - Processing file /home/airflow/.local/lib/python3.8/site-packages/airflow/example_dags/example_short_circuit_operator.py for tasks to queue
[2023-11-25T10:31:00.422+0000] {logging_mixin.py:154} INFO - [2023-11-25T10:31:00.422+0000] {dagbag.py:536} INFO - Filling up the DagBag from /home/airflow/.local/lib/python3.8/site-packages/airflow/example_dags/example_short_circuit_operator.py
[2023-11-25T10:31:00.430+0000] {processor.py:839} INFO - DAG(s) dict_keys(['example_short_circuit_operator']) retrieved from /home/airflow/.local/lib/python3.8/site-packages/airflow/example_dags/example_short_circuit_operator.py
[2023-11-25T10:31:00.452+0000] {logging_mixin.py:154} INFO - [2023-11-25T10:31:00.452+0000] {dag.py:2941} INFO - Sync 1 DAGs
[2023-11-25T10:31:00.473+0000] {logging_mixin.py:154} INFO - [2023-11-25T10:31:00.472+0000] {dag.py:3722} INFO - Setting next_dagrun for example_short_circuit_operator to 2023-11-24T10:31:00.472625+00:00, run_after=2023-11-25T10:31:00.472625+00:00
[2023-11-25T10:31:00.489+0000] {processor.py:179} INFO - Processing /home/airflow/.local/lib/python3.8/site-packages/airflow/example_dags/example_short_circuit_operator.py took 0.075 seconds
[2023-11-25T10:31:30.737+0000] {processor.py:157} INFO - Started process (PID=937) to work on /home/airflow/.local/lib/python3.8/site-packages/airflow/example_dags/example_short_circuit_operator.py
[2023-11-25T10:31:30.738+0000] {processor.py:829} INFO - Processing file /home/airflow/.local/lib/python3.8/site-packages/airflow/example_dags/example_short_circuit_operator.py for tasks to queue
[2023-11-25T10:31:30.740+0000] {logging_mixin.py:154} INFO - [2023-11-25T10:31:30.740+0000] {dagbag.py:536} INFO - Filling up the DagBag from /home/airflow/.local/lib/python3.8/site-packages/airflow/example_dags/example_short_circuit_operator.py
[2023-11-25T10:31:30.749+0000] {processor.py:839} INFO - DAG(s) dict_keys(['example_short_circuit_operator']) retrieved from /home/airflow/.local/lib/python3.8/site-packages/airflow/example_dags/example_short_circuit_operator.py
[2023-11-25T10:31:30.783+0000] {logging_mixin.py:154} INFO - [2023-11-25T10:31:30.783+0000] {dag.py:2941} INFO - Sync 1 DAGs
[2023-11-25T10:31:30.819+0000] {logging_mixin.py:154} INFO - [2023-11-25T10:31:30.818+0000] {dag.py:3722} INFO - Setting next_dagrun for example_short_circuit_operator to 2023-11-24T10:31:30.818428+00:00, run_after=2023-11-25T10:31:30.818428+00:00
[2023-11-25T10:31:30.854+0000] {processor.py:179} INFO - Processing /home/airflow/.local/lib/python3.8/site-packages/airflow/example_dags/example_short_circuit_operator.py took 0.121 seconds
[2023-11-25T10:32:01.533+0000] {processor.py:157} INFO - Started process (PID=991) to work on /home/airflow/.local/lib/python3.8/site-packages/airflow/example_dags/example_short_circuit_operator.py
[2023-11-25T10:32:01.534+0000] {processor.py:829} INFO - Processing file /home/airflow/.local/lib/python3.8/site-packages/airflow/example_dags/example_short_circuit_operator.py for tasks to queue
[2023-11-25T10:32:01.537+0000] {logging_mixin.py:154} INFO - [2023-11-25T10:32:01.536+0000] {dagbag.py:536} INFO - Filling up the DagBag from /home/airflow/.local/lib/python3.8/site-packages/airflow/example_dags/example_short_circuit_operator.py
[2023-11-25T10:32:01.547+0000] {processor.py:839} INFO - DAG(s) dict_keys(['example_short_circuit_operator']) retrieved from /home/airflow/.local/lib/python3.8/site-packages/airflow/example_dags/example_short_circuit_operator.py
[2023-11-25T10:32:01.572+0000] {logging_mixin.py:154} INFO - [2023-11-25T10:32:01.572+0000] {dag.py:2941} INFO - Sync 1 DAGs
[2023-11-25T10:32:01.599+0000] {logging_mixin.py:154} INFO - [2023-11-25T10:32:01.599+0000] {dag.py:3722} INFO - Setting next_dagrun for example_short_circuit_operator to 2023-11-24T10:32:01.599197+00:00, run_after=2023-11-25T10:32:01.599197+00:00
[2023-11-25T10:32:01.659+0000] {processor.py:179} INFO - Processing /home/airflow/.local/lib/python3.8/site-packages/airflow/example_dags/example_short_circuit_operator.py took 0.130 seconds
[2023-11-25T10:32:32.603+0000] {processor.py:157} INFO - Started process (PID=1045) to work on /home/airflow/.local/lib/python3.8/site-packages/airflow/example_dags/example_short_circuit_operator.py
[2023-11-25T10:32:32.604+0000] {processor.py:829} INFO - Processing file /home/airflow/.local/lib/python3.8/site-packages/airflow/example_dags/example_short_circuit_operator.py for tasks to queue
[2023-11-25T10:32:32.606+0000] {logging_mixin.py:154} INFO - [2023-11-25T10:32:32.606+0000] {dagbag.py:536} INFO - Filling up the DagBag from /home/airflow/.local/lib/python3.8/site-packages/airflow/example_dags/example_short_circuit_operator.py
[2023-11-25T10:32:32.615+0000] {processor.py:839} INFO - DAG(s) dict_keys(['example_short_circuit_operator']) retrieved from /home/airflow/.local/lib/python3.8/site-packages/airflow/example_dags/example_short_circuit_operator.py
[2023-11-25T10:32:32.645+0000] {logging_mixin.py:154} INFO - [2023-11-25T10:32:32.645+0000] {dag.py:2941} INFO - Sync 1 DAGs
[2023-11-25T10:32:32.674+0000] {logging_mixin.py:154} INFO - [2023-11-25T10:32:32.674+0000] {dag.py:3722} INFO - Setting next_dagrun for example_short_circuit_operator to 2023-11-24T10:32:32.673820+00:00, run_after=2023-11-25T10:32:32.673820+00:00
[2023-11-25T10:32:32.706+0000] {processor.py:179} INFO - Processing /home/airflow/.local/lib/python3.8/site-packages/airflow/example_dags/example_short_circuit_operator.py took 0.105 seconds
[2023-11-25T10:33:03.574+0000] {processor.py:157} INFO - Started process (PID=1099) to work on /home/airflow/.local/lib/python3.8/site-packages/airflow/example_dags/example_short_circuit_operator.py
[2023-11-25T10:33:03.575+0000] {processor.py:829} INFO - Processing file /home/airflow/.local/lib/python3.8/site-packages/airflow/example_dags/example_short_circuit_operator.py for tasks to queue
[2023-11-25T10:33:03.578+0000] {logging_mixin.py:154} INFO - [2023-11-25T10:33:03.577+0000] {dagbag.py:536} INFO - Filling up the DagBag from /home/airflow/.local/lib/python3.8/site-packages/airflow/example_dags/example_short_circuit_operator.py
[2023-11-25T10:33:03.591+0000] {processor.py:839} INFO - DAG(s) dict_keys(['example_short_circuit_operator']) retrieved from /home/airflow/.local/lib/python3.8/site-packages/airflow/example_dags/example_short_circuit_operator.py
[2023-11-25T10:33:03.626+0000] {logging_mixin.py:154} INFO - [2023-11-25T10:33:03.626+0000] {dag.py:2941} INFO - Sync 1 DAGs
[2023-11-25T10:33:03.661+0000] {logging_mixin.py:154} INFO - [2023-11-25T10:33:03.661+0000] {dag.py:3722} INFO - Setting next_dagrun for example_short_circuit_operator to 2023-11-24T10:33:03.660769+00:00, run_after=2023-11-25T10:33:03.660769+00:00
[2023-11-25T10:33:03.683+0000] {processor.py:179} INFO - Processing /home/airflow/.local/lib/python3.8/site-packages/airflow/example_dags/example_short_circuit_operator.py took 0.113 seconds
[2023-11-25T10:33:33.806+0000] {processor.py:157} INFO - Started process (PID=1153) to work on /home/airflow/.local/lib/python3.8/site-packages/airflow/example_dags/example_short_circuit_operator.py
[2023-11-25T10:33:33.807+0000] {processor.py:829} INFO - Processing file /home/airflow/.local/lib/python3.8/site-packages/airflow/example_dags/example_short_circuit_operator.py for tasks to queue
[2023-11-25T10:33:33.810+0000] {logging_mixin.py:154} INFO - [2023-11-25T10:33:33.809+0000] {dagbag.py:536} INFO - Filling up the DagBag from /home/airflow/.local/lib/python3.8/site-packages/airflow/example_dags/example_short_circuit_operator.py
[2023-11-25T10:33:33.819+0000] {processor.py:839} INFO - DAG(s) dict_keys(['example_short_circuit_operator']) retrieved from /home/airflow/.local/lib/python3.8/site-packages/airflow/example_dags/example_short_circuit_operator.py
[2023-11-25T10:33:33.850+0000] {logging_mixin.py:154} INFO - [2023-11-25T10:33:33.850+0000] {dag.py:2941} INFO - Sync 1 DAGs
[2023-11-25T10:33:33.884+0000] {logging_mixin.py:154} INFO - [2023-11-25T10:33:33.884+0000] {dag.py:3722} INFO - Setting next_dagrun for example_short_circuit_operator to 2023-11-24T10:33:33.883870+00:00, run_after=2023-11-25T10:33:33.883870+00:00
[2023-11-25T10:33:33.908+0000] {processor.py:179} INFO - Processing /home/airflow/.local/lib/python3.8/site-packages/airflow/example_dags/example_short_circuit_operator.py took 0.105 seconds
[2023-11-25T10:34:04.566+0000] {processor.py:157} INFO - Started process (PID=1206) to work on /home/airflow/.local/lib/python3.8/site-packages/airflow/example_dags/example_short_circuit_operator.py
[2023-11-25T10:34:04.567+0000] {processor.py:829} INFO - Processing file /home/airflow/.local/lib/python3.8/site-packages/airflow/example_dags/example_short_circuit_operator.py for tasks to queue
[2023-11-25T10:34:04.569+0000] {logging_mixin.py:154} INFO - [2023-11-25T10:34:04.569+0000] {dagbag.py:536} INFO - Filling up the DagBag from /home/airflow/.local/lib/python3.8/site-packages/airflow/example_dags/example_short_circuit_operator.py
[2023-11-25T10:34:04.578+0000] {processor.py:839} INFO - DAG(s) dict_keys(['example_short_circuit_operator']) retrieved from /home/airflow/.local/lib/python3.8/site-packages/airflow/example_dags/example_short_circuit_operator.py
[2023-11-25T10:34:04.603+0000] {logging_mixin.py:154} INFO - [2023-11-25T10:34:04.603+0000] {dag.py:2941} INFO - Sync 1 DAGs
[2023-11-25T10:34:04.627+0000] {logging_mixin.py:154} INFO - [2023-11-25T10:34:04.627+0000] {dag.py:3722} INFO - Setting next_dagrun for example_short_circuit_operator to 2023-11-24T10:34:04.627459+00:00, run_after=2023-11-25T10:34:04.627459+00:00
[2023-11-25T10:34:04.648+0000] {processor.py:179} INFO - Processing /home/airflow/.local/lib/python3.8/site-packages/airflow/example_dags/example_short_circuit_operator.py took 0.085 seconds
[2023-11-25T10:34:36.464+0000] {processor.py:157} INFO - Started process (PID=1260) to work on /home/airflow/.local/lib/python3.8/site-packages/airflow/example_dags/example_short_circuit_operator.py
[2023-11-25T10:34:36.465+0000] {processor.py:829} INFO - Processing file /home/airflow/.local/lib/python3.8/site-packages/airflow/example_dags/example_short_circuit_operator.py for tasks to queue
[2023-11-25T10:34:36.468+0000] {logging_mixin.py:154} INFO - [2023-11-25T10:34:36.467+0000] {dagbag.py:536} INFO - Filling up the DagBag from /home/airflow/.local/lib/python3.8/site-packages/airflow/example_dags/example_short_circuit_operator.py
[2023-11-25T10:34:36.476+0000] {processor.py:839} INFO - DAG(s) dict_keys(['example_short_circuit_operator']) retrieved from /home/airflow/.local/lib/python3.8/site-packages/airflow/example_dags/example_short_circuit_operator.py
[2023-11-25T10:34:36.510+0000] {logging_mixin.py:154} INFO - [2023-11-25T10:34:36.509+0000] {dag.py:2941} INFO - Sync 1 DAGs
[2023-11-25T10:34:36.715+0000] {logging_mixin.py:154} INFO - [2023-11-25T10:34:36.715+0000] {dag.py:3722} INFO - Setting next_dagrun for example_short_circuit_operator to 2023-11-24T10:34:36.715107+00:00, run_after=2023-11-25T10:34:36.715107+00:00
[2023-11-25T10:34:36.736+0000] {processor.py:179} INFO - Processing /home/airflow/.local/lib/python3.8/site-packages/airflow/example_dags/example_short_circuit_operator.py took 0.277 seconds
[2023-11-25T10:35:07.301+0000] {processor.py:157} INFO - Started process (PID=1314) to work on /home/airflow/.local/lib/python3.8/site-packages/airflow/example_dags/example_short_circuit_operator.py
[2023-11-25T10:35:07.302+0000] {processor.py:829} INFO - Processing file /home/airflow/.local/lib/python3.8/site-packages/airflow/example_dags/example_short_circuit_operator.py for tasks to queue
[2023-11-25T10:35:07.303+0000] {logging_mixin.py:154} INFO - [2023-11-25T10:35:07.303+0000] {dagbag.py:536} INFO - Filling up the DagBag from /home/airflow/.local/lib/python3.8/site-packages/airflow/example_dags/example_short_circuit_operator.py
[2023-11-25T10:35:07.312+0000] {processor.py:839} INFO - DAG(s) dict_keys(['example_short_circuit_operator']) retrieved from /home/airflow/.local/lib/python3.8/site-packages/airflow/example_dags/example_short_circuit_operator.py
[2023-11-25T10:35:07.340+0000] {logging_mixin.py:154} INFO - [2023-11-25T10:35:07.340+0000] {dag.py:2941} INFO - Sync 1 DAGs
[2023-11-25T10:35:07.366+0000] {logging_mixin.py:154} INFO - [2023-11-25T10:35:07.366+0000] {dag.py:3722} INFO - Setting next_dagrun for example_short_circuit_operator to 2023-11-24T10:35:07.366302+00:00, run_after=2023-11-25T10:35:07.366302+00:00
[2023-11-25T10:35:07.384+0000] {processor.py:179} INFO - Processing /home/airflow/.local/lib/python3.8/site-packages/airflow/example_dags/example_short_circuit_operator.py took 0.086 seconds
[2023-11-25T10:35:38.046+0000] {processor.py:157} INFO - Started process (PID=1368) to work on /home/airflow/.local/lib/python3.8/site-packages/airflow/example_dags/example_short_circuit_operator.py
[2023-11-25T10:35:38.046+0000] {processor.py:829} INFO - Processing file /home/airflow/.local/lib/python3.8/site-packages/airflow/example_dags/example_short_circuit_operator.py for tasks to queue
[2023-11-25T10:35:38.048+0000] {logging_mixin.py:154} INFO - [2023-11-25T10:35:38.048+0000] {dagbag.py:536} INFO - Filling up the DagBag from /home/airflow/.local/lib/python3.8/site-packages/airflow/example_dags/example_short_circuit_operator.py
[2023-11-25T10:35:38.058+0000] {processor.py:839} INFO - DAG(s) dict_keys(['example_short_circuit_operator']) retrieved from /home/airflow/.local/lib/python3.8/site-packages/airflow/example_dags/example_short_circuit_operator.py
[2023-11-25T10:35:38.093+0000] {logging_mixin.py:154} INFO - [2023-11-25T10:35:38.092+0000] {dag.py:2941} INFO - Sync 1 DAGs
[2023-11-25T10:35:38.125+0000] {logging_mixin.py:154} INFO - [2023-11-25T10:35:38.125+0000] {dag.py:3722} INFO - Setting next_dagrun for example_short_circuit_operator to 2023-11-24T10:35:38.125100+00:00, run_after=2023-11-25T10:35:38.125100+00:00
[2023-11-25T10:35:38.170+0000] {processor.py:179} INFO - Processing /home/airflow/.local/lib/python3.8/site-packages/airflow/example_dags/example_short_circuit_operator.py took 0.128 seconds
[2023-11-25T10:36:08.354+0000] {processor.py:157} INFO - Started process (PID=1422) to work on /home/airflow/.local/lib/python3.8/site-packages/airflow/example_dags/example_short_circuit_operator.py
[2023-11-25T10:36:08.355+0000] {processor.py:829} INFO - Processing file /home/airflow/.local/lib/python3.8/site-packages/airflow/example_dags/example_short_circuit_operator.py for tasks to queue
[2023-11-25T10:36:08.358+0000] {logging_mixin.py:154} INFO - [2023-11-25T10:36:08.357+0000] {dagbag.py:536} INFO - Filling up the DagBag from /home/airflow/.local/lib/python3.8/site-packages/airflow/example_dags/example_short_circuit_operator.py
[2023-11-25T10:36:08.372+0000] {processor.py:839} INFO - DAG(s) dict_keys(['example_short_circuit_operator']) retrieved from /home/airflow/.local/lib/python3.8/site-packages/airflow/example_dags/example_short_circuit_operator.py
[2023-11-25T10:36:08.409+0000] {logging_mixin.py:154} INFO - [2023-11-25T10:36:08.409+0000] {dag.py:2941} INFO - Sync 1 DAGs
[2023-11-25T10:36:08.565+0000] {logging_mixin.py:154} INFO - [2023-11-25T10:36:08.565+0000] {dag.py:3722} INFO - Setting next_dagrun for example_short_circuit_operator to 2023-11-24T10:36:08.565564+00:00, run_after=2023-11-25T10:36:08.565564+00:00
[2023-11-25T10:36:08.599+0000] {processor.py:179} INFO - Processing /home/airflow/.local/lib/python3.8/site-packages/airflow/example_dags/example_short_circuit_operator.py took 0.250 seconds
[2023-11-25T10:36:39.575+0000] {processor.py:157} INFO - Started process (PID=1476) to work on /home/airflow/.local/lib/python3.8/site-packages/airflow/example_dags/example_short_circuit_operator.py
[2023-11-25T10:36:39.576+0000] {processor.py:829} INFO - Processing file /home/airflow/.local/lib/python3.8/site-packages/airflow/example_dags/example_short_circuit_operator.py for tasks to queue
[2023-11-25T10:36:39.578+0000] {logging_mixin.py:154} INFO - [2023-11-25T10:36:39.578+0000] {dagbag.py:536} INFO - Filling up the DagBag from /home/airflow/.local/lib/python3.8/site-packages/airflow/example_dags/example_short_circuit_operator.py
[2023-11-25T10:36:39.590+0000] {processor.py:839} INFO - DAG(s) dict_keys(['example_short_circuit_operator']) retrieved from /home/airflow/.local/lib/python3.8/site-packages/airflow/example_dags/example_short_circuit_operator.py
[2023-11-25T10:36:39.615+0000] {logging_mixin.py:154} INFO - [2023-11-25T10:36:39.615+0000] {dag.py:2941} INFO - Sync 1 DAGs
[2023-11-25T10:36:39.639+0000] {logging_mixin.py:154} INFO - [2023-11-25T10:36:39.639+0000] {dag.py:3722} INFO - Setting next_dagrun for example_short_circuit_operator to 2023-11-24T10:36:39.639002+00:00, run_after=2023-11-25T10:36:39.639002+00:00
[2023-11-25T10:36:39.664+0000] {processor.py:179} INFO - Processing /home/airflow/.local/lib/python3.8/site-packages/airflow/example_dags/example_short_circuit_operator.py took 0.092 seconds
[2023-11-25T10:37:10.420+0000] {processor.py:157} INFO - Started process (PID=1529) to work on /home/airflow/.local/lib/python3.8/site-packages/airflow/example_dags/example_short_circuit_operator.py
[2023-11-25T10:37:10.421+0000] {processor.py:829} INFO - Processing file /home/airflow/.local/lib/python3.8/site-packages/airflow/example_dags/example_short_circuit_operator.py for tasks to queue
[2023-11-25T10:37:10.423+0000] {logging_mixin.py:154} INFO - [2023-11-25T10:37:10.423+0000] {dagbag.py:536} INFO - Filling up the DagBag from /home/airflow/.local/lib/python3.8/site-packages/airflow/example_dags/example_short_circuit_operator.py
[2023-11-25T10:37:10.433+0000] {processor.py:839} INFO - DAG(s) dict_keys(['example_short_circuit_operator']) retrieved from /home/airflow/.local/lib/python3.8/site-packages/airflow/example_dags/example_short_circuit_operator.py
[2023-11-25T10:37:10.618+0000] {logging_mixin.py:154} INFO - [2023-11-25T10:37:10.618+0000] {dag.py:2941} INFO - Sync 1 DAGs
[2023-11-25T10:37:10.649+0000] {logging_mixin.py:154} INFO - [2023-11-25T10:37:10.649+0000] {dag.py:3722} INFO - Setting next_dagrun for example_short_circuit_operator to 2023-11-24T10:37:10.649295+00:00, run_after=2023-11-25T10:37:10.649295+00:00
[2023-11-25T10:37:10.675+0000] {processor.py:179} INFO - Processing /home/airflow/.local/lib/python3.8/site-packages/airflow/example_dags/example_short_circuit_operator.py took 0.259 seconds
[2023-11-25T10:37:40.737+0000] {processor.py:157} INFO - Started process (PID=1582) to work on /home/airflow/.local/lib/python3.8/site-packages/airflow/example_dags/example_short_circuit_operator.py
[2023-11-25T10:37:40.738+0000] {processor.py:829} INFO - Processing file /home/airflow/.local/lib/python3.8/site-packages/airflow/example_dags/example_short_circuit_operator.py for tasks to queue
[2023-11-25T10:37:40.740+0000] {logging_mixin.py:154} INFO - [2023-11-25T10:37:40.740+0000] {dagbag.py:536} INFO - Filling up the DagBag from /home/airflow/.local/lib/python3.8/site-packages/airflow/example_dags/example_short_circuit_operator.py
[2023-11-25T10:37:40.749+0000] {processor.py:839} INFO - DAG(s) dict_keys(['example_short_circuit_operator']) retrieved from /home/airflow/.local/lib/python3.8/site-packages/airflow/example_dags/example_short_circuit_operator.py
[2023-11-25T10:37:40.772+0000] {logging_mixin.py:154} INFO - [2023-11-25T10:37:40.772+0000] {dag.py:2941} INFO - Sync 1 DAGs
[2023-11-25T10:37:40.794+0000] {logging_mixin.py:154} INFO - [2023-11-25T10:37:40.794+0000] {dag.py:3722} INFO - Setting next_dagrun for example_short_circuit_operator to 2023-11-24T10:37:40.794216+00:00, run_after=2023-11-25T10:37:40.794216+00:00
[2023-11-25T10:37:40.828+0000] {processor.py:179} INFO - Processing /home/airflow/.local/lib/python3.8/site-packages/airflow/example_dags/example_short_circuit_operator.py took 0.096 seconds
[2023-11-25T10:38:11.095+0000] {processor.py:157} INFO - Started process (PID=1637) to work on /home/airflow/.local/lib/python3.8/site-packages/airflow/example_dags/example_short_circuit_operator.py
[2023-11-25T10:38:11.096+0000] {processor.py:829} INFO - Processing file /home/airflow/.local/lib/python3.8/site-packages/airflow/example_dags/example_short_circuit_operator.py for tasks to queue
[2023-11-25T10:38:11.099+0000] {logging_mixin.py:154} INFO - [2023-11-25T10:38:11.099+0000] {dagbag.py:536} INFO - Filling up the DagBag from /home/airflow/.local/lib/python3.8/site-packages/airflow/example_dags/example_short_circuit_operator.py
[2023-11-25T10:38:11.110+0000] {processor.py:839} INFO - DAG(s) dict_keys(['example_short_circuit_operator']) retrieved from /home/airflow/.local/lib/python3.8/site-packages/airflow/example_dags/example_short_circuit_operator.py
[2023-11-25T10:38:11.143+0000] {logging_mixin.py:154} INFO - [2023-11-25T10:38:11.143+0000] {dag.py:2941} INFO - Sync 1 DAGs
[2023-11-25T10:38:11.174+0000] {logging_mixin.py:154} INFO - [2023-11-25T10:38:11.174+0000] {dag.py:3722} INFO - Setting next_dagrun for example_short_circuit_operator to 2023-11-24T10:38:11.174280+00:00, run_after=2023-11-25T10:38:11.174280+00:00
[2023-11-25T10:38:11.200+0000] {processor.py:179} INFO - Processing /home/airflow/.local/lib/python3.8/site-packages/airflow/example_dags/example_short_circuit_operator.py took 0.109 seconds
[2023-11-25T10:38:41.333+0000] {processor.py:157} INFO - Started process (PID=1691) to work on /home/airflow/.local/lib/python3.8/site-packages/airflow/example_dags/example_short_circuit_operator.py
[2023-11-25T10:38:41.334+0000] {processor.py:829} INFO - Processing file /home/airflow/.local/lib/python3.8/site-packages/airflow/example_dags/example_short_circuit_operator.py for tasks to queue
[2023-11-25T10:38:41.338+0000] {logging_mixin.py:154} INFO - [2023-11-25T10:38:41.337+0000] {dagbag.py:536} INFO - Filling up the DagBag from /home/airflow/.local/lib/python3.8/site-packages/airflow/example_dags/example_short_circuit_operator.py
[2023-11-25T10:38:41.348+0000] {processor.py:839} INFO - DAG(s) dict_keys(['example_short_circuit_operator']) retrieved from /home/airflow/.local/lib/python3.8/site-packages/airflow/example_dags/example_short_circuit_operator.py
[2023-11-25T10:38:41.375+0000] {logging_mixin.py:154} INFO - [2023-11-25T10:38:41.375+0000] {dag.py:2941} INFO - Sync 1 DAGs
[2023-11-25T10:38:41.401+0000] {logging_mixin.py:154} INFO - [2023-11-25T10:38:41.401+0000] {dag.py:3722} INFO - Setting next_dagrun for example_short_circuit_operator to 2023-11-24T10:38:41.400937+00:00, run_after=2023-11-25T10:38:41.400937+00:00
[2023-11-25T10:38:41.421+0000] {processor.py:179} INFO - Processing /home/airflow/.local/lib/python3.8/site-packages/airflow/example_dags/example_short_circuit_operator.py took 0.094 seconds
[2023-11-25T10:39:11.685+0000] {processor.py:157} INFO - Started process (PID=1745) to work on /home/airflow/.local/lib/python3.8/site-packages/airflow/example_dags/example_short_circuit_operator.py
[2023-11-25T10:39:11.686+0000] {processor.py:829} INFO - Processing file /home/airflow/.local/lib/python3.8/site-packages/airflow/example_dags/example_short_circuit_operator.py for tasks to queue
[2023-11-25T10:39:11.689+0000] {logging_mixin.py:154} INFO - [2023-11-25T10:39:11.688+0000] {dagbag.py:536} INFO - Filling up the DagBag from /home/airflow/.local/lib/python3.8/site-packages/airflow/example_dags/example_short_circuit_operator.py
[2023-11-25T10:39:11.696+0000] {processor.py:839} INFO - DAG(s) dict_keys(['example_short_circuit_operator']) retrieved from /home/airflow/.local/lib/python3.8/site-packages/airflow/example_dags/example_short_circuit_operator.py
[2023-11-25T10:39:11.719+0000] {logging_mixin.py:154} INFO - [2023-11-25T10:39:11.719+0000] {dag.py:2941} INFO - Sync 1 DAGs
[2023-11-25T10:39:11.741+0000] {logging_mixin.py:154} INFO - [2023-11-25T10:39:11.741+0000] {dag.py:3722} INFO - Setting next_dagrun for example_short_circuit_operator to 2023-11-24T10:39:11.741210+00:00, run_after=2023-11-25T10:39:11.741210+00:00
[2023-11-25T10:39:11.763+0000] {processor.py:179} INFO - Processing /home/airflow/.local/lib/python3.8/site-packages/airflow/example_dags/example_short_circuit_operator.py took 0.082 seconds
[2023-11-25T10:39:41.997+0000] {processor.py:157} INFO - Started process (PID=1799) to work on /home/airflow/.local/lib/python3.8/site-packages/airflow/example_dags/example_short_circuit_operator.py
[2023-11-25T10:39:41.998+0000] {processor.py:829} INFO - Processing file /home/airflow/.local/lib/python3.8/site-packages/airflow/example_dags/example_short_circuit_operator.py for tasks to queue
[2023-11-25T10:39:42.000+0000] {logging_mixin.py:154} INFO - [2023-11-25T10:39:42.000+0000] {dagbag.py:536} INFO - Filling up the DagBag from /home/airflow/.local/lib/python3.8/site-packages/airflow/example_dags/example_short_circuit_operator.py
[2023-11-25T10:39:42.008+0000] {processor.py:839} INFO - DAG(s) dict_keys(['example_short_circuit_operator']) retrieved from /home/airflow/.local/lib/python3.8/site-packages/airflow/example_dags/example_short_circuit_operator.py
[2023-11-25T10:39:42.033+0000] {logging_mixin.py:154} INFO - [2023-11-25T10:39:42.032+0000] {dag.py:2941} INFO - Sync 1 DAGs
[2023-11-25T10:39:42.053+0000] {logging_mixin.py:154} INFO - [2023-11-25T10:39:42.052+0000] {dag.py:3722} INFO - Setting next_dagrun for example_short_circuit_operator to 2023-11-24T10:39:42.052757+00:00, run_after=2023-11-25T10:39:42.052757+00:00
[2023-11-25T10:39:42.086+0000] {processor.py:179} INFO - Processing /home/airflow/.local/lib/python3.8/site-packages/airflow/example_dags/example_short_circuit_operator.py took 0.093 seconds
[2023-11-25T11:05:07.500+0000] {processor.py:157} INFO - Started process (PID=68) to work on /home/airflow/.local/lib/python3.8/site-packages/airflow/example_dags/example_short_circuit_operator.py
[2023-11-25T11:05:07.501+0000] {processor.py:829} INFO - Processing file /home/airflow/.local/lib/python3.8/site-packages/airflow/example_dags/example_short_circuit_operator.py for tasks to queue
[2023-11-25T11:05:07.503+0000] {logging_mixin.py:154} INFO - [2023-11-25T11:05:07.503+0000] {dagbag.py:536} INFO - Filling up the DagBag from /home/airflow/.local/lib/python3.8/site-packages/airflow/example_dags/example_short_circuit_operator.py
[2023-11-25T11:05:07.517+0000] {processor.py:839} INFO - DAG(s) dict_keys(['example_short_circuit_operator']) retrieved from /home/airflow/.local/lib/python3.8/site-packages/airflow/example_dags/example_short_circuit_operator.py
[2023-11-25T11:05:07.532+0000] {logging_mixin.py:154} INFO - [2023-11-25T11:05:07.531+0000] {dag.py:2941} INFO - Sync 1 DAGs
[2023-11-25T11:05:07.568+0000] {logging_mixin.py:154} INFO - [2023-11-25T11:05:07.568+0000] {dag.py:3722} INFO - Setting next_dagrun for example_short_circuit_operator to 2023-11-24T11:05:07.568371+00:00, run_after=2023-11-25T11:05:07.568371+00:00
[2023-11-25T11:05:07.600+0000] {processor.py:179} INFO - Processing /home/airflow/.local/lib/python3.8/site-packages/airflow/example_dags/example_short_circuit_operator.py took 0.104 seconds
[2023-11-25T11:05:38.127+0000] {processor.py:157} INFO - Started process (PID=122) to work on /home/airflow/.local/lib/python3.8/site-packages/airflow/example_dags/example_short_circuit_operator.py
[2023-11-25T11:05:38.128+0000] {processor.py:829} INFO - Processing file /home/airflow/.local/lib/python3.8/site-packages/airflow/example_dags/example_short_circuit_operator.py for tasks to queue
[2023-11-25T11:05:38.131+0000] {logging_mixin.py:154} INFO - [2023-11-25T11:05:38.130+0000] {dagbag.py:536} INFO - Filling up the DagBag from /home/airflow/.local/lib/python3.8/site-packages/airflow/example_dags/example_short_circuit_operator.py
[2023-11-25T11:05:38.137+0000] {processor.py:839} INFO - DAG(s) dict_keys(['example_short_circuit_operator']) retrieved from /home/airflow/.local/lib/python3.8/site-packages/airflow/example_dags/example_short_circuit_operator.py
[2023-11-25T11:05:38.167+0000] {logging_mixin.py:154} INFO - [2023-11-25T11:05:38.167+0000] {dag.py:2941} INFO - Sync 1 DAGs
[2023-11-25T11:05:38.197+0000] {logging_mixin.py:154} INFO - [2023-11-25T11:05:38.197+0000] {dag.py:3722} INFO - Setting next_dagrun for example_short_circuit_operator to 2023-11-24T11:05:38.197165+00:00, run_after=2023-11-25T11:05:38.197165+00:00
[2023-11-25T11:05:38.225+0000] {processor.py:179} INFO - Processing /home/airflow/.local/lib/python3.8/site-packages/airflow/example_dags/example_short_circuit_operator.py took 0.101 seconds
[2023-11-25T11:06:09.013+0000] {processor.py:157} INFO - Started process (PID=176) to work on /home/airflow/.local/lib/python3.8/site-packages/airflow/example_dags/example_short_circuit_operator.py
[2023-11-25T11:06:09.013+0000] {processor.py:829} INFO - Processing file /home/airflow/.local/lib/python3.8/site-packages/airflow/example_dags/example_short_circuit_operator.py for tasks to queue
[2023-11-25T11:06:09.015+0000] {logging_mixin.py:154} INFO - [2023-11-25T11:06:09.015+0000] {dagbag.py:536} INFO - Filling up the DagBag from /home/airflow/.local/lib/python3.8/site-packages/airflow/example_dags/example_short_circuit_operator.py
[2023-11-25T11:06:09.025+0000] {processor.py:839} INFO - DAG(s) dict_keys(['example_short_circuit_operator']) retrieved from /home/airflow/.local/lib/python3.8/site-packages/airflow/example_dags/example_short_circuit_operator.py
[2023-11-25T11:06:09.047+0000] {logging_mixin.py:154} INFO - [2023-11-25T11:06:09.047+0000] {dag.py:2941} INFO - Sync 1 DAGs
[2023-11-25T11:06:09.068+0000] {logging_mixin.py:154} INFO - [2023-11-25T11:06:09.068+0000] {dag.py:3722} INFO - Setting next_dagrun for example_short_circuit_operator to 2023-11-24T11:06:09.067867+00:00, run_after=2023-11-25T11:06:09.067867+00:00
[2023-11-25T11:06:09.086+0000] {processor.py:179} INFO - Processing /home/airflow/.local/lib/python3.8/site-packages/airflow/example_dags/example_short_circuit_operator.py took 0.076 seconds
[2023-11-25T11:07:43.829+0000] {processor.py:157} INFO - Started process (PID=68) to work on /home/airflow/.local/lib/python3.8/site-packages/airflow/example_dags/example_short_circuit_operator.py
[2023-11-25T11:07:43.834+0000] {processor.py:829} INFO - Processing file /home/airflow/.local/lib/python3.8/site-packages/airflow/example_dags/example_short_circuit_operator.py for tasks to queue
[2023-11-25T11:07:43.837+0000] {logging_mixin.py:154} INFO - [2023-11-25T11:07:43.836+0000] {dagbag.py:536} INFO - Filling up the DagBag from /home/airflow/.local/lib/python3.8/site-packages/airflow/example_dags/example_short_circuit_operator.py
[2023-11-25T11:07:43.851+0000] {processor.py:839} INFO - DAG(s) dict_keys(['example_short_circuit_operator']) retrieved from /home/airflow/.local/lib/python3.8/site-packages/airflow/example_dags/example_short_circuit_operator.py
[2023-11-25T11:07:43.894+0000] {logging_mixin.py:154} INFO - [2023-11-25T11:07:43.893+0000] {dag.py:2941} INFO - Sync 1 DAGs
[2023-11-25T11:07:43.946+0000] {logging_mixin.py:154} INFO - [2023-11-25T11:07:43.946+0000] {dag.py:3722} INFO - Setting next_dagrun for example_short_circuit_operator to 2023-11-24T11:07:43.946266+00:00, run_after=2023-11-25T11:07:43.946266+00:00
[2023-11-25T11:07:43.987+0000] {processor.py:179} INFO - Processing /home/airflow/.local/lib/python3.8/site-packages/airflow/example_dags/example_short_circuit_operator.py took 0.163 seconds
[2023-11-25T11:08:14.154+0000] {processor.py:157} INFO - Started process (PID=122) to work on /home/airflow/.local/lib/python3.8/site-packages/airflow/example_dags/example_short_circuit_operator.py
[2023-11-25T11:08:14.157+0000] {processor.py:829} INFO - Processing file /home/airflow/.local/lib/python3.8/site-packages/airflow/example_dags/example_short_circuit_operator.py for tasks to queue
[2023-11-25T11:08:14.160+0000] {logging_mixin.py:154} INFO - [2023-11-25T11:08:14.159+0000] {dagbag.py:536} INFO - Filling up the DagBag from /home/airflow/.local/lib/python3.8/site-packages/airflow/example_dags/example_short_circuit_operator.py
[2023-11-25T11:08:14.168+0000] {processor.py:839} INFO - DAG(s) dict_keys(['example_short_circuit_operator']) retrieved from /home/airflow/.local/lib/python3.8/site-packages/airflow/example_dags/example_short_circuit_operator.py
[2023-11-25T11:08:14.190+0000] {logging_mixin.py:154} INFO - [2023-11-25T11:08:14.190+0000] {dag.py:2941} INFO - Sync 1 DAGs
[2023-11-25T11:08:14.209+0000] {logging_mixin.py:154} INFO - [2023-11-25T11:08:14.209+0000] {dag.py:3722} INFO - Setting next_dagrun for example_short_circuit_operator to 2023-11-24T11:08:14.209547+00:00, run_after=2023-11-25T11:08:14.209547+00:00
[2023-11-25T11:08:14.231+0000] {processor.py:179} INFO - Processing /home/airflow/.local/lib/python3.8/site-packages/airflow/example_dags/example_short_circuit_operator.py took 0.081 seconds
[2023-11-25T11:08:45.066+0000] {processor.py:157} INFO - Started process (PID=176) to work on /home/airflow/.local/lib/python3.8/site-packages/airflow/example_dags/example_short_circuit_operator.py
[2023-11-25T11:08:45.066+0000] {processor.py:829} INFO - Processing file /home/airflow/.local/lib/python3.8/site-packages/airflow/example_dags/example_short_circuit_operator.py for tasks to queue
[2023-11-25T11:08:45.068+0000] {logging_mixin.py:154} INFO - [2023-11-25T11:08:45.068+0000] {dagbag.py:536} INFO - Filling up the DagBag from /home/airflow/.local/lib/python3.8/site-packages/airflow/example_dags/example_short_circuit_operator.py
[2023-11-25T11:08:45.082+0000] {processor.py:839} INFO - DAG(s) dict_keys(['example_short_circuit_operator']) retrieved from /home/airflow/.local/lib/python3.8/site-packages/airflow/example_dags/example_short_circuit_operator.py
[2023-11-25T11:08:45.105+0000] {logging_mixin.py:154} INFO - [2023-11-25T11:08:45.105+0000] {dag.py:2941} INFO - Sync 1 DAGs
[2023-11-25T11:08:45.123+0000] {logging_mixin.py:154} INFO - [2023-11-25T11:08:45.123+0000] {dag.py:3722} INFO - Setting next_dagrun for example_short_circuit_operator to 2023-11-24T11:08:45.123462+00:00, run_after=2023-11-25T11:08:45.123462+00:00
[2023-11-25T11:08:45.187+0000] {processor.py:179} INFO - Processing /home/airflow/.local/lib/python3.8/site-packages/airflow/example_dags/example_short_circuit_operator.py took 0.125 seconds
[2023-11-25T11:09:15.653+0000] {processor.py:157} INFO - Started process (PID=229) to work on /home/airflow/.local/lib/python3.8/site-packages/airflow/example_dags/example_short_circuit_operator.py
[2023-11-25T11:09:15.654+0000] {processor.py:829} INFO - Processing file /home/airflow/.local/lib/python3.8/site-packages/airflow/example_dags/example_short_circuit_operator.py for tasks to queue
[2023-11-25T11:09:15.656+0000] {logging_mixin.py:154} INFO - [2023-11-25T11:09:15.656+0000] {dagbag.py:536} INFO - Filling up the DagBag from /home/airflow/.local/lib/python3.8/site-packages/airflow/example_dags/example_short_circuit_operator.py
[2023-11-25T11:09:15.668+0000] {processor.py:839} INFO - DAG(s) dict_keys(['example_short_circuit_operator']) retrieved from /home/airflow/.local/lib/python3.8/site-packages/airflow/example_dags/example_short_circuit_operator.py
[2023-11-25T11:09:15.696+0000] {logging_mixin.py:154} INFO - [2023-11-25T11:09:15.696+0000] {dag.py:2941} INFO - Sync 1 DAGs
[2023-11-25T11:09:15.716+0000] {logging_mixin.py:154} INFO - [2023-11-25T11:09:15.715+0000] {dag.py:3722} INFO - Setting next_dagrun for example_short_circuit_operator to 2023-11-24T11:09:15.715724+00:00, run_after=2023-11-25T11:09:15.715724+00:00
[2023-11-25T11:09:15.731+0000] {processor.py:179} INFO - Processing /home/airflow/.local/lib/python3.8/site-packages/airflow/example_dags/example_short_circuit_operator.py took 0.082 seconds
[2023-11-25T11:09:46.487+0000] {processor.py:157} INFO - Started process (PID=283) to work on /home/airflow/.local/lib/python3.8/site-packages/airflow/example_dags/example_short_circuit_operator.py
[2023-11-25T11:09:46.487+0000] {processor.py:829} INFO - Processing file /home/airflow/.local/lib/python3.8/site-packages/airflow/example_dags/example_short_circuit_operator.py for tasks to queue
[2023-11-25T11:09:46.489+0000] {logging_mixin.py:154} INFO - [2023-11-25T11:09:46.489+0000] {dagbag.py:536} INFO - Filling up the DagBag from /home/airflow/.local/lib/python3.8/site-packages/airflow/example_dags/example_short_circuit_operator.py
[2023-11-25T11:09:46.496+0000] {processor.py:839} INFO - DAG(s) dict_keys(['example_short_circuit_operator']) retrieved from /home/airflow/.local/lib/python3.8/site-packages/airflow/example_dags/example_short_circuit_operator.py
[2023-11-25T11:09:46.526+0000] {logging_mixin.py:154} INFO - [2023-11-25T11:09:46.526+0000] {dag.py:2941} INFO - Sync 1 DAGs
[2023-11-25T11:09:46.546+0000] {logging_mixin.py:154} INFO - [2023-11-25T11:09:46.546+0000] {dag.py:3722} INFO - Setting next_dagrun for example_short_circuit_operator to 2023-11-24T11:09:46.546545+00:00, run_after=2023-11-25T11:09:46.546545+00:00
[2023-11-25T11:09:46.582+0000] {processor.py:179} INFO - Processing /home/airflow/.local/lib/python3.8/site-packages/airflow/example_dags/example_short_circuit_operator.py took 0.099 seconds
[2023-11-25T11:10:17.451+0000] {processor.py:157} INFO - Started process (PID=337) to work on /home/airflow/.local/lib/python3.8/site-packages/airflow/example_dags/example_short_circuit_operator.py
[2023-11-25T11:10:17.458+0000] {processor.py:829} INFO - Processing file /home/airflow/.local/lib/python3.8/site-packages/airflow/example_dags/example_short_circuit_operator.py for tasks to queue
[2023-11-25T11:10:17.460+0000] {logging_mixin.py:154} INFO - [2023-11-25T11:10:17.460+0000] {dagbag.py:536} INFO - Filling up the DagBag from /home/airflow/.local/lib/python3.8/site-packages/airflow/example_dags/example_short_circuit_operator.py
[2023-11-25T11:10:17.467+0000] {processor.py:839} INFO - DAG(s) dict_keys(['example_short_circuit_operator']) retrieved from /home/airflow/.local/lib/python3.8/site-packages/airflow/example_dags/example_short_circuit_operator.py
[2023-11-25T11:10:17.489+0000] {logging_mixin.py:154} INFO - [2023-11-25T11:10:17.489+0000] {dag.py:2941} INFO - Sync 1 DAGs
[2023-11-25T11:10:17.507+0000] {logging_mixin.py:154} INFO - [2023-11-25T11:10:17.507+0000] {dag.py:3722} INFO - Setting next_dagrun for example_short_circuit_operator to 2023-11-24T11:10:17.507548+00:00, run_after=2023-11-25T11:10:17.507548+00:00
[2023-11-25T11:10:17.539+0000] {processor.py:179} INFO - Processing /home/airflow/.local/lib/python3.8/site-packages/airflow/example_dags/example_short_circuit_operator.py took 0.091 seconds
[2023-11-25T11:10:47.925+0000] {processor.py:157} INFO - Started process (PID=399) to work on /home/airflow/.local/lib/python3.8/site-packages/airflow/example_dags/example_short_circuit_operator.py
[2023-11-25T11:10:47.926+0000] {processor.py:829} INFO - Processing file /home/airflow/.local/lib/python3.8/site-packages/airflow/example_dags/example_short_circuit_operator.py for tasks to queue
[2023-11-25T11:10:47.929+0000] {logging_mixin.py:154} INFO - [2023-11-25T11:10:47.928+0000] {dagbag.py:536} INFO - Filling up the DagBag from /home/airflow/.local/lib/python3.8/site-packages/airflow/example_dags/example_short_circuit_operator.py
[2023-11-25T11:10:47.938+0000] {processor.py:839} INFO - DAG(s) dict_keys(['example_short_circuit_operator']) retrieved from /home/airflow/.local/lib/python3.8/site-packages/airflow/example_dags/example_short_circuit_operator.py
[2023-11-25T11:10:47.961+0000] {logging_mixin.py:154} INFO - [2023-11-25T11:10:47.960+0000] {dag.py:2941} INFO - Sync 1 DAGs
[2023-11-25T11:10:47.980+0000] {logging_mixin.py:154} INFO - [2023-11-25T11:10:47.980+0000] {dag.py:3722} INFO - Setting next_dagrun for example_short_circuit_operator to 2023-11-24T11:10:47.980076+00:00, run_after=2023-11-25T11:10:47.980076+00:00
[2023-11-25T11:10:47.995+0000] {processor.py:179} INFO - Processing /home/airflow/.local/lib/python3.8/site-packages/airflow/example_dags/example_short_circuit_operator.py took 0.074 seconds
[2023-11-25T11:11:18.196+0000] {processor.py:157} INFO - Started process (PID=453) to work on /home/airflow/.local/lib/python3.8/site-packages/airflow/example_dags/example_short_circuit_operator.py
[2023-11-25T11:11:18.197+0000] {processor.py:829} INFO - Processing file /home/airflow/.local/lib/python3.8/site-packages/airflow/example_dags/example_short_circuit_operator.py for tasks to queue
[2023-11-25T11:11:18.199+0000] {logging_mixin.py:154} INFO - [2023-11-25T11:11:18.199+0000] {dagbag.py:536} INFO - Filling up the DagBag from /home/airflow/.local/lib/python3.8/site-packages/airflow/example_dags/example_short_circuit_operator.py
[2023-11-25T11:11:18.205+0000] {processor.py:839} INFO - DAG(s) dict_keys(['example_short_circuit_operator']) retrieved from /home/airflow/.local/lib/python3.8/site-packages/airflow/example_dags/example_short_circuit_operator.py
[2023-11-25T11:11:18.226+0000] {logging_mixin.py:154} INFO - [2023-11-25T11:11:18.225+0000] {dag.py:2941} INFO - Sync 1 DAGs
[2023-11-25T11:11:18.246+0000] {logging_mixin.py:154} INFO - [2023-11-25T11:11:18.245+0000] {dag.py:3722} INFO - Setting next_dagrun for example_short_circuit_operator to 2023-11-24T11:11:18.245719+00:00, run_after=2023-11-25T11:11:18.245719+00:00
[2023-11-25T11:11:18.295+0000] {processor.py:179} INFO - Processing /home/airflow/.local/lib/python3.8/site-packages/airflow/example_dags/example_short_circuit_operator.py took 0.102 seconds
[2023-11-25T11:11:48.385+0000] {processor.py:157} INFO - Started process (PID=508) to work on /home/airflow/.local/lib/python3.8/site-packages/airflow/example_dags/example_short_circuit_operator.py
[2023-11-25T11:11:48.386+0000] {processor.py:829} INFO - Processing file /home/airflow/.local/lib/python3.8/site-packages/airflow/example_dags/example_short_circuit_operator.py for tasks to queue
[2023-11-25T11:11:48.388+0000] {logging_mixin.py:154} INFO - [2023-11-25T11:11:48.388+0000] {dagbag.py:536} INFO - Filling up the DagBag from /home/airflow/.local/lib/python3.8/site-packages/airflow/example_dags/example_short_circuit_operator.py
[2023-11-25T11:11:48.394+0000] {processor.py:839} INFO - DAG(s) dict_keys(['example_short_circuit_operator']) retrieved from /home/airflow/.local/lib/python3.8/site-packages/airflow/example_dags/example_short_circuit_operator.py
[2023-11-25T11:11:48.416+0000] {logging_mixin.py:154} INFO - [2023-11-25T11:11:48.416+0000] {dag.py:2941} INFO - Sync 1 DAGs
[2023-11-25T11:11:48.435+0000] {logging_mixin.py:154} INFO - [2023-11-25T11:11:48.434+0000] {dag.py:3722} INFO - Setting next_dagrun for example_short_circuit_operator to 2023-11-24T11:11:48.434737+00:00, run_after=2023-11-25T11:11:48.434737+00:00
[2023-11-25T11:11:48.480+0000] {processor.py:179} INFO - Processing /home/airflow/.local/lib/python3.8/site-packages/airflow/example_dags/example_short_circuit_operator.py took 0.097 seconds
[2023-11-25T11:12:19.689+0000] {processor.py:157} INFO - Started process (PID=561) to work on /home/airflow/.local/lib/python3.8/site-packages/airflow/example_dags/example_short_circuit_operator.py
[2023-11-25T11:12:19.690+0000] {processor.py:829} INFO - Processing file /home/airflow/.local/lib/python3.8/site-packages/airflow/example_dags/example_short_circuit_operator.py for tasks to queue
[2023-11-25T11:12:19.693+0000] {logging_mixin.py:154} INFO - [2023-11-25T11:12:19.692+0000] {dagbag.py:536} INFO - Filling up the DagBag from /home/airflow/.local/lib/python3.8/site-packages/airflow/example_dags/example_short_circuit_operator.py
[2023-11-25T11:12:19.700+0000] {processor.py:839} INFO - DAG(s) dict_keys(['example_short_circuit_operator']) retrieved from /home/airflow/.local/lib/python3.8/site-packages/airflow/example_dags/example_short_circuit_operator.py
[2023-11-25T11:12:19.733+0000] {logging_mixin.py:154} INFO - [2023-11-25T11:12:19.733+0000] {dag.py:2941} INFO - Sync 1 DAGs
[2023-11-25T11:12:19.755+0000] {logging_mixin.py:154} INFO - [2023-11-25T11:12:19.755+0000] {dag.py:3722} INFO - Setting next_dagrun for example_short_circuit_operator to 2023-11-24T11:12:19.755331+00:00, run_after=2023-11-25T11:12:19.755331+00:00
[2023-11-25T11:12:19.772+0000] {processor.py:179} INFO - Processing /home/airflow/.local/lib/python3.8/site-packages/airflow/example_dags/example_short_circuit_operator.py took 0.088 seconds
[2023-11-25T11:12:50.097+0000] {processor.py:157} INFO - Started process (PID=615) to work on /home/airflow/.local/lib/python3.8/site-packages/airflow/example_dags/example_short_circuit_operator.py
[2023-11-25T11:12:50.098+0000] {processor.py:829} INFO - Processing file /home/airflow/.local/lib/python3.8/site-packages/airflow/example_dags/example_short_circuit_operator.py for tasks to queue
[2023-11-25T11:12:50.100+0000] {logging_mixin.py:154} INFO - [2023-11-25T11:12:50.099+0000] {dagbag.py:536} INFO - Filling up the DagBag from /home/airflow/.local/lib/python3.8/site-packages/airflow/example_dags/example_short_circuit_operator.py
[2023-11-25T11:12:50.111+0000] {processor.py:839} INFO - DAG(s) dict_keys(['example_short_circuit_operator']) retrieved from /home/airflow/.local/lib/python3.8/site-packages/airflow/example_dags/example_short_circuit_operator.py
[2023-11-25T11:12:50.143+0000] {logging_mixin.py:154} INFO - [2023-11-25T11:12:50.143+0000] {dag.py:2941} INFO - Sync 1 DAGs
[2023-11-25T11:12:50.172+0000] {logging_mixin.py:154} INFO - [2023-11-25T11:12:50.172+0000] {dag.py:3722} INFO - Setting next_dagrun for example_short_circuit_operator to 2023-11-24T11:12:50.172367+00:00, run_after=2023-11-25T11:12:50.172367+00:00
[2023-11-25T11:12:50.196+0000] {processor.py:179} INFO - Processing /home/airflow/.local/lib/python3.8/site-packages/airflow/example_dags/example_short_circuit_operator.py took 0.102 seconds
[2023-11-25T11:13:21.100+0000] {processor.py:157} INFO - Started process (PID=670) to work on /home/airflow/.local/lib/python3.8/site-packages/airflow/example_dags/example_short_circuit_operator.py
[2023-11-25T11:13:21.101+0000] {processor.py:829} INFO - Processing file /home/airflow/.local/lib/python3.8/site-packages/airflow/example_dags/example_short_circuit_operator.py for tasks to queue
[2023-11-25T11:13:21.103+0000] {logging_mixin.py:154} INFO - [2023-11-25T11:13:21.103+0000] {dagbag.py:536} INFO - Filling up the DagBag from /home/airflow/.local/lib/python3.8/site-packages/airflow/example_dags/example_short_circuit_operator.py
[2023-11-25T11:13:21.114+0000] {processor.py:839} INFO - DAG(s) dict_keys(['example_short_circuit_operator']) retrieved from /home/airflow/.local/lib/python3.8/site-packages/airflow/example_dags/example_short_circuit_operator.py
[2023-11-25T11:13:21.141+0000] {logging_mixin.py:154} INFO - [2023-11-25T11:13:21.140+0000] {dag.py:2941} INFO - Sync 1 DAGs
[2023-11-25T11:13:21.172+0000] {logging_mixin.py:154} INFO - [2023-11-25T11:13:21.172+0000] {dag.py:3722} INFO - Setting next_dagrun for example_short_circuit_operator to 2023-11-24T11:13:21.171909+00:00, run_after=2023-11-25T11:13:21.171909+00:00
[2023-11-25T11:13:21.192+0000] {processor.py:179} INFO - Processing /home/airflow/.local/lib/python3.8/site-packages/airflow/example_dags/example_short_circuit_operator.py took 0.096 seconds
[2023-11-25T11:13:51.666+0000] {processor.py:157} INFO - Started process (PID=725) to work on /home/airflow/.local/lib/python3.8/site-packages/airflow/example_dags/example_short_circuit_operator.py
[2023-11-25T11:13:51.667+0000] {processor.py:829} INFO - Processing file /home/airflow/.local/lib/python3.8/site-packages/airflow/example_dags/example_short_circuit_operator.py for tasks to queue
[2023-11-25T11:13:51.669+0000] {logging_mixin.py:154} INFO - [2023-11-25T11:13:51.669+0000] {dagbag.py:536} INFO - Filling up the DagBag from /home/airflow/.local/lib/python3.8/site-packages/airflow/example_dags/example_short_circuit_operator.py
[2023-11-25T11:13:51.680+0000] {processor.py:839} INFO - DAG(s) dict_keys(['example_short_circuit_operator']) retrieved from /home/airflow/.local/lib/python3.8/site-packages/airflow/example_dags/example_short_circuit_operator.py
[2023-11-25T11:13:51.709+0000] {logging_mixin.py:154} INFO - [2023-11-25T11:13:51.709+0000] {dag.py:2941} INFO - Sync 1 DAGs
[2023-11-25T11:13:51.734+0000] {logging_mixin.py:154} INFO - [2023-11-25T11:13:51.734+0000] {dag.py:3722} INFO - Setting next_dagrun for example_short_circuit_operator to 2023-11-24T11:13:51.734394+00:00, run_after=2023-11-25T11:13:51.734394+00:00
[2023-11-25T11:13:51.755+0000] {processor.py:179} INFO - Processing /home/airflow/.local/lib/python3.8/site-packages/airflow/example_dags/example_short_circuit_operator.py took 0.093 seconds
