[2023-11-25T10:23:22.502+0000] {processor.py:157} INFO - Started process (PID=72) to work on /home/airflow/.local/lib/python3.8/site-packages/airflow/example_dags/example_dynamic_task_mapping_with_no_taskflow_operators.py
[2023-11-25T10:23:22.503+0000] {processor.py:829} INFO - Processing file /home/airflow/.local/lib/python3.8/site-packages/airflow/example_dags/example_dynamic_task_mapping_with_no_taskflow_operators.py for tasks to queue
[2023-11-25T10:23:22.506+0000] {logging_mixin.py:154} INFO - [2023-11-25T10:23:22.506+0000] {dagbag.py:536} INFO - Filling up the DagBag from /home/airflow/.local/lib/python3.8/site-packages/airflow/example_dags/example_dynamic_task_mapping_with_no_taskflow_operators.py
[2023-11-25T10:23:22.516+0000] {processor.py:839} INFO - DAG(s) dict_keys(['example_dynamic_task_mapping_with_no_taskflow_operators']) retrieved from /home/airflow/.local/lib/python3.8/site-packages/airflow/example_dags/example_dynamic_task_mapping_with_no_taskflow_operators.py
[2023-11-25T10:23:22.542+0000] {logging_mixin.py:154} INFO - [2023-11-25T10:23:22.542+0000] {dag.py:2941} INFO - Sync 1 DAGs
[2023-11-25T10:23:22.581+0000] {logging_mixin.py:154} INFO - [2023-11-25T10:23:22.581+0000] {dag.py:3722} INFO - Setting next_dagrun for example_dynamic_task_mapping_with_no_taskflow_operators to 2023-11-24T10:23:22.580866+00:00, run_after=2023-11-25T10:23:22.580866+00:00
[2023-11-25T10:23:22.605+0000] {processor.py:179} INFO - Processing /home/airflow/.local/lib/python3.8/site-packages/airflow/example_dags/example_dynamic_task_mapping_with_no_taskflow_operators.py took 0.108 seconds
[2023-11-25T10:23:52.696+0000] {processor.py:157} INFO - Started process (PID=126) to work on /home/airflow/.local/lib/python3.8/site-packages/airflow/example_dags/example_dynamic_task_mapping_with_no_taskflow_operators.py
[2023-11-25T10:23:52.697+0000] {processor.py:829} INFO - Processing file /home/airflow/.local/lib/python3.8/site-packages/airflow/example_dags/example_dynamic_task_mapping_with_no_taskflow_operators.py for tasks to queue
[2023-11-25T10:23:52.699+0000] {logging_mixin.py:154} INFO - [2023-11-25T10:23:52.699+0000] {dagbag.py:536} INFO - Filling up the DagBag from /home/airflow/.local/lib/python3.8/site-packages/airflow/example_dags/example_dynamic_task_mapping_with_no_taskflow_operators.py
[2023-11-25T10:23:52.704+0000] {processor.py:839} INFO - DAG(s) dict_keys(['example_dynamic_task_mapping_with_no_taskflow_operators']) retrieved from /home/airflow/.local/lib/python3.8/site-packages/airflow/example_dags/example_dynamic_task_mapping_with_no_taskflow_operators.py
[2023-11-25T10:23:52.721+0000] {logging_mixin.py:154} INFO - [2023-11-25T10:23:52.721+0000] {dag.py:2941} INFO - Sync 1 DAGs
[2023-11-25T10:23:52.741+0000] {logging_mixin.py:154} INFO - [2023-11-25T10:23:52.741+0000] {dag.py:3722} INFO - Setting next_dagrun for example_dynamic_task_mapping_with_no_taskflow_operators to 2023-11-24T10:23:52.741400+00:00, run_after=2023-11-25T10:23:52.741400+00:00
[2023-11-25T10:23:52.771+0000] {processor.py:179} INFO - Processing /home/airflow/.local/lib/python3.8/site-packages/airflow/example_dags/example_dynamic_task_mapping_with_no_taskflow_operators.py took 0.077 seconds
[2023-11-25T10:24:23.202+0000] {processor.py:157} INFO - Started process (PID=179) to work on /home/airflow/.local/lib/python3.8/site-packages/airflow/example_dags/example_dynamic_task_mapping_with_no_taskflow_operators.py
[2023-11-25T10:24:23.204+0000] {processor.py:829} INFO - Processing file /home/airflow/.local/lib/python3.8/site-packages/airflow/example_dags/example_dynamic_task_mapping_with_no_taskflow_operators.py for tasks to queue
[2023-11-25T10:24:23.206+0000] {logging_mixin.py:154} INFO - [2023-11-25T10:24:23.206+0000] {dagbag.py:536} INFO - Filling up the DagBag from /home/airflow/.local/lib/python3.8/site-packages/airflow/example_dags/example_dynamic_task_mapping_with_no_taskflow_operators.py
[2023-11-25T10:24:23.215+0000] {processor.py:839} INFO - DAG(s) dict_keys(['example_dynamic_task_mapping_with_no_taskflow_operators']) retrieved from /home/airflow/.local/lib/python3.8/site-packages/airflow/example_dags/example_dynamic_task_mapping_with_no_taskflow_operators.py
[2023-11-25T10:24:23.242+0000] {logging_mixin.py:154} INFO - [2023-11-25T10:24:23.242+0000] {dag.py:2941} INFO - Sync 1 DAGs
[2023-11-25T10:24:23.275+0000] {logging_mixin.py:154} INFO - [2023-11-25T10:24:23.274+0000] {dag.py:3722} INFO - Setting next_dagrun for example_dynamic_task_mapping_with_no_taskflow_operators to 2023-11-24T10:24:23.274675+00:00, run_after=2023-11-25T10:24:23.274675+00:00
[2023-11-25T10:24:23.298+0000] {processor.py:179} INFO - Processing /home/airflow/.local/lib/python3.8/site-packages/airflow/example_dags/example_dynamic_task_mapping_with_no_taskflow_operators.py took 0.101 seconds
[2023-11-25T10:24:53.394+0000] {processor.py:157} INFO - Started process (PID=233) to work on /home/airflow/.local/lib/python3.8/site-packages/airflow/example_dags/example_dynamic_task_mapping_with_no_taskflow_operators.py
[2023-11-25T10:24:53.395+0000] {processor.py:829} INFO - Processing file /home/airflow/.local/lib/python3.8/site-packages/airflow/example_dags/example_dynamic_task_mapping_with_no_taskflow_operators.py for tasks to queue
[2023-11-25T10:24:53.397+0000] {logging_mixin.py:154} INFO - [2023-11-25T10:24:53.397+0000] {dagbag.py:536} INFO - Filling up the DagBag from /home/airflow/.local/lib/python3.8/site-packages/airflow/example_dags/example_dynamic_task_mapping_with_no_taskflow_operators.py
[2023-11-25T10:24:53.403+0000] {processor.py:839} INFO - DAG(s) dict_keys(['example_dynamic_task_mapping_with_no_taskflow_operators']) retrieved from /home/airflow/.local/lib/python3.8/site-packages/airflow/example_dags/example_dynamic_task_mapping_with_no_taskflow_operators.py
[2023-11-25T10:24:53.424+0000] {logging_mixin.py:154} INFO - [2023-11-25T10:24:53.424+0000] {dag.py:2941} INFO - Sync 1 DAGs
[2023-11-25T10:24:53.454+0000] {logging_mixin.py:154} INFO - [2023-11-25T10:24:53.453+0000] {dag.py:3722} INFO - Setting next_dagrun for example_dynamic_task_mapping_with_no_taskflow_operators to 2023-11-24T10:24:53.453663+00:00, run_after=2023-11-25T10:24:53.453663+00:00
[2023-11-25T10:24:53.483+0000] {processor.py:179} INFO - Processing /home/airflow/.local/lib/python3.8/site-packages/airflow/example_dags/example_dynamic_task_mapping_with_no_taskflow_operators.py took 0.092 seconds
[2023-11-25T10:25:23.982+0000] {processor.py:157} INFO - Started process (PID=287) to work on /home/airflow/.local/lib/python3.8/site-packages/airflow/example_dags/example_dynamic_task_mapping_with_no_taskflow_operators.py
[2023-11-25T10:25:23.983+0000] {processor.py:829} INFO - Processing file /home/airflow/.local/lib/python3.8/site-packages/airflow/example_dags/example_dynamic_task_mapping_with_no_taskflow_operators.py for tasks to queue
[2023-11-25T10:25:23.985+0000] {logging_mixin.py:154} INFO - [2023-11-25T10:25:23.984+0000] {dagbag.py:536} INFO - Filling up the DagBag from /home/airflow/.local/lib/python3.8/site-packages/airflow/example_dags/example_dynamic_task_mapping_with_no_taskflow_operators.py
[2023-11-25T10:25:23.993+0000] {processor.py:839} INFO - DAG(s) dict_keys(['example_dynamic_task_mapping_with_no_taskflow_operators']) retrieved from /home/airflow/.local/lib/python3.8/site-packages/airflow/example_dags/example_dynamic_task_mapping_with_no_taskflow_operators.py
[2023-11-25T10:25:24.017+0000] {logging_mixin.py:154} INFO - [2023-11-25T10:25:24.017+0000] {dag.py:2941} INFO - Sync 1 DAGs
[2023-11-25T10:25:24.046+0000] {logging_mixin.py:154} INFO - [2023-11-25T10:25:24.046+0000] {dag.py:3722} INFO - Setting next_dagrun for example_dynamic_task_mapping_with_no_taskflow_operators to 2023-11-24T10:25:24.046563+00:00, run_after=2023-11-25T10:25:24.046563+00:00
[2023-11-25T10:25:24.081+0000] {processor.py:179} INFO - Processing /home/airflow/.local/lib/python3.8/site-packages/airflow/example_dags/example_dynamic_task_mapping_with_no_taskflow_operators.py took 0.103 seconds
[2023-11-25T10:25:54.384+0000] {processor.py:157} INFO - Started process (PID=341) to work on /home/airflow/.local/lib/python3.8/site-packages/airflow/example_dags/example_dynamic_task_mapping_with_no_taskflow_operators.py
[2023-11-25T10:25:54.385+0000] {processor.py:829} INFO - Processing file /home/airflow/.local/lib/python3.8/site-packages/airflow/example_dags/example_dynamic_task_mapping_with_no_taskflow_operators.py for tasks to queue
[2023-11-25T10:25:54.387+0000] {logging_mixin.py:154} INFO - [2023-11-25T10:25:54.387+0000] {dagbag.py:536} INFO - Filling up the DagBag from /home/airflow/.local/lib/python3.8/site-packages/airflow/example_dags/example_dynamic_task_mapping_with_no_taskflow_operators.py
[2023-11-25T10:25:54.394+0000] {processor.py:839} INFO - DAG(s) dict_keys(['example_dynamic_task_mapping_with_no_taskflow_operators']) retrieved from /home/airflow/.local/lib/python3.8/site-packages/airflow/example_dags/example_dynamic_task_mapping_with_no_taskflow_operators.py
[2023-11-25T10:25:54.419+0000] {logging_mixin.py:154} INFO - [2023-11-25T10:25:54.419+0000] {dag.py:2941} INFO - Sync 1 DAGs
[2023-11-25T10:25:54.449+0000] {logging_mixin.py:154} INFO - [2023-11-25T10:25:54.449+0000] {dag.py:3722} INFO - Setting next_dagrun for example_dynamic_task_mapping_with_no_taskflow_operators to 2023-11-24T10:25:54.448912+00:00, run_after=2023-11-25T10:25:54.448912+00:00
[2023-11-25T10:25:54.468+0000] {processor.py:179} INFO - Processing /home/airflow/.local/lib/python3.8/site-packages/airflow/example_dags/example_dynamic_task_mapping_with_no_taskflow_operators.py took 0.087 seconds
[2023-11-25T10:26:25.138+0000] {processor.py:157} INFO - Started process (PID=395) to work on /home/airflow/.local/lib/python3.8/site-packages/airflow/example_dags/example_dynamic_task_mapping_with_no_taskflow_operators.py
[2023-11-25T10:26:25.138+0000] {processor.py:829} INFO - Processing file /home/airflow/.local/lib/python3.8/site-packages/airflow/example_dags/example_dynamic_task_mapping_with_no_taskflow_operators.py for tasks to queue
[2023-11-25T10:26:25.140+0000] {logging_mixin.py:154} INFO - [2023-11-25T10:26:25.140+0000] {dagbag.py:536} INFO - Filling up the DagBag from /home/airflow/.local/lib/python3.8/site-packages/airflow/example_dags/example_dynamic_task_mapping_with_no_taskflow_operators.py
[2023-11-25T10:26:25.146+0000] {processor.py:839} INFO - DAG(s) dict_keys(['example_dynamic_task_mapping_with_no_taskflow_operators']) retrieved from /home/airflow/.local/lib/python3.8/site-packages/airflow/example_dags/example_dynamic_task_mapping_with_no_taskflow_operators.py
[2023-11-25T10:26:25.165+0000] {logging_mixin.py:154} INFO - [2023-11-25T10:26:25.165+0000] {dag.py:2941} INFO - Sync 1 DAGs
[2023-11-25T10:26:25.193+0000] {logging_mixin.py:154} INFO - [2023-11-25T10:26:25.193+0000] {dag.py:3722} INFO - Setting next_dagrun for example_dynamic_task_mapping_with_no_taskflow_operators to 2023-11-24T10:26:25.193319+00:00, run_after=2023-11-25T10:26:25.193319+00:00
[2023-11-25T10:26:25.214+0000] {processor.py:179} INFO - Processing /home/airflow/.local/lib/python3.8/site-packages/airflow/example_dags/example_dynamic_task_mapping_with_no_taskflow_operators.py took 0.079 seconds
[2023-11-25T10:26:55.861+0000] {processor.py:157} INFO - Started process (PID=455) to work on /home/airflow/.local/lib/python3.8/site-packages/airflow/example_dags/example_dynamic_task_mapping_with_no_taskflow_operators.py
[2023-11-25T10:26:55.862+0000] {processor.py:829} INFO - Processing file /home/airflow/.local/lib/python3.8/site-packages/airflow/example_dags/example_dynamic_task_mapping_with_no_taskflow_operators.py for tasks to queue
[2023-11-25T10:26:55.865+0000] {logging_mixin.py:154} INFO - [2023-11-25T10:26:55.864+0000] {dagbag.py:536} INFO - Filling up the DagBag from /home/airflow/.local/lib/python3.8/site-packages/airflow/example_dags/example_dynamic_task_mapping_with_no_taskflow_operators.py
[2023-11-25T10:26:55.870+0000] {processor.py:839} INFO - DAG(s) dict_keys(['example_dynamic_task_mapping_with_no_taskflow_operators']) retrieved from /home/airflow/.local/lib/python3.8/site-packages/airflow/example_dags/example_dynamic_task_mapping_with_no_taskflow_operators.py
[2023-11-25T10:26:55.914+0000] {logging_mixin.py:154} INFO - [2023-11-25T10:26:55.914+0000] {dag.py:2941} INFO - Sync 1 DAGs
[2023-11-25T10:26:55.954+0000] {logging_mixin.py:154} INFO - [2023-11-25T10:26:55.952+0000] {dag.py:3722} INFO - Setting next_dagrun for example_dynamic_task_mapping_with_no_taskflow_operators to 2023-11-24T10:26:55.952127+00:00, run_after=2023-11-25T10:26:55.952127+00:00
[2023-11-25T10:26:55.985+0000] {processor.py:179} INFO - Processing /home/airflow/.local/lib/python3.8/site-packages/airflow/example_dags/example_dynamic_task_mapping_with_no_taskflow_operators.py took 0.128 seconds
[2023-11-25T10:27:26.163+0000] {processor.py:157} INFO - Started process (PID=509) to work on /home/airflow/.local/lib/python3.8/site-packages/airflow/example_dags/example_dynamic_task_mapping_with_no_taskflow_operators.py
[2023-11-25T10:27:26.164+0000] {processor.py:829} INFO - Processing file /home/airflow/.local/lib/python3.8/site-packages/airflow/example_dags/example_dynamic_task_mapping_with_no_taskflow_operators.py for tasks to queue
[2023-11-25T10:27:26.167+0000] {logging_mixin.py:154} INFO - [2023-11-25T10:27:26.167+0000] {dagbag.py:536} INFO - Filling up the DagBag from /home/airflow/.local/lib/python3.8/site-packages/airflow/example_dags/example_dynamic_task_mapping_with_no_taskflow_operators.py
[2023-11-25T10:27:26.174+0000] {processor.py:839} INFO - DAG(s) dict_keys(['example_dynamic_task_mapping_with_no_taskflow_operators']) retrieved from /home/airflow/.local/lib/python3.8/site-packages/airflow/example_dags/example_dynamic_task_mapping_with_no_taskflow_operators.py
[2023-11-25T10:27:26.199+0000] {logging_mixin.py:154} INFO - [2023-11-25T10:27:26.199+0000] {dag.py:2941} INFO - Sync 1 DAGs
[2023-11-25T10:27:26.228+0000] {logging_mixin.py:154} INFO - [2023-11-25T10:27:26.228+0000] {dag.py:3722} INFO - Setting next_dagrun for example_dynamic_task_mapping_with_no_taskflow_operators to 2023-11-24T10:27:26.228317+00:00, run_after=2023-11-25T10:27:26.228317+00:00
[2023-11-25T10:27:26.249+0000] {processor.py:179} INFO - Processing /home/airflow/.local/lib/python3.8/site-packages/airflow/example_dags/example_dynamic_task_mapping_with_no_taskflow_operators.py took 0.089 seconds
[2023-11-25T10:27:57.370+0000] {processor.py:157} INFO - Started process (PID=563) to work on /home/airflow/.local/lib/python3.8/site-packages/airflow/example_dags/example_dynamic_task_mapping_with_no_taskflow_operators.py
[2023-11-25T10:27:57.371+0000] {processor.py:829} INFO - Processing file /home/airflow/.local/lib/python3.8/site-packages/airflow/example_dags/example_dynamic_task_mapping_with_no_taskflow_operators.py for tasks to queue
[2023-11-25T10:27:57.375+0000] {logging_mixin.py:154} INFO - [2023-11-25T10:27:57.374+0000] {dagbag.py:536} INFO - Filling up the DagBag from /home/airflow/.local/lib/python3.8/site-packages/airflow/example_dags/example_dynamic_task_mapping_with_no_taskflow_operators.py
[2023-11-25T10:27:57.381+0000] {processor.py:839} INFO - DAG(s) dict_keys(['example_dynamic_task_mapping_with_no_taskflow_operators']) retrieved from /home/airflow/.local/lib/python3.8/site-packages/airflow/example_dags/example_dynamic_task_mapping_with_no_taskflow_operators.py
[2023-11-25T10:27:57.406+0000] {logging_mixin.py:154} INFO - [2023-11-25T10:27:57.406+0000] {dag.py:2941} INFO - Sync 1 DAGs
[2023-11-25T10:27:57.441+0000] {logging_mixin.py:154} INFO - [2023-11-25T10:27:57.440+0000] {dag.py:3722} INFO - Setting next_dagrun for example_dynamic_task_mapping_with_no_taskflow_operators to 2023-11-24T10:27:57.440513+00:00, run_after=2023-11-25T10:27:57.440513+00:00
[2023-11-25T10:27:57.467+0000] {processor.py:179} INFO - Processing /home/airflow/.local/lib/python3.8/site-packages/airflow/example_dags/example_dynamic_task_mapping_with_no_taskflow_operators.py took 0.099 seconds
[2023-11-25T10:28:27.988+0000] {processor.py:157} INFO - Started process (PID=616) to work on /home/airflow/.local/lib/python3.8/site-packages/airflow/example_dags/example_dynamic_task_mapping_with_no_taskflow_operators.py
[2023-11-25T10:28:27.990+0000] {processor.py:829} INFO - Processing file /home/airflow/.local/lib/python3.8/site-packages/airflow/example_dags/example_dynamic_task_mapping_with_no_taskflow_operators.py for tasks to queue
[2023-11-25T10:28:27.992+0000] {logging_mixin.py:154} INFO - [2023-11-25T10:28:27.991+0000] {dagbag.py:536} INFO - Filling up the DagBag from /home/airflow/.local/lib/python3.8/site-packages/airflow/example_dags/example_dynamic_task_mapping_with_no_taskflow_operators.py
[2023-11-25T10:28:28.000+0000] {processor.py:839} INFO - DAG(s) dict_keys(['example_dynamic_task_mapping_with_no_taskflow_operators']) retrieved from /home/airflow/.local/lib/python3.8/site-packages/airflow/example_dags/example_dynamic_task_mapping_with_no_taskflow_operators.py
[2023-11-25T10:28:28.025+0000] {logging_mixin.py:154} INFO - [2023-11-25T10:28:28.024+0000] {dag.py:2941} INFO - Sync 1 DAGs
[2023-11-25T10:28:28.058+0000] {logging_mixin.py:154} INFO - [2023-11-25T10:28:28.057+0000] {dag.py:3722} INFO - Setting next_dagrun for example_dynamic_task_mapping_with_no_taskflow_operators to 2023-11-24T10:28:28.057653+00:00, run_after=2023-11-25T10:28:28.057653+00:00
[2023-11-25T10:28:28.103+0000] {processor.py:179} INFO - Processing /home/airflow/.local/lib/python3.8/site-packages/airflow/example_dags/example_dynamic_task_mapping_with_no_taskflow_operators.py took 0.120 seconds
[2023-11-25T10:28:58.355+0000] {processor.py:157} INFO - Started process (PID=670) to work on /home/airflow/.local/lib/python3.8/site-packages/airflow/example_dags/example_dynamic_task_mapping_with_no_taskflow_operators.py
[2023-11-25T10:28:58.356+0000] {processor.py:829} INFO - Processing file /home/airflow/.local/lib/python3.8/site-packages/airflow/example_dags/example_dynamic_task_mapping_with_no_taskflow_operators.py for tasks to queue
[2023-11-25T10:28:58.359+0000] {logging_mixin.py:154} INFO - [2023-11-25T10:28:58.359+0000] {dagbag.py:536} INFO - Filling up the DagBag from /home/airflow/.local/lib/python3.8/site-packages/airflow/example_dags/example_dynamic_task_mapping_with_no_taskflow_operators.py
[2023-11-25T10:28:58.367+0000] {processor.py:839} INFO - DAG(s) dict_keys(['example_dynamic_task_mapping_with_no_taskflow_operators']) retrieved from /home/airflow/.local/lib/python3.8/site-packages/airflow/example_dags/example_dynamic_task_mapping_with_no_taskflow_operators.py
[2023-11-25T10:28:58.393+0000] {logging_mixin.py:154} INFO - [2023-11-25T10:28:58.393+0000] {dag.py:2941} INFO - Sync 1 DAGs
[2023-11-25T10:28:58.427+0000] {logging_mixin.py:154} INFO - [2023-11-25T10:28:58.426+0000] {dag.py:3722} INFO - Setting next_dagrun for example_dynamic_task_mapping_with_no_taskflow_operators to 2023-11-24T10:28:58.426623+00:00, run_after=2023-11-25T10:28:58.426623+00:00
[2023-11-25T10:28:58.451+0000] {processor.py:179} INFO - Processing /home/airflow/.local/lib/python3.8/site-packages/airflow/example_dags/example_dynamic_task_mapping_with_no_taskflow_operators.py took 0.100 seconds
[2023-11-25T10:29:29.280+0000] {processor.py:157} INFO - Started process (PID=724) to work on /home/airflow/.local/lib/python3.8/site-packages/airflow/example_dags/example_dynamic_task_mapping_with_no_taskflow_operators.py
[2023-11-25T10:29:29.281+0000] {processor.py:829} INFO - Processing file /home/airflow/.local/lib/python3.8/site-packages/airflow/example_dags/example_dynamic_task_mapping_with_no_taskflow_operators.py for tasks to queue
[2023-11-25T10:29:29.283+0000] {logging_mixin.py:154} INFO - [2023-11-25T10:29:29.283+0000] {dagbag.py:536} INFO - Filling up the DagBag from /home/airflow/.local/lib/python3.8/site-packages/airflow/example_dags/example_dynamic_task_mapping_with_no_taskflow_operators.py
[2023-11-25T10:29:29.291+0000] {processor.py:839} INFO - DAG(s) dict_keys(['example_dynamic_task_mapping_with_no_taskflow_operators']) retrieved from /home/airflow/.local/lib/python3.8/site-packages/airflow/example_dags/example_dynamic_task_mapping_with_no_taskflow_operators.py
[2023-11-25T10:29:29.315+0000] {logging_mixin.py:154} INFO - [2023-11-25T10:29:29.315+0000] {dag.py:2941} INFO - Sync 1 DAGs
[2023-11-25T10:29:29.346+0000] {logging_mixin.py:154} INFO - [2023-11-25T10:29:29.346+0000] {dag.py:3722} INFO - Setting next_dagrun for example_dynamic_task_mapping_with_no_taskflow_operators to 2023-11-24T10:29:29.345974+00:00, run_after=2023-11-25T10:29:29.345974+00:00
[2023-11-25T10:29:29.374+0000] {processor.py:179} INFO - Processing /home/airflow/.local/lib/python3.8/site-packages/airflow/example_dags/example_dynamic_task_mapping_with_no_taskflow_operators.py took 0.098 seconds
[2023-11-25T10:29:59.432+0000] {processor.py:157} INFO - Started process (PID=778) to work on /home/airflow/.local/lib/python3.8/site-packages/airflow/example_dags/example_dynamic_task_mapping_with_no_taskflow_operators.py
[2023-11-25T10:29:59.433+0000] {processor.py:829} INFO - Processing file /home/airflow/.local/lib/python3.8/site-packages/airflow/example_dags/example_dynamic_task_mapping_with_no_taskflow_operators.py for tasks to queue
[2023-11-25T10:29:59.434+0000] {logging_mixin.py:154} INFO - [2023-11-25T10:29:59.434+0000] {dagbag.py:536} INFO - Filling up the DagBag from /home/airflow/.local/lib/python3.8/site-packages/airflow/example_dags/example_dynamic_task_mapping_with_no_taskflow_operators.py
[2023-11-25T10:29:59.441+0000] {processor.py:839} INFO - DAG(s) dict_keys(['example_dynamic_task_mapping_with_no_taskflow_operators']) retrieved from /home/airflow/.local/lib/python3.8/site-packages/airflow/example_dags/example_dynamic_task_mapping_with_no_taskflow_operators.py
[2023-11-25T10:29:59.465+0000] {logging_mixin.py:154} INFO - [2023-11-25T10:29:59.465+0000] {dag.py:2941} INFO - Sync 1 DAGs
[2023-11-25T10:29:59.494+0000] {logging_mixin.py:154} INFO - [2023-11-25T10:29:59.493+0000] {dag.py:3722} INFO - Setting next_dagrun for example_dynamic_task_mapping_with_no_taskflow_operators to 2023-11-24T10:29:59.493583+00:00, run_after=2023-11-25T10:29:59.493583+00:00
[2023-11-25T10:29:59.512+0000] {processor.py:179} INFO - Processing /home/airflow/.local/lib/python3.8/site-packages/airflow/example_dags/example_dynamic_task_mapping_with_no_taskflow_operators.py took 0.083 seconds
[2023-11-25T10:30:30.040+0000] {processor.py:157} INFO - Started process (PID=832) to work on /home/airflow/.local/lib/python3.8/site-packages/airflow/example_dags/example_dynamic_task_mapping_with_no_taskflow_operators.py
[2023-11-25T10:30:30.041+0000] {processor.py:829} INFO - Processing file /home/airflow/.local/lib/python3.8/site-packages/airflow/example_dags/example_dynamic_task_mapping_with_no_taskflow_operators.py for tasks to queue
[2023-11-25T10:30:30.042+0000] {logging_mixin.py:154} INFO - [2023-11-25T10:30:30.042+0000] {dagbag.py:536} INFO - Filling up the DagBag from /home/airflow/.local/lib/python3.8/site-packages/airflow/example_dags/example_dynamic_task_mapping_with_no_taskflow_operators.py
[2023-11-25T10:30:30.048+0000] {processor.py:839} INFO - DAG(s) dict_keys(['example_dynamic_task_mapping_with_no_taskflow_operators']) retrieved from /home/airflow/.local/lib/python3.8/site-packages/airflow/example_dags/example_dynamic_task_mapping_with_no_taskflow_operators.py
[2023-11-25T10:30:30.070+0000] {logging_mixin.py:154} INFO - [2023-11-25T10:30:30.070+0000] {dag.py:2941} INFO - Sync 1 DAGs
[2023-11-25T10:30:30.098+0000] {logging_mixin.py:154} INFO - [2023-11-25T10:30:30.098+0000] {dag.py:3722} INFO - Setting next_dagrun for example_dynamic_task_mapping_with_no_taskflow_operators to 2023-11-24T10:30:30.097962+00:00, run_after=2023-11-25T10:30:30.097962+00:00
[2023-11-25T10:30:30.154+0000] {processor.py:179} INFO - Processing /home/airflow/.local/lib/python3.8/site-packages/airflow/example_dags/example_dynamic_task_mapping_with_no_taskflow_operators.py took 0.117 seconds
[2023-11-25T10:31:00.547+0000] {processor.py:157} INFO - Started process (PID=886) to work on /home/airflow/.local/lib/python3.8/site-packages/airflow/example_dags/example_dynamic_task_mapping_with_no_taskflow_operators.py
[2023-11-25T10:31:00.548+0000] {processor.py:829} INFO - Processing file /home/airflow/.local/lib/python3.8/site-packages/airflow/example_dags/example_dynamic_task_mapping_with_no_taskflow_operators.py for tasks to queue
[2023-11-25T10:31:00.550+0000] {logging_mixin.py:154} INFO - [2023-11-25T10:31:00.550+0000] {dagbag.py:536} INFO - Filling up the DagBag from /home/airflow/.local/lib/python3.8/site-packages/airflow/example_dags/example_dynamic_task_mapping_with_no_taskflow_operators.py
[2023-11-25T10:31:00.555+0000] {processor.py:839} INFO - DAG(s) dict_keys(['example_dynamic_task_mapping_with_no_taskflow_operators']) retrieved from /home/airflow/.local/lib/python3.8/site-packages/airflow/example_dags/example_dynamic_task_mapping_with_no_taskflow_operators.py
[2023-11-25T10:31:00.577+0000] {logging_mixin.py:154} INFO - [2023-11-25T10:31:00.577+0000] {dag.py:2941} INFO - Sync 1 DAGs
[2023-11-25T10:31:00.604+0000] {logging_mixin.py:154} INFO - [2023-11-25T10:31:00.604+0000] {dag.py:3722} INFO - Setting next_dagrun for example_dynamic_task_mapping_with_no_taskflow_operators to 2023-11-24T10:31:00.604023+00:00, run_after=2023-11-25T10:31:00.604023+00:00
[2023-11-25T10:31:00.637+0000] {processor.py:179} INFO - Processing /home/airflow/.local/lib/python3.8/site-packages/airflow/example_dags/example_dynamic_task_mapping_with_no_taskflow_operators.py took 0.092 seconds
[2023-11-25T10:31:30.889+0000] {processor.py:157} INFO - Started process (PID=939) to work on /home/airflow/.local/lib/python3.8/site-packages/airflow/example_dags/example_dynamic_task_mapping_with_no_taskflow_operators.py
[2023-11-25T10:31:30.891+0000] {processor.py:829} INFO - Processing file /home/airflow/.local/lib/python3.8/site-packages/airflow/example_dags/example_dynamic_task_mapping_with_no_taskflow_operators.py for tasks to queue
[2023-11-25T10:31:30.894+0000] {logging_mixin.py:154} INFO - [2023-11-25T10:31:30.893+0000] {dagbag.py:536} INFO - Filling up the DagBag from /home/airflow/.local/lib/python3.8/site-packages/airflow/example_dags/example_dynamic_task_mapping_with_no_taskflow_operators.py
[2023-11-25T10:31:30.902+0000] {processor.py:839} INFO - DAG(s) dict_keys(['example_dynamic_task_mapping_with_no_taskflow_operators']) retrieved from /home/airflow/.local/lib/python3.8/site-packages/airflow/example_dags/example_dynamic_task_mapping_with_no_taskflow_operators.py
[2023-11-25T10:31:30.928+0000] {logging_mixin.py:154} INFO - [2023-11-25T10:31:30.928+0000] {dag.py:2941} INFO - Sync 1 DAGs
[2023-11-25T10:31:30.959+0000] {logging_mixin.py:154} INFO - [2023-11-25T10:31:30.958+0000] {dag.py:3722} INFO - Setting next_dagrun for example_dynamic_task_mapping_with_no_taskflow_operators to 2023-11-24T10:31:30.958656+00:00, run_after=2023-11-25T10:31:30.958656+00:00
[2023-11-25T10:31:31.001+0000] {processor.py:179} INFO - Processing /home/airflow/.local/lib/python3.8/site-packages/airflow/example_dags/example_dynamic_task_mapping_with_no_taskflow_operators.py took 0.116 seconds
[2023-11-25T10:32:01.858+0000] {processor.py:157} INFO - Started process (PID=993) to work on /home/airflow/.local/lib/python3.8/site-packages/airflow/example_dags/example_dynamic_task_mapping_with_no_taskflow_operators.py
[2023-11-25T10:32:01.859+0000] {processor.py:829} INFO - Processing file /home/airflow/.local/lib/python3.8/site-packages/airflow/example_dags/example_dynamic_task_mapping_with_no_taskflow_operators.py for tasks to queue
[2023-11-25T10:32:01.861+0000] {logging_mixin.py:154} INFO - [2023-11-25T10:32:01.861+0000] {dagbag.py:536} INFO - Filling up the DagBag from /home/airflow/.local/lib/python3.8/site-packages/airflow/example_dags/example_dynamic_task_mapping_with_no_taskflow_operators.py
[2023-11-25T10:32:01.867+0000] {processor.py:839} INFO - DAG(s) dict_keys(['example_dynamic_task_mapping_with_no_taskflow_operators']) retrieved from /home/airflow/.local/lib/python3.8/site-packages/airflow/example_dags/example_dynamic_task_mapping_with_no_taskflow_operators.py
[2023-11-25T10:32:01.889+0000] {logging_mixin.py:154} INFO - [2023-11-25T10:32:01.888+0000] {dag.py:2941} INFO - Sync 1 DAGs
[2023-11-25T10:32:01.919+0000] {logging_mixin.py:154} INFO - [2023-11-25T10:32:01.918+0000] {dag.py:3722} INFO - Setting next_dagrun for example_dynamic_task_mapping_with_no_taskflow_operators to 2023-11-24T10:32:01.918625+00:00, run_after=2023-11-25T10:32:01.918625+00:00
[2023-11-25T10:32:02.074+0000] {processor.py:179} INFO - Processing /home/airflow/.local/lib/python3.8/site-packages/airflow/example_dags/example_dynamic_task_mapping_with_no_taskflow_operators.py took 0.219 seconds
[2023-11-25T10:32:32.737+0000] {processor.py:157} INFO - Started process (PID=1047) to work on /home/airflow/.local/lib/python3.8/site-packages/airflow/example_dags/example_dynamic_task_mapping_with_no_taskflow_operators.py
[2023-11-25T10:32:32.738+0000] {processor.py:829} INFO - Processing file /home/airflow/.local/lib/python3.8/site-packages/airflow/example_dags/example_dynamic_task_mapping_with_no_taskflow_operators.py for tasks to queue
[2023-11-25T10:32:32.740+0000] {logging_mixin.py:154} INFO - [2023-11-25T10:32:32.739+0000] {dagbag.py:536} INFO - Filling up the DagBag from /home/airflow/.local/lib/python3.8/site-packages/airflow/example_dags/example_dynamic_task_mapping_with_no_taskflow_operators.py
[2023-11-25T10:32:32.748+0000] {processor.py:839} INFO - DAG(s) dict_keys(['example_dynamic_task_mapping_with_no_taskflow_operators']) retrieved from /home/airflow/.local/lib/python3.8/site-packages/airflow/example_dags/example_dynamic_task_mapping_with_no_taskflow_operators.py
[2023-11-25T10:32:32.771+0000] {logging_mixin.py:154} INFO - [2023-11-25T10:32:32.771+0000] {dag.py:2941} INFO - Sync 1 DAGs
[2023-11-25T10:32:32.801+0000] {logging_mixin.py:154} INFO - [2023-11-25T10:32:32.801+0000] {dag.py:3722} INFO - Setting next_dagrun for example_dynamic_task_mapping_with_no_taskflow_operators to 2023-11-24T10:32:32.800835+00:00, run_after=2023-11-25T10:32:32.800835+00:00
[2023-11-25T10:32:32.822+0000] {processor.py:179} INFO - Processing /home/airflow/.local/lib/python3.8/site-packages/airflow/example_dags/example_dynamic_task_mapping_with_no_taskflow_operators.py took 0.089 seconds
[2023-11-25T10:33:03.712+0000] {processor.py:157} INFO - Started process (PID=1101) to work on /home/airflow/.local/lib/python3.8/site-packages/airflow/example_dags/example_dynamic_task_mapping_with_no_taskflow_operators.py
[2023-11-25T10:33:03.714+0000] {processor.py:829} INFO - Processing file /home/airflow/.local/lib/python3.8/site-packages/airflow/example_dags/example_dynamic_task_mapping_with_no_taskflow_operators.py for tasks to queue
[2023-11-25T10:33:03.717+0000] {logging_mixin.py:154} INFO - [2023-11-25T10:33:03.717+0000] {dagbag.py:536} INFO - Filling up the DagBag from /home/airflow/.local/lib/python3.8/site-packages/airflow/example_dags/example_dynamic_task_mapping_with_no_taskflow_operators.py
[2023-11-25T10:33:03.723+0000] {processor.py:839} INFO - DAG(s) dict_keys(['example_dynamic_task_mapping_with_no_taskflow_operators']) retrieved from /home/airflow/.local/lib/python3.8/site-packages/airflow/example_dags/example_dynamic_task_mapping_with_no_taskflow_operators.py
[2023-11-25T10:33:03.749+0000] {logging_mixin.py:154} INFO - [2023-11-25T10:33:03.749+0000] {dag.py:2941} INFO - Sync 1 DAGs
[2023-11-25T10:33:03.774+0000] {logging_mixin.py:154} INFO - [2023-11-25T10:33:03.774+0000] {dag.py:3722} INFO - Setting next_dagrun for example_dynamic_task_mapping_with_no_taskflow_operators to 2023-11-24T10:33:03.774350+00:00, run_after=2023-11-25T10:33:03.774350+00:00
[2023-11-25T10:33:03.797+0000] {processor.py:179} INFO - Processing /home/airflow/.local/lib/python3.8/site-packages/airflow/example_dags/example_dynamic_task_mapping_with_no_taskflow_operators.py took 0.088 seconds
[2023-11-25T10:33:34.084+0000] {processor.py:157} INFO - Started process (PID=1155) to work on /home/airflow/.local/lib/python3.8/site-packages/airflow/example_dags/example_dynamic_task_mapping_with_no_taskflow_operators.py
[2023-11-25T10:33:34.085+0000] {processor.py:829} INFO - Processing file /home/airflow/.local/lib/python3.8/site-packages/airflow/example_dags/example_dynamic_task_mapping_with_no_taskflow_operators.py for tasks to queue
[2023-11-25T10:33:34.088+0000] {logging_mixin.py:154} INFO - [2023-11-25T10:33:34.087+0000] {dagbag.py:536} INFO - Filling up the DagBag from /home/airflow/.local/lib/python3.8/site-packages/airflow/example_dags/example_dynamic_task_mapping_with_no_taskflow_operators.py
[2023-11-25T10:33:34.097+0000] {processor.py:839} INFO - DAG(s) dict_keys(['example_dynamic_task_mapping_with_no_taskflow_operators']) retrieved from /home/airflow/.local/lib/python3.8/site-packages/airflow/example_dags/example_dynamic_task_mapping_with_no_taskflow_operators.py
[2023-11-25T10:33:34.133+0000] {logging_mixin.py:154} INFO - [2023-11-25T10:33:34.133+0000] {dag.py:2941} INFO - Sync 1 DAGs
[2023-11-25T10:33:34.173+0000] {logging_mixin.py:154} INFO - [2023-11-25T10:33:34.173+0000] {dag.py:3722} INFO - Setting next_dagrun for example_dynamic_task_mapping_with_no_taskflow_operators to 2023-11-24T10:33:34.172217+00:00, run_after=2023-11-25T10:33:34.172217+00:00
[2023-11-25T10:33:34.356+0000] {processor.py:179} INFO - Processing /home/airflow/.local/lib/python3.8/site-packages/airflow/example_dags/example_dynamic_task_mapping_with_no_taskflow_operators.py took 0.276 seconds
[2023-11-25T10:34:04.702+0000] {processor.py:157} INFO - Started process (PID=1208) to work on /home/airflow/.local/lib/python3.8/site-packages/airflow/example_dags/example_dynamic_task_mapping_with_no_taskflow_operators.py
[2023-11-25T10:34:04.703+0000] {processor.py:829} INFO - Processing file /home/airflow/.local/lib/python3.8/site-packages/airflow/example_dags/example_dynamic_task_mapping_with_no_taskflow_operators.py for tasks to queue
[2023-11-25T10:34:04.705+0000] {logging_mixin.py:154} INFO - [2023-11-25T10:34:04.705+0000] {dagbag.py:536} INFO - Filling up the DagBag from /home/airflow/.local/lib/python3.8/site-packages/airflow/example_dags/example_dynamic_task_mapping_with_no_taskflow_operators.py
[2023-11-25T10:34:04.711+0000] {processor.py:839} INFO - DAG(s) dict_keys(['example_dynamic_task_mapping_with_no_taskflow_operators']) retrieved from /home/airflow/.local/lib/python3.8/site-packages/airflow/example_dags/example_dynamic_task_mapping_with_no_taskflow_operators.py
[2023-11-25T10:34:04.733+0000] {logging_mixin.py:154} INFO - [2023-11-25T10:34:04.733+0000] {dag.py:2941} INFO - Sync 1 DAGs
[2023-11-25T10:34:04.762+0000] {logging_mixin.py:154} INFO - [2023-11-25T10:34:04.762+0000] {dag.py:3722} INFO - Setting next_dagrun for example_dynamic_task_mapping_with_no_taskflow_operators to 2023-11-24T10:34:04.762064+00:00, run_after=2023-11-25T10:34:04.762064+00:00
[2023-11-25T10:34:04.782+0000] {processor.py:179} INFO - Processing /home/airflow/.local/lib/python3.8/site-packages/airflow/example_dags/example_dynamic_task_mapping_with_no_taskflow_operators.py took 0.082 seconds
[2023-11-25T10:34:36.762+0000] {processor.py:157} INFO - Started process (PID=1262) to work on /home/airflow/.local/lib/python3.8/site-packages/airflow/example_dags/example_dynamic_task_mapping_with_no_taskflow_operators.py
[2023-11-25T10:34:36.763+0000] {processor.py:829} INFO - Processing file /home/airflow/.local/lib/python3.8/site-packages/airflow/example_dags/example_dynamic_task_mapping_with_no_taskflow_operators.py for tasks to queue
[2023-11-25T10:34:36.765+0000] {logging_mixin.py:154} INFO - [2023-11-25T10:34:36.765+0000] {dagbag.py:536} INFO - Filling up the DagBag from /home/airflow/.local/lib/python3.8/site-packages/airflow/example_dags/example_dynamic_task_mapping_with_no_taskflow_operators.py
[2023-11-25T10:34:36.771+0000] {processor.py:839} INFO - DAG(s) dict_keys(['example_dynamic_task_mapping_with_no_taskflow_operators']) retrieved from /home/airflow/.local/lib/python3.8/site-packages/airflow/example_dags/example_dynamic_task_mapping_with_no_taskflow_operators.py
[2023-11-25T10:34:36.791+0000] {logging_mixin.py:154} INFO - [2023-11-25T10:34:36.791+0000] {dag.py:2941} INFO - Sync 1 DAGs
[2023-11-25T10:34:37.009+0000] {logging_mixin.py:154} INFO - [2023-11-25T10:34:37.009+0000] {dag.py:3722} INFO - Setting next_dagrun for example_dynamic_task_mapping_with_no_taskflow_operators to 2023-11-24T10:34:37.009468+00:00, run_after=2023-11-25T10:34:37.009468+00:00
[2023-11-25T10:34:37.032+0000] {processor.py:179} INFO - Processing /home/airflow/.local/lib/python3.8/site-packages/airflow/example_dags/example_dynamic_task_mapping_with_no_taskflow_operators.py took 0.273 seconds
[2023-11-25T10:35:07.549+0000] {processor.py:157} INFO - Started process (PID=1316) to work on /home/airflow/.local/lib/python3.8/site-packages/airflow/example_dags/example_dynamic_task_mapping_with_no_taskflow_operators.py
[2023-11-25T10:35:07.550+0000] {processor.py:829} INFO - Processing file /home/airflow/.local/lib/python3.8/site-packages/airflow/example_dags/example_dynamic_task_mapping_with_no_taskflow_operators.py for tasks to queue
[2023-11-25T10:35:07.553+0000] {logging_mixin.py:154} INFO - [2023-11-25T10:35:07.552+0000] {dagbag.py:536} INFO - Filling up the DagBag from /home/airflow/.local/lib/python3.8/site-packages/airflow/example_dags/example_dynamic_task_mapping_with_no_taskflow_operators.py
[2023-11-25T10:35:07.561+0000] {processor.py:839} INFO - DAG(s) dict_keys(['example_dynamic_task_mapping_with_no_taskflow_operators']) retrieved from /home/airflow/.local/lib/python3.8/site-packages/airflow/example_dags/example_dynamic_task_mapping_with_no_taskflow_operators.py
[2023-11-25T10:35:07.581+0000] {logging_mixin.py:154} INFO - [2023-11-25T10:35:07.581+0000] {dag.py:2941} INFO - Sync 1 DAGs
[2023-11-25T10:35:07.611+0000] {logging_mixin.py:154} INFO - [2023-11-25T10:35:07.610+0000] {dag.py:3722} INFO - Setting next_dagrun for example_dynamic_task_mapping_with_no_taskflow_operators to 2023-11-24T10:35:07.610561+00:00, run_after=2023-11-25T10:35:07.610561+00:00
[2023-11-25T10:35:07.642+0000] {processor.py:179} INFO - Processing /home/airflow/.local/lib/python3.8/site-packages/airflow/example_dags/example_dynamic_task_mapping_with_no_taskflow_operators.py took 0.096 seconds
[2023-11-25T10:35:38.199+0000] {processor.py:157} INFO - Started process (PID=1370) to work on /home/airflow/.local/lib/python3.8/site-packages/airflow/example_dags/example_dynamic_task_mapping_with_no_taskflow_operators.py
[2023-11-25T10:35:38.213+0000] {processor.py:829} INFO - Processing file /home/airflow/.local/lib/python3.8/site-packages/airflow/example_dags/example_dynamic_task_mapping_with_no_taskflow_operators.py for tasks to queue
[2023-11-25T10:35:38.217+0000] {logging_mixin.py:154} INFO - [2023-11-25T10:35:38.216+0000] {dagbag.py:536} INFO - Filling up the DagBag from /home/airflow/.local/lib/python3.8/site-packages/airflow/example_dags/example_dynamic_task_mapping_with_no_taskflow_operators.py
[2023-11-25T10:35:38.225+0000] {processor.py:839} INFO - DAG(s) dict_keys(['example_dynamic_task_mapping_with_no_taskflow_operators']) retrieved from /home/airflow/.local/lib/python3.8/site-packages/airflow/example_dags/example_dynamic_task_mapping_with_no_taskflow_operators.py
[2023-11-25T10:35:38.250+0000] {logging_mixin.py:154} INFO - [2023-11-25T10:35:38.250+0000] {dag.py:2941} INFO - Sync 1 DAGs
[2023-11-25T10:35:38.282+0000] {logging_mixin.py:154} INFO - [2023-11-25T10:35:38.281+0000] {dag.py:3722} INFO - Setting next_dagrun for example_dynamic_task_mapping_with_no_taskflow_operators to 2023-11-24T10:35:38.281357+00:00, run_after=2023-11-25T10:35:38.281357+00:00
[2023-11-25T10:35:38.329+0000] {processor.py:179} INFO - Processing /home/airflow/.local/lib/python3.8/site-packages/airflow/example_dags/example_dynamic_task_mapping_with_no_taskflow_operators.py took 0.134 seconds
[2023-11-25T10:36:08.653+0000] {processor.py:157} INFO - Started process (PID=1424) to work on /home/airflow/.local/lib/python3.8/site-packages/airflow/example_dags/example_dynamic_task_mapping_with_no_taskflow_operators.py
[2023-11-25T10:36:08.654+0000] {processor.py:829} INFO - Processing file /home/airflow/.local/lib/python3.8/site-packages/airflow/example_dags/example_dynamic_task_mapping_with_no_taskflow_operators.py for tasks to queue
[2023-11-25T10:36:08.656+0000] {logging_mixin.py:154} INFO - [2023-11-25T10:36:08.656+0000] {dagbag.py:536} INFO - Filling up the DagBag from /home/airflow/.local/lib/python3.8/site-packages/airflow/example_dags/example_dynamic_task_mapping_with_no_taskflow_operators.py
[2023-11-25T10:36:08.662+0000] {processor.py:839} INFO - DAG(s) dict_keys(['example_dynamic_task_mapping_with_no_taskflow_operators']) retrieved from /home/airflow/.local/lib/python3.8/site-packages/airflow/example_dags/example_dynamic_task_mapping_with_no_taskflow_operators.py
[2023-11-25T10:36:08.687+0000] {logging_mixin.py:154} INFO - [2023-11-25T10:36:08.687+0000] {dag.py:2941} INFO - Sync 1 DAGs
[2023-11-25T10:36:08.864+0000] {logging_mixin.py:154} INFO - [2023-11-25T10:36:08.864+0000] {dag.py:3722} INFO - Setting next_dagrun for example_dynamic_task_mapping_with_no_taskflow_operators to 2023-11-24T10:36:08.864318+00:00, run_after=2023-11-25T10:36:08.864318+00:00
[2023-11-25T10:36:08.885+0000] {processor.py:179} INFO - Processing /home/airflow/.local/lib/python3.8/site-packages/airflow/example_dags/example_dynamic_task_mapping_with_no_taskflow_operators.py took 0.235 seconds
[2023-11-25T10:36:39.891+0000] {processor.py:157} INFO - Started process (PID=1478) to work on /home/airflow/.local/lib/python3.8/site-packages/airflow/example_dags/example_dynamic_task_mapping_with_no_taskflow_operators.py
[2023-11-25T10:36:39.892+0000] {processor.py:829} INFO - Processing file /home/airflow/.local/lib/python3.8/site-packages/airflow/example_dags/example_dynamic_task_mapping_with_no_taskflow_operators.py for tasks to queue
[2023-11-25T10:36:39.894+0000] {logging_mixin.py:154} INFO - [2023-11-25T10:36:39.893+0000] {dagbag.py:536} INFO - Filling up the DagBag from /home/airflow/.local/lib/python3.8/site-packages/airflow/example_dags/example_dynamic_task_mapping_with_no_taskflow_operators.py
[2023-11-25T10:36:39.899+0000] {processor.py:839} INFO - DAG(s) dict_keys(['example_dynamic_task_mapping_with_no_taskflow_operators']) retrieved from /home/airflow/.local/lib/python3.8/site-packages/airflow/example_dags/example_dynamic_task_mapping_with_no_taskflow_operators.py
[2023-11-25T10:36:39.919+0000] {logging_mixin.py:154} INFO - [2023-11-25T10:36:39.919+0000] {dag.py:2941} INFO - Sync 1 DAGs
[2023-11-25T10:36:39.952+0000] {logging_mixin.py:154} INFO - [2023-11-25T10:36:39.951+0000] {dag.py:3722} INFO - Setting next_dagrun for example_dynamic_task_mapping_with_no_taskflow_operators to 2023-11-24T10:36:39.951356+00:00, run_after=2023-11-25T10:36:39.951356+00:00
[2023-11-25T10:36:39.973+0000] {processor.py:179} INFO - Processing /home/airflow/.local/lib/python3.8/site-packages/airflow/example_dags/example_dynamic_task_mapping_with_no_taskflow_operators.py took 0.085 seconds
[2023-11-25T10:37:10.793+0000] {processor.py:157} INFO - Started process (PID=1531) to work on /home/airflow/.local/lib/python3.8/site-packages/airflow/example_dags/example_dynamic_task_mapping_with_no_taskflow_operators.py
[2023-11-25T10:37:10.795+0000] {processor.py:829} INFO - Processing file /home/airflow/.local/lib/python3.8/site-packages/airflow/example_dags/example_dynamic_task_mapping_with_no_taskflow_operators.py for tasks to queue
[2023-11-25T10:37:10.799+0000] {logging_mixin.py:154} INFO - [2023-11-25T10:37:10.799+0000] {dagbag.py:536} INFO - Filling up the DagBag from /home/airflow/.local/lib/python3.8/site-packages/airflow/example_dags/example_dynamic_task_mapping_with_no_taskflow_operators.py
[2023-11-25T10:37:11.059+0000] {processor.py:839} INFO - DAG(s) dict_keys(['example_dynamic_task_mapping_with_no_taskflow_operators']) retrieved from /home/airflow/.local/lib/python3.8/site-packages/airflow/example_dags/example_dynamic_task_mapping_with_no_taskflow_operators.py
[2023-11-25T10:37:11.083+0000] {logging_mixin.py:154} INFO - [2023-11-25T10:37:11.082+0000] {dag.py:2941} INFO - Sync 1 DAGs
[2023-11-25T10:37:11.110+0000] {logging_mixin.py:154} INFO - [2023-11-25T10:37:11.110+0000] {dag.py:3722} INFO - Setting next_dagrun for example_dynamic_task_mapping_with_no_taskflow_operators to 2023-11-24T10:37:11.110431+00:00, run_after=2023-11-25T10:37:11.110431+00:00
[2023-11-25T10:37:11.136+0000] {processor.py:179} INFO - Processing /home/airflow/.local/lib/python3.8/site-packages/airflow/example_dags/example_dynamic_task_mapping_with_no_taskflow_operators.py took 0.348 seconds
[2023-11-25T10:37:41.896+0000] {processor.py:157} INFO - Started process (PID=1585) to work on /home/airflow/.local/lib/python3.8/site-packages/airflow/example_dags/example_dynamic_task_mapping_with_no_taskflow_operators.py
[2023-11-25T10:37:41.897+0000] {processor.py:829} INFO - Processing file /home/airflow/.local/lib/python3.8/site-packages/airflow/example_dags/example_dynamic_task_mapping_with_no_taskflow_operators.py for tasks to queue
[2023-11-25T10:37:41.899+0000] {logging_mixin.py:154} INFO - [2023-11-25T10:37:41.899+0000] {dagbag.py:536} INFO - Filling up the DagBag from /home/airflow/.local/lib/python3.8/site-packages/airflow/example_dags/example_dynamic_task_mapping_with_no_taskflow_operators.py
[2023-11-25T10:37:41.905+0000] {processor.py:839} INFO - DAG(s) dict_keys(['example_dynamic_task_mapping_with_no_taskflow_operators']) retrieved from /home/airflow/.local/lib/python3.8/site-packages/airflow/example_dags/example_dynamic_task_mapping_with_no_taskflow_operators.py
[2023-11-25T10:37:41.922+0000] {logging_mixin.py:154} INFO - [2023-11-25T10:37:41.922+0000] {dag.py:2941} INFO - Sync 1 DAGs
[2023-11-25T10:37:41.945+0000] {logging_mixin.py:154} INFO - [2023-11-25T10:37:41.945+0000] {dag.py:3722} INFO - Setting next_dagrun for example_dynamic_task_mapping_with_no_taskflow_operators to 2023-11-24T10:37:41.944960+00:00, run_after=2023-11-25T10:37:41.944960+00:00
[2023-11-25T10:37:41.962+0000] {processor.py:179} INFO - Processing /home/airflow/.local/lib/python3.8/site-packages/airflow/example_dags/example_dynamic_task_mapping_with_no_taskflow_operators.py took 0.070 seconds
[2023-11-25T10:38:12.257+0000] {processor.py:157} INFO - Started process (PID=1639) to work on /home/airflow/.local/lib/python3.8/site-packages/airflow/example_dags/example_dynamic_task_mapping_with_no_taskflow_operators.py
[2023-11-25T10:38:12.257+0000] {processor.py:829} INFO - Processing file /home/airflow/.local/lib/python3.8/site-packages/airflow/example_dags/example_dynamic_task_mapping_with_no_taskflow_operators.py for tasks to queue
[2023-11-25T10:38:12.259+0000] {logging_mixin.py:154} INFO - [2023-11-25T10:38:12.259+0000] {dagbag.py:536} INFO - Filling up the DagBag from /home/airflow/.local/lib/python3.8/site-packages/airflow/example_dags/example_dynamic_task_mapping_with_no_taskflow_operators.py
[2023-11-25T10:38:12.265+0000] {processor.py:839} INFO - DAG(s) dict_keys(['example_dynamic_task_mapping_with_no_taskflow_operators']) retrieved from /home/airflow/.local/lib/python3.8/site-packages/airflow/example_dags/example_dynamic_task_mapping_with_no_taskflow_operators.py
[2023-11-25T10:38:12.282+0000] {logging_mixin.py:154} INFO - [2023-11-25T10:38:12.282+0000] {dag.py:2941} INFO - Sync 1 DAGs
[2023-11-25T10:38:12.304+0000] {logging_mixin.py:154} INFO - [2023-11-25T10:38:12.304+0000] {dag.py:3722} INFO - Setting next_dagrun for example_dynamic_task_mapping_with_no_taskflow_operators to 2023-11-24T10:38:12.304263+00:00, run_after=2023-11-25T10:38:12.304263+00:00
[2023-11-25T10:38:12.342+0000] {processor.py:179} INFO - Processing /home/airflow/.local/lib/python3.8/site-packages/airflow/example_dags/example_dynamic_task_mapping_with_no_taskflow_operators.py took 0.090 seconds
[2023-11-25T10:38:42.461+0000] {processor.py:157} INFO - Started process (PID=1693) to work on /home/airflow/.local/lib/python3.8/site-packages/airflow/example_dags/example_dynamic_task_mapping_with_no_taskflow_operators.py
[2023-11-25T10:38:42.462+0000] {processor.py:829} INFO - Processing file /home/airflow/.local/lib/python3.8/site-packages/airflow/example_dags/example_dynamic_task_mapping_with_no_taskflow_operators.py for tasks to queue
[2023-11-25T10:38:42.465+0000] {logging_mixin.py:154} INFO - [2023-11-25T10:38:42.464+0000] {dagbag.py:536} INFO - Filling up the DagBag from /home/airflow/.local/lib/python3.8/site-packages/airflow/example_dags/example_dynamic_task_mapping_with_no_taskflow_operators.py
[2023-11-25T10:38:42.473+0000] {processor.py:839} INFO - DAG(s) dict_keys(['example_dynamic_task_mapping_with_no_taskflow_operators']) retrieved from /home/airflow/.local/lib/python3.8/site-packages/airflow/example_dags/example_dynamic_task_mapping_with_no_taskflow_operators.py
[2023-11-25T10:38:42.496+0000] {logging_mixin.py:154} INFO - [2023-11-25T10:38:42.496+0000] {dag.py:2941} INFO - Sync 1 DAGs
[2023-11-25T10:38:42.534+0000] {logging_mixin.py:154} INFO - [2023-11-25T10:38:42.534+0000] {dag.py:3722} INFO - Setting next_dagrun for example_dynamic_task_mapping_with_no_taskflow_operators to 2023-11-24T10:38:42.533899+00:00, run_after=2023-11-25T10:38:42.533899+00:00
[2023-11-25T10:38:42.558+0000] {processor.py:179} INFO - Processing /home/airflow/.local/lib/python3.8/site-packages/airflow/example_dags/example_dynamic_task_mapping_with_no_taskflow_operators.py took 0.102 seconds
[2023-11-25T10:39:12.879+0000] {processor.py:157} INFO - Started process (PID=1747) to work on /home/airflow/.local/lib/python3.8/site-packages/airflow/example_dags/example_dynamic_task_mapping_with_no_taskflow_operators.py
[2023-11-25T10:39:12.881+0000] {processor.py:829} INFO - Processing file /home/airflow/.local/lib/python3.8/site-packages/airflow/example_dags/example_dynamic_task_mapping_with_no_taskflow_operators.py for tasks to queue
[2023-11-25T10:39:12.886+0000] {logging_mixin.py:154} INFO - [2023-11-25T10:39:12.886+0000] {dagbag.py:536} INFO - Filling up the DagBag from /home/airflow/.local/lib/python3.8/site-packages/airflow/example_dags/example_dynamic_task_mapping_with_no_taskflow_operators.py
[2023-11-25T10:39:12.896+0000] {processor.py:839} INFO - DAG(s) dict_keys(['example_dynamic_task_mapping_with_no_taskflow_operators']) retrieved from /home/airflow/.local/lib/python3.8/site-packages/airflow/example_dags/example_dynamic_task_mapping_with_no_taskflow_operators.py
[2023-11-25T10:39:12.920+0000] {logging_mixin.py:154} INFO - [2023-11-25T10:39:12.920+0000] {dag.py:2941} INFO - Sync 1 DAGs
[2023-11-25T10:39:12.944+0000] {logging_mixin.py:154} INFO - [2023-11-25T10:39:12.944+0000] {dag.py:3722} INFO - Setting next_dagrun for example_dynamic_task_mapping_with_no_taskflow_operators to 2023-11-24T10:39:12.943916+00:00, run_after=2023-11-25T10:39:12.943916+00:00
[2023-11-25T10:39:12.972+0000] {processor.py:179} INFO - Processing /home/airflow/.local/lib/python3.8/site-packages/airflow/example_dags/example_dynamic_task_mapping_with_no_taskflow_operators.py took 0.107 seconds
[2023-11-25T10:39:43.136+0000] {processor.py:157} INFO - Started process (PID=1801) to work on /home/airflow/.local/lib/python3.8/site-packages/airflow/example_dags/example_dynamic_task_mapping_with_no_taskflow_operators.py
[2023-11-25T10:39:43.137+0000] {processor.py:829} INFO - Processing file /home/airflow/.local/lib/python3.8/site-packages/airflow/example_dags/example_dynamic_task_mapping_with_no_taskflow_operators.py for tasks to queue
[2023-11-25T10:39:43.140+0000] {logging_mixin.py:154} INFO - [2023-11-25T10:39:43.139+0000] {dagbag.py:536} INFO - Filling up the DagBag from /home/airflow/.local/lib/python3.8/site-packages/airflow/example_dags/example_dynamic_task_mapping_with_no_taskflow_operators.py
[2023-11-25T10:39:43.147+0000] {processor.py:839} INFO - DAG(s) dict_keys(['example_dynamic_task_mapping_with_no_taskflow_operators']) retrieved from /home/airflow/.local/lib/python3.8/site-packages/airflow/example_dags/example_dynamic_task_mapping_with_no_taskflow_operators.py
[2023-11-25T10:39:43.167+0000] {logging_mixin.py:154} INFO - [2023-11-25T10:39:43.167+0000] {dag.py:2941} INFO - Sync 1 DAGs
[2023-11-25T10:39:43.191+0000] {logging_mixin.py:154} INFO - [2023-11-25T10:39:43.191+0000] {dag.py:3722} INFO - Setting next_dagrun for example_dynamic_task_mapping_with_no_taskflow_operators to 2023-11-24T10:39:43.191061+00:00, run_after=2023-11-25T10:39:43.191061+00:00
[2023-11-25T10:39:43.232+0000] {processor.py:179} INFO - Processing /home/airflow/.local/lib/python3.8/site-packages/airflow/example_dags/example_dynamic_task_mapping_with_no_taskflow_operators.py took 0.100 seconds
[2023-11-25T11:05:07.808+0000] {processor.py:157} INFO - Started process (PID=71) to work on /home/airflow/.local/lib/python3.8/site-packages/airflow/example_dags/example_dynamic_task_mapping_with_no_taskflow_operators.py
[2023-11-25T11:05:07.811+0000] {processor.py:829} INFO - Processing file /home/airflow/.local/lib/python3.8/site-packages/airflow/example_dags/example_dynamic_task_mapping_with_no_taskflow_operators.py for tasks to queue
[2023-11-25T11:05:07.814+0000] {logging_mixin.py:154} INFO - [2023-11-25T11:05:07.813+0000] {dagbag.py:536} INFO - Filling up the DagBag from /home/airflow/.local/lib/python3.8/site-packages/airflow/example_dags/example_dynamic_task_mapping_with_no_taskflow_operators.py
[2023-11-25T11:05:07.824+0000] {processor.py:839} INFO - DAG(s) dict_keys(['example_dynamic_task_mapping_with_no_taskflow_operators']) retrieved from /home/airflow/.local/lib/python3.8/site-packages/airflow/example_dags/example_dynamic_task_mapping_with_no_taskflow_operators.py
[2023-11-25T11:05:07.839+0000] {logging_mixin.py:154} INFO - [2023-11-25T11:05:07.839+0000] {dag.py:2941} INFO - Sync 1 DAGs
[2023-11-25T11:05:07.875+0000] {logging_mixin.py:154} INFO - [2023-11-25T11:05:07.875+0000] {dag.py:3722} INFO - Setting next_dagrun for example_dynamic_task_mapping_with_no_taskflow_operators to 2023-11-24T11:05:07.875285+00:00, run_after=2023-11-25T11:05:07.875285+00:00
[2023-11-25T11:05:07.898+0000] {processor.py:179} INFO - Processing /home/airflow/.local/lib/python3.8/site-packages/airflow/example_dags/example_dynamic_task_mapping_with_no_taskflow_operators.py took 0.095 seconds
[2023-11-25T11:05:38.458+0000] {processor.py:157} INFO - Started process (PID=125) to work on /home/airflow/.local/lib/python3.8/site-packages/airflow/example_dags/example_dynamic_task_mapping_with_no_taskflow_operators.py
[2023-11-25T11:05:38.459+0000] {processor.py:829} INFO - Processing file /home/airflow/.local/lib/python3.8/site-packages/airflow/example_dags/example_dynamic_task_mapping_with_no_taskflow_operators.py for tasks to queue
[2023-11-25T11:05:38.461+0000] {logging_mixin.py:154} INFO - [2023-11-25T11:05:38.460+0000] {dagbag.py:536} INFO - Filling up the DagBag from /home/airflow/.local/lib/python3.8/site-packages/airflow/example_dags/example_dynamic_task_mapping_with_no_taskflow_operators.py
[2023-11-25T11:05:38.468+0000] {processor.py:839} INFO - DAG(s) dict_keys(['example_dynamic_task_mapping_with_no_taskflow_operators']) retrieved from /home/airflow/.local/lib/python3.8/site-packages/airflow/example_dags/example_dynamic_task_mapping_with_no_taskflow_operators.py
[2023-11-25T11:05:38.500+0000] {logging_mixin.py:154} INFO - [2023-11-25T11:05:38.500+0000] {dag.py:2941} INFO - Sync 1 DAGs
[2023-11-25T11:05:38.546+0000] {logging_mixin.py:154} INFO - [2023-11-25T11:05:38.545+0000] {dag.py:3722} INFO - Setting next_dagrun for example_dynamic_task_mapping_with_no_taskflow_operators to 2023-11-24T11:05:38.545690+00:00, run_after=2023-11-25T11:05:38.545690+00:00
[2023-11-25T11:05:38.580+0000] {processor.py:179} INFO - Processing /home/airflow/.local/lib/python3.8/site-packages/airflow/example_dags/example_dynamic_task_mapping_with_no_taskflow_operators.py took 0.124 seconds
[2023-11-25T11:06:09.289+0000] {processor.py:157} INFO - Started process (PID=179) to work on /home/airflow/.local/lib/python3.8/site-packages/airflow/example_dags/example_dynamic_task_mapping_with_no_taskflow_operators.py
[2023-11-25T11:06:09.290+0000] {processor.py:829} INFO - Processing file /home/airflow/.local/lib/python3.8/site-packages/airflow/example_dags/example_dynamic_task_mapping_with_no_taskflow_operators.py for tasks to queue
[2023-11-25T11:06:09.291+0000] {logging_mixin.py:154} INFO - [2023-11-25T11:06:09.291+0000] {dagbag.py:536} INFO - Filling up the DagBag from /home/airflow/.local/lib/python3.8/site-packages/airflow/example_dags/example_dynamic_task_mapping_with_no_taskflow_operators.py
[2023-11-25T11:06:09.297+0000] {processor.py:839} INFO - DAG(s) dict_keys(['example_dynamic_task_mapping_with_no_taskflow_operators']) retrieved from /home/airflow/.local/lib/python3.8/site-packages/airflow/example_dags/example_dynamic_task_mapping_with_no_taskflow_operators.py
[2023-11-25T11:06:09.315+0000] {logging_mixin.py:154} INFO - [2023-11-25T11:06:09.315+0000] {dag.py:2941} INFO - Sync 1 DAGs
[2023-11-25T11:06:09.342+0000] {logging_mixin.py:154} INFO - [2023-11-25T11:06:09.342+0000] {dag.py:3722} INFO - Setting next_dagrun for example_dynamic_task_mapping_with_no_taskflow_operators to 2023-11-24T11:06:09.342364+00:00, run_after=2023-11-25T11:06:09.342364+00:00
[2023-11-25T11:06:09.367+0000] {processor.py:179} INFO - Processing /home/airflow/.local/lib/python3.8/site-packages/airflow/example_dags/example_dynamic_task_mapping_with_no_taskflow_operators.py took 0.082 seconds
[2023-11-25T11:07:44.281+0000] {processor.py:157} INFO - Started process (PID=71) to work on /home/airflow/.local/lib/python3.8/site-packages/airflow/example_dags/example_dynamic_task_mapping_with_no_taskflow_operators.py
[2023-11-25T11:07:44.283+0000] {processor.py:829} INFO - Processing file /home/airflow/.local/lib/python3.8/site-packages/airflow/example_dags/example_dynamic_task_mapping_with_no_taskflow_operators.py for tasks to queue
[2023-11-25T11:07:44.285+0000] {logging_mixin.py:154} INFO - [2023-11-25T11:07:44.285+0000] {dagbag.py:536} INFO - Filling up the DagBag from /home/airflow/.local/lib/python3.8/site-packages/airflow/example_dags/example_dynamic_task_mapping_with_no_taskflow_operators.py
[2023-11-25T11:07:44.293+0000] {processor.py:839} INFO - DAG(s) dict_keys(['example_dynamic_task_mapping_with_no_taskflow_operators']) retrieved from /home/airflow/.local/lib/python3.8/site-packages/airflow/example_dags/example_dynamic_task_mapping_with_no_taskflow_operators.py
[2023-11-25T11:07:44.324+0000] {logging_mixin.py:154} INFO - [2023-11-25T11:07:44.324+0000] {dag.py:2941} INFO - Sync 1 DAGs
[2023-11-25T11:07:44.361+0000] {logging_mixin.py:154} INFO - [2023-11-25T11:07:44.361+0000] {dag.py:3722} INFO - Setting next_dagrun for example_dynamic_task_mapping_with_no_taskflow_operators to 2023-11-24T11:07:44.361045+00:00, run_after=2023-11-25T11:07:44.361045+00:00
[2023-11-25T11:07:44.399+0000] {processor.py:179} INFO - Processing /home/airflow/.local/lib/python3.8/site-packages/airflow/example_dags/example_dynamic_task_mapping_with_no_taskflow_operators.py took 0.122 seconds
[2023-11-25T11:08:15.378+0000] {processor.py:157} INFO - Started process (PID=125) to work on /home/airflow/.local/lib/python3.8/site-packages/airflow/example_dags/example_dynamic_task_mapping_with_no_taskflow_operators.py
[2023-11-25T11:08:15.379+0000] {processor.py:829} INFO - Processing file /home/airflow/.local/lib/python3.8/site-packages/airflow/example_dags/example_dynamic_task_mapping_with_no_taskflow_operators.py for tasks to queue
[2023-11-25T11:08:15.381+0000] {logging_mixin.py:154} INFO - [2023-11-25T11:08:15.381+0000] {dagbag.py:536} INFO - Filling up the DagBag from /home/airflow/.local/lib/python3.8/site-packages/airflow/example_dags/example_dynamic_task_mapping_with_no_taskflow_operators.py
[2023-11-25T11:08:15.386+0000] {processor.py:839} INFO - DAG(s) dict_keys(['example_dynamic_task_mapping_with_no_taskflow_operators']) retrieved from /home/airflow/.local/lib/python3.8/site-packages/airflow/example_dags/example_dynamic_task_mapping_with_no_taskflow_operators.py
[2023-11-25T11:08:15.404+0000] {logging_mixin.py:154} INFO - [2023-11-25T11:08:15.404+0000] {dag.py:2941} INFO - Sync 1 DAGs
[2023-11-25T11:08:15.426+0000] {logging_mixin.py:154} INFO - [2023-11-25T11:08:15.426+0000] {dag.py:3722} INFO - Setting next_dagrun for example_dynamic_task_mapping_with_no_taskflow_operators to 2023-11-24T11:08:15.426021+00:00, run_after=2023-11-25T11:08:15.426021+00:00
[2023-11-25T11:08:15.466+0000] {processor.py:179} INFO - Processing /home/airflow/.local/lib/python3.8/site-packages/airflow/example_dags/example_dynamic_task_mapping_with_no_taskflow_operators.py took 0.091 seconds
[2023-11-25T11:08:46.359+0000] {processor.py:157} INFO - Started process (PID=179) to work on /home/airflow/.local/lib/python3.8/site-packages/airflow/example_dags/example_dynamic_task_mapping_with_no_taskflow_operators.py
[2023-11-25T11:08:46.360+0000] {processor.py:829} INFO - Processing file /home/airflow/.local/lib/python3.8/site-packages/airflow/example_dags/example_dynamic_task_mapping_with_no_taskflow_operators.py for tasks to queue
[2023-11-25T11:08:46.362+0000] {logging_mixin.py:154} INFO - [2023-11-25T11:08:46.362+0000] {dagbag.py:536} INFO - Filling up the DagBag from /home/airflow/.local/lib/python3.8/site-packages/airflow/example_dags/example_dynamic_task_mapping_with_no_taskflow_operators.py
[2023-11-25T11:08:46.368+0000] {processor.py:839} INFO - DAG(s) dict_keys(['example_dynamic_task_mapping_with_no_taskflow_operators']) retrieved from /home/airflow/.local/lib/python3.8/site-packages/airflow/example_dags/example_dynamic_task_mapping_with_no_taskflow_operators.py
[2023-11-25T11:08:46.387+0000] {logging_mixin.py:154} INFO - [2023-11-25T11:08:46.387+0000] {dag.py:2941} INFO - Sync 1 DAGs
[2023-11-25T11:08:46.407+0000] {logging_mixin.py:154} INFO - [2023-11-25T11:08:46.407+0000] {dag.py:3722} INFO - Setting next_dagrun for example_dynamic_task_mapping_with_no_taskflow_operators to 2023-11-24T11:08:46.407396+00:00, run_after=2023-11-25T11:08:46.407396+00:00
[2023-11-25T11:08:46.431+0000] {processor.py:179} INFO - Processing /home/airflow/.local/lib/python3.8/site-packages/airflow/example_dags/example_dynamic_task_mapping_with_no_taskflow_operators.py took 0.075 seconds
[2023-11-25T11:09:16.870+0000] {processor.py:157} INFO - Started process (PID=232) to work on /home/airflow/.local/lib/python3.8/site-packages/airflow/example_dags/example_dynamic_task_mapping_with_no_taskflow_operators.py
[2023-11-25T11:09:16.871+0000] {processor.py:829} INFO - Processing file /home/airflow/.local/lib/python3.8/site-packages/airflow/example_dags/example_dynamic_task_mapping_with_no_taskflow_operators.py for tasks to queue
[2023-11-25T11:09:16.872+0000] {logging_mixin.py:154} INFO - [2023-11-25T11:09:16.872+0000] {dagbag.py:536} INFO - Filling up the DagBag from /home/airflow/.local/lib/python3.8/site-packages/airflow/example_dags/example_dynamic_task_mapping_with_no_taskflow_operators.py
[2023-11-25T11:09:16.878+0000] {processor.py:839} INFO - DAG(s) dict_keys(['example_dynamic_task_mapping_with_no_taskflow_operators']) retrieved from /home/airflow/.local/lib/python3.8/site-packages/airflow/example_dags/example_dynamic_task_mapping_with_no_taskflow_operators.py
[2023-11-25T11:09:16.896+0000] {logging_mixin.py:154} INFO - [2023-11-25T11:09:16.896+0000] {dag.py:2941} INFO - Sync 1 DAGs
[2023-11-25T11:09:16.917+0000] {logging_mixin.py:154} INFO - [2023-11-25T11:09:16.917+0000] {dag.py:3722} INFO - Setting next_dagrun for example_dynamic_task_mapping_with_no_taskflow_operators to 2023-11-24T11:09:16.916973+00:00, run_after=2023-11-25T11:09:16.916973+00:00
[2023-11-25T11:09:16.934+0000] {processor.py:179} INFO - Processing /home/airflow/.local/lib/python3.8/site-packages/airflow/example_dags/example_dynamic_task_mapping_with_no_taskflow_operators.py took 0.067 seconds
[2023-11-25T11:09:47.729+0000] {processor.py:157} INFO - Started process (PID=293) to work on /home/airflow/.local/lib/python3.8/site-packages/airflow/example_dags/example_dynamic_task_mapping_with_no_taskflow_operators.py
[2023-11-25T11:09:47.730+0000] {processor.py:829} INFO - Processing file /home/airflow/.local/lib/python3.8/site-packages/airflow/example_dags/example_dynamic_task_mapping_with_no_taskflow_operators.py for tasks to queue
[2023-11-25T11:09:47.732+0000] {logging_mixin.py:154} INFO - [2023-11-25T11:09:47.731+0000] {dagbag.py:536} INFO - Filling up the DagBag from /home/airflow/.local/lib/python3.8/site-packages/airflow/example_dags/example_dynamic_task_mapping_with_no_taskflow_operators.py
[2023-11-25T11:09:47.737+0000] {processor.py:839} INFO - DAG(s) dict_keys(['example_dynamic_task_mapping_with_no_taskflow_operators']) retrieved from /home/airflow/.local/lib/python3.8/site-packages/airflow/example_dags/example_dynamic_task_mapping_with_no_taskflow_operators.py
[2023-11-25T11:09:47.754+0000] {logging_mixin.py:154} INFO - [2023-11-25T11:09:47.754+0000] {dag.py:2941} INFO - Sync 1 DAGs
[2023-11-25T11:09:47.775+0000] {logging_mixin.py:154} INFO - [2023-11-25T11:09:47.774+0000] {dag.py:3722} INFO - Setting next_dagrun for example_dynamic_task_mapping_with_no_taskflow_operators to 2023-11-24T11:09:47.774651+00:00, run_after=2023-11-25T11:09:47.774651+00:00
[2023-11-25T11:09:47.798+0000] {processor.py:179} INFO - Processing /home/airflow/.local/lib/python3.8/site-packages/airflow/example_dags/example_dynamic_task_mapping_with_no_taskflow_operators.py took 0.072 seconds
[2023-11-25T11:10:18.698+0000] {processor.py:157} INFO - Started process (PID=348) to work on /home/airflow/.local/lib/python3.8/site-packages/airflow/example_dags/example_dynamic_task_mapping_with_no_taskflow_operators.py
[2023-11-25T11:10:18.699+0000] {processor.py:829} INFO - Processing file /home/airflow/.local/lib/python3.8/site-packages/airflow/example_dags/example_dynamic_task_mapping_with_no_taskflow_operators.py for tasks to queue
[2023-11-25T11:10:18.701+0000] {logging_mixin.py:154} INFO - [2023-11-25T11:10:18.701+0000] {dagbag.py:536} INFO - Filling up the DagBag from /home/airflow/.local/lib/python3.8/site-packages/airflow/example_dags/example_dynamic_task_mapping_with_no_taskflow_operators.py
[2023-11-25T11:10:18.706+0000] {processor.py:839} INFO - DAG(s) dict_keys(['example_dynamic_task_mapping_with_no_taskflow_operators']) retrieved from /home/airflow/.local/lib/python3.8/site-packages/airflow/example_dags/example_dynamic_task_mapping_with_no_taskflow_operators.py
[2023-11-25T11:10:18.723+0000] {logging_mixin.py:154} INFO - [2023-11-25T11:10:18.723+0000] {dag.py:2941} INFO - Sync 1 DAGs
[2023-11-25T11:10:18.742+0000] {logging_mixin.py:154} INFO - [2023-11-25T11:10:18.742+0000] {dag.py:3722} INFO - Setting next_dagrun for example_dynamic_task_mapping_with_no_taskflow_operators to 2023-11-24T11:10:18.742449+00:00, run_after=2023-11-25T11:10:18.742449+00:00
[2023-11-25T11:10:18.761+0000] {processor.py:179} INFO - Processing /home/airflow/.local/lib/python3.8/site-packages/airflow/example_dags/example_dynamic_task_mapping_with_no_taskflow_operators.py took 0.065 seconds
[2023-11-25T11:10:49.177+0000] {processor.py:157} INFO - Started process (PID=402) to work on /home/airflow/.local/lib/python3.8/site-packages/airflow/example_dags/example_dynamic_task_mapping_with_no_taskflow_operators.py
[2023-11-25T11:10:49.178+0000] {processor.py:829} INFO - Processing file /home/airflow/.local/lib/python3.8/site-packages/airflow/example_dags/example_dynamic_task_mapping_with_no_taskflow_operators.py for tasks to queue
[2023-11-25T11:10:49.180+0000] {logging_mixin.py:154} INFO - [2023-11-25T11:10:49.180+0000] {dagbag.py:536} INFO - Filling up the DagBag from /home/airflow/.local/lib/python3.8/site-packages/airflow/example_dags/example_dynamic_task_mapping_with_no_taskflow_operators.py
[2023-11-25T11:10:49.188+0000] {processor.py:839} INFO - DAG(s) dict_keys(['example_dynamic_task_mapping_with_no_taskflow_operators']) retrieved from /home/airflow/.local/lib/python3.8/site-packages/airflow/example_dags/example_dynamic_task_mapping_with_no_taskflow_operators.py
[2023-11-25T11:10:49.211+0000] {logging_mixin.py:154} INFO - [2023-11-25T11:10:49.210+0000] {dag.py:2941} INFO - Sync 1 DAGs
[2023-11-25T11:10:49.242+0000] {logging_mixin.py:154} INFO - [2023-11-25T11:10:49.241+0000] {dag.py:3722} INFO - Setting next_dagrun for example_dynamic_task_mapping_with_no_taskflow_operators to 2023-11-24T11:10:49.241614+00:00, run_after=2023-11-25T11:10:49.241614+00:00
[2023-11-25T11:10:49.265+0000] {processor.py:179} INFO - Processing /home/airflow/.local/lib/python3.8/site-packages/airflow/example_dags/example_dynamic_task_mapping_with_no_taskflow_operators.py took 0.092 seconds
[2023-11-25T11:11:19.384+0000] {processor.py:157} INFO - Started process (PID=456) to work on /home/airflow/.local/lib/python3.8/site-packages/airflow/example_dags/example_dynamic_task_mapping_with_no_taskflow_operators.py
[2023-11-25T11:11:19.385+0000] {processor.py:829} INFO - Processing file /home/airflow/.local/lib/python3.8/site-packages/airflow/example_dags/example_dynamic_task_mapping_with_no_taskflow_operators.py for tasks to queue
[2023-11-25T11:11:19.387+0000] {logging_mixin.py:154} INFO - [2023-11-25T11:11:19.386+0000] {dagbag.py:536} INFO - Filling up the DagBag from /home/airflow/.local/lib/python3.8/site-packages/airflow/example_dags/example_dynamic_task_mapping_with_no_taskflow_operators.py
[2023-11-25T11:11:19.392+0000] {processor.py:839} INFO - DAG(s) dict_keys(['example_dynamic_task_mapping_with_no_taskflow_operators']) retrieved from /home/airflow/.local/lib/python3.8/site-packages/airflow/example_dags/example_dynamic_task_mapping_with_no_taskflow_operators.py
[2023-11-25T11:11:19.413+0000] {logging_mixin.py:154} INFO - [2023-11-25T11:11:19.413+0000] {dag.py:2941} INFO - Sync 1 DAGs
[2023-11-25T11:11:19.442+0000] {logging_mixin.py:154} INFO - [2023-11-25T11:11:19.442+0000] {dag.py:3722} INFO - Setting next_dagrun for example_dynamic_task_mapping_with_no_taskflow_operators to 2023-11-24T11:11:19.441832+00:00, run_after=2023-11-25T11:11:19.441832+00:00
[2023-11-25T11:11:19.470+0000] {processor.py:179} INFO - Processing /home/airflow/.local/lib/python3.8/site-packages/airflow/example_dags/example_dynamic_task_mapping_with_no_taskflow_operators.py took 0.089 seconds
[2023-11-25T11:11:49.506+0000] {processor.py:157} INFO - Started process (PID=510) to work on /home/airflow/.local/lib/python3.8/site-packages/airflow/example_dags/example_dynamic_task_mapping_with_no_taskflow_operators.py
[2023-11-25T11:11:49.506+0000] {processor.py:829} INFO - Processing file /home/airflow/.local/lib/python3.8/site-packages/airflow/example_dags/example_dynamic_task_mapping_with_no_taskflow_operators.py for tasks to queue
[2023-11-25T11:11:49.508+0000] {logging_mixin.py:154} INFO - [2023-11-25T11:11:49.508+0000] {dagbag.py:536} INFO - Filling up the DagBag from /home/airflow/.local/lib/python3.8/site-packages/airflow/example_dags/example_dynamic_task_mapping_with_no_taskflow_operators.py
[2023-11-25T11:11:49.513+0000] {processor.py:839} INFO - DAG(s) dict_keys(['example_dynamic_task_mapping_with_no_taskflow_operators']) retrieved from /home/airflow/.local/lib/python3.8/site-packages/airflow/example_dags/example_dynamic_task_mapping_with_no_taskflow_operators.py
[2023-11-25T11:11:49.531+0000] {logging_mixin.py:154} INFO - [2023-11-25T11:11:49.530+0000] {dag.py:2941} INFO - Sync 1 DAGs
[2023-11-25T11:11:49.551+0000] {logging_mixin.py:154} INFO - [2023-11-25T11:11:49.551+0000] {dag.py:3722} INFO - Setting next_dagrun for example_dynamic_task_mapping_with_no_taskflow_operators to 2023-11-24T11:11:49.551552+00:00, run_after=2023-11-25T11:11:49.551552+00:00
[2023-11-25T11:11:49.569+0000] {processor.py:179} INFO - Processing /home/airflow/.local/lib/python3.8/site-packages/airflow/example_dags/example_dynamic_task_mapping_with_no_taskflow_operators.py took 0.066 seconds
[2023-11-25T11:12:19.797+0000] {processor.py:157} INFO - Started process (PID=563) to work on /home/airflow/.local/lib/python3.8/site-packages/airflow/example_dags/example_dynamic_task_mapping_with_no_taskflow_operators.py
[2023-11-25T11:12:19.798+0000] {processor.py:829} INFO - Processing file /home/airflow/.local/lib/python3.8/site-packages/airflow/example_dags/example_dynamic_task_mapping_with_no_taskflow_operators.py for tasks to queue
[2023-11-25T11:12:19.800+0000] {logging_mixin.py:154} INFO - [2023-11-25T11:12:19.800+0000] {dagbag.py:536} INFO - Filling up the DagBag from /home/airflow/.local/lib/python3.8/site-packages/airflow/example_dags/example_dynamic_task_mapping_with_no_taskflow_operators.py
[2023-11-25T11:12:19.808+0000] {processor.py:839} INFO - DAG(s) dict_keys(['example_dynamic_task_mapping_with_no_taskflow_operators']) retrieved from /home/airflow/.local/lib/python3.8/site-packages/airflow/example_dags/example_dynamic_task_mapping_with_no_taskflow_operators.py
[2023-11-25T11:12:19.833+0000] {logging_mixin.py:154} INFO - [2023-11-25T11:12:19.833+0000] {dag.py:2941} INFO - Sync 1 DAGs
[2023-11-25T11:12:19.858+0000] {logging_mixin.py:154} INFO - [2023-11-25T11:12:19.858+0000] {dag.py:3722} INFO - Setting next_dagrun for example_dynamic_task_mapping_with_no_taskflow_operators to 2023-11-24T11:12:19.858257+00:00, run_after=2023-11-25T11:12:19.858257+00:00
[2023-11-25T11:12:19.878+0000] {processor.py:179} INFO - Processing /home/airflow/.local/lib/python3.8/site-packages/airflow/example_dags/example_dynamic_task_mapping_with_no_taskflow_operators.py took 0.085 seconds
[2023-11-25T11:12:50.220+0000] {processor.py:157} INFO - Started process (PID=617) to work on /home/airflow/.local/lib/python3.8/site-packages/airflow/example_dags/example_dynamic_task_mapping_with_no_taskflow_operators.py
[2023-11-25T11:12:50.221+0000] {processor.py:829} INFO - Processing file /home/airflow/.local/lib/python3.8/site-packages/airflow/example_dags/example_dynamic_task_mapping_with_no_taskflow_operators.py for tasks to queue
[2023-11-25T11:12:50.222+0000] {logging_mixin.py:154} INFO - [2023-11-25T11:12:50.222+0000] {dagbag.py:536} INFO - Filling up the DagBag from /home/airflow/.local/lib/python3.8/site-packages/airflow/example_dags/example_dynamic_task_mapping_with_no_taskflow_operators.py
[2023-11-25T11:12:50.228+0000] {processor.py:839} INFO - DAG(s) dict_keys(['example_dynamic_task_mapping_with_no_taskflow_operators']) retrieved from /home/airflow/.local/lib/python3.8/site-packages/airflow/example_dags/example_dynamic_task_mapping_with_no_taskflow_operators.py
[2023-11-25T11:12:50.248+0000] {logging_mixin.py:154} INFO - [2023-11-25T11:12:50.248+0000] {dag.py:2941} INFO - Sync 1 DAGs
[2023-11-25T11:12:50.280+0000] {logging_mixin.py:154} INFO - [2023-11-25T11:12:50.279+0000] {dag.py:3722} INFO - Setting next_dagrun for example_dynamic_task_mapping_with_no_taskflow_operators to 2023-11-24T11:12:50.279546+00:00, run_after=2023-11-25T11:12:50.279546+00:00
[2023-11-25T11:12:50.327+0000] {processor.py:179} INFO - Processing /home/airflow/.local/lib/python3.8/site-packages/airflow/example_dags/example_dynamic_task_mapping_with_no_taskflow_operators.py took 0.110 seconds
[2023-11-25T11:13:21.430+0000] {processor.py:157} INFO - Started process (PID=673) to work on /home/airflow/.local/lib/python3.8/site-packages/airflow/example_dags/example_dynamic_task_mapping_with_no_taskflow_operators.py
[2023-11-25T11:13:21.431+0000] {processor.py:829} INFO - Processing file /home/airflow/.local/lib/python3.8/site-packages/airflow/example_dags/example_dynamic_task_mapping_with_no_taskflow_operators.py for tasks to queue
[2023-11-25T11:13:21.433+0000] {logging_mixin.py:154} INFO - [2023-11-25T11:13:21.432+0000] {dagbag.py:536} INFO - Filling up the DagBag from /home/airflow/.local/lib/python3.8/site-packages/airflow/example_dags/example_dynamic_task_mapping_with_no_taskflow_operators.py
[2023-11-25T11:13:21.438+0000] {processor.py:839} INFO - DAG(s) dict_keys(['example_dynamic_task_mapping_with_no_taskflow_operators']) retrieved from /home/airflow/.local/lib/python3.8/site-packages/airflow/example_dags/example_dynamic_task_mapping_with_no_taskflow_operators.py
[2023-11-25T11:13:21.458+0000] {logging_mixin.py:154} INFO - [2023-11-25T11:13:21.458+0000] {dag.py:2941} INFO - Sync 1 DAGs
[2023-11-25T11:13:21.481+0000] {logging_mixin.py:154} INFO - [2023-11-25T11:13:21.480+0000] {dag.py:3722} INFO - Setting next_dagrun for example_dynamic_task_mapping_with_no_taskflow_operators to 2023-11-24T11:13:21.480724+00:00, run_after=2023-11-25T11:13:21.480724+00:00
[2023-11-25T11:13:21.500+0000] {processor.py:179} INFO - Processing /home/airflow/.local/lib/python3.8/site-packages/airflow/example_dags/example_dynamic_task_mapping_with_no_taskflow_operators.py took 0.073 seconds
[2023-11-25T11:13:52.131+0000] {processor.py:157} INFO - Started process (PID=728) to work on /home/airflow/.local/lib/python3.8/site-packages/airflow/example_dags/example_dynamic_task_mapping_with_no_taskflow_operators.py
[2023-11-25T11:13:52.132+0000] {processor.py:829} INFO - Processing file /home/airflow/.local/lib/python3.8/site-packages/airflow/example_dags/example_dynamic_task_mapping_with_no_taskflow_operators.py for tasks to queue
[2023-11-25T11:13:52.134+0000] {logging_mixin.py:154} INFO - [2023-11-25T11:13:52.134+0000] {dagbag.py:536} INFO - Filling up the DagBag from /home/airflow/.local/lib/python3.8/site-packages/airflow/example_dags/example_dynamic_task_mapping_with_no_taskflow_operators.py
[2023-11-25T11:13:52.141+0000] {processor.py:839} INFO - DAG(s) dict_keys(['example_dynamic_task_mapping_with_no_taskflow_operators']) retrieved from /home/airflow/.local/lib/python3.8/site-packages/airflow/example_dags/example_dynamic_task_mapping_with_no_taskflow_operators.py
[2023-11-25T11:13:52.166+0000] {logging_mixin.py:154} INFO - [2023-11-25T11:13:52.166+0000] {dag.py:2941} INFO - Sync 1 DAGs
[2023-11-25T11:13:52.198+0000] {logging_mixin.py:154} INFO - [2023-11-25T11:13:52.198+0000] {dag.py:3722} INFO - Setting next_dagrun for example_dynamic_task_mapping_with_no_taskflow_operators to 2023-11-24T11:13:52.197737+00:00, run_after=2023-11-25T11:13:52.197737+00:00
[2023-11-25T11:13:52.220+0000] {processor.py:179} INFO - Processing /home/airflow/.local/lib/python3.8/site-packages/airflow/example_dags/example_dynamic_task_mapping_with_no_taskflow_operators.py took 0.093 seconds
