[2023-11-25T10:23:18.476+0000] {processor.py:157} INFO - Started process (PID=45) to work on /home/airflow/.local/lib/python3.8/site-packages/airflow/example_dags/example_sensors.py
[2023-11-25T10:23:18.477+0000] {processor.py:829} INFO - Processing file /home/airflow/.local/lib/python3.8/site-packages/airflow/example_dags/example_sensors.py for tasks to queue
[2023-11-25T10:23:18.479+0000] {logging_mixin.py:154} INFO - [2023-11-25T10:23:18.479+0000] {dagbag.py:536} INFO - Filling up the DagBag from /home/airflow/.local/lib/python3.8/site-packages/airflow/example_dags/example_sensors.py
[2023-11-25T10:23:18.493+0000] {processor.py:839} INFO - DAG(s) dict_keys(['example_sensors']) retrieved from /home/airflow/.local/lib/python3.8/site-packages/airflow/example_dags/example_sensors.py
[2023-11-25T10:23:18.547+0000] {logging_mixin.py:154} INFO - [2023-11-25T10:23:18.546+0000] {dag.py:2941} INFO - Sync 1 DAGs
[2023-11-25T10:23:18.577+0000] {logging_mixin.py:154} INFO - [2023-11-25T10:23:18.577+0000] {dag.py:3722} INFO - Setting next_dagrun for example_sensors to None, run_after=None
[2023-11-25T10:23:18.640+0000] {processor.py:179} INFO - Processing /home/airflow/.local/lib/python3.8/site-packages/airflow/example_dags/example_sensors.py took 0.174 seconds
[2023-11-25T10:23:49.641+0000] {processor.py:157} INFO - Started process (PID=99) to work on /home/airflow/.local/lib/python3.8/site-packages/airflow/example_dags/example_sensors.py
[2023-11-25T10:23:49.652+0000] {processor.py:829} INFO - Processing file /home/airflow/.local/lib/python3.8/site-packages/airflow/example_dags/example_sensors.py for tasks to queue
[2023-11-25T10:23:49.656+0000] {logging_mixin.py:154} INFO - [2023-11-25T10:23:49.655+0000] {dagbag.py:536} INFO - Filling up the DagBag from /home/airflow/.local/lib/python3.8/site-packages/airflow/example_dags/example_sensors.py
[2023-11-25T10:23:49.679+0000] {processor.py:839} INFO - DAG(s) dict_keys(['example_sensors']) retrieved from /home/airflow/.local/lib/python3.8/site-packages/airflow/example_dags/example_sensors.py
[2023-11-25T10:23:49.708+0000] {logging_mixin.py:154} INFO - [2023-11-25T10:23:49.708+0000] {dag.py:2941} INFO - Sync 1 DAGs
[2023-11-25T10:23:49.726+0000] {logging_mixin.py:154} INFO - [2023-11-25T10:23:49.726+0000] {dag.py:3722} INFO - Setting next_dagrun for example_sensors to None, run_after=None
[2023-11-25T10:23:49.761+0000] {processor.py:179} INFO - Processing /home/airflow/.local/lib/python3.8/site-packages/airflow/example_dags/example_sensors.py took 0.126 seconds
[2023-11-25T10:24:20.399+0000] {processor.py:157} INFO - Started process (PID=153) to work on /home/airflow/.local/lib/python3.8/site-packages/airflow/example_dags/example_sensors.py
[2023-11-25T10:24:20.400+0000] {processor.py:829} INFO - Processing file /home/airflow/.local/lib/python3.8/site-packages/airflow/example_dags/example_sensors.py for tasks to queue
[2023-11-25T10:24:20.403+0000] {logging_mixin.py:154} INFO - [2023-11-25T10:24:20.403+0000] {dagbag.py:536} INFO - Filling up the DagBag from /home/airflow/.local/lib/python3.8/site-packages/airflow/example_dags/example_sensors.py
[2023-11-25T10:24:20.416+0000] {processor.py:839} INFO - DAG(s) dict_keys(['example_sensors']) retrieved from /home/airflow/.local/lib/python3.8/site-packages/airflow/example_dags/example_sensors.py
[2023-11-25T10:24:20.444+0000] {logging_mixin.py:154} INFO - [2023-11-25T10:24:20.444+0000] {dag.py:2941} INFO - Sync 1 DAGs
[2023-11-25T10:24:20.456+0000] {logging_mixin.py:154} INFO - [2023-11-25T10:24:20.455+0000] {dag.py:3722} INFO - Setting next_dagrun for example_sensors to None, run_after=None
[2023-11-25T10:24:20.500+0000] {processor.py:179} INFO - Processing /home/airflow/.local/lib/python3.8/site-packages/airflow/example_dags/example_sensors.py took 0.107 seconds
[2023-11-25T10:24:50.638+0000] {processor.py:157} INFO - Started process (PID=207) to work on /home/airflow/.local/lib/python3.8/site-packages/airflow/example_dags/example_sensors.py
[2023-11-25T10:24:50.639+0000] {processor.py:829} INFO - Processing file /home/airflow/.local/lib/python3.8/site-packages/airflow/example_dags/example_sensors.py for tasks to queue
[2023-11-25T10:24:50.641+0000] {logging_mixin.py:154} INFO - [2023-11-25T10:24:50.641+0000] {dagbag.py:536} INFO - Filling up the DagBag from /home/airflow/.local/lib/python3.8/site-packages/airflow/example_dags/example_sensors.py
[2023-11-25T10:24:50.653+0000] {processor.py:839} INFO - DAG(s) dict_keys(['example_sensors']) retrieved from /home/airflow/.local/lib/python3.8/site-packages/airflow/example_dags/example_sensors.py
[2023-11-25T10:24:50.703+0000] {logging_mixin.py:154} INFO - [2023-11-25T10:24:50.703+0000] {dag.py:2941} INFO - Sync 1 DAGs
[2023-11-25T10:24:50.720+0000] {logging_mixin.py:154} INFO - [2023-11-25T10:24:50.719+0000] {dag.py:3722} INFO - Setting next_dagrun for example_sensors to None, run_after=None
[2023-11-25T10:24:50.739+0000] {processor.py:179} INFO - Processing /home/airflow/.local/lib/python3.8/site-packages/airflow/example_dags/example_sensors.py took 0.106 seconds
[2023-11-25T10:25:21.079+0000] {processor.py:157} INFO - Started process (PID=261) to work on /home/airflow/.local/lib/python3.8/site-packages/airflow/example_dags/example_sensors.py
[2023-11-25T10:25:21.087+0000] {processor.py:829} INFO - Processing file /home/airflow/.local/lib/python3.8/site-packages/airflow/example_dags/example_sensors.py for tasks to queue
[2023-11-25T10:25:21.099+0000] {logging_mixin.py:154} INFO - [2023-11-25T10:25:21.098+0000] {dagbag.py:536} INFO - Filling up the DagBag from /home/airflow/.local/lib/python3.8/site-packages/airflow/example_dags/example_sensors.py
[2023-11-25T10:25:21.130+0000] {processor.py:839} INFO - DAG(s) dict_keys(['example_sensors']) retrieved from /home/airflow/.local/lib/python3.8/site-packages/airflow/example_dags/example_sensors.py
[2023-11-25T10:25:21.199+0000] {logging_mixin.py:154} INFO - [2023-11-25T10:25:21.199+0000] {dag.py:2941} INFO - Sync 1 DAGs
[2023-11-25T10:25:21.215+0000] {logging_mixin.py:154} INFO - [2023-11-25T10:25:21.215+0000] {dag.py:3722} INFO - Setting next_dagrun for example_sensors to None, run_after=None
[2023-11-25T10:25:21.261+0000] {processor.py:179} INFO - Processing /home/airflow/.local/lib/python3.8/site-packages/airflow/example_dags/example_sensors.py took 0.200 seconds
[2023-11-25T10:25:51.784+0000] {processor.py:157} INFO - Started process (PID=315) to work on /home/airflow/.local/lib/python3.8/site-packages/airflow/example_dags/example_sensors.py
[2023-11-25T10:25:51.785+0000] {processor.py:829} INFO - Processing file /home/airflow/.local/lib/python3.8/site-packages/airflow/example_dags/example_sensors.py for tasks to queue
[2023-11-25T10:25:51.788+0000] {logging_mixin.py:154} INFO - [2023-11-25T10:25:51.788+0000] {dagbag.py:536} INFO - Filling up the DagBag from /home/airflow/.local/lib/python3.8/site-packages/airflow/example_dags/example_sensors.py
[2023-11-25T10:25:51.799+0000] {processor.py:839} INFO - DAG(s) dict_keys(['example_sensors']) retrieved from /home/airflow/.local/lib/python3.8/site-packages/airflow/example_dags/example_sensors.py
[2023-11-25T10:25:51.828+0000] {logging_mixin.py:154} INFO - [2023-11-25T10:25:51.827+0000] {dag.py:2941} INFO - Sync 1 DAGs
[2023-11-25T10:25:51.843+0000] {logging_mixin.py:154} INFO - [2023-11-25T10:25:51.843+0000] {dag.py:3722} INFO - Setting next_dagrun for example_sensors to None, run_after=None
[2023-11-25T10:25:51.906+0000] {processor.py:179} INFO - Processing /home/airflow/.local/lib/python3.8/site-packages/airflow/example_dags/example_sensors.py took 0.128 seconds
[2023-11-25T10:26:22.132+0000] {processor.py:157} INFO - Started process (PID=369) to work on /home/airflow/.local/lib/python3.8/site-packages/airflow/example_dags/example_sensors.py
[2023-11-25T10:26:22.136+0000] {processor.py:829} INFO - Processing file /home/airflow/.local/lib/python3.8/site-packages/airflow/example_dags/example_sensors.py for tasks to queue
[2023-11-25T10:26:22.139+0000] {logging_mixin.py:154} INFO - [2023-11-25T10:26:22.139+0000] {dagbag.py:536} INFO - Filling up the DagBag from /home/airflow/.local/lib/python3.8/site-packages/airflow/example_dags/example_sensors.py
[2023-11-25T10:26:22.152+0000] {processor.py:839} INFO - DAG(s) dict_keys(['example_sensors']) retrieved from /home/airflow/.local/lib/python3.8/site-packages/airflow/example_dags/example_sensors.py
[2023-11-25T10:26:22.188+0000] {logging_mixin.py:154} INFO - [2023-11-25T10:26:22.188+0000] {dag.py:2941} INFO - Sync 1 DAGs
[2023-11-25T10:26:22.210+0000] {logging_mixin.py:154} INFO - [2023-11-25T10:26:22.209+0000] {dag.py:3722} INFO - Setting next_dagrun for example_sensors to None, run_after=None
[2023-11-25T10:26:22.238+0000] {processor.py:179} INFO - Processing /home/airflow/.local/lib/python3.8/site-packages/airflow/example_dags/example_sensors.py took 0.110 seconds
[2023-11-25T10:26:52.869+0000] {processor.py:157} INFO - Started process (PID=423) to work on /home/airflow/.local/lib/python3.8/site-packages/airflow/example_dags/example_sensors.py
[2023-11-25T10:26:52.873+0000] {processor.py:829} INFO - Processing file /home/airflow/.local/lib/python3.8/site-packages/airflow/example_dags/example_sensors.py for tasks to queue
[2023-11-25T10:26:52.876+0000] {logging_mixin.py:154} INFO - [2023-11-25T10:26:52.876+0000] {dagbag.py:536} INFO - Filling up the DagBag from /home/airflow/.local/lib/python3.8/site-packages/airflow/example_dags/example_sensors.py
[2023-11-25T10:26:52.890+0000] {processor.py:839} INFO - DAG(s) dict_keys(['example_sensors']) retrieved from /home/airflow/.local/lib/python3.8/site-packages/airflow/example_dags/example_sensors.py
[2023-11-25T10:26:52.938+0000] {logging_mixin.py:154} INFO - [2023-11-25T10:26:52.938+0000] {dag.py:2941} INFO - Sync 1 DAGs
[2023-11-25T10:26:52.969+0000] {logging_mixin.py:154} INFO - [2023-11-25T10:26:52.969+0000] {dag.py:3722} INFO - Setting next_dagrun for example_sensors to None, run_after=None
[2023-11-25T10:26:53.002+0000] {processor.py:179} INFO - Processing /home/airflow/.local/lib/python3.8/site-packages/airflow/example_dags/example_sensors.py took 0.140 seconds
[2023-11-25T10:27:23.545+0000] {processor.py:157} INFO - Started process (PID=477) to work on /home/airflow/.local/lib/python3.8/site-packages/airflow/example_dags/example_sensors.py
[2023-11-25T10:27:23.550+0000] {processor.py:829} INFO - Processing file /home/airflow/.local/lib/python3.8/site-packages/airflow/example_dags/example_sensors.py for tasks to queue
[2023-11-25T10:27:23.560+0000] {logging_mixin.py:154} INFO - [2023-11-25T10:27:23.559+0000] {dagbag.py:536} INFO - Filling up the DagBag from /home/airflow/.local/lib/python3.8/site-packages/airflow/example_dags/example_sensors.py
[2023-11-25T10:27:23.581+0000] {processor.py:839} INFO - DAG(s) dict_keys(['example_sensors']) retrieved from /home/airflow/.local/lib/python3.8/site-packages/airflow/example_dags/example_sensors.py
[2023-11-25T10:27:23.621+0000] {logging_mixin.py:154} INFO - [2023-11-25T10:27:23.621+0000] {dag.py:2941} INFO - Sync 1 DAGs
[2023-11-25T10:27:23.636+0000] {logging_mixin.py:154} INFO - [2023-11-25T10:27:23.636+0000] {dag.py:3722} INFO - Setting next_dagrun for example_sensors to None, run_after=None
[2023-11-25T10:27:23.653+0000] {processor.py:179} INFO - Processing /home/airflow/.local/lib/python3.8/site-packages/airflow/example_dags/example_sensors.py took 0.130 seconds
[2023-11-25T10:27:54.061+0000] {processor.py:157} INFO - Started process (PID=530) to work on /home/airflow/.local/lib/python3.8/site-packages/airflow/example_dags/example_sensors.py
[2023-11-25T10:27:54.062+0000] {processor.py:829} INFO - Processing file /home/airflow/.local/lib/python3.8/site-packages/airflow/example_dags/example_sensors.py for tasks to queue
[2023-11-25T10:27:54.065+0000] {logging_mixin.py:154} INFO - [2023-11-25T10:27:54.064+0000] {dagbag.py:536} INFO - Filling up the DagBag from /home/airflow/.local/lib/python3.8/site-packages/airflow/example_dags/example_sensors.py
[2023-11-25T10:27:54.074+0000] {processor.py:839} INFO - DAG(s) dict_keys(['example_sensors']) retrieved from /home/airflow/.local/lib/python3.8/site-packages/airflow/example_dags/example_sensors.py
[2023-11-25T10:27:54.111+0000] {logging_mixin.py:154} INFO - [2023-11-25T10:27:54.111+0000] {dag.py:2941} INFO - Sync 1 DAGs
[2023-11-25T10:27:54.134+0000] {logging_mixin.py:154} INFO - [2023-11-25T10:27:54.133+0000] {dag.py:3722} INFO - Setting next_dagrun for example_sensors to None, run_after=None
[2023-11-25T10:27:54.164+0000] {processor.py:179} INFO - Processing /home/airflow/.local/lib/python3.8/site-packages/airflow/example_dags/example_sensors.py took 0.108 seconds
[2023-11-25T10:28:24.777+0000] {processor.py:157} INFO - Started process (PID=584) to work on /home/airflow/.local/lib/python3.8/site-packages/airflow/example_dags/example_sensors.py
[2023-11-25T10:28:24.800+0000] {processor.py:829} INFO - Processing file /home/airflow/.local/lib/python3.8/site-packages/airflow/example_dags/example_sensors.py for tasks to queue
[2023-11-25T10:28:24.804+0000] {logging_mixin.py:154} INFO - [2023-11-25T10:28:24.803+0000] {dagbag.py:536} INFO - Filling up the DagBag from /home/airflow/.local/lib/python3.8/site-packages/airflow/example_dags/example_sensors.py
[2023-11-25T10:28:24.818+0000] {processor.py:839} INFO - DAG(s) dict_keys(['example_sensors']) retrieved from /home/airflow/.local/lib/python3.8/site-packages/airflow/example_dags/example_sensors.py
[2023-11-25T10:28:24.857+0000] {logging_mixin.py:154} INFO - [2023-11-25T10:28:24.857+0000] {dag.py:2941} INFO - Sync 1 DAGs
[2023-11-25T10:28:24.873+0000] {logging_mixin.py:154} INFO - [2023-11-25T10:28:24.873+0000] {dag.py:3722} INFO - Setting next_dagrun for example_sensors to None, run_after=None
[2023-11-25T10:28:24.904+0000] {processor.py:179} INFO - Processing /home/airflow/.local/lib/python3.8/site-packages/airflow/example_dags/example_sensors.py took 0.132 seconds
[2023-11-25T10:28:55.790+0000] {processor.py:157} INFO - Started process (PID=637) to work on /home/airflow/.local/lib/python3.8/site-packages/airflow/example_dags/example_sensors.py
[2023-11-25T10:28:55.791+0000] {processor.py:829} INFO - Processing file /home/airflow/.local/lib/python3.8/site-packages/airflow/example_dags/example_sensors.py for tasks to queue
[2023-11-25T10:28:55.794+0000] {logging_mixin.py:154} INFO - [2023-11-25T10:28:55.793+0000] {dagbag.py:536} INFO - Filling up the DagBag from /home/airflow/.local/lib/python3.8/site-packages/airflow/example_dags/example_sensors.py
[2023-11-25T10:28:55.808+0000] {processor.py:839} INFO - DAG(s) dict_keys(['example_sensors']) retrieved from /home/airflow/.local/lib/python3.8/site-packages/airflow/example_dags/example_sensors.py
[2023-11-25T10:28:55.883+0000] {logging_mixin.py:154} INFO - [2023-11-25T10:28:55.883+0000] {dag.py:2941} INFO - Sync 1 DAGs
[2023-11-25T10:28:55.911+0000] {logging_mixin.py:154} INFO - [2023-11-25T10:28:55.910+0000] {dag.py:3722} INFO - Setting next_dagrun for example_sensors to None, run_after=None
[2023-11-25T10:28:55.955+0000] {processor.py:179} INFO - Processing /home/airflow/.local/lib/python3.8/site-packages/airflow/example_dags/example_sensors.py took 0.173 seconds
[2023-11-25T10:29:26.347+0000] {processor.py:157} INFO - Started process (PID=691) to work on /home/airflow/.local/lib/python3.8/site-packages/airflow/example_dags/example_sensors.py
[2023-11-25T10:29:26.350+0000] {processor.py:829} INFO - Processing file /home/airflow/.local/lib/python3.8/site-packages/airflow/example_dags/example_sensors.py for tasks to queue
[2023-11-25T10:29:26.363+0000] {logging_mixin.py:154} INFO - [2023-11-25T10:29:26.361+0000] {dagbag.py:536} INFO - Filling up the DagBag from /home/airflow/.local/lib/python3.8/site-packages/airflow/example_dags/example_sensors.py
[2023-11-25T10:29:26.413+0000] {processor.py:839} INFO - DAG(s) dict_keys(['example_sensors']) retrieved from /home/airflow/.local/lib/python3.8/site-packages/airflow/example_dags/example_sensors.py
[2023-11-25T10:29:26.472+0000] {logging_mixin.py:154} INFO - [2023-11-25T10:29:26.472+0000] {dag.py:2941} INFO - Sync 1 DAGs
[2023-11-25T10:29:26.491+0000] {logging_mixin.py:154} INFO - [2023-11-25T10:29:26.491+0000] {dag.py:3722} INFO - Setting next_dagrun for example_sensors to None, run_after=None
[2023-11-25T10:29:26.515+0000] {processor.py:179} INFO - Processing /home/airflow/.local/lib/python3.8/site-packages/airflow/example_dags/example_sensors.py took 0.185 seconds
[2023-11-25T10:29:56.589+0000] {processor.py:157} INFO - Started process (PID=745) to work on /home/airflow/.local/lib/python3.8/site-packages/airflow/example_dags/example_sensors.py
[2023-11-25T10:29:56.592+0000] {processor.py:829} INFO - Processing file /home/airflow/.local/lib/python3.8/site-packages/airflow/example_dags/example_sensors.py for tasks to queue
[2023-11-25T10:29:56.596+0000] {logging_mixin.py:154} INFO - [2023-11-25T10:29:56.595+0000] {dagbag.py:536} INFO - Filling up the DagBag from /home/airflow/.local/lib/python3.8/site-packages/airflow/example_dags/example_sensors.py
[2023-11-25T10:29:56.610+0000] {processor.py:839} INFO - DAG(s) dict_keys(['example_sensors']) retrieved from /home/airflow/.local/lib/python3.8/site-packages/airflow/example_dags/example_sensors.py
[2023-11-25T10:29:56.636+0000] {logging_mixin.py:154} INFO - [2023-11-25T10:29:56.636+0000] {dag.py:2941} INFO - Sync 1 DAGs
[2023-11-25T10:29:56.653+0000] {logging_mixin.py:154} INFO - [2023-11-25T10:29:56.653+0000] {dag.py:3722} INFO - Setting next_dagrun for example_sensors to None, run_after=None
[2023-11-25T10:29:56.697+0000] {processor.py:179} INFO - Processing /home/airflow/.local/lib/python3.8/site-packages/airflow/example_dags/example_sensors.py took 0.113 seconds
[2023-11-25T10:30:27.336+0000] {processor.py:157} INFO - Started process (PID=806) to work on /home/airflow/.local/lib/python3.8/site-packages/airflow/example_dags/example_sensors.py
[2023-11-25T10:30:27.338+0000] {processor.py:829} INFO - Processing file /home/airflow/.local/lib/python3.8/site-packages/airflow/example_dags/example_sensors.py for tasks to queue
[2023-11-25T10:30:27.341+0000] {logging_mixin.py:154} INFO - [2023-11-25T10:30:27.341+0000] {dagbag.py:536} INFO - Filling up the DagBag from /home/airflow/.local/lib/python3.8/site-packages/airflow/example_dags/example_sensors.py
[2023-11-25T10:30:27.352+0000] {processor.py:839} INFO - DAG(s) dict_keys(['example_sensors']) retrieved from /home/airflow/.local/lib/python3.8/site-packages/airflow/example_dags/example_sensors.py
[2023-11-25T10:30:27.385+0000] {logging_mixin.py:154} INFO - [2023-11-25T10:30:27.384+0000] {dag.py:2941} INFO - Sync 1 DAGs
[2023-11-25T10:30:27.401+0000] {logging_mixin.py:154} INFO - [2023-11-25T10:30:27.401+0000] {dag.py:3722} INFO - Setting next_dagrun for example_sensors to None, run_after=None
[2023-11-25T10:30:27.446+0000] {processor.py:179} INFO - Processing /home/airflow/.local/lib/python3.8/site-packages/airflow/example_dags/example_sensors.py took 0.114 seconds
[2023-11-25T10:30:58.015+0000] {processor.py:157} INFO - Started process (PID=860) to work on /home/airflow/.local/lib/python3.8/site-packages/airflow/example_dags/example_sensors.py
[2023-11-25T10:30:58.016+0000] {processor.py:829} INFO - Processing file /home/airflow/.local/lib/python3.8/site-packages/airflow/example_dags/example_sensors.py for tasks to queue
[2023-11-25T10:30:58.020+0000] {logging_mixin.py:154} INFO - [2023-11-25T10:30:58.020+0000] {dagbag.py:536} INFO - Filling up the DagBag from /home/airflow/.local/lib/python3.8/site-packages/airflow/example_dags/example_sensors.py
[2023-11-25T10:30:58.037+0000] {processor.py:839} INFO - DAG(s) dict_keys(['example_sensors']) retrieved from /home/airflow/.local/lib/python3.8/site-packages/airflow/example_dags/example_sensors.py
[2023-11-25T10:30:58.063+0000] {logging_mixin.py:154} INFO - [2023-11-25T10:30:58.063+0000] {dag.py:2941} INFO - Sync 1 DAGs
[2023-11-25T10:30:58.076+0000] {logging_mixin.py:154} INFO - [2023-11-25T10:30:58.076+0000] {dag.py:3722} INFO - Setting next_dagrun for example_sensors to None, run_after=None
[2023-11-25T10:30:58.096+0000] {processor.py:179} INFO - Processing /home/airflow/.local/lib/python3.8/site-packages/airflow/example_dags/example_sensors.py took 0.102 seconds
[2023-11-25T10:31:28.993+0000] {processor.py:157} INFO - Started process (PID=913) to work on /home/airflow/.local/lib/python3.8/site-packages/airflow/example_dags/example_sensors.py
[2023-11-25T10:31:28.998+0000] {processor.py:829} INFO - Processing file /home/airflow/.local/lib/python3.8/site-packages/airflow/example_dags/example_sensors.py for tasks to queue
[2023-11-25T10:31:29.005+0000] {logging_mixin.py:154} INFO - [2023-11-25T10:31:29.004+0000] {dagbag.py:536} INFO - Filling up the DagBag from /home/airflow/.local/lib/python3.8/site-packages/airflow/example_dags/example_sensors.py
[2023-11-25T10:31:29.035+0000] {processor.py:839} INFO - DAG(s) dict_keys(['example_sensors']) retrieved from /home/airflow/.local/lib/python3.8/site-packages/airflow/example_dags/example_sensors.py
[2023-11-25T10:31:29.081+0000] {logging_mixin.py:154} INFO - [2023-11-25T10:31:29.081+0000] {dag.py:2941} INFO - Sync 1 DAGs
[2023-11-25T10:31:29.100+0000] {logging_mixin.py:154} INFO - [2023-11-25T10:31:29.100+0000] {dag.py:3722} INFO - Setting next_dagrun for example_sensors to None, run_after=None
[2023-11-25T10:31:29.127+0000] {processor.py:179} INFO - Processing /home/airflow/.local/lib/python3.8/site-packages/airflow/example_dags/example_sensors.py took 0.146 seconds
[2023-11-25T10:31:59.566+0000] {processor.py:157} INFO - Started process (PID=967) to work on /home/airflow/.local/lib/python3.8/site-packages/airflow/example_dags/example_sensors.py
[2023-11-25T10:31:59.569+0000] {processor.py:829} INFO - Processing file /home/airflow/.local/lib/python3.8/site-packages/airflow/example_dags/example_sensors.py for tasks to queue
[2023-11-25T10:31:59.575+0000] {logging_mixin.py:154} INFO - [2023-11-25T10:31:59.574+0000] {dagbag.py:536} INFO - Filling up the DagBag from /home/airflow/.local/lib/python3.8/site-packages/airflow/example_dags/example_sensors.py
[2023-11-25T10:31:59.591+0000] {processor.py:839} INFO - DAG(s) dict_keys(['example_sensors']) retrieved from /home/airflow/.local/lib/python3.8/site-packages/airflow/example_dags/example_sensors.py
[2023-11-25T10:31:59.634+0000] {logging_mixin.py:154} INFO - [2023-11-25T10:31:59.634+0000] {dag.py:2941} INFO - Sync 1 DAGs
[2023-11-25T10:31:59.664+0000] {logging_mixin.py:154} INFO - [2023-11-25T10:31:59.664+0000] {dag.py:3722} INFO - Setting next_dagrun for example_sensors to None, run_after=None
[2023-11-25T10:31:59.697+0000] {processor.py:179} INFO - Processing /home/airflow/.local/lib/python3.8/site-packages/airflow/example_dags/example_sensors.py took 0.136 seconds
[2023-11-25T10:32:29.782+0000] {processor.py:157} INFO - Started process (PID=1021) to work on /home/airflow/.local/lib/python3.8/site-packages/airflow/example_dags/example_sensors.py
[2023-11-25T10:32:29.788+0000] {processor.py:829} INFO - Processing file /home/airflow/.local/lib/python3.8/site-packages/airflow/example_dags/example_sensors.py for tasks to queue
[2023-11-25T10:32:29.790+0000] {logging_mixin.py:154} INFO - [2023-11-25T10:32:29.790+0000] {dagbag.py:536} INFO - Filling up the DagBag from /home/airflow/.local/lib/python3.8/site-packages/airflow/example_dags/example_sensors.py
[2023-11-25T10:32:29.805+0000] {processor.py:839} INFO - DAG(s) dict_keys(['example_sensors']) retrieved from /home/airflow/.local/lib/python3.8/site-packages/airflow/example_dags/example_sensors.py
[2023-11-25T10:32:29.862+0000] {logging_mixin.py:154} INFO - [2023-11-25T10:32:29.861+0000] {dag.py:2941} INFO - Sync 1 DAGs
[2023-11-25T10:32:29.881+0000] {logging_mixin.py:154} INFO - [2023-11-25T10:32:29.881+0000] {dag.py:3722} INFO - Setting next_dagrun for example_sensors to None, run_after=None
[2023-11-25T10:32:29.909+0000] {processor.py:179} INFO - Processing /home/airflow/.local/lib/python3.8/site-packages/airflow/example_dags/example_sensors.py took 0.149 seconds
[2023-11-25T10:33:00.088+0000] {processor.py:157} INFO - Started process (PID=1075) to work on /home/airflow/.local/lib/python3.8/site-packages/airflow/example_dags/example_sensors.py
[2023-11-25T10:33:00.091+0000] {processor.py:829} INFO - Processing file /home/airflow/.local/lib/python3.8/site-packages/airflow/example_dags/example_sensors.py for tasks to queue
[2023-11-25T10:33:00.093+0000] {logging_mixin.py:154} INFO - [2023-11-25T10:33:00.093+0000] {dagbag.py:536} INFO - Filling up the DagBag from /home/airflow/.local/lib/python3.8/site-packages/airflow/example_dags/example_sensors.py
[2023-11-25T10:33:00.103+0000] {processor.py:839} INFO - DAG(s) dict_keys(['example_sensors']) retrieved from /home/airflow/.local/lib/python3.8/site-packages/airflow/example_dags/example_sensors.py
[2023-11-25T10:33:00.135+0000] {logging_mixin.py:154} INFO - [2023-11-25T10:33:00.135+0000] {dag.py:2941} INFO - Sync 1 DAGs
[2023-11-25T10:33:00.154+0000] {logging_mixin.py:154} INFO - [2023-11-25T10:33:00.153+0000] {dag.py:3722} INFO - Setting next_dagrun for example_sensors to None, run_after=None
[2023-11-25T10:33:00.387+0000] {processor.py:179} INFO - Processing /home/airflow/.local/lib/python3.8/site-packages/airflow/example_dags/example_sensors.py took 0.305 seconds
[2023-11-25T10:33:30.987+0000] {processor.py:157} INFO - Started process (PID=1129) to work on /home/airflow/.local/lib/python3.8/site-packages/airflow/example_dags/example_sensors.py
[2023-11-25T10:33:30.988+0000] {processor.py:829} INFO - Processing file /home/airflow/.local/lib/python3.8/site-packages/airflow/example_dags/example_sensors.py for tasks to queue
[2023-11-25T10:33:30.991+0000] {logging_mixin.py:154} INFO - [2023-11-25T10:33:30.991+0000] {dagbag.py:536} INFO - Filling up the DagBag from /home/airflow/.local/lib/python3.8/site-packages/airflow/example_dags/example_sensors.py
[2023-11-25T10:33:31.008+0000] {processor.py:839} INFO - DAG(s) dict_keys(['example_sensors']) retrieved from /home/airflow/.local/lib/python3.8/site-packages/airflow/example_dags/example_sensors.py
[2023-11-25T10:33:31.048+0000] {logging_mixin.py:154} INFO - [2023-11-25T10:33:31.048+0000] {dag.py:2941} INFO - Sync 1 DAGs
[2023-11-25T10:33:31.067+0000] {logging_mixin.py:154} INFO - [2023-11-25T10:33:31.067+0000] {dag.py:3722} INFO - Setting next_dagrun for example_sensors to None, run_after=None
[2023-11-25T10:33:31.101+0000] {processor.py:179} INFO - Processing /home/airflow/.local/lib/python3.8/site-packages/airflow/example_dags/example_sensors.py took 0.126 seconds
[2023-11-25T10:34:01.200+0000] {processor.py:157} INFO - Started process (PID=1182) to work on /home/airflow/.local/lib/python3.8/site-packages/airflow/example_dags/example_sensors.py
[2023-11-25T10:34:01.203+0000] {processor.py:829} INFO - Processing file /home/airflow/.local/lib/python3.8/site-packages/airflow/example_dags/example_sensors.py for tasks to queue
[2023-11-25T10:34:01.206+0000] {logging_mixin.py:154} INFO - [2023-11-25T10:34:01.205+0000] {dagbag.py:536} INFO - Filling up the DagBag from /home/airflow/.local/lib/python3.8/site-packages/airflow/example_dags/example_sensors.py
[2023-11-25T10:34:01.218+0000] {processor.py:839} INFO - DAG(s) dict_keys(['example_sensors']) retrieved from /home/airflow/.local/lib/python3.8/site-packages/airflow/example_dags/example_sensors.py
[2023-11-25T10:34:01.248+0000] {logging_mixin.py:154} INFO - [2023-11-25T10:34:01.247+0000] {dag.py:2941} INFO - Sync 1 DAGs
[2023-11-25T10:34:01.260+0000] {logging_mixin.py:154} INFO - [2023-11-25T10:34:01.260+0000] {dag.py:3722} INFO - Setting next_dagrun for example_sensors to None, run_after=None
[2023-11-25T10:34:01.278+0000] {processor.py:179} INFO - Processing /home/airflow/.local/lib/python3.8/site-packages/airflow/example_dags/example_sensors.py took 0.083 seconds
[2023-11-25T10:34:32.028+0000] {processor.py:157} INFO - Started process (PID=1236) to work on /home/airflow/.local/lib/python3.8/site-packages/airflow/example_dags/example_sensors.py
[2023-11-25T10:34:32.029+0000] {processor.py:829} INFO - Processing file /home/airflow/.local/lib/python3.8/site-packages/airflow/example_dags/example_sensors.py for tasks to queue
[2023-11-25T10:34:32.032+0000] {logging_mixin.py:154} INFO - [2023-11-25T10:34:32.031+0000] {dagbag.py:536} INFO - Filling up the DagBag from /home/airflow/.local/lib/python3.8/site-packages/airflow/example_dags/example_sensors.py
[2023-11-25T10:34:32.045+0000] {processor.py:839} INFO - DAG(s) dict_keys(['example_sensors']) retrieved from /home/airflow/.local/lib/python3.8/site-packages/airflow/example_dags/example_sensors.py
[2023-11-25T10:34:32.084+0000] {logging_mixin.py:154} INFO - [2023-11-25T10:34:32.083+0000] {dag.py:2941} INFO - Sync 1 DAGs
[2023-11-25T10:34:32.111+0000] {logging_mixin.py:154} INFO - [2023-11-25T10:34:32.111+0000] {dag.py:3722} INFO - Setting next_dagrun for example_sensors to None, run_after=None
[2023-11-25T10:34:32.362+0000] {processor.py:179} INFO - Processing /home/airflow/.local/lib/python3.8/site-packages/airflow/example_dags/example_sensors.py took 0.338 seconds
[2023-11-25T10:35:02.636+0000] {processor.py:157} INFO - Started process (PID=1290) to work on /home/airflow/.local/lib/python3.8/site-packages/airflow/example_dags/example_sensors.py
[2023-11-25T10:35:02.639+0000] {processor.py:829} INFO - Processing file /home/airflow/.local/lib/python3.8/site-packages/airflow/example_dags/example_sensors.py for tasks to queue
[2023-11-25T10:35:02.641+0000] {logging_mixin.py:154} INFO - [2023-11-25T10:35:02.641+0000] {dagbag.py:536} INFO - Filling up the DagBag from /home/airflow/.local/lib/python3.8/site-packages/airflow/example_dags/example_sensors.py
[2023-11-25T10:35:02.651+0000] {processor.py:839} INFO - DAG(s) dict_keys(['example_sensors']) retrieved from /home/airflow/.local/lib/python3.8/site-packages/airflow/example_dags/example_sensors.py
[2023-11-25T10:35:02.674+0000] {logging_mixin.py:154} INFO - [2023-11-25T10:35:02.674+0000] {dag.py:2941} INFO - Sync 1 DAGs
[2023-11-25T10:35:02.688+0000] {logging_mixin.py:154} INFO - [2023-11-25T10:35:02.688+0000] {dag.py:3722} INFO - Setting next_dagrun for example_sensors to None, run_after=None
[2023-11-25T10:35:02.713+0000] {processor.py:179} INFO - Processing /home/airflow/.local/lib/python3.8/site-packages/airflow/example_dags/example_sensors.py took 0.081 seconds
[2023-11-25T10:35:32.796+0000] {processor.py:157} INFO - Started process (PID=1344) to work on /home/airflow/.local/lib/python3.8/site-packages/airflow/example_dags/example_sensors.py
[2023-11-25T10:35:32.797+0000] {processor.py:829} INFO - Processing file /home/airflow/.local/lib/python3.8/site-packages/airflow/example_dags/example_sensors.py for tasks to queue
[2023-11-25T10:35:32.800+0000] {logging_mixin.py:154} INFO - [2023-11-25T10:35:32.800+0000] {dagbag.py:536} INFO - Filling up the DagBag from /home/airflow/.local/lib/python3.8/site-packages/airflow/example_dags/example_sensors.py
[2023-11-25T10:35:32.815+0000] {processor.py:839} INFO - DAG(s) dict_keys(['example_sensors']) retrieved from /home/airflow/.local/lib/python3.8/site-packages/airflow/example_dags/example_sensors.py
[2023-11-25T10:35:32.854+0000] {logging_mixin.py:154} INFO - [2023-11-25T10:35:32.854+0000] {dag.py:2941} INFO - Sync 1 DAGs
[2023-11-25T10:35:33.060+0000] {logging_mixin.py:154} INFO - [2023-11-25T10:35:33.059+0000] {dag.py:3722} INFO - Setting next_dagrun for example_sensors to None, run_after=None
[2023-11-25T10:35:33.090+0000] {processor.py:179} INFO - Processing /home/airflow/.local/lib/python3.8/site-packages/airflow/example_dags/example_sensors.py took 0.299 seconds
[2023-11-25T10:36:03.741+0000] {processor.py:157} INFO - Started process (PID=1398) to work on /home/airflow/.local/lib/python3.8/site-packages/airflow/example_dags/example_sensors.py
[2023-11-25T10:36:03.742+0000] {processor.py:829} INFO - Processing file /home/airflow/.local/lib/python3.8/site-packages/airflow/example_dags/example_sensors.py for tasks to queue
[2023-11-25T10:36:03.744+0000] {logging_mixin.py:154} INFO - [2023-11-25T10:36:03.744+0000] {dagbag.py:536} INFO - Filling up the DagBag from /home/airflow/.local/lib/python3.8/site-packages/airflow/example_dags/example_sensors.py
[2023-11-25T10:36:03.759+0000] {processor.py:839} INFO - DAG(s) dict_keys(['example_sensors']) retrieved from /home/airflow/.local/lib/python3.8/site-packages/airflow/example_dags/example_sensors.py
[2023-11-25T10:36:03.788+0000] {logging_mixin.py:154} INFO - [2023-11-25T10:36:03.788+0000] {dag.py:2941} INFO - Sync 1 DAGs
[2023-11-25T10:36:03.801+0000] {logging_mixin.py:154} INFO - [2023-11-25T10:36:03.800+0000] {dag.py:3722} INFO - Setting next_dagrun for example_sensors to None, run_after=None
[2023-11-25T10:36:03.831+0000] {processor.py:179} INFO - Processing /home/airflow/.local/lib/python3.8/site-packages/airflow/example_dags/example_sensors.py took 0.094 seconds
[2023-11-25T10:36:34.172+0000] {processor.py:157} INFO - Started process (PID=1452) to work on /home/airflow/.local/lib/python3.8/site-packages/airflow/example_dags/example_sensors.py
[2023-11-25T10:36:34.173+0000] {processor.py:829} INFO - Processing file /home/airflow/.local/lib/python3.8/site-packages/airflow/example_dags/example_sensors.py for tasks to queue
[2023-11-25T10:36:34.175+0000] {logging_mixin.py:154} INFO - [2023-11-25T10:36:34.175+0000] {dagbag.py:536} INFO - Filling up the DagBag from /home/airflow/.local/lib/python3.8/site-packages/airflow/example_dags/example_sensors.py
[2023-11-25T10:36:34.183+0000] {processor.py:839} INFO - DAG(s) dict_keys(['example_sensors']) retrieved from /home/airflow/.local/lib/python3.8/site-packages/airflow/example_dags/example_sensors.py
[2023-11-25T10:36:34.216+0000] {logging_mixin.py:154} INFO - [2023-11-25T10:36:34.215+0000] {dag.py:2941} INFO - Sync 1 DAGs
[2023-11-25T10:36:34.233+0000] {logging_mixin.py:154} INFO - [2023-11-25T10:36:34.233+0000] {dag.py:3722} INFO - Setting next_dagrun for example_sensors to None, run_after=None
[2023-11-25T10:36:34.254+0000] {processor.py:179} INFO - Processing /home/airflow/.local/lib/python3.8/site-packages/airflow/example_dags/example_sensors.py took 0.084 seconds
[2023-11-25T10:37:04.949+0000] {processor.py:157} INFO - Started process (PID=1505) to work on /home/airflow/.local/lib/python3.8/site-packages/airflow/example_dags/example_sensors.py
[2023-11-25T10:37:04.950+0000] {processor.py:829} INFO - Processing file /home/airflow/.local/lib/python3.8/site-packages/airflow/example_dags/example_sensors.py for tasks to queue
[2023-11-25T10:37:04.952+0000] {logging_mixin.py:154} INFO - [2023-11-25T10:37:04.952+0000] {dagbag.py:536} INFO - Filling up the DagBag from /home/airflow/.local/lib/python3.8/site-packages/airflow/example_dags/example_sensors.py
[2023-11-25T10:37:04.966+0000] {processor.py:839} INFO - DAG(s) dict_keys(['example_sensors']) retrieved from /home/airflow/.local/lib/python3.8/site-packages/airflow/example_dags/example_sensors.py
[2023-11-25T10:37:05.011+0000] {logging_mixin.py:154} INFO - [2023-11-25T10:37:05.011+0000] {dag.py:2941} INFO - Sync 1 DAGs
[2023-11-25T10:37:05.216+0000] {logging_mixin.py:154} INFO - [2023-11-25T10:37:05.216+0000] {dag.py:3722} INFO - Setting next_dagrun for example_sensors to None, run_after=None
[2023-11-25T10:37:05.241+0000] {processor.py:179} INFO - Processing /home/airflow/.local/lib/python3.8/site-packages/airflow/example_dags/example_sensors.py took 0.296 seconds
[2023-11-25T10:37:35.959+0000] {processor.py:157} INFO - Started process (PID=1559) to work on /home/airflow/.local/lib/python3.8/site-packages/airflow/example_dags/example_sensors.py
[2023-11-25T10:37:35.960+0000] {processor.py:829} INFO - Processing file /home/airflow/.local/lib/python3.8/site-packages/airflow/example_dags/example_sensors.py for tasks to queue
[2023-11-25T10:37:35.962+0000] {logging_mixin.py:154} INFO - [2023-11-25T10:37:35.961+0000] {dagbag.py:536} INFO - Filling up the DagBag from /home/airflow/.local/lib/python3.8/site-packages/airflow/example_dags/example_sensors.py
[2023-11-25T10:37:35.969+0000] {processor.py:839} INFO - DAG(s) dict_keys(['example_sensors']) retrieved from /home/airflow/.local/lib/python3.8/site-packages/airflow/example_dags/example_sensors.py
[2023-11-25T10:37:36.007+0000] {logging_mixin.py:154} INFO - [2023-11-25T10:37:36.007+0000] {dag.py:2941} INFO - Sync 1 DAGs
[2023-11-25T10:37:36.024+0000] {logging_mixin.py:154} INFO - [2023-11-25T10:37:36.024+0000] {dag.py:3722} INFO - Setting next_dagrun for example_sensors to None, run_after=None
[2023-11-25T10:37:36.050+0000] {processor.py:179} INFO - Processing /home/airflow/.local/lib/python3.8/site-packages/airflow/example_dags/example_sensors.py took 0.095 seconds
[2023-11-25T10:38:06.545+0000] {processor.py:157} INFO - Started process (PID=1613) to work on /home/airflow/.local/lib/python3.8/site-packages/airflow/example_dags/example_sensors.py
[2023-11-25T10:38:06.545+0000] {processor.py:829} INFO - Processing file /home/airflow/.local/lib/python3.8/site-packages/airflow/example_dags/example_sensors.py for tasks to queue
[2023-11-25T10:38:06.547+0000] {logging_mixin.py:154} INFO - [2023-11-25T10:38:06.547+0000] {dagbag.py:536} INFO - Filling up the DagBag from /home/airflow/.local/lib/python3.8/site-packages/airflow/example_dags/example_sensors.py
[2023-11-25T10:38:06.555+0000] {processor.py:839} INFO - DAG(s) dict_keys(['example_sensors']) retrieved from /home/airflow/.local/lib/python3.8/site-packages/airflow/example_dags/example_sensors.py
[2023-11-25T10:38:06.579+0000] {logging_mixin.py:154} INFO - [2023-11-25T10:38:06.579+0000] {dag.py:2941} INFO - Sync 1 DAGs
[2023-11-25T10:38:06.591+0000] {logging_mixin.py:154} INFO - [2023-11-25T10:38:06.591+0000] {dag.py:3722} INFO - Setting next_dagrun for example_sensors to None, run_after=None
[2023-11-25T10:38:06.609+0000] {processor.py:179} INFO - Processing /home/airflow/.local/lib/python3.8/site-packages/airflow/example_dags/example_sensors.py took 0.067 seconds
[2023-11-25T10:38:36.675+0000] {processor.py:157} INFO - Started process (PID=1666) to work on /home/airflow/.local/lib/python3.8/site-packages/airflow/example_dags/example_sensors.py
[2023-11-25T10:38:36.677+0000] {processor.py:829} INFO - Processing file /home/airflow/.local/lib/python3.8/site-packages/airflow/example_dags/example_sensors.py for tasks to queue
[2023-11-25T10:38:36.682+0000] {logging_mixin.py:154} INFO - [2023-11-25T10:38:36.682+0000] {dagbag.py:536} INFO - Filling up the DagBag from /home/airflow/.local/lib/python3.8/site-packages/airflow/example_dags/example_sensors.py
[2023-11-25T10:38:36.697+0000] {processor.py:839} INFO - DAG(s) dict_keys(['example_sensors']) retrieved from /home/airflow/.local/lib/python3.8/site-packages/airflow/example_dags/example_sensors.py
[2023-11-25T10:38:36.723+0000] {logging_mixin.py:154} INFO - [2023-11-25T10:38:36.723+0000] {dag.py:2941} INFO - Sync 1 DAGs
[2023-11-25T10:38:36.735+0000] {logging_mixin.py:154} INFO - [2023-11-25T10:38:36.734+0000] {dag.py:3722} INFO - Setting next_dagrun for example_sensors to None, run_after=None
[2023-11-25T10:38:36.753+0000] {processor.py:179} INFO - Processing /home/airflow/.local/lib/python3.8/site-packages/airflow/example_dags/example_sensors.py took 0.086 seconds
[2023-11-25T10:39:07.128+0000] {processor.py:157} INFO - Started process (PID=1721) to work on /home/airflow/.local/lib/python3.8/site-packages/airflow/example_dags/example_sensors.py
[2023-11-25T10:39:07.129+0000] {processor.py:829} INFO - Processing file /home/airflow/.local/lib/python3.8/site-packages/airflow/example_dags/example_sensors.py for tasks to queue
[2023-11-25T10:39:07.133+0000] {logging_mixin.py:154} INFO - [2023-11-25T10:39:07.132+0000] {dagbag.py:536} INFO - Filling up the DagBag from /home/airflow/.local/lib/python3.8/site-packages/airflow/example_dags/example_sensors.py
[2023-11-25T10:39:07.147+0000] {processor.py:839} INFO - DAG(s) dict_keys(['example_sensors']) retrieved from /home/airflow/.local/lib/python3.8/site-packages/airflow/example_dags/example_sensors.py
[2023-11-25T10:39:07.182+0000] {logging_mixin.py:154} INFO - [2023-11-25T10:39:07.182+0000] {dag.py:2941} INFO - Sync 1 DAGs
[2023-11-25T10:39:07.201+0000] {logging_mixin.py:154} INFO - [2023-11-25T10:39:07.201+0000] {dag.py:3722} INFO - Setting next_dagrun for example_sensors to None, run_after=None
[2023-11-25T10:39:07.223+0000] {processor.py:179} INFO - Processing /home/airflow/.local/lib/python3.8/site-packages/airflow/example_dags/example_sensors.py took 0.101 seconds
[2023-11-25T10:39:37.291+0000] {processor.py:157} INFO - Started process (PID=1775) to work on /home/airflow/.local/lib/python3.8/site-packages/airflow/example_dags/example_sensors.py
[2023-11-25T10:39:37.292+0000] {processor.py:829} INFO - Processing file /home/airflow/.local/lib/python3.8/site-packages/airflow/example_dags/example_sensors.py for tasks to queue
[2023-11-25T10:39:37.294+0000] {logging_mixin.py:154} INFO - [2023-11-25T10:39:37.294+0000] {dagbag.py:536} INFO - Filling up the DagBag from /home/airflow/.local/lib/python3.8/site-packages/airflow/example_dags/example_sensors.py
[2023-11-25T10:39:37.302+0000] {processor.py:839} INFO - DAG(s) dict_keys(['example_sensors']) retrieved from /home/airflow/.local/lib/python3.8/site-packages/airflow/example_dags/example_sensors.py
[2023-11-25T10:39:37.341+0000] {logging_mixin.py:154} INFO - [2023-11-25T10:39:37.341+0000] {dag.py:2941} INFO - Sync 1 DAGs
[2023-11-25T10:39:37.356+0000] {logging_mixin.py:154} INFO - [2023-11-25T10:39:37.356+0000] {dag.py:3722} INFO - Setting next_dagrun for example_sensors to None, run_after=None
[2023-11-25T10:39:37.381+0000] {processor.py:179} INFO - Processing /home/airflow/.local/lib/python3.8/site-packages/airflow/example_dags/example_sensors.py took 0.095 seconds
[2023-11-25T10:40:07.793+0000] {processor.py:157} INFO - Started process (PID=1829) to work on /home/airflow/.local/lib/python3.8/site-packages/airflow/example_dags/example_sensors.py
[2023-11-25T10:40:07.794+0000] {processor.py:829} INFO - Processing file /home/airflow/.local/lib/python3.8/site-packages/airflow/example_dags/example_sensors.py for tasks to queue
[2023-11-25T10:40:07.802+0000] {logging_mixin.py:154} INFO - [2023-11-25T10:40:07.801+0000] {dagbag.py:536} INFO - Filling up the DagBag from /home/airflow/.local/lib/python3.8/site-packages/airflow/example_dags/example_sensors.py
[2023-11-25T10:40:07.825+0000] {processor.py:839} INFO - DAG(s) dict_keys(['example_sensors']) retrieved from /home/airflow/.local/lib/python3.8/site-packages/airflow/example_dags/example_sensors.py
[2023-11-25T10:40:07.875+0000] {logging_mixin.py:154} INFO - [2023-11-25T10:40:07.875+0000] {dag.py:2941} INFO - Sync 1 DAGs
[2023-11-25T10:40:07.895+0000] {logging_mixin.py:154} INFO - [2023-11-25T10:40:07.895+0000] {dag.py:3722} INFO - Setting next_dagrun for example_sensors to None, run_after=None
[2023-11-25T10:40:07.921+0000] {processor.py:179} INFO - Processing /home/airflow/.local/lib/python3.8/site-packages/airflow/example_dags/example_sensors.py took 0.133 seconds
[2023-11-25T11:05:05.468+0000] {processor.py:157} INFO - Started process (PID=44) to work on /home/airflow/.local/lib/python3.8/site-packages/airflow/example_dags/example_sensors.py
[2023-11-25T11:05:05.497+0000] {processor.py:829} INFO - Processing file /home/airflow/.local/lib/python3.8/site-packages/airflow/example_dags/example_sensors.py for tasks to queue
[2023-11-25T11:05:05.499+0000] {logging_mixin.py:154} INFO - [2023-11-25T11:05:05.499+0000] {dagbag.py:536} INFO - Filling up the DagBag from /home/airflow/.local/lib/python3.8/site-packages/airflow/example_dags/example_sensors.py
[2023-11-25T11:05:05.559+0000] {processor.py:839} INFO - DAG(s) dict_keys(['example_sensors']) retrieved from /home/airflow/.local/lib/python3.8/site-packages/airflow/example_dags/example_sensors.py
[2023-11-25T11:05:05.575+0000] {logging_mixin.py:154} INFO - [2023-11-25T11:05:05.574+0000] {dag.py:2941} INFO - Sync 1 DAGs
[2023-11-25T11:05:05.650+0000] {logging_mixin.py:154} INFO - [2023-11-25T11:05:05.649+0000] {dag.py:3722} INFO - Setting next_dagrun for example_sensors to None, run_after=None
[2023-11-25T11:05:05.698+0000] {processor.py:179} INFO - Processing /home/airflow/.local/lib/python3.8/site-packages/airflow/example_dags/example_sensors.py took 0.244 seconds
[2023-11-25T11:05:36.060+0000] {processor.py:157} INFO - Started process (PID=98) to work on /home/airflow/.local/lib/python3.8/site-packages/airflow/example_dags/example_sensors.py
[2023-11-25T11:05:36.062+0000] {processor.py:829} INFO - Processing file /home/airflow/.local/lib/python3.8/site-packages/airflow/example_dags/example_sensors.py for tasks to queue
[2023-11-25T11:05:36.064+0000] {logging_mixin.py:154} INFO - [2023-11-25T11:05:36.064+0000] {dagbag.py:536} INFO - Filling up the DagBag from /home/airflow/.local/lib/python3.8/site-packages/airflow/example_dags/example_sensors.py
[2023-11-25T11:05:36.073+0000] {processor.py:839} INFO - DAG(s) dict_keys(['example_sensors']) retrieved from /home/airflow/.local/lib/python3.8/site-packages/airflow/example_dags/example_sensors.py
[2023-11-25T11:05:36.098+0000] {logging_mixin.py:154} INFO - [2023-11-25T11:05:36.098+0000] {dag.py:2941} INFO - Sync 1 DAGs
[2023-11-25T11:05:36.110+0000] {logging_mixin.py:154} INFO - [2023-11-25T11:05:36.110+0000] {dag.py:3722} INFO - Setting next_dagrun for example_sensors to None, run_after=None
[2023-11-25T11:05:36.127+0000] {processor.py:179} INFO - Processing /home/airflow/.local/lib/python3.8/site-packages/airflow/example_dags/example_sensors.py took 0.071 seconds
[2023-11-25T11:06:06.251+0000] {processor.py:157} INFO - Started process (PID=152) to work on /home/airflow/.local/lib/python3.8/site-packages/airflow/example_dags/example_sensors.py
[2023-11-25T11:06:06.251+0000] {processor.py:829} INFO - Processing file /home/airflow/.local/lib/python3.8/site-packages/airflow/example_dags/example_sensors.py for tasks to queue
[2023-11-25T11:06:06.253+0000] {logging_mixin.py:154} INFO - [2023-11-25T11:06:06.253+0000] {dagbag.py:536} INFO - Filling up the DagBag from /home/airflow/.local/lib/python3.8/site-packages/airflow/example_dags/example_sensors.py
[2023-11-25T11:06:06.261+0000] {processor.py:839} INFO - DAG(s) dict_keys(['example_sensors']) retrieved from /home/airflow/.local/lib/python3.8/site-packages/airflow/example_dags/example_sensors.py
[2023-11-25T11:06:06.282+0000] {logging_mixin.py:154} INFO - [2023-11-25T11:06:06.282+0000] {dag.py:2941} INFO - Sync 1 DAGs
[2023-11-25T11:06:06.294+0000] {logging_mixin.py:154} INFO - [2023-11-25T11:06:06.294+0000] {dag.py:3722} INFO - Setting next_dagrun for example_sensors to None, run_after=None
[2023-11-25T11:06:06.309+0000] {processor.py:179} INFO - Processing /home/airflow/.local/lib/python3.8/site-packages/airflow/example_dags/example_sensors.py took 0.062 seconds
[2023-11-25T11:07:41.313+0000] {processor.py:157} INFO - Started process (PID=44) to work on /home/airflow/.local/lib/python3.8/site-packages/airflow/example_dags/example_sensors.py
[2023-11-25T11:07:41.314+0000] {processor.py:829} INFO - Processing file /home/airflow/.local/lib/python3.8/site-packages/airflow/example_dags/example_sensors.py for tasks to queue
[2023-11-25T11:07:41.317+0000] {logging_mixin.py:154} INFO - [2023-11-25T11:07:41.317+0000] {dagbag.py:536} INFO - Filling up the DagBag from /home/airflow/.local/lib/python3.8/site-packages/airflow/example_dags/example_sensors.py
[2023-11-25T11:07:41.335+0000] {processor.py:839} INFO - DAG(s) dict_keys(['example_sensors']) retrieved from /home/airflow/.local/lib/python3.8/site-packages/airflow/example_dags/example_sensors.py
[2023-11-25T11:07:41.387+0000] {logging_mixin.py:154} INFO - [2023-11-25T11:07:41.387+0000] {dag.py:2941} INFO - Sync 1 DAGs
[2023-11-25T11:07:41.405+0000] {logging_mixin.py:154} INFO - [2023-11-25T11:07:41.405+0000] {dag.py:3722} INFO - Setting next_dagrun for example_sensors to None, run_after=None
[2023-11-25T11:07:41.431+0000] {processor.py:179} INFO - Processing /home/airflow/.local/lib/python3.8/site-packages/airflow/example_dags/example_sensors.py took 0.150 seconds
[2023-11-25T11:08:11.633+0000] {processor.py:157} INFO - Started process (PID=98) to work on /home/airflow/.local/lib/python3.8/site-packages/airflow/example_dags/example_sensors.py
[2023-11-25T11:08:11.634+0000] {processor.py:829} INFO - Processing file /home/airflow/.local/lib/python3.8/site-packages/airflow/example_dags/example_sensors.py for tasks to queue
[2023-11-25T11:08:11.636+0000] {logging_mixin.py:154} INFO - [2023-11-25T11:08:11.636+0000] {dagbag.py:536} INFO - Filling up the DagBag from /home/airflow/.local/lib/python3.8/site-packages/airflow/example_dags/example_sensors.py
[2023-11-25T11:08:11.645+0000] {processor.py:839} INFO - DAG(s) dict_keys(['example_sensors']) retrieved from /home/airflow/.local/lib/python3.8/site-packages/airflow/example_dags/example_sensors.py
[2023-11-25T11:08:11.672+0000] {logging_mixin.py:154} INFO - [2023-11-25T11:08:11.672+0000] {dag.py:2941} INFO - Sync 1 DAGs
[2023-11-25T11:08:11.689+0000] {logging_mixin.py:154} INFO - [2023-11-25T11:08:11.688+0000] {dag.py:3722} INFO - Setting next_dagrun for example_sensors to None, run_after=None
[2023-11-25T11:08:11.712+0000] {processor.py:179} INFO - Processing /home/airflow/.local/lib/python3.8/site-packages/airflow/example_dags/example_sensors.py took 0.082 seconds
[2023-11-25T11:08:42.253+0000] {processor.py:157} INFO - Started process (PID=152) to work on /home/airflow/.local/lib/python3.8/site-packages/airflow/example_dags/example_sensors.py
[2023-11-25T11:08:42.254+0000] {processor.py:829} INFO - Processing file /home/airflow/.local/lib/python3.8/site-packages/airflow/example_dags/example_sensors.py for tasks to queue
[2023-11-25T11:08:42.256+0000] {logging_mixin.py:154} INFO - [2023-11-25T11:08:42.255+0000] {dagbag.py:536} INFO - Filling up the DagBag from /home/airflow/.local/lib/python3.8/site-packages/airflow/example_dags/example_sensors.py
[2023-11-25T11:08:42.267+0000] {processor.py:839} INFO - DAG(s) dict_keys(['example_sensors']) retrieved from /home/airflow/.local/lib/python3.8/site-packages/airflow/example_dags/example_sensors.py
[2023-11-25T11:08:42.298+0000] {logging_mixin.py:154} INFO - [2023-11-25T11:08:42.298+0000] {dag.py:2941} INFO - Sync 1 DAGs
[2023-11-25T11:08:42.313+0000] {logging_mixin.py:154} INFO - [2023-11-25T11:08:42.313+0000] {dag.py:3722} INFO - Setting next_dagrun for example_sensors to None, run_after=None
[2023-11-25T11:08:42.343+0000] {processor.py:179} INFO - Processing /home/airflow/.local/lib/python3.8/site-packages/airflow/example_dags/example_sensors.py took 0.094 seconds
[2023-11-25T11:09:13.211+0000] {processor.py:157} INFO - Started process (PID=205) to work on /home/airflow/.local/lib/python3.8/site-packages/airflow/example_dags/example_sensors.py
[2023-11-25T11:09:13.214+0000] {processor.py:829} INFO - Processing file /home/airflow/.local/lib/python3.8/site-packages/airflow/example_dags/example_sensors.py for tasks to queue
[2023-11-25T11:09:13.217+0000] {logging_mixin.py:154} INFO - [2023-11-25T11:09:13.217+0000] {dagbag.py:536} INFO - Filling up the DagBag from /home/airflow/.local/lib/python3.8/site-packages/airflow/example_dags/example_sensors.py
[2023-11-25T11:09:13.231+0000] {processor.py:839} INFO - DAG(s) dict_keys(['example_sensors']) retrieved from /home/airflow/.local/lib/python3.8/site-packages/airflow/example_dags/example_sensors.py
[2023-11-25T11:09:13.260+0000] {logging_mixin.py:154} INFO - [2023-11-25T11:09:13.260+0000] {dag.py:2941} INFO - Sync 1 DAGs
[2023-11-25T11:09:13.279+0000] {logging_mixin.py:154} INFO - [2023-11-25T11:09:13.279+0000] {dag.py:3722} INFO - Setting next_dagrun for example_sensors to None, run_after=None
[2023-11-25T11:09:13.309+0000] {processor.py:179} INFO - Processing /home/airflow/.local/lib/python3.8/site-packages/airflow/example_dags/example_sensors.py took 0.101 seconds
[2023-11-25T11:09:43.706+0000] {processor.py:157} INFO - Started process (PID=259) to work on /home/airflow/.local/lib/python3.8/site-packages/airflow/example_dags/example_sensors.py
[2023-11-25T11:09:43.707+0000] {processor.py:829} INFO - Processing file /home/airflow/.local/lib/python3.8/site-packages/airflow/example_dags/example_sensors.py for tasks to queue
[2023-11-25T11:09:43.709+0000] {logging_mixin.py:154} INFO - [2023-11-25T11:09:43.709+0000] {dagbag.py:536} INFO - Filling up the DagBag from /home/airflow/.local/lib/python3.8/site-packages/airflow/example_dags/example_sensors.py
[2023-11-25T11:09:43.732+0000] {processor.py:839} INFO - DAG(s) dict_keys(['example_sensors']) retrieved from /home/airflow/.local/lib/python3.8/site-packages/airflow/example_dags/example_sensors.py
[2023-11-25T11:09:43.769+0000] {logging_mixin.py:154} INFO - [2023-11-25T11:09:43.769+0000] {dag.py:2941} INFO - Sync 1 DAGs
[2023-11-25T11:09:43.789+0000] {logging_mixin.py:154} INFO - [2023-11-25T11:09:43.788+0000] {dag.py:3722} INFO - Setting next_dagrun for example_sensors to None, run_after=None
[2023-11-25T11:09:43.814+0000] {processor.py:179} INFO - Processing /home/airflow/.local/lib/python3.8/site-packages/airflow/example_dags/example_sensors.py took 0.113 seconds
[2023-11-25T11:10:14.102+0000] {processor.py:157} INFO - Started process (PID=313) to work on /home/airflow/.local/lib/python3.8/site-packages/airflow/example_dags/example_sensors.py
[2023-11-25T11:10:14.108+0000] {processor.py:829} INFO - Processing file /home/airflow/.local/lib/python3.8/site-packages/airflow/example_dags/example_sensors.py for tasks to queue
[2023-11-25T11:10:14.110+0000] {logging_mixin.py:154} INFO - [2023-11-25T11:10:14.110+0000] {dagbag.py:536} INFO - Filling up the DagBag from /home/airflow/.local/lib/python3.8/site-packages/airflow/example_dags/example_sensors.py
[2023-11-25T11:10:14.118+0000] {processor.py:839} INFO - DAG(s) dict_keys(['example_sensors']) retrieved from /home/airflow/.local/lib/python3.8/site-packages/airflow/example_dags/example_sensors.py
[2023-11-25T11:10:14.147+0000] {logging_mixin.py:154} INFO - [2023-11-25T11:10:14.147+0000] {dag.py:2941} INFO - Sync 1 DAGs
[2023-11-25T11:10:14.160+0000] {logging_mixin.py:154} INFO - [2023-11-25T11:10:14.159+0000] {dag.py:3722} INFO - Setting next_dagrun for example_sensors to None, run_after=None
[2023-11-25T11:10:14.175+0000] {processor.py:179} INFO - Processing /home/airflow/.local/lib/python3.8/site-packages/airflow/example_dags/example_sensors.py took 0.076 seconds
[2023-11-25T11:10:44.386+0000] {processor.py:157} INFO - Started process (PID=368) to work on /home/airflow/.local/lib/python3.8/site-packages/airflow/example_dags/example_sensors.py
[2023-11-25T11:10:44.386+0000] {processor.py:829} INFO - Processing file /home/airflow/.local/lib/python3.8/site-packages/airflow/example_dags/example_sensors.py for tasks to queue
[2023-11-25T11:10:44.388+0000] {logging_mixin.py:154} INFO - [2023-11-25T11:10:44.388+0000] {dagbag.py:536} INFO - Filling up the DagBag from /home/airflow/.local/lib/python3.8/site-packages/airflow/example_dags/example_sensors.py
[2023-11-25T11:10:44.398+0000] {processor.py:839} INFO - DAG(s) dict_keys(['example_sensors']) retrieved from /home/airflow/.local/lib/python3.8/site-packages/airflow/example_dags/example_sensors.py
[2023-11-25T11:10:44.424+0000] {logging_mixin.py:154} INFO - [2023-11-25T11:10:44.423+0000] {dag.py:2941} INFO - Sync 1 DAGs
[2023-11-25T11:10:44.439+0000] {logging_mixin.py:154} INFO - [2023-11-25T11:10:44.438+0000] {dag.py:3722} INFO - Setting next_dagrun for example_sensors to None, run_after=None
[2023-11-25T11:10:44.457+0000] {processor.py:179} INFO - Processing /home/airflow/.local/lib/python3.8/site-packages/airflow/example_dags/example_sensors.py took 0.074 seconds
[2023-11-25T11:11:15.474+0000] {processor.py:157} INFO - Started process (PID=422) to work on /home/airflow/.local/lib/python3.8/site-packages/airflow/example_dags/example_sensors.py
[2023-11-25T11:11:15.475+0000] {processor.py:829} INFO - Processing file /home/airflow/.local/lib/python3.8/site-packages/airflow/example_dags/example_sensors.py for tasks to queue
[2023-11-25T11:11:15.477+0000] {logging_mixin.py:154} INFO - [2023-11-25T11:11:15.476+0000] {dagbag.py:536} INFO - Filling up the DagBag from /home/airflow/.local/lib/python3.8/site-packages/airflow/example_dags/example_sensors.py
[2023-11-25T11:11:15.485+0000] {processor.py:839} INFO - DAG(s) dict_keys(['example_sensors']) retrieved from /home/airflow/.local/lib/python3.8/site-packages/airflow/example_dags/example_sensors.py
[2023-11-25T11:11:15.507+0000] {logging_mixin.py:154} INFO - [2023-11-25T11:11:15.507+0000] {dag.py:2941} INFO - Sync 1 DAGs
[2023-11-25T11:11:15.518+0000] {logging_mixin.py:154} INFO - [2023-11-25T11:11:15.518+0000] {dag.py:3722} INFO - Setting next_dagrun for example_sensors to None, run_after=None
[2023-11-25T11:11:15.540+0000] {processor.py:179} INFO - Processing /home/airflow/.local/lib/python3.8/site-packages/airflow/example_dags/example_sensors.py took 0.069 seconds
[2023-11-25T11:11:45.819+0000] {processor.py:157} INFO - Started process (PID=476) to work on /home/airflow/.local/lib/python3.8/site-packages/airflow/example_dags/example_sensors.py
[2023-11-25T11:11:45.820+0000] {processor.py:829} INFO - Processing file /home/airflow/.local/lib/python3.8/site-packages/airflow/example_dags/example_sensors.py for tasks to queue
[2023-11-25T11:11:45.821+0000] {logging_mixin.py:154} INFO - [2023-11-25T11:11:45.821+0000] {dagbag.py:536} INFO - Filling up the DagBag from /home/airflow/.local/lib/python3.8/site-packages/airflow/example_dags/example_sensors.py
[2023-11-25T11:11:45.829+0000] {processor.py:839} INFO - DAG(s) dict_keys(['example_sensors']) retrieved from /home/airflow/.local/lib/python3.8/site-packages/airflow/example_dags/example_sensors.py
[2023-11-25T11:11:45.850+0000] {logging_mixin.py:154} INFO - [2023-11-25T11:11:45.850+0000] {dag.py:2941} INFO - Sync 1 DAGs
[2023-11-25T11:11:45.861+0000] {logging_mixin.py:154} INFO - [2023-11-25T11:11:45.861+0000] {dag.py:3722} INFO - Setting next_dagrun for example_sensors to None, run_after=None
[2023-11-25T11:11:45.875+0000] {processor.py:179} INFO - Processing /home/airflow/.local/lib/python3.8/site-packages/airflow/example_dags/example_sensors.py took 0.059 seconds
[2023-11-25T11:12:16.758+0000] {processor.py:157} INFO - Started process (PID=531) to work on /home/airflow/.local/lib/python3.8/site-packages/airflow/example_dags/example_sensors.py
[2023-11-25T11:12:16.761+0000] {processor.py:829} INFO - Processing file /home/airflow/.local/lib/python3.8/site-packages/airflow/example_dags/example_sensors.py for tasks to queue
[2023-11-25T11:12:16.764+0000] {logging_mixin.py:154} INFO - [2023-11-25T11:12:16.763+0000] {dagbag.py:536} INFO - Filling up the DagBag from /home/airflow/.local/lib/python3.8/site-packages/airflow/example_dags/example_sensors.py
[2023-11-25T11:12:16.781+0000] {processor.py:839} INFO - DAG(s) dict_keys(['example_sensors']) retrieved from /home/airflow/.local/lib/python3.8/site-packages/airflow/example_dags/example_sensors.py
[2023-11-25T11:12:16.830+0000] {logging_mixin.py:154} INFO - [2023-11-25T11:12:16.830+0000] {dag.py:2941} INFO - Sync 1 DAGs
[2023-11-25T11:12:16.862+0000] {logging_mixin.py:154} INFO - [2023-11-25T11:12:16.862+0000] {dag.py:3722} INFO - Setting next_dagrun for example_sensors to None, run_after=None
[2023-11-25T11:12:16.887+0000] {processor.py:179} INFO - Processing /home/airflow/.local/lib/python3.8/site-packages/airflow/example_dags/example_sensors.py took 0.135 seconds
[2023-11-25T11:12:47.512+0000] {processor.py:157} INFO - Started process (PID=584) to work on /home/airflow/.local/lib/python3.8/site-packages/airflow/example_dags/example_sensors.py
[2023-11-25T11:12:47.513+0000] {processor.py:829} INFO - Processing file /home/airflow/.local/lib/python3.8/site-packages/airflow/example_dags/example_sensors.py for tasks to queue
[2023-11-25T11:12:47.515+0000] {logging_mixin.py:154} INFO - [2023-11-25T11:12:47.515+0000] {dagbag.py:536} INFO - Filling up the DagBag from /home/airflow/.local/lib/python3.8/site-packages/airflow/example_dags/example_sensors.py
[2023-11-25T11:12:47.529+0000] {processor.py:839} INFO - DAG(s) dict_keys(['example_sensors']) retrieved from /home/airflow/.local/lib/python3.8/site-packages/airflow/example_dags/example_sensors.py
[2023-11-25T11:12:47.557+0000] {logging_mixin.py:154} INFO - [2023-11-25T11:12:47.557+0000] {dag.py:2941} INFO - Sync 1 DAGs
[2023-11-25T11:12:47.570+0000] {logging_mixin.py:154} INFO - [2023-11-25T11:12:47.570+0000] {dag.py:3722} INFO - Setting next_dagrun for example_sensors to None, run_after=None
[2023-11-25T11:12:47.591+0000] {processor.py:179} INFO - Processing /home/airflow/.local/lib/python3.8/site-packages/airflow/example_dags/example_sensors.py took 0.082 seconds
