[2023-11-25T10:23:17.421+0000] {processor.py:157} INFO - Started process (PID=37) to work on /home/airflow/.local/lib/python3.8/site-packages/airflow/example_dags/example_external_task_marker_dag.py
[2023-11-25T10:23:17.422+0000] {processor.py:829} INFO - Processing file /home/airflow/.local/lib/python3.8/site-packages/airflow/example_dags/example_external_task_marker_dag.py for tasks to queue
[2023-11-25T10:23:17.424+0000] {logging_mixin.py:154} INFO - [2023-11-25T10:23:17.424+0000] {dagbag.py:536} INFO - Filling up the DagBag from /home/airflow/.local/lib/python3.8/site-packages/airflow/example_dags/example_external_task_marker_dag.py
[2023-11-25T10:23:17.433+0000] {processor.py:839} INFO - DAG(s) dict_keys(['example_external_task_marker_child', 'example_external_task_marker_parent']) retrieved from /home/airflow/.local/lib/python3.8/site-packages/airflow/example_dags/example_external_task_marker_dag.py
[2023-11-25T10:23:17.474+0000] {logging_mixin.py:154} INFO - [2023-11-25T10:23:17.474+0000] {dag.py:2941} INFO - Sync 2 DAGs
[2023-11-25T10:23:17.518+0000] {logging_mixin.py:154} INFO - [2023-11-25T10:23:17.517+0000] {dag.py:3722} INFO - Setting next_dagrun for example_external_task_marker_child to None, run_after=None
[2023-11-25T10:23:17.526+0000] {logging_mixin.py:154} INFO - [2023-11-25T10:23:17.526+0000] {dag.py:3722} INFO - Setting next_dagrun for example_external_task_marker_parent to None, run_after=None
[2023-11-25T10:23:17.558+0000] {processor.py:179} INFO - Processing /home/airflow/.local/lib/python3.8/site-packages/airflow/example_dags/example_external_task_marker_dag.py took 0.140 seconds
[2023-11-25T10:23:47.998+0000] {processor.py:157} INFO - Started process (PID=91) to work on /home/airflow/.local/lib/python3.8/site-packages/airflow/example_dags/example_external_task_marker_dag.py
[2023-11-25T10:23:47.999+0000] {processor.py:829} INFO - Processing file /home/airflow/.local/lib/python3.8/site-packages/airflow/example_dags/example_external_task_marker_dag.py for tasks to queue
[2023-11-25T10:23:48.001+0000] {logging_mixin.py:154} INFO - [2023-11-25T10:23:48.001+0000] {dagbag.py:536} INFO - Filling up the DagBag from /home/airflow/.local/lib/python3.8/site-packages/airflow/example_dags/example_external_task_marker_dag.py
[2023-11-25T10:23:48.007+0000] {processor.py:839} INFO - DAG(s) dict_keys(['example_external_task_marker_child', 'example_external_task_marker_parent']) retrieved from /home/airflow/.local/lib/python3.8/site-packages/airflow/example_dags/example_external_task_marker_dag.py
[2023-11-25T10:23:48.030+0000] {logging_mixin.py:154} INFO - [2023-11-25T10:23:48.030+0000] {dag.py:2941} INFO - Sync 2 DAGs
[2023-11-25T10:23:48.049+0000] {logging_mixin.py:154} INFO - [2023-11-25T10:23:48.049+0000] {dag.py:3722} INFO - Setting next_dagrun for example_external_task_marker_child to None, run_after=None
[2023-11-25T10:23:48.055+0000] {logging_mixin.py:154} INFO - [2023-11-25T10:23:48.054+0000] {dag.py:3722} INFO - Setting next_dagrun for example_external_task_marker_parent to None, run_after=None
[2023-11-25T10:23:48.087+0000] {processor.py:179} INFO - Processing /home/airflow/.local/lib/python3.8/site-packages/airflow/example_dags/example_external_task_marker_dag.py took 0.091 seconds
[2023-11-25T10:24:18.903+0000] {processor.py:157} INFO - Started process (PID=145) to work on /home/airflow/.local/lib/python3.8/site-packages/airflow/example_dags/example_external_task_marker_dag.py
[2023-11-25T10:24:18.904+0000] {processor.py:829} INFO - Processing file /home/airflow/.local/lib/python3.8/site-packages/airflow/example_dags/example_external_task_marker_dag.py for tasks to queue
[2023-11-25T10:24:18.907+0000] {logging_mixin.py:154} INFO - [2023-11-25T10:24:18.906+0000] {dagbag.py:536} INFO - Filling up the DagBag from /home/airflow/.local/lib/python3.8/site-packages/airflow/example_dags/example_external_task_marker_dag.py
[2023-11-25T10:24:18.912+0000] {processor.py:839} INFO - DAG(s) dict_keys(['example_external_task_marker_parent', 'example_external_task_marker_child']) retrieved from /home/airflow/.local/lib/python3.8/site-packages/airflow/example_dags/example_external_task_marker_dag.py
[2023-11-25T10:24:18.948+0000] {logging_mixin.py:154} INFO - [2023-11-25T10:24:18.948+0000] {dag.py:2941} INFO - Sync 2 DAGs
[2023-11-25T10:24:18.966+0000] {logging_mixin.py:154} INFO - [2023-11-25T10:24:18.966+0000] {dag.py:3722} INFO - Setting next_dagrun for example_external_task_marker_child to None, run_after=None
[2023-11-25T10:24:18.970+0000] {logging_mixin.py:154} INFO - [2023-11-25T10:24:18.970+0000] {dag.py:3722} INFO - Setting next_dagrun for example_external_task_marker_parent to None, run_after=None
[2023-11-25T10:24:18.988+0000] {processor.py:179} INFO - Processing /home/airflow/.local/lib/python3.8/site-packages/airflow/example_dags/example_external_task_marker_dag.py took 0.088 seconds
[2023-11-25T10:24:49.071+0000] {processor.py:157} INFO - Started process (PID=199) to work on /home/airflow/.local/lib/python3.8/site-packages/airflow/example_dags/example_external_task_marker_dag.py
[2023-11-25T10:24:49.076+0000] {processor.py:829} INFO - Processing file /home/airflow/.local/lib/python3.8/site-packages/airflow/example_dags/example_external_task_marker_dag.py for tasks to queue
[2023-11-25T10:24:49.078+0000] {logging_mixin.py:154} INFO - [2023-11-25T10:24:49.078+0000] {dagbag.py:536} INFO - Filling up the DagBag from /home/airflow/.local/lib/python3.8/site-packages/airflow/example_dags/example_external_task_marker_dag.py
[2023-11-25T10:24:49.086+0000] {processor.py:839} INFO - DAG(s) dict_keys(['example_external_task_marker_child', 'example_external_task_marker_parent']) retrieved from /home/airflow/.local/lib/python3.8/site-packages/airflow/example_dags/example_external_task_marker_dag.py
[2023-11-25T10:24:49.115+0000] {logging_mixin.py:154} INFO - [2023-11-25T10:24:49.115+0000] {dag.py:2941} INFO - Sync 2 DAGs
[2023-11-25T10:24:49.131+0000] {logging_mixin.py:154} INFO - [2023-11-25T10:24:49.131+0000] {dag.py:3722} INFO - Setting next_dagrun for example_external_task_marker_child to None, run_after=None
[2023-11-25T10:24:49.134+0000] {logging_mixin.py:154} INFO - [2023-11-25T10:24:49.134+0000] {dag.py:3722} INFO - Setting next_dagrun for example_external_task_marker_parent to None, run_after=None
[2023-11-25T10:24:49.151+0000] {processor.py:179} INFO - Processing /home/airflow/.local/lib/python3.8/site-packages/airflow/example_dags/example_external_task_marker_dag.py took 0.084 seconds
[2023-11-25T10:25:19.535+0000] {processor.py:157} INFO - Started process (PID=253) to work on /home/airflow/.local/lib/python3.8/site-packages/airflow/example_dags/example_external_task_marker_dag.py
[2023-11-25T10:25:19.536+0000] {processor.py:829} INFO - Processing file /home/airflow/.local/lib/python3.8/site-packages/airflow/example_dags/example_external_task_marker_dag.py for tasks to queue
[2023-11-25T10:25:19.538+0000] {logging_mixin.py:154} INFO - [2023-11-25T10:25:19.538+0000] {dagbag.py:536} INFO - Filling up the DagBag from /home/airflow/.local/lib/python3.8/site-packages/airflow/example_dags/example_external_task_marker_dag.py
[2023-11-25T10:25:19.545+0000] {processor.py:839} INFO - DAG(s) dict_keys(['example_external_task_marker_parent', 'example_external_task_marker_child']) retrieved from /home/airflow/.local/lib/python3.8/site-packages/airflow/example_dags/example_external_task_marker_dag.py
[2023-11-25T10:25:19.570+0000] {logging_mixin.py:154} INFO - [2023-11-25T10:25:19.570+0000] {dag.py:2941} INFO - Sync 2 DAGs
[2023-11-25T10:25:19.586+0000] {logging_mixin.py:154} INFO - [2023-11-25T10:25:19.586+0000] {dag.py:3722} INFO - Setting next_dagrun for example_external_task_marker_child to None, run_after=None
[2023-11-25T10:25:19.589+0000] {logging_mixin.py:154} INFO - [2023-11-25T10:25:19.588+0000] {dag.py:3722} INFO - Setting next_dagrun for example_external_task_marker_parent to None, run_after=None
[2023-11-25T10:25:19.624+0000] {processor.py:179} INFO - Processing /home/airflow/.local/lib/python3.8/site-packages/airflow/example_dags/example_external_task_marker_dag.py took 0.091 seconds
[2023-11-25T10:25:50.336+0000] {processor.py:157} INFO - Started process (PID=307) to work on /home/airflow/.local/lib/python3.8/site-packages/airflow/example_dags/example_external_task_marker_dag.py
[2023-11-25T10:25:50.337+0000] {processor.py:829} INFO - Processing file /home/airflow/.local/lib/python3.8/site-packages/airflow/example_dags/example_external_task_marker_dag.py for tasks to queue
[2023-11-25T10:25:50.340+0000] {logging_mixin.py:154} INFO - [2023-11-25T10:25:50.340+0000] {dagbag.py:536} INFO - Filling up the DagBag from /home/airflow/.local/lib/python3.8/site-packages/airflow/example_dags/example_external_task_marker_dag.py
[2023-11-25T10:25:50.348+0000] {processor.py:839} INFO - DAG(s) dict_keys(['example_external_task_marker_child', 'example_external_task_marker_parent']) retrieved from /home/airflow/.local/lib/python3.8/site-packages/airflow/example_dags/example_external_task_marker_dag.py
[2023-11-25T10:25:50.374+0000] {logging_mixin.py:154} INFO - [2023-11-25T10:25:50.374+0000] {dag.py:2941} INFO - Sync 2 DAGs
[2023-11-25T10:25:50.388+0000] {logging_mixin.py:154} INFO - [2023-11-25T10:25:50.387+0000] {dag.py:3722} INFO - Setting next_dagrun for example_external_task_marker_child to None, run_after=None
[2023-11-25T10:25:50.392+0000] {logging_mixin.py:154} INFO - [2023-11-25T10:25:50.392+0000] {dag.py:3722} INFO - Setting next_dagrun for example_external_task_marker_parent to None, run_after=None
[2023-11-25T10:25:50.417+0000] {processor.py:179} INFO - Processing /home/airflow/.local/lib/python3.8/site-packages/airflow/example_dags/example_external_task_marker_dag.py took 0.084 seconds
[2023-11-25T10:26:20.688+0000] {processor.py:157} INFO - Started process (PID=361) to work on /home/airflow/.local/lib/python3.8/site-packages/airflow/example_dags/example_external_task_marker_dag.py
[2023-11-25T10:26:20.689+0000] {processor.py:829} INFO - Processing file /home/airflow/.local/lib/python3.8/site-packages/airflow/example_dags/example_external_task_marker_dag.py for tasks to queue
[2023-11-25T10:26:20.692+0000] {logging_mixin.py:154} INFO - [2023-11-25T10:26:20.691+0000] {dagbag.py:536} INFO - Filling up the DagBag from /home/airflow/.local/lib/python3.8/site-packages/airflow/example_dags/example_external_task_marker_dag.py
[2023-11-25T10:26:20.700+0000] {processor.py:839} INFO - DAG(s) dict_keys(['example_external_task_marker_parent', 'example_external_task_marker_child']) retrieved from /home/airflow/.local/lib/python3.8/site-packages/airflow/example_dags/example_external_task_marker_dag.py
[2023-11-25T10:26:20.732+0000] {logging_mixin.py:154} INFO - [2023-11-25T10:26:20.732+0000] {dag.py:2941} INFO - Sync 2 DAGs
[2023-11-25T10:26:20.752+0000] {logging_mixin.py:154} INFO - [2023-11-25T10:26:20.752+0000] {dag.py:3722} INFO - Setting next_dagrun for example_external_task_marker_child to None, run_after=None
[2023-11-25T10:26:20.756+0000] {logging_mixin.py:154} INFO - [2023-11-25T10:26:20.756+0000] {dag.py:3722} INFO - Setting next_dagrun for example_external_task_marker_parent to None, run_after=None
[2023-11-25T10:26:20.776+0000] {processor.py:179} INFO - Processing /home/airflow/.local/lib/python3.8/site-packages/airflow/example_dags/example_external_task_marker_dag.py took 0.092 seconds
[2023-11-25T10:26:51.328+0000] {processor.py:157} INFO - Started process (PID=415) to work on /home/airflow/.local/lib/python3.8/site-packages/airflow/example_dags/example_external_task_marker_dag.py
[2023-11-25T10:26:51.329+0000] {processor.py:829} INFO - Processing file /home/airflow/.local/lib/python3.8/site-packages/airflow/example_dags/example_external_task_marker_dag.py for tasks to queue
[2023-11-25T10:26:51.331+0000] {logging_mixin.py:154} INFO - [2023-11-25T10:26:51.331+0000] {dagbag.py:536} INFO - Filling up the DagBag from /home/airflow/.local/lib/python3.8/site-packages/airflow/example_dags/example_external_task_marker_dag.py
[2023-11-25T10:26:51.339+0000] {processor.py:839} INFO - DAG(s) dict_keys(['example_external_task_marker_parent', 'example_external_task_marker_child']) retrieved from /home/airflow/.local/lib/python3.8/site-packages/airflow/example_dags/example_external_task_marker_dag.py
[2023-11-25T10:26:51.365+0000] {logging_mixin.py:154} INFO - [2023-11-25T10:26:51.365+0000] {dag.py:2941} INFO - Sync 2 DAGs
[2023-11-25T10:26:51.379+0000] {logging_mixin.py:154} INFO - [2023-11-25T10:26:51.378+0000] {dag.py:3722} INFO - Setting next_dagrun for example_external_task_marker_child to None, run_after=None
[2023-11-25T10:26:51.382+0000] {logging_mixin.py:154} INFO - [2023-11-25T10:26:51.382+0000] {dag.py:3722} INFO - Setting next_dagrun for example_external_task_marker_parent to None, run_after=None
[2023-11-25T10:26:51.406+0000] {processor.py:179} INFO - Processing /home/airflow/.local/lib/python3.8/site-packages/airflow/example_dags/example_external_task_marker_dag.py took 0.081 seconds
[2023-11-25T10:27:22.116+0000] {processor.py:157} INFO - Started process (PID=469) to work on /home/airflow/.local/lib/python3.8/site-packages/airflow/example_dags/example_external_task_marker_dag.py
[2023-11-25T10:27:22.117+0000] {processor.py:829} INFO - Processing file /home/airflow/.local/lib/python3.8/site-packages/airflow/example_dags/example_external_task_marker_dag.py for tasks to queue
[2023-11-25T10:27:22.119+0000] {logging_mixin.py:154} INFO - [2023-11-25T10:27:22.119+0000] {dagbag.py:536} INFO - Filling up the DagBag from /home/airflow/.local/lib/python3.8/site-packages/airflow/example_dags/example_external_task_marker_dag.py
[2023-11-25T10:27:22.124+0000] {processor.py:839} INFO - DAG(s) dict_keys(['example_external_task_marker_parent', 'example_external_task_marker_child']) retrieved from /home/airflow/.local/lib/python3.8/site-packages/airflow/example_dags/example_external_task_marker_dag.py
[2023-11-25T10:27:22.146+0000] {logging_mixin.py:154} INFO - [2023-11-25T10:27:22.146+0000] {dag.py:2941} INFO - Sync 2 DAGs
[2023-11-25T10:27:22.159+0000] {logging_mixin.py:154} INFO - [2023-11-25T10:27:22.158+0000] {dag.py:3722} INFO - Setting next_dagrun for example_external_task_marker_child to None, run_after=None
[2023-11-25T10:27:22.162+0000] {logging_mixin.py:154} INFO - [2023-11-25T10:27:22.162+0000] {dag.py:3722} INFO - Setting next_dagrun for example_external_task_marker_parent to None, run_after=None
[2023-11-25T10:27:22.178+0000] {processor.py:179} INFO - Processing /home/airflow/.local/lib/python3.8/site-packages/airflow/example_dags/example_external_task_marker_dag.py took 0.065 seconds
[2023-11-25T10:27:52.452+0000] {processor.py:157} INFO - Started process (PID=522) to work on /home/airflow/.local/lib/python3.8/site-packages/airflow/example_dags/example_external_task_marker_dag.py
[2023-11-25T10:27:52.452+0000] {processor.py:829} INFO - Processing file /home/airflow/.local/lib/python3.8/site-packages/airflow/example_dags/example_external_task_marker_dag.py for tasks to queue
[2023-11-25T10:27:52.454+0000] {logging_mixin.py:154} INFO - [2023-11-25T10:27:52.454+0000] {dagbag.py:536} INFO - Filling up the DagBag from /home/airflow/.local/lib/python3.8/site-packages/airflow/example_dags/example_external_task_marker_dag.py
[2023-11-25T10:27:52.459+0000] {processor.py:839} INFO - DAG(s) dict_keys(['example_external_task_marker_child', 'example_external_task_marker_parent']) retrieved from /home/airflow/.local/lib/python3.8/site-packages/airflow/example_dags/example_external_task_marker_dag.py
[2023-11-25T10:27:52.488+0000] {logging_mixin.py:154} INFO - [2023-11-25T10:27:52.488+0000] {dag.py:2941} INFO - Sync 2 DAGs
[2023-11-25T10:27:52.500+0000] {logging_mixin.py:154} INFO - [2023-11-25T10:27:52.500+0000] {dag.py:3722} INFO - Setting next_dagrun for example_external_task_marker_child to None, run_after=None
[2023-11-25T10:27:52.504+0000] {logging_mixin.py:154} INFO - [2023-11-25T10:27:52.504+0000] {dag.py:3722} INFO - Setting next_dagrun for example_external_task_marker_parent to None, run_after=None
[2023-11-25T10:27:52.523+0000] {processor.py:179} INFO - Processing /home/airflow/.local/lib/python3.8/site-packages/airflow/example_dags/example_external_task_marker_dag.py took 0.075 seconds
[2023-11-25T10:28:22.959+0000] {processor.py:157} INFO - Started process (PID=576) to work on /home/airflow/.local/lib/python3.8/site-packages/airflow/example_dags/example_external_task_marker_dag.py
[2023-11-25T10:28:22.960+0000] {processor.py:829} INFO - Processing file /home/airflow/.local/lib/python3.8/site-packages/airflow/example_dags/example_external_task_marker_dag.py for tasks to queue
[2023-11-25T10:28:22.962+0000] {logging_mixin.py:154} INFO - [2023-11-25T10:28:22.962+0000] {dagbag.py:536} INFO - Filling up the DagBag from /home/airflow/.local/lib/python3.8/site-packages/airflow/example_dags/example_external_task_marker_dag.py
[2023-11-25T10:28:22.967+0000] {processor.py:839} INFO - DAG(s) dict_keys(['example_external_task_marker_child', 'example_external_task_marker_parent']) retrieved from /home/airflow/.local/lib/python3.8/site-packages/airflow/example_dags/example_external_task_marker_dag.py
[2023-11-25T10:28:22.995+0000] {logging_mixin.py:154} INFO - [2023-11-25T10:28:22.995+0000] {dag.py:2941} INFO - Sync 2 DAGs
[2023-11-25T10:28:23.011+0000] {logging_mixin.py:154} INFO - [2023-11-25T10:28:23.010+0000] {dag.py:3722} INFO - Setting next_dagrun for example_external_task_marker_child to None, run_after=None
[2023-11-25T10:28:23.014+0000] {logging_mixin.py:154} INFO - [2023-11-25T10:28:23.014+0000] {dag.py:3722} INFO - Setting next_dagrun for example_external_task_marker_parent to None, run_after=None
[2023-11-25T10:28:23.035+0000] {processor.py:179} INFO - Processing /home/airflow/.local/lib/python3.8/site-packages/airflow/example_dags/example_external_task_marker_dag.py took 0.079 seconds
[2023-11-25T10:28:53.267+0000] {processor.py:157} INFO - Started process (PID=629) to work on /home/airflow/.local/lib/python3.8/site-packages/airflow/example_dags/example_external_task_marker_dag.py
[2023-11-25T10:28:53.268+0000] {processor.py:829} INFO - Processing file /home/airflow/.local/lib/python3.8/site-packages/airflow/example_dags/example_external_task_marker_dag.py for tasks to queue
[2023-11-25T10:28:53.271+0000] {logging_mixin.py:154} INFO - [2023-11-25T10:28:53.271+0000] {dagbag.py:536} INFO - Filling up the DagBag from /home/airflow/.local/lib/python3.8/site-packages/airflow/example_dags/example_external_task_marker_dag.py
[2023-11-25T10:28:53.278+0000] {processor.py:839} INFO - DAG(s) dict_keys(['example_external_task_marker_parent', 'example_external_task_marker_child']) retrieved from /home/airflow/.local/lib/python3.8/site-packages/airflow/example_dags/example_external_task_marker_dag.py
[2023-11-25T10:28:53.314+0000] {logging_mixin.py:154} INFO - [2023-11-25T10:28:53.314+0000] {dag.py:2941} INFO - Sync 2 DAGs
[2023-11-25T10:28:53.334+0000] {logging_mixin.py:154} INFO - [2023-11-25T10:28:53.334+0000] {dag.py:3722} INFO - Setting next_dagrun for example_external_task_marker_child to None, run_after=None
[2023-11-25T10:28:53.339+0000] {logging_mixin.py:154} INFO - [2023-11-25T10:28:53.339+0000] {dag.py:3722} INFO - Setting next_dagrun for example_external_task_marker_parent to None, run_after=None
[2023-11-25T10:28:53.359+0000] {processor.py:179} INFO - Processing /home/airflow/.local/lib/python3.8/site-packages/airflow/example_dags/example_external_task_marker_dag.py took 0.095 seconds
[2023-11-25T10:29:23.610+0000] {processor.py:157} INFO - Started process (PID=683) to work on /home/airflow/.local/lib/python3.8/site-packages/airflow/example_dags/example_external_task_marker_dag.py
[2023-11-25T10:29:23.611+0000] {processor.py:829} INFO - Processing file /home/airflow/.local/lib/python3.8/site-packages/airflow/example_dags/example_external_task_marker_dag.py for tasks to queue
[2023-11-25T10:29:23.613+0000] {logging_mixin.py:154} INFO - [2023-11-25T10:29:23.613+0000] {dagbag.py:536} INFO - Filling up the DagBag from /home/airflow/.local/lib/python3.8/site-packages/airflow/example_dags/example_external_task_marker_dag.py
[2023-11-25T10:29:23.618+0000] {processor.py:839} INFO - DAG(s) dict_keys(['example_external_task_marker_child', 'example_external_task_marker_parent']) retrieved from /home/airflow/.local/lib/python3.8/site-packages/airflow/example_dags/example_external_task_marker_dag.py
[2023-11-25T10:29:23.640+0000] {logging_mixin.py:154} INFO - [2023-11-25T10:29:23.640+0000] {dag.py:2941} INFO - Sync 2 DAGs
[2023-11-25T10:29:23.653+0000] {logging_mixin.py:154} INFO - [2023-11-25T10:29:23.653+0000] {dag.py:3722} INFO - Setting next_dagrun for example_external_task_marker_child to None, run_after=None
[2023-11-25T10:29:23.656+0000] {logging_mixin.py:154} INFO - [2023-11-25T10:29:23.656+0000] {dag.py:3722} INFO - Setting next_dagrun for example_external_task_marker_parent to None, run_after=None
[2023-11-25T10:29:23.686+0000] {processor.py:179} INFO - Processing /home/airflow/.local/lib/python3.8/site-packages/airflow/example_dags/example_external_task_marker_dag.py took 0.078 seconds
[2023-11-25T10:29:53.757+0000] {processor.py:157} INFO - Started process (PID=736) to work on /home/airflow/.local/lib/python3.8/site-packages/airflow/example_dags/example_external_task_marker_dag.py
[2023-11-25T10:29:53.758+0000] {processor.py:829} INFO - Processing file /home/airflow/.local/lib/python3.8/site-packages/airflow/example_dags/example_external_task_marker_dag.py for tasks to queue
[2023-11-25T10:29:53.759+0000] {logging_mixin.py:154} INFO - [2023-11-25T10:29:53.759+0000] {dagbag.py:536} INFO - Filling up the DagBag from /home/airflow/.local/lib/python3.8/site-packages/airflow/example_dags/example_external_task_marker_dag.py
[2023-11-25T10:29:53.764+0000] {processor.py:839} INFO - DAG(s) dict_keys(['example_external_task_marker_child', 'example_external_task_marker_parent']) retrieved from /home/airflow/.local/lib/python3.8/site-packages/airflow/example_dags/example_external_task_marker_dag.py
[2023-11-25T10:29:53.789+0000] {logging_mixin.py:154} INFO - [2023-11-25T10:29:53.789+0000] {dag.py:2941} INFO - Sync 2 DAGs
[2023-11-25T10:29:53.804+0000] {logging_mixin.py:154} INFO - [2023-11-25T10:29:53.804+0000] {dag.py:3722} INFO - Setting next_dagrun for example_external_task_marker_child to None, run_after=None
[2023-11-25T10:29:53.807+0000] {logging_mixin.py:154} INFO - [2023-11-25T10:29:53.807+0000] {dag.py:3722} INFO - Setting next_dagrun for example_external_task_marker_parent to None, run_after=None
[2023-11-25T10:29:53.840+0000] {processor.py:179} INFO - Processing /home/airflow/.local/lib/python3.8/site-packages/airflow/example_dags/example_external_task_marker_dag.py took 0.086 seconds
[2023-11-25T10:30:24.815+0000] {processor.py:157} INFO - Started process (PID=791) to work on /home/airflow/.local/lib/python3.8/site-packages/airflow/example_dags/example_external_task_marker_dag.py
[2023-11-25T10:30:24.820+0000] {processor.py:829} INFO - Processing file /home/airflow/.local/lib/python3.8/site-packages/airflow/example_dags/example_external_task_marker_dag.py for tasks to queue
[2023-11-25T10:30:24.822+0000] {logging_mixin.py:154} INFO - [2023-11-25T10:30:24.822+0000] {dagbag.py:536} INFO - Filling up the DagBag from /home/airflow/.local/lib/python3.8/site-packages/airflow/example_dags/example_external_task_marker_dag.py
[2023-11-25T10:30:24.830+0000] {processor.py:839} INFO - DAG(s) dict_keys(['example_external_task_marker_parent', 'example_external_task_marker_child']) retrieved from /home/airflow/.local/lib/python3.8/site-packages/airflow/example_dags/example_external_task_marker_dag.py
[2023-11-25T10:30:24.871+0000] {logging_mixin.py:154} INFO - [2023-11-25T10:30:24.871+0000] {dag.py:2941} INFO - Sync 2 DAGs
[2023-11-25T10:30:24.885+0000] {logging_mixin.py:154} INFO - [2023-11-25T10:30:24.885+0000] {dag.py:3722} INFO - Setting next_dagrun for example_external_task_marker_child to None, run_after=None
[2023-11-25T10:30:24.889+0000] {logging_mixin.py:154} INFO - [2023-11-25T10:30:24.889+0000] {dag.py:3722} INFO - Setting next_dagrun for example_external_task_marker_parent to None, run_after=None
[2023-11-25T10:30:24.903+0000] {processor.py:179} INFO - Processing /home/airflow/.local/lib/python3.8/site-packages/airflow/example_dags/example_external_task_marker_dag.py took 0.092 seconds
[2023-11-25T10:30:55.400+0000] {processor.py:157} INFO - Started process (PID=845) to work on /home/airflow/.local/lib/python3.8/site-packages/airflow/example_dags/example_external_task_marker_dag.py
[2023-11-25T10:30:55.401+0000] {processor.py:829} INFO - Processing file /home/airflow/.local/lib/python3.8/site-packages/airflow/example_dags/example_external_task_marker_dag.py for tasks to queue
[2023-11-25T10:30:55.403+0000] {logging_mixin.py:154} INFO - [2023-11-25T10:30:55.402+0000] {dagbag.py:536} INFO - Filling up the DagBag from /home/airflow/.local/lib/python3.8/site-packages/airflow/example_dags/example_external_task_marker_dag.py
[2023-11-25T10:30:55.408+0000] {processor.py:839} INFO - DAG(s) dict_keys(['example_external_task_marker_child', 'example_external_task_marker_parent']) retrieved from /home/airflow/.local/lib/python3.8/site-packages/airflow/example_dags/example_external_task_marker_dag.py
[2023-11-25T10:30:55.436+0000] {logging_mixin.py:154} INFO - [2023-11-25T10:30:55.435+0000] {dag.py:2941} INFO - Sync 2 DAGs
[2023-11-25T10:30:55.453+0000] {logging_mixin.py:154} INFO - [2023-11-25T10:30:55.453+0000] {dag.py:3722} INFO - Setting next_dagrun for example_external_task_marker_child to None, run_after=None
[2023-11-25T10:30:55.457+0000] {logging_mixin.py:154} INFO - [2023-11-25T10:30:55.457+0000] {dag.py:3722} INFO - Setting next_dagrun for example_external_task_marker_parent to None, run_after=None
[2023-11-25T10:30:55.487+0000] {processor.py:179} INFO - Processing /home/airflow/.local/lib/python3.8/site-packages/airflow/example_dags/example_external_task_marker_dag.py took 0.090 seconds
[2023-11-25T10:31:26.016+0000] {processor.py:157} INFO - Started process (PID=899) to work on /home/airflow/.local/lib/python3.8/site-packages/airflow/example_dags/example_external_task_marker_dag.py
[2023-11-25T10:31:26.016+0000] {processor.py:829} INFO - Processing file /home/airflow/.local/lib/python3.8/site-packages/airflow/example_dags/example_external_task_marker_dag.py for tasks to queue
[2023-11-25T10:31:26.019+0000] {logging_mixin.py:154} INFO - [2023-11-25T10:31:26.018+0000] {dagbag.py:536} INFO - Filling up the DagBag from /home/airflow/.local/lib/python3.8/site-packages/airflow/example_dags/example_external_task_marker_dag.py
[2023-11-25T10:31:26.026+0000] {processor.py:839} INFO - DAG(s) dict_keys(['example_external_task_marker_child', 'example_external_task_marker_parent']) retrieved from /home/airflow/.local/lib/python3.8/site-packages/airflow/example_dags/example_external_task_marker_dag.py
[2023-11-25T10:31:26.056+0000] {logging_mixin.py:154} INFO - [2023-11-25T10:31:26.056+0000] {dag.py:2941} INFO - Sync 2 DAGs
[2023-11-25T10:31:26.072+0000] {logging_mixin.py:154} INFO - [2023-11-25T10:31:26.072+0000] {dag.py:3722} INFO - Setting next_dagrun for example_external_task_marker_child to None, run_after=None
[2023-11-25T10:31:26.077+0000] {logging_mixin.py:154} INFO - [2023-11-25T10:31:26.076+0000] {dag.py:3722} INFO - Setting next_dagrun for example_external_task_marker_parent to None, run_after=None
[2023-11-25T10:31:26.098+0000] {processor.py:179} INFO - Processing /home/airflow/.local/lib/python3.8/site-packages/airflow/example_dags/example_external_task_marker_dag.py took 0.085 seconds
[2023-11-25T10:31:56.892+0000] {processor.py:157} INFO - Started process (PID=952) to work on /home/airflow/.local/lib/python3.8/site-packages/airflow/example_dags/example_external_task_marker_dag.py
[2023-11-25T10:31:56.894+0000] {processor.py:829} INFO - Processing file /home/airflow/.local/lib/python3.8/site-packages/airflow/example_dags/example_external_task_marker_dag.py for tasks to queue
[2023-11-25T10:31:56.896+0000] {logging_mixin.py:154} INFO - [2023-11-25T10:31:56.896+0000] {dagbag.py:536} INFO - Filling up the DagBag from /home/airflow/.local/lib/python3.8/site-packages/airflow/example_dags/example_external_task_marker_dag.py
[2023-11-25T10:31:56.903+0000] {processor.py:839} INFO - DAG(s) dict_keys(['example_external_task_marker_parent', 'example_external_task_marker_child']) retrieved from /home/airflow/.local/lib/python3.8/site-packages/airflow/example_dags/example_external_task_marker_dag.py
[2023-11-25T10:31:56.936+0000] {logging_mixin.py:154} INFO - [2023-11-25T10:31:56.935+0000] {dag.py:2941} INFO - Sync 2 DAGs
[2023-11-25T10:31:56.952+0000] {logging_mixin.py:154} INFO - [2023-11-25T10:31:56.952+0000] {dag.py:3722} INFO - Setting next_dagrun for example_external_task_marker_child to None, run_after=None
[2023-11-25T10:31:56.959+0000] {logging_mixin.py:154} INFO - [2023-11-25T10:31:56.959+0000] {dag.py:3722} INFO - Setting next_dagrun for example_external_task_marker_parent to None, run_after=None
[2023-11-25T10:31:56.982+0000] {processor.py:179} INFO - Processing /home/airflow/.local/lib/python3.8/site-packages/airflow/example_dags/example_external_task_marker_dag.py took 0.094 seconds
[2023-11-25T10:32:27.182+0000] {processor.py:157} INFO - Started process (PID=1006) to work on /home/airflow/.local/lib/python3.8/site-packages/airflow/example_dags/example_external_task_marker_dag.py
[2023-11-25T10:32:27.184+0000] {processor.py:829} INFO - Processing file /home/airflow/.local/lib/python3.8/site-packages/airflow/example_dags/example_external_task_marker_dag.py for tasks to queue
[2023-11-25T10:32:27.187+0000] {logging_mixin.py:154} INFO - [2023-11-25T10:32:27.187+0000] {dagbag.py:536} INFO - Filling up the DagBag from /home/airflow/.local/lib/python3.8/site-packages/airflow/example_dags/example_external_task_marker_dag.py
[2023-11-25T10:32:27.196+0000] {processor.py:839} INFO - DAG(s) dict_keys(['example_external_task_marker_parent', 'example_external_task_marker_child']) retrieved from /home/airflow/.local/lib/python3.8/site-packages/airflow/example_dags/example_external_task_marker_dag.py
[2023-11-25T10:32:27.233+0000] {logging_mixin.py:154} INFO - [2023-11-25T10:32:27.233+0000] {dag.py:2941} INFO - Sync 2 DAGs
[2023-11-25T10:32:27.253+0000] {logging_mixin.py:154} INFO - [2023-11-25T10:32:27.253+0000] {dag.py:3722} INFO - Setting next_dagrun for example_external_task_marker_child to None, run_after=None
[2023-11-25T10:32:27.259+0000] {logging_mixin.py:154} INFO - [2023-11-25T10:32:27.259+0000] {dag.py:3722} INFO - Setting next_dagrun for example_external_task_marker_parent to None, run_after=None
[2023-11-25T10:32:27.282+0000] {processor.py:179} INFO - Processing /home/airflow/.local/lib/python3.8/site-packages/airflow/example_dags/example_external_task_marker_dag.py took 0.105 seconds
[2023-11-25T10:32:57.770+0000] {processor.py:157} INFO - Started process (PID=1060) to work on /home/airflow/.local/lib/python3.8/site-packages/airflow/example_dags/example_external_task_marker_dag.py
[2023-11-25T10:32:57.771+0000] {processor.py:829} INFO - Processing file /home/airflow/.local/lib/python3.8/site-packages/airflow/example_dags/example_external_task_marker_dag.py for tasks to queue
[2023-11-25T10:32:57.773+0000] {logging_mixin.py:154} INFO - [2023-11-25T10:32:57.773+0000] {dagbag.py:536} INFO - Filling up the DagBag from /home/airflow/.local/lib/python3.8/site-packages/airflow/example_dags/example_external_task_marker_dag.py
[2023-11-25T10:32:57.789+0000] {processor.py:839} INFO - DAG(s) dict_keys(['example_external_task_marker_parent', 'example_external_task_marker_child']) retrieved from /home/airflow/.local/lib/python3.8/site-packages/airflow/example_dags/example_external_task_marker_dag.py
[2023-11-25T10:32:57.841+0000] {logging_mixin.py:154} INFO - [2023-11-25T10:32:57.840+0000] {dag.py:2941} INFO - Sync 2 DAGs
[2023-11-25T10:32:57.866+0000] {logging_mixin.py:154} INFO - [2023-11-25T10:32:57.866+0000] {dag.py:3722} INFO - Setting next_dagrun for example_external_task_marker_child to None, run_after=None
[2023-11-25T10:32:57.877+0000] {logging_mixin.py:154} INFO - [2023-11-25T10:32:57.877+0000] {dag.py:3722} INFO - Setting next_dagrun for example_external_task_marker_parent to None, run_after=None
[2023-11-25T10:32:57.909+0000] {processor.py:179} INFO - Processing /home/airflow/.local/lib/python3.8/site-packages/airflow/example_dags/example_external_task_marker_dag.py took 0.154 seconds
[2023-11-25T10:33:28.095+0000] {processor.py:157} INFO - Started process (PID=1114) to work on /home/airflow/.local/lib/python3.8/site-packages/airflow/example_dags/example_external_task_marker_dag.py
[2023-11-25T10:33:28.096+0000] {processor.py:829} INFO - Processing file /home/airflow/.local/lib/python3.8/site-packages/airflow/example_dags/example_external_task_marker_dag.py for tasks to queue
[2023-11-25T10:33:28.099+0000] {logging_mixin.py:154} INFO - [2023-11-25T10:33:28.099+0000] {dagbag.py:536} INFO - Filling up the DagBag from /home/airflow/.local/lib/python3.8/site-packages/airflow/example_dags/example_external_task_marker_dag.py
[2023-11-25T10:33:28.113+0000] {processor.py:839} INFO - DAG(s) dict_keys(['example_external_task_marker_child', 'example_external_task_marker_parent']) retrieved from /home/airflow/.local/lib/python3.8/site-packages/airflow/example_dags/example_external_task_marker_dag.py
[2023-11-25T10:33:28.170+0000] {logging_mixin.py:154} INFO - [2023-11-25T10:33:28.170+0000] {dag.py:2941} INFO - Sync 2 DAGs
[2023-11-25T10:33:28.194+0000] {logging_mixin.py:154} INFO - [2023-11-25T10:33:28.194+0000] {dag.py:3722} INFO - Setting next_dagrun for example_external_task_marker_child to None, run_after=None
[2023-11-25T10:33:28.199+0000] {logging_mixin.py:154} INFO - [2023-11-25T10:33:28.198+0000] {dag.py:3722} INFO - Setting next_dagrun for example_external_task_marker_parent to None, run_after=None
[2023-11-25T10:33:28.261+0000] {processor.py:179} INFO - Processing /home/airflow/.local/lib/python3.8/site-packages/airflow/example_dags/example_external_task_marker_dag.py took 0.171 seconds
[2023-11-25T10:33:58.769+0000] {processor.py:157} INFO - Started process (PID=1174) to work on /home/airflow/.local/lib/python3.8/site-packages/airflow/example_dags/example_external_task_marker_dag.py
[2023-11-25T10:33:58.770+0000] {processor.py:829} INFO - Processing file /home/airflow/.local/lib/python3.8/site-packages/airflow/example_dags/example_external_task_marker_dag.py for tasks to queue
[2023-11-25T10:33:58.771+0000] {logging_mixin.py:154} INFO - [2023-11-25T10:33:58.771+0000] {dagbag.py:536} INFO - Filling up the DagBag from /home/airflow/.local/lib/python3.8/site-packages/airflow/example_dags/example_external_task_marker_dag.py
[2023-11-25T10:33:58.777+0000] {processor.py:839} INFO - DAG(s) dict_keys(['example_external_task_marker_parent', 'example_external_task_marker_child']) retrieved from /home/airflow/.local/lib/python3.8/site-packages/airflow/example_dags/example_external_task_marker_dag.py
[2023-11-25T10:33:58.803+0000] {logging_mixin.py:154} INFO - [2023-11-25T10:33:58.803+0000] {dag.py:2941} INFO - Sync 2 DAGs
[2023-11-25T10:33:58.822+0000] {logging_mixin.py:154} INFO - [2023-11-25T10:33:58.822+0000] {dag.py:3722} INFO - Setting next_dagrun for example_external_task_marker_child to None, run_after=None
[2023-11-25T10:33:58.827+0000] {logging_mixin.py:154} INFO - [2023-11-25T10:33:58.827+0000] {dag.py:3722} INFO - Setting next_dagrun for example_external_task_marker_parent to None, run_after=None
[2023-11-25T10:33:58.846+0000] {processor.py:179} INFO - Processing /home/airflow/.local/lib/python3.8/site-packages/airflow/example_dags/example_external_task_marker_dag.py took 0.080 seconds
[2023-11-25T10:34:29.299+0000] {processor.py:157} INFO - Started process (PID=1228) to work on /home/airflow/.local/lib/python3.8/site-packages/airflow/example_dags/example_external_task_marker_dag.py
[2023-11-25T10:34:29.300+0000] {processor.py:829} INFO - Processing file /home/airflow/.local/lib/python3.8/site-packages/airflow/example_dags/example_external_task_marker_dag.py for tasks to queue
[2023-11-25T10:34:29.301+0000] {logging_mixin.py:154} INFO - [2023-11-25T10:34:29.301+0000] {dagbag.py:536} INFO - Filling up the DagBag from /home/airflow/.local/lib/python3.8/site-packages/airflow/example_dags/example_external_task_marker_dag.py
[2023-11-25T10:34:29.307+0000] {processor.py:839} INFO - DAG(s) dict_keys(['example_external_task_marker_parent', 'example_external_task_marker_child']) retrieved from /home/airflow/.local/lib/python3.8/site-packages/airflow/example_dags/example_external_task_marker_dag.py
[2023-11-25T10:34:29.335+0000] {logging_mixin.py:154} INFO - [2023-11-25T10:34:29.335+0000] {dag.py:2941} INFO - Sync 2 DAGs
[2023-11-25T10:34:29.351+0000] {logging_mixin.py:154} INFO - [2023-11-25T10:34:29.351+0000] {dag.py:3722} INFO - Setting next_dagrun for example_external_task_marker_child to None, run_after=None
[2023-11-25T10:34:29.354+0000] {logging_mixin.py:154} INFO - [2023-11-25T10:34:29.354+0000] {dag.py:3722} INFO - Setting next_dagrun for example_external_task_marker_parent to None, run_after=None
[2023-11-25T10:34:29.371+0000] {processor.py:179} INFO - Processing /home/airflow/.local/lib/python3.8/site-packages/airflow/example_dags/example_external_task_marker_dag.py took 0.075 seconds
[2023-11-25T10:35:00.244+0000] {processor.py:157} INFO - Started process (PID=1282) to work on /home/airflow/.local/lib/python3.8/site-packages/airflow/example_dags/example_external_task_marker_dag.py
[2023-11-25T10:35:00.245+0000] {processor.py:829} INFO - Processing file /home/airflow/.local/lib/python3.8/site-packages/airflow/example_dags/example_external_task_marker_dag.py for tasks to queue
[2023-11-25T10:35:00.247+0000] {logging_mixin.py:154} INFO - [2023-11-25T10:35:00.246+0000] {dagbag.py:536} INFO - Filling up the DagBag from /home/airflow/.local/lib/python3.8/site-packages/airflow/example_dags/example_external_task_marker_dag.py
[2023-11-25T10:35:00.252+0000] {processor.py:839} INFO - DAG(s) dict_keys(['example_external_task_marker_parent', 'example_external_task_marker_child']) retrieved from /home/airflow/.local/lib/python3.8/site-packages/airflow/example_dags/example_external_task_marker_dag.py
[2023-11-25T10:35:00.276+0000] {logging_mixin.py:154} INFO - [2023-11-25T10:35:00.275+0000] {dag.py:2941} INFO - Sync 2 DAGs
[2023-11-25T10:35:00.288+0000] {logging_mixin.py:154} INFO - [2023-11-25T10:35:00.288+0000] {dag.py:3722} INFO - Setting next_dagrun for example_external_task_marker_child to None, run_after=None
[2023-11-25T10:35:00.291+0000] {logging_mixin.py:154} INFO - [2023-11-25T10:35:00.291+0000] {dag.py:3722} INFO - Setting next_dagrun for example_external_task_marker_parent to None, run_after=None
[2023-11-25T10:35:00.308+0000] {processor.py:179} INFO - Processing /home/airflow/.local/lib/python3.8/site-packages/airflow/example_dags/example_external_task_marker_dag.py took 0.067 seconds
[2023-11-25T10:35:31.390+0000] {processor.py:157} INFO - Started process (PID=1336) to work on /home/airflow/.local/lib/python3.8/site-packages/airflow/example_dags/example_external_task_marker_dag.py
[2023-11-25T10:35:31.394+0000] {processor.py:829} INFO - Processing file /home/airflow/.local/lib/python3.8/site-packages/airflow/example_dags/example_external_task_marker_dag.py for tasks to queue
[2023-11-25T10:35:31.397+0000] {logging_mixin.py:154} INFO - [2023-11-25T10:35:31.396+0000] {dagbag.py:536} INFO - Filling up the DagBag from /home/airflow/.local/lib/python3.8/site-packages/airflow/example_dags/example_external_task_marker_dag.py
[2023-11-25T10:35:31.406+0000] {processor.py:839} INFO - DAG(s) dict_keys(['example_external_task_marker_child', 'example_external_task_marker_parent']) retrieved from /home/airflow/.local/lib/python3.8/site-packages/airflow/example_dags/example_external_task_marker_dag.py
[2023-11-25T10:35:31.445+0000] {logging_mixin.py:154} INFO - [2023-11-25T10:35:31.445+0000] {dag.py:2941} INFO - Sync 2 DAGs
[2023-11-25T10:35:31.679+0000] {logging_mixin.py:154} INFO - [2023-11-25T10:35:31.678+0000] {dag.py:3722} INFO - Setting next_dagrun for example_external_task_marker_child to None, run_after=None
[2023-11-25T10:35:31.685+0000] {logging_mixin.py:154} INFO - [2023-11-25T10:35:31.685+0000] {dag.py:3722} INFO - Setting next_dagrun for example_external_task_marker_parent to None, run_after=None
[2023-11-25T10:35:31.723+0000] {processor.py:179} INFO - Processing /home/airflow/.local/lib/python3.8/site-packages/airflow/example_dags/example_external_task_marker_dag.py took 0.338 seconds
[2023-11-25T10:36:02.218+0000] {processor.py:157} INFO - Started process (PID=1390) to work on /home/airflow/.local/lib/python3.8/site-packages/airflow/example_dags/example_external_task_marker_dag.py
[2023-11-25T10:36:02.218+0000] {processor.py:829} INFO - Processing file /home/airflow/.local/lib/python3.8/site-packages/airflow/example_dags/example_external_task_marker_dag.py for tasks to queue
[2023-11-25T10:36:02.220+0000] {logging_mixin.py:154} INFO - [2023-11-25T10:36:02.220+0000] {dagbag.py:536} INFO - Filling up the DagBag from /home/airflow/.local/lib/python3.8/site-packages/airflow/example_dags/example_external_task_marker_dag.py
[2023-11-25T10:36:02.225+0000] {processor.py:839} INFO - DAG(s) dict_keys(['example_external_task_marker_child', 'example_external_task_marker_parent']) retrieved from /home/airflow/.local/lib/python3.8/site-packages/airflow/example_dags/example_external_task_marker_dag.py
[2023-11-25T10:36:02.246+0000] {logging_mixin.py:154} INFO - [2023-11-25T10:36:02.246+0000] {dag.py:2941} INFO - Sync 2 DAGs
[2023-11-25T10:36:02.257+0000] {logging_mixin.py:154} INFO - [2023-11-25T10:36:02.257+0000] {dag.py:3722} INFO - Setting next_dagrun for example_external_task_marker_child to None, run_after=None
[2023-11-25T10:36:02.261+0000] {logging_mixin.py:154} INFO - [2023-11-25T10:36:02.260+0000] {dag.py:3722} INFO - Setting next_dagrun for example_external_task_marker_parent to None, run_after=None
[2023-11-25T10:36:02.274+0000] {processor.py:179} INFO - Processing /home/airflow/.local/lib/python3.8/site-packages/airflow/example_dags/example_external_task_marker_dag.py took 0.059 seconds
[2023-11-25T10:36:32.627+0000] {processor.py:157} INFO - Started process (PID=1444) to work on /home/airflow/.local/lib/python3.8/site-packages/airflow/example_dags/example_external_task_marker_dag.py
[2023-11-25T10:36:32.628+0000] {processor.py:829} INFO - Processing file /home/airflow/.local/lib/python3.8/site-packages/airflow/example_dags/example_external_task_marker_dag.py for tasks to queue
[2023-11-25T10:36:32.631+0000] {logging_mixin.py:154} INFO - [2023-11-25T10:36:32.631+0000] {dagbag.py:536} INFO - Filling up the DagBag from /home/airflow/.local/lib/python3.8/site-packages/airflow/example_dags/example_external_task_marker_dag.py
[2023-11-25T10:36:32.641+0000] {processor.py:839} INFO - DAG(s) dict_keys(['example_external_task_marker_child', 'example_external_task_marker_parent']) retrieved from /home/airflow/.local/lib/python3.8/site-packages/airflow/example_dags/example_external_task_marker_dag.py
[2023-11-25T10:36:32.669+0000] {logging_mixin.py:154} INFO - [2023-11-25T10:36:32.669+0000] {dag.py:2941} INFO - Sync 2 DAGs
[2023-11-25T10:36:32.686+0000] {logging_mixin.py:154} INFO - [2023-11-25T10:36:32.686+0000] {dag.py:3722} INFO - Setting next_dagrun for example_external_task_marker_child to None, run_after=None
[2023-11-25T10:36:32.690+0000] {logging_mixin.py:154} INFO - [2023-11-25T10:36:32.690+0000] {dag.py:3722} INFO - Setting next_dagrun for example_external_task_marker_parent to None, run_after=None
[2023-11-25T10:36:32.709+0000] {processor.py:179} INFO - Processing /home/airflow/.local/lib/python3.8/site-packages/airflow/example_dags/example_external_task_marker_dag.py took 0.086 seconds
[2023-11-25T10:37:03.565+0000] {processor.py:157} INFO - Started process (PID=1497) to work on /home/airflow/.local/lib/python3.8/site-packages/airflow/example_dags/example_external_task_marker_dag.py
[2023-11-25T10:37:03.566+0000] {processor.py:829} INFO - Processing file /home/airflow/.local/lib/python3.8/site-packages/airflow/example_dags/example_external_task_marker_dag.py for tasks to queue
[2023-11-25T10:37:03.568+0000] {logging_mixin.py:154} INFO - [2023-11-25T10:37:03.568+0000] {dagbag.py:536} INFO - Filling up the DagBag from /home/airflow/.local/lib/python3.8/site-packages/airflow/example_dags/example_external_task_marker_dag.py
[2023-11-25T10:37:03.576+0000] {processor.py:839} INFO - DAG(s) dict_keys(['example_external_task_marker_parent', 'example_external_task_marker_child']) retrieved from /home/airflow/.local/lib/python3.8/site-packages/airflow/example_dags/example_external_task_marker_dag.py
[2023-11-25T10:37:03.611+0000] {logging_mixin.py:154} INFO - [2023-11-25T10:37:03.611+0000] {dag.py:2941} INFO - Sync 2 DAGs
[2023-11-25T10:37:03.804+0000] {logging_mixin.py:154} INFO - [2023-11-25T10:37:03.804+0000] {dag.py:3722} INFO - Setting next_dagrun for example_external_task_marker_child to None, run_after=None
[2023-11-25T10:37:03.810+0000] {logging_mixin.py:154} INFO - [2023-11-25T10:37:03.810+0000] {dag.py:3722} INFO - Setting next_dagrun for example_external_task_marker_parent to None, run_after=None
[2023-11-25T10:37:03.829+0000] {processor.py:179} INFO - Processing /home/airflow/.local/lib/python3.8/site-packages/airflow/example_dags/example_external_task_marker_dag.py took 0.269 seconds
[2023-11-25T10:37:34.572+0000] {processor.py:157} INFO - Started process (PID=1551) to work on /home/airflow/.local/lib/python3.8/site-packages/airflow/example_dags/example_external_task_marker_dag.py
[2023-11-25T10:37:34.573+0000] {processor.py:829} INFO - Processing file /home/airflow/.local/lib/python3.8/site-packages/airflow/example_dags/example_external_task_marker_dag.py for tasks to queue
[2023-11-25T10:37:34.575+0000] {logging_mixin.py:154} INFO - [2023-11-25T10:37:34.575+0000] {dagbag.py:536} INFO - Filling up the DagBag from /home/airflow/.local/lib/python3.8/site-packages/airflow/example_dags/example_external_task_marker_dag.py
[2023-11-25T10:37:34.581+0000] {processor.py:839} INFO - DAG(s) dict_keys(['example_external_task_marker_parent', 'example_external_task_marker_child']) retrieved from /home/airflow/.local/lib/python3.8/site-packages/airflow/example_dags/example_external_task_marker_dag.py
[2023-11-25T10:37:34.613+0000] {logging_mixin.py:154} INFO - [2023-11-25T10:37:34.613+0000] {dag.py:2941} INFO - Sync 2 DAGs
[2023-11-25T10:37:34.630+0000] {logging_mixin.py:154} INFO - [2023-11-25T10:37:34.630+0000] {dag.py:3722} INFO - Setting next_dagrun for example_external_task_marker_child to None, run_after=None
[2023-11-25T10:37:34.635+0000] {logging_mixin.py:154} INFO - [2023-11-25T10:37:34.634+0000] {dag.py:3722} INFO - Setting next_dagrun for example_external_task_marker_parent to None, run_after=None
[2023-11-25T10:37:34.672+0000] {processor.py:179} INFO - Processing /home/airflow/.local/lib/python3.8/site-packages/airflow/example_dags/example_external_task_marker_dag.py took 0.102 seconds
[2023-11-25T10:38:05.037+0000] {processor.py:157} INFO - Started process (PID=1605) to work on /home/airflow/.local/lib/python3.8/site-packages/airflow/example_dags/example_external_task_marker_dag.py
[2023-11-25T10:38:05.038+0000] {processor.py:829} INFO - Processing file /home/airflow/.local/lib/python3.8/site-packages/airflow/example_dags/example_external_task_marker_dag.py for tasks to queue
[2023-11-25T10:38:05.040+0000] {logging_mixin.py:154} INFO - [2023-11-25T10:38:05.040+0000] {dagbag.py:536} INFO - Filling up the DagBag from /home/airflow/.local/lib/python3.8/site-packages/airflow/example_dags/example_external_task_marker_dag.py
[2023-11-25T10:38:05.047+0000] {processor.py:839} INFO - DAG(s) dict_keys(['example_external_task_marker_child', 'example_external_task_marker_parent']) retrieved from /home/airflow/.local/lib/python3.8/site-packages/airflow/example_dags/example_external_task_marker_dag.py
[2023-11-25T10:38:05.076+0000] {logging_mixin.py:154} INFO - [2023-11-25T10:38:05.075+0000] {dag.py:2941} INFO - Sync 2 DAGs
[2023-11-25T10:38:05.091+0000] {logging_mixin.py:154} INFO - [2023-11-25T10:38:05.091+0000] {dag.py:3722} INFO - Setting next_dagrun for example_external_task_marker_child to None, run_after=None
[2023-11-25T10:38:05.096+0000] {logging_mixin.py:154} INFO - [2023-11-25T10:38:05.095+0000] {dag.py:3722} INFO - Setting next_dagrun for example_external_task_marker_parent to None, run_after=None
[2023-11-25T10:38:05.114+0000] {processor.py:179} INFO - Processing /home/airflow/.local/lib/python3.8/site-packages/airflow/example_dags/example_external_task_marker_dag.py took 0.080 seconds
[2023-11-25T10:38:35.208+0000] {processor.py:157} INFO - Started process (PID=1659) to work on /home/airflow/.local/lib/python3.8/site-packages/airflow/example_dags/example_external_task_marker_dag.py
[2023-11-25T10:38:35.209+0000] {processor.py:829} INFO - Processing file /home/airflow/.local/lib/python3.8/site-packages/airflow/example_dags/example_external_task_marker_dag.py for tasks to queue
[2023-11-25T10:38:35.211+0000] {logging_mixin.py:154} INFO - [2023-11-25T10:38:35.210+0000] {dagbag.py:536} INFO - Filling up the DagBag from /home/airflow/.local/lib/python3.8/site-packages/airflow/example_dags/example_external_task_marker_dag.py
[2023-11-25T10:38:35.218+0000] {processor.py:839} INFO - DAG(s) dict_keys(['example_external_task_marker_parent', 'example_external_task_marker_child']) retrieved from /home/airflow/.local/lib/python3.8/site-packages/airflow/example_dags/example_external_task_marker_dag.py
[2023-11-25T10:38:35.239+0000] {logging_mixin.py:154} INFO - [2023-11-25T10:38:35.239+0000] {dag.py:2941} INFO - Sync 2 DAGs
[2023-11-25T10:38:35.251+0000] {logging_mixin.py:154} INFO - [2023-11-25T10:38:35.251+0000] {dag.py:3722} INFO - Setting next_dagrun for example_external_task_marker_child to None, run_after=None
[2023-11-25T10:38:35.254+0000] {logging_mixin.py:154} INFO - [2023-11-25T10:38:35.254+0000] {dag.py:3722} INFO - Setting next_dagrun for example_external_task_marker_parent to None, run_after=None
[2023-11-25T10:38:35.269+0000] {processor.py:179} INFO - Processing /home/airflow/.local/lib/python3.8/site-packages/airflow/example_dags/example_external_task_marker_dag.py took 0.064 seconds
[2023-11-25T10:39:05.612+0000] {processor.py:157} INFO - Started process (PID=1713) to work on /home/airflow/.local/lib/python3.8/site-packages/airflow/example_dags/example_external_task_marker_dag.py
[2023-11-25T10:39:05.613+0000] {processor.py:829} INFO - Processing file /home/airflow/.local/lib/python3.8/site-packages/airflow/example_dags/example_external_task_marker_dag.py for tasks to queue
[2023-11-25T10:39:05.615+0000] {logging_mixin.py:154} INFO - [2023-11-25T10:39:05.615+0000] {dagbag.py:536} INFO - Filling up the DagBag from /home/airflow/.local/lib/python3.8/site-packages/airflow/example_dags/example_external_task_marker_dag.py
[2023-11-25T10:39:05.621+0000] {processor.py:839} INFO - DAG(s) dict_keys(['example_external_task_marker_child', 'example_external_task_marker_parent']) retrieved from /home/airflow/.local/lib/python3.8/site-packages/airflow/example_dags/example_external_task_marker_dag.py
[2023-11-25T10:39:05.648+0000] {logging_mixin.py:154} INFO - [2023-11-25T10:39:05.648+0000] {dag.py:2941} INFO - Sync 2 DAGs
[2023-11-25T10:39:05.664+0000] {logging_mixin.py:154} INFO - [2023-11-25T10:39:05.664+0000] {dag.py:3722} INFO - Setting next_dagrun for example_external_task_marker_child to None, run_after=None
[2023-11-25T10:39:05.670+0000] {logging_mixin.py:154} INFO - [2023-11-25T10:39:05.669+0000] {dag.py:3722} INFO - Setting next_dagrun for example_external_task_marker_parent to None, run_after=None
[2023-11-25T10:39:05.705+0000] {processor.py:179} INFO - Processing /home/airflow/.local/lib/python3.8/site-packages/airflow/example_dags/example_external_task_marker_dag.py took 0.097 seconds
[2023-11-25T10:39:35.927+0000] {processor.py:157} INFO - Started process (PID=1767) to work on /home/airflow/.local/lib/python3.8/site-packages/airflow/example_dags/example_external_task_marker_dag.py
[2023-11-25T10:39:35.927+0000] {processor.py:829} INFO - Processing file /home/airflow/.local/lib/python3.8/site-packages/airflow/example_dags/example_external_task_marker_dag.py for tasks to queue
[2023-11-25T10:39:35.929+0000] {logging_mixin.py:154} INFO - [2023-11-25T10:39:35.929+0000] {dagbag.py:536} INFO - Filling up the DagBag from /home/airflow/.local/lib/python3.8/site-packages/airflow/example_dags/example_external_task_marker_dag.py
[2023-11-25T10:39:35.935+0000] {processor.py:839} INFO - DAG(s) dict_keys(['example_external_task_marker_child', 'example_external_task_marker_parent']) retrieved from /home/airflow/.local/lib/python3.8/site-packages/airflow/example_dags/example_external_task_marker_dag.py
[2023-11-25T10:39:35.961+0000] {logging_mixin.py:154} INFO - [2023-11-25T10:39:35.961+0000] {dag.py:2941} INFO - Sync 2 DAGs
[2023-11-25T10:39:35.976+0000] {logging_mixin.py:154} INFO - [2023-11-25T10:39:35.975+0000] {dag.py:3722} INFO - Setting next_dagrun for example_external_task_marker_child to None, run_after=None
[2023-11-25T10:39:35.979+0000] {logging_mixin.py:154} INFO - [2023-11-25T10:39:35.979+0000] {dag.py:3722} INFO - Setting next_dagrun for example_external_task_marker_parent to None, run_after=None
[2023-11-25T10:39:35.995+0000] {processor.py:179} INFO - Processing /home/airflow/.local/lib/python3.8/site-packages/airflow/example_dags/example_external_task_marker_dag.py took 0.071 seconds
[2023-11-25T10:40:06.305+0000] {processor.py:157} INFO - Started process (PID=1821) to work on /home/airflow/.local/lib/python3.8/site-packages/airflow/example_dags/example_external_task_marker_dag.py
[2023-11-25T10:40:06.306+0000] {processor.py:829} INFO - Processing file /home/airflow/.local/lib/python3.8/site-packages/airflow/example_dags/example_external_task_marker_dag.py for tasks to queue
[2023-11-25T10:40:06.307+0000] {logging_mixin.py:154} INFO - [2023-11-25T10:40:06.307+0000] {dagbag.py:536} INFO - Filling up the DagBag from /home/airflow/.local/lib/python3.8/site-packages/airflow/example_dags/example_external_task_marker_dag.py
[2023-11-25T10:40:06.314+0000] {processor.py:839} INFO - DAG(s) dict_keys(['example_external_task_marker_child', 'example_external_task_marker_parent']) retrieved from /home/airflow/.local/lib/python3.8/site-packages/airflow/example_dags/example_external_task_marker_dag.py
[2023-11-25T10:40:06.336+0000] {logging_mixin.py:154} INFO - [2023-11-25T10:40:06.336+0000] {dag.py:2941} INFO - Sync 2 DAGs
[2023-11-25T10:40:06.348+0000] {logging_mixin.py:154} INFO - [2023-11-25T10:40:06.348+0000] {dag.py:3722} INFO - Setting next_dagrun for example_external_task_marker_child to None, run_after=None
[2023-11-25T10:40:06.351+0000] {logging_mixin.py:154} INFO - [2023-11-25T10:40:06.351+0000] {dag.py:3722} INFO - Setting next_dagrun for example_external_task_marker_parent to None, run_after=None
[2023-11-25T10:40:06.387+0000] {processor.py:179} INFO - Processing /home/airflow/.local/lib/python3.8/site-packages/airflow/example_dags/example_external_task_marker_dag.py took 0.086 seconds
[2023-11-25T11:05:04.703+0000] {processor.py:157} INFO - Started process (PID=36) to work on /home/airflow/.local/lib/python3.8/site-packages/airflow/example_dags/example_external_task_marker_dag.py
[2023-11-25T11:05:04.710+0000] {processor.py:829} INFO - Processing file /home/airflow/.local/lib/python3.8/site-packages/airflow/example_dags/example_external_task_marker_dag.py for tasks to queue
[2023-11-25T11:05:04.713+0000] {logging_mixin.py:154} INFO - [2023-11-25T11:05:04.712+0000] {dagbag.py:536} INFO - Filling up the DagBag from /home/airflow/.local/lib/python3.8/site-packages/airflow/example_dags/example_external_task_marker_dag.py
[2023-11-25T11:05:04.731+0000] {processor.py:839} INFO - DAG(s) dict_keys(['example_external_task_marker_child', 'example_external_task_marker_parent']) retrieved from /home/airflow/.local/lib/python3.8/site-packages/airflow/example_dags/example_external_task_marker_dag.py
[2023-11-25T11:05:04.763+0000] {logging_mixin.py:154} INFO - [2023-11-25T11:05:04.763+0000] {dag.py:2941} INFO - Sync 2 DAGs
[2023-11-25T11:05:04.796+0000] {logging_mixin.py:154} INFO - [2023-11-25T11:05:04.796+0000] {dag.py:3722} INFO - Setting next_dagrun for example_external_task_marker_child to None, run_after=None
[2023-11-25T11:05:04.801+0000] {logging_mixin.py:154} INFO - [2023-11-25T11:05:04.801+0000] {dag.py:3722} INFO - Setting next_dagrun for example_external_task_marker_parent to None, run_after=None
[2023-11-25T11:05:04.863+0000] {processor.py:179} INFO - Processing /home/airflow/.local/lib/python3.8/site-packages/airflow/example_dags/example_external_task_marker_dag.py took 0.165 seconds
[2023-11-25T11:05:35.481+0000] {processor.py:157} INFO - Started process (PID=90) to work on /home/airflow/.local/lib/python3.8/site-packages/airflow/example_dags/example_external_task_marker_dag.py
[2023-11-25T11:05:35.482+0000] {processor.py:829} INFO - Processing file /home/airflow/.local/lib/python3.8/site-packages/airflow/example_dags/example_external_task_marker_dag.py for tasks to queue
[2023-11-25T11:05:35.484+0000] {logging_mixin.py:154} INFO - [2023-11-25T11:05:35.484+0000] {dagbag.py:536} INFO - Filling up the DagBag from /home/airflow/.local/lib/python3.8/site-packages/airflow/example_dags/example_external_task_marker_dag.py
[2023-11-25T11:05:35.492+0000] {processor.py:839} INFO - DAG(s) dict_keys(['example_external_task_marker_parent', 'example_external_task_marker_child']) retrieved from /home/airflow/.local/lib/python3.8/site-packages/airflow/example_dags/example_external_task_marker_dag.py
[2023-11-25T11:05:35.521+0000] {logging_mixin.py:154} INFO - [2023-11-25T11:05:35.520+0000] {dag.py:2941} INFO - Sync 2 DAGs
[2023-11-25T11:05:35.541+0000] {logging_mixin.py:154} INFO - [2023-11-25T11:05:35.541+0000] {dag.py:3722} INFO - Setting next_dagrun for example_external_task_marker_child to None, run_after=None
[2023-11-25T11:05:35.546+0000] {logging_mixin.py:154} INFO - [2023-11-25T11:05:35.546+0000] {dag.py:3722} INFO - Setting next_dagrun for example_external_task_marker_parent to None, run_after=None
[2023-11-25T11:05:35.598+0000] {processor.py:179} INFO - Processing /home/airflow/.local/lib/python3.8/site-packages/airflow/example_dags/example_external_task_marker_dag.py took 0.120 seconds
[2023-11-25T11:06:05.769+0000] {processor.py:157} INFO - Started process (PID=144) to work on /home/airflow/.local/lib/python3.8/site-packages/airflow/example_dags/example_external_task_marker_dag.py
[2023-11-25T11:06:05.770+0000] {processor.py:829} INFO - Processing file /home/airflow/.local/lib/python3.8/site-packages/airflow/example_dags/example_external_task_marker_dag.py for tasks to queue
[2023-11-25T11:06:05.772+0000] {logging_mixin.py:154} INFO - [2023-11-25T11:06:05.772+0000] {dagbag.py:536} INFO - Filling up the DagBag from /home/airflow/.local/lib/python3.8/site-packages/airflow/example_dags/example_external_task_marker_dag.py
[2023-11-25T11:06:05.777+0000] {processor.py:839} INFO - DAG(s) dict_keys(['example_external_task_marker_child', 'example_external_task_marker_parent']) retrieved from /home/airflow/.local/lib/python3.8/site-packages/airflow/example_dags/example_external_task_marker_dag.py
[2023-11-25T11:06:05.802+0000] {logging_mixin.py:154} INFO - [2023-11-25T11:06:05.801+0000] {dag.py:2941} INFO - Sync 2 DAGs
[2023-11-25T11:06:05.814+0000] {logging_mixin.py:154} INFO - [2023-11-25T11:06:05.814+0000] {dag.py:3722} INFO - Setting next_dagrun for example_external_task_marker_child to None, run_after=None
[2023-11-25T11:06:05.817+0000] {logging_mixin.py:154} INFO - [2023-11-25T11:06:05.817+0000] {dag.py:3722} INFO - Setting next_dagrun for example_external_task_marker_parent to None, run_after=None
[2023-11-25T11:06:05.831+0000] {processor.py:179} INFO - Processing /home/airflow/.local/lib/python3.8/site-packages/airflow/example_dags/example_external_task_marker_dag.py took 0.066 seconds
[2023-11-25T11:07:40.189+0000] {processor.py:157} INFO - Started process (PID=36) to work on /home/airflow/.local/lib/python3.8/site-packages/airflow/example_dags/example_external_task_marker_dag.py
[2023-11-25T11:07:40.193+0000] {processor.py:829} INFO - Processing file /home/airflow/.local/lib/python3.8/site-packages/airflow/example_dags/example_external_task_marker_dag.py for tasks to queue
[2023-11-25T11:07:40.196+0000] {logging_mixin.py:154} INFO - [2023-11-25T11:07:40.196+0000] {dagbag.py:536} INFO - Filling up the DagBag from /home/airflow/.local/lib/python3.8/site-packages/airflow/example_dags/example_external_task_marker_dag.py
[2023-11-25T11:07:40.229+0000] {processor.py:839} INFO - DAG(s) dict_keys(['example_external_task_marker_parent', 'example_external_task_marker_child']) retrieved from /home/airflow/.local/lib/python3.8/site-packages/airflow/example_dags/example_external_task_marker_dag.py
[2023-11-25T11:07:40.287+0000] {logging_mixin.py:154} INFO - [2023-11-25T11:07:40.287+0000] {dag.py:2941} INFO - Sync 2 DAGs
[2023-11-25T11:07:40.329+0000] {logging_mixin.py:154} INFO - [2023-11-25T11:07:40.328+0000] {dag.py:3722} INFO - Setting next_dagrun for example_external_task_marker_child to None, run_after=None
[2023-11-25T11:07:40.342+0000] {logging_mixin.py:154} INFO - [2023-11-25T11:07:40.342+0000] {dag.py:3722} INFO - Setting next_dagrun for example_external_task_marker_parent to None, run_after=None
[2023-11-25T11:07:40.446+0000] {processor.py:179} INFO - Processing /home/airflow/.local/lib/python3.8/site-packages/airflow/example_dags/example_external_task_marker_dag.py took 0.277 seconds
[2023-11-25T11:08:11.215+0000] {processor.py:157} INFO - Started process (PID=90) to work on /home/airflow/.local/lib/python3.8/site-packages/airflow/example_dags/example_external_task_marker_dag.py
[2023-11-25T11:08:11.220+0000] {processor.py:829} INFO - Processing file /home/airflow/.local/lib/python3.8/site-packages/airflow/example_dags/example_external_task_marker_dag.py for tasks to queue
[2023-11-25T11:08:11.222+0000] {logging_mixin.py:154} INFO - [2023-11-25T11:08:11.222+0000] {dagbag.py:536} INFO - Filling up the DagBag from /home/airflow/.local/lib/python3.8/site-packages/airflow/example_dags/example_external_task_marker_dag.py
[2023-11-25T11:08:11.230+0000] {processor.py:839} INFO - DAG(s) dict_keys(['example_external_task_marker_parent', 'example_external_task_marker_child']) retrieved from /home/airflow/.local/lib/python3.8/site-packages/airflow/example_dags/example_external_task_marker_dag.py
[2023-11-25T11:08:11.261+0000] {logging_mixin.py:154} INFO - [2023-11-25T11:08:11.261+0000] {dag.py:2941} INFO - Sync 2 DAGs
[2023-11-25T11:08:11.275+0000] {logging_mixin.py:154} INFO - [2023-11-25T11:08:11.275+0000] {dag.py:3722} INFO - Setting next_dagrun for example_external_task_marker_child to None, run_after=None
[2023-11-25T11:08:11.278+0000] {logging_mixin.py:154} INFO - [2023-11-25T11:08:11.278+0000] {dag.py:3722} INFO - Setting next_dagrun for example_external_task_marker_parent to None, run_after=None
[2023-11-25T11:08:11.299+0000] {processor.py:179} INFO - Processing /home/airflow/.local/lib/python3.8/site-packages/airflow/example_dags/example_external_task_marker_dag.py took 0.088 seconds
[2023-11-25T11:08:41.758+0000] {processor.py:157} INFO - Started process (PID=144) to work on /home/airflow/.local/lib/python3.8/site-packages/airflow/example_dags/example_external_task_marker_dag.py
[2023-11-25T11:08:41.760+0000] {processor.py:829} INFO - Processing file /home/airflow/.local/lib/python3.8/site-packages/airflow/example_dags/example_external_task_marker_dag.py for tasks to queue
[2023-11-25T11:08:41.762+0000] {logging_mixin.py:154} INFO - [2023-11-25T11:08:41.762+0000] {dagbag.py:536} INFO - Filling up the DagBag from /home/airflow/.local/lib/python3.8/site-packages/airflow/example_dags/example_external_task_marker_dag.py
[2023-11-25T11:08:41.771+0000] {processor.py:839} INFO - DAG(s) dict_keys(['example_external_task_marker_child', 'example_external_task_marker_parent']) retrieved from /home/airflow/.local/lib/python3.8/site-packages/airflow/example_dags/example_external_task_marker_dag.py
[2023-11-25T11:08:41.813+0000] {logging_mixin.py:154} INFO - [2023-11-25T11:08:41.813+0000] {dag.py:2941} INFO - Sync 2 DAGs
[2023-11-25T11:08:41.838+0000] {logging_mixin.py:154} INFO - [2023-11-25T11:08:41.838+0000] {dag.py:3722} INFO - Setting next_dagrun for example_external_task_marker_child to None, run_after=None
[2023-11-25T11:08:41.842+0000] {logging_mixin.py:154} INFO - [2023-11-25T11:08:41.842+0000] {dag.py:3722} INFO - Setting next_dagrun for example_external_task_marker_parent to None, run_after=None
[2023-11-25T11:08:41.875+0000] {processor.py:179} INFO - Processing /home/airflow/.local/lib/python3.8/site-packages/airflow/example_dags/example_external_task_marker_dag.py took 0.121 seconds
[2023-11-25T11:09:12.770+0000] {processor.py:157} INFO - Started process (PID=197) to work on /home/airflow/.local/lib/python3.8/site-packages/airflow/example_dags/example_external_task_marker_dag.py
[2023-11-25T11:09:12.771+0000] {processor.py:829} INFO - Processing file /home/airflow/.local/lib/python3.8/site-packages/airflow/example_dags/example_external_task_marker_dag.py for tasks to queue
[2023-11-25T11:09:12.773+0000] {logging_mixin.py:154} INFO - [2023-11-25T11:09:12.773+0000] {dagbag.py:536} INFO - Filling up the DagBag from /home/airflow/.local/lib/python3.8/site-packages/airflow/example_dags/example_external_task_marker_dag.py
[2023-11-25T11:09:12.781+0000] {processor.py:839} INFO - DAG(s) dict_keys(['example_external_task_marker_parent', 'example_external_task_marker_child']) retrieved from /home/airflow/.local/lib/python3.8/site-packages/airflow/example_dags/example_external_task_marker_dag.py
[2023-11-25T11:09:12.810+0000] {logging_mixin.py:154} INFO - [2023-11-25T11:09:12.810+0000] {dag.py:2941} INFO - Sync 2 DAGs
[2023-11-25T11:09:12.823+0000] {logging_mixin.py:154} INFO - [2023-11-25T11:09:12.823+0000] {dag.py:3722} INFO - Setting next_dagrun for example_external_task_marker_child to None, run_after=None
[2023-11-25T11:09:12.828+0000] {logging_mixin.py:154} INFO - [2023-11-25T11:09:12.828+0000] {dag.py:3722} INFO - Setting next_dagrun for example_external_task_marker_parent to None, run_after=None
[2023-11-25T11:09:12.859+0000] {processor.py:179} INFO - Processing /home/airflow/.local/lib/python3.8/site-packages/airflow/example_dags/example_external_task_marker_dag.py took 0.093 seconds
[2023-11-25T11:09:43.278+0000] {processor.py:157} INFO - Started process (PID=251) to work on /home/airflow/.local/lib/python3.8/site-packages/airflow/example_dags/example_external_task_marker_dag.py
[2023-11-25T11:09:43.279+0000] {processor.py:829} INFO - Processing file /home/airflow/.local/lib/python3.8/site-packages/airflow/example_dags/example_external_task_marker_dag.py for tasks to queue
[2023-11-25T11:09:43.281+0000] {logging_mixin.py:154} INFO - [2023-11-25T11:09:43.280+0000] {dagbag.py:536} INFO - Filling up the DagBag from /home/airflow/.local/lib/python3.8/site-packages/airflow/example_dags/example_external_task_marker_dag.py
[2023-11-25T11:09:43.286+0000] {processor.py:839} INFO - DAG(s) dict_keys(['example_external_task_marker_child', 'example_external_task_marker_parent']) retrieved from /home/airflow/.local/lib/python3.8/site-packages/airflow/example_dags/example_external_task_marker_dag.py
[2023-11-25T11:09:43.306+0000] {logging_mixin.py:154} INFO - [2023-11-25T11:09:43.306+0000] {dag.py:2941} INFO - Sync 2 DAGs
[2023-11-25T11:09:43.318+0000] {logging_mixin.py:154} INFO - [2023-11-25T11:09:43.318+0000] {dag.py:3722} INFO - Setting next_dagrun for example_external_task_marker_child to None, run_after=None
[2023-11-25T11:09:43.321+0000] {logging_mixin.py:154} INFO - [2023-11-25T11:09:43.321+0000] {dag.py:3722} INFO - Setting next_dagrun for example_external_task_marker_parent to None, run_after=None
[2023-11-25T11:09:43.347+0000] {processor.py:179} INFO - Processing /home/airflow/.local/lib/python3.8/site-packages/airflow/example_dags/example_external_task_marker_dag.py took 0.072 seconds
[2023-11-25T11:10:13.617+0000] {processor.py:157} INFO - Started process (PID=305) to work on /home/airflow/.local/lib/python3.8/site-packages/airflow/example_dags/example_external_task_marker_dag.py
[2023-11-25T11:10:13.618+0000] {processor.py:829} INFO - Processing file /home/airflow/.local/lib/python3.8/site-packages/airflow/example_dags/example_external_task_marker_dag.py for tasks to queue
[2023-11-25T11:10:13.620+0000] {logging_mixin.py:154} INFO - [2023-11-25T11:10:13.619+0000] {dagbag.py:536} INFO - Filling up the DagBag from /home/airflow/.local/lib/python3.8/site-packages/airflow/example_dags/example_external_task_marker_dag.py
[2023-11-25T11:10:13.625+0000] {processor.py:839} INFO - DAG(s) dict_keys(['example_external_task_marker_parent', 'example_external_task_marker_child']) retrieved from /home/airflow/.local/lib/python3.8/site-packages/airflow/example_dags/example_external_task_marker_dag.py
[2023-11-25T11:10:13.650+0000] {logging_mixin.py:154} INFO - [2023-11-25T11:10:13.649+0000] {dag.py:2941} INFO - Sync 2 DAGs
[2023-11-25T11:10:13.661+0000] {logging_mixin.py:154} INFO - [2023-11-25T11:10:13.661+0000] {dag.py:3722} INFO - Setting next_dagrun for example_external_task_marker_child to None, run_after=None
[2023-11-25T11:10:13.666+0000] {logging_mixin.py:154} INFO - [2023-11-25T11:10:13.665+0000] {dag.py:3722} INFO - Setting next_dagrun for example_external_task_marker_parent to None, run_after=None
[2023-11-25T11:10:13.680+0000] {processor.py:179} INFO - Processing /home/airflow/.local/lib/python3.8/site-packages/airflow/example_dags/example_external_task_marker_dag.py took 0.067 seconds
[2023-11-25T11:10:43.997+0000] {processor.py:157} INFO - Started process (PID=360) to work on /home/airflow/.local/lib/python3.8/site-packages/airflow/example_dags/example_external_task_marker_dag.py
[2023-11-25T11:10:43.998+0000] {processor.py:829} INFO - Processing file /home/airflow/.local/lib/python3.8/site-packages/airflow/example_dags/example_external_task_marker_dag.py for tasks to queue
[2023-11-25T11:10:44.001+0000] {logging_mixin.py:154} INFO - [2023-11-25T11:10:44.000+0000] {dagbag.py:536} INFO - Filling up the DagBag from /home/airflow/.local/lib/python3.8/site-packages/airflow/example_dags/example_external_task_marker_dag.py
[2023-11-25T11:10:44.009+0000] {processor.py:839} INFO - DAG(s) dict_keys(['example_external_task_marker_child', 'example_external_task_marker_parent']) retrieved from /home/airflow/.local/lib/python3.8/site-packages/airflow/example_dags/example_external_task_marker_dag.py
[2023-11-25T11:10:44.044+0000] {logging_mixin.py:154} INFO - [2023-11-25T11:10:44.042+0000] {dag.py:2941} INFO - Sync 2 DAGs
[2023-11-25T11:10:44.061+0000] {logging_mixin.py:154} INFO - [2023-11-25T11:10:44.060+0000] {dag.py:3722} INFO - Setting next_dagrun for example_external_task_marker_child to None, run_after=None
[2023-11-25T11:10:44.065+0000] {logging_mixin.py:154} INFO - [2023-11-25T11:10:44.064+0000] {dag.py:3722} INFO - Setting next_dagrun for example_external_task_marker_parent to None, run_after=None
[2023-11-25T11:10:44.092+0000] {processor.py:179} INFO - Processing /home/airflow/.local/lib/python3.8/site-packages/airflow/example_dags/example_external_task_marker_dag.py took 0.099 seconds
[2023-11-25T11:11:15.109+0000] {processor.py:157} INFO - Started process (PID=414) to work on /home/airflow/.local/lib/python3.8/site-packages/airflow/example_dags/example_external_task_marker_dag.py
[2023-11-25T11:11:15.112+0000] {processor.py:829} INFO - Processing file /home/airflow/.local/lib/python3.8/site-packages/airflow/example_dags/example_external_task_marker_dag.py for tasks to queue
[2023-11-25T11:11:15.114+0000] {logging_mixin.py:154} INFO - [2023-11-25T11:11:15.114+0000] {dagbag.py:536} INFO - Filling up the DagBag from /home/airflow/.local/lib/python3.8/site-packages/airflow/example_dags/example_external_task_marker_dag.py
[2023-11-25T11:11:15.119+0000] {processor.py:839} INFO - DAG(s) dict_keys(['example_external_task_marker_parent', 'example_external_task_marker_child']) retrieved from /home/airflow/.local/lib/python3.8/site-packages/airflow/example_dags/example_external_task_marker_dag.py
[2023-11-25T11:11:15.140+0000] {logging_mixin.py:154} INFO - [2023-11-25T11:11:15.140+0000] {dag.py:2941} INFO - Sync 2 DAGs
[2023-11-25T11:11:15.151+0000] {logging_mixin.py:154} INFO - [2023-11-25T11:11:15.150+0000] {dag.py:3722} INFO - Setting next_dagrun for example_external_task_marker_child to None, run_after=None
[2023-11-25T11:11:15.154+0000] {logging_mixin.py:154} INFO - [2023-11-25T11:11:15.154+0000] {dag.py:3722} INFO - Setting next_dagrun for example_external_task_marker_parent to None, run_after=None
[2023-11-25T11:11:15.168+0000] {processor.py:179} INFO - Processing /home/airflow/.local/lib/python3.8/site-packages/airflow/example_dags/example_external_task_marker_dag.py took 0.062 seconds
[2023-11-25T11:11:45.316+0000] {processor.py:157} INFO - Started process (PID=468) to work on /home/airflow/.local/lib/python3.8/site-packages/airflow/example_dags/example_external_task_marker_dag.py
[2023-11-25T11:11:45.317+0000] {processor.py:829} INFO - Processing file /home/airflow/.local/lib/python3.8/site-packages/airflow/example_dags/example_external_task_marker_dag.py for tasks to queue
[2023-11-25T11:11:45.319+0000] {logging_mixin.py:154} INFO - [2023-11-25T11:11:45.318+0000] {dagbag.py:536} INFO - Filling up the DagBag from /home/airflow/.local/lib/python3.8/site-packages/airflow/example_dags/example_external_task_marker_dag.py
[2023-11-25T11:11:45.324+0000] {processor.py:839} INFO - DAG(s) dict_keys(['example_external_task_marker_parent', 'example_external_task_marker_child']) retrieved from /home/airflow/.local/lib/python3.8/site-packages/airflow/example_dags/example_external_task_marker_dag.py
[2023-11-25T11:11:45.348+0000] {logging_mixin.py:154} INFO - [2023-11-25T11:11:45.348+0000] {dag.py:2941} INFO - Sync 2 DAGs
[2023-11-25T11:11:45.360+0000] {logging_mixin.py:154} INFO - [2023-11-25T11:11:45.360+0000] {dag.py:3722} INFO - Setting next_dagrun for example_external_task_marker_child to None, run_after=None
[2023-11-25T11:11:45.363+0000] {logging_mixin.py:154} INFO - [2023-11-25T11:11:45.363+0000] {dag.py:3722} INFO - Setting next_dagrun for example_external_task_marker_parent to None, run_after=None
[2023-11-25T11:11:45.376+0000] {processor.py:179} INFO - Processing /home/airflow/.local/lib/python3.8/site-packages/airflow/example_dags/example_external_task_marker_dag.py took 0.063 seconds
[2023-11-25T11:12:15.884+0000] {processor.py:157} INFO - Started process (PID=523) to work on /home/airflow/.local/lib/python3.8/site-packages/airflow/example_dags/example_external_task_marker_dag.py
[2023-11-25T11:12:15.886+0000] {processor.py:829} INFO - Processing file /home/airflow/.local/lib/python3.8/site-packages/airflow/example_dags/example_external_task_marker_dag.py for tasks to queue
[2023-11-25T11:12:15.888+0000] {logging_mixin.py:154} INFO - [2023-11-25T11:12:15.888+0000] {dagbag.py:536} INFO - Filling up the DagBag from /home/airflow/.local/lib/python3.8/site-packages/airflow/example_dags/example_external_task_marker_dag.py
[2023-11-25T11:12:15.898+0000] {processor.py:839} INFO - DAG(s) dict_keys(['example_external_task_marker_child', 'example_external_task_marker_parent']) retrieved from /home/airflow/.local/lib/python3.8/site-packages/airflow/example_dags/example_external_task_marker_dag.py
[2023-11-25T11:12:15.926+0000] {logging_mixin.py:154} INFO - [2023-11-25T11:12:15.926+0000] {dag.py:2941} INFO - Sync 2 DAGs
[2023-11-25T11:12:15.943+0000] {logging_mixin.py:154} INFO - [2023-11-25T11:12:15.943+0000] {dag.py:3722} INFO - Setting next_dagrun for example_external_task_marker_child to None, run_after=None
[2023-11-25T11:12:15.948+0000] {logging_mixin.py:154} INFO - [2023-11-25T11:12:15.948+0000] {dag.py:3722} INFO - Setting next_dagrun for example_external_task_marker_parent to None, run_after=None
[2023-11-25T11:12:15.972+0000] {processor.py:179} INFO - Processing /home/airflow/.local/lib/python3.8/site-packages/airflow/example_dags/example_external_task_marker_dag.py took 0.092 seconds
[2023-11-25T11:12:46.773+0000] {processor.py:157} INFO - Started process (PID=576) to work on /home/airflow/.local/lib/python3.8/site-packages/airflow/example_dags/example_external_task_marker_dag.py
[2023-11-25T11:12:46.774+0000] {processor.py:829} INFO - Processing file /home/airflow/.local/lib/python3.8/site-packages/airflow/example_dags/example_external_task_marker_dag.py for tasks to queue
[2023-11-25T11:12:46.777+0000] {logging_mixin.py:154} INFO - [2023-11-25T11:12:46.776+0000] {dagbag.py:536} INFO - Filling up the DagBag from /home/airflow/.local/lib/python3.8/site-packages/airflow/example_dags/example_external_task_marker_dag.py
[2023-11-25T11:12:46.784+0000] {processor.py:839} INFO - DAG(s) dict_keys(['example_external_task_marker_parent', 'example_external_task_marker_child']) retrieved from /home/airflow/.local/lib/python3.8/site-packages/airflow/example_dags/example_external_task_marker_dag.py
[2023-11-25T11:12:46.807+0000] {logging_mixin.py:154} INFO - [2023-11-25T11:12:46.807+0000] {dag.py:2941} INFO - Sync 2 DAGs
[2023-11-25T11:12:46.818+0000] {logging_mixin.py:154} INFO - [2023-11-25T11:12:46.818+0000] {dag.py:3722} INFO - Setting next_dagrun for example_external_task_marker_child to None, run_after=None
[2023-11-25T11:12:46.821+0000] {logging_mixin.py:154} INFO - [2023-11-25T11:12:46.821+0000] {dag.py:3722} INFO - Setting next_dagrun for example_external_task_marker_parent to None, run_after=None
[2023-11-25T11:12:46.835+0000] {processor.py:179} INFO - Processing /home/airflow/.local/lib/python3.8/site-packages/airflow/example_dags/example_external_task_marker_dag.py took 0.066 seconds
