[2023-11-25T10:23:21.658+0000] {processor.py:157} INFO - Started process (PID=65) to work on /home/airflow/.local/lib/python3.8/site-packages/airflow/example_dags/example_skip_dag.py
[2023-11-25T10:23:21.659+0000] {processor.py:829} INFO - Processing file /home/airflow/.local/lib/python3.8/site-packages/airflow/example_dags/example_skip_dag.py for tasks to queue
[2023-11-25T10:23:21.662+0000] {logging_mixin.py:154} INFO - [2023-11-25T10:23:21.661+0000] {dagbag.py:536} INFO - Filling up the DagBag from /home/airflow/.local/lib/python3.8/site-packages/airflow/example_dags/example_skip_dag.py
[2023-11-25T10:23:21.673+0000] {processor.py:839} INFO - DAG(s) dict_keys(['example_skip_dag']) retrieved from /home/airflow/.local/lib/python3.8/site-packages/airflow/example_dags/example_skip_dag.py
[2023-11-25T10:23:21.711+0000] {logging_mixin.py:154} INFO - [2023-11-25T10:23:21.710+0000] {dag.py:2941} INFO - Sync 1 DAGs
[2023-11-25T10:23:21.744+0000] {logging_mixin.py:154} INFO - [2023-11-25T10:23:21.743+0000] {dag.py:3722} INFO - Setting next_dagrun for example_skip_dag to 2023-11-24T10:23:21.743433+00:00, run_after=2023-11-25T10:23:21.743433+00:00
[2023-11-25T10:23:21.769+0000] {processor.py:179} INFO - Processing /home/airflow/.local/lib/python3.8/site-packages/airflow/example_dags/example_skip_dag.py took 0.116 seconds
[2023-11-25T10:23:52.149+0000] {processor.py:157} INFO - Started process (PID=119) to work on /home/airflow/.local/lib/python3.8/site-packages/airflow/example_dags/example_skip_dag.py
[2023-11-25T10:23:52.151+0000] {processor.py:829} INFO - Processing file /home/airflow/.local/lib/python3.8/site-packages/airflow/example_dags/example_skip_dag.py for tasks to queue
[2023-11-25T10:23:52.154+0000] {logging_mixin.py:154} INFO - [2023-11-25T10:23:52.154+0000] {dagbag.py:536} INFO - Filling up the DagBag from /home/airflow/.local/lib/python3.8/site-packages/airflow/example_dags/example_skip_dag.py
[2023-11-25T10:23:52.161+0000] {processor.py:839} INFO - DAG(s) dict_keys(['example_skip_dag']) retrieved from /home/airflow/.local/lib/python3.8/site-packages/airflow/example_dags/example_skip_dag.py
[2023-11-25T10:23:52.191+0000] {logging_mixin.py:154} INFO - [2023-11-25T10:23:52.191+0000] {dag.py:2941} INFO - Sync 1 DAGs
[2023-11-25T10:23:52.224+0000] {logging_mixin.py:154} INFO - [2023-11-25T10:23:52.224+0000] {dag.py:3722} INFO - Setting next_dagrun for example_skip_dag to 2023-11-24T10:23:52.223833+00:00, run_after=2023-11-25T10:23:52.223833+00:00
[2023-11-25T10:23:52.249+0000] {processor.py:179} INFO - Processing /home/airflow/.local/lib/python3.8/site-packages/airflow/example_dags/example_skip_dag.py took 0.104 seconds
[2023-11-25T10:24:22.774+0000] {processor.py:157} INFO - Started process (PID=173) to work on /home/airflow/.local/lib/python3.8/site-packages/airflow/example_dags/example_skip_dag.py
[2023-11-25T10:24:22.776+0000] {processor.py:829} INFO - Processing file /home/airflow/.local/lib/python3.8/site-packages/airflow/example_dags/example_skip_dag.py for tasks to queue
[2023-11-25T10:24:22.778+0000] {logging_mixin.py:154} INFO - [2023-11-25T10:24:22.778+0000] {dagbag.py:536} INFO - Filling up the DagBag from /home/airflow/.local/lib/python3.8/site-packages/airflow/example_dags/example_skip_dag.py
[2023-11-25T10:24:22.785+0000] {processor.py:839} INFO - DAG(s) dict_keys(['example_skip_dag']) retrieved from /home/airflow/.local/lib/python3.8/site-packages/airflow/example_dags/example_skip_dag.py
[2023-11-25T10:24:22.806+0000] {logging_mixin.py:154} INFO - [2023-11-25T10:24:22.806+0000] {dag.py:2941} INFO - Sync 1 DAGs
[2023-11-25T10:24:22.831+0000] {logging_mixin.py:154} INFO - [2023-11-25T10:24:22.831+0000] {dag.py:3722} INFO - Setting next_dagrun for example_skip_dag to 2023-11-24T10:24:22.830985+00:00, run_after=2023-11-25T10:24:22.830985+00:00
[2023-11-25T10:24:22.852+0000] {processor.py:179} INFO - Processing /home/airflow/.local/lib/python3.8/site-packages/airflow/example_dags/example_skip_dag.py took 0.081 seconds
[2023-11-25T10:24:52.912+0000] {processor.py:157} INFO - Started process (PID=227) to work on /home/airflow/.local/lib/python3.8/site-packages/airflow/example_dags/example_skip_dag.py
[2023-11-25T10:24:52.917+0000] {processor.py:829} INFO - Processing file /home/airflow/.local/lib/python3.8/site-packages/airflow/example_dags/example_skip_dag.py for tasks to queue
[2023-11-25T10:24:52.920+0000] {logging_mixin.py:154} INFO - [2023-11-25T10:24:52.920+0000] {dagbag.py:536} INFO - Filling up the DagBag from /home/airflow/.local/lib/python3.8/site-packages/airflow/example_dags/example_skip_dag.py
[2023-11-25T10:24:52.926+0000] {processor.py:839} INFO - DAG(s) dict_keys(['example_skip_dag']) retrieved from /home/airflow/.local/lib/python3.8/site-packages/airflow/example_dags/example_skip_dag.py
[2023-11-25T10:24:52.951+0000] {logging_mixin.py:154} INFO - [2023-11-25T10:24:52.951+0000] {dag.py:2941} INFO - Sync 1 DAGs
[2023-11-25T10:24:52.976+0000] {logging_mixin.py:154} INFO - [2023-11-25T10:24:52.975+0000] {dag.py:3722} INFO - Setting next_dagrun for example_skip_dag to 2023-11-24T10:24:52.975573+00:00, run_after=2023-11-25T10:24:52.975573+00:00
[2023-11-25T10:24:53.005+0000] {processor.py:179} INFO - Processing /home/airflow/.local/lib/python3.8/site-packages/airflow/example_dags/example_skip_dag.py took 0.096 seconds
[2023-11-25T10:25:23.492+0000] {processor.py:157} INFO - Started process (PID=281) to work on /home/airflow/.local/lib/python3.8/site-packages/airflow/example_dags/example_skip_dag.py
[2023-11-25T10:25:23.493+0000] {processor.py:829} INFO - Processing file /home/airflow/.local/lib/python3.8/site-packages/airflow/example_dags/example_skip_dag.py for tasks to queue
[2023-11-25T10:25:23.495+0000] {logging_mixin.py:154} INFO - [2023-11-25T10:25:23.495+0000] {dagbag.py:536} INFO - Filling up the DagBag from /home/airflow/.local/lib/python3.8/site-packages/airflow/example_dags/example_skip_dag.py
[2023-11-25T10:25:23.504+0000] {processor.py:839} INFO - DAG(s) dict_keys(['example_skip_dag']) retrieved from /home/airflow/.local/lib/python3.8/site-packages/airflow/example_dags/example_skip_dag.py
[2023-11-25T10:25:23.533+0000] {logging_mixin.py:154} INFO - [2023-11-25T10:25:23.533+0000] {dag.py:2941} INFO - Sync 1 DAGs
[2023-11-25T10:25:23.561+0000] {logging_mixin.py:154} INFO - [2023-11-25T10:25:23.561+0000] {dag.py:3722} INFO - Setting next_dagrun for example_skip_dag to 2023-11-24T10:25:23.561579+00:00, run_after=2023-11-25T10:25:23.561579+00:00
[2023-11-25T10:25:23.584+0000] {processor.py:179} INFO - Processing /home/airflow/.local/lib/python3.8/site-packages/airflow/example_dags/example_skip_dag.py took 0.097 seconds
[2023-11-25T10:25:54.012+0000] {processor.py:157} INFO - Started process (PID=335) to work on /home/airflow/.local/lib/python3.8/site-packages/airflow/example_dags/example_skip_dag.py
[2023-11-25T10:25:54.013+0000] {processor.py:829} INFO - Processing file /home/airflow/.local/lib/python3.8/site-packages/airflow/example_dags/example_skip_dag.py for tasks to queue
[2023-11-25T10:25:54.016+0000] {logging_mixin.py:154} INFO - [2023-11-25T10:25:54.015+0000] {dagbag.py:536} INFO - Filling up the DagBag from /home/airflow/.local/lib/python3.8/site-packages/airflow/example_dags/example_skip_dag.py
[2023-11-25T10:25:54.024+0000] {processor.py:839} INFO - DAG(s) dict_keys(['example_skip_dag']) retrieved from /home/airflow/.local/lib/python3.8/site-packages/airflow/example_dags/example_skip_dag.py
[2023-11-25T10:25:54.044+0000] {logging_mixin.py:154} INFO - [2023-11-25T10:25:54.044+0000] {dag.py:2941} INFO - Sync 1 DAGs
[2023-11-25T10:25:54.068+0000] {logging_mixin.py:154} INFO - [2023-11-25T10:25:54.068+0000] {dag.py:3722} INFO - Setting next_dagrun for example_skip_dag to 2023-11-24T10:25:54.067827+00:00, run_after=2023-11-25T10:25:54.067827+00:00
[2023-11-25T10:25:54.085+0000] {processor.py:179} INFO - Processing /home/airflow/.local/lib/python3.8/site-packages/airflow/example_dags/example_skip_dag.py took 0.077 seconds
[2023-11-25T10:26:24.599+0000] {processor.py:157} INFO - Started process (PID=389) to work on /home/airflow/.local/lib/python3.8/site-packages/airflow/example_dags/example_skip_dag.py
[2023-11-25T10:26:24.600+0000] {processor.py:829} INFO - Processing file /home/airflow/.local/lib/python3.8/site-packages/airflow/example_dags/example_skip_dag.py for tasks to queue
[2023-11-25T10:26:24.603+0000] {logging_mixin.py:154} INFO - [2023-11-25T10:26:24.603+0000] {dagbag.py:536} INFO - Filling up the DagBag from /home/airflow/.local/lib/python3.8/site-packages/airflow/example_dags/example_skip_dag.py
[2023-11-25T10:26:24.611+0000] {processor.py:839} INFO - DAG(s) dict_keys(['example_skip_dag']) retrieved from /home/airflow/.local/lib/python3.8/site-packages/airflow/example_dags/example_skip_dag.py
[2023-11-25T10:26:24.638+0000] {logging_mixin.py:154} INFO - [2023-11-25T10:26:24.638+0000] {dag.py:2941} INFO - Sync 1 DAGs
[2023-11-25T10:26:24.668+0000] {logging_mixin.py:154} INFO - [2023-11-25T10:26:24.668+0000] {dag.py:3722} INFO - Setting next_dagrun for example_skip_dag to 2023-11-24T10:26:24.668366+00:00, run_after=2023-11-25T10:26:24.668366+00:00
[2023-11-25T10:26:24.690+0000] {processor.py:179} INFO - Processing /home/airflow/.local/lib/python3.8/site-packages/airflow/example_dags/example_skip_dag.py took 0.097 seconds
[2023-11-25T10:26:55.161+0000] {processor.py:157} INFO - Started process (PID=443) to work on /home/airflow/.local/lib/python3.8/site-packages/airflow/example_dags/example_skip_dag.py
[2023-11-25T10:26:55.167+0000] {processor.py:829} INFO - Processing file /home/airflow/.local/lib/python3.8/site-packages/airflow/example_dags/example_skip_dag.py for tasks to queue
[2023-11-25T10:26:55.170+0000] {logging_mixin.py:154} INFO - [2023-11-25T10:26:55.170+0000] {dagbag.py:536} INFO - Filling up the DagBag from /home/airflow/.local/lib/python3.8/site-packages/airflow/example_dags/example_skip_dag.py
[2023-11-25T10:26:55.181+0000] {processor.py:839} INFO - DAG(s) dict_keys(['example_skip_dag']) retrieved from /home/airflow/.local/lib/python3.8/site-packages/airflow/example_dags/example_skip_dag.py
[2023-11-25T10:26:55.228+0000] {logging_mixin.py:154} INFO - [2023-11-25T10:26:55.228+0000] {dag.py:2941} INFO - Sync 1 DAGs
[2023-11-25T10:26:55.267+0000] {logging_mixin.py:154} INFO - [2023-11-25T10:26:55.267+0000] {dag.py:3722} INFO - Setting next_dagrun for example_skip_dag to 2023-11-24T10:26:55.267207+00:00, run_after=2023-11-25T10:26:55.267207+00:00
[2023-11-25T10:26:55.293+0000] {processor.py:179} INFO - Processing /home/airflow/.local/lib/python3.8/site-packages/airflow/example_dags/example_skip_dag.py took 0.136 seconds
[2023-11-25T10:27:25.732+0000] {processor.py:157} INFO - Started process (PID=497) to work on /home/airflow/.local/lib/python3.8/site-packages/airflow/example_dags/example_skip_dag.py
[2023-11-25T10:27:25.733+0000] {processor.py:829} INFO - Processing file /home/airflow/.local/lib/python3.8/site-packages/airflow/example_dags/example_skip_dag.py for tasks to queue
[2023-11-25T10:27:25.735+0000] {logging_mixin.py:154} INFO - [2023-11-25T10:27:25.735+0000] {dagbag.py:536} INFO - Filling up the DagBag from /home/airflow/.local/lib/python3.8/site-packages/airflow/example_dags/example_skip_dag.py
[2023-11-25T10:27:25.740+0000] {processor.py:839} INFO - DAG(s) dict_keys(['example_skip_dag']) retrieved from /home/airflow/.local/lib/python3.8/site-packages/airflow/example_dags/example_skip_dag.py
[2023-11-25T10:27:25.764+0000] {logging_mixin.py:154} INFO - [2023-11-25T10:27:25.764+0000] {dag.py:2941} INFO - Sync 1 DAGs
[2023-11-25T10:27:25.789+0000] {logging_mixin.py:154} INFO - [2023-11-25T10:27:25.789+0000] {dag.py:3722} INFO - Setting next_dagrun for example_skip_dag to 2023-11-24T10:27:25.789208+00:00, run_after=2023-11-25T10:27:25.789208+00:00
[2023-11-25T10:27:25.814+0000] {processor.py:179} INFO - Processing /home/airflow/.local/lib/python3.8/site-packages/airflow/example_dags/example_skip_dag.py took 0.085 seconds
[2023-11-25T10:27:56.799+0000] {processor.py:157} INFO - Started process (PID=557) to work on /home/airflow/.local/lib/python3.8/site-packages/airflow/example_dags/example_skip_dag.py
[2023-11-25T10:27:56.800+0000] {processor.py:829} INFO - Processing file /home/airflow/.local/lib/python3.8/site-packages/airflow/example_dags/example_skip_dag.py for tasks to queue
[2023-11-25T10:27:56.803+0000] {logging_mixin.py:154} INFO - [2023-11-25T10:27:56.802+0000] {dagbag.py:536} INFO - Filling up the DagBag from /home/airflow/.local/lib/python3.8/site-packages/airflow/example_dags/example_skip_dag.py
[2023-11-25T10:27:56.814+0000] {processor.py:839} INFO - DAG(s) dict_keys(['example_skip_dag']) retrieved from /home/airflow/.local/lib/python3.8/site-packages/airflow/example_dags/example_skip_dag.py
[2023-11-25T10:27:56.839+0000] {logging_mixin.py:154} INFO - [2023-11-25T10:27:56.839+0000] {dag.py:2941} INFO - Sync 1 DAGs
[2023-11-25T10:27:56.879+0000] {logging_mixin.py:154} INFO - [2023-11-25T10:27:56.878+0000] {dag.py:3722} INFO - Setting next_dagrun for example_skip_dag to 2023-11-24T10:27:56.878534+00:00, run_after=2023-11-25T10:27:56.878534+00:00
[2023-11-25T10:27:56.903+0000] {processor.py:179} INFO - Processing /home/airflow/.local/lib/python3.8/site-packages/airflow/example_dags/example_skip_dag.py took 0.108 seconds
[2023-11-25T10:28:27.567+0000] {processor.py:157} INFO - Started process (PID=610) to work on /home/airflow/.local/lib/python3.8/site-packages/airflow/example_dags/example_skip_dag.py
[2023-11-25T10:28:27.568+0000] {processor.py:829} INFO - Processing file /home/airflow/.local/lib/python3.8/site-packages/airflow/example_dags/example_skip_dag.py for tasks to queue
[2023-11-25T10:28:27.571+0000] {logging_mixin.py:154} INFO - [2023-11-25T10:28:27.571+0000] {dagbag.py:536} INFO - Filling up the DagBag from /home/airflow/.local/lib/python3.8/site-packages/airflow/example_dags/example_skip_dag.py
[2023-11-25T10:28:27.581+0000] {processor.py:839} INFO - DAG(s) dict_keys(['example_skip_dag']) retrieved from /home/airflow/.local/lib/python3.8/site-packages/airflow/example_dags/example_skip_dag.py
[2023-11-25T10:28:27.613+0000] {logging_mixin.py:154} INFO - [2023-11-25T10:28:27.613+0000] {dag.py:2941} INFO - Sync 1 DAGs
[2023-11-25T10:28:27.642+0000] {logging_mixin.py:154} INFO - [2023-11-25T10:28:27.641+0000] {dag.py:3722} INFO - Setting next_dagrun for example_skip_dag to 2023-11-24T10:28:27.641557+00:00, run_after=2023-11-25T10:28:27.641557+00:00
[2023-11-25T10:28:27.669+0000] {processor.py:179} INFO - Processing /home/airflow/.local/lib/python3.8/site-packages/airflow/example_dags/example_skip_dag.py took 0.104 seconds
[2023-11-25T10:28:57.854+0000] {processor.py:157} INFO - Started process (PID=664) to work on /home/airflow/.local/lib/python3.8/site-packages/airflow/example_dags/example_skip_dag.py
[2023-11-25T10:28:57.856+0000] {processor.py:829} INFO - Processing file /home/airflow/.local/lib/python3.8/site-packages/airflow/example_dags/example_skip_dag.py for tasks to queue
[2023-11-25T10:28:57.859+0000] {logging_mixin.py:154} INFO - [2023-11-25T10:28:57.859+0000] {dagbag.py:536} INFO - Filling up the DagBag from /home/airflow/.local/lib/python3.8/site-packages/airflow/example_dags/example_skip_dag.py
[2023-11-25T10:28:57.866+0000] {processor.py:839} INFO - DAG(s) dict_keys(['example_skip_dag']) retrieved from /home/airflow/.local/lib/python3.8/site-packages/airflow/example_dags/example_skip_dag.py
[2023-11-25T10:28:57.907+0000] {logging_mixin.py:154} INFO - [2023-11-25T10:28:57.907+0000] {dag.py:2941} INFO - Sync 1 DAGs
[2023-11-25T10:28:57.943+0000] {logging_mixin.py:154} INFO - [2023-11-25T10:28:57.942+0000] {dag.py:3722} INFO - Setting next_dagrun for example_skip_dag to 2023-11-24T10:28:57.942357+00:00, run_after=2023-11-25T10:28:57.942357+00:00
[2023-11-25T10:28:57.968+0000] {processor.py:179} INFO - Processing /home/airflow/.local/lib/python3.8/site-packages/airflow/example_dags/example_skip_dag.py took 0.118 seconds
[2023-11-25T10:29:28.789+0000] {processor.py:157} INFO - Started process (PID=718) to work on /home/airflow/.local/lib/python3.8/site-packages/airflow/example_dags/example_skip_dag.py
[2023-11-25T10:29:28.790+0000] {processor.py:829} INFO - Processing file /home/airflow/.local/lib/python3.8/site-packages/airflow/example_dags/example_skip_dag.py for tasks to queue
[2023-11-25T10:29:28.793+0000] {logging_mixin.py:154} INFO - [2023-11-25T10:29:28.792+0000] {dagbag.py:536} INFO - Filling up the DagBag from /home/airflow/.local/lib/python3.8/site-packages/airflow/example_dags/example_skip_dag.py
[2023-11-25T10:29:28.802+0000] {processor.py:839} INFO - DAG(s) dict_keys(['example_skip_dag']) retrieved from /home/airflow/.local/lib/python3.8/site-packages/airflow/example_dags/example_skip_dag.py
[2023-11-25T10:29:28.830+0000] {logging_mixin.py:154} INFO - [2023-11-25T10:29:28.830+0000] {dag.py:2941} INFO - Sync 1 DAGs
[2023-11-25T10:29:28.862+0000] {logging_mixin.py:154} INFO - [2023-11-25T10:29:28.862+0000] {dag.py:3722} INFO - Setting next_dagrun for example_skip_dag to 2023-11-24T10:29:28.862136+00:00, run_after=2023-11-25T10:29:28.862136+00:00
[2023-11-25T10:29:28.887+0000] {processor.py:179} INFO - Processing /home/airflow/.local/lib/python3.8/site-packages/airflow/example_dags/example_skip_dag.py took 0.103 seconds
[2023-11-25T10:29:59.011+0000] {processor.py:157} INFO - Started process (PID=772) to work on /home/airflow/.local/lib/python3.8/site-packages/airflow/example_dags/example_skip_dag.py
[2023-11-25T10:29:59.016+0000] {processor.py:829} INFO - Processing file /home/airflow/.local/lib/python3.8/site-packages/airflow/example_dags/example_skip_dag.py for tasks to queue
[2023-11-25T10:29:59.018+0000] {logging_mixin.py:154} INFO - [2023-11-25T10:29:59.018+0000] {dagbag.py:536} INFO - Filling up the DagBag from /home/airflow/.local/lib/python3.8/site-packages/airflow/example_dags/example_skip_dag.py
[2023-11-25T10:29:59.026+0000] {processor.py:839} INFO - DAG(s) dict_keys(['example_skip_dag']) retrieved from /home/airflow/.local/lib/python3.8/site-packages/airflow/example_dags/example_skip_dag.py
[2023-11-25T10:29:59.046+0000] {logging_mixin.py:154} INFO - [2023-11-25T10:29:59.046+0000] {dag.py:2941} INFO - Sync 1 DAGs
[2023-11-25T10:29:59.067+0000] {logging_mixin.py:154} INFO - [2023-11-25T10:29:59.067+0000] {dag.py:3722} INFO - Setting next_dagrun for example_skip_dag to 2023-11-24T10:29:59.066850+00:00, run_after=2023-11-25T10:29:59.066850+00:00
[2023-11-25T10:29:59.083+0000] {processor.py:179} INFO - Processing /home/airflow/.local/lib/python3.8/site-packages/airflow/example_dags/example_skip_dag.py took 0.075 seconds
[2023-11-25T10:30:29.530+0000] {processor.py:157} INFO - Started process (PID=826) to work on /home/airflow/.local/lib/python3.8/site-packages/airflow/example_dags/example_skip_dag.py
[2023-11-25T10:30:29.531+0000] {processor.py:829} INFO - Processing file /home/airflow/.local/lib/python3.8/site-packages/airflow/example_dags/example_skip_dag.py for tasks to queue
[2023-11-25T10:30:29.549+0000] {logging_mixin.py:154} INFO - [2023-11-25T10:30:29.548+0000] {dagbag.py:536} INFO - Filling up the DagBag from /home/airflow/.local/lib/python3.8/site-packages/airflow/example_dags/example_skip_dag.py
[2023-11-25T10:30:29.554+0000] {processor.py:839} INFO - DAG(s) dict_keys(['example_skip_dag']) retrieved from /home/airflow/.local/lib/python3.8/site-packages/airflow/example_dags/example_skip_dag.py
[2023-11-25T10:30:29.578+0000] {logging_mixin.py:154} INFO - [2023-11-25T10:30:29.578+0000] {dag.py:2941} INFO - Sync 1 DAGs
[2023-11-25T10:30:29.607+0000] {logging_mixin.py:154} INFO - [2023-11-25T10:30:29.607+0000] {dag.py:3722} INFO - Setting next_dagrun for example_skip_dag to 2023-11-24T10:30:29.607445+00:00, run_after=2023-11-25T10:30:29.607445+00:00
[2023-11-25T10:30:29.659+0000] {processor.py:179} INFO - Processing /home/airflow/.local/lib/python3.8/site-packages/airflow/example_dags/example_skip_dag.py took 0.132 seconds
[2023-11-25T10:31:00.148+0000] {processor.py:157} INFO - Started process (PID=880) to work on /home/airflow/.local/lib/python3.8/site-packages/airflow/example_dags/example_skip_dag.py
[2023-11-25T10:31:00.149+0000] {processor.py:829} INFO - Processing file /home/airflow/.local/lib/python3.8/site-packages/airflow/example_dags/example_skip_dag.py for tasks to queue
[2023-11-25T10:31:00.151+0000] {logging_mixin.py:154} INFO - [2023-11-25T10:31:00.151+0000] {dagbag.py:536} INFO - Filling up the DagBag from /home/airflow/.local/lib/python3.8/site-packages/airflow/example_dags/example_skip_dag.py
[2023-11-25T10:31:00.158+0000] {processor.py:839} INFO - DAG(s) dict_keys(['example_skip_dag']) retrieved from /home/airflow/.local/lib/python3.8/site-packages/airflow/example_dags/example_skip_dag.py
[2023-11-25T10:31:00.183+0000] {logging_mixin.py:154} INFO - [2023-11-25T10:31:00.183+0000] {dag.py:2941} INFO - Sync 1 DAGs
[2023-11-25T10:31:00.206+0000] {logging_mixin.py:154} INFO - [2023-11-25T10:31:00.205+0000] {dag.py:3722} INFO - Setting next_dagrun for example_skip_dag to 2023-11-24T10:31:00.205543+00:00, run_after=2023-11-25T10:31:00.205543+00:00
[2023-11-25T10:31:00.226+0000] {processor.py:179} INFO - Processing /home/airflow/.local/lib/python3.8/site-packages/airflow/example_dags/example_skip_dag.py took 0.081 seconds
[2023-11-25T10:31:30.435+0000] {processor.py:157} INFO - Started process (PID=933) to work on /home/airflow/.local/lib/python3.8/site-packages/airflow/example_dags/example_skip_dag.py
[2023-11-25T10:31:30.436+0000] {processor.py:829} INFO - Processing file /home/airflow/.local/lib/python3.8/site-packages/airflow/example_dags/example_skip_dag.py for tasks to queue
[2023-11-25T10:31:30.440+0000] {logging_mixin.py:154} INFO - [2023-11-25T10:31:30.440+0000] {dagbag.py:536} INFO - Filling up the DagBag from /home/airflow/.local/lib/python3.8/site-packages/airflow/example_dags/example_skip_dag.py
[2023-11-25T10:31:30.452+0000] {processor.py:839} INFO - DAG(s) dict_keys(['example_skip_dag']) retrieved from /home/airflow/.local/lib/python3.8/site-packages/airflow/example_dags/example_skip_dag.py
[2023-11-25T10:31:30.488+0000] {logging_mixin.py:154} INFO - [2023-11-25T10:31:30.488+0000] {dag.py:2941} INFO - Sync 1 DAGs
[2023-11-25T10:31:30.531+0000] {logging_mixin.py:154} INFO - [2023-11-25T10:31:30.530+0000] {dag.py:3722} INFO - Setting next_dagrun for example_skip_dag to 2023-11-24T10:31:30.530532+00:00, run_after=2023-11-25T10:31:30.530532+00:00
[2023-11-25T10:31:30.558+0000] {processor.py:179} INFO - Processing /home/airflow/.local/lib/python3.8/site-packages/airflow/example_dags/example_skip_dag.py took 0.128 seconds
[2023-11-25T10:32:01.040+0000] {processor.py:157} INFO - Started process (PID=987) to work on /home/airflow/.local/lib/python3.8/site-packages/airflow/example_dags/example_skip_dag.py
[2023-11-25T10:32:01.043+0000] {processor.py:829} INFO - Processing file /home/airflow/.local/lib/python3.8/site-packages/airflow/example_dags/example_skip_dag.py for tasks to queue
[2023-11-25T10:32:01.046+0000] {logging_mixin.py:154} INFO - [2023-11-25T10:32:01.045+0000] {dagbag.py:536} INFO - Filling up the DagBag from /home/airflow/.local/lib/python3.8/site-packages/airflow/example_dags/example_skip_dag.py
[2023-11-25T10:32:01.053+0000] {processor.py:839} INFO - DAG(s) dict_keys(['example_skip_dag']) retrieved from /home/airflow/.local/lib/python3.8/site-packages/airflow/example_dags/example_skip_dag.py
[2023-11-25T10:32:01.085+0000] {logging_mixin.py:154} INFO - [2023-11-25T10:32:01.085+0000] {dag.py:2941} INFO - Sync 1 DAGs
[2023-11-25T10:32:01.111+0000] {logging_mixin.py:154} INFO - [2023-11-25T10:32:01.111+0000] {dag.py:3722} INFO - Setting next_dagrun for example_skip_dag to 2023-11-24T10:32:01.111357+00:00, run_after=2023-11-25T10:32:01.111357+00:00
[2023-11-25T10:32:01.156+0000] {processor.py:179} INFO - Processing /home/airflow/.local/lib/python3.8/site-packages/airflow/example_dags/example_skip_dag.py took 0.119 seconds
[2023-11-25T10:32:31.311+0000] {processor.py:157} INFO - Started process (PID=1041) to work on /home/airflow/.local/lib/python3.8/site-packages/airflow/example_dags/example_skip_dag.py
[2023-11-25T10:32:31.311+0000] {processor.py:829} INFO - Processing file /home/airflow/.local/lib/python3.8/site-packages/airflow/example_dags/example_skip_dag.py for tasks to queue
[2023-11-25T10:32:31.314+0000] {logging_mixin.py:154} INFO - [2023-11-25T10:32:31.314+0000] {dagbag.py:536} INFO - Filling up the DagBag from /home/airflow/.local/lib/python3.8/site-packages/airflow/example_dags/example_skip_dag.py
[2023-11-25T10:32:31.320+0000] {processor.py:839} INFO - DAG(s) dict_keys(['example_skip_dag']) retrieved from /home/airflow/.local/lib/python3.8/site-packages/airflow/example_dags/example_skip_dag.py
[2023-11-25T10:32:31.345+0000] {logging_mixin.py:154} INFO - [2023-11-25T10:32:31.345+0000] {dag.py:2941} INFO - Sync 1 DAGs
[2023-11-25T10:32:31.374+0000] {logging_mixin.py:154} INFO - [2023-11-25T10:32:31.374+0000] {dag.py:3722} INFO - Setting next_dagrun for example_skip_dag to 2023-11-24T10:32:31.373982+00:00, run_after=2023-11-25T10:32:31.373982+00:00
[2023-11-25T10:32:31.398+0000] {processor.py:179} INFO - Processing /home/airflow/.local/lib/python3.8/site-packages/airflow/example_dags/example_skip_dag.py took 0.092 seconds
[2023-11-25T10:33:03.065+0000] {processor.py:157} INFO - Started process (PID=1095) to work on /home/airflow/.local/lib/python3.8/site-packages/airflow/example_dags/example_skip_dag.py
[2023-11-25T10:33:03.066+0000] {processor.py:829} INFO - Processing file /home/airflow/.local/lib/python3.8/site-packages/airflow/example_dags/example_skip_dag.py for tasks to queue
[2023-11-25T10:33:03.070+0000] {logging_mixin.py:154} INFO - [2023-11-25T10:33:03.070+0000] {dagbag.py:536} INFO - Filling up the DagBag from /home/airflow/.local/lib/python3.8/site-packages/airflow/example_dags/example_skip_dag.py
[2023-11-25T10:33:03.081+0000] {processor.py:839} INFO - DAG(s) dict_keys(['example_skip_dag']) retrieved from /home/airflow/.local/lib/python3.8/site-packages/airflow/example_dags/example_skip_dag.py
[2023-11-25T10:33:03.107+0000] {logging_mixin.py:154} INFO - [2023-11-25T10:33:03.107+0000] {dag.py:2941} INFO - Sync 1 DAGs
[2023-11-25T10:33:03.302+0000] {logging_mixin.py:154} INFO - [2023-11-25T10:33:03.302+0000] {dag.py:3722} INFO - Setting next_dagrun for example_skip_dag to 2023-11-24T10:33:03.301943+00:00, run_after=2023-11-25T10:33:03.301943+00:00
[2023-11-25T10:33:03.334+0000] {processor.py:179} INFO - Processing /home/airflow/.local/lib/python3.8/site-packages/airflow/example_dags/example_skip_dag.py took 0.273 seconds
[2023-11-25T10:33:33.396+0000] {processor.py:157} INFO - Started process (PID=1149) to work on /home/airflow/.local/lib/python3.8/site-packages/airflow/example_dags/example_skip_dag.py
[2023-11-25T10:33:33.397+0000] {processor.py:829} INFO - Processing file /home/airflow/.local/lib/python3.8/site-packages/airflow/example_dags/example_skip_dag.py for tasks to queue
[2023-11-25T10:33:33.399+0000] {logging_mixin.py:154} INFO - [2023-11-25T10:33:33.399+0000] {dagbag.py:536} INFO - Filling up the DagBag from /home/airflow/.local/lib/python3.8/site-packages/airflow/example_dags/example_skip_dag.py
[2023-11-25T10:33:33.408+0000] {processor.py:839} INFO - DAG(s) dict_keys(['example_skip_dag']) retrieved from /home/airflow/.local/lib/python3.8/site-packages/airflow/example_dags/example_skip_dag.py
[2023-11-25T10:33:33.433+0000] {logging_mixin.py:154} INFO - [2023-11-25T10:33:33.432+0000] {dag.py:2941} INFO - Sync 1 DAGs
[2023-11-25T10:33:33.460+0000] {logging_mixin.py:154} INFO - [2023-11-25T10:33:33.460+0000] {dag.py:3722} INFO - Setting next_dagrun for example_skip_dag to 2023-11-24T10:33:33.459912+00:00, run_after=2023-11-25T10:33:33.459912+00:00
[2023-11-25T10:33:33.482+0000] {processor.py:179} INFO - Processing /home/airflow/.local/lib/python3.8/site-packages/airflow/example_dags/example_skip_dag.py took 0.089 seconds
[2023-11-25T10:34:04.358+0000] {processor.py:157} INFO - Started process (PID=1202) to work on /home/airflow/.local/lib/python3.8/site-packages/airflow/example_dags/example_skip_dag.py
[2023-11-25T10:34:04.358+0000] {processor.py:829} INFO - Processing file /home/airflow/.local/lib/python3.8/site-packages/airflow/example_dags/example_skip_dag.py for tasks to queue
[2023-11-25T10:34:04.361+0000] {logging_mixin.py:154} INFO - [2023-11-25T10:34:04.361+0000] {dagbag.py:536} INFO - Filling up the DagBag from /home/airflow/.local/lib/python3.8/site-packages/airflow/example_dags/example_skip_dag.py
[2023-11-25T10:34:04.366+0000] {processor.py:839} INFO - DAG(s) dict_keys(['example_skip_dag']) retrieved from /home/airflow/.local/lib/python3.8/site-packages/airflow/example_dags/example_skip_dag.py
[2023-11-25T10:34:04.386+0000] {logging_mixin.py:154} INFO - [2023-11-25T10:34:04.386+0000] {dag.py:2941} INFO - Sync 1 DAGs
[2023-11-25T10:34:04.408+0000] {logging_mixin.py:154} INFO - [2023-11-25T10:34:04.408+0000] {dag.py:3722} INFO - Setting next_dagrun for example_skip_dag to 2023-11-24T10:34:04.408360+00:00, run_after=2023-11-25T10:34:04.408360+00:00
[2023-11-25T10:34:04.436+0000] {processor.py:179} INFO - Processing /home/airflow/.local/lib/python3.8/site-packages/airflow/example_dags/example_skip_dag.py took 0.081 seconds
[2023-11-25T10:34:35.838+0000] {processor.py:157} INFO - Started process (PID=1256) to work on /home/airflow/.local/lib/python3.8/site-packages/airflow/example_dags/example_skip_dag.py
[2023-11-25T10:34:35.839+0000] {processor.py:829} INFO - Processing file /home/airflow/.local/lib/python3.8/site-packages/airflow/example_dags/example_skip_dag.py for tasks to queue
[2023-11-25T10:34:35.841+0000] {logging_mixin.py:154} INFO - [2023-11-25T10:34:35.841+0000] {dagbag.py:536} INFO - Filling up the DagBag from /home/airflow/.local/lib/python3.8/site-packages/airflow/example_dags/example_skip_dag.py
[2023-11-25T10:34:35.849+0000] {processor.py:839} INFO - DAG(s) dict_keys(['example_skip_dag']) retrieved from /home/airflow/.local/lib/python3.8/site-packages/airflow/example_dags/example_skip_dag.py
[2023-11-25T10:34:35.874+0000] {logging_mixin.py:154} INFO - [2023-11-25T10:34:35.873+0000] {dag.py:2941} INFO - Sync 1 DAGs
[2023-11-25T10:34:36.067+0000] {logging_mixin.py:154} INFO - [2023-11-25T10:34:36.067+0000] {dag.py:3722} INFO - Setting next_dagrun for example_skip_dag to 2023-11-24T10:34:36.067451+00:00, run_after=2023-11-25T10:34:36.067451+00:00
[2023-11-25T10:34:36.093+0000] {processor.py:179} INFO - Processing /home/airflow/.local/lib/python3.8/site-packages/airflow/example_dags/example_skip_dag.py took 0.257 seconds
[2023-11-25T10:35:06.834+0000] {processor.py:157} INFO - Started process (PID=1310) to work on /home/airflow/.local/lib/python3.8/site-packages/airflow/example_dags/example_skip_dag.py
[2023-11-25T10:35:06.835+0000] {processor.py:829} INFO - Processing file /home/airflow/.local/lib/python3.8/site-packages/airflow/example_dags/example_skip_dag.py for tasks to queue
[2023-11-25T10:35:06.837+0000] {logging_mixin.py:154} INFO - [2023-11-25T10:35:06.837+0000] {dagbag.py:536} INFO - Filling up the DagBag from /home/airflow/.local/lib/python3.8/site-packages/airflow/example_dags/example_skip_dag.py
[2023-11-25T10:35:06.846+0000] {processor.py:839} INFO - DAG(s) dict_keys(['example_skip_dag']) retrieved from /home/airflow/.local/lib/python3.8/site-packages/airflow/example_dags/example_skip_dag.py
[2023-11-25T10:35:06.871+0000] {logging_mixin.py:154} INFO - [2023-11-25T10:35:06.871+0000] {dag.py:2941} INFO - Sync 1 DAGs
[2023-11-25T10:35:06.911+0000] {logging_mixin.py:154} INFO - [2023-11-25T10:35:06.910+0000] {dag.py:3722} INFO - Setting next_dagrun for example_skip_dag to 2023-11-24T10:35:06.910309+00:00, run_after=2023-11-25T10:35:06.910309+00:00
[2023-11-25T10:35:06.971+0000] {processor.py:179} INFO - Processing /home/airflow/.local/lib/python3.8/site-packages/airflow/example_dags/example_skip_dag.py took 0.141 seconds
[2023-11-25T10:35:37.443+0000] {processor.py:157} INFO - Started process (PID=1364) to work on /home/airflow/.local/lib/python3.8/site-packages/airflow/example_dags/example_skip_dag.py
[2023-11-25T10:35:37.444+0000] {processor.py:829} INFO - Processing file /home/airflow/.local/lib/python3.8/site-packages/airflow/example_dags/example_skip_dag.py for tasks to queue
[2023-11-25T10:35:37.447+0000] {logging_mixin.py:154} INFO - [2023-11-25T10:35:37.447+0000] {dagbag.py:536} INFO - Filling up the DagBag from /home/airflow/.local/lib/python3.8/site-packages/airflow/example_dags/example_skip_dag.py
[2023-11-25T10:35:37.457+0000] {processor.py:839} INFO - DAG(s) dict_keys(['example_skip_dag']) retrieved from /home/airflow/.local/lib/python3.8/site-packages/airflow/example_dags/example_skip_dag.py
[2023-11-25T10:35:37.521+0000] {logging_mixin.py:154} INFO - [2023-11-25T10:35:37.521+0000] {dag.py:2941} INFO - Sync 1 DAGs
[2023-11-25T10:35:37.750+0000] {logging_mixin.py:154} INFO - [2023-11-25T10:35:37.750+0000] {dag.py:3722} INFO - Setting next_dagrun for example_skip_dag to 2023-11-24T10:35:37.750392+00:00, run_after=2023-11-25T10:35:37.750392+00:00
[2023-11-25T10:35:37.793+0000] {processor.py:179} INFO - Processing /home/airflow/.local/lib/python3.8/site-packages/airflow/example_dags/example_skip_dag.py took 0.355 seconds
[2023-11-25T10:36:07.825+0000] {processor.py:157} INFO - Started process (PID=1418) to work on /home/airflow/.local/lib/python3.8/site-packages/airflow/example_dags/example_skip_dag.py
[2023-11-25T10:36:07.827+0000] {processor.py:829} INFO - Processing file /home/airflow/.local/lib/python3.8/site-packages/airflow/example_dags/example_skip_dag.py for tasks to queue
[2023-11-25T10:36:07.830+0000] {logging_mixin.py:154} INFO - [2023-11-25T10:36:07.829+0000] {dagbag.py:536} INFO - Filling up the DagBag from /home/airflow/.local/lib/python3.8/site-packages/airflow/example_dags/example_skip_dag.py
[2023-11-25T10:36:07.838+0000] {processor.py:839} INFO - DAG(s) dict_keys(['example_skip_dag']) retrieved from /home/airflow/.local/lib/python3.8/site-packages/airflow/example_dags/example_skip_dag.py
[2023-11-25T10:36:07.864+0000] {logging_mixin.py:154} INFO - [2023-11-25T10:36:07.864+0000] {dag.py:2941} INFO - Sync 1 DAGs
[2023-11-25T10:36:07.893+0000] {logging_mixin.py:154} INFO - [2023-11-25T10:36:07.893+0000] {dag.py:3722} INFO - Setting next_dagrun for example_skip_dag to 2023-11-24T10:36:07.893142+00:00, run_after=2023-11-25T10:36:07.893142+00:00
[2023-11-25T10:36:08.026+0000] {processor.py:179} INFO - Processing /home/airflow/.local/lib/python3.8/site-packages/airflow/example_dags/example_skip_dag.py took 0.204 seconds
[2023-11-25T10:36:38.397+0000] {processor.py:157} INFO - Started process (PID=1472) to work on /home/airflow/.local/lib/python3.8/site-packages/airflow/example_dags/example_skip_dag.py
[2023-11-25T10:36:38.397+0000] {processor.py:829} INFO - Processing file /home/airflow/.local/lib/python3.8/site-packages/airflow/example_dags/example_skip_dag.py for tasks to queue
[2023-11-25T10:36:38.400+0000] {logging_mixin.py:154} INFO - [2023-11-25T10:36:38.399+0000] {dagbag.py:536} INFO - Filling up the DagBag from /home/airflow/.local/lib/python3.8/site-packages/airflow/example_dags/example_skip_dag.py
[2023-11-25T10:36:38.406+0000] {processor.py:839} INFO - DAG(s) dict_keys(['example_skip_dag']) retrieved from /home/airflow/.local/lib/python3.8/site-packages/airflow/example_dags/example_skip_dag.py
[2023-11-25T10:36:38.435+0000] {logging_mixin.py:154} INFO - [2023-11-25T10:36:38.434+0000] {dag.py:2941} INFO - Sync 1 DAGs
[2023-11-25T10:36:38.465+0000] {logging_mixin.py:154} INFO - [2023-11-25T10:36:38.465+0000] {dag.py:3722} INFO - Setting next_dagrun for example_skip_dag to 2023-11-24T10:36:38.465252+00:00, run_after=2023-11-25T10:36:38.465252+00:00
[2023-11-25T10:36:38.493+0000] {processor.py:179} INFO - Processing /home/airflow/.local/lib/python3.8/site-packages/airflow/example_dags/example_skip_dag.py took 0.100 seconds
[2023-11-25T10:37:08.832+0000] {processor.py:157} INFO - Started process (PID=1525) to work on /home/airflow/.local/lib/python3.8/site-packages/airflow/example_dags/example_skip_dag.py
[2023-11-25T10:37:08.832+0000] {processor.py:829} INFO - Processing file /home/airflow/.local/lib/python3.8/site-packages/airflow/example_dags/example_skip_dag.py for tasks to queue
[2023-11-25T10:37:08.835+0000] {logging_mixin.py:154} INFO - [2023-11-25T10:37:08.835+0000] {dagbag.py:536} INFO - Filling up the DagBag from /home/airflow/.local/lib/python3.8/site-packages/airflow/example_dags/example_skip_dag.py
[2023-11-25T10:37:08.843+0000] {processor.py:839} INFO - DAG(s) dict_keys(['example_skip_dag']) retrieved from /home/airflow/.local/lib/python3.8/site-packages/airflow/example_dags/example_skip_dag.py
[2023-11-25T10:37:08.866+0000] {logging_mixin.py:154} INFO - [2023-11-25T10:37:08.866+0000] {dag.py:2941} INFO - Sync 1 DAGs
[2023-11-25T10:37:09.044+0000] {logging_mixin.py:154} INFO - [2023-11-25T10:37:09.044+0000] {dag.py:3722} INFO - Setting next_dagrun for example_skip_dag to 2023-11-24T10:37:09.043799+00:00, run_after=2023-11-25T10:37:09.043799+00:00
[2023-11-25T10:37:09.068+0000] {processor.py:179} INFO - Processing /home/airflow/.local/lib/python3.8/site-packages/airflow/example_dags/example_skip_dag.py took 0.240 seconds
[2023-11-25T10:37:39.492+0000] {processor.py:157} INFO - Started process (PID=1579) to work on /home/airflow/.local/lib/python3.8/site-packages/airflow/example_dags/example_skip_dag.py
[2023-11-25T10:37:39.493+0000] {processor.py:829} INFO - Processing file /home/airflow/.local/lib/python3.8/site-packages/airflow/example_dags/example_skip_dag.py for tasks to queue
[2023-11-25T10:37:39.496+0000] {logging_mixin.py:154} INFO - [2023-11-25T10:37:39.496+0000] {dagbag.py:536} INFO - Filling up the DagBag from /home/airflow/.local/lib/python3.8/site-packages/airflow/example_dags/example_skip_dag.py
[2023-11-25T10:37:39.504+0000] {processor.py:839} INFO - DAG(s) dict_keys(['example_skip_dag']) retrieved from /home/airflow/.local/lib/python3.8/site-packages/airflow/example_dags/example_skip_dag.py
[2023-11-25T10:37:39.533+0000] {logging_mixin.py:154} INFO - [2023-11-25T10:37:39.533+0000] {dag.py:2941} INFO - Sync 1 DAGs
[2023-11-25T10:37:39.557+0000] {logging_mixin.py:154} INFO - [2023-11-25T10:37:39.557+0000] {dag.py:3722} INFO - Setting next_dagrun for example_skip_dag to 2023-11-24T10:37:39.556946+00:00, run_after=2023-11-25T10:37:39.556946+00:00
[2023-11-25T10:37:39.584+0000] {processor.py:179} INFO - Processing /home/airflow/.local/lib/python3.8/site-packages/airflow/example_dags/example_skip_dag.py took 0.096 seconds
[2023-11-25T10:38:09.869+0000] {processor.py:157} INFO - Started process (PID=1633) to work on /home/airflow/.local/lib/python3.8/site-packages/airflow/example_dags/example_skip_dag.py
[2023-11-25T10:38:09.872+0000] {processor.py:829} INFO - Processing file /home/airflow/.local/lib/python3.8/site-packages/airflow/example_dags/example_skip_dag.py for tasks to queue
[2023-11-25T10:38:09.875+0000] {logging_mixin.py:154} INFO - [2023-11-25T10:38:09.875+0000] {dagbag.py:536} INFO - Filling up the DagBag from /home/airflow/.local/lib/python3.8/site-packages/airflow/example_dags/example_skip_dag.py
[2023-11-25T10:38:09.884+0000] {processor.py:839} INFO - DAG(s) dict_keys(['example_skip_dag']) retrieved from /home/airflow/.local/lib/python3.8/site-packages/airflow/example_dags/example_skip_dag.py
[2023-11-25T10:38:09.917+0000] {logging_mixin.py:154} INFO - [2023-11-25T10:38:09.917+0000] {dag.py:2941} INFO - Sync 1 DAGs
[2023-11-25T10:38:09.951+0000] {logging_mixin.py:154} INFO - [2023-11-25T10:38:09.951+0000] {dag.py:3722} INFO - Setting next_dagrun for example_skip_dag to 2023-11-24T10:38:09.951176+00:00, run_after=2023-11-25T10:38:09.951176+00:00
[2023-11-25T10:38:09.981+0000] {processor.py:179} INFO - Processing /home/airflow/.local/lib/python3.8/site-packages/airflow/example_dags/example_skip_dag.py took 0.117 seconds
[2023-11-25T10:38:40.180+0000] {processor.py:157} INFO - Started process (PID=1687) to work on /home/airflow/.local/lib/python3.8/site-packages/airflow/example_dags/example_skip_dag.py
[2023-11-25T10:38:40.180+0000] {processor.py:829} INFO - Processing file /home/airflow/.local/lib/python3.8/site-packages/airflow/example_dags/example_skip_dag.py for tasks to queue
[2023-11-25T10:38:40.183+0000] {logging_mixin.py:154} INFO - [2023-11-25T10:38:40.182+0000] {dagbag.py:536} INFO - Filling up the DagBag from /home/airflow/.local/lib/python3.8/site-packages/airflow/example_dags/example_skip_dag.py
[2023-11-25T10:38:40.189+0000] {processor.py:839} INFO - DAG(s) dict_keys(['example_skip_dag']) retrieved from /home/airflow/.local/lib/python3.8/site-packages/airflow/example_dags/example_skip_dag.py
[2023-11-25T10:38:40.210+0000] {logging_mixin.py:154} INFO - [2023-11-25T10:38:40.209+0000] {dag.py:2941} INFO - Sync 1 DAGs
[2023-11-25T10:38:40.231+0000] {logging_mixin.py:154} INFO - [2023-11-25T10:38:40.231+0000] {dag.py:3722} INFO - Setting next_dagrun for example_skip_dag to 2023-11-24T10:38:40.231181+00:00, run_after=2023-11-25T10:38:40.231181+00:00
[2023-11-25T10:38:40.246+0000] {processor.py:179} INFO - Processing /home/airflow/.local/lib/python3.8/site-packages/airflow/example_dags/example_skip_dag.py took 0.069 seconds
[2023-11-25T10:39:10.481+0000] {processor.py:157} INFO - Started process (PID=1741) to work on /home/airflow/.local/lib/python3.8/site-packages/airflow/example_dags/example_skip_dag.py
[2023-11-25T10:39:10.488+0000] {processor.py:829} INFO - Processing file /home/airflow/.local/lib/python3.8/site-packages/airflow/example_dags/example_skip_dag.py for tasks to queue
[2023-11-25T10:39:10.492+0000] {logging_mixin.py:154} INFO - [2023-11-25T10:39:10.491+0000] {dagbag.py:536} INFO - Filling up the DagBag from /home/airflow/.local/lib/python3.8/site-packages/airflow/example_dags/example_skip_dag.py
[2023-11-25T10:39:10.501+0000] {processor.py:839} INFO - DAG(s) dict_keys(['example_skip_dag']) retrieved from /home/airflow/.local/lib/python3.8/site-packages/airflow/example_dags/example_skip_dag.py
[2023-11-25T10:39:10.540+0000] {logging_mixin.py:154} INFO - [2023-11-25T10:39:10.540+0000] {dag.py:2941} INFO - Sync 1 DAGs
[2023-11-25T10:39:10.575+0000] {logging_mixin.py:154} INFO - [2023-11-25T10:39:10.575+0000] {dag.py:3722} INFO - Setting next_dagrun for example_skip_dag to 2023-11-24T10:39:10.575131+00:00, run_after=2023-11-25T10:39:10.575131+00:00
[2023-11-25T10:39:10.606+0000] {processor.py:179} INFO - Processing /home/airflow/.local/lib/python3.8/site-packages/airflow/example_dags/example_skip_dag.py took 0.130 seconds
[2023-11-25T10:39:40.769+0000] {processor.py:157} INFO - Started process (PID=1795) to work on /home/airflow/.local/lib/python3.8/site-packages/airflow/example_dags/example_skip_dag.py
[2023-11-25T10:39:40.770+0000] {processor.py:829} INFO - Processing file /home/airflow/.local/lib/python3.8/site-packages/airflow/example_dags/example_skip_dag.py for tasks to queue
[2023-11-25T10:39:40.773+0000] {logging_mixin.py:154} INFO - [2023-11-25T10:39:40.772+0000] {dagbag.py:536} INFO - Filling up the DagBag from /home/airflow/.local/lib/python3.8/site-packages/airflow/example_dags/example_skip_dag.py
[2023-11-25T10:39:40.778+0000] {processor.py:839} INFO - DAG(s) dict_keys(['example_skip_dag']) retrieved from /home/airflow/.local/lib/python3.8/site-packages/airflow/example_dags/example_skip_dag.py
[2023-11-25T10:39:40.801+0000] {logging_mixin.py:154} INFO - [2023-11-25T10:39:40.801+0000] {dag.py:2941} INFO - Sync 1 DAGs
[2023-11-25T10:39:40.823+0000] {logging_mixin.py:154} INFO - [2023-11-25T10:39:40.822+0000] {dag.py:3722} INFO - Setting next_dagrun for example_skip_dag to 2023-11-24T10:39:40.822791+00:00, run_after=2023-11-25T10:39:40.822791+00:00
[2023-11-25T10:39:40.841+0000] {processor.py:179} INFO - Processing /home/airflow/.local/lib/python3.8/site-packages/airflow/example_dags/example_skip_dag.py took 0.074 seconds
[2023-11-25T11:05:07.253+0000] {processor.py:157} INFO - Started process (PID=64) to work on /home/airflow/.local/lib/python3.8/site-packages/airflow/example_dags/example_skip_dag.py
[2023-11-25T11:05:07.254+0000] {processor.py:829} INFO - Processing file /home/airflow/.local/lib/python3.8/site-packages/airflow/example_dags/example_skip_dag.py for tasks to queue
[2023-11-25T11:05:07.259+0000] {logging_mixin.py:154} INFO - [2023-11-25T11:05:07.259+0000] {dagbag.py:536} INFO - Filling up the DagBag from /home/airflow/.local/lib/python3.8/site-packages/airflow/example_dags/example_skip_dag.py
[2023-11-25T11:05:07.268+0000] {processor.py:839} INFO - DAG(s) dict_keys(['example_skip_dag']) retrieved from /home/airflow/.local/lib/python3.8/site-packages/airflow/example_dags/example_skip_dag.py
[2023-11-25T11:05:07.286+0000] {logging_mixin.py:154} INFO - [2023-11-25T11:05:07.286+0000] {dag.py:2941} INFO - Sync 1 DAGs
[2023-11-25T11:05:07.319+0000] {logging_mixin.py:154} INFO - [2023-11-25T11:05:07.318+0000] {dag.py:3722} INFO - Setting next_dagrun for example_skip_dag to 2023-11-24T11:05:07.318450+00:00, run_after=2023-11-25T11:05:07.318450+00:00
[2023-11-25T11:05:07.339+0000] {processor.py:179} INFO - Processing /home/airflow/.local/lib/python3.8/site-packages/airflow/example_dags/example_skip_dag.py took 0.091 seconds
[2023-11-25T11:05:37.598+0000] {processor.py:157} INFO - Started process (PID=118) to work on /home/airflow/.local/lib/python3.8/site-packages/airflow/example_dags/example_skip_dag.py
[2023-11-25T11:05:37.599+0000] {processor.py:829} INFO - Processing file /home/airflow/.local/lib/python3.8/site-packages/airflow/example_dags/example_skip_dag.py for tasks to queue
[2023-11-25T11:05:37.603+0000] {logging_mixin.py:154} INFO - [2023-11-25T11:05:37.602+0000] {dagbag.py:536} INFO - Filling up the DagBag from /home/airflow/.local/lib/python3.8/site-packages/airflow/example_dags/example_skip_dag.py
[2023-11-25T11:05:37.610+0000] {processor.py:839} INFO - DAG(s) dict_keys(['example_skip_dag']) retrieved from /home/airflow/.local/lib/python3.8/site-packages/airflow/example_dags/example_skip_dag.py
[2023-11-25T11:05:37.637+0000] {logging_mixin.py:154} INFO - [2023-11-25T11:05:37.636+0000] {dag.py:2941} INFO - Sync 1 DAGs
[2023-11-25T11:05:37.670+0000] {logging_mixin.py:154} INFO - [2023-11-25T11:05:37.669+0000] {dag.py:3722} INFO - Setting next_dagrun for example_skip_dag to 2023-11-24T11:05:37.669370+00:00, run_after=2023-11-25T11:05:37.669370+00:00
[2023-11-25T11:05:37.703+0000] {processor.py:179} INFO - Processing /home/airflow/.local/lib/python3.8/site-packages/airflow/example_dags/example_skip_dag.py took 0.109 seconds
[2023-11-25T11:06:08.643+0000] {processor.py:157} INFO - Started process (PID=172) to work on /home/airflow/.local/lib/python3.8/site-packages/airflow/example_dags/example_skip_dag.py
[2023-11-25T11:06:08.643+0000] {processor.py:829} INFO - Processing file /home/airflow/.local/lib/python3.8/site-packages/airflow/example_dags/example_skip_dag.py for tasks to queue
[2023-11-25T11:06:08.645+0000] {logging_mixin.py:154} INFO - [2023-11-25T11:06:08.645+0000] {dagbag.py:536} INFO - Filling up the DagBag from /home/airflow/.local/lib/python3.8/site-packages/airflow/example_dags/example_skip_dag.py
[2023-11-25T11:06:08.651+0000] {processor.py:839} INFO - DAG(s) dict_keys(['example_skip_dag']) retrieved from /home/airflow/.local/lib/python3.8/site-packages/airflow/example_dags/example_skip_dag.py
[2023-11-25T11:06:08.675+0000] {logging_mixin.py:154} INFO - [2023-11-25T11:06:08.675+0000] {dag.py:2941} INFO - Sync 1 DAGs
[2023-11-25T11:06:08.706+0000] {logging_mixin.py:154} INFO - [2023-11-25T11:06:08.706+0000] {dag.py:3722} INFO - Setting next_dagrun for example_skip_dag to 2023-11-24T11:06:08.706146+00:00, run_after=2023-11-25T11:06:08.706146+00:00
[2023-11-25T11:06:08.745+0000] {processor.py:179} INFO - Processing /home/airflow/.local/lib/python3.8/site-packages/airflow/example_dags/example_skip_dag.py took 0.105 seconds
[2023-11-25T11:07:43.218+0000] {processor.py:157} INFO - Started process (PID=64) to work on /home/airflow/.local/lib/python3.8/site-packages/airflow/example_dags/example_skip_dag.py
[2023-11-25T11:07:43.219+0000] {processor.py:829} INFO - Processing file /home/airflow/.local/lib/python3.8/site-packages/airflow/example_dags/example_skip_dag.py for tasks to queue
[2023-11-25T11:07:43.223+0000] {logging_mixin.py:154} INFO - [2023-11-25T11:07:43.223+0000] {dagbag.py:536} INFO - Filling up the DagBag from /home/airflow/.local/lib/python3.8/site-packages/airflow/example_dags/example_skip_dag.py
[2023-11-25T11:07:43.231+0000] {processor.py:839} INFO - DAG(s) dict_keys(['example_skip_dag']) retrieved from /home/airflow/.local/lib/python3.8/site-packages/airflow/example_dags/example_skip_dag.py
[2023-11-25T11:07:43.261+0000] {logging_mixin.py:154} INFO - [2023-11-25T11:07:43.261+0000] {dag.py:2941} INFO - Sync 1 DAGs
[2023-11-25T11:07:43.292+0000] {logging_mixin.py:154} INFO - [2023-11-25T11:07:43.292+0000] {dag.py:3722} INFO - Setting next_dagrun for example_skip_dag to 2023-11-24T11:07:43.291887+00:00, run_after=2023-11-25T11:07:43.291887+00:00
[2023-11-25T11:07:43.318+0000] {processor.py:179} INFO - Processing /home/airflow/.local/lib/python3.8/site-packages/airflow/example_dags/example_skip_dag.py took 0.104 seconds
[2023-11-25T11:08:13.885+0000] {processor.py:157} INFO - Started process (PID=118) to work on /home/airflow/.local/lib/python3.8/site-packages/airflow/example_dags/example_skip_dag.py
[2023-11-25T11:08:13.886+0000] {processor.py:829} INFO - Processing file /home/airflow/.local/lib/python3.8/site-packages/airflow/example_dags/example_skip_dag.py for tasks to queue
[2023-11-25T11:08:13.888+0000] {logging_mixin.py:154} INFO - [2023-11-25T11:08:13.888+0000] {dagbag.py:536} INFO - Filling up the DagBag from /home/airflow/.local/lib/python3.8/site-packages/airflow/example_dags/example_skip_dag.py
[2023-11-25T11:08:13.894+0000] {processor.py:839} INFO - DAG(s) dict_keys(['example_skip_dag']) retrieved from /home/airflow/.local/lib/python3.8/site-packages/airflow/example_dags/example_skip_dag.py
[2023-11-25T11:08:13.916+0000] {logging_mixin.py:154} INFO - [2023-11-25T11:08:13.916+0000] {dag.py:2941} INFO - Sync 1 DAGs
[2023-11-25T11:08:13.942+0000] {logging_mixin.py:154} INFO - [2023-11-25T11:08:13.942+0000] {dag.py:3722} INFO - Setting next_dagrun for example_skip_dag to 2023-11-24T11:08:13.941966+00:00, run_after=2023-11-25T11:08:13.941966+00:00
[2023-11-25T11:08:13.970+0000] {processor.py:179} INFO - Processing /home/airflow/.local/lib/python3.8/site-packages/airflow/example_dags/example_skip_dag.py took 0.090 seconds
[2023-11-25T11:08:44.820+0000] {processor.py:157} INFO - Started process (PID=172) to work on /home/airflow/.local/lib/python3.8/site-packages/airflow/example_dags/example_skip_dag.py
[2023-11-25T11:08:44.821+0000] {processor.py:829} INFO - Processing file /home/airflow/.local/lib/python3.8/site-packages/airflow/example_dags/example_skip_dag.py for tasks to queue
[2023-11-25T11:08:44.822+0000] {logging_mixin.py:154} INFO - [2023-11-25T11:08:44.822+0000] {dagbag.py:536} INFO - Filling up the DagBag from /home/airflow/.local/lib/python3.8/site-packages/airflow/example_dags/example_skip_dag.py
[2023-11-25T11:08:44.828+0000] {processor.py:839} INFO - DAG(s) dict_keys(['example_skip_dag']) retrieved from /home/airflow/.local/lib/python3.8/site-packages/airflow/example_dags/example_skip_dag.py
[2023-11-25T11:08:44.848+0000] {logging_mixin.py:154} INFO - [2023-11-25T11:08:44.847+0000] {dag.py:2941} INFO - Sync 1 DAGs
[2023-11-25T11:08:44.868+0000] {logging_mixin.py:154} INFO - [2023-11-25T11:08:44.868+0000] {dag.py:3722} INFO - Setting next_dagrun for example_skip_dag to 2023-11-24T11:08:44.867846+00:00, run_after=2023-11-25T11:08:44.867846+00:00
[2023-11-25T11:08:44.887+0000] {processor.py:179} INFO - Processing /home/airflow/.local/lib/python3.8/site-packages/airflow/example_dags/example_skip_dag.py took 0.070 seconds
[2023-11-25T11:09:15.416+0000] {processor.py:157} INFO - Started process (PID=225) to work on /home/airflow/.local/lib/python3.8/site-packages/airflow/example_dags/example_skip_dag.py
[2023-11-25T11:09:15.417+0000] {processor.py:829} INFO - Processing file /home/airflow/.local/lib/python3.8/site-packages/airflow/example_dags/example_skip_dag.py for tasks to queue
[2023-11-25T11:09:15.419+0000] {logging_mixin.py:154} INFO - [2023-11-25T11:09:15.419+0000] {dagbag.py:536} INFO - Filling up the DagBag from /home/airflow/.local/lib/python3.8/site-packages/airflow/example_dags/example_skip_dag.py
[2023-11-25T11:09:15.427+0000] {processor.py:839} INFO - DAG(s) dict_keys(['example_skip_dag']) retrieved from /home/airflow/.local/lib/python3.8/site-packages/airflow/example_dags/example_skip_dag.py
[2023-11-25T11:09:15.453+0000] {logging_mixin.py:154} INFO - [2023-11-25T11:09:15.453+0000] {dag.py:2941} INFO - Sync 1 DAGs
[2023-11-25T11:09:15.477+0000] {logging_mixin.py:154} INFO - [2023-11-25T11:09:15.477+0000] {dag.py:3722} INFO - Setting next_dagrun for example_skip_dag to 2023-11-24T11:09:15.477105+00:00, run_after=2023-11-25T11:09:15.477105+00:00
[2023-11-25T11:09:15.495+0000] {processor.py:179} INFO - Processing /home/airflow/.local/lib/python3.8/site-packages/airflow/example_dags/example_skip_dag.py took 0.083 seconds
[2023-11-25T11:09:46.288+0000] {processor.py:157} INFO - Started process (PID=279) to work on /home/airflow/.local/lib/python3.8/site-packages/airflow/example_dags/example_skip_dag.py
[2023-11-25T11:09:46.289+0000] {processor.py:829} INFO - Processing file /home/airflow/.local/lib/python3.8/site-packages/airflow/example_dags/example_skip_dag.py for tasks to queue
[2023-11-25T11:09:46.291+0000] {logging_mixin.py:154} INFO - [2023-11-25T11:09:46.291+0000] {dagbag.py:536} INFO - Filling up the DagBag from /home/airflow/.local/lib/python3.8/site-packages/airflow/example_dags/example_skip_dag.py
[2023-11-25T11:09:46.296+0000] {processor.py:839} INFO - DAG(s) dict_keys(['example_skip_dag']) retrieved from /home/airflow/.local/lib/python3.8/site-packages/airflow/example_dags/example_skip_dag.py
[2023-11-25T11:09:46.317+0000] {logging_mixin.py:154} INFO - [2023-11-25T11:09:46.317+0000] {dag.py:2941} INFO - Sync 1 DAGs
[2023-11-25T11:09:46.346+0000] {logging_mixin.py:154} INFO - [2023-11-25T11:09:46.346+0000] {dag.py:3722} INFO - Setting next_dagrun for example_skip_dag to 2023-11-24T11:09:46.345981+00:00, run_after=2023-11-25T11:09:46.345981+00:00
[2023-11-25T11:09:46.364+0000] {processor.py:179} INFO - Processing /home/airflow/.local/lib/python3.8/site-packages/airflow/example_dags/example_skip_dag.py took 0.078 seconds
[2023-11-25T11:10:17.189+0000] {processor.py:157} INFO - Started process (PID=333) to work on /home/airflow/.local/lib/python3.8/site-packages/airflow/example_dags/example_skip_dag.py
[2023-11-25T11:10:17.190+0000] {processor.py:829} INFO - Processing file /home/airflow/.local/lib/python3.8/site-packages/airflow/example_dags/example_skip_dag.py for tasks to queue
[2023-11-25T11:10:17.192+0000] {logging_mixin.py:154} INFO - [2023-11-25T11:10:17.192+0000] {dagbag.py:536} INFO - Filling up the DagBag from /home/airflow/.local/lib/python3.8/site-packages/airflow/example_dags/example_skip_dag.py
[2023-11-25T11:10:17.199+0000] {processor.py:839} INFO - DAG(s) dict_keys(['example_skip_dag']) retrieved from /home/airflow/.local/lib/python3.8/site-packages/airflow/example_dags/example_skip_dag.py
[2023-11-25T11:10:17.222+0000] {logging_mixin.py:154} INFO - [2023-11-25T11:10:17.222+0000] {dag.py:2941} INFO - Sync 1 DAGs
[2023-11-25T11:10:17.245+0000] {logging_mixin.py:154} INFO - [2023-11-25T11:10:17.245+0000] {dag.py:3722} INFO - Setting next_dagrun for example_skip_dag to 2023-11-24T11:10:17.245069+00:00, run_after=2023-11-25T11:10:17.245069+00:00
[2023-11-25T11:10:17.267+0000] {processor.py:179} INFO - Processing /home/airflow/.local/lib/python3.8/site-packages/airflow/example_dags/example_skip_dag.py took 0.082 seconds
[2023-11-25T11:10:47.590+0000] {processor.py:157} INFO - Started process (PID=388) to work on /home/airflow/.local/lib/python3.8/site-packages/airflow/example_dags/example_skip_dag.py
[2023-11-25T11:10:47.591+0000] {processor.py:829} INFO - Processing file /home/airflow/.local/lib/python3.8/site-packages/airflow/example_dags/example_skip_dag.py for tasks to queue
[2023-11-25T11:10:47.594+0000] {logging_mixin.py:154} INFO - [2023-11-25T11:10:47.594+0000] {dagbag.py:536} INFO - Filling up the DagBag from /home/airflow/.local/lib/python3.8/site-packages/airflow/example_dags/example_skip_dag.py
[2023-11-25T11:10:47.602+0000] {processor.py:839} INFO - DAG(s) dict_keys(['example_skip_dag']) retrieved from /home/airflow/.local/lib/python3.8/site-packages/airflow/example_dags/example_skip_dag.py
[2023-11-25T11:10:47.629+0000] {logging_mixin.py:154} INFO - [2023-11-25T11:10:47.628+0000] {dag.py:2941} INFO - Sync 1 DAGs
[2023-11-25T11:10:47.656+0000] {logging_mixin.py:154} INFO - [2023-11-25T11:10:47.656+0000] {dag.py:3722} INFO - Setting next_dagrun for example_skip_dag to 2023-11-24T11:10:47.655794+00:00, run_after=2023-11-25T11:10:47.655794+00:00
[2023-11-25T11:10:47.720+0000] {processor.py:179} INFO - Processing /home/airflow/.local/lib/python3.8/site-packages/airflow/example_dags/example_skip_dag.py took 0.135 seconds
[2023-11-25T11:11:17.805+0000] {processor.py:157} INFO - Started process (PID=442) to work on /home/airflow/.local/lib/python3.8/site-packages/airflow/example_dags/example_skip_dag.py
[2023-11-25T11:11:17.806+0000] {processor.py:829} INFO - Processing file /home/airflow/.local/lib/python3.8/site-packages/airflow/example_dags/example_skip_dag.py for tasks to queue
[2023-11-25T11:11:17.809+0000] {logging_mixin.py:154} INFO - [2023-11-25T11:11:17.808+0000] {dagbag.py:536} INFO - Filling up the DagBag from /home/airflow/.local/lib/python3.8/site-packages/airflow/example_dags/example_skip_dag.py
[2023-11-25T11:11:17.818+0000] {processor.py:839} INFO - DAG(s) dict_keys(['example_skip_dag']) retrieved from /home/airflow/.local/lib/python3.8/site-packages/airflow/example_dags/example_skip_dag.py
[2023-11-25T11:11:17.864+0000] {logging_mixin.py:154} INFO - [2023-11-25T11:11:17.864+0000] {dag.py:2941} INFO - Sync 1 DAGs
[2023-11-25T11:11:17.893+0000] {logging_mixin.py:154} INFO - [2023-11-25T11:11:17.893+0000] {dag.py:3722} INFO - Setting next_dagrun for example_skip_dag to 2023-11-24T11:11:17.893270+00:00, run_after=2023-11-25T11:11:17.893270+00:00
[2023-11-25T11:11:17.935+0000] {processor.py:179} INFO - Processing /home/airflow/.local/lib/python3.8/site-packages/airflow/example_dags/example_skip_dag.py took 0.133 seconds
[2023-11-25T11:11:48.102+0000] {processor.py:157} INFO - Started process (PID=504) to work on /home/airflow/.local/lib/python3.8/site-packages/airflow/example_dags/example_skip_dag.py
[2023-11-25T11:11:48.103+0000] {processor.py:829} INFO - Processing file /home/airflow/.local/lib/python3.8/site-packages/airflow/example_dags/example_skip_dag.py for tasks to queue
[2023-11-25T11:11:48.105+0000] {logging_mixin.py:154} INFO - [2023-11-25T11:11:48.105+0000] {dagbag.py:536} INFO - Filling up the DagBag from /home/airflow/.local/lib/python3.8/site-packages/airflow/example_dags/example_skip_dag.py
[2023-11-25T11:11:48.110+0000] {processor.py:839} INFO - DAG(s) dict_keys(['example_skip_dag']) retrieved from /home/airflow/.local/lib/python3.8/site-packages/airflow/example_dags/example_skip_dag.py
[2023-11-25T11:11:48.131+0000] {logging_mixin.py:154} INFO - [2023-11-25T11:11:48.130+0000] {dag.py:2941} INFO - Sync 1 DAGs
[2023-11-25T11:11:48.150+0000] {logging_mixin.py:154} INFO - [2023-11-25T11:11:48.150+0000] {dag.py:3722} INFO - Setting next_dagrun for example_skip_dag to 2023-11-24T11:11:48.150109+00:00, run_after=2023-11-25T11:11:48.150109+00:00
[2023-11-25T11:11:48.167+0000] {processor.py:179} INFO - Processing /home/airflow/.local/lib/python3.8/site-packages/airflow/example_dags/example_skip_dag.py took 0.067 seconds
[2023-11-25T11:12:19.405+0000] {processor.py:157} INFO - Started process (PID=557) to work on /home/airflow/.local/lib/python3.8/site-packages/airflow/example_dags/example_skip_dag.py
[2023-11-25T11:12:19.406+0000] {processor.py:829} INFO - Processing file /home/airflow/.local/lib/python3.8/site-packages/airflow/example_dags/example_skip_dag.py for tasks to queue
[2023-11-25T11:12:19.409+0000] {logging_mixin.py:154} INFO - [2023-11-25T11:12:19.409+0000] {dagbag.py:536} INFO - Filling up the DagBag from /home/airflow/.local/lib/python3.8/site-packages/airflow/example_dags/example_skip_dag.py
[2023-11-25T11:12:19.416+0000] {processor.py:839} INFO - DAG(s) dict_keys(['example_skip_dag']) retrieved from /home/airflow/.local/lib/python3.8/site-packages/airflow/example_dags/example_skip_dag.py
[2023-11-25T11:12:19.446+0000] {logging_mixin.py:154} INFO - [2023-11-25T11:12:19.445+0000] {dag.py:2941} INFO - Sync 1 DAGs
[2023-11-25T11:12:19.473+0000] {logging_mixin.py:154} INFO - [2023-11-25T11:12:19.473+0000] {dag.py:3722} INFO - Setting next_dagrun for example_skip_dag to 2023-11-24T11:12:19.472916+00:00, run_after=2023-11-25T11:12:19.472916+00:00
[2023-11-25T11:12:19.500+0000] {processor.py:179} INFO - Processing /home/airflow/.local/lib/python3.8/site-packages/airflow/example_dags/example_skip_dag.py took 0.097 seconds
[2023-11-25T11:12:49.814+0000] {processor.py:157} INFO - Started process (PID=611) to work on /home/airflow/.local/lib/python3.8/site-packages/airflow/example_dags/example_skip_dag.py
[2023-11-25T11:12:49.816+0000] {processor.py:829} INFO - Processing file /home/airflow/.local/lib/python3.8/site-packages/airflow/example_dags/example_skip_dag.py for tasks to queue
[2023-11-25T11:12:49.819+0000] {logging_mixin.py:154} INFO - [2023-11-25T11:12:49.819+0000] {dagbag.py:536} INFO - Filling up the DagBag from /home/airflow/.local/lib/python3.8/site-packages/airflow/example_dags/example_skip_dag.py
[2023-11-25T11:12:49.825+0000] {processor.py:839} INFO - DAG(s) dict_keys(['example_skip_dag']) retrieved from /home/airflow/.local/lib/python3.8/site-packages/airflow/example_dags/example_skip_dag.py
[2023-11-25T11:12:49.849+0000] {logging_mixin.py:154} INFO - [2023-11-25T11:12:49.849+0000] {dag.py:2941} INFO - Sync 1 DAGs
[2023-11-25T11:12:49.873+0000] {logging_mixin.py:154} INFO - [2023-11-25T11:12:49.872+0000] {dag.py:3722} INFO - Setting next_dagrun for example_skip_dag to 2023-11-24T11:12:49.872558+00:00, run_after=2023-11-25T11:12:49.872558+00:00
[2023-11-25T11:12:49.900+0000] {processor.py:179} INFO - Processing /home/airflow/.local/lib/python3.8/site-packages/airflow/example_dags/example_skip_dag.py took 0.090 seconds
