[2023-11-25T10:23:21.397+0000] {processor.py:157} INFO - Started process (PID=62) to work on /home/airflow/.local/lib/python3.8/site-packages/airflow/example_dags/tutorial.py
[2023-11-25T10:23:21.399+0000] {processor.py:829} INFO - Processing file /home/airflow/.local/lib/python3.8/site-packages/airflow/example_dags/tutorial.py for tasks to queue
[2023-11-25T10:23:21.408+0000] {logging_mixin.py:154} INFO - [2023-11-25T10:23:21.407+0000] {dagbag.py:536} INFO - Filling up the DagBag from /home/airflow/.local/lib/python3.8/site-packages/airflow/example_dags/tutorial.py
[2023-11-25T10:23:21.421+0000] {processor.py:839} INFO - DAG(s) dict_keys(['tutorial']) retrieved from /home/airflow/.local/lib/python3.8/site-packages/airflow/example_dags/tutorial.py
[2023-11-25T10:23:21.497+0000] {logging_mixin.py:154} INFO - [2023-11-25T10:23:21.497+0000] {dag.py:2941} INFO - Sync 1 DAGs
[2023-11-25T10:23:21.551+0000] {logging_mixin.py:154} INFO - [2023-11-25T10:23:21.550+0000] {dag.py:3722} INFO - Setting next_dagrun for tutorial to 2023-11-24T10:23:21.550454+00:00, run_after=2023-11-25T10:23:21.550454+00:00
[2023-11-25T10:23:21.613+0000] {processor.py:179} INFO - Processing /home/airflow/.local/lib/python3.8/site-packages/airflow/example_dags/tutorial.py took 0.229 seconds
[2023-11-25T10:23:51.903+0000] {processor.py:157} INFO - Started process (PID=116) to work on /home/airflow/.local/lib/python3.8/site-packages/airflow/example_dags/tutorial.py
[2023-11-25T10:23:51.904+0000] {processor.py:829} INFO - Processing file /home/airflow/.local/lib/python3.8/site-packages/airflow/example_dags/tutorial.py for tasks to queue
[2023-11-25T10:23:51.906+0000] {logging_mixin.py:154} INFO - [2023-11-25T10:23:51.906+0000] {dagbag.py:536} INFO - Filling up the DagBag from /home/airflow/.local/lib/python3.8/site-packages/airflow/example_dags/tutorial.py
[2023-11-25T10:23:51.913+0000] {processor.py:839} INFO - DAG(s) dict_keys(['tutorial']) retrieved from /home/airflow/.local/lib/python3.8/site-packages/airflow/example_dags/tutorial.py
[2023-11-25T10:23:51.937+0000] {logging_mixin.py:154} INFO - [2023-11-25T10:23:51.936+0000] {dag.py:2941} INFO - Sync 1 DAGs
[2023-11-25T10:23:51.962+0000] {logging_mixin.py:154} INFO - [2023-11-25T10:23:51.962+0000] {dag.py:3722} INFO - Setting next_dagrun for tutorial to 2023-11-24T10:23:51.962298+00:00, run_after=2023-11-25T10:23:51.962298+00:00
[2023-11-25T10:23:51.995+0000] {processor.py:179} INFO - Processing /home/airflow/.local/lib/python3.8/site-packages/airflow/example_dags/tutorial.py took 0.098 seconds
[2023-11-25T10:24:22.566+0000] {processor.py:157} INFO - Started process (PID=170) to work on /home/airflow/.local/lib/python3.8/site-packages/airflow/example_dags/tutorial.py
[2023-11-25T10:24:22.567+0000] {processor.py:829} INFO - Processing file /home/airflow/.local/lib/python3.8/site-packages/airflow/example_dags/tutorial.py for tasks to queue
[2023-11-25T10:24:22.569+0000] {logging_mixin.py:154} INFO - [2023-11-25T10:24:22.569+0000] {dagbag.py:536} INFO - Filling up the DagBag from /home/airflow/.local/lib/python3.8/site-packages/airflow/example_dags/tutorial.py
[2023-11-25T10:24:22.574+0000] {processor.py:839} INFO - DAG(s) dict_keys(['tutorial']) retrieved from /home/airflow/.local/lib/python3.8/site-packages/airflow/example_dags/tutorial.py
[2023-11-25T10:24:22.594+0000] {logging_mixin.py:154} INFO - [2023-11-25T10:24:22.593+0000] {dag.py:2941} INFO - Sync 1 DAGs
[2023-11-25T10:24:22.614+0000] {logging_mixin.py:154} INFO - [2023-11-25T10:24:22.614+0000] {dag.py:3722} INFO - Setting next_dagrun for tutorial to 2023-11-24T10:24:22.614396+00:00, run_after=2023-11-25T10:24:22.614396+00:00
[2023-11-25T10:24:22.634+0000] {processor.py:179} INFO - Processing /home/airflow/.local/lib/python3.8/site-packages/airflow/example_dags/tutorial.py took 0.071 seconds
[2023-11-25T10:24:52.788+0000] {processor.py:157} INFO - Started process (PID=224) to work on /home/airflow/.local/lib/python3.8/site-packages/airflow/example_dags/tutorial.py
[2023-11-25T10:24:52.792+0000] {processor.py:829} INFO - Processing file /home/airflow/.local/lib/python3.8/site-packages/airflow/example_dags/tutorial.py for tasks to queue
[2023-11-25T10:24:52.794+0000] {logging_mixin.py:154} INFO - [2023-11-25T10:24:52.794+0000] {dagbag.py:536} INFO - Filling up the DagBag from /home/airflow/.local/lib/python3.8/site-packages/airflow/example_dags/tutorial.py
[2023-11-25T10:24:52.800+0000] {processor.py:839} INFO - DAG(s) dict_keys(['tutorial']) retrieved from /home/airflow/.local/lib/python3.8/site-packages/airflow/example_dags/tutorial.py
[2023-11-25T10:24:52.822+0000] {logging_mixin.py:154} INFO - [2023-11-25T10:24:52.822+0000] {dag.py:2941} INFO - Sync 1 DAGs
[2023-11-25T10:24:52.845+0000] {logging_mixin.py:154} INFO - [2023-11-25T10:24:52.845+0000] {dag.py:3722} INFO - Setting next_dagrun for tutorial to 2023-11-24T10:24:52.844926+00:00, run_after=2023-11-25T10:24:52.844926+00:00
[2023-11-25T10:24:52.864+0000] {processor.py:179} INFO - Processing /home/airflow/.local/lib/python3.8/site-packages/airflow/example_dags/tutorial.py took 0.078 seconds
[2023-11-25T10:25:23.342+0000] {processor.py:157} INFO - Started process (PID=278) to work on /home/airflow/.local/lib/python3.8/site-packages/airflow/example_dags/tutorial.py
[2023-11-25T10:25:23.343+0000] {processor.py:829} INFO - Processing file /home/airflow/.local/lib/python3.8/site-packages/airflow/example_dags/tutorial.py for tasks to queue
[2023-11-25T10:25:23.346+0000] {logging_mixin.py:154} INFO - [2023-11-25T10:25:23.346+0000] {dagbag.py:536} INFO - Filling up the DagBag from /home/airflow/.local/lib/python3.8/site-packages/airflow/example_dags/tutorial.py
[2023-11-25T10:25:23.355+0000] {processor.py:839} INFO - DAG(s) dict_keys(['tutorial']) retrieved from /home/airflow/.local/lib/python3.8/site-packages/airflow/example_dags/tutorial.py
[2023-11-25T10:25:23.381+0000] {logging_mixin.py:154} INFO - [2023-11-25T10:25:23.381+0000] {dag.py:2941} INFO - Sync 1 DAGs
[2023-11-25T10:25:23.409+0000] {logging_mixin.py:154} INFO - [2023-11-25T10:25:23.408+0000] {dag.py:3722} INFO - Setting next_dagrun for tutorial to 2023-11-24T10:25:23.408707+00:00, run_after=2023-11-25T10:25:23.408707+00:00
[2023-11-25T10:25:23.441+0000] {processor.py:179} INFO - Processing /home/airflow/.local/lib/python3.8/site-packages/airflow/example_dags/tutorial.py took 0.104 seconds
[2023-11-25T10:25:53.872+0000] {processor.py:157} INFO - Started process (PID=332) to work on /home/airflow/.local/lib/python3.8/site-packages/airflow/example_dags/tutorial.py
[2023-11-25T10:25:53.873+0000] {processor.py:829} INFO - Processing file /home/airflow/.local/lib/python3.8/site-packages/airflow/example_dags/tutorial.py for tasks to queue
[2023-11-25T10:25:53.875+0000] {logging_mixin.py:154} INFO - [2023-11-25T10:25:53.875+0000] {dagbag.py:536} INFO - Filling up the DagBag from /home/airflow/.local/lib/python3.8/site-packages/airflow/example_dags/tutorial.py
[2023-11-25T10:25:53.882+0000] {processor.py:839} INFO - DAG(s) dict_keys(['tutorial']) retrieved from /home/airflow/.local/lib/python3.8/site-packages/airflow/example_dags/tutorial.py
[2023-11-25T10:25:53.902+0000] {logging_mixin.py:154} INFO - [2023-11-25T10:25:53.902+0000] {dag.py:2941} INFO - Sync 1 DAGs
[2023-11-25T10:25:53.929+0000] {logging_mixin.py:154} INFO - [2023-11-25T10:25:53.928+0000] {dag.py:3722} INFO - Setting next_dagrun for tutorial to 2023-11-24T10:25:53.928610+00:00, run_after=2023-11-25T10:25:53.928610+00:00
[2023-11-25T10:25:53.956+0000] {processor.py:179} INFO - Processing /home/airflow/.local/lib/python3.8/site-packages/airflow/example_dags/tutorial.py took 0.087 seconds
[2023-11-25T10:26:24.231+0000] {processor.py:157} INFO - Started process (PID=386) to work on /home/airflow/.local/lib/python3.8/site-packages/airflow/example_dags/tutorial.py
[2023-11-25T10:26:24.231+0000] {processor.py:829} INFO - Processing file /home/airflow/.local/lib/python3.8/site-packages/airflow/example_dags/tutorial.py for tasks to queue
[2023-11-25T10:26:24.233+0000] {logging_mixin.py:154} INFO - [2023-11-25T10:26:24.233+0000] {dagbag.py:536} INFO - Filling up the DagBag from /home/airflow/.local/lib/python3.8/site-packages/airflow/example_dags/tutorial.py
[2023-11-25T10:26:24.238+0000] {processor.py:839} INFO - DAG(s) dict_keys(['tutorial']) retrieved from /home/airflow/.local/lib/python3.8/site-packages/airflow/example_dags/tutorial.py
[2023-11-25T10:26:24.261+0000] {logging_mixin.py:154} INFO - [2023-11-25T10:26:24.261+0000] {dag.py:2941} INFO - Sync 1 DAGs
[2023-11-25T10:26:24.289+0000] {logging_mixin.py:154} INFO - [2023-11-25T10:26:24.289+0000] {dag.py:3722} INFO - Setting next_dagrun for tutorial to 2023-11-24T10:26:24.288919+00:00, run_after=2023-11-25T10:26:24.288919+00:00
[2023-11-25T10:26:24.367+0000] {processor.py:179} INFO - Processing /home/airflow/.local/lib/python3.8/site-packages/airflow/example_dags/tutorial.py took 0.139 seconds
[2023-11-25T10:26:55.006+0000] {processor.py:157} INFO - Started process (PID=440) to work on /home/airflow/.local/lib/python3.8/site-packages/airflow/example_dags/tutorial.py
[2023-11-25T10:26:55.010+0000] {processor.py:829} INFO - Processing file /home/airflow/.local/lib/python3.8/site-packages/airflow/example_dags/tutorial.py for tasks to queue
[2023-11-25T10:26:55.013+0000] {logging_mixin.py:154} INFO - [2023-11-25T10:26:55.013+0000] {dagbag.py:536} INFO - Filling up the DagBag from /home/airflow/.local/lib/python3.8/site-packages/airflow/example_dags/tutorial.py
[2023-11-25T10:26:55.019+0000] {processor.py:839} INFO - DAG(s) dict_keys(['tutorial']) retrieved from /home/airflow/.local/lib/python3.8/site-packages/airflow/example_dags/tutorial.py
[2023-11-25T10:26:55.040+0000] {logging_mixin.py:154} INFO - [2023-11-25T10:26:55.040+0000] {dag.py:2941} INFO - Sync 1 DAGs
[2023-11-25T10:26:55.061+0000] {logging_mixin.py:154} INFO - [2023-11-25T10:26:55.061+0000] {dag.py:3722} INFO - Setting next_dagrun for tutorial to 2023-11-24T10:26:55.061381+00:00, run_after=2023-11-25T10:26:55.061381+00:00
[2023-11-25T10:26:55.091+0000] {processor.py:179} INFO - Processing /home/airflow/.local/lib/python3.8/site-packages/airflow/example_dags/tutorial.py took 0.089 seconds
[2023-11-25T10:27:25.597+0000] {processor.py:157} INFO - Started process (PID=494) to work on /home/airflow/.local/lib/python3.8/site-packages/airflow/example_dags/tutorial.py
[2023-11-25T10:27:25.598+0000] {processor.py:829} INFO - Processing file /home/airflow/.local/lib/python3.8/site-packages/airflow/example_dags/tutorial.py for tasks to queue
[2023-11-25T10:27:25.600+0000] {logging_mixin.py:154} INFO - [2023-11-25T10:27:25.600+0000] {dagbag.py:536} INFO - Filling up the DagBag from /home/airflow/.local/lib/python3.8/site-packages/airflow/example_dags/tutorial.py
[2023-11-25T10:27:25.607+0000] {processor.py:839} INFO - DAG(s) dict_keys(['tutorial']) retrieved from /home/airflow/.local/lib/python3.8/site-packages/airflow/example_dags/tutorial.py
[2023-11-25T10:27:25.627+0000] {logging_mixin.py:154} INFO - [2023-11-25T10:27:25.626+0000] {dag.py:2941} INFO - Sync 1 DAGs
[2023-11-25T10:27:25.649+0000] {logging_mixin.py:154} INFO - [2023-11-25T10:27:25.649+0000] {dag.py:3722} INFO - Setting next_dagrun for tutorial to 2023-11-24T10:27:25.649513+00:00, run_after=2023-11-25T10:27:25.649513+00:00
[2023-11-25T10:27:25.676+0000] {processor.py:179} INFO - Processing /home/airflow/.local/lib/python3.8/site-packages/airflow/example_dags/tutorial.py took 0.082 seconds
[2023-11-25T10:27:56.544+0000] {processor.py:157} INFO - Started process (PID=554) to work on /home/airflow/.local/lib/python3.8/site-packages/airflow/example_dags/tutorial.py
[2023-11-25T10:27:56.545+0000] {processor.py:829} INFO - Processing file /home/airflow/.local/lib/python3.8/site-packages/airflow/example_dags/tutorial.py for tasks to queue
[2023-11-25T10:27:56.548+0000] {logging_mixin.py:154} INFO - [2023-11-25T10:27:56.547+0000] {dagbag.py:536} INFO - Filling up the DagBag from /home/airflow/.local/lib/python3.8/site-packages/airflow/example_dags/tutorial.py
[2023-11-25T10:27:56.555+0000] {processor.py:839} INFO - DAG(s) dict_keys(['tutorial']) retrieved from /home/airflow/.local/lib/python3.8/site-packages/airflow/example_dags/tutorial.py
[2023-11-25T10:27:56.587+0000] {logging_mixin.py:154} INFO - [2023-11-25T10:27:56.587+0000] {dag.py:2941} INFO - Sync 1 DAGs
[2023-11-25T10:27:56.629+0000] {logging_mixin.py:154} INFO - [2023-11-25T10:27:56.629+0000] {dag.py:3722} INFO - Setting next_dagrun for tutorial to 2023-11-24T10:27:56.628968+00:00, run_after=2023-11-25T10:27:56.628968+00:00
[2023-11-25T10:27:56.658+0000] {processor.py:179} INFO - Processing /home/airflow/.local/lib/python3.8/site-packages/airflow/example_dags/tutorial.py took 0.119 seconds
[2023-11-25T10:28:27.251+0000] {processor.py:157} INFO - Started process (PID=607) to work on /home/airflow/.local/lib/python3.8/site-packages/airflow/example_dags/tutorial.py
[2023-11-25T10:28:27.252+0000] {processor.py:829} INFO - Processing file /home/airflow/.local/lib/python3.8/site-packages/airflow/example_dags/tutorial.py for tasks to queue
[2023-11-25T10:28:27.257+0000] {logging_mixin.py:154} INFO - [2023-11-25T10:28:27.257+0000] {dagbag.py:536} INFO - Filling up the DagBag from /home/airflow/.local/lib/python3.8/site-packages/airflow/example_dags/tutorial.py
[2023-11-25T10:28:27.266+0000] {processor.py:839} INFO - DAG(s) dict_keys(['tutorial']) retrieved from /home/airflow/.local/lib/python3.8/site-packages/airflow/example_dags/tutorial.py
[2023-11-25T10:28:27.303+0000] {logging_mixin.py:154} INFO - [2023-11-25T10:28:27.302+0000] {dag.py:2941} INFO - Sync 1 DAGs
[2023-11-25T10:28:27.362+0000] {logging_mixin.py:154} INFO - [2023-11-25T10:28:27.361+0000] {dag.py:3722} INFO - Setting next_dagrun for tutorial to 2023-11-24T10:28:27.361445+00:00, run_after=2023-11-25T10:28:27.361445+00:00
[2023-11-25T10:28:27.415+0000] {processor.py:179} INFO - Processing /home/airflow/.local/lib/python3.8/site-packages/airflow/example_dags/tutorial.py took 0.167 seconds
[2023-11-25T10:28:57.558+0000] {processor.py:157} INFO - Started process (PID=661) to work on /home/airflow/.local/lib/python3.8/site-packages/airflow/example_dags/tutorial.py
[2023-11-25T10:28:57.559+0000] {processor.py:829} INFO - Processing file /home/airflow/.local/lib/python3.8/site-packages/airflow/example_dags/tutorial.py for tasks to queue
[2023-11-25T10:28:57.562+0000] {logging_mixin.py:154} INFO - [2023-11-25T10:28:57.562+0000] {dagbag.py:536} INFO - Filling up the DagBag from /home/airflow/.local/lib/python3.8/site-packages/airflow/example_dags/tutorial.py
[2023-11-25T10:28:57.575+0000] {processor.py:839} INFO - DAG(s) dict_keys(['tutorial']) retrieved from /home/airflow/.local/lib/python3.8/site-packages/airflow/example_dags/tutorial.py
[2023-11-25T10:28:57.626+0000] {logging_mixin.py:154} INFO - [2023-11-25T10:28:57.622+0000] {dag.py:2941} INFO - Sync 1 DAGs
[2023-11-25T10:28:57.662+0000] {logging_mixin.py:154} INFO - [2023-11-25T10:28:57.662+0000] {dag.py:3722} INFO - Setting next_dagrun for tutorial to 2023-11-24T10:28:57.661972+00:00, run_after=2023-11-25T10:28:57.661972+00:00
[2023-11-25T10:28:57.694+0000] {processor.py:179} INFO - Processing /home/airflow/.local/lib/python3.8/site-packages/airflow/example_dags/tutorial.py took 0.141 seconds
[2023-11-25T10:29:28.576+0000] {processor.py:157} INFO - Started process (PID=715) to work on /home/airflow/.local/lib/python3.8/site-packages/airflow/example_dags/tutorial.py
[2023-11-25T10:29:28.577+0000] {processor.py:829} INFO - Processing file /home/airflow/.local/lib/python3.8/site-packages/airflow/example_dags/tutorial.py for tasks to queue
[2023-11-25T10:29:28.579+0000] {logging_mixin.py:154} INFO - [2023-11-25T10:29:28.579+0000] {dagbag.py:536} INFO - Filling up the DagBag from /home/airflow/.local/lib/python3.8/site-packages/airflow/example_dags/tutorial.py
[2023-11-25T10:29:28.586+0000] {processor.py:839} INFO - DAG(s) dict_keys(['tutorial']) retrieved from /home/airflow/.local/lib/python3.8/site-packages/airflow/example_dags/tutorial.py
[2023-11-25T10:29:28.609+0000] {logging_mixin.py:154} INFO - [2023-11-25T10:29:28.609+0000] {dag.py:2941} INFO - Sync 1 DAGs
[2023-11-25T10:29:28.631+0000] {logging_mixin.py:154} INFO - [2023-11-25T10:29:28.630+0000] {dag.py:3722} INFO - Setting next_dagrun for tutorial to 2023-11-24T10:29:28.630649+00:00, run_after=2023-11-25T10:29:28.630649+00:00
[2023-11-25T10:29:28.661+0000] {processor.py:179} INFO - Processing /home/airflow/.local/lib/python3.8/site-packages/airflow/example_dags/tutorial.py took 0.089 seconds
[2023-11-25T10:29:58.777+0000] {processor.py:157} INFO - Started process (PID=769) to work on /home/airflow/.local/lib/python3.8/site-packages/airflow/example_dags/tutorial.py
[2023-11-25T10:29:58.778+0000] {processor.py:829} INFO - Processing file /home/airflow/.local/lib/python3.8/site-packages/airflow/example_dags/tutorial.py for tasks to queue
[2023-11-25T10:29:58.780+0000] {logging_mixin.py:154} INFO - [2023-11-25T10:29:58.780+0000] {dagbag.py:536} INFO - Filling up the DagBag from /home/airflow/.local/lib/python3.8/site-packages/airflow/example_dags/tutorial.py
[2023-11-25T10:29:58.786+0000] {processor.py:839} INFO - DAG(s) dict_keys(['tutorial']) retrieved from /home/airflow/.local/lib/python3.8/site-packages/airflow/example_dags/tutorial.py
[2023-11-25T10:29:58.809+0000] {logging_mixin.py:154} INFO - [2023-11-25T10:29:58.809+0000] {dag.py:2941} INFO - Sync 1 DAGs
[2023-11-25T10:29:58.836+0000] {logging_mixin.py:154} INFO - [2023-11-25T10:29:58.836+0000] {dag.py:3722} INFO - Setting next_dagrun for tutorial to 2023-11-24T10:29:58.836317+00:00, run_after=2023-11-25T10:29:58.836317+00:00
[2023-11-25T10:29:58.865+0000] {processor.py:179} INFO - Processing /home/airflow/.local/lib/python3.8/site-packages/airflow/example_dags/tutorial.py took 0.091 seconds
[2023-11-25T10:30:29.319+0000] {processor.py:157} INFO - Started process (PID=823) to work on /home/airflow/.local/lib/python3.8/site-packages/airflow/example_dags/tutorial.py
[2023-11-25T10:30:29.319+0000] {processor.py:829} INFO - Processing file /home/airflow/.local/lib/python3.8/site-packages/airflow/example_dags/tutorial.py for tasks to queue
[2023-11-25T10:30:29.321+0000] {logging_mixin.py:154} INFO - [2023-11-25T10:30:29.321+0000] {dagbag.py:536} INFO - Filling up the DagBag from /home/airflow/.local/lib/python3.8/site-packages/airflow/example_dags/tutorial.py
[2023-11-25T10:30:29.328+0000] {processor.py:839} INFO - DAG(s) dict_keys(['tutorial']) retrieved from /home/airflow/.local/lib/python3.8/site-packages/airflow/example_dags/tutorial.py
[2023-11-25T10:30:29.347+0000] {logging_mixin.py:154} INFO - [2023-11-25T10:30:29.347+0000] {dag.py:2941} INFO - Sync 1 DAGs
[2023-11-25T10:30:29.368+0000] {logging_mixin.py:154} INFO - [2023-11-25T10:30:29.368+0000] {dag.py:3722} INFO - Setting next_dagrun for tutorial to 2023-11-24T10:30:29.368416+00:00, run_after=2023-11-25T10:30:29.368416+00:00
[2023-11-25T10:30:29.407+0000] {processor.py:179} INFO - Processing /home/airflow/.local/lib/python3.8/site-packages/airflow/example_dags/tutorial.py took 0.092 seconds
[2023-11-25T10:30:59.955+0000] {processor.py:157} INFO - Started process (PID=877) to work on /home/airflow/.local/lib/python3.8/site-packages/airflow/example_dags/tutorial.py
[2023-11-25T10:30:59.956+0000] {processor.py:829} INFO - Processing file /home/airflow/.local/lib/python3.8/site-packages/airflow/example_dags/tutorial.py for tasks to queue
[2023-11-25T10:30:59.958+0000] {logging_mixin.py:154} INFO - [2023-11-25T10:30:59.958+0000] {dagbag.py:536} INFO - Filling up the DagBag from /home/airflow/.local/lib/python3.8/site-packages/airflow/example_dags/tutorial.py
[2023-11-25T10:30:59.964+0000] {processor.py:839} INFO - DAG(s) dict_keys(['tutorial']) retrieved from /home/airflow/.local/lib/python3.8/site-packages/airflow/example_dags/tutorial.py
[2023-11-25T10:30:59.988+0000] {logging_mixin.py:154} INFO - [2023-11-25T10:30:59.987+0000] {dag.py:2941} INFO - Sync 1 DAGs
[2023-11-25T10:31:00.014+0000] {logging_mixin.py:154} INFO - [2023-11-25T10:31:00.014+0000] {dag.py:3722} INFO - Setting next_dagrun for tutorial to 2023-11-24T10:31:00.013994+00:00, run_after=2023-11-25T10:31:00.013994+00:00
[2023-11-25T10:31:00.031+0000] {processor.py:179} INFO - Processing /home/airflow/.local/lib/python3.8/site-packages/airflow/example_dags/tutorial.py took 0.080 seconds
[2023-11-25T10:31:30.132+0000] {processor.py:157} INFO - Started process (PID=930) to work on /home/airflow/.local/lib/python3.8/site-packages/airflow/example_dags/tutorial.py
[2023-11-25T10:31:30.133+0000] {processor.py:829} INFO - Processing file /home/airflow/.local/lib/python3.8/site-packages/airflow/example_dags/tutorial.py for tasks to queue
[2023-11-25T10:31:30.136+0000] {logging_mixin.py:154} INFO - [2023-11-25T10:31:30.136+0000] {dagbag.py:536} INFO - Filling up the DagBag from /home/airflow/.local/lib/python3.8/site-packages/airflow/example_dags/tutorial.py
[2023-11-25T10:31:30.143+0000] {processor.py:839} INFO - DAG(s) dict_keys(['tutorial']) retrieved from /home/airflow/.local/lib/python3.8/site-packages/airflow/example_dags/tutorial.py
[2023-11-25T10:31:30.169+0000] {logging_mixin.py:154} INFO - [2023-11-25T10:31:30.168+0000] {dag.py:2941} INFO - Sync 1 DAGs
[2023-11-25T10:31:30.213+0000] {logging_mixin.py:154} INFO - [2023-11-25T10:31:30.213+0000] {dag.py:3722} INFO - Setting next_dagrun for tutorial to 2023-11-24T10:31:30.213298+00:00, run_after=2023-11-25T10:31:30.213298+00:00
[2023-11-25T10:31:30.262+0000] {processor.py:179} INFO - Processing /home/airflow/.local/lib/python3.8/site-packages/airflow/example_dags/tutorial.py took 0.133 seconds
[2023-11-25T10:32:00.831+0000] {processor.py:157} INFO - Started process (PID=984) to work on /home/airflow/.local/lib/python3.8/site-packages/airflow/example_dags/tutorial.py
[2023-11-25T10:32:00.832+0000] {processor.py:829} INFO - Processing file /home/airflow/.local/lib/python3.8/site-packages/airflow/example_dags/tutorial.py for tasks to queue
[2023-11-25T10:32:00.834+0000] {logging_mixin.py:154} INFO - [2023-11-25T10:32:00.834+0000] {dagbag.py:536} INFO - Filling up the DagBag from /home/airflow/.local/lib/python3.8/site-packages/airflow/example_dags/tutorial.py
[2023-11-25T10:32:00.839+0000] {processor.py:839} INFO - DAG(s) dict_keys(['tutorial']) retrieved from /home/airflow/.local/lib/python3.8/site-packages/airflow/example_dags/tutorial.py
[2023-11-25T10:32:00.860+0000] {logging_mixin.py:154} INFO - [2023-11-25T10:32:00.860+0000] {dag.py:2941} INFO - Sync 1 DAGs
[2023-11-25T10:32:00.884+0000] {logging_mixin.py:154} INFO - [2023-11-25T10:32:00.883+0000] {dag.py:3722} INFO - Setting next_dagrun for tutorial to 2023-11-24T10:32:00.883783+00:00, run_after=2023-11-25T10:32:00.883783+00:00
[2023-11-25T10:32:00.905+0000] {processor.py:179} INFO - Processing /home/airflow/.local/lib/python3.8/site-packages/airflow/example_dags/tutorial.py took 0.078 seconds
[2023-11-25T10:32:31.079+0000] {processor.py:157} INFO - Started process (PID=1038) to work on /home/airflow/.local/lib/python3.8/site-packages/airflow/example_dags/tutorial.py
[2023-11-25T10:32:31.080+0000] {processor.py:829} INFO - Processing file /home/airflow/.local/lib/python3.8/site-packages/airflow/example_dags/tutorial.py for tasks to queue
[2023-11-25T10:32:31.082+0000] {logging_mixin.py:154} INFO - [2023-11-25T10:32:31.082+0000] {dagbag.py:536} INFO - Filling up the DagBag from /home/airflow/.local/lib/python3.8/site-packages/airflow/example_dags/tutorial.py
[2023-11-25T10:32:31.089+0000] {processor.py:839} INFO - DAG(s) dict_keys(['tutorial']) retrieved from /home/airflow/.local/lib/python3.8/site-packages/airflow/example_dags/tutorial.py
[2023-11-25T10:32:31.114+0000] {logging_mixin.py:154} INFO - [2023-11-25T10:32:31.114+0000] {dag.py:2941} INFO - Sync 1 DAGs
[2023-11-25T10:32:31.144+0000] {logging_mixin.py:154} INFO - [2023-11-25T10:32:31.144+0000] {dag.py:3722} INFO - Setting next_dagrun for tutorial to 2023-11-24T10:32:31.143863+00:00, run_after=2023-11-25T10:32:31.143863+00:00
[2023-11-25T10:32:31.172+0000] {processor.py:179} INFO - Processing /home/airflow/.local/lib/python3.8/site-packages/airflow/example_dags/tutorial.py took 0.098 seconds
[2023-11-25T10:33:02.478+0000] {processor.py:157} INFO - Started process (PID=1092) to work on /home/airflow/.local/lib/python3.8/site-packages/airflow/example_dags/tutorial.py
[2023-11-25T10:33:02.479+0000] {processor.py:829} INFO - Processing file /home/airflow/.local/lib/python3.8/site-packages/airflow/example_dags/tutorial.py for tasks to queue
[2023-11-25T10:33:02.481+0000] {logging_mixin.py:154} INFO - [2023-11-25T10:33:02.481+0000] {dagbag.py:536} INFO - Filling up the DagBag from /home/airflow/.local/lib/python3.8/site-packages/airflow/example_dags/tutorial.py
[2023-11-25T10:33:02.488+0000] {processor.py:839} INFO - DAG(s) dict_keys(['tutorial']) retrieved from /home/airflow/.local/lib/python3.8/site-packages/airflow/example_dags/tutorial.py
[2023-11-25T10:33:02.515+0000] {logging_mixin.py:154} INFO - [2023-11-25T10:33:02.515+0000] {dag.py:2941} INFO - Sync 1 DAGs
[2023-11-25T10:33:02.726+0000] {logging_mixin.py:154} INFO - [2023-11-25T10:33:02.726+0000] {dag.py:3722} INFO - Setting next_dagrun for tutorial to 2023-11-24T10:33:02.725375+00:00, run_after=2023-11-25T10:33:02.725375+00:00
[2023-11-25T10:33:02.750+0000] {processor.py:179} INFO - Processing /home/airflow/.local/lib/python3.8/site-packages/airflow/example_dags/tutorial.py took 0.276 seconds
[2023-11-25T10:33:33.246+0000] {processor.py:157} INFO - Started process (PID=1146) to work on /home/airflow/.local/lib/python3.8/site-packages/airflow/example_dags/tutorial.py
[2023-11-25T10:33:33.247+0000] {processor.py:829} INFO - Processing file /home/airflow/.local/lib/python3.8/site-packages/airflow/example_dags/tutorial.py for tasks to queue
[2023-11-25T10:33:33.249+0000] {logging_mixin.py:154} INFO - [2023-11-25T10:33:33.249+0000] {dagbag.py:536} INFO - Filling up the DagBag from /home/airflow/.local/lib/python3.8/site-packages/airflow/example_dags/tutorial.py
[2023-11-25T10:33:33.257+0000] {processor.py:839} INFO - DAG(s) dict_keys(['tutorial']) retrieved from /home/airflow/.local/lib/python3.8/site-packages/airflow/example_dags/tutorial.py
[2023-11-25T10:33:33.283+0000] {logging_mixin.py:154} INFO - [2023-11-25T10:33:33.283+0000] {dag.py:2941} INFO - Sync 1 DAGs
[2023-11-25T10:33:33.315+0000] {logging_mixin.py:154} INFO - [2023-11-25T10:33:33.315+0000] {dag.py:3722} INFO - Setting next_dagrun for tutorial to 2023-11-24T10:33:33.315240+00:00, run_after=2023-11-25T10:33:33.315240+00:00
[2023-11-25T10:33:33.349+0000] {processor.py:179} INFO - Processing /home/airflow/.local/lib/python3.8/site-packages/airflow/example_dags/tutorial.py took 0.107 seconds
[2023-11-25T10:34:04.226+0000] {processor.py:157} INFO - Started process (PID=1199) to work on /home/airflow/.local/lib/python3.8/site-packages/airflow/example_dags/tutorial.py
[2023-11-25T10:34:04.226+0000] {processor.py:829} INFO - Processing file /home/airflow/.local/lib/python3.8/site-packages/airflow/example_dags/tutorial.py for tasks to queue
[2023-11-25T10:34:04.229+0000] {logging_mixin.py:154} INFO - [2023-11-25T10:34:04.228+0000] {dagbag.py:536} INFO - Filling up the DagBag from /home/airflow/.local/lib/python3.8/site-packages/airflow/example_dags/tutorial.py
[2023-11-25T10:34:04.235+0000] {processor.py:839} INFO - DAG(s) dict_keys(['tutorial']) retrieved from /home/airflow/.local/lib/python3.8/site-packages/airflow/example_dags/tutorial.py
[2023-11-25T10:34:04.261+0000] {logging_mixin.py:154} INFO - [2023-11-25T10:34:04.261+0000] {dag.py:2941} INFO - Sync 1 DAGs
[2023-11-25T10:34:04.287+0000] {logging_mixin.py:154} INFO - [2023-11-25T10:34:04.287+0000] {dag.py:3722} INFO - Setting next_dagrun for tutorial to 2023-11-24T10:34:04.287485+00:00, run_after=2023-11-25T10:34:04.287485+00:00
[2023-11-25T10:34:04.311+0000] {processor.py:179} INFO - Processing /home/airflow/.local/lib/python3.8/site-packages/airflow/example_dags/tutorial.py took 0.089 seconds
[2023-11-25T10:34:35.522+0000] {processor.py:157} INFO - Started process (PID=1253) to work on /home/airflow/.local/lib/python3.8/site-packages/airflow/example_dags/tutorial.py
[2023-11-25T10:34:35.523+0000] {processor.py:829} INFO - Processing file /home/airflow/.local/lib/python3.8/site-packages/airflow/example_dags/tutorial.py for tasks to queue
[2023-11-25T10:34:35.526+0000] {logging_mixin.py:154} INFO - [2023-11-25T10:34:35.525+0000] {dagbag.py:536} INFO - Filling up the DagBag from /home/airflow/.local/lib/python3.8/site-packages/airflow/example_dags/tutorial.py
[2023-11-25T10:34:35.534+0000] {processor.py:839} INFO - DAG(s) dict_keys(['tutorial']) retrieved from /home/airflow/.local/lib/python3.8/site-packages/airflow/example_dags/tutorial.py
[2023-11-25T10:34:35.557+0000] {logging_mixin.py:154} INFO - [2023-11-25T10:34:35.557+0000] {dag.py:2941} INFO - Sync 1 DAGs
[2023-11-25T10:34:35.742+0000] {logging_mixin.py:154} INFO - [2023-11-25T10:34:35.741+0000] {dag.py:3722} INFO - Setting next_dagrun for tutorial to 2023-11-24T10:34:35.741616+00:00, run_after=2023-11-25T10:34:35.741616+00:00
[2023-11-25T10:34:35.771+0000] {processor.py:179} INFO - Processing /home/airflow/.local/lib/python3.8/site-packages/airflow/example_dags/tutorial.py took 0.254 seconds
[2023-11-25T10:35:06.619+0000] {processor.py:157} INFO - Started process (PID=1307) to work on /home/airflow/.local/lib/python3.8/site-packages/airflow/example_dags/tutorial.py
[2023-11-25T10:35:06.622+0000] {processor.py:829} INFO - Processing file /home/airflow/.local/lib/python3.8/site-packages/airflow/example_dags/tutorial.py for tasks to queue
[2023-11-25T10:35:06.625+0000] {logging_mixin.py:154} INFO - [2023-11-25T10:35:06.624+0000] {dagbag.py:536} INFO - Filling up the DagBag from /home/airflow/.local/lib/python3.8/site-packages/airflow/example_dags/tutorial.py
[2023-11-25T10:35:06.633+0000] {processor.py:839} INFO - DAG(s) dict_keys(['tutorial']) retrieved from /home/airflow/.local/lib/python3.8/site-packages/airflow/example_dags/tutorial.py
[2023-11-25T10:35:06.655+0000] {logging_mixin.py:154} INFO - [2023-11-25T10:35:06.655+0000] {dag.py:2941} INFO - Sync 1 DAGs
[2023-11-25T10:35:06.681+0000] {logging_mixin.py:154} INFO - [2023-11-25T10:35:06.680+0000] {dag.py:3722} INFO - Setting next_dagrun for tutorial to 2023-11-24T10:35:06.680755+00:00, run_after=2023-11-25T10:35:06.680755+00:00
[2023-11-25T10:35:06.704+0000] {processor.py:179} INFO - Processing /home/airflow/.local/lib/python3.8/site-packages/airflow/example_dags/tutorial.py took 0.092 seconds
[2023-11-25T10:35:36.826+0000] {processor.py:157} INFO - Started process (PID=1361) to work on /home/airflow/.local/lib/python3.8/site-packages/airflow/example_dags/tutorial.py
[2023-11-25T10:35:36.827+0000] {processor.py:829} INFO - Processing file /home/airflow/.local/lib/python3.8/site-packages/airflow/example_dags/tutorial.py for tasks to queue
[2023-11-25T10:35:36.830+0000] {logging_mixin.py:154} INFO - [2023-11-25T10:35:36.829+0000] {dagbag.py:536} INFO - Filling up the DagBag from /home/airflow/.local/lib/python3.8/site-packages/airflow/example_dags/tutorial.py
[2023-11-25T10:35:36.837+0000] {processor.py:839} INFO - DAG(s) dict_keys(['tutorial']) retrieved from /home/airflow/.local/lib/python3.8/site-packages/airflow/example_dags/tutorial.py
[2023-11-25T10:35:37.060+0000] {logging_mixin.py:154} INFO - [2023-11-25T10:35:37.060+0000] {dag.py:2941} INFO - Sync 1 DAGs
[2023-11-25T10:35:37.092+0000] {logging_mixin.py:154} INFO - [2023-11-25T10:35:37.092+0000] {dag.py:3722} INFO - Setting next_dagrun for tutorial to 2023-11-24T10:35:37.092230+00:00, run_after=2023-11-25T10:35:37.092230+00:00
[2023-11-25T10:35:37.130+0000] {processor.py:179} INFO - Processing /home/airflow/.local/lib/python3.8/site-packages/airflow/example_dags/tutorial.py took 0.309 seconds
[2023-11-25T10:36:07.366+0000] {processor.py:157} INFO - Started process (PID=1415) to work on /home/airflow/.local/lib/python3.8/site-packages/airflow/example_dags/tutorial.py
[2023-11-25T10:36:07.371+0000] {processor.py:829} INFO - Processing file /home/airflow/.local/lib/python3.8/site-packages/airflow/example_dags/tutorial.py for tasks to queue
[2023-11-25T10:36:07.373+0000] {logging_mixin.py:154} INFO - [2023-11-25T10:36:07.372+0000] {dagbag.py:536} INFO - Filling up the DagBag from /home/airflow/.local/lib/python3.8/site-packages/airflow/example_dags/tutorial.py
[2023-11-25T10:36:07.378+0000] {processor.py:839} INFO - DAG(s) dict_keys(['tutorial']) retrieved from /home/airflow/.local/lib/python3.8/site-packages/airflow/example_dags/tutorial.py
[2023-11-25T10:36:07.397+0000] {logging_mixin.py:154} INFO - [2023-11-25T10:36:07.397+0000] {dag.py:2941} INFO - Sync 1 DAGs
[2023-11-25T10:36:07.534+0000] {logging_mixin.py:154} INFO - [2023-11-25T10:36:07.534+0000] {dag.py:3722} INFO - Setting next_dagrun for tutorial to 2023-11-24T10:36:07.534294+00:00, run_after=2023-11-25T10:36:07.534294+00:00
[2023-11-25T10:36:07.552+0000] {processor.py:179} INFO - Processing /home/airflow/.local/lib/python3.8/site-packages/airflow/example_dags/tutorial.py took 0.190 seconds
[2023-11-25T10:36:38.179+0000] {processor.py:157} INFO - Started process (PID=1469) to work on /home/airflow/.local/lib/python3.8/site-packages/airflow/example_dags/tutorial.py
[2023-11-25T10:36:38.180+0000] {processor.py:829} INFO - Processing file /home/airflow/.local/lib/python3.8/site-packages/airflow/example_dags/tutorial.py for tasks to queue
[2023-11-25T10:36:38.183+0000] {logging_mixin.py:154} INFO - [2023-11-25T10:36:38.183+0000] {dagbag.py:536} INFO - Filling up the DagBag from /home/airflow/.local/lib/python3.8/site-packages/airflow/example_dags/tutorial.py
[2023-11-25T10:36:38.190+0000] {processor.py:839} INFO - DAG(s) dict_keys(['tutorial']) retrieved from /home/airflow/.local/lib/python3.8/site-packages/airflow/example_dags/tutorial.py
[2023-11-25T10:36:38.215+0000] {logging_mixin.py:154} INFO - [2023-11-25T10:36:38.214+0000] {dag.py:2941} INFO - Sync 1 DAGs
[2023-11-25T10:36:38.244+0000] {logging_mixin.py:154} INFO - [2023-11-25T10:36:38.244+0000] {dag.py:3722} INFO - Setting next_dagrun for tutorial to 2023-11-24T10:36:38.243829+00:00, run_after=2023-11-25T10:36:38.243829+00:00
[2023-11-25T10:36:38.266+0000] {processor.py:179} INFO - Processing /home/airflow/.local/lib/python3.8/site-packages/airflow/example_dags/tutorial.py took 0.091 seconds
[2023-11-25T10:37:08.578+0000] {processor.py:157} INFO - Started process (PID=1522) to work on /home/airflow/.local/lib/python3.8/site-packages/airflow/example_dags/tutorial.py
[2023-11-25T10:37:08.579+0000] {processor.py:829} INFO - Processing file /home/airflow/.local/lib/python3.8/site-packages/airflow/example_dags/tutorial.py for tasks to queue
[2023-11-25T10:37:08.581+0000] {logging_mixin.py:154} INFO - [2023-11-25T10:37:08.581+0000] {dagbag.py:536} INFO - Filling up the DagBag from /home/airflow/.local/lib/python3.8/site-packages/airflow/example_dags/tutorial.py
[2023-11-25T10:37:08.588+0000] {processor.py:839} INFO - DAG(s) dict_keys(['tutorial']) retrieved from /home/airflow/.local/lib/python3.8/site-packages/airflow/example_dags/tutorial.py
[2023-11-25T10:37:08.738+0000] {logging_mixin.py:154} INFO - [2023-11-25T10:37:08.737+0000] {dag.py:2941} INFO - Sync 1 DAGs
[2023-11-25T10:37:08.773+0000] {logging_mixin.py:154} INFO - [2023-11-25T10:37:08.773+0000] {dag.py:3722} INFO - Setting next_dagrun for tutorial to 2023-11-24T10:37:08.772732+00:00, run_after=2023-11-25T10:37:08.772732+00:00
[2023-11-25T10:37:08.795+0000] {processor.py:179} INFO - Processing /home/airflow/.local/lib/python3.8/site-packages/airflow/example_dags/tutorial.py took 0.220 seconds
[2023-11-25T10:37:39.358+0000] {processor.py:157} INFO - Started process (PID=1576) to work on /home/airflow/.local/lib/python3.8/site-packages/airflow/example_dags/tutorial.py
[2023-11-25T10:37:39.359+0000] {processor.py:829} INFO - Processing file /home/airflow/.local/lib/python3.8/site-packages/airflow/example_dags/tutorial.py for tasks to queue
[2023-11-25T10:37:39.361+0000] {logging_mixin.py:154} INFO - [2023-11-25T10:37:39.361+0000] {dagbag.py:536} INFO - Filling up the DagBag from /home/airflow/.local/lib/python3.8/site-packages/airflow/example_dags/tutorial.py
[2023-11-25T10:37:39.366+0000] {processor.py:839} INFO - DAG(s) dict_keys(['tutorial']) retrieved from /home/airflow/.local/lib/python3.8/site-packages/airflow/example_dags/tutorial.py
[2023-11-25T10:37:39.387+0000] {logging_mixin.py:154} INFO - [2023-11-25T10:37:39.387+0000] {dag.py:2941} INFO - Sync 1 DAGs
[2023-11-25T10:37:39.421+0000] {logging_mixin.py:154} INFO - [2023-11-25T10:37:39.421+0000] {dag.py:3722} INFO - Setting next_dagrun for tutorial to 2023-11-24T10:37:39.420818+00:00, run_after=2023-11-25T10:37:39.420818+00:00
[2023-11-25T10:37:39.440+0000] {processor.py:179} INFO - Processing /home/airflow/.local/lib/python3.8/site-packages/airflow/example_dags/tutorial.py took 0.085 seconds
[2023-11-25T10:38:09.705+0000] {processor.py:157} INFO - Started process (PID=1630) to work on /home/airflow/.local/lib/python3.8/site-packages/airflow/example_dags/tutorial.py
[2023-11-25T10:38:09.706+0000] {processor.py:829} INFO - Processing file /home/airflow/.local/lib/python3.8/site-packages/airflow/example_dags/tutorial.py for tasks to queue
[2023-11-25T10:38:09.708+0000] {logging_mixin.py:154} INFO - [2023-11-25T10:38:09.708+0000] {dagbag.py:536} INFO - Filling up the DagBag from /home/airflow/.local/lib/python3.8/site-packages/airflow/example_dags/tutorial.py
[2023-11-25T10:38:09.715+0000] {processor.py:839} INFO - DAG(s) dict_keys(['tutorial']) retrieved from /home/airflow/.local/lib/python3.8/site-packages/airflow/example_dags/tutorial.py
[2023-11-25T10:38:09.742+0000] {logging_mixin.py:154} INFO - [2023-11-25T10:38:09.742+0000] {dag.py:2941} INFO - Sync 1 DAGs
[2023-11-25T10:38:09.774+0000] {logging_mixin.py:154} INFO - [2023-11-25T10:38:09.774+0000] {dag.py:3722} INFO - Setting next_dagrun for tutorial to 2023-11-24T10:38:09.773815+00:00, run_after=2023-11-25T10:38:09.773815+00:00
[2023-11-25T10:38:09.794+0000] {processor.py:179} INFO - Processing /home/airflow/.local/lib/python3.8/site-packages/airflow/example_dags/tutorial.py took 0.092 seconds
[2023-11-25T10:38:39.956+0000] {processor.py:157} INFO - Started process (PID=1684) to work on /home/airflow/.local/lib/python3.8/site-packages/airflow/example_dags/tutorial.py
[2023-11-25T10:38:39.957+0000] {processor.py:829} INFO - Processing file /home/airflow/.local/lib/python3.8/site-packages/airflow/example_dags/tutorial.py for tasks to queue
[2023-11-25T10:38:39.958+0000] {logging_mixin.py:154} INFO - [2023-11-25T10:38:39.958+0000] {dagbag.py:536} INFO - Filling up the DagBag from /home/airflow/.local/lib/python3.8/site-packages/airflow/example_dags/tutorial.py
[2023-11-25T10:38:39.964+0000] {processor.py:839} INFO - DAG(s) dict_keys(['tutorial']) retrieved from /home/airflow/.local/lib/python3.8/site-packages/airflow/example_dags/tutorial.py
[2023-11-25T10:38:39.985+0000] {logging_mixin.py:154} INFO - [2023-11-25T10:38:39.985+0000] {dag.py:2941} INFO - Sync 1 DAGs
[2023-11-25T10:38:40.005+0000] {logging_mixin.py:154} INFO - [2023-11-25T10:38:40.004+0000] {dag.py:3722} INFO - Setting next_dagrun for tutorial to 2023-11-24T10:38:40.004784+00:00, run_after=2023-11-25T10:38:40.004784+00:00
[2023-11-25T10:38:40.039+0000] {processor.py:179} INFO - Processing /home/airflow/.local/lib/python3.8/site-packages/airflow/example_dags/tutorial.py took 0.086 seconds
[2023-11-25T10:39:10.321+0000] {processor.py:157} INFO - Started process (PID=1738) to work on /home/airflow/.local/lib/python3.8/site-packages/airflow/example_dags/tutorial.py
[2023-11-25T10:39:10.322+0000] {processor.py:829} INFO - Processing file /home/airflow/.local/lib/python3.8/site-packages/airflow/example_dags/tutorial.py for tasks to queue
[2023-11-25T10:39:10.325+0000] {logging_mixin.py:154} INFO - [2023-11-25T10:39:10.325+0000] {dagbag.py:536} INFO - Filling up the DagBag from /home/airflow/.local/lib/python3.8/site-packages/airflow/example_dags/tutorial.py
[2023-11-25T10:39:10.333+0000] {processor.py:839} INFO - DAG(s) dict_keys(['tutorial']) retrieved from /home/airflow/.local/lib/python3.8/site-packages/airflow/example_dags/tutorial.py
[2023-11-25T10:39:10.363+0000] {logging_mixin.py:154} INFO - [2023-11-25T10:39:10.363+0000] {dag.py:2941} INFO - Sync 1 DAGs
[2023-11-25T10:39:10.405+0000] {logging_mixin.py:154} INFO - [2023-11-25T10:39:10.405+0000] {dag.py:3722} INFO - Setting next_dagrun for tutorial to 2023-11-24T10:39:10.404679+00:00, run_after=2023-11-25T10:39:10.404679+00:00
[2023-11-25T10:39:10.431+0000] {processor.py:179} INFO - Processing /home/airflow/.local/lib/python3.8/site-packages/airflow/example_dags/tutorial.py took 0.113 seconds
[2023-11-25T10:39:40.611+0000] {processor.py:157} INFO - Started process (PID=1792) to work on /home/airflow/.local/lib/python3.8/site-packages/airflow/example_dags/tutorial.py
[2023-11-25T10:39:40.612+0000] {processor.py:829} INFO - Processing file /home/airflow/.local/lib/python3.8/site-packages/airflow/example_dags/tutorial.py for tasks to queue
[2023-11-25T10:39:40.615+0000] {logging_mixin.py:154} INFO - [2023-11-25T10:39:40.614+0000] {dagbag.py:536} INFO - Filling up the DagBag from /home/airflow/.local/lib/python3.8/site-packages/airflow/example_dags/tutorial.py
[2023-11-25T10:39:40.622+0000] {processor.py:839} INFO - DAG(s) dict_keys(['tutorial']) retrieved from /home/airflow/.local/lib/python3.8/site-packages/airflow/example_dags/tutorial.py
[2023-11-25T10:39:40.651+0000] {logging_mixin.py:154} INFO - [2023-11-25T10:39:40.651+0000] {dag.py:2941} INFO - Sync 1 DAGs
[2023-11-25T10:39:40.686+0000] {logging_mixin.py:154} INFO - [2023-11-25T10:39:40.686+0000] {dag.py:3722} INFO - Setting next_dagrun for tutorial to 2023-11-24T10:39:40.685967+00:00, run_after=2023-11-25T10:39:40.685967+00:00
[2023-11-25T10:39:40.725+0000] {processor.py:179} INFO - Processing /home/airflow/.local/lib/python3.8/site-packages/airflow/example_dags/tutorial.py took 0.119 seconds
[2023-11-25T11:05:07.038+0000] {processor.py:157} INFO - Started process (PID=61) to work on /home/airflow/.local/lib/python3.8/site-packages/airflow/example_dags/tutorial.py
[2023-11-25T11:05:07.040+0000] {processor.py:829} INFO - Processing file /home/airflow/.local/lib/python3.8/site-packages/airflow/example_dags/tutorial.py for tasks to queue
[2023-11-25T11:05:07.045+0000] {logging_mixin.py:154} INFO - [2023-11-25T11:05:07.044+0000] {dagbag.py:536} INFO - Filling up the DagBag from /home/airflow/.local/lib/python3.8/site-packages/airflow/example_dags/tutorial.py
[2023-11-25T11:05:07.052+0000] {processor.py:839} INFO - DAG(s) dict_keys(['tutorial']) retrieved from /home/airflow/.local/lib/python3.8/site-packages/airflow/example_dags/tutorial.py
[2023-11-25T11:05:07.063+0000] {logging_mixin.py:154} INFO - [2023-11-25T11:05:07.063+0000] {dag.py:2941} INFO - Sync 1 DAGs
[2023-11-25T11:05:07.084+0000] {logging_mixin.py:154} INFO - [2023-11-25T11:05:07.084+0000] {dag.py:3722} INFO - Setting next_dagrun for tutorial to 2023-11-24T11:05:07.084367+00:00, run_after=2023-11-25T11:05:07.084367+00:00
[2023-11-25T11:05:07.110+0000] {processor.py:179} INFO - Processing /home/airflow/.local/lib/python3.8/site-packages/airflow/example_dags/tutorial.py took 0.076 seconds
[2023-11-25T11:05:37.351+0000] {processor.py:157} INFO - Started process (PID=115) to work on /home/airflow/.local/lib/python3.8/site-packages/airflow/example_dags/tutorial.py
[2023-11-25T11:05:37.353+0000] {processor.py:829} INFO - Processing file /home/airflow/.local/lib/python3.8/site-packages/airflow/example_dags/tutorial.py for tasks to queue
[2023-11-25T11:05:37.356+0000] {logging_mixin.py:154} INFO - [2023-11-25T11:05:37.355+0000] {dagbag.py:536} INFO - Filling up the DagBag from /home/airflow/.local/lib/python3.8/site-packages/airflow/example_dags/tutorial.py
[2023-11-25T11:05:37.364+0000] {processor.py:839} INFO - DAG(s) dict_keys(['tutorial']) retrieved from /home/airflow/.local/lib/python3.8/site-packages/airflow/example_dags/tutorial.py
[2023-11-25T11:05:37.392+0000] {logging_mixin.py:154} INFO - [2023-11-25T11:05:37.392+0000] {dag.py:2941} INFO - Sync 1 DAGs
[2023-11-25T11:05:37.425+0000] {logging_mixin.py:154} INFO - [2023-11-25T11:05:37.425+0000] {dag.py:3722} INFO - Setting next_dagrun for tutorial to 2023-11-24T11:05:37.424734+00:00, run_after=2023-11-25T11:05:37.424734+00:00
[2023-11-25T11:05:37.452+0000] {processor.py:179} INFO - Processing /home/airflow/.local/lib/python3.8/site-packages/airflow/example_dags/tutorial.py took 0.105 seconds
[2023-11-25T11:06:08.431+0000] {processor.py:157} INFO - Started process (PID=169) to work on /home/airflow/.local/lib/python3.8/site-packages/airflow/example_dags/tutorial.py
[2023-11-25T11:06:08.432+0000] {processor.py:829} INFO - Processing file /home/airflow/.local/lib/python3.8/site-packages/airflow/example_dags/tutorial.py for tasks to queue
[2023-11-25T11:06:08.434+0000] {logging_mixin.py:154} INFO - [2023-11-25T11:06:08.434+0000] {dagbag.py:536} INFO - Filling up the DagBag from /home/airflow/.local/lib/python3.8/site-packages/airflow/example_dags/tutorial.py
[2023-11-25T11:06:08.439+0000] {processor.py:839} INFO - DAG(s) dict_keys(['tutorial']) retrieved from /home/airflow/.local/lib/python3.8/site-packages/airflow/example_dags/tutorial.py
[2023-11-25T11:06:08.463+0000] {logging_mixin.py:154} INFO - [2023-11-25T11:06:08.463+0000] {dag.py:2941} INFO - Sync 1 DAGs
[2023-11-25T11:06:08.494+0000] {logging_mixin.py:154} INFO - [2023-11-25T11:06:08.493+0000] {dag.py:3722} INFO - Setting next_dagrun for tutorial to 2023-11-24T11:06:08.493510+00:00, run_after=2023-11-25T11:06:08.493510+00:00
[2023-11-25T11:06:08.516+0000] {processor.py:179} INFO - Processing /home/airflow/.local/lib/python3.8/site-packages/airflow/example_dags/tutorial.py took 0.088 seconds
[2023-11-25T11:07:42.946+0000] {processor.py:157} INFO - Started process (PID=61) to work on /home/airflow/.local/lib/python3.8/site-packages/airflow/example_dags/tutorial.py
[2023-11-25T11:07:42.948+0000] {processor.py:829} INFO - Processing file /home/airflow/.local/lib/python3.8/site-packages/airflow/example_dags/tutorial.py for tasks to queue
[2023-11-25T11:07:42.953+0000] {logging_mixin.py:154} INFO - [2023-11-25T11:07:42.953+0000] {dagbag.py:536} INFO - Filling up the DagBag from /home/airflow/.local/lib/python3.8/site-packages/airflow/example_dags/tutorial.py
[2023-11-25T11:07:42.964+0000] {processor.py:839} INFO - DAG(s) dict_keys(['tutorial']) retrieved from /home/airflow/.local/lib/python3.8/site-packages/airflow/example_dags/tutorial.py
[2023-11-25T11:07:42.992+0000] {logging_mixin.py:154} INFO - [2023-11-25T11:07:42.992+0000] {dag.py:2941} INFO - Sync 1 DAGs
[2023-11-25T11:07:43.030+0000] {logging_mixin.py:154} INFO - [2023-11-25T11:07:43.030+0000] {dag.py:3722} INFO - Setting next_dagrun for tutorial to 2023-11-24T11:07:43.029768+00:00, run_after=2023-11-25T11:07:43.029768+00:00
[2023-11-25T11:07:43.066+0000] {processor.py:179} INFO - Processing /home/airflow/.local/lib/python3.8/site-packages/airflow/example_dags/tutorial.py took 0.126 seconds
[2023-11-25T11:08:13.762+0000] {processor.py:157} INFO - Started process (PID=115) to work on /home/airflow/.local/lib/python3.8/site-packages/airflow/example_dags/tutorial.py
[2023-11-25T11:08:13.763+0000] {processor.py:829} INFO - Processing file /home/airflow/.local/lib/python3.8/site-packages/airflow/example_dags/tutorial.py for tasks to queue
[2023-11-25T11:08:13.764+0000] {logging_mixin.py:154} INFO - [2023-11-25T11:08:13.764+0000] {dagbag.py:536} INFO - Filling up the DagBag from /home/airflow/.local/lib/python3.8/site-packages/airflow/example_dags/tutorial.py
[2023-11-25T11:08:13.769+0000] {processor.py:839} INFO - DAG(s) dict_keys(['tutorial']) retrieved from /home/airflow/.local/lib/python3.8/site-packages/airflow/example_dags/tutorial.py
[2023-11-25T11:08:13.789+0000] {logging_mixin.py:154} INFO - [2023-11-25T11:08:13.788+0000] {dag.py:2941} INFO - Sync 1 DAGs
[2023-11-25T11:08:13.814+0000] {logging_mixin.py:154} INFO - [2023-11-25T11:08:13.814+0000] {dag.py:3722} INFO - Setting next_dagrun for tutorial to 2023-11-24T11:08:13.814616+00:00, run_after=2023-11-25T11:08:13.814616+00:00
[2023-11-25T11:08:13.836+0000] {processor.py:179} INFO - Processing /home/airflow/.local/lib/python3.8/site-packages/airflow/example_dags/tutorial.py took 0.077 seconds
[2023-11-25T11:08:44.587+0000] {processor.py:157} INFO - Started process (PID=169) to work on /home/airflow/.local/lib/python3.8/site-packages/airflow/example_dags/tutorial.py
[2023-11-25T11:08:44.588+0000] {processor.py:829} INFO - Processing file /home/airflow/.local/lib/python3.8/site-packages/airflow/example_dags/tutorial.py for tasks to queue
[2023-11-25T11:08:44.591+0000] {logging_mixin.py:154} INFO - [2023-11-25T11:08:44.591+0000] {dagbag.py:536} INFO - Filling up the DagBag from /home/airflow/.local/lib/python3.8/site-packages/airflow/example_dags/tutorial.py
[2023-11-25T11:08:44.596+0000] {processor.py:839} INFO - DAG(s) dict_keys(['tutorial']) retrieved from /home/airflow/.local/lib/python3.8/site-packages/airflow/example_dags/tutorial.py
[2023-11-25T11:08:44.620+0000] {logging_mixin.py:154} INFO - [2023-11-25T11:08:44.619+0000] {dag.py:2941} INFO - Sync 1 DAGs
[2023-11-25T11:08:44.649+0000] {logging_mixin.py:154} INFO - [2023-11-25T11:08:44.649+0000] {dag.py:3722} INFO - Setting next_dagrun for tutorial to 2023-11-24T11:08:44.649302+00:00, run_after=2023-11-25T11:08:44.649302+00:00
[2023-11-25T11:08:44.687+0000] {processor.py:179} INFO - Processing /home/airflow/.local/lib/python3.8/site-packages/airflow/example_dags/tutorial.py took 0.105 seconds
[2023-11-25T11:09:15.224+0000] {processor.py:157} INFO - Started process (PID=222) to work on /home/airflow/.local/lib/python3.8/site-packages/airflow/example_dags/tutorial.py
[2023-11-25T11:09:15.227+0000] {processor.py:829} INFO - Processing file /home/airflow/.local/lib/python3.8/site-packages/airflow/example_dags/tutorial.py for tasks to queue
[2023-11-25T11:09:15.229+0000] {logging_mixin.py:154} INFO - [2023-11-25T11:09:15.229+0000] {dagbag.py:536} INFO - Filling up the DagBag from /home/airflow/.local/lib/python3.8/site-packages/airflow/example_dags/tutorial.py
[2023-11-25T11:09:15.237+0000] {processor.py:839} INFO - DAG(s) dict_keys(['tutorial']) retrieved from /home/airflow/.local/lib/python3.8/site-packages/airflow/example_dags/tutorial.py
[2023-11-25T11:09:15.262+0000] {logging_mixin.py:154} INFO - [2023-11-25T11:09:15.262+0000] {dag.py:2941} INFO - Sync 1 DAGs
[2023-11-25T11:09:15.283+0000] {logging_mixin.py:154} INFO - [2023-11-25T11:09:15.283+0000] {dag.py:3722} INFO - Setting next_dagrun for tutorial to 2023-11-24T11:09:15.283134+00:00, run_after=2023-11-25T11:09:15.283134+00:00
[2023-11-25T11:09:15.307+0000] {processor.py:179} INFO - Processing /home/airflow/.local/lib/python3.8/site-packages/airflow/example_dags/tutorial.py took 0.086 seconds
[2023-11-25T11:09:46.073+0000] {processor.py:157} INFO - Started process (PID=276) to work on /home/airflow/.local/lib/python3.8/site-packages/airflow/example_dags/tutorial.py
[2023-11-25T11:09:46.074+0000] {processor.py:829} INFO - Processing file /home/airflow/.local/lib/python3.8/site-packages/airflow/example_dags/tutorial.py for tasks to queue
[2023-11-25T11:09:46.076+0000] {logging_mixin.py:154} INFO - [2023-11-25T11:09:46.076+0000] {dagbag.py:536} INFO - Filling up the DagBag from /home/airflow/.local/lib/python3.8/site-packages/airflow/example_dags/tutorial.py
[2023-11-25T11:09:46.084+0000] {processor.py:839} INFO - DAG(s) dict_keys(['tutorial']) retrieved from /home/airflow/.local/lib/python3.8/site-packages/airflow/example_dags/tutorial.py
[2023-11-25T11:09:46.103+0000] {logging_mixin.py:154} INFO - [2023-11-25T11:09:46.103+0000] {dag.py:2941} INFO - Sync 1 DAGs
[2023-11-25T11:09:46.125+0000] {logging_mixin.py:154} INFO - [2023-11-25T11:09:46.125+0000] {dag.py:3722} INFO - Setting next_dagrun for tutorial to 2023-11-24T11:09:46.125306+00:00, run_after=2023-11-25T11:09:46.125306+00:00
[2023-11-25T11:09:46.155+0000] {processor.py:179} INFO - Processing /home/airflow/.local/lib/python3.8/site-packages/airflow/example_dags/tutorial.py took 0.087 seconds
[2023-11-25T11:10:17.080+0000] {processor.py:157} INFO - Started process (PID=330) to work on /home/airflow/.local/lib/python3.8/site-packages/airflow/example_dags/tutorial.py
[2023-11-25T11:10:17.081+0000] {processor.py:829} INFO - Processing file /home/airflow/.local/lib/python3.8/site-packages/airflow/example_dags/tutorial.py for tasks to queue
[2023-11-25T11:10:17.084+0000] {logging_mixin.py:154} INFO - [2023-11-25T11:10:17.083+0000] {dagbag.py:536} INFO - Filling up the DagBag from /home/airflow/.local/lib/python3.8/site-packages/airflow/example_dags/tutorial.py
[2023-11-25T11:10:17.090+0000] {processor.py:839} INFO - DAG(s) dict_keys(['tutorial']) retrieved from /home/airflow/.local/lib/python3.8/site-packages/airflow/example_dags/tutorial.py
[2023-11-25T11:10:17.111+0000] {logging_mixin.py:154} INFO - [2023-11-25T11:10:17.111+0000] {dag.py:2941} INFO - Sync 1 DAGs
[2023-11-25T11:10:17.132+0000] {logging_mixin.py:154} INFO - [2023-11-25T11:10:17.132+0000] {dag.py:3722} INFO - Setting next_dagrun for tutorial to 2023-11-24T11:10:17.132140+00:00, run_after=2023-11-25T11:10:17.132140+00:00
[2023-11-25T11:10:17.150+0000] {processor.py:179} INFO - Processing /home/airflow/.local/lib/python3.8/site-packages/airflow/example_dags/tutorial.py took 0.073 seconds
[2023-11-25T11:10:47.470+0000] {processor.py:157} INFO - Started process (PID=385) to work on /home/airflow/.local/lib/python3.8/site-packages/airflow/example_dags/tutorial.py
[2023-11-25T11:10:47.471+0000] {processor.py:829} INFO - Processing file /home/airflow/.local/lib/python3.8/site-packages/airflow/example_dags/tutorial.py for tasks to queue
[2023-11-25T11:10:47.474+0000] {logging_mixin.py:154} INFO - [2023-11-25T11:10:47.473+0000] {dagbag.py:536} INFO - Filling up the DagBag from /home/airflow/.local/lib/python3.8/site-packages/airflow/example_dags/tutorial.py
[2023-11-25T11:10:47.480+0000] {processor.py:839} INFO - DAG(s) dict_keys(['tutorial']) retrieved from /home/airflow/.local/lib/python3.8/site-packages/airflow/example_dags/tutorial.py
[2023-11-25T11:10:47.501+0000] {logging_mixin.py:154} INFO - [2023-11-25T11:10:47.500+0000] {dag.py:2941} INFO - Sync 1 DAGs
[2023-11-25T11:10:47.529+0000] {logging_mixin.py:154} INFO - [2023-11-25T11:10:47.529+0000] {dag.py:3722} INFO - Setting next_dagrun for tutorial to 2023-11-24T11:10:47.529171+00:00, run_after=2023-11-25T11:10:47.529171+00:00
[2023-11-25T11:10:47.547+0000] {processor.py:179} INFO - Processing /home/airflow/.local/lib/python3.8/site-packages/airflow/example_dags/tutorial.py took 0.082 seconds
[2023-11-25T11:11:17.672+0000] {processor.py:157} INFO - Started process (PID=439) to work on /home/airflow/.local/lib/python3.8/site-packages/airflow/example_dags/tutorial.py
[2023-11-25T11:11:17.673+0000] {processor.py:829} INFO - Processing file /home/airflow/.local/lib/python3.8/site-packages/airflow/example_dags/tutorial.py for tasks to queue
[2023-11-25T11:11:17.675+0000] {logging_mixin.py:154} INFO - [2023-11-25T11:11:17.675+0000] {dagbag.py:536} INFO - Filling up the DagBag from /home/airflow/.local/lib/python3.8/site-packages/airflow/example_dags/tutorial.py
[2023-11-25T11:11:17.681+0000] {processor.py:839} INFO - DAG(s) dict_keys(['tutorial']) retrieved from /home/airflow/.local/lib/python3.8/site-packages/airflow/example_dags/tutorial.py
[2023-11-25T11:11:17.705+0000] {logging_mixin.py:154} INFO - [2023-11-25T11:11:17.705+0000] {dag.py:2941} INFO - Sync 1 DAGs
[2023-11-25T11:11:17.734+0000] {logging_mixin.py:154} INFO - [2023-11-25T11:11:17.734+0000] {dag.py:3722} INFO - Setting next_dagrun for tutorial to 2023-11-24T11:11:17.734198+00:00, run_after=2023-11-25T11:11:17.734198+00:00
[2023-11-25T11:11:17.775+0000] {processor.py:179} INFO - Processing /home/airflow/.local/lib/python3.8/site-packages/airflow/example_dags/tutorial.py took 0.106 seconds
[2023-11-25T11:11:47.882+0000] {processor.py:157} INFO - Started process (PID=493) to work on /home/airflow/.local/lib/python3.8/site-packages/airflow/example_dags/tutorial.py
[2023-11-25T11:11:47.883+0000] {processor.py:829} INFO - Processing file /home/airflow/.local/lib/python3.8/site-packages/airflow/example_dags/tutorial.py for tasks to queue
[2023-11-25T11:11:47.884+0000] {logging_mixin.py:154} INFO - [2023-11-25T11:11:47.884+0000] {dagbag.py:536} INFO - Filling up the DagBag from /home/airflow/.local/lib/python3.8/site-packages/airflow/example_dags/tutorial.py
[2023-11-25T11:11:47.889+0000] {processor.py:839} INFO - DAG(s) dict_keys(['tutorial']) retrieved from /home/airflow/.local/lib/python3.8/site-packages/airflow/example_dags/tutorial.py
[2023-11-25T11:11:47.910+0000] {logging_mixin.py:154} INFO - [2023-11-25T11:11:47.909+0000] {dag.py:2941} INFO - Sync 1 DAGs
[2023-11-25T11:11:47.931+0000] {logging_mixin.py:154} INFO - [2023-11-25T11:11:47.931+0000] {dag.py:3722} INFO - Setting next_dagrun for tutorial to 2023-11-24T11:11:47.931124+00:00, run_after=2023-11-25T11:11:47.931124+00:00
[2023-11-25T11:11:47.973+0000] {processor.py:179} INFO - Processing /home/airflow/.local/lib/python3.8/site-packages/airflow/example_dags/tutorial.py took 0.094 seconds
[2023-11-25T11:12:19.215+0000] {processor.py:157} INFO - Started process (PID=554) to work on /home/airflow/.local/lib/python3.8/site-packages/airflow/example_dags/tutorial.py
[2023-11-25T11:12:19.216+0000] {processor.py:829} INFO - Processing file /home/airflow/.local/lib/python3.8/site-packages/airflow/example_dags/tutorial.py for tasks to queue
[2023-11-25T11:12:19.218+0000] {logging_mixin.py:154} INFO - [2023-11-25T11:12:19.217+0000] {dagbag.py:536} INFO - Filling up the DagBag from /home/airflow/.local/lib/python3.8/site-packages/airflow/example_dags/tutorial.py
[2023-11-25T11:12:19.224+0000] {processor.py:839} INFO - DAG(s) dict_keys(['tutorial']) retrieved from /home/airflow/.local/lib/python3.8/site-packages/airflow/example_dags/tutorial.py
[2023-11-25T11:12:19.257+0000] {logging_mixin.py:154} INFO - [2023-11-25T11:12:19.257+0000] {dag.py:2941} INFO - Sync 1 DAGs
[2023-11-25T11:12:19.290+0000] {logging_mixin.py:154} INFO - [2023-11-25T11:12:19.289+0000] {dag.py:3722} INFO - Setting next_dagrun for tutorial to 2023-11-24T11:12:19.289786+00:00, run_after=2023-11-25T11:12:19.289786+00:00
[2023-11-25T11:12:19.309+0000] {processor.py:179} INFO - Processing /home/airflow/.local/lib/python3.8/site-packages/airflow/example_dags/tutorial.py took 0.097 seconds
[2023-11-25T11:12:49.677+0000] {processor.py:157} INFO - Started process (PID=608) to work on /home/airflow/.local/lib/python3.8/site-packages/airflow/example_dags/tutorial.py
[2023-11-25T11:12:49.678+0000] {processor.py:829} INFO - Processing file /home/airflow/.local/lib/python3.8/site-packages/airflow/example_dags/tutorial.py for tasks to queue
[2023-11-25T11:12:49.680+0000] {logging_mixin.py:154} INFO - [2023-11-25T11:12:49.680+0000] {dagbag.py:536} INFO - Filling up the DagBag from /home/airflow/.local/lib/python3.8/site-packages/airflow/example_dags/tutorial.py
[2023-11-25T11:12:49.687+0000] {processor.py:839} INFO - DAG(s) dict_keys(['tutorial']) retrieved from /home/airflow/.local/lib/python3.8/site-packages/airflow/example_dags/tutorial.py
[2023-11-25T11:12:49.707+0000] {logging_mixin.py:154} INFO - [2023-11-25T11:12:49.707+0000] {dag.py:2941} INFO - Sync 1 DAGs
[2023-11-25T11:12:49.732+0000] {logging_mixin.py:154} INFO - [2023-11-25T11:12:49.732+0000] {dag.py:3722} INFO - Setting next_dagrun for tutorial to 2023-11-24T11:12:49.732216+00:00, run_after=2023-11-25T11:12:49.732216+00:00
[2023-11-25T11:12:49.755+0000] {processor.py:179} INFO - Processing /home/airflow/.local/lib/python3.8/site-packages/airflow/example_dags/tutorial.py took 0.081 seconds
